-- The C compiler identification is GNU 13.3.0
-- The CXX compiler identification is GNU 13.3.0
-- Detecting C compiler ABI info
-- Detecting C compiler ABI info - done
-- Check for working C compiler: /usr/bin/cc - skipped
-- Detecting C compile features
-- Detecting C compile features - done
-- Detecting CXX compiler ABI info
-- Detecting CXX compiler ABI info - done
-- Check for working CXX compiler: /usr/bin/c++ - skipped
-- Detecting CXX compile features
-- Detecting CXX compile features - done
-- Found ament_cmake: 2.5.5 (/opt/ros/jazzy/share/ament_cmake/cmake)
-- Found Python3: /usr/bin/python3 (found version "3.12.3") found components: Interpreter 
-- Override CMake install command with custom implementation using symlinks instead of copying resources
-- Performing Test CMAKE_HAVE_LIBC_PTHREAD
-- Performing Test CMAKE_HAVE_LIBC_PTHREAD - Success
-- Found Threads: TRUE  
-- Found franka_hardware: 0.0.0 (/home/herring/rzddzy/install/franka_hardware/share/franka_hardware/cmake)
-- Found rosidl_generator_c: 4.6.7 (/opt/ros/jazzy/share/rosidl_generator_c/cmake)
-- Found rosidl_generator_cpp: 4.6.7 (/opt/ros/jazzy/share/rosidl_generator_cpp/cmake)
-- Using all available rosidl_typesupport_c: rosidl_typesupport_fastrtps_c;rosidl_typesupport_introspection_c
-- Using all available rosidl_typesupport_cpp: rosidl_typesupport_fastrtps_cpp;rosidl_typesupport_introspection_cpp
-- Found TinyXML2 via Config file: /usr/lib/x86_64-linux-gnu/cmake/tinyxml2
-- Found rmw_implementation_cmake: 7.3.3 (/opt/ros/jazzy/share/rmw_implementation_cmake/cmake)
-- Found rmw_fastrtps_cpp: 8.4.3 (/opt/ros/jazzy/share/rmw_fastrtps_cpp/cmake)
-- Found TinyXML2 via Config file: /usr/lib/x86_64-linux-gnu/cmake/tinyxml2
-- Found OpenSSL: /usr/lib/x86_64-linux-gnu/libcrypto.so (found version "3.0.13")  
-- Found TinyXML2 via Config file: /usr/lib/x86_64-linux-gnu/cmake/tinyxml2
-- Found FastRTPS: /opt/ros/jazzy/include (Required is at least version "2.13") 
-- Found TinyXML2 via Config file: /usr/lib/x86_64-linux-gnu/cmake/tinyxml2
-- Found TinyXML2 via Config file: /usr/lib/x86_64-linux-gnu/cmake/tinyxml2
-- Using RMW implementation 'rmw_fastrtps_cpp' as default
-- Setting yaml-cpp_DIR to: '/opt/ros/jazzy/share/yaml_cpp_vendor/cmake/../../../opt/yaml_cpp_vendor/share/cmake/yaml-cpp'
-- Found eigen3_cmake_module: 0.3.0 (/opt/ros/jazzy/share/eigen3_cmake_module/cmake)
-- Found Eigen3: TRUE (found version "3.4.0") 
-- Ensuring Eigen3 include directory is part of orocos-kdl CMake target
-- Found franka_msgs: 0.0.0 (/home/herring/rzddzy/install/franka_msgs/share/franka_msgs/cmake)
-- Found ament_lint_auto: 0.17.4 (/opt/ros/jazzy/share/ament_lint_auto/cmake)
-- Added test 'copyright' to check source files copyright and LICENSE
-- Added test 'cppcheck' to perform static code analysis on C / C++ code
-- Configured cppcheck include dirs: /home/herring/rzddzy/ros2_ws/src/franka_semantic_components/include
-- Configured cppcheck exclude dirs and/or files: 
-- Added test 'lint_cmake' to check CMake code style
-- Added test 'xmllint' to check XML markup files
-- Configuring done (1.2s)
-- Generating done (0.0s)
-- Build files have been written to: /home/herring/rzddzy/build/franka_semantic_components
[ 33%] [32mBuilding CXX object CMakeFiles/franka_semantic_components.dir/src/franka_robot_model.cpp.o[0m
[ 66%] [32mBuilding CXX object CMakeFiles/franka_semantic_components.dir/src/franka_robot_state.cpp.o[0m
[100%] [32m[1mLinking CXX shared library libfranka_semantic_components.so[0m
[100%] Built target franka_semantic_components
-- Install configuration: ""
-- Execute custom install script
-- Symlinking: /home/herring/rzddzy/install/franka_semantic_components/lib/libfranka_semantic_components.so
-- Symlinking: /home/herring/rzddzy/install/franka_semantic_components/include/franka_semantic_components/franka_robot_model.hpp
-- Symlinking: /home/herring/rzddzy/install/franka_semantic_components/include/franka_semantic_components/franka_robot_state.hpp
-- Symlinking: /home/herring/rzddzy/install/franka_semantic_components/share/franka_semantic_components/environment/library_path.sh
-- Symlinking: /home/herring/rzddzy/install/franka_semantic_components/share/franka_semantic_components/environment/library_path.dsv
-- Symlinking: /home/herring/rzddzy/install/franka_semantic_components/share/ament_index/resource_index/package_run_dependencies/franka_semantic_components
-- Symlinking: /home/herring/rzddzy/install/franka_semantic_components/share/ament_index/resource_index/parent_prefix_path/franka_semantic_components
-- Symlinking: /home/herring/rzddzy/install/franka_semantic_components/share/franka_semantic_components/environment/ament_prefix_path.sh
-- Symlinking: /home/herring/rzddzy/install/franka_semantic_components/share/franka_semantic_components/environment/ament_prefix_path.dsv
-- Symlinking: /home/herring/rzddzy/install/franka_semantic_components/share/franka_semantic_components/environment/path.sh
-- Symlinking: /home/herring/rzddzy/install/franka_semantic_components/share/franka_semantic_components/environment/path.dsv
-- Symlinking: /home/herring/rzddzy/install/franka_semantic_components/share/franka_semantic_components/local_setup.bash
-- Symlinking: /home/herring/rzddzy/install/franka_semantic_components/share/franka_semantic_components/local_setup.sh
-- Symlinking: /home/herring/rzddzy/install/franka_semantic_components/share/franka_semantic_components/local_setup.zsh
-- Symlinking: /home/herring/rzddzy/install/franka_semantic_components/share/franka_semantic_components/local_setup.dsv
-- Symlinking: /home/herring/rzddzy/install/franka_semantic_components/share/franka_semantic_components/package.dsv
-- Symlinking: /home/herring/rzddzy/install/franka_semantic_components/share/ament_index/resource_index/packages/franka_semantic_components
-- Symlinking: /home/herring/rzddzy/install/franka_semantic_components/share/franka_semantic_components/cmake/ament_cmake_export_include_directories-extras.cmake
-- Symlinking: /home/herring/rzddzy/install/franka_semantic_components/share/franka_semantic_components/cmake/ament_cmake_export_libraries-extras.cmake
-- Symlinking: /home/herring/rzddzy/install/franka_semantic_components/share/franka_semantic_components/cmake/ament_cmake_export_dependencies-extras.cmake
-- Symlinking: /home/herring/rzddzy/install/franka_semantic_components/share/franka_semantic_components/cmake/franka_semantic_componentsConfig.cmake
-- Symlinking: /home/herring/rzddzy/install/franka_semantic_components/share/franka_semantic_components/cmake/franka_semantic_componentsConfig-version.cmake
-- Symlinking: /home/herring/rzddzy/install/franka_semantic_components/share/franka_semantic_components/package.xml
