-- The C compiler identification is GNU 13.3.0
-- The CXX compiler identification is GNU 13.3.0
-- Detecting C compiler ABI info
-- Detecting C compiler ABI info - done
-- Check for working C compiler: /usr/bin/cc - skipped
-- Detecting C compile features
-- Detecting C compile features - done
-- Detecting CXX compiler ABI info
-- Detecting CXX compiler ABI info - done
-- Check for working CXX compiler: /usr/bin/c++ - skipped
-- Detecting CXX compile features
-- Detecting CXX compile features - done
-- Found ament_cmake: 2.5.5 (/opt/ros/jazzy/share/ament_cmake/cmake)
-- Found Python3: /usr/bin/python3 (found version "3.12.3") found components: Interpreter 
-- Override CMake install command with custom implementation using symlinks instead of copying resources
WARNING: Metapackage "mujoco_ros_pkgs" should not have other dependencies besides a buildtool_depend on catkin and exec_depends.
-- Configuring done (0.8s)
-- Generating done (0.0s)
[33mCMake Warning:
  Manually-specified variables were not used by the project:

    MUJOCO_DIR

[0m
-- Build files have been written to: /home/herring/rzddzy/ros2_ws/build/mujoco_ros_pkgs
-- Install configuration: ""
-- Execute custom install script
-- Symlinking: /home/herring/rzddzy/ros2_ws/install/mujoco_ros_pkgs/share/ament_index/resource_index/package_run_dependencies/mujoco_ros_pkgs
-- Symlinking: /home/herring/rzddzy/ros2_ws/install/mujoco_ros_pkgs/share/ament_index/resource_index/parent_prefix_path/mujoco_ros_pkgs
-- Symlinking: /home/herring/rzddzy/ros2_ws/install/mujoco_ros_pkgs/share/mujoco_ros_pkgs/environment/ament_prefix_path.sh
-- Symlinking: /home/herring/rzddzy/ros2_ws/install/mujoco_ros_pkgs/share/mujoco_ros_pkgs/environment/ament_prefix_path.dsv
-- Symlinking: /home/herring/rzddzy/ros2_ws/install/mujoco_ros_pkgs/share/mujoco_ros_pkgs/environment/path.sh
-- Symlinking: /home/herring/rzddzy/ros2_ws/install/mujoco_ros_pkgs/share/mujoco_ros_pkgs/environment/path.dsv
-- Symlinking: /home/herring/rzddzy/ros2_ws/install/mujoco_ros_pkgs/share/mujoco_ros_pkgs/local_setup.bash
-- Symlinking: /home/herring/rzddzy/ros2_ws/install/mujoco_ros_pkgs/share/mujoco_ros_pkgs/local_setup.sh
-- Symlinking: /home/herring/rzddzy/ros2_ws/install/mujoco_ros_pkgs/share/mujoco_ros_pkgs/local_setup.zsh
-- Symlinking: /home/herring/rzddzy/ros2_ws/install/mujoco_ros_pkgs/share/mujoco_ros_pkgs/local_setup.dsv
-- Symlinking: /home/herring/rzddzy/ros2_ws/install/mujoco_ros_pkgs/share/mujoco_ros_pkgs/package.dsv
-- Symlinking: /home/herring/rzddzy/ros2_ws/install/mujoco_ros_pkgs/share/ament_index/resource_index/packages/mujoco_ros_pkgs
-- Symlinking: /home/herring/rzddzy/ros2_ws/install/mujoco_ros_pkgs/share/mujoco_ros_pkgs/cmake/mujoco_ros_pkgsConfig.cmake
-- Symlinking: /home/herring/rzddzy/ros2_ws/install/mujoco_ros_pkgs/share/mujoco_ros_pkgs/cmake/mujoco_ros_pkgsConfig-version.cmake
-- Symlinking: /home/herring/rzddzy/ros2_ws/install/mujoco_ros_pkgs/share/mujoco_ros_pkgs/package.xml
