[0.010s] Invoking command in '/home/herring/rzddzy/ros2_ws/build/mujoco_ros': CMAKE_PREFIX_PATH=/home/herring/rzddzy/ros2_ws/install/mujoco_ros_msgs:/home/herring/rzddzy/ros2_ws/install/panda_motion_generators:/home/herring/rzddzy/ros2_ws/install/panda_motion_generator_msgs:/home/herring/rzddzy/ros2_ws/install/franka_bringup:/home/herring/rzddzy/ros2_ws/install/multi_mode_controller_impl:/home/herring/rzddzy/ros2_ws/install/multi_mode_controller:/home/herring/rzddzy/ros2_ws/install/franka_example_controllers:/home/herring/rzddzy/ros2_ws/install/multi_mode_control_msgs:/home/herring/rzddzy/ros2_ws/install/mujoco_ros_pkgs:/home/herring/rzddzy/ros2_ws/install/mujoco_ros2_sensors:/home/herring/rzddzy/ros2_ws/install/mujoco_ros2_dummy_plugin:/home/herring/rzddzy/ros2_ws/install/mujoco_ros2_control_system:/home/herring/rzddzy/ros2_ws/install/franka_robot_state_broadcaster:/home/herring/rzddzy/ros2_ws/install/franka_semantic_components:/home/herring/rzddzy/ros2_ws/install/franka_hardware:/home/herring/rzddzy/ros2_ws/install/mujoco_ros2_control:/home/herring/rzddzy/ros2_ws/install/mujoco_ros:/home/herring/rzddzy/ros2_ws/install/franka_msgs:/home/herring/rzddzy/ros2_ws/install/franka_description:/home/herring/rzddzy/ros2_ws/install/controller:/home/herring/rzddzy/ros2_ws/install/cplus_dev:/opt/ros/jazzy/opt/sdformat_vendor:/opt/ros/jazzy/opt/gz_math_vendor:/opt/ros/jazzy/opt/gz_utils_vendor:/opt/ros/jazzy/opt/gz_tools_vendor:/opt/ros/jazzy/opt/gz_cmake_vendor:/opt/ros/jazzy DEBUGINFOD_URLS=https://debuginfod.ubuntu.com LD_LIBRARY_PATH=/home/herring/rzddzy/ros2_ws/install/mujoco_ros_msgs/lib:/home/herring/rzddzy/ros2_ws/install/panda_motion_generators/lib:/home/herring/rzddzy/ros2_ws/install/panda_motion_generator_msgs/lib:/home/herring/rzddzy/ros2_ws/install/multi_mode_controller_impl/lib:/home/herring/rzddzy/ros2_ws/install/multi_mode_controller/lib:/home/herring/rzddzy/ros2_ws/install/franka_example_controllers/lib:/home/herring/rzddzy/ros2_ws/install/multi_mode_control_msgs/lib:/home/herring/rzddzy/ros2_ws/install/mujoco_ros2_sensors/lib:/home/herring/rzddzy/ros2_ws/install/mujoco_ros2_dummy_plugin/lib:/home/herring/rzddzy/ros2_ws/install/mujoco_ros2_control_system/lib:/home/herring/rzddzy/ros2_ws/install/franka_robot_state_broadcaster/lib:/home/herring/rzddzy/ros2_ws/install/franka_semantic_components/lib:/home/herring/rzddzy/ros2_ws/install/franka_hardware/lib:/home/herring/rzddzy/ros2_ws/install/mujoco_ros2_control/lib:/home/herring/rzddzy/ros2_ws/install/mujoco_ros/lib:/home/herring/rzddzy/ros2_ws/install/franka_msgs/lib:/home/herring/rzddzy/ros2_ws/install/cplus_dev/lib:/opt/ros/jazzy/opt/sdformat_vendor/lib:/opt/ros/jazzy/opt/rviz_ogre_vendor/lib:/opt/ros/jazzy/lib/x86_64-linux-gnu:/opt/ros/jazzy/opt/gz_math_vendor/lib:/opt/ros/jazzy/opt/gz_utils_vendor/lib:/opt/ros/jazzy/opt/gz_tools_vendor/lib:/opt/ros/jazzy/opt/gz_cmake_vendor/lib:/opt/ros/jazzy/lib PYTHONPATH=/home/herring/rzddzy/ros2_ws/install/mujoco_ros_msgs/lib/python3.12/site-packages:/home/herring/rzddzy/ros2_ws/install/panda_motion_generator_msgs/lib/python3.12/site-packages:/home/herring/rzddzy/ros2_ws/install/multi_mode_control_msgs/lib/python3.12/site-packages:/home/herring/rzddzy/ros2_ws/install/franka_msgs/lib/python3.12/site-packages:/opt/ros/jazzy/lib/python3.12/site-packages /usr/bin/cmake --build /home/herring/rzddzy/ros2_ws/build/mujoco_ros -- -j28 -l28
[0.051s] [  5%] Built target lodepng
[0.052s] [ 10%] [34m[1mGenerating include/mujoco_ros/render_backend.hpp, always_rebuild_backend[0m
[0.052s] [ 15%] [34m[1mGenerating include/mujoco_ros/ros_version.hpp, always_rebuild_ros[0m
[0.070s] [ 20%] [34m[1mGenerating ROS version header[0m
[0.073s] [ 25%] [34m[1mGenerating render backend header[0m
[0.078s] [ 25%] Built target ros_version_h
[0.079s] [ 25%] Built target render_backend_h
[0.137s] [ 30%] [32mBuilding CXX object src/CMakeFiles/mujoco_ros.dir/main.cpp.o[0m
[0.142s] [ 45%] [32mBuilding CXX object src/CMakeFiles/mujoco_ros.dir/ros_two/parameter_interface.cpp.o[0m
[0.142s] [ 45%] [32mBuilding CXX object src/CMakeFiles/mujoco_ros.dir/ros_two/ros_api.cpp.o[0m
[0.142s] [ 45%] [32mBuilding CXX object src/CMakeFiles/mujoco_ros.dir/mujoco_env.cpp.o[0m
[0.142s] [ 50%] [32mBuilding CXX object src/CMakeFiles/mujoco_ros.dir/interface.cpp.o[0m
[0.143s] [ 55%] [32mBuilding CXX object src/CMakeFiles/mujoco_ros.dir/ros_two/plugin_utils.cpp.o[0m
[0.144s] [ 60%] [32mBuilding CXX object src/CMakeFiles/mujoco_ros.dir/physics.cpp.o[0m
[0.145s] [ 65%] [32mBuilding CXX object src/CMakeFiles/mujoco_ros.dir/threading.cpp.o[0m
[0.146s] [ 70%] [32mBuilding CXX object src/CMakeFiles/mujoco_ros.dir/loading.cpp.o[0m
[0.147s] [ 75%] [32mBuilding CXX object src/CMakeFiles/mujoco_ros.dir/offscreen_rendering.cpp.o[0m
[0.149s] [ 80%] [32mBuilding CXX object src/CMakeFiles/mujoco_ros.dir/offscreen_camera.cpp.o[0m
[0.150s] [ 85%] [32mBuilding CXX object src/CMakeFiles/mujoco_ros.dir/viewer.cpp.o[0m
[15.856s] [ 90%] [32m[1mLinking CXX shared library libmujoco_ros.so[0m
[15.942s] [ 90%] Built target mujoco_ros
[15.977s] [ 95%] [32mBuilding CXX object src/CMakeFiles/mujoco_node.dir/main.cpp.o[0m
[18.896s] [100%] [32m[1mLinking CXX executable mujoco_node[0m
[18.948s] [100%] Built target mujoco_node
[18.955s] Invoked command in '/home/herring/rzddzy/ros2_ws/build/mujoco_ros' returned '0': CMAKE_PREFIX_PATH=/home/herring/rzddzy/ros2_ws/install/mujoco_ros_msgs:/home/herring/rzddzy/ros2_ws/install/panda_motion_generators:/home/herring/rzddzy/ros2_ws/install/panda_motion_generator_msgs:/home/herring/rzddzy/ros2_ws/install/franka_bringup:/home/herring/rzddzy/ros2_ws/install/multi_mode_controller_impl:/home/herring/rzddzy/ros2_ws/install/multi_mode_controller:/home/herring/rzddzy/ros2_ws/install/franka_example_controllers:/home/herring/rzddzy/ros2_ws/install/multi_mode_control_msgs:/home/herring/rzddzy/ros2_ws/install/mujoco_ros_pkgs:/home/herring/rzddzy/ros2_ws/install/mujoco_ros2_sensors:/home/herring/rzddzy/ros2_ws/install/mujoco_ros2_dummy_plugin:/home/herring/rzddzy/ros2_ws/install/mujoco_ros2_control_system:/home/herring/rzddzy/ros2_ws/install/franka_robot_state_broadcaster:/home/herring/rzddzy/ros2_ws/install/franka_semantic_components:/home/herring/rzddzy/ros2_ws/install/franka_hardware:/home/herring/rzddzy/ros2_ws/install/mujoco_ros2_control:/home/herring/rzddzy/ros2_ws/install/mujoco_ros:/home/herring/rzddzy/ros2_ws/install/franka_msgs:/home/herring/rzddzy/ros2_ws/install/franka_description:/home/herring/rzddzy/ros2_ws/install/controller:/home/herring/rzddzy/ros2_ws/install/cplus_dev:/opt/ros/jazzy/opt/sdformat_vendor:/opt/ros/jazzy/opt/gz_math_vendor:/opt/ros/jazzy/opt/gz_utils_vendor:/opt/ros/jazzy/opt/gz_tools_vendor:/opt/ros/jazzy/opt/gz_cmake_vendor:/opt/ros/jazzy DEBUGINFOD_URLS=https://debuginfod.ubuntu.com LD_LIBRARY_PATH=/home/herring/rzddzy/ros2_ws/install/mujoco_ros_msgs/lib:/home/herring/rzddzy/ros2_ws/install/panda_motion_generators/lib:/home/herring/rzddzy/ros2_ws/install/panda_motion_generator_msgs/lib:/home/herring/rzddzy/ros2_ws/install/multi_mode_controller_impl/lib:/home/herring/rzddzy/ros2_ws/install/multi_mode_controller/lib:/home/herring/rzddzy/ros2_ws/install/franka_example_controllers/lib:/home/herring/rzddzy/ros2_ws/install/multi_mode_control_msgs/lib:/home/herring/rzddzy/ros2_ws/install/mujoco_ros2_sensors/lib:/home/herring/rzddzy/ros2_ws/install/mujoco_ros2_dummy_plugin/lib:/home/herring/rzddzy/ros2_ws/install/mujoco_ros2_control_system/lib:/home/herring/rzddzy/ros2_ws/install/franka_robot_state_broadcaster/lib:/home/herring/rzddzy/ros2_ws/install/franka_semantic_components/lib:/home/herring/rzddzy/ros2_ws/install/franka_hardware/lib:/home/herring/rzddzy/ros2_ws/install/mujoco_ros2_control/lib:/home/herring/rzddzy/ros2_ws/install/mujoco_ros/lib:/home/herring/rzddzy/ros2_ws/install/franka_msgs/lib:/home/herring/rzddzy/ros2_ws/install/cplus_dev/lib:/opt/ros/jazzy/opt/sdformat_vendor/lib:/opt/ros/jazzy/opt/rviz_ogre_vendor/lib:/opt/ros/jazzy/lib/x86_64-linux-gnu:/opt/ros/jazzy/opt/gz_math_vendor/lib:/opt/ros/jazzy/opt/gz_utils_vendor/lib:/opt/ros/jazzy/opt/gz_tools_vendor/lib:/opt/ros/jazzy/opt/gz_cmake_vendor/lib:/opt/ros/jazzy/lib PYTHONPATH=/home/herring/rzddzy/ros2_ws/install/mujoco_ros_msgs/lib/python3.12/site-packages:/home/herring/rzddzy/ros2_ws/install/panda_motion_generator_msgs/lib/python3.12/site-packages:/home/herring/rzddzy/ros2_ws/install/multi_mode_control_msgs/lib/python3.12/site-packages:/home/herring/rzddzy/ros2_ws/install/franka_msgs/lib/python3.12/site-packages:/opt/ros/jazzy/lib/python3.12/site-packages /usr/bin/cmake --build /home/herring/rzddzy/ros2_ws/build/mujoco_ros -- -j28 -l28
[18.962s] Invoking command in '/home/herring/rzddzy/ros2_ws/build/mujoco_ros': CMAKE_PREFIX_PATH=/home/herring/rzddzy/ros2_ws/install/mujoco_ros_msgs:/home/herring/rzddzy/ros2_ws/install/panda_motion_generators:/home/herring/rzddzy/ros2_ws/install/panda_motion_generator_msgs:/home/herring/rzddzy/ros2_ws/install/franka_bringup:/home/herring/rzddzy/ros2_ws/install/multi_mode_controller_impl:/home/herring/rzddzy/ros2_ws/install/multi_mode_controller:/home/herring/rzddzy/ros2_ws/install/franka_example_controllers:/home/herring/rzddzy/ros2_ws/install/multi_mode_control_msgs:/home/herring/rzddzy/ros2_ws/install/mujoco_ros_pkgs:/home/herring/rzddzy/ros2_ws/install/mujoco_ros2_sensors:/home/herring/rzddzy/ros2_ws/install/mujoco_ros2_dummy_plugin:/home/herring/rzddzy/ros2_ws/install/mujoco_ros2_control_system:/home/herring/rzddzy/ros2_ws/install/franka_robot_state_broadcaster:/home/herring/rzddzy/ros2_ws/install/franka_semantic_components:/home/herring/rzddzy/ros2_ws/install/franka_hardware:/home/herring/rzddzy/ros2_ws/install/mujoco_ros2_control:/home/herring/rzddzy/ros2_ws/install/mujoco_ros:/home/herring/rzddzy/ros2_ws/install/franka_msgs:/home/herring/rzddzy/ros2_ws/install/franka_description:/home/herring/rzddzy/ros2_ws/install/controller:/home/herring/rzddzy/ros2_ws/install/cplus_dev:/opt/ros/jazzy/opt/sdformat_vendor:/opt/ros/jazzy/opt/gz_math_vendor:/opt/ros/jazzy/opt/gz_utils_vendor:/opt/ros/jazzy/opt/gz_tools_vendor:/opt/ros/jazzy/opt/gz_cmake_vendor:/opt/ros/jazzy DEBUGINFOD_URLS=https://debuginfod.ubuntu.com LD_LIBRARY_PATH=/home/herring/rzddzy/ros2_ws/install/mujoco_ros_msgs/lib:/home/herring/rzddzy/ros2_ws/install/panda_motion_generators/lib:/home/herring/rzddzy/ros2_ws/install/panda_motion_generator_msgs/lib:/home/herring/rzddzy/ros2_ws/install/multi_mode_controller_impl/lib:/home/herring/rzddzy/ros2_ws/install/multi_mode_controller/lib:/home/herring/rzddzy/ros2_ws/install/franka_example_controllers/lib:/home/herring/rzddzy/ros2_ws/install/multi_mode_control_msgs/lib:/home/herring/rzddzy/ros2_ws/install/mujoco_ros2_sensors/lib:/home/herring/rzddzy/ros2_ws/install/mujoco_ros2_dummy_plugin/lib:/home/herring/rzddzy/ros2_ws/install/mujoco_ros2_control_system/lib:/home/herring/rzddzy/ros2_ws/install/franka_robot_state_broadcaster/lib:/home/herring/rzddzy/ros2_ws/install/franka_semantic_components/lib:/home/herring/rzddzy/ros2_ws/install/franka_hardware/lib:/home/herring/rzddzy/ros2_ws/install/mujoco_ros2_control/lib:/home/herring/rzddzy/ros2_ws/install/mujoco_ros/lib:/home/herring/rzddzy/ros2_ws/install/franka_msgs/lib:/home/herring/rzddzy/ros2_ws/install/cplus_dev/lib:/opt/ros/jazzy/opt/sdformat_vendor/lib:/opt/ros/jazzy/opt/rviz_ogre_vendor/lib:/opt/ros/jazzy/lib/x86_64-linux-gnu:/opt/ros/jazzy/opt/gz_math_vendor/lib:/opt/ros/jazzy/opt/gz_utils_vendor/lib:/opt/ros/jazzy/opt/gz_tools_vendor/lib:/opt/ros/jazzy/opt/gz_cmake_vendor/lib:/opt/ros/jazzy/lib PYTHONPATH=/home/herring/rzddzy/ros2_ws/install/mujoco_ros_msgs/lib/python3.12/site-packages:/home/herring/rzddzy/ros2_ws/install/panda_motion_generator_msgs/lib/python3.12/site-packages:/home/herring/rzddzy/ros2_ws/install/multi_mode_control_msgs/lib/python3.12/site-packages:/home/herring/rzddzy/ros2_ws/install/franka_msgs/lib/python3.12/site-packages:/opt/ros/jazzy/lib/python3.12/site-packages /usr/bin/cmake --install /home/herring/rzddzy/ros2_ws/build/mujoco_ros
[18.967s] -- Install configuration: "Release"
[18.967s] -- Execute custom install script
[18.967s] -- Up-to-date symlink: /home/herring/rzddzy/ros2_ws/install/mujoco_ros/include/mujoco_ros/render_backend.hpp
[18.967s] -- Up-to-date symlink: /home/herring/rzddzy/ros2_ws/install/mujoco_ros/include/mujoco_ros/ros_version.hpp
[18.968s] -- Up-to-date symlink: /home/herring/rzddzy/ros2_ws/install/mujoco_ros/include//mujoco_ros/array_safety.h
[18.968s] -- Up-to-date symlink: /home/herring/rzddzy/ros2_ws/install/mujoco_ros/include//mujoco_ros/common_types.hpp
[18.968s] -- Up-to-date symlink: /home/herring/rzddzy/ros2_ws/install/mujoco_ros/include//mujoco_ros/glfw_adapter.h
[18.968s] -- Up-to-date symlink: /home/herring/rzddzy/ros2_ws/install/mujoco_ros/include//mujoco_ros/glfw_dispatch.h
[18.968s] -- Up-to-date symlink: /home/herring/rzddzy/ros2_ws/install/mujoco_ros/include//mujoco_ros/lodepng.h
[18.968s] -- Up-to-date symlink: /home/herring/rzddzy/ros2_ws/install/mujoco_ros/include//mujoco_ros/logging.hpp
[18.968s] -- Up-to-date symlink: /home/herring/rzddzy/ros2_ws/install/mujoco_ros/include//mujoco_ros/mujoco_env.hpp
[18.968s] -- Up-to-date symlink: /home/herring/rzddzy/ros2_ws/install/mujoco_ros/include//mujoco_ros/offscreen_camera.hpp
[18.968s] -- Up-to-date symlink: /home/herring/rzddzy/ros2_ws/install/mujoco_ros/include//mujoco_ros/platform_ui_adapter.h
[18.968s] -- Up-to-date symlink: /home/herring/rzddzy/ros2_ws/install/mujoco_ros/include//mujoco_ros/ros_one/plugin_utils.hpp
[18.969s] -- Up-to-date symlink: /home/herring/rzddzy/ros2_ws/install/mujoco_ros/include//mujoco_ros/ros_one/ros_api.hpp
[18.969s] -- Up-to-date symlink: /home/herring/rzddzy/ros2_ws/install/mujoco_ros/include//mujoco_ros/ros_two/plugin_utils.hpp
[18.969s] -- Up-to-date symlink: /home/herring/rzddzy/ros2_ws/install/mujoco_ros/include//mujoco_ros/ros_two/ros_api.hpp
[18.969s] -- Up-to-date symlink: /home/herring/rzddzy/ros2_ws/install/mujoco_ros/include//mujoco_ros/util.hpp
[18.969s] -- Up-to-date symlink: /home/herring/rzddzy/ros2_ws/install/mujoco_ros/include//mujoco_ros/viewer.hpp
[18.969s] -- Up-to-date symlink: /home/herring/rzddzy/ros2_ws/install/mujoco_ros/share/mujoco_ros/launch/launch_server.launch
[18.969s] -- Up-to-date symlink: /home/herring/rzddzy/ros2_ws/install/mujoco_ros/share/mujoco_ros/config/initial_joint_states.yaml
[18.969s] -- Up-to-date symlink: /home/herring/rzddzy/ros2_ws/install/mujoco_ros/share/mujoco_ros/config/rosconsole.config
[18.969s] -- Up-to-date symlink: /home/herring/rzddzy/ros2_ws/install/mujoco_ros/share/mujoco_ros/assets/pendulum_world.xml
[18.969s] -- Up-to-date symlink: /home/herring/rzddzy/ros2_ws/install/mujoco_ros/lib/mujoco_ros/mujoco_node
[18.969s] -- Up-to-date symlink: /home/herring/rzddzy/ros2_ws/install/mujoco_ros/share/ament_index/resource_index/package_run_dependencies/mujoco_ros
[18.969s] -- Up-to-date symlink: /home/herring/rzddzy/ros2_ws/install/mujoco_ros/share/ament_index/resource_index/parent_prefix_path/mujoco_ros
[18.969s] -- Up-to-date symlink: /home/herring/rzddzy/ros2_ws/install/mujoco_ros/share/mujoco_ros/environment/ament_prefix_path.sh
[18.970s] -- Up-to-date symlink: /home/herring/rzddzy/ros2_ws/install/mujoco_ros/share/mujoco_ros/environment/ament_prefix_path.dsv
[18.970s] -- Up-to-date symlink: /home/herring/rzddzy/ros2_ws/install/mujoco_ros/share/mujoco_ros/environment/path.sh
[18.970s] -- Up-to-date symlink: /home/herring/rzddzy/ros2_ws/install/mujoco_ros/share/mujoco_ros/environment/path.dsv
[18.970s] -- Up-to-date symlink: /home/herring/rzddzy/ros2_ws/install/mujoco_ros/share/mujoco_ros/local_setup.bash
[18.970s] -- Up-to-date symlink: /home/herring/rzddzy/ros2_ws/install/mujoco_ros/share/mujoco_ros/local_setup.sh
[18.970s] -- Up-to-date symlink: /home/herring/rzddzy/ros2_ws/install/mujoco_ros/share/mujoco_ros/local_setup.zsh
[18.970s] -- Up-to-date symlink: /home/herring/rzddzy/ros2_ws/install/mujoco_ros/share/mujoco_ros/local_setup.dsv
[18.970s] -- Symlinking: /home/herring/rzddzy/ros2_ws/install/mujoco_ros/share/mujoco_ros/package.dsv
[18.976s] -- Up-to-date symlink: /home/herring/rzddzy/ros2_ws/install/mujoco_ros/share/ament_index/resource_index/packages/mujoco_ros
[18.976s] -- Up-to-date symlink: /home/herring/rzddzy/ros2_ws/install/mujoco_ros/share/mujoco_ros/cmake/ament_cmake_export_include_directories-extras.cmake
[18.976s] -- Up-to-date symlink: /home/herring/rzddzy/ros2_ws/install/mujoco_ros/share/mujoco_ros/cmake/ament_cmake_export_dependencies-extras.cmake
[18.976s] -- Up-to-date symlink: /home/herring/rzddzy/ros2_ws/install/mujoco_ros/share/mujoco_ros/cmake/mujoco_rosConfig.cmake
[18.976s] -- Up-to-date symlink: /home/herring/rzddzy/ros2_ws/install/mujoco_ros/share/mujoco_ros/cmake/mujoco_rosConfig-version.cmake
[18.976s] -- Up-to-date symlink: /home/herring/rzddzy/ros2_ws/install/mujoco_ros/share/mujoco_ros/package.xml
[18.976s] -- Installing: /home/herring/rzddzy/ros2_ws/install/mujoco_ros/lib/libmujoco_ros.so
[18.978s] -- Set non-toolchain portion of runtime path of "/home/herring/rzddzy/ros2_ws/install/mujoco_ros/lib/libmujoco_ros.so" to ""
[18.980s] Invoked command in '/home/herring/rzddzy/ros2_ws/build/mujoco_ros' returned '0': CMAKE_PREFIX_PATH=/home/herring/rzddzy/ros2_ws/install/mujoco_ros_msgs:/home/herring/rzddzy/ros2_ws/install/panda_motion_generators:/home/herring/rzddzy/ros2_ws/install/panda_motion_generator_msgs:/home/herring/rzddzy/ros2_ws/install/franka_bringup:/home/herring/rzddzy/ros2_ws/install/multi_mode_controller_impl:/home/herring/rzddzy/ros2_ws/install/multi_mode_controller:/home/herring/rzddzy/ros2_ws/install/franka_example_controllers:/home/herring/rzddzy/ros2_ws/install/multi_mode_control_msgs:/home/herring/rzddzy/ros2_ws/install/mujoco_ros_pkgs:/home/herring/rzddzy/ros2_ws/install/mujoco_ros2_sensors:/home/herring/rzddzy/ros2_ws/install/mujoco_ros2_dummy_plugin:/home/herring/rzddzy/ros2_ws/install/mujoco_ros2_control_system:/home/herring/rzddzy/ros2_ws/install/franka_robot_state_broadcaster:/home/herring/rzddzy/ros2_ws/install/franka_semantic_components:/home/herring/rzddzy/ros2_ws/install/franka_hardware:/home/herring/rzddzy/ros2_ws/install/mujoco_ros2_control:/home/herring/rzddzy/ros2_ws/install/mujoco_ros:/home/herring/rzddzy/ros2_ws/install/franka_msgs:/home/herring/rzddzy/ros2_ws/install/franka_description:/home/herring/rzddzy/ros2_ws/install/controller:/home/herring/rzddzy/ros2_ws/install/cplus_dev:/opt/ros/jazzy/opt/sdformat_vendor:/opt/ros/jazzy/opt/gz_math_vendor:/opt/ros/jazzy/opt/gz_utils_vendor:/opt/ros/jazzy/opt/gz_tools_vendor:/opt/ros/jazzy/opt/gz_cmake_vendor:/opt/ros/jazzy DEBUGINFOD_URLS=https://debuginfod.ubuntu.com LD_LIBRARY_PATH=/home/herring/rzddzy/ros2_ws/install/mujoco_ros_msgs/lib:/home/herring/rzddzy/ros2_ws/install/panda_motion_generators/lib:/home/herring/rzddzy/ros2_ws/install/panda_motion_generator_msgs/lib:/home/herring/rzddzy/ros2_ws/install/multi_mode_controller_impl/lib:/home/herring/rzddzy/ros2_ws/install/multi_mode_controller/lib:/home/herring/rzddzy/ros2_ws/install/franka_example_controllers/lib:/home/herring/rzddzy/ros2_ws/install/multi_mode_control_msgs/lib:/home/herring/rzddzy/ros2_ws/install/mujoco_ros2_sensors/lib:/home/herring/rzddzy/ros2_ws/install/mujoco_ros2_dummy_plugin/lib:/home/herring/rzddzy/ros2_ws/install/mujoco_ros2_control_system/lib:/home/herring/rzddzy/ros2_ws/install/franka_robot_state_broadcaster/lib:/home/herring/rzddzy/ros2_ws/install/franka_semantic_components/lib:/home/herring/rzddzy/ros2_ws/install/franka_hardware/lib:/home/herring/rzddzy/ros2_ws/install/mujoco_ros2_control/lib:/home/herring/rzddzy/ros2_ws/install/mujoco_ros/lib:/home/herring/rzddzy/ros2_ws/install/franka_msgs/lib:/home/herring/rzddzy/ros2_ws/install/cplus_dev/lib:/opt/ros/jazzy/opt/sdformat_vendor/lib:/opt/ros/jazzy/opt/rviz_ogre_vendor/lib:/opt/ros/jazzy/lib/x86_64-linux-gnu:/opt/ros/jazzy/opt/gz_math_vendor/lib:/opt/ros/jazzy/opt/gz_utils_vendor/lib:/opt/ros/jazzy/opt/gz_tools_vendor/lib:/opt/ros/jazzy/opt/gz_cmake_vendor/lib:/opt/ros/jazzy/lib PYTHONPATH=/home/herring/rzddzy/ros2_ws/install/mujoco_ros_msgs/lib/python3.12/site-packages:/home/herring/rzddzy/ros2_ws/install/panda_motion_generator_msgs/lib/python3.12/site-packages:/home/herring/rzddzy/ros2_ws/install/multi_mode_control_msgs/lib/python3.12/site-packages:/home/herring/rzddzy/ros2_ws/install/franka_msgs/lib/python3.12/site-packages:/opt/ros/jazzy/lib/python3.12/site-packages /usr/bin/cmake --install /home/herring/rzddzy/ros2_ws/build/mujoco_ros
