[0.008s] Invoking command in '/home/herring/rzddzy/ros2_ws/build/mujoco_ros_pkgs': AMENT_PREFIX_PATH=/home/herring/rzddzy/ros2_ws/install/mujoco_ros:/home/herring/rzddzy/ros2_ws/install/mujoco_ros_msgs:${AMENT_PREFIX_PATH} CMAKE_PREFIX_PATH=/home/herring/rzddzy/ros2_ws/install/mujoco_ros:/home/herring/rzddzy/ros2_ws/install/mujoco_ros_msgs:/opt/ros/jazzy/opt/sdformat_vendor:/opt/ros/jazzy/opt/gz_math_vendor:/opt/ros/jazzy/opt/gz_utils_vendor:/opt/ros/jazzy/opt/gz_tools_vendor:/opt/ros/jazzy/opt/gz_cmake_vendor:/opt/ros/jazzy DEBUGINFOD_URLS=https://debuginfod.ubuntu.com LD_LIBRARY_PATH=/home/herring/rzddzy/ros2_ws/install/mujoco_ros/lib:/home/herring/rzddzy/ros2_ws/install/mujoco_ros_msgs/lib:${LD_LIBRARY_PATH} PYTHONPATH=/home/herring/rzddzy/ros2_ws/install/mujoco_ros_msgs/lib/python3.12/site-packages:${PYTHONPATH} /usr/bin/cmake /home/herring/rzddzy/ros2_ws/src/mujoco_ros_pkgs/mujoco_ros_pkgs -DAMENT_CMAKE_SYMLINK_INSTALL=1 -DCMAKE_INSTALL_PREFIX=/home/herring/rzddzy/ros2_ws/install/mujoco_ros_pkgs
[0.019s] -- Found ament_cmake: 2.5.5 (/opt/ros/jazzy/share/ament_cmake/cmake)
[0.174s] -- Override CMake install command with custom implementation using symlinks instead of copying resources
[0.218s] WARNING: Metapackage "mujoco_ros_pkgs" should not have other dependencies besides a buildtool_depend on catkin and exec_depends.
[0.230s] -- Configuring done (0.2s)
[0.232s] -- Generating done (0.0s)
[0.233s] -- Build files have been written to: /home/herring/rzddzy/ros2_ws/build/mujoco_ros_pkgs
[0.234s] Invoked command in '/home/herring/rzddzy/ros2_ws/build/mujoco_ros_pkgs' returned '0': AMENT_PREFIX_PATH=/home/herring/rzddzy/ros2_ws/install/mujoco_ros:/home/herring/rzddzy/ros2_ws/install/mujoco_ros_msgs:${AMENT_PREFIX_PATH} CMAKE_PREFIX_PATH=/home/herring/rzddzy/ros2_ws/install/mujoco_ros:/home/herring/rzddzy/ros2_ws/install/mujoco_ros_msgs:/opt/ros/jazzy/opt/sdformat_vendor:/opt/ros/jazzy/opt/gz_math_vendor:/opt/ros/jazzy/opt/gz_utils_vendor:/opt/ros/jazzy/opt/gz_tools_vendor:/opt/ros/jazzy/opt/gz_cmake_vendor:/opt/ros/jazzy DEBUGINFOD_URLS=https://debuginfod.ubuntu.com LD_LIBRARY_PATH=/home/herring/rzddzy/ros2_ws/install/mujoco_ros/lib:/home/herring/rzddzy/ros2_ws/install/mujoco_ros_msgs/lib:${LD_LIBRARY_PATH} PYTHONPATH=/home/herring/rzddzy/ros2_ws/install/mujoco_ros_msgs/lib/python3.12/site-packages:${PYTHONPATH} /usr/bin/cmake /home/herring/rzddzy/ros2_ws/src/mujoco_ros_pkgs/mujoco_ros_pkgs -DAMENT_CMAKE_SYMLINK_INSTALL=1 -DCMAKE_INSTALL_PREFIX=/home/herring/rzddzy/ros2_ws/install/mujoco_ros_pkgs
[0.235s] Invoking command in '/home/herring/rzddzy/ros2_ws/build/mujoco_ros_pkgs': AMENT_PREFIX_PATH=/home/herring/rzddzy/ros2_ws/install/mujoco_ros:/home/herring/rzddzy/ros2_ws/install/mujoco_ros_msgs:${AMENT_PREFIX_PATH} CMAKE_PREFIX_PATH=/home/herring/rzddzy/ros2_ws/install/mujoco_ros:/home/herring/rzddzy/ros2_ws/install/mujoco_ros_msgs:/opt/ros/jazzy/opt/sdformat_vendor:/opt/ros/jazzy/opt/gz_math_vendor:/opt/ros/jazzy/opt/gz_utils_vendor:/opt/ros/jazzy/opt/gz_tools_vendor:/opt/ros/jazzy/opt/gz_cmake_vendor:/opt/ros/jazzy DEBUGINFOD_URLS=https://debuginfod.ubuntu.com LD_LIBRARY_PATH=/home/herring/rzddzy/ros2_ws/install/mujoco_ros/lib:/home/herring/rzddzy/ros2_ws/install/mujoco_ros_msgs/lib:${LD_LIBRARY_PATH} PYTHONPATH=/home/herring/rzddzy/ros2_ws/install/mujoco_ros_msgs/lib/python3.12/site-packages:${PYTHONPATH} /usr/bin/cmake --build /home/herring/rzddzy/ros2_ws/build/mujoco_ros_pkgs -- -j28 -l28
[0.266s] Invoked command in '/home/herring/rzddzy/ros2_ws/build/mujoco_ros_pkgs' returned '0': AMENT_PREFIX_PATH=/home/herring/rzddzy/ros2_ws/install/mujoco_ros:/home/herring/rzddzy/ros2_ws/install/mujoco_ros_msgs:${AMENT_PREFIX_PATH} CMAKE_PREFIX_PATH=/home/herring/rzddzy/ros2_ws/install/mujoco_ros:/home/herring/rzddzy/ros2_ws/install/mujoco_ros_msgs:/opt/ros/jazzy/opt/sdformat_vendor:/opt/ros/jazzy/opt/gz_math_vendor:/opt/ros/jazzy/opt/gz_utils_vendor:/opt/ros/jazzy/opt/gz_tools_vendor:/opt/ros/jazzy/opt/gz_cmake_vendor:/opt/ros/jazzy DEBUGINFOD_URLS=https://debuginfod.ubuntu.com LD_LIBRARY_PATH=/home/herring/rzddzy/ros2_ws/install/mujoco_ros/lib:/home/herring/rzddzy/ros2_ws/install/mujoco_ros_msgs/lib:${LD_LIBRARY_PATH} PYTHONPATH=/home/herring/rzddzy/ros2_ws/install/mujoco_ros_msgs/lib/python3.12/site-packages:${PYTHONPATH} /usr/bin/cmake --build /home/herring/rzddzy/ros2_ws/build/mujoco_ros_pkgs -- -j28 -l28
[0.267s] Invoking command in '/home/herring/rzddzy/ros2_ws/build/mujoco_ros_pkgs': AMENT_PREFIX_PATH=/home/herring/rzddzy/ros2_ws/install/mujoco_ros:/home/herring/rzddzy/ros2_ws/install/mujoco_ros_msgs:${AMENT_PREFIX_PATH} CMAKE_PREFIX_PATH=/home/herring/rzddzy/ros2_ws/install/mujoco_ros:/home/herring/rzddzy/ros2_ws/install/mujoco_ros_msgs:/opt/ros/jazzy/opt/sdformat_vendor:/opt/ros/jazzy/opt/gz_math_vendor:/opt/ros/jazzy/opt/gz_utils_vendor:/opt/ros/jazzy/opt/gz_tools_vendor:/opt/ros/jazzy/opt/gz_cmake_vendor:/opt/ros/jazzy DEBUGINFOD_URLS=https://debuginfod.ubuntu.com LD_LIBRARY_PATH=/home/herring/rzddzy/ros2_ws/install/mujoco_ros/lib:/home/herring/rzddzy/ros2_ws/install/mujoco_ros_msgs/lib:${LD_LIBRARY_PATH} PYTHONPATH=/home/herring/rzddzy/ros2_ws/install/mujoco_ros_msgs/lib/python3.12/site-packages:${PYTHONPATH} /usr/bin/cmake --install /home/herring/rzddzy/ros2_ws/build/mujoco_ros_pkgs
[0.272s] -- Install configuration: ""
[0.272s] -- Execute custom install script
[0.272s] -- Up-to-date symlink: /home/herring/rzddzy/ros2_ws/install/mujoco_ros_pkgs/share/ament_index/resource_index/package_run_dependencies/mujoco_ros_pkgs
[0.273s] -- Up-to-date symlink: /home/herring/rzddzy/ros2_ws/install/mujoco_ros_pkgs/share/ament_index/resource_index/parent_prefix_path/mujoco_ros_pkgs
[0.273s] -- Up-to-date symlink: /home/herring/rzddzy/ros2_ws/install/mujoco_ros_pkgs/share/mujoco_ros_pkgs/environment/ament_prefix_path.sh
[0.273s] -- Up-to-date symlink: /home/herring/rzddzy/ros2_ws/install/mujoco_ros_pkgs/share/mujoco_ros_pkgs/environment/ament_prefix_path.dsv
[0.273s] -- Up-to-date symlink: /home/herring/rzddzy/ros2_ws/install/mujoco_ros_pkgs/share/mujoco_ros_pkgs/environment/path.sh
[0.273s] -- Up-to-date symlink: /home/herring/rzddzy/ros2_ws/install/mujoco_ros_pkgs/share/mujoco_ros_pkgs/environment/path.dsv
[0.273s] -- Up-to-date symlink: /home/herring/rzddzy/ros2_ws/install/mujoco_ros_pkgs/share/mujoco_ros_pkgs/local_setup.bash
[0.273s] -- Up-to-date symlink: /home/herring/rzddzy/ros2_ws/install/mujoco_ros_pkgs/share/mujoco_ros_pkgs/local_setup.sh
[0.273s] -- Up-to-date symlink: /home/herring/rzddzy/ros2_ws/install/mujoco_ros_pkgs/share/mujoco_ros_pkgs/local_setup.zsh
[0.273s] -- Up-to-date symlink: /home/herring/rzddzy/ros2_ws/install/mujoco_ros_pkgs/share/mujoco_ros_pkgs/local_setup.dsv
[0.273s] -- Symlinking: /home/herring/rzddzy/ros2_ws/install/mujoco_ros_pkgs/share/mujoco_ros_pkgs/package.dsv
[0.280s] -- Up-to-date symlink: /home/herring/rzddzy/ros2_ws/install/mujoco_ros_pkgs/share/ament_index/resource_index/packages/mujoco_ros_pkgs
[0.281s] -- Up-to-date symlink: /home/herring/rzddzy/ros2_ws/install/mujoco_ros_pkgs/share/mujoco_ros_pkgs/cmake/mujoco_ros_pkgsConfig.cmake
[0.281s] -- Up-to-date symlink: /home/herring/rzddzy/ros2_ws/install/mujoco_ros_pkgs/share/mujoco_ros_pkgs/cmake/mujoco_ros_pkgsConfig-version.cmake
[0.281s] -- Up-to-date symlink: /home/herring/rzddzy/ros2_ws/install/mujoco_ros_pkgs/share/mujoco_ros_pkgs/package.xml
[0.282s] Invoked command in '/home/herring/rzddzy/ros2_ws/build/mujoco_ros_pkgs' returned '0': AMENT_PREFIX_PATH=/home/herring/rzddzy/ros2_ws/install/mujoco_ros:/home/herring/rzddzy/ros2_ws/install/mujoco_ros_msgs:${AMENT_PREFIX_PATH} CMAKE_PREFIX_PATH=/home/herring/rzddzy/ros2_ws/install/mujoco_ros:/home/herring/rzddzy/ros2_ws/install/mujoco_ros_msgs:/opt/ros/jazzy/opt/sdformat_vendor:/opt/ros/jazzy/opt/gz_math_vendor:/opt/ros/jazzy/opt/gz_utils_vendor:/opt/ros/jazzy/opt/gz_tools_vendor:/opt/ros/jazzy/opt/gz_cmake_vendor:/opt/ros/jazzy DEBUGINFOD_URLS=https://debuginfod.ubuntu.com LD_LIBRARY_PATH=/home/herring/rzddzy/ros2_ws/install/mujoco_ros/lib:/home/herring/rzddzy/ros2_ws/install/mujoco_ros_msgs/lib:${LD_LIBRARY_PATH} PYTHONPATH=/home/herring/rzddzy/ros2_ws/install/mujoco_ros_msgs/lib/python3.12/site-packages:${PYTHONPATH} /usr/bin/cmake --install /home/herring/rzddzy/ros2_ws/build/mujoco_ros_pkgs
