[0.018s] Invoking command in '/home/herring/rzddzy/build/franka_example_controllers': AMENT_PREFIX_PATH=/home/herring/rzddzy/install/franka_semantic_components:/home/herring/rzddzy/install/franka_hardware:/home/herring/rzddzy/install/mujoco_ros2_control:/home/herring/rzddzy/install/multi_mode_control_msgs:/home/herring/rzddzy/install/mujoco_ros:/home/herring/rzddzy/install/mujoco_ros_msgs:/home/herring/rzddzy/install/franka_msgs:${AMENT_PREFIX_PATH} CMAKE_PREFIX_PATH=/home/herring/rzddzy/install/franka_semantic_components:/home/herring/rzddzy/install/franka_hardware:/home/herring/rzddzy/install/mujoco_ros2_control:/home/herring/rzddzy/install/multi_mode_control_msgs:/home/herring/rzddzy/install/mujoco_ros:/home/herring/rzddzy/install/mujoco_ros_msgs:/home/herring/rzddzy/install/franka_msgs:/opt/ros/jazzy/opt/sdformat_vendor:/opt/ros/jazzy/opt/gz_math_vendor:/opt/ros/jazzy/opt/gz_utils_vendor:/opt/ros/jazzy/opt/gz_tools_vendor:/opt/ros/jazzy/opt/gz_cmake_vendor:/opt/ros/jazzy DEBUGINFOD_URLS=https://debuginfod.ubuntu.com LD_LIBRARY_PATH=/home/herring/rzddzy/install/franka_semantic_components/lib:/home/herring/rzddzy/install/franka_hardware/lib:/home/herring/rzddzy/install/mujoco_ros2_control/lib:/home/herring/rzddzy/install/multi_mode_control_msgs/lib:/home/herring/rzddzy/install/mujoco_ros/lib:/home/herring/rzddzy/install/mujoco_ros_msgs/lib:/home/herring/rzddzy/install/franka_msgs/lib:${LD_LIBRARY_PATH} PYTHONPATH=/home/herring/rzddzy/install/multi_mode_control_msgs/lib/python3.12/site-packages:/home/herring/rzddzy/install/mujoco_ros_msgs/lib/python3.12/site-packages:/home/herring/rzddzy/install/franka_msgs/lib/python3.12/site-packages:${PYTHONPATH} /usr/bin/cmake --build /home/herring/rzddzy/build/franka_example_controllers -- -j28 -l28
[0.070s] [ 12%] Built target franka_example_controllers_parameters
[0.112s] [ 18%] [32m[1mLinking CXX shared library libfranka_example_controllers.so[0m
[0.968s] [100%] Built target franka_example_controllers
[0.978s] Invoked command in '/home/herring/rzddzy/build/franka_example_controllers' returned '0': AMENT_PREFIX_PATH=/home/herring/rzddzy/install/franka_semantic_components:/home/herring/rzddzy/install/franka_hardware:/home/herring/rzddzy/install/mujoco_ros2_control:/home/herring/rzddzy/install/multi_mode_control_msgs:/home/herring/rzddzy/install/mujoco_ros:/home/herring/rzddzy/install/mujoco_ros_msgs:/home/herring/rzddzy/install/franka_msgs:${AMENT_PREFIX_PATH} CMAKE_PREFIX_PATH=/home/herring/rzddzy/install/franka_semantic_components:/home/herring/rzddzy/install/franka_hardware:/home/herring/rzddzy/install/mujoco_ros2_control:/home/herring/rzddzy/install/multi_mode_control_msgs:/home/herring/rzddzy/install/mujoco_ros:/home/herring/rzddzy/install/mujoco_ros_msgs:/home/herring/rzddzy/install/franka_msgs:/opt/ros/jazzy/opt/sdformat_vendor:/opt/ros/jazzy/opt/gz_math_vendor:/opt/ros/jazzy/opt/gz_utils_vendor:/opt/ros/jazzy/opt/gz_tools_vendor:/opt/ros/jazzy/opt/gz_cmake_vendor:/opt/ros/jazzy DEBUGINFOD_URLS=https://debuginfod.ubuntu.com LD_LIBRARY_PATH=/home/herring/rzddzy/install/franka_semantic_components/lib:/home/herring/rzddzy/install/franka_hardware/lib:/home/herring/rzddzy/install/mujoco_ros2_control/lib:/home/herring/rzddzy/install/multi_mode_control_msgs/lib:/home/herring/rzddzy/install/mujoco_ros/lib:/home/herring/rzddzy/install/mujoco_ros_msgs/lib:/home/herring/rzddzy/install/franka_msgs/lib:${LD_LIBRARY_PATH} PYTHONPATH=/home/herring/rzddzy/install/multi_mode_control_msgs/lib/python3.12/site-packages:/home/herring/rzddzy/install/mujoco_ros_msgs/lib/python3.12/site-packages:/home/herring/rzddzy/install/franka_msgs/lib/python3.12/site-packages:${PYTHONPATH} /usr/bin/cmake --build /home/herring/rzddzy/build/franka_example_controllers -- -j28 -l28
[0.979s] Invoking command in '/home/herring/rzddzy/build/franka_example_controllers': AMENT_PREFIX_PATH=/home/herring/rzddzy/install/franka_semantic_components:/home/herring/rzddzy/install/franka_hardware:/home/herring/rzddzy/install/mujoco_ros2_control:/home/herring/rzddzy/install/multi_mode_control_msgs:/home/herring/rzddzy/install/mujoco_ros:/home/herring/rzddzy/install/mujoco_ros_msgs:/home/herring/rzddzy/install/franka_msgs:${AMENT_PREFIX_PATH} CMAKE_PREFIX_PATH=/home/herring/rzddzy/install/franka_semantic_components:/home/herring/rzddzy/install/franka_hardware:/home/herring/rzddzy/install/mujoco_ros2_control:/home/herring/rzddzy/install/multi_mode_control_msgs:/home/herring/rzddzy/install/mujoco_ros:/home/herring/rzddzy/install/mujoco_ros_msgs:/home/herring/rzddzy/install/franka_msgs:/opt/ros/jazzy/opt/sdformat_vendor:/opt/ros/jazzy/opt/gz_math_vendor:/opt/ros/jazzy/opt/gz_utils_vendor:/opt/ros/jazzy/opt/gz_tools_vendor:/opt/ros/jazzy/opt/gz_cmake_vendor:/opt/ros/jazzy DEBUGINFOD_URLS=https://debuginfod.ubuntu.com LD_LIBRARY_PATH=/home/herring/rzddzy/install/franka_semantic_components/lib:/home/herring/rzddzy/install/franka_hardware/lib:/home/herring/rzddzy/install/mujoco_ros2_control/lib:/home/herring/rzddzy/install/multi_mode_control_msgs/lib:/home/herring/rzddzy/install/mujoco_ros/lib:/home/herring/rzddzy/install/mujoco_ros_msgs/lib:/home/herring/rzddzy/install/franka_msgs/lib:${LD_LIBRARY_PATH} PYTHONPATH=/home/herring/rzddzy/install/multi_mode_control_msgs/lib/python3.12/site-packages:/home/herring/rzddzy/install/mujoco_ros_msgs/lib/python3.12/site-packages:/home/herring/rzddzy/install/franka_msgs/lib/python3.12/site-packages:${PYTHONPATH} /usr/bin/cmake --install /home/herring/rzddzy/build/franka_example_controllers
[0.987s] -- Install configuration: ""
[0.987s] -- Execute custom install script
[0.987s] -- Up-to-date symlink: /home/herring/rzddzy/install/franka_example_controllers/include/franka_example_controllers/franka_example_controllers_parameters.hpp
[0.987s] -- Up-to-date symlink: /home/herring/rzddzy/install/franka_example_controllers/share/franka_example_controllers//franka_example_controllers.xml
[0.987s] -- Up-to-date symlink: /home/herring/rzddzy/install/franka_example_controllers/lib/libfranka_example_controllers.so
[0.988s] -- Up-to-date symlink: /home/herring/rzddzy/install/franka_example_controllers/include/franka_example_controllers/comless/cartesian_impedance_example_controller.hpp
[0.988s] -- Up-to-date symlink: /home/herring/rzddzy/install/franka_example_controllers/include/franka_example_controllers/comless/cartesian_velocity_example_controller.hpp
[0.988s] -- Up-to-date symlink: /home/herring/rzddzy/install/franka_example_controllers/include/franka_example_controllers/comless/dual_joint_velocity_example_controller.hpp
[0.988s] -- Up-to-date symlink: /home/herring/rzddzy/install/franka_example_controllers/include/franka_example_controllers/comless/gravity_compensation_example_controller.hpp
[0.988s] -- Up-to-date symlink: /home/herring/rzddzy/install/franka_example_controllers/include/franka_example_controllers/comless/joint_impedance_example_controller.hpp
[0.988s] -- Up-to-date symlink: /home/herring/rzddzy/install/franka_example_controllers/include/franka_example_controllers/comless/joint_position_example_controller.hpp
[0.988s] -- Up-to-date symlink: /home/herring/rzddzy/install/franka_example_controllers/include/franka_example_controllers/comless/joint_velocity_example_controller.hpp
[0.988s] -- Up-to-date symlink: /home/herring/rzddzy/install/franka_example_controllers/include/franka_example_controllers/comless/model_example_controller.hpp
[0.989s] -- Up-to-date symlink: /home/herring/rzddzy/install/franka_example_controllers/include/franka_example_controllers/comless/motion_generator.hpp
[0.989s] -- Up-to-date symlink: /home/herring/rzddzy/install/franka_example_controllers/include/franka_example_controllers/comless/move_to_start_example_controller.hpp
[0.989s] -- Up-to-date symlink: /home/herring/rzddzy/install/franka_example_controllers/include/franka_example_controllers/comless/multi_joint_impedance_example_controller.hpp
[0.989s] -- Up-to-date symlink: /home/herring/rzddzy/install/franka_example_controllers/include/franka_example_controllers/subscriber/cartesian_impedance_controller.hpp
[0.989s] -- Up-to-date symlink: /home/herring/rzddzy/install/franka_example_controllers/include/franka_example_controllers/subscriber/custom_controller_template.hpp
[0.989s] -- Up-to-date symlink: /home/herring/rzddzy/install/franka_example_controllers/include/franka_example_controllers/subscriber/joint_impedance_controller.hpp
[0.989s] -- Up-to-date symlink: /home/herring/rzddzy/install/franka_example_controllers/share/franka_example_controllers/environment/library_path.sh
[0.989s] -- Up-to-date symlink: /home/herring/rzddzy/install/franka_example_controllers/share/franka_example_controllers/environment/library_path.dsv
[0.989s] -- Up-to-date symlink: /home/herring/rzddzy/install/franka_example_controllers/share/ament_index/resource_index/package_run_dependencies/franka_example_controllers
[0.990s] -- Up-to-date symlink: /home/herring/rzddzy/install/franka_example_controllers/share/ament_index/resource_index/parent_prefix_path/franka_example_controllers
[0.990s] -- Up-to-date symlink: /home/herring/rzddzy/install/franka_example_controllers/share/franka_example_controllers/environment/ament_prefix_path.sh
[0.990s] -- Up-to-date symlink: /home/herring/rzddzy/install/franka_example_controllers/share/franka_example_controllers/environment/ament_prefix_path.dsv
[0.990s] -- Up-to-date symlink: /home/herring/rzddzy/install/franka_example_controllers/share/franka_example_controllers/environment/path.sh
[0.990s] -- Up-to-date symlink: /home/herring/rzddzy/install/franka_example_controllers/share/franka_example_controllers/environment/path.dsv
[0.990s] -- Up-to-date symlink: /home/herring/rzddzy/install/franka_example_controllers/share/franka_example_controllers/local_setup.bash
[0.990s] -- Up-to-date symlink: /home/herring/rzddzy/install/franka_example_controllers/share/franka_example_controllers/local_setup.sh
[0.990s] -- Up-to-date symlink: /home/herring/rzddzy/install/franka_example_controllers/share/franka_example_controllers/local_setup.zsh
[0.991s] -- Up-to-date symlink: /home/herring/rzddzy/install/franka_example_controllers/share/franka_example_controllers/local_setup.dsv
[0.991s] -- Symlinking: /home/herring/rzddzy/install/franka_example_controllers/share/franka_example_controllers/package.dsv
[1.000s] -- Up-to-date symlink: /home/herring/rzddzy/install/franka_example_controllers/share/ament_index/resource_index/packages/franka_example_controllers
[1.000s] -- Up-to-date symlink: /home/herring/rzddzy/install/franka_example_controllers/share/ament_index/resource_index/controller_interface__pluginlib__plugin/franka_example_controllers
[1.000s] -- Up-to-date symlink: /home/herring/rzddzy/install/franka_example_controllers/share/franka_example_controllers/cmake/ament_cmake_export_dependencies-extras.cmake
[1.000s] -- Up-to-date symlink: /home/herring/rzddzy/install/franka_example_controllers/share/franka_example_controllers/cmake/ament_cmake_export_include_directories-extras.cmake
[1.000s] -- Up-to-date symlink: /home/herring/rzddzy/install/franka_example_controllers/share/franka_example_controllers/cmake/ament_cmake_export_libraries-extras.cmake
[1.000s] -- Up-to-date symlink: /home/herring/rzddzy/install/franka_example_controllers/share/franka_example_controllers/cmake/franka_example_controllersConfig.cmake
[1.001s] -- Up-to-date symlink: /home/herring/rzddzy/install/franka_example_controllers/share/franka_example_controllers/cmake/franka_example_controllersConfig-version.cmake
[1.001s] -- Up-to-date symlink: /home/herring/rzddzy/install/franka_example_controllers/share/franka_example_controllers/package.xml
[1.002s] Invoked command in '/home/herring/rzddzy/build/franka_example_controllers' returned '0': AMENT_PREFIX_PATH=/home/herring/rzddzy/install/franka_semantic_components:/home/herring/rzddzy/install/franka_hardware:/home/herring/rzddzy/install/mujoco_ros2_control:/home/herring/rzddzy/install/multi_mode_control_msgs:/home/herring/rzddzy/install/mujoco_ros:/home/herring/rzddzy/install/mujoco_ros_msgs:/home/herring/rzddzy/install/franka_msgs:${AMENT_PREFIX_PATH} CMAKE_PREFIX_PATH=/home/herring/rzddzy/install/franka_semantic_components:/home/herring/rzddzy/install/franka_hardware:/home/herring/rzddzy/install/mujoco_ros2_control:/home/herring/rzddzy/install/multi_mode_control_msgs:/home/herring/rzddzy/install/mujoco_ros:/home/herring/rzddzy/install/mujoco_ros_msgs:/home/herring/rzddzy/install/franka_msgs:/opt/ros/jazzy/opt/sdformat_vendor:/opt/ros/jazzy/opt/gz_math_vendor:/opt/ros/jazzy/opt/gz_utils_vendor:/opt/ros/jazzy/opt/gz_tools_vendor:/opt/ros/jazzy/opt/gz_cmake_vendor:/opt/ros/jazzy DEBUGINFOD_URLS=https://debuginfod.ubuntu.com LD_LIBRARY_PATH=/home/herring/rzddzy/install/franka_semantic_components/lib:/home/herring/rzddzy/install/franka_hardware/lib:/home/herring/rzddzy/install/mujoco_ros2_control/lib:/home/herring/rzddzy/install/multi_mode_control_msgs/lib:/home/herring/rzddzy/install/mujoco_ros/lib:/home/herring/rzddzy/install/mujoco_ros_msgs/lib:/home/herring/rzddzy/install/franka_msgs/lib:${LD_LIBRARY_PATH} PYTHONPATH=/home/herring/rzddzy/install/multi_mode_control_msgs/lib/python3.12/site-packages:/home/herring/rzddzy/install/mujoco_ros_msgs/lib/python3.12/site-packages:/home/herring/rzddzy/install/franka_msgs/lib/python3.12/site-packages:${PYTHONPATH} /usr/bin/cmake --install /home/herring/rzddzy/build/franka_example_controllers
