[0.052s] DEBUG:colcon:Command line arguments: ['/usr/bin/colcon', 'build', '--symlink-install']
[0.052s] DEBUG:colcon:Parsed command line arguments: Namespace(log_base=None, log_level=None, verb_name='build', build_base='build', install_base='install', merge_install=False, symlink_install=True, test_result_base=None, continue_on_error=False, executor='parallel', parallel_workers=28, event_handlers=None, ignore_user_meta=False, metas=['./colcon.meta'], base_paths=['.'], packages_ignore=None, packages_ignore_regex=None, paths=None, packages_up_to=None, packages_up_to_regex=None, packages_above=None, packages_above_and_dependencies=None, packages_above_depth=None, packages_select_by_dep=None, packages_skip_by_dep=None, packages_skip_up_to=None, packages_select_build_failed=False, packages_skip_build_finished=False, packages_select_test_failures=False, packages_skip_test_passed=False, packages_select=None, packages_skip=None, packages_select_regex=None, packages_skip_regex=None, packages_start=None, packages_end=None, allow_overriding=[], cmake_args=None, cmake_target=None, cmake_target_skip_unavailable=False, cmake_clean_cache=False, cmake_clean_first=False, cmake_force_configure=False, ament_cmake_args=None, catkin_cmake_args=None, catkin_skip_building_tests=False, verb_parser=<colcon_defaults.argument_parser.defaults.DefaultArgumentsDecorator object at 0x7ca908581160>, verb_extension=<colcon_core.verb.build.BuildVerb object at 0x7ca9086cf800>, main=<bound method BuildVerb.main of <colcon_core.verb.build.BuildVerb object at 0x7ca9086cf800>>)
[0.073s] Level 1:colcon.colcon_core.package_discovery:discover_packages(colcon_meta) check parameters
[0.073s] Level 1:colcon.colcon_core.package_discovery:discover_packages(recursive) check parameters
[0.073s] Level 1:colcon.colcon_core.package_discovery:discover_packages(ignore) check parameters
[0.073s] Level 1:colcon.colcon_core.package_discovery:discover_packages(path) check parameters
[0.073s] Level 1:colcon.colcon_core.package_discovery:discover_packages(colcon_meta) discover
[0.073s] Level 1:colcon.colcon_core.package_discovery:discover_packages(recursive) discover
[0.073s] INFO:colcon.colcon_core.package_discovery:Crawling recursively for packages in '/home/herring/rzddzy'
[0.073s] Level 1:colcon.colcon_core.package_identification:_identify(.) by extensions ['ignore', 'ignore_ament_install']
[0.074s] Level 1:colcon.colcon_core.package_identification:_identify(.) by extension 'ignore'
[0.074s] Level 1:colcon.colcon_core.package_identification:_identify(.) by extension 'ignore_ament_install'
[0.074s] Level 1:colcon.colcon_core.package_identification:_identify(.) by extensions ['colcon_pkg']
[0.074s] Level 1:colcon.colcon_core.package_identification:_identify(.) by extension 'colcon_pkg'
[0.074s] Level 1:colcon.colcon_core.package_identification:_identify(.) by extensions ['colcon_meta']
[0.074s] Level 1:colcon.colcon_core.package_identification:_identify(.) by extension 'colcon_meta'
[0.074s] Level 1:colcon.colcon_core.package_identification:_identify(.) by extensions ['ros']
[0.074s] Level 1:colcon.colcon_core.package_identification:_identify(.) by extension 'ros'
[0.087s] Level 1:colcon.colcon_core.package_identification:_identify(.) by extensions ['cmake', 'python']
[0.087s] Level 1:colcon.colcon_core.package_identification:_identify(.) by extension 'cmake'
[0.087s] Level 1:colcon.colcon_core.package_identification:_identify(.) by extension 'python'
[0.087s] Level 1:colcon.colcon_core.package_identification:_identify(.) by extensions ['python_setup_py']
[0.088s] Level 1:colcon.colcon_core.package_identification:_identify(.) by extension 'python_setup_py'
[0.088s] Level 1:colcon.colcon_core.package_identification:_identify(build) by extensions ['ignore', 'ignore_ament_install']
[0.088s] Level 1:colcon.colcon_core.package_identification:_identify(build) by extension 'ignore'
[0.088s] Level 1:colcon.colcon_core.package_identification:_identify(build) ignored
[0.088s] Level 1:colcon.colcon_core.package_identification:_identify(docs) by extensions ['ignore', 'ignore_ament_install']
[0.088s] Level 1:colcon.colcon_core.package_identification:_identify(docs) by extension 'ignore'
[0.088s] Level 1:colcon.colcon_core.package_identification:_identify(docs) by extension 'ignore_ament_install'
[0.088s] Level 1:colcon.colcon_core.package_identification:_identify(docs) by extensions ['colcon_pkg']
[0.088s] Level 1:colcon.colcon_core.package_identification:_identify(docs) by extension 'colcon_pkg'
[0.088s] Level 1:colcon.colcon_core.package_identification:_identify(docs) by extensions ['colcon_meta']
[0.088s] Level 1:colcon.colcon_core.package_identification:_identify(docs) by extension 'colcon_meta'
[0.088s] Level 1:colcon.colcon_core.package_identification:_identify(docs) by extensions ['ros']
[0.088s] Level 1:colcon.colcon_core.package_identification:_identify(docs) by extension 'ros'
[0.088s] Level 1:colcon.colcon_core.package_identification:_identify(docs) by extensions ['cmake', 'python']
[0.088s] Level 1:colcon.colcon_core.package_identification:_identify(docs) by extension 'cmake'
[0.088s] Level 1:colcon.colcon_core.package_identification:_identify(docs) by extension 'python'
[0.088s] Level 1:colcon.colcon_core.package_identification:_identify(docs) by extensions ['python_setup_py']
[0.088s] Level 1:colcon.colcon_core.package_identification:_identify(docs) by extension 'python_setup_py'
[0.088s] Level 1:colcon.colcon_core.package_identification:_identify(install) by extensions ['ignore', 'ignore_ament_install']
[0.088s] Level 1:colcon.colcon_core.package_identification:_identify(install) by extension 'ignore'
[0.088s] Level 1:colcon.colcon_core.package_identification:_identify(install) ignored
[0.088s] Level 1:colcon.colcon_core.package_identification:_identify(legacy_ros1) by extensions ['ignore', 'ignore_ament_install']
[0.088s] Level 1:colcon.colcon_core.package_identification:_identify(legacy_ros1) by extension 'ignore'
[0.088s] Level 1:colcon.colcon_core.package_identification:_identify(legacy_ros1) by extension 'ignore_ament_install'
[0.088s] Level 1:colcon.colcon_core.package_identification:_identify(legacy_ros1) by extensions ['colcon_pkg']
[0.088s] Level 1:colcon.colcon_core.package_identification:_identify(legacy_ros1) by extension 'colcon_pkg'
[0.088s] Level 1:colcon.colcon_core.package_identification:_identify(legacy_ros1) by extensions ['colcon_meta']
[0.088s] Level 1:colcon.colcon_core.package_identification:_identify(legacy_ros1) by extension 'colcon_meta'
[0.088s] Level 1:colcon.colcon_core.package_identification:_identify(legacy_ros1) by extensions ['ros']
[0.088s] Level 1:colcon.colcon_core.package_identification:_identify(legacy_ros1) by extension 'ros'
[0.088s] Level 1:colcon.colcon_core.package_identification:_identify(legacy_ros1) by extensions ['cmake', 'python']
[0.088s] Level 1:colcon.colcon_core.package_identification:_identify(legacy_ros1) by extension 'cmake'
[0.088s] Level 1:colcon.colcon_core.package_identification:_identify(legacy_ros1) by extension 'python'
[0.088s] Level 1:colcon.colcon_core.package_identification:_identify(legacy_ros1) by extensions ['python_setup_py']
[0.088s] Level 1:colcon.colcon_core.package_identification:_identify(legacy_ros1) by extension 'python_setup_py'
[0.088s] Level 1:colcon.colcon_core.package_identification:_identify(legacy_ros1/controller) by extensions ['ignore', 'ignore_ament_install']
[0.088s] Level 1:colcon.colcon_core.package_identification:_identify(legacy_ros1/controller) by extension 'ignore'
[0.088s] Level 1:colcon.colcon_core.package_identification:_identify(legacy_ros1/controller) by extension 'ignore_ament_install'
[0.089s] Level 1:colcon.colcon_core.package_identification:_identify(legacy_ros1/controller) by extensions ['colcon_pkg']
[0.089s] Level 1:colcon.colcon_core.package_identification:_identify(legacy_ros1/controller) by extension 'colcon_pkg'
[0.089s] Level 1:colcon.colcon_core.package_identification:_identify(legacy_ros1/controller) by extensions ['colcon_meta']
[0.089s] Level 1:colcon.colcon_core.package_identification:_identify(legacy_ros1/controller) by extension 'colcon_meta'
[0.089s] Level 1:colcon.colcon_core.package_identification:_identify(legacy_ros1/controller) by extensions ['ros']
[0.089s] Level 1:colcon.colcon_core.package_identification:_identify(legacy_ros1/controller) by extension 'ros'
[0.091s] DEBUG:colcon.colcon_core.package_identification:Package 'legacy_ros1/controller' with type 'ros.catkin' and name 'controller'
[0.091s] Level 1:colcon.colcon_core.package_identification:_identify(log) by extensions ['ignore', 'ignore_ament_install']
[0.091s] Level 1:colcon.colcon_core.package_identification:_identify(log) by extension 'ignore'
[0.091s] Level 1:colcon.colcon_core.package_identification:_identify(log) ignored
[0.091s] Level 1:colcon.colcon_core.package_identification:_identify(ros2_ws) by extensions ['ignore', 'ignore_ament_install']
[0.091s] Level 1:colcon.colcon_core.package_identification:_identify(ros2_ws) by extension 'ignore'
[0.091s] Level 1:colcon.colcon_core.package_identification:_identify(ros2_ws) by extension 'ignore_ament_install'
[0.091s] Level 1:colcon.colcon_core.package_identification:_identify(ros2_ws) by extensions ['colcon_pkg']
[0.091s] Level 1:colcon.colcon_core.package_identification:_identify(ros2_ws) by extension 'colcon_pkg'
[0.091s] Level 1:colcon.colcon_core.package_identification:_identify(ros2_ws) by extensions ['colcon_meta']
[0.091s] Level 1:colcon.colcon_core.package_identification:_identify(ros2_ws) by extension 'colcon_meta'
[0.091s] Level 1:colcon.colcon_core.package_identification:_identify(ros2_ws) by extensions ['ros']
[0.091s] Level 1:colcon.colcon_core.package_identification:_identify(ros2_ws) by extension 'ros'
[0.091s] Level 1:colcon.colcon_core.package_identification:_identify(ros2_ws) by extensions ['cmake', 'python']
[0.091s] Level 1:colcon.colcon_core.package_identification:_identify(ros2_ws) by extension 'cmake'
[0.091s] Level 1:colcon.colcon_core.package_identification:_identify(ros2_ws) by extension 'python'
[0.091s] Level 1:colcon.colcon_core.package_identification:_identify(ros2_ws) by extensions ['python_setup_py']
[0.091s] Level 1:colcon.colcon_core.package_identification:_identify(ros2_ws) by extension 'python_setup_py'
[0.091s] Level 1:colcon.colcon_core.package_identification:_identify(ros2_ws/build) by extensions ['ignore', 'ignore_ament_install']
[0.091s] Level 1:colcon.colcon_core.package_identification:_identify(ros2_ws/build) by extension 'ignore'
[0.091s] Level 1:colcon.colcon_core.package_identification:_identify(ros2_ws/build) ignored
[0.091s] Level 1:colcon.colcon_core.package_identification:_identify(ros2_ws/install) by extensions ['ignore', 'ignore_ament_install']
[0.091s] Level 1:colcon.colcon_core.package_identification:_identify(ros2_ws/install) by extension 'ignore'
[0.091s] Level 1:colcon.colcon_core.package_identification:_identify(ros2_ws/install) ignored
[0.091s] Level 1:colcon.colcon_core.package_identification:_identify(ros2_ws/log) by extensions ['ignore', 'ignore_ament_install']
[0.091s] Level 1:colcon.colcon_core.package_identification:_identify(ros2_ws/log) by extension 'ignore'
[0.091s] Level 1:colcon.colcon_core.package_identification:_identify(ros2_ws/log) ignored
[0.091s] Level 1:colcon.colcon_core.package_identification:_identify(ros2_ws/src) by extensions ['ignore', 'ignore_ament_install']
[0.091s] Level 1:colcon.colcon_core.package_identification:_identify(ros2_ws/src) by extension 'ignore'
[0.091s] Level 1:colcon.colcon_core.package_identification:_identify(ros2_ws/src) by extension 'ignore_ament_install'
[0.091s] Level 1:colcon.colcon_core.package_identification:_identify(ros2_ws/src) by extensions ['colcon_pkg']
[0.091s] Level 1:colcon.colcon_core.package_identification:_identify(ros2_ws/src) by extension 'colcon_pkg'
[0.091s] Level 1:colcon.colcon_core.package_identification:_identify(ros2_ws/src) by extensions ['colcon_meta']
[0.091s] Level 1:colcon.colcon_core.package_identification:_identify(ros2_ws/src) by extension 'colcon_meta'
[0.091s] Level 1:colcon.colcon_core.package_identification:_identify(ros2_ws/src) by extensions ['ros']
[0.091s] Level 1:colcon.colcon_core.package_identification:_identify(ros2_ws/src) by extension 'ros'
[0.092s] Level 1:colcon.colcon_core.package_identification:_identify(ros2_ws/src) by extensions ['cmake', 'python']
[0.092s] Level 1:colcon.colcon_core.package_identification:_identify(ros2_ws/src) by extension 'cmake'
[0.092s] Level 1:colcon.colcon_core.package_identification:_identify(ros2_ws/src) by extension 'python'
[0.092s] Level 1:colcon.colcon_core.package_identification:_identify(ros2_ws/src) by extensions ['python_setup_py']
[0.092s] Level 1:colcon.colcon_core.package_identification:_identify(ros2_ws/src) by extension 'python_setup_py'
[0.092s] Level 1:colcon.colcon_core.package_identification:_identify(ros2_ws/src/controller) by extensions ['ignore', 'ignore_ament_install']
[0.092s] Level 1:colcon.colcon_core.package_identification:_identify(ros2_ws/src/controller) by extension 'ignore'
[0.092s] Level 1:colcon.colcon_core.package_identification:_identify(ros2_ws/src/controller) by extension 'ignore_ament_install'
[0.092s] Level 1:colcon.colcon_core.package_identification:_identify(ros2_ws/src/controller) by extensions ['colcon_pkg']
[0.092s] Level 1:colcon.colcon_core.package_identification:_identify(ros2_ws/src/controller) by extension 'colcon_pkg'
[0.092s] Level 1:colcon.colcon_core.package_identification:_identify(ros2_ws/src/controller) by extensions ['colcon_meta']
[0.092s] Level 1:colcon.colcon_core.package_identification:_identify(ros2_ws/src/controller) by extension 'colcon_meta'
[0.092s] Level 1:colcon.colcon_core.package_identification:_identify(ros2_ws/src/controller) by extensions ['ros']
[0.092s] Level 1:colcon.colcon_core.package_identification:_identify(ros2_ws/src/controller) by extension 'ros'
[0.092s] DEBUG:colcon.colcon_core.package_identification:Package 'ros2_ws/src/controller' with type 'ros.ament_cmake' and name 'controller'
[0.092s] Level 1:colcon.colcon_core.package_identification:_identify(ros2_ws/src/cplus_dev) by extensions ['ignore', 'ignore_ament_install']
[0.093s] Level 1:colcon.colcon_core.package_identification:_identify(ros2_ws/src/cplus_dev) by extension 'ignore'
[0.093s] Level 1:colcon.colcon_core.package_identification:_identify(ros2_ws/src/cplus_dev) by extension 'ignore_ament_install'
[0.093s] Level 1:colcon.colcon_core.package_identification:_identify(ros2_ws/src/cplus_dev) by extensions ['colcon_pkg']
[0.093s] Level 1:colcon.colcon_core.package_identification:_identify(ros2_ws/src/cplus_dev) by extension 'colcon_pkg'
[0.093s] Level 1:colcon.colcon_core.package_identification:_identify(ros2_ws/src/cplus_dev) by extensions ['colcon_meta']
[0.093s] Level 1:colcon.colcon_core.package_identification:_identify(ros2_ws/src/cplus_dev) by extension 'colcon_meta'
[0.093s] Level 1:colcon.colcon_core.package_identification:_identify(ros2_ws/src/cplus_dev) by extensions ['ros']
[0.093s] Level 1:colcon.colcon_core.package_identification:_identify(ros2_ws/src/cplus_dev) by extension 'ros'
[0.093s] DEBUG:colcon.colcon_core.package_identification:Package 'ros2_ws/src/cplus_dev' with type 'ros.ament_cmake' and name 'cplus_dev'
[0.093s] Level 1:colcon.colcon_core.package_identification:_identify(ros2_ws/src/franka_analytical_ik) by extensions ['ignore', 'ignore_ament_install']
[0.093s] Level 1:colcon.colcon_core.package_identification:_identify(ros2_ws/src/franka_analytical_ik) by extension 'ignore'
[0.093s] Level 1:colcon.colcon_core.package_identification:_identify(ros2_ws/src/franka_analytical_ik) by extension 'ignore_ament_install'
[0.093s] Level 1:colcon.colcon_core.package_identification:_identify(ros2_ws/src/franka_analytical_ik) by extensions ['colcon_pkg']
[0.093s] Level 1:colcon.colcon_core.package_identification:_identify(ros2_ws/src/franka_analytical_ik) by extension 'colcon_pkg'
[0.093s] Level 1:colcon.colcon_core.package_identification:_identify(ros2_ws/src/franka_analytical_ik) by extensions ['colcon_meta']
[0.093s] Level 1:colcon.colcon_core.package_identification:_identify(ros2_ws/src/franka_analytical_ik) by extension 'colcon_meta'
[0.093s] Level 1:colcon.colcon_core.package_identification:_identify(ros2_ws/src/franka_analytical_ik) by extensions ['ros']
[0.093s] Level 1:colcon.colcon_core.package_identification:_identify(ros2_ws/src/franka_analytical_ik) by extension 'ros'
[0.093s] Level 1:colcon.colcon_core.package_identification:_identify(ros2_ws/src/franka_analytical_ik) by extensions ['cmake', 'python']
[0.093s] Level 1:colcon.colcon_core.package_identification:_identify(ros2_ws/src/franka_analytical_ik) by extension 'cmake'
[0.093s] Level 1:colcon.colcon_core.package_identification:_identify(ros2_ws/src/franka_analytical_ik) by extension 'python'
[0.093s] Level 1:colcon.colcon_core.package_identification:_identify(ros2_ws/src/franka_analytical_ik) by extensions ['python_setup_py']
[0.093s] Level 1:colcon.colcon_core.package_identification:_identify(ros2_ws/src/franka_analytical_ik) by extension 'python_setup_py'
[0.199s] DEBUG:colcon.colcon_core.package_identification:Package 'ros2_ws/src/franka_analytical_ik' with type 'python' and name 'franka_ik_py'
[0.199s] Level 1:colcon.colcon_core.package_identification:_identify(ros2_ws/src/franka_bringup) by extensions ['ignore', 'ignore_ament_install']
[0.199s] Level 1:colcon.colcon_core.package_identification:_identify(ros2_ws/src/franka_bringup) by extension 'ignore'
[0.199s] Level 1:colcon.colcon_core.package_identification:_identify(ros2_ws/src/franka_bringup) by extension 'ignore_ament_install'
[0.199s] Level 1:colcon.colcon_core.package_identification:_identify(ros2_ws/src/franka_bringup) by extensions ['colcon_pkg']
[0.199s] Level 1:colcon.colcon_core.package_identification:_identify(ros2_ws/src/franka_bringup) by extension 'colcon_pkg'
[0.199s] Level 1:colcon.colcon_core.package_identification:_identify(ros2_ws/src/franka_bringup) by extensions ['colcon_meta']
[0.199s] Level 1:colcon.colcon_core.package_identification:_identify(ros2_ws/src/franka_bringup) by extension 'colcon_meta'
[0.199s] Level 1:colcon.colcon_core.package_identification:_identify(ros2_ws/src/franka_bringup) by extensions ['ros']
[0.199s] Level 1:colcon.colcon_core.package_identification:_identify(ros2_ws/src/franka_bringup) by extension 'ros'
[0.200s] DEBUG:colcon.colcon_core.package_identification:Package 'ros2_ws/src/franka_bringup' with type 'ros.ament_cmake' and name 'franka_bringup'
[0.200s] Level 1:colcon.colcon_core.package_identification:_identify(ros2_ws/src/franka_description) by extensions ['ignore', 'ignore_ament_install']
[0.200s] Level 1:colcon.colcon_core.package_identification:_identify(ros2_ws/src/franka_description) by extension 'ignore'
[0.200s] Level 1:colcon.colcon_core.package_identification:_identify(ros2_ws/src/franka_description) by extension 'ignore_ament_install'
[0.200s] Level 1:colcon.colcon_core.package_identification:_identify(ros2_ws/src/franka_description) by extensions ['colcon_pkg']
[0.200s] Level 1:colcon.colcon_core.package_identification:_identify(ros2_ws/src/franka_description) by extension 'colcon_pkg'
[0.200s] Level 1:colcon.colcon_core.package_identification:_identify(ros2_ws/src/franka_description) by extensions ['colcon_meta']
[0.200s] Level 1:colcon.colcon_core.package_identification:_identify(ros2_ws/src/franka_description) by extension 'colcon_meta'
[0.200s] Level 1:colcon.colcon_core.package_identification:_identify(ros2_ws/src/franka_description) by extensions ['ros']
[0.200s] Level 1:colcon.colcon_core.package_identification:_identify(ros2_ws/src/franka_description) by extension 'ros'
[0.200s] DEBUG:colcon.colcon_core.package_identification:Package 'ros2_ws/src/franka_description' with type 'ros.ament_cmake' and name 'franka_description'
[0.200s] Level 1:colcon.colcon_core.package_identification:_identify(ros2_ws/src/franka_example_controllers) by extensions ['ignore', 'ignore_ament_install']
[0.200s] Level 1:colcon.colcon_core.package_identification:_identify(ros2_ws/src/franka_example_controllers) by extension 'ignore'
[0.200s] Level 1:colcon.colcon_core.package_identification:_identify(ros2_ws/src/franka_example_controllers) by extension 'ignore_ament_install'
[0.200s] Level 1:colcon.colcon_core.package_identification:_identify(ros2_ws/src/franka_example_controllers) by extensions ['colcon_pkg']
[0.200s] Level 1:colcon.colcon_core.package_identification:_identify(ros2_ws/src/franka_example_controllers) by extension 'colcon_pkg'
[0.200s] Level 1:colcon.colcon_core.package_identification:_identify(ros2_ws/src/franka_example_controllers) by extensions ['colcon_meta']
[0.200s] Level 1:colcon.colcon_core.package_identification:_identify(ros2_ws/src/franka_example_controllers) by extension 'colcon_meta'
[0.200s] Level 1:colcon.colcon_core.package_identification:_identify(ros2_ws/src/franka_example_controllers) by extensions ['ros']
[0.200s] Level 1:colcon.colcon_core.package_identification:_identify(ros2_ws/src/franka_example_controllers) by extension 'ros'
[0.201s] DEBUG:colcon.colcon_core.package_identification:Package 'ros2_ws/src/franka_example_controllers' with type 'ros.ament_cmake' and name 'franka_example_controllers'
[0.201s] Level 1:colcon.colcon_core.package_identification:_identify(ros2_ws/src/franka_hardware) by extensions ['ignore', 'ignore_ament_install']
[0.201s] Level 1:colcon.colcon_core.package_identification:_identify(ros2_ws/src/franka_hardware) by extension 'ignore'
[0.201s] Level 1:colcon.colcon_core.package_identification:_identify(ros2_ws/src/franka_hardware) by extension 'ignore_ament_install'
[0.201s] Level 1:colcon.colcon_core.package_identification:_identify(ros2_ws/src/franka_hardware) by extensions ['colcon_pkg']
[0.201s] Level 1:colcon.colcon_core.package_identification:_identify(ros2_ws/src/franka_hardware) by extension 'colcon_pkg'
[0.201s] Level 1:colcon.colcon_core.package_identification:_identify(ros2_ws/src/franka_hardware) by extensions ['colcon_meta']
[0.201s] Level 1:colcon.colcon_core.package_identification:_identify(ros2_ws/src/franka_hardware) by extension 'colcon_meta'
[0.201s] Level 1:colcon.colcon_core.package_identification:_identify(ros2_ws/src/franka_hardware) by extensions ['ros']
[0.201s] Level 1:colcon.colcon_core.package_identification:_identify(ros2_ws/src/franka_hardware) by extension 'ros'
[0.201s] DEBUG:colcon.colcon_core.package_identification:Package 'ros2_ws/src/franka_hardware' with type 'ros.ament_cmake' and name 'franka_hardware'
[0.201s] Level 1:colcon.colcon_core.package_identification:_identify(ros2_ws/src/franka_msgs) by extensions ['ignore', 'ignore_ament_install']
[0.201s] Level 1:colcon.colcon_core.package_identification:_identify(ros2_ws/src/franka_msgs) by extension 'ignore'
[0.201s] Level 1:colcon.colcon_core.package_identification:_identify(ros2_ws/src/franka_msgs) by extension 'ignore_ament_install'
[0.201s] Level 1:colcon.colcon_core.package_identification:_identify(ros2_ws/src/franka_msgs) by extensions ['colcon_pkg']
[0.201s] Level 1:colcon.colcon_core.package_identification:_identify(ros2_ws/src/franka_msgs) by extension 'colcon_pkg'
[0.201s] Level 1:colcon.colcon_core.package_identification:_identify(ros2_ws/src/franka_msgs) by extensions ['colcon_meta']
[0.201s] Level 1:colcon.colcon_core.package_identification:_identify(ros2_ws/src/franka_msgs) by extension 'colcon_meta'
[0.201s] Level 1:colcon.colcon_core.package_identification:_identify(ros2_ws/src/franka_msgs) by extensions ['ros']
[0.201s] Level 1:colcon.colcon_core.package_identification:_identify(ros2_ws/src/franka_msgs) by extension 'ros'
[0.202s] DEBUG:colcon.colcon_core.package_identification:Package 'ros2_ws/src/franka_msgs' with type 'ros.ament_cmake' and name 'franka_msgs'
[0.202s] Level 1:colcon.colcon_core.package_identification:_identify(ros2_ws/src/franka_robot_state_broadcaster) by extensions ['ignore', 'ignore_ament_install']
[0.202s] Level 1:colcon.colcon_core.package_identification:_identify(ros2_ws/src/franka_robot_state_broadcaster) by extension 'ignore'
[0.202s] Level 1:colcon.colcon_core.package_identification:_identify(ros2_ws/src/franka_robot_state_broadcaster) by extension 'ignore_ament_install'
[0.202s] Level 1:colcon.colcon_core.package_identification:_identify(ros2_ws/src/franka_robot_state_broadcaster) by extensions ['colcon_pkg']
[0.202s] Level 1:colcon.colcon_core.package_identification:_identify(ros2_ws/src/franka_robot_state_broadcaster) by extension 'colcon_pkg'
[0.202s] Level 1:colcon.colcon_core.package_identification:_identify(ros2_ws/src/franka_robot_state_broadcaster) by extensions ['colcon_meta']
[0.202s] Level 1:colcon.colcon_core.package_identification:_identify(ros2_ws/src/franka_robot_state_broadcaster) by extension 'colcon_meta'
[0.202s] Level 1:colcon.colcon_core.package_identification:_identify(ros2_ws/src/franka_robot_state_broadcaster) by extensions ['ros']
[0.202s] Level 1:colcon.colcon_core.package_identification:_identify(ros2_ws/src/franka_robot_state_broadcaster) by extension 'ros'
[0.202s] DEBUG:colcon.colcon_core.package_identification:Package 'ros2_ws/src/franka_robot_state_broadcaster' with type 'ros.ament_cmake' and name 'franka_robot_state_broadcaster'
[0.202s] Level 1:colcon.colcon_core.package_identification:_identify(ros2_ws/src/franka_semantic_components) by extensions ['ignore', 'ignore_ament_install']
[0.202s] Level 1:colcon.colcon_core.package_identification:_identify(ros2_ws/src/franka_semantic_components) by extension 'ignore'
[0.203s] Level 1:colcon.colcon_core.package_identification:_identify(ros2_ws/src/franka_semantic_components) by extension 'ignore_ament_install'
[0.203s] Level 1:colcon.colcon_core.package_identification:_identify(ros2_ws/src/franka_semantic_components) by extensions ['colcon_pkg']
[0.203s] Level 1:colcon.colcon_core.package_identification:_identify(ros2_ws/src/franka_semantic_components) by extension 'colcon_pkg'
[0.203s] Level 1:colcon.colcon_core.package_identification:_identify(ros2_ws/src/franka_semantic_components) by extensions ['colcon_meta']
[0.203s] Level 1:colcon.colcon_core.package_identification:_identify(ros2_ws/src/franka_semantic_components) by extension 'colcon_meta'
[0.203s] Level 1:colcon.colcon_core.package_identification:_identify(ros2_ws/src/franka_semantic_components) by extensions ['ros']
[0.203s] Level 1:colcon.colcon_core.package_identification:_identify(ros2_ws/src/franka_semantic_components) by extension 'ros'
[0.203s] DEBUG:colcon.colcon_core.package_identification:Package 'ros2_ws/src/franka_semantic_components' with type 'ros.ament_cmake' and name 'franka_semantic_components'
[0.203s] Level 1:colcon.colcon_core.package_identification:_identify(ros2_ws/src/mujoco_ros_pkgs) by extensions ['ignore', 'ignore_ament_install']
[0.203s] Level 1:colcon.colcon_core.package_identification:_identify(ros2_ws/src/mujoco_ros_pkgs) by extension 'ignore'
[0.203s] Level 1:colcon.colcon_core.package_identification:_identify(ros2_ws/src/mujoco_ros_pkgs) by extension 'ignore_ament_install'
[0.203s] Level 1:colcon.colcon_core.package_identification:_identify(ros2_ws/src/mujoco_ros_pkgs) by extensions ['colcon_pkg']
[0.203s] Level 1:colcon.colcon_core.package_identification:_identify(ros2_ws/src/mujoco_ros_pkgs) by extension 'colcon_pkg'
[0.203s] Level 1:colcon.colcon_core.package_identification:_identify(ros2_ws/src/mujoco_ros_pkgs) by extensions ['colcon_meta']
[0.203s] Level 1:colcon.colcon_core.package_identification:_identify(ros2_ws/src/mujoco_ros_pkgs) by extension 'colcon_meta'
[0.203s] Level 1:colcon.colcon_core.package_identification:_identify(ros2_ws/src/mujoco_ros_pkgs) by extensions ['ros']
[0.203s] Level 1:colcon.colcon_core.package_identification:_identify(ros2_ws/src/mujoco_ros_pkgs) by extension 'ros'
[0.203s] Level 1:colcon.colcon_core.package_identification:_identify(ros2_ws/src/mujoco_ros_pkgs) by extensions ['cmake', 'python']
[0.203s] Level 1:colcon.colcon_core.package_identification:_identify(ros2_ws/src/mujoco_ros_pkgs) by extension 'cmake'
[0.203s] Level 1:colcon.colcon_core.package_identification:_identify(ros2_ws/src/mujoco_ros_pkgs) by extension 'python'
[0.203s] Level 1:colcon.colcon_core.package_identification:_identify(ros2_ws/src/mujoco_ros_pkgs) by extensions ['python_setup_py']
[0.203s] Level 1:colcon.colcon_core.package_identification:_identify(ros2_ws/src/mujoco_ros_pkgs) by extension 'python_setup_py'
[0.203s] Level 1:colcon.colcon_core.package_identification:_identify(ros2_ws/src/mujoco_ros_pkgs/mujoco_ros) by extensions ['ignore', 'ignore_ament_install']
[0.203s] Level 1:colcon.colcon_core.package_identification:_identify(ros2_ws/src/mujoco_ros_pkgs/mujoco_ros) by extension 'ignore'
[0.203s] Level 1:colcon.colcon_core.package_identification:_identify(ros2_ws/src/mujoco_ros_pkgs/mujoco_ros) by extension 'ignore_ament_install'
[0.203s] Level 1:colcon.colcon_core.package_identification:_identify(ros2_ws/src/mujoco_ros_pkgs/mujoco_ros) by extensions ['colcon_pkg']
[0.203s] Level 1:colcon.colcon_core.package_identification:_identify(ros2_ws/src/mujoco_ros_pkgs/mujoco_ros) by extension 'colcon_pkg'
[0.203s] Level 1:colcon.colcon_core.package_identification:_identify(ros2_ws/src/mujoco_ros_pkgs/mujoco_ros) by extensions ['colcon_meta']
[0.203s] Level 1:colcon.colcon_core.package_identification:_identify(ros2_ws/src/mujoco_ros_pkgs/mujoco_ros) by extension 'colcon_meta'
[0.203s] Level 1:colcon.colcon_core.package_identification:_identify(ros2_ws/src/mujoco_ros_pkgs/mujoco_ros) by extensions ['ros']
[0.203s] Level 1:colcon.colcon_core.package_identification:_identify(ros2_ws/src/mujoco_ros_pkgs/mujoco_ros) by extension 'ros'
[0.206s] DEBUG:colcon.colcon_core.package_identification:Package 'ros2_ws/src/mujoco_ros_pkgs/mujoco_ros' with type 'ros.ament_cmake' and name 'mujoco_ros'
[0.207s] Level 1:colcon.colcon_core.package_identification:_identify(ros2_ws/src/mujoco_ros_pkgs/mujoco_ros2_control) by extensions ['ignore', 'ignore_ament_install']
[0.207s] Level 1:colcon.colcon_core.package_identification:_identify(ros2_ws/src/mujoco_ros_pkgs/mujoco_ros2_control) by extension 'ignore'
[0.207s] Level 1:colcon.colcon_core.package_identification:_identify(ros2_ws/src/mujoco_ros_pkgs/mujoco_ros2_control) by extension 'ignore_ament_install'
[0.207s] Level 1:colcon.colcon_core.package_identification:_identify(ros2_ws/src/mujoco_ros_pkgs/mujoco_ros2_control) by extensions ['colcon_pkg']
[0.207s] Level 1:colcon.colcon_core.package_identification:_identify(ros2_ws/src/mujoco_ros_pkgs/mujoco_ros2_control) by extension 'colcon_pkg'
[0.207s] Level 1:colcon.colcon_core.package_identification:_identify(ros2_ws/src/mujoco_ros_pkgs/mujoco_ros2_control) by extensions ['colcon_meta']
[0.207s] Level 1:colcon.colcon_core.package_identification:_identify(ros2_ws/src/mujoco_ros_pkgs/mujoco_ros2_control) by extension 'colcon_meta'
[0.207s] Level 1:colcon.colcon_core.package_identification:_identify(ros2_ws/src/mujoco_ros_pkgs/mujoco_ros2_control) by extensions ['ros']
[0.207s] Level 1:colcon.colcon_core.package_identification:_identify(ros2_ws/src/mujoco_ros_pkgs/mujoco_ros2_control) by extension 'ros'
[0.207s] DEBUG:colcon.colcon_core.package_identification:Package 'ros2_ws/src/mujoco_ros_pkgs/mujoco_ros2_control' with type 'ros.ament_cmake' and name 'mujoco_ros2_control'
[0.207s] Level 1:colcon.colcon_core.package_identification:_identify(ros2_ws/src/mujoco_ros_pkgs/mujoco_ros2_control_system) by extensions ['ignore', 'ignore_ament_install']
[0.207s] Level 1:colcon.colcon_core.package_identification:_identify(ros2_ws/src/mujoco_ros_pkgs/mujoco_ros2_control_system) by extension 'ignore'
[0.207s] Level 1:colcon.colcon_core.package_identification:_identify(ros2_ws/src/mujoco_ros_pkgs/mujoco_ros2_control_system) by extension 'ignore_ament_install'
[0.207s] Level 1:colcon.colcon_core.package_identification:_identify(ros2_ws/src/mujoco_ros_pkgs/mujoco_ros2_control_system) by extensions ['colcon_pkg']
[0.207s] Level 1:colcon.colcon_core.package_identification:_identify(ros2_ws/src/mujoco_ros_pkgs/mujoco_ros2_control_system) by extension 'colcon_pkg'
[0.207s] Level 1:colcon.colcon_core.package_identification:_identify(ros2_ws/src/mujoco_ros_pkgs/mujoco_ros2_control_system) by extensions ['colcon_meta']
[0.207s] Level 1:colcon.colcon_core.package_identification:_identify(ros2_ws/src/mujoco_ros_pkgs/mujoco_ros2_control_system) by extension 'colcon_meta'
[0.207s] Level 1:colcon.colcon_core.package_identification:_identify(ros2_ws/src/mujoco_ros_pkgs/mujoco_ros2_control_system) by extensions ['ros']
[0.207s] Level 1:colcon.colcon_core.package_identification:_identify(ros2_ws/src/mujoco_ros_pkgs/mujoco_ros2_control_system) by extension 'ros'
[0.208s] DEBUG:colcon.colcon_core.package_identification:Package 'ros2_ws/src/mujoco_ros_pkgs/mujoco_ros2_control_system' with type 'ros.ament_cmake' and name 'mujoco_ros2_control_system'
[0.208s] Level 1:colcon.colcon_core.package_identification:_identify(ros2_ws/src/mujoco_ros_pkgs/mujoco_ros2_dummy_plugin) by extensions ['ignore', 'ignore_ament_install']
[0.208s] Level 1:colcon.colcon_core.package_identification:_identify(ros2_ws/src/mujoco_ros_pkgs/mujoco_ros2_dummy_plugin) by extension 'ignore'
[0.208s] Level 1:colcon.colcon_core.package_identification:_identify(ros2_ws/src/mujoco_ros_pkgs/mujoco_ros2_dummy_plugin) by extension 'ignore_ament_install'
[0.208s] Level 1:colcon.colcon_core.package_identification:_identify(ros2_ws/src/mujoco_ros_pkgs/mujoco_ros2_dummy_plugin) by extensions ['colcon_pkg']
[0.208s] Level 1:colcon.colcon_core.package_identification:_identify(ros2_ws/src/mujoco_ros_pkgs/mujoco_ros2_dummy_plugin) by extension 'colcon_pkg'
[0.208s] Level 1:colcon.colcon_core.package_identification:_identify(ros2_ws/src/mujoco_ros_pkgs/mujoco_ros2_dummy_plugin) by extensions ['colcon_meta']
[0.208s] Level 1:colcon.colcon_core.package_identification:_identify(ros2_ws/src/mujoco_ros_pkgs/mujoco_ros2_dummy_plugin) by extension 'colcon_meta'
[0.208s] Level 1:colcon.colcon_core.package_identification:_identify(ros2_ws/src/mujoco_ros_pkgs/mujoco_ros2_dummy_plugin) by extensions ['ros']
[0.208s] Level 1:colcon.colcon_core.package_identification:_identify(ros2_ws/src/mujoco_ros_pkgs/mujoco_ros2_dummy_plugin) by extension 'ros'
[0.208s] DEBUG:colcon.colcon_core.package_identification:Package 'ros2_ws/src/mujoco_ros_pkgs/mujoco_ros2_dummy_plugin' with type 'ros.ament_cmake' and name 'mujoco_ros2_dummy_plugin'
[0.208s] Level 1:colcon.colcon_core.package_identification:_identify(ros2_ws/src/mujoco_ros_pkgs/mujoco_ros2_sensors) by extensions ['ignore', 'ignore_ament_install']
[0.208s] Level 1:colcon.colcon_core.package_identification:_identify(ros2_ws/src/mujoco_ros_pkgs/mujoco_ros2_sensors) by extension 'ignore'
[0.208s] Level 1:colcon.colcon_core.package_identification:_identify(ros2_ws/src/mujoco_ros_pkgs/mujoco_ros2_sensors) by extension 'ignore_ament_install'
[0.208s] Level 1:colcon.colcon_core.package_identification:_identify(ros2_ws/src/mujoco_ros_pkgs/mujoco_ros2_sensors) by extensions ['colcon_pkg']
[0.208s] Level 1:colcon.colcon_core.package_identification:_identify(ros2_ws/src/mujoco_ros_pkgs/mujoco_ros2_sensors) by extension 'colcon_pkg'
[0.208s] Level 1:colcon.colcon_core.package_identification:_identify(ros2_ws/src/mujoco_ros_pkgs/mujoco_ros2_sensors) by extensions ['colcon_meta']
[0.208s] Level 1:colcon.colcon_core.package_identification:_identify(ros2_ws/src/mujoco_ros_pkgs/mujoco_ros2_sensors) by extension 'colcon_meta'
[0.208s] Level 1:colcon.colcon_core.package_identification:_identify(ros2_ws/src/mujoco_ros_pkgs/mujoco_ros2_sensors) by extensions ['ros']
[0.208s] Level 1:colcon.colcon_core.package_identification:_identify(ros2_ws/src/mujoco_ros_pkgs/mujoco_ros2_sensors) by extension 'ros'
[0.209s] DEBUG:colcon.colcon_core.package_identification:Package 'ros2_ws/src/mujoco_ros_pkgs/mujoco_ros2_sensors' with type 'ros.ament_cmake' and name 'mujoco_ros2_sensors'
[0.209s] Level 1:colcon.colcon_core.package_identification:_identify(ros2_ws/src/mujoco_ros_pkgs/mujoco_ros_control) by extensions ['ignore', 'ignore_ament_install']
[0.209s] Level 1:colcon.colcon_core.package_identification:_identify(ros2_ws/src/mujoco_ros_pkgs/mujoco_ros_control) by extension 'ignore'
[0.209s] Level 1:colcon.colcon_core.package_identification:_identify(ros2_ws/src/mujoco_ros_pkgs/mujoco_ros_control) ignored
[0.209s] Level 1:colcon.colcon_core.package_identification:_identify(ros2_ws/src/mujoco_ros_pkgs/mujoco_ros_laser) by extensions ['ignore', 'ignore_ament_install']
[0.209s] Level 1:colcon.colcon_core.package_identification:_identify(ros2_ws/src/mujoco_ros_pkgs/mujoco_ros_laser) by extension 'ignore'
[0.209s] Level 1:colcon.colcon_core.package_identification:_identify(ros2_ws/src/mujoco_ros_pkgs/mujoco_ros_laser) ignored
[0.209s] Level 1:colcon.colcon_core.package_identification:_identify(ros2_ws/src/mujoco_ros_pkgs/mujoco_ros_mocap_plugin) by extensions ['ignore', 'ignore_ament_install']
[0.209s] Level 1:colcon.colcon_core.package_identification:_identify(ros2_ws/src/mujoco_ros_pkgs/mujoco_ros_mocap_plugin) by extension 'ignore'
[0.209s] Level 1:colcon.colcon_core.package_identification:_identify(ros2_ws/src/mujoco_ros_pkgs/mujoco_ros_mocap_plugin) ignored
[0.209s] Level 1:colcon.colcon_core.package_identification:_identify(ros2_ws/src/mujoco_ros_pkgs/mujoco_ros_msgs) by extensions ['ignore', 'ignore_ament_install']
[0.209s] Level 1:colcon.colcon_core.package_identification:_identify(ros2_ws/src/mujoco_ros_pkgs/mujoco_ros_msgs) by extension 'ignore'
[0.209s] Level 1:colcon.colcon_core.package_identification:_identify(ros2_ws/src/mujoco_ros_pkgs/mujoco_ros_msgs) by extension 'ignore_ament_install'
[0.209s] Level 1:colcon.colcon_core.package_identification:_identify(ros2_ws/src/mujoco_ros_pkgs/mujoco_ros_msgs) by extensions ['colcon_pkg']
[0.209s] Level 1:colcon.colcon_core.package_identification:_identify(ros2_ws/src/mujoco_ros_pkgs/mujoco_ros_msgs) by extension 'colcon_pkg'
[0.209s] Level 1:colcon.colcon_core.package_identification:_identify(ros2_ws/src/mujoco_ros_pkgs/mujoco_ros_msgs) by extensions ['colcon_meta']
[0.209s] Level 1:colcon.colcon_core.package_identification:_identify(ros2_ws/src/mujoco_ros_pkgs/mujoco_ros_msgs) by extension 'colcon_meta'
[0.209s] Level 1:colcon.colcon_core.package_identification:_identify(ros2_ws/src/mujoco_ros_pkgs/mujoco_ros_msgs) by extensions ['ros']
[0.209s] Level 1:colcon.colcon_core.package_identification:_identify(ros2_ws/src/mujoco_ros_pkgs/mujoco_ros_msgs) by extension 'ros'
[0.211s] DEBUG:colcon.colcon_core.package_identification:Package 'ros2_ws/src/mujoco_ros_pkgs/mujoco_ros_msgs' with type 'ros.ament_cmake' and name 'mujoco_ros_msgs'
[0.211s] Level 1:colcon.colcon_core.package_identification:_identify(ros2_ws/src/mujoco_ros_pkgs/mujoco_ros_pkgs) by extensions ['ignore', 'ignore_ament_install']
[0.211s] Level 1:colcon.colcon_core.package_identification:_identify(ros2_ws/src/mujoco_ros_pkgs/mujoco_ros_pkgs) by extension 'ignore'
[0.211s] Level 1:colcon.colcon_core.package_identification:_identify(ros2_ws/src/mujoco_ros_pkgs/mujoco_ros_pkgs) by extension 'ignore_ament_install'
[0.211s] Level 1:colcon.colcon_core.package_identification:_identify(ros2_ws/src/mujoco_ros_pkgs/mujoco_ros_pkgs) by extensions ['colcon_pkg']
[0.211s] Level 1:colcon.colcon_core.package_identification:_identify(ros2_ws/src/mujoco_ros_pkgs/mujoco_ros_pkgs) by extension 'colcon_pkg'
[0.211s] Level 1:colcon.colcon_core.package_identification:_identify(ros2_ws/src/mujoco_ros_pkgs/mujoco_ros_pkgs) by extensions ['colcon_meta']
[0.211s] Level 1:colcon.colcon_core.package_identification:_identify(ros2_ws/src/mujoco_ros_pkgs/mujoco_ros_pkgs) by extension 'colcon_meta'
[0.211s] Level 1:colcon.colcon_core.package_identification:_identify(ros2_ws/src/mujoco_ros_pkgs/mujoco_ros_pkgs) by extensions ['ros']
[0.211s] Level 1:colcon.colcon_core.package_identification:_identify(ros2_ws/src/mujoco_ros_pkgs/mujoco_ros_pkgs) by extension 'ros'
[0.212s] DEBUG:colcon.colcon_core.package_identification:Package 'ros2_ws/src/mujoco_ros_pkgs/mujoco_ros_pkgs' with type 'ros.ament_cmake' and name 'mujoco_ros_pkgs'
[0.212s] Level 1:colcon.colcon_core.package_identification:_identify(ros2_ws/src/mujoco_ros_pkgs/mujoco_ros_sensors) by extensions ['ignore', 'ignore_ament_install']
[0.212s] Level 1:colcon.colcon_core.package_identification:_identify(ros2_ws/src/mujoco_ros_pkgs/mujoco_ros_sensors) by extension 'ignore'
[0.212s] Level 1:colcon.colcon_core.package_identification:_identify(ros2_ws/src/mujoco_ros_pkgs/mujoco_ros_sensors) ignored
[0.212s] Level 1:colcon.colcon_core.package_identification:_identify(ros2_ws/src/multi_mode_control_msgs) by extensions ['ignore', 'ignore_ament_install']
[0.212s] Level 1:colcon.colcon_core.package_identification:_identify(ros2_ws/src/multi_mode_control_msgs) by extension 'ignore'
[0.212s] Level 1:colcon.colcon_core.package_identification:_identify(ros2_ws/src/multi_mode_control_msgs) by extension 'ignore_ament_install'
[0.212s] Level 1:colcon.colcon_core.package_identification:_identify(ros2_ws/src/multi_mode_control_msgs) by extensions ['colcon_pkg']
[0.212s] Level 1:colcon.colcon_core.package_identification:_identify(ros2_ws/src/multi_mode_control_msgs) by extension 'colcon_pkg'
[0.212s] Level 1:colcon.colcon_core.package_identification:_identify(ros2_ws/src/multi_mode_control_msgs) by extensions ['colcon_meta']
[0.212s] Level 1:colcon.colcon_core.package_identification:_identify(ros2_ws/src/multi_mode_control_msgs) by extension 'colcon_meta'
[0.212s] Level 1:colcon.colcon_core.package_identification:_identify(ros2_ws/src/multi_mode_control_msgs) by extensions ['ros']
[0.212s] Level 1:colcon.colcon_core.package_identification:_identify(ros2_ws/src/multi_mode_control_msgs) by extension 'ros'
[0.213s] DEBUG:colcon.colcon_core.package_identification:Package 'ros2_ws/src/multi_mode_control_msgs' with type 'ros.ament_cmake' and name 'multi_mode_control_msgs'
[0.213s] Level 1:colcon.colcon_core.package_identification:_identify(ros2_ws/src/multi_mode_controller) by extensions ['ignore', 'ignore_ament_install']
[0.213s] Level 1:colcon.colcon_core.package_identification:_identify(ros2_ws/src/multi_mode_controller) by extension 'ignore'
[0.213s] Level 1:colcon.colcon_core.package_identification:_identify(ros2_ws/src/multi_mode_controller) by extension 'ignore_ament_install'
[0.213s] Level 1:colcon.colcon_core.package_identification:_identify(ros2_ws/src/multi_mode_controller) by extensions ['colcon_pkg']
[0.213s] Level 1:colcon.colcon_core.package_identification:_identify(ros2_ws/src/multi_mode_controller) by extension 'colcon_pkg'
[0.213s] Level 1:colcon.colcon_core.package_identification:_identify(ros2_ws/src/multi_mode_controller) by extensions ['colcon_meta']
[0.213s] Level 1:colcon.colcon_core.package_identification:_identify(ros2_ws/src/multi_mode_controller) by extension 'colcon_meta'
[0.213s] Level 1:colcon.colcon_core.package_identification:_identify(ros2_ws/src/multi_mode_controller) by extensions ['ros']
[0.213s] Level 1:colcon.colcon_core.package_identification:_identify(ros2_ws/src/multi_mode_controller) by extension 'ros'
[0.213s] DEBUG:colcon.colcon_core.package_identification:Package 'ros2_ws/src/multi_mode_controller' with type 'ros.ament_cmake' and name 'multi_mode_controller'
[0.213s] Level 1:colcon.colcon_core.package_identification:_identify(ros2_ws/src/multi_mode_controller_impl) by extensions ['ignore', 'ignore_ament_install']
[0.213s] Level 1:colcon.colcon_core.package_identification:_identify(ros2_ws/src/multi_mode_controller_impl) by extension 'ignore'
[0.213s] Level 1:colcon.colcon_core.package_identification:_identify(ros2_ws/src/multi_mode_controller_impl) by extension 'ignore_ament_install'
[0.213s] Level 1:colcon.colcon_core.package_identification:_identify(ros2_ws/src/multi_mode_controller_impl) by extensions ['colcon_pkg']
[0.213s] Level 1:colcon.colcon_core.package_identification:_identify(ros2_ws/src/multi_mode_controller_impl) by extension 'colcon_pkg'
[0.213s] Level 1:colcon.colcon_core.package_identification:_identify(ros2_ws/src/multi_mode_controller_impl) by extensions ['colcon_meta']
[0.213s] Level 1:colcon.colcon_core.package_identification:_identify(ros2_ws/src/multi_mode_controller_impl) by extension 'colcon_meta'
[0.213s] Level 1:colcon.colcon_core.package_identification:_identify(ros2_ws/src/multi_mode_controller_impl) by extensions ['ros']
[0.213s] Level 1:colcon.colcon_core.package_identification:_identify(ros2_ws/src/multi_mode_controller_impl) by extension 'ros'
[0.214s] DEBUG:colcon.colcon_core.package_identification:Package 'ros2_ws/src/multi_mode_controller_impl' with type 'ros.ament_cmake' and name 'multi_mode_controller_impl'
[0.214s] Level 1:colcon.colcon_core.package_identification:_identify(ros2_ws/src/panda_motion_generator_msgs) by extensions ['ignore', 'ignore_ament_install']
[0.214s] Level 1:colcon.colcon_core.package_identification:_identify(ros2_ws/src/panda_motion_generator_msgs) by extension 'ignore'
[0.214s] Level 1:colcon.colcon_core.package_identification:_identify(ros2_ws/src/panda_motion_generator_msgs) by extension 'ignore_ament_install'
[0.214s] Level 1:colcon.colcon_core.package_identification:_identify(ros2_ws/src/panda_motion_generator_msgs) by extensions ['colcon_pkg']
[0.214s] Level 1:colcon.colcon_core.package_identification:_identify(ros2_ws/src/panda_motion_generator_msgs) by extension 'colcon_pkg'
[0.214s] Level 1:colcon.colcon_core.package_identification:_identify(ros2_ws/src/panda_motion_generator_msgs) by extensions ['colcon_meta']
[0.214s] Level 1:colcon.colcon_core.package_identification:_identify(ros2_ws/src/panda_motion_generator_msgs) by extension 'colcon_meta'
[0.214s] Level 1:colcon.colcon_core.package_identification:_identify(ros2_ws/src/panda_motion_generator_msgs) by extensions ['ros']
[0.214s] Level 1:colcon.colcon_core.package_identification:_identify(ros2_ws/src/panda_motion_generator_msgs) by extension 'ros'
[0.214s] DEBUG:colcon.colcon_core.package_identification:Package 'ros2_ws/src/panda_motion_generator_msgs' with type 'ros.ament_cmake' and name 'panda_motion_generator_msgs'
[0.214s] Level 1:colcon.colcon_core.package_identification:_identify(ros2_ws/src/panda_motion_generators) by extensions ['ignore', 'ignore_ament_install']
[0.214s] Level 1:colcon.colcon_core.package_identification:_identify(ros2_ws/src/panda_motion_generators) by extension 'ignore'
[0.214s] Level 1:colcon.colcon_core.package_identification:_identify(ros2_ws/src/panda_motion_generators) by extension 'ignore_ament_install'
[0.214s] Level 1:colcon.colcon_core.package_identification:_identify(ros2_ws/src/panda_motion_generators) by extensions ['colcon_pkg']
[0.214s] Level 1:colcon.colcon_core.package_identification:_identify(ros2_ws/src/panda_motion_generators) by extension 'colcon_pkg'
[0.214s] Level 1:colcon.colcon_core.package_identification:_identify(ros2_ws/src/panda_motion_generators) by extensions ['colcon_meta']
[0.214s] Level 1:colcon.colcon_core.package_identification:_identify(ros2_ws/src/panda_motion_generators) by extension 'colcon_meta'
[0.214s] Level 1:colcon.colcon_core.package_identification:_identify(ros2_ws/src/panda_motion_generators) by extensions ['ros']
[0.214s] Level 1:colcon.colcon_core.package_identification:_identify(ros2_ws/src/panda_motion_generators) by extension 'ros'
[0.214s] DEBUG:colcon.colcon_core.package_identification:Package 'ros2_ws/src/panda_motion_generators' with type 'ros.ament_cmake' and name 'panda_motion_generators'
[0.215s] Level 1:colcon.colcon_core.package_discovery:discover_packages(recursive) using defaults
[0.215s] Level 1:colcon.colcon_core.package_discovery:discover_packages(ignore) discover
[0.215s] Level 1:colcon.colcon_core.package_discovery:discover_packages(ignore) using defaults
[0.215s] Level 1:colcon.colcon_core.package_discovery:discover_packages(path) discover
[0.215s] Level 1:colcon.colcon_core.package_discovery:discover_packages(path) using defaults
[0.228s] Level 1:colcon.colcon_core.package_discovery:discover_packages(prefix_path) check parameters
[0.228s] Level 1:colcon.colcon_core.package_discovery:discover_packages(prefix_path) discover
[0.229s] DEBUG:colcon.colcon_installed_package_information.package_discovery:Found 1 installed packages in /home/herring/rzddzy/install
[0.229s] DEBUG:colcon.colcon_installed_package_information.package_discovery:Found 22 installed packages in /home/herring/rzddzy/ros2_ws/install
[0.230s] DEBUG:colcon.colcon_installed_package_information.package_discovery:Found 347 installed packages in /opt/ros/jazzy
[0.230s] Level 1:colcon.colcon_core.package_discovery:discover_packages(prefix_path) using defaults
[0.259s] ERROR:colcon:colcon build: Duplicate package names not supported:
- controller:
  - legacy_ros1/controller
  - ros2_ws/src/controller
