-- Found ament_cmake: 2.5.5 (/opt/ros/jazzy/share/ament_cmake/cmake)
-- Override CMake install command with custom implementation using symlinks instead of copying resources
-- Found rclcpp: 28.1.16 (/opt/ros/jazzy/share/rclcpp/cmake)
-- Found rosidl_generator_c: 4.6.7 (/opt/ros/jazzy/share/rosidl_generator_c/cmake)
-- Found rosidl_generator_cpp: 4.6.7 (/opt/ros/jazzy/share/rosidl_generator_cpp/cmake)
-- Using all available rosidl_typesupport_c: rosidl_typesupport_fastrtps_c;rosidl_typesupport_introspection_c
-- Using all available rosidl_typesupport_cpp: rosidl_typesupport_fastrtps_cpp;rosidl_typesupport_introspection_cpp
-- Found rmw_implementation_cmake: 7.3.3 (/opt/ros/jazzy/share/rmw_implementation_cmake/cmake)
-- Found rmw_fastrtps_cpp: 8.4.3 (/opt/ros/jazzy/share/rmw_fastrtps_cpp/cmake)
-- Using RMW implementation 'rmw_fastrtps_cpp' as default
-- Found controller_interface: 4.42.2 (/opt/ros/jazzy/share/controller_interface/cmake)
-- Found franka_semantic_components: 0.0.0 (/home/herring/rzddzy/ros2_ws/install/franka_semantic_components/share/franka_semantic_components/cmake)
-- Setting yaml-cpp_DIR to: '/opt/ros/jazzy/share/yaml_cpp_vendor/cmake/../../../opt/yaml_cpp_vendor/share/cmake/yaml-cpp'
-- Found eigen3_cmake_module: 0.3.0 (/opt/ros/jazzy/share/eigen3_cmake_module/cmake)
-- Ensuring Eigen3 include directory is part of orocos-kdl CMake target
-- Found multi_mode_control_msgs: 0.0.0 (/home/herring/rzddzy/ros2_ws/install/multi_mode_control_msgs/share/multi_mode_control_msgs/cmake)
-- Configuring done (0.7s)
-- Generating done (0.0s)
-- Build files have been written to: /home/herring/rzddzy/ros2_ws/build/franka_example_controllers
[ 12%] Built target franka_example_controllers_parameters
[ 18%] [32m[1mLinking CXX shared library libfranka_example_controllers.so[0m
[100%] Built target franka_example_controllers
-- Install configuration: ""
-- Execute custom install script
-- Up-to-date symlink: /home/herring/rzddzy/ros2_ws/install/franka_example_controllers/include/franka_example_controllers/franka_example_controllers_parameters.hpp
-- Up-to-date symlink: /home/herring/rzddzy/ros2_ws/install/franka_example_controllers/share/franka_example_controllers//franka_example_controllers.xml
-- Up-to-date symlink: /home/herring/rzddzy/ros2_ws/install/franka_example_controllers/lib/libfranka_example_controllers.so
-- Up-to-date symlink: /home/herring/rzddzy/ros2_ws/install/franka_example_controllers/include/franka_example_controllers/comless/cartesian_impedance_example_controller.hpp
-- Up-to-date symlink: /home/herring/rzddzy/ros2_ws/install/franka_example_controllers/include/franka_example_controllers/comless/cartesian_velocity_example_controller.hpp
-- Up-to-date symlink: /home/herring/rzddzy/ros2_ws/install/franka_example_controllers/include/franka_example_controllers/comless/dual_joint_velocity_example_controller.hpp
-- Up-to-date symlink: /home/herring/rzddzy/ros2_ws/install/franka_example_controllers/include/franka_example_controllers/comless/gravity_compensation_example_controller.hpp
-- Up-to-date symlink: /home/herring/rzddzy/ros2_ws/install/franka_example_controllers/include/franka_example_controllers/comless/joint_impedance_example_controller.hpp
-- Up-to-date symlink: /home/herring/rzddzy/ros2_ws/install/franka_example_controllers/include/franka_example_controllers/comless/joint_position_example_controller.hpp
-- Up-to-date symlink: /home/herring/rzddzy/ros2_ws/install/franka_example_controllers/include/franka_example_controllers/comless/joint_velocity_example_controller.hpp
-- Up-to-date symlink: /home/herring/rzddzy/ros2_ws/install/franka_example_controllers/include/franka_example_controllers/comless/model_example_controller.hpp
-- Up-to-date symlink: /home/herring/rzddzy/ros2_ws/install/franka_example_controllers/include/franka_example_controllers/comless/motion_generator.hpp
-- Up-to-date symlink: /home/herring/rzddzy/ros2_ws/install/franka_example_controllers/include/franka_example_controllers/comless/move_to_start_example_controller.hpp
-- Up-to-date symlink: /home/herring/rzddzy/ros2_ws/install/franka_example_controllers/include/franka_example_controllers/comless/multi_joint_impedance_example_controller.hpp
-- Up-to-date symlink: /home/herring/rzddzy/ros2_ws/install/franka_example_controllers/include/franka_example_controllers/subscriber/cartesian_impedance_controller.hpp
-- Up-to-date symlink: /home/herring/rzddzy/ros2_ws/install/franka_example_controllers/include/franka_example_controllers/subscriber/custom_controller_template.hpp
-- Up-to-date symlink: /home/herring/rzddzy/ros2_ws/install/franka_example_controllers/include/franka_example_controllers/subscriber/joint_impedance_controller.hpp
-- Up-to-date symlink: /home/herring/rzddzy/ros2_ws/install/franka_example_controllers/share/franka_example_controllers/environment/library_path.sh
-- Up-to-date symlink: /home/herring/rzddzy/ros2_ws/install/franka_example_controllers/share/franka_example_controllers/environment/library_path.dsv
-- Up-to-date symlink: /home/herring/rzddzy/ros2_ws/install/franka_example_controllers/share/ament_index/resource_index/package_run_dependencies/franka_example_controllers
-- Up-to-date symlink: /home/herring/rzddzy/ros2_ws/install/franka_example_controllers/share/ament_index/resource_index/parent_prefix_path/franka_example_controllers
-- Up-to-date symlink: /home/herring/rzddzy/ros2_ws/install/franka_example_controllers/share/franka_example_controllers/environment/ament_prefix_path.sh
-- Up-to-date symlink: /home/herring/rzddzy/ros2_ws/install/franka_example_controllers/share/franka_example_controllers/environment/ament_prefix_path.dsv
-- Up-to-date symlink: /home/herring/rzddzy/ros2_ws/install/franka_example_controllers/share/franka_example_controllers/environment/path.sh
-- Up-to-date symlink: /home/herring/rzddzy/ros2_ws/install/franka_example_controllers/share/franka_example_controllers/environment/path.dsv
-- Up-to-date symlink: /home/herring/rzddzy/ros2_ws/install/franka_example_controllers/share/franka_example_controllers/local_setup.bash
-- Up-to-date symlink: /home/herring/rzddzy/ros2_ws/install/franka_example_controllers/share/franka_example_controllers/local_setup.sh
-- Up-to-date symlink: /home/herring/rzddzy/ros2_ws/install/franka_example_controllers/share/franka_example_controllers/local_setup.zsh
-- Up-to-date symlink: /home/herring/rzddzy/ros2_ws/install/franka_example_controllers/share/franka_example_controllers/local_setup.dsv
-- Symlinking: /home/herring/rzddzy/ros2_ws/install/franka_example_controllers/share/franka_example_controllers/package.dsv
-- Up-to-date symlink: /home/herring/rzddzy/ros2_ws/install/franka_example_controllers/share/ament_index/resource_index/packages/franka_example_controllers
-- Up-to-date symlink: /home/herring/rzddzy/ros2_ws/install/franka_example_controllers/share/ament_index/resource_index/controller_interface__pluginlib__plugin/franka_example_controllers
-- Up-to-date symlink: /home/herring/rzddzy/ros2_ws/install/franka_example_controllers/share/franka_example_controllers/cmake/ament_cmake_export_dependencies-extras.cmake
-- Up-to-date symlink: /home/herring/rzddzy/ros2_ws/install/franka_example_controllers/share/franka_example_controllers/cmake/ament_cmake_export_include_directories-extras.cmake
-- Up-to-date symlink: /home/herring/rzddzy/ros2_ws/install/franka_example_controllers/share/franka_example_controllers/cmake/ament_cmake_export_libraries-extras.cmake
-- Up-to-date symlink: /home/herring/rzddzy/ros2_ws/install/franka_example_controllers/share/franka_example_controllers/cmake/franka_example_controllersConfig.cmake
-- Up-to-date symlink: /home/herring/rzddzy/ros2_ws/install/franka_example_controllers/share/franka_example_controllers/cmake/franka_example_controllersConfig-version.cmake
-- Up-to-date symlink: /home/herring/rzddzy/ros2_ws/install/franka_example_controllers/share/franka_example_controllers/package.xml
