[0.009s] Invoking command in '/home/herring/rzddzy/ros2_ws/build/franka_msgs': CMAKE_PREFIX_PATH=${CMAKE_PREFIX_PATH}:/opt/ros/jazzy DEBUGINFOD_URLS=https://debuginfod.ubuntu.com /usr/bin/cmake /home/herring/rzddzy/ros2_ws/src/franka_msgs -DMUJOCO_DIR=/home/herring/.mujoco/mujoco-3.2.0 -DBUILD_TESTING=OFF -DAMENT_CMAKE_SYMLINK_INSTALL=1 -DCMAKE_INSTALL_PREFIX=/home/herring/rzddzy/ros2_ws/install/franka_msgs
[0.022s] -- Found ament_cmake: 2.5.5 (/opt/ros/jazzy/share/ament_cmake/cmake)
[0.040s] -- Found Python3: /usr/bin/python3 (found version "3.12.3") found components: Interpreter 
[0.096s] -- Override CMake install command with custom implementation using symlinks instead of copying resources
[0.100s] -- Found rosidl_default_generators: 1.6.0 (/opt/ros/jazzy/share/rosidl_default_generators/cmake)
[0.101s] -- Using all available rosidl_typesupport_c: rosidl_typesupport_fastrtps_c;rosidl_typesupport_introspection_c
[0.123s] -- Using all available rosidl_typesupport_cpp: rosidl_typesupport_fastrtps_cpp;rosidl_typesupport_introspection_cpp
[0.139s] -- Found rosidl_adapter: 4.6.7 (/opt/ros/jazzy/share/rosidl_adapter/cmake)
[0.140s] -- Found std_msgs: 5.3.6 (/opt/ros/jazzy/share/std_msgs/cmake)
[0.157s] -- Found geometry_msgs: 5.3.6 (/opt/ros/jazzy/share/geometry_msgs/cmake)
[0.166s] -- Found action_msgs: 2.0.3 (/opt/ros/jazzy/share/action_msgs/cmake)
[0.495s] -- Found ament_cmake_ros: 0.12.0 (/opt/ros/jazzy/share/ament_cmake_ros/cmake)
[0.628s] -- Using all available rosidl_typesupport_c: rosidl_typesupport_fastrtps_c;rosidl_typesupport_introspection_c
[0.786s] -- Using all available rosidl_typesupport_cpp: rosidl_typesupport_fastrtps_cpp;rosidl_typesupport_introspection_cpp
[0.787s] -- Found python_cmake_module: 0.11.1 (/opt/ros/jazzy/share/python_cmake_module/cmake)
[0.964s] -- Found Python3: /usr/bin/python3 (found version "3.12.3") found components: Interpreter Development NumPy Development.Module Development.Embed 
[0.996s] -- Configuring done (1.0s)
[1.053s] -- Generating done (0.0s)
[1.063s] -- Build files have been written to: /home/herring/rzddzy/ros2_ws/build/franka_msgs
[1.069s] Invoked command in '/home/herring/rzddzy/ros2_ws/build/franka_msgs' returned '0': CMAKE_PREFIX_PATH=${CMAKE_PREFIX_PATH}:/opt/ros/jazzy DEBUGINFOD_URLS=https://debuginfod.ubuntu.com /usr/bin/cmake /home/herring/rzddzy/ros2_ws/src/franka_msgs -DMUJOCO_DIR=/home/herring/.mujoco/mujoco-3.2.0 -DBUILD_TESTING=OFF -DAMENT_CMAKE_SYMLINK_INSTALL=1 -DCMAKE_INSTALL_PREFIX=/home/herring/rzddzy/ros2_ws/install/franka_msgs
[1.070s] Invoking command in '/home/herring/rzddzy/ros2_ws/build/franka_msgs': CMAKE_PREFIX_PATH=${CMAKE_PREFIX_PATH}:/opt/ros/jazzy DEBUGINFOD_URLS=https://debuginfod.ubuntu.com /usr/bin/cmake --build /home/herring/rzddzy/ros2_ws/build/franka_msgs -- -j28 -l28
[1.123s] [  1%] Built target franka_msgs__rosidl_generator_type_description
[1.131s] [  1%] Built target ament_cmake_python_symlink_franka_msgs
[1.144s] [  1%] Built target franka_msgs__cpp
[1.170s] [ 28%] Built target franka_msgs__rosidl_generator_c
[1.201s] [ 37%] Built target franka_msgs__rosidl_typesupport_c
[1.216s] [ 47%] Built target franka_msgs__rosidl_typesupport_introspection_c
[1.245s] [ 57%] Built target franka_msgs__rosidl_typesupport_cpp
[1.246s] [ 66%] Built target franka_msgs__rosidl_typesupport_introspection_cpp
[1.246s] [ 76%] Built target franka_msgs__rosidl_typesupport_fastrtps_c
[1.255s] [ 86%] Built target franka_msgs__rosidl_typesupport_fastrtps_cpp
[1.275s] [ 86%] Built target franka_msgs
[1.297s] [ 87%] Built target franka_msgs__py
[1.340s] [ 96%] Built target franka_msgs__rosidl_generator_py
[1.365s] running egg_info
[1.371s] [ 97%] Built target franka_msgs_s__rosidl_typesupport_fastrtps_c
[1.372s] [ 98%] Built target franka_msgs_s__rosidl_typesupport_c
[1.373s] [100%] Built target franka_msgs_s__rosidl_typesupport_introspection_c
[1.378s] writing franka_msgs.egg-info/PKG-INFO
[1.378s] writing dependency_links to franka_msgs.egg-info/dependency_links.txt
[1.378s] writing top-level names to franka_msgs.egg-info/top_level.txt
[1.414s] reading manifest file 'franka_msgs.egg-info/SOURCES.txt'
[1.414s] writing manifest file 'franka_msgs.egg-info/SOURCES.txt'
[1.437s] [100%] Built target ament_cmake_python_build_franka_msgs_egg
[1.453s] Invoked command in '/home/herring/rzddzy/ros2_ws/build/franka_msgs' returned '0': CMAKE_PREFIX_PATH=${CMAKE_PREFIX_PATH}:/opt/ros/jazzy DEBUGINFOD_URLS=https://debuginfod.ubuntu.com /usr/bin/cmake --build /home/herring/rzddzy/ros2_ws/build/franka_msgs -- -j28 -l28
[1.454s] Invoking command in '/home/herring/rzddzy/ros2_ws/build/franka_msgs': CMAKE_PREFIX_PATH=${CMAKE_PREFIX_PATH}:/opt/ros/jazzy DEBUGINFOD_URLS=https://debuginfod.ubuntu.com /usr/bin/cmake --install /home/herring/rzddzy/ros2_ws/build/franka_msgs
[1.463s] -- Install configuration: ""
[1.463s] -- Execute custom install script
[1.464s] -- Up-to-date symlink: /home/herring/rzddzy/ros2_ws/install/franka_msgs/share/ament_index/resource_index/rosidl_interfaces/franka_msgs
[1.464s] -- Up-to-date symlink: /home/herring/rzddzy/ros2_ws/install/franka_msgs/share/franka_msgs/msg/GraspEpsilon.json
[1.464s] -- Up-to-date symlink: /home/herring/rzddzy/ros2_ws/install/franka_msgs/share/franka_msgs/msg/FrankaState.json
[1.464s] -- Up-to-date symlink: /home/herring/rzddzy/ros2_ws/install/franka_msgs/share/franka_msgs/msg/FrankaModel.json
[1.464s] -- Up-to-date symlink: /home/herring/rzddzy/ros2_ws/install/franka_msgs/share/franka_msgs/msg/Errors.json
[1.464s] -- Up-to-date symlink: /home/herring/rzddzy/ros2_ws/install/franka_msgs/share/franka_msgs/msg/PoseStampedArray.json
[1.465s] -- Up-to-date symlink: /home/herring/rzddzy/ros2_ws/install/franka_msgs/share/franka_msgs/action/Grasp.json
[1.465s] -- Up-to-date symlink: /home/herring/rzddzy/ros2_ws/install/franka_msgs/share/franka_msgs/action/Homing.json
[1.465s] -- Up-to-date symlink: /home/herring/rzddzy/ros2_ws/install/franka_msgs/share/franka_msgs/action/Move.json
[1.465s] -- Up-to-date symlink: /home/herring/rzddzy/ros2_ws/install/franka_msgs/share/franka_msgs/srv/ErrorRecovery.json
[1.465s] -- Up-to-date symlink: /home/herring/rzddzy/ros2_ws/install/franka_msgs/share/franka_msgs/srv/SetCartesianStiffness.json
[1.465s] -- Up-to-date symlink: /home/herring/rzddzy/ros2_ws/install/franka_msgs/share/franka_msgs/srv/SetTCPFrame.json
[1.466s] -- Up-to-date symlink: /home/herring/rzddzy/ros2_ws/install/franka_msgs/share/franka_msgs/srv/SetForceTorqueCollisionBehavior.json
[1.466s] -- Up-to-date symlink: /home/herring/rzddzy/ros2_ws/install/franka_msgs/share/franka_msgs/srv/SetFullCollisionBehavior.json
[1.466s] -- Up-to-date symlink: /home/herring/rzddzy/ros2_ws/install/franka_msgs/share/franka_msgs/srv/SetJointStiffness.json
[1.466s] -- Up-to-date symlink: /home/herring/rzddzy/ros2_ws/install/franka_msgs/share/franka_msgs/srv/SetStiffnessFrame.json
[1.466s] -- Up-to-date symlink: /home/herring/rzddzy/ros2_ws/install/franka_msgs/share/franka_msgs/srv/SetLoad.json
[1.466s] -- Up-to-date symlink: /home/herring/rzddzy/ros2_ws/install/franka_msgs/share/franka_msgs/srv/SetMujocoPoses.json
[1.468s] -- Up-to-date symlink: /home/herring/rzddzy/ros2_ws/install/franka_msgs/include/franka_msgs/franka_msgs/action/detail/grasp__functions.h
[1.468s] -- Up-to-date symlink: /home/herring/rzddzy/ros2_ws/install/franka_msgs/include/franka_msgs/franka_msgs/action/detail/grasp__struct.h
[1.468s] -- Up-to-date symlink: /home/herring/rzddzy/ros2_ws/install/franka_msgs/include/franka_msgs/franka_msgs/action/detail/grasp__type_support.h
[1.468s] -- Up-to-date symlink: /home/herring/rzddzy/ros2_ws/install/franka_msgs/include/franka_msgs/franka_msgs/action/detail/homing__functions.h
[1.468s] -- Up-to-date symlink: /home/herring/rzddzy/ros2_ws/install/franka_msgs/include/franka_msgs/franka_msgs/action/detail/homing__struct.h
[1.468s] -- Up-to-date symlink: /home/herring/rzddzy/ros2_ws/install/franka_msgs/include/franka_msgs/franka_msgs/action/detail/homing__type_support.h
[1.468s] -- Up-to-date symlink: /home/herring/rzddzy/ros2_ws/install/franka_msgs/include/franka_msgs/franka_msgs/action/detail/move__functions.h
[1.468s] -- Up-to-date symlink: /home/herring/rzddzy/ros2_ws/install/franka_msgs/include/franka_msgs/franka_msgs/action/detail/move__struct.h
[1.468s] -- Up-to-date symlink: /home/herring/rzddzy/ros2_ws/install/franka_msgs/include/franka_msgs/franka_msgs/action/detail/move__type_support.h
[1.469s] -- Up-to-date symlink: /home/herring/rzddzy/ros2_ws/install/franka_msgs/include/franka_msgs/franka_msgs/action/grasp.h
[1.469s] -- Up-to-date symlink: /home/herring/rzddzy/ros2_ws/install/franka_msgs/include/franka_msgs/franka_msgs/action/homing.h
[1.469s] -- Up-to-date symlink: /home/herring/rzddzy/ros2_ws/install/franka_msgs/include/franka_msgs/franka_msgs/action/move.h
[1.469s] -- Up-to-date symlink: /home/herring/rzddzy/ros2_ws/install/franka_msgs/include/franka_msgs/franka_msgs/msg/detail/errors__functions.h
[1.469s] -- Up-to-date symlink: /home/herring/rzddzy/ros2_ws/install/franka_msgs/include/franka_msgs/franka_msgs/msg/detail/errors__struct.h
[1.469s] -- Up-to-date symlink: /home/herring/rzddzy/ros2_ws/install/franka_msgs/include/franka_msgs/franka_msgs/msg/detail/errors__type_support.h
[1.469s] -- Up-to-date symlink: /home/herring/rzddzy/ros2_ws/install/franka_msgs/include/franka_msgs/franka_msgs/msg/detail/franka_model__functions.h
[1.469s] -- Up-to-date symlink: /home/herring/rzddzy/ros2_ws/install/franka_msgs/include/franka_msgs/franka_msgs/msg/detail/franka_model__struct.h
[1.469s] -- Up-to-date symlink: /home/herring/rzddzy/ros2_ws/install/franka_msgs/include/franka_msgs/franka_msgs/msg/detail/franka_model__type_support.h
[1.469s] -- Up-to-date symlink: /home/herring/rzddzy/ros2_ws/install/franka_msgs/include/franka_msgs/franka_msgs/msg/detail/franka_state__functions.h
[1.470s] -- Up-to-date symlink: /home/herring/rzddzy/ros2_ws/install/franka_msgs/include/franka_msgs/franka_msgs/msg/detail/franka_state__struct.h
[1.470s] -- Up-to-date symlink: /home/herring/rzddzy/ros2_ws/install/franka_msgs/include/franka_msgs/franka_msgs/msg/detail/franka_state__type_support.h
[1.470s] -- Up-to-date symlink: /home/herring/rzddzy/ros2_ws/install/franka_msgs/include/franka_msgs/franka_msgs/msg/detail/grasp_epsilon__functions.h
[1.470s] -- Up-to-date symlink: /home/herring/rzddzy/ros2_ws/install/franka_msgs/include/franka_msgs/franka_msgs/msg/detail/grasp_epsilon__struct.h
[1.470s] -- Up-to-date symlink: /home/herring/rzddzy/ros2_ws/install/franka_msgs/include/franka_msgs/franka_msgs/msg/detail/grasp_epsilon__type_support.h
[1.470s] -- Up-to-date symlink: /home/herring/rzddzy/ros2_ws/install/franka_msgs/include/franka_msgs/franka_msgs/msg/detail/pose_stamped_array__functions.h
[1.470s] -- Up-to-date symlink: /home/herring/rzddzy/ros2_ws/install/franka_msgs/include/franka_msgs/franka_msgs/msg/detail/pose_stamped_array__struct.h
[1.470s] -- Up-to-date symlink: /home/herring/rzddzy/ros2_ws/install/franka_msgs/include/franka_msgs/franka_msgs/msg/detail/pose_stamped_array__type_support.h
[1.470s] -- Up-to-date symlink: /home/herring/rzddzy/ros2_ws/install/franka_msgs/include/franka_msgs/franka_msgs/msg/errors.h
[1.470s] -- Up-to-date symlink: /home/herring/rzddzy/ros2_ws/install/franka_msgs/include/franka_msgs/franka_msgs/msg/franka_model.h
[1.470s] -- Up-to-date symlink: /home/herring/rzddzy/ros2_ws/install/franka_msgs/include/franka_msgs/franka_msgs/msg/franka_state.h
[1.470s] -- Up-to-date symlink: /home/herring/rzddzy/ros2_ws/install/franka_msgs/include/franka_msgs/franka_msgs/msg/grasp_epsilon.h
[1.471s] -- Up-to-date symlink: /home/herring/rzddzy/ros2_ws/install/franka_msgs/include/franka_msgs/franka_msgs/msg/pose_stamped_array.h
[1.471s] -- Up-to-date symlink: /home/herring/rzddzy/ros2_ws/install/franka_msgs/include/franka_msgs/franka_msgs/msg/rosidl_generator_c__visibility_control.h
[1.471s] -- Up-to-date symlink: /home/herring/rzddzy/ros2_ws/install/franka_msgs/include/franka_msgs/franka_msgs/srv/detail/error_recovery__functions.h
[1.471s] -- Up-to-date symlink: /home/herring/rzddzy/ros2_ws/install/franka_msgs/include/franka_msgs/franka_msgs/srv/detail/error_recovery__struct.h
[1.471s] -- Up-to-date symlink: /home/herring/rzddzy/ros2_ws/install/franka_msgs/include/franka_msgs/franka_msgs/srv/detail/error_recovery__type_support.h
[1.471s] -- Up-to-date symlink: /home/herring/rzddzy/ros2_ws/install/franka_msgs/include/franka_msgs/franka_msgs/srv/detail/set_cartesian_stiffness__functions.h
[1.471s] -- Up-to-date symlink: /home/herring/rzddzy/ros2_ws/install/franka_msgs/include/franka_msgs/franka_msgs/srv/detail/set_cartesian_stiffness__struct.h
[1.471s] -- Up-to-date symlink: /home/herring/rzddzy/ros2_ws/install/franka_msgs/include/franka_msgs/franka_msgs/srv/detail/set_cartesian_stiffness__type_support.h
[1.471s] -- Up-to-date symlink: /home/herring/rzddzy/ros2_ws/install/franka_msgs/include/franka_msgs/franka_msgs/srv/detail/set_force_torque_collision_behavior__functions.h
[1.471s] -- Up-to-date symlink: /home/herring/rzddzy/ros2_ws/install/franka_msgs/include/franka_msgs/franka_msgs/srv/detail/set_force_torque_collision_behavior__struct.h
[1.471s] -- Up-to-date symlink: /home/herring/rzddzy/ros2_ws/install/franka_msgs/include/franka_msgs/franka_msgs/srv/detail/set_force_torque_collision_behavior__type_support.h
[1.471s] -- Up-to-date symlink: /home/herring/rzddzy/ros2_ws/install/franka_msgs/include/franka_msgs/franka_msgs/srv/detail/set_full_collision_behavior__functions.h
[1.471s] -- Up-to-date symlink: /home/herring/rzddzy/ros2_ws/install/franka_msgs/include/franka_msgs/franka_msgs/srv/detail/set_full_collision_behavior__struct.h
[1.471s] -- Up-to-date symlink: /home/herring/rzddzy/ros2_ws/install/franka_msgs/include/franka_msgs/franka_msgs/srv/detail/set_full_collision_behavior__type_support.h
[1.472s] -- Up-to-date symlink: /home/herring/rzddzy/ros2_ws/install/franka_msgs/include/franka_msgs/franka_msgs/srv/detail/set_joint_stiffness__functions.h
[1.472s] -- Up-to-date symlink: /home/herring/rzddzy/ros2_ws/install/franka_msgs/include/franka_msgs/franka_msgs/srv/detail/set_joint_stiffness__struct.h
[1.472s] -- Up-to-date symlink: /home/herring/rzddzy/ros2_ws/install/franka_msgs/include/franka_msgs/franka_msgs/srv/detail/set_joint_stiffness__type_support.h
[1.472s] -- Up-to-date symlink: /home/herring/rzddzy/ros2_ws/install/franka_msgs/include/franka_msgs/franka_msgs/srv/detail/set_load__functions.h
[1.472s] -- Up-to-date symlink: /home/herring/rzddzy/ros2_ws/install/franka_msgs/include/franka_msgs/franka_msgs/srv/detail/set_load__struct.h
[1.472s] -- Up-to-date symlink: /home/herring/rzddzy/ros2_ws/install/franka_msgs/include/franka_msgs/franka_msgs/srv/detail/set_load__type_support.h
[1.472s] -- Up-to-date symlink: /home/herring/rzddzy/ros2_ws/install/franka_msgs/include/franka_msgs/franka_msgs/srv/detail/set_mujoco_poses__functions.h
[1.472s] -- Up-to-date symlink: /home/herring/rzddzy/ros2_ws/install/franka_msgs/include/franka_msgs/franka_msgs/srv/detail/set_mujoco_poses__struct.h
[1.472s] -- Up-to-date symlink: /home/herring/rzddzy/ros2_ws/install/franka_msgs/include/franka_msgs/franka_msgs/srv/detail/set_mujoco_poses__type_support.h
[1.472s] -- Up-to-date symlink: /home/herring/rzddzy/ros2_ws/install/franka_msgs/include/franka_msgs/franka_msgs/srv/detail/set_stiffness_frame__functions.h
[1.472s] -- Up-to-date symlink: /home/herring/rzddzy/ros2_ws/install/franka_msgs/include/franka_msgs/franka_msgs/srv/detail/set_stiffness_frame__struct.h
[1.472s] -- Up-to-date symlink: /home/herring/rzddzy/ros2_ws/install/franka_msgs/include/franka_msgs/franka_msgs/srv/detail/set_stiffness_frame__type_support.h
[1.472s] -- Up-to-date symlink: /home/herring/rzddzy/ros2_ws/install/franka_msgs/include/franka_msgs/franka_msgs/srv/detail/set_tcp_frame__functions.h
[1.472s] -- Up-to-date symlink: /home/herring/rzddzy/ros2_ws/install/franka_msgs/include/franka_msgs/franka_msgs/srv/detail/set_tcp_frame__struct.h
[1.472s] -- Up-to-date symlink: /home/herring/rzddzy/ros2_ws/install/franka_msgs/include/franka_msgs/franka_msgs/srv/detail/set_tcp_frame__type_support.h
[1.472s] -- Up-to-date symlink: /home/herring/rzddzy/ros2_ws/install/franka_msgs/include/franka_msgs/franka_msgs/srv/error_recovery.h
[1.472s] -- Up-to-date symlink: /home/herring/rzddzy/ros2_ws/install/franka_msgs/include/franka_msgs/franka_msgs/srv/set_cartesian_stiffness.h
[1.472s] -- Up-to-date symlink: /home/herring/rzddzy/ros2_ws/install/franka_msgs/include/franka_msgs/franka_msgs/srv/set_force_torque_collision_behavior.h
[1.472s] -- Up-to-date symlink: /home/herring/rzddzy/ros2_ws/install/franka_msgs/include/franka_msgs/franka_msgs/srv/set_full_collision_behavior.h
[1.472s] -- Up-to-date symlink: /home/herring/rzddzy/ros2_ws/install/franka_msgs/include/franka_msgs/franka_msgs/srv/set_joint_stiffness.h
[1.472s] -- Up-to-date symlink: /home/herring/rzddzy/ros2_ws/install/franka_msgs/include/franka_msgs/franka_msgs/srv/set_load.h
[1.473s] -- Up-to-date symlink: /home/herring/rzddzy/ros2_ws/install/franka_msgs/include/franka_msgs/franka_msgs/srv/set_mujoco_poses.h
[1.473s] -- Up-to-date symlink: /home/herring/rzddzy/ros2_ws/install/franka_msgs/include/franka_msgs/franka_msgs/srv/set_stiffness_frame.h
[1.473s] -- Up-to-date symlink: /home/herring/rzddzy/ros2_ws/install/franka_msgs/include/franka_msgs/franka_msgs/srv/set_tcp_frame.h
[1.473s] -- Up-to-date symlink: /home/herring/rzddzy/ros2_ws/install/franka_msgs/share/franka_msgs/environment/library_path.sh
[1.473s] -- Up-to-date symlink: /home/herring/rzddzy/ros2_ws/install/franka_msgs/share/franka_msgs/environment/library_path.dsv
[1.474s] -- Up-to-date symlink: /home/herring/rzddzy/ros2_ws/install/franka_msgs/include/franka_msgs/franka_msgs/action/detail/grasp__rosidl_typesupport_fastrtps_c.h
[1.474s] -- Up-to-date symlink: /home/herring/rzddzy/ros2_ws/install/franka_msgs/include/franka_msgs/franka_msgs/action/detail/homing__rosidl_typesupport_fastrtps_c.h
[1.474s] -- Up-to-date symlink: /home/herring/rzddzy/ros2_ws/install/franka_msgs/include/franka_msgs/franka_msgs/action/detail/move__rosidl_typesupport_fastrtps_c.h
[1.474s] -- Up-to-date symlink: /home/herring/rzddzy/ros2_ws/install/franka_msgs/include/franka_msgs/franka_msgs/msg/detail/errors__rosidl_typesupport_fastrtps_c.h
[1.474s] -- Up-to-date symlink: /home/herring/rzddzy/ros2_ws/install/franka_msgs/include/franka_msgs/franka_msgs/msg/detail/franka_model__rosidl_typesupport_fastrtps_c.h
[1.474s] -- Up-to-date symlink: /home/herring/rzddzy/ros2_ws/install/franka_msgs/include/franka_msgs/franka_msgs/msg/detail/franka_state__rosidl_typesupport_fastrtps_c.h
[1.474s] -- Up-to-date symlink: /home/herring/rzddzy/ros2_ws/install/franka_msgs/include/franka_msgs/franka_msgs/msg/detail/grasp_epsilon__rosidl_typesupport_fastrtps_c.h
[1.474s] -- Up-to-date symlink: /home/herring/rzddzy/ros2_ws/install/franka_msgs/include/franka_msgs/franka_msgs/msg/detail/pose_stamped_array__rosidl_typesupport_fastrtps_c.h
[1.474s] -- Up-to-date symlink: /home/herring/rzddzy/ros2_ws/install/franka_msgs/include/franka_msgs/franka_msgs/msg/rosidl_typesupport_fastrtps_c__visibility_control.h
[1.474s] -- Up-to-date symlink: /home/herring/rzddzy/ros2_ws/install/franka_msgs/include/franka_msgs/franka_msgs/srv/detail/error_recovery__rosidl_typesupport_fastrtps_c.h
[1.474s] -- Up-to-date symlink: /home/herring/rzddzy/ros2_ws/install/franka_msgs/include/franka_msgs/franka_msgs/srv/detail/set_cartesian_stiffness__rosidl_typesupport_fastrtps_c.h
[1.474s] -- Up-to-date symlink: /home/herring/rzddzy/ros2_ws/install/franka_msgs/include/franka_msgs/franka_msgs/srv/detail/set_force_torque_collision_behavior__rosidl_typesupport_fastrtps_c.h
[1.474s] -- Up-to-date symlink: /home/herring/rzddzy/ros2_ws/install/franka_msgs/include/franka_msgs/franka_msgs/srv/detail/set_full_collision_behavior__rosidl_typesupport_fastrtps_c.h
[1.474s] -- Up-to-date symlink: /home/herring/rzddzy/ros2_ws/install/franka_msgs/include/franka_msgs/franka_msgs/srv/detail/set_joint_stiffness__rosidl_typesupport_fastrtps_c.h
[1.474s] -- Up-to-date symlink: /home/herring/rzddzy/ros2_ws/install/franka_msgs/include/franka_msgs/franka_msgs/srv/detail/set_load__rosidl_typesupport_fastrtps_c.h
[1.474s] -- Up-to-date symlink: /home/herring/rzddzy/ros2_ws/install/franka_msgs/include/franka_msgs/franka_msgs/srv/detail/set_mujoco_poses__rosidl_typesupport_fastrtps_c.h
[1.474s] -- Up-to-date symlink: /home/herring/rzddzy/ros2_ws/install/franka_msgs/include/franka_msgs/franka_msgs/srv/detail/set_stiffness_frame__rosidl_typesupport_fastrtps_c.h
[1.474s] -- Up-to-date symlink: /home/herring/rzddzy/ros2_ws/install/franka_msgs/include/franka_msgs/franka_msgs/srv/detail/set_tcp_frame__rosidl_typesupport_fastrtps_c.h
[1.475s] -- Up-to-date symlink: /home/herring/rzddzy/ros2_ws/install/franka_msgs/include/franka_msgs/franka_msgs/action/detail/grasp__rosidl_typesupport_introspection_c.h
[1.475s] -- Up-to-date symlink: /home/herring/rzddzy/ros2_ws/install/franka_msgs/include/franka_msgs/franka_msgs/action/detail/homing__rosidl_typesupport_introspection_c.h
[1.475s] -- Up-to-date symlink: /home/herring/rzddzy/ros2_ws/install/franka_msgs/include/franka_msgs/franka_msgs/action/detail/move__rosidl_typesupport_introspection_c.h
[1.475s] -- Up-to-date symlink: /home/herring/rzddzy/ros2_ws/install/franka_msgs/include/franka_msgs/franka_msgs/msg/detail/errors__rosidl_typesupport_introspection_c.h
[1.475s] -- Up-to-date symlink: /home/herring/rzddzy/ros2_ws/install/franka_msgs/include/franka_msgs/franka_msgs/msg/detail/franka_model__rosidl_typesupport_introspection_c.h
[1.475s] -- Up-to-date symlink: /home/herring/rzddzy/ros2_ws/install/franka_msgs/include/franka_msgs/franka_msgs/msg/detail/franka_state__rosidl_typesupport_introspection_c.h
[1.475s] -- Up-to-date symlink: /home/herring/rzddzy/ros2_ws/install/franka_msgs/include/franka_msgs/franka_msgs/msg/detail/grasp_epsilon__rosidl_typesupport_introspection_c.h
[1.475s] -- Up-to-date symlink: /home/herring/rzddzy/ros2_ws/install/franka_msgs/include/franka_msgs/franka_msgs/msg/detail/pose_stamped_array__rosidl_typesupport_introspection_c.h
[1.475s] -- Up-to-date symlink: /home/herring/rzddzy/ros2_ws/install/franka_msgs/include/franka_msgs/franka_msgs/msg/rosidl_typesupport_introspection_c__visibility_control.h
[1.475s] -- Up-to-date symlink: /home/herring/rzddzy/ros2_ws/install/franka_msgs/include/franka_msgs/franka_msgs/srv/detail/error_recovery__rosidl_typesupport_introspection_c.h
[1.475s] -- Up-to-date symlink: /home/herring/rzddzy/ros2_ws/install/franka_msgs/include/franka_msgs/franka_msgs/srv/detail/set_cartesian_stiffness__rosidl_typesupport_introspection_c.h
[1.475s] -- Up-to-date symlink: /home/herring/rzddzy/ros2_ws/install/franka_msgs/include/franka_msgs/franka_msgs/srv/detail/set_force_torque_collision_behavior__rosidl_typesupport_introspection_c.h
[1.475s] -- Up-to-date symlink: /home/herring/rzddzy/ros2_ws/install/franka_msgs/include/franka_msgs/franka_msgs/srv/detail/set_full_collision_behavior__rosidl_typesupport_introspection_c.h
[1.475s] -- Up-to-date symlink: /home/herring/rzddzy/ros2_ws/install/franka_msgs/include/franka_msgs/franka_msgs/srv/detail/set_joint_stiffness__rosidl_typesupport_introspection_c.h
[1.476s] -- Up-to-date symlink: /home/herring/rzddzy/ros2_ws/install/franka_msgs/include/franka_msgs/franka_msgs/srv/detail/set_load__rosidl_typesupport_introspection_c.h
[1.476s] -- Up-to-date symlink: /home/herring/rzddzy/ros2_ws/install/franka_msgs/include/franka_msgs/franka_msgs/srv/detail/set_mujoco_poses__rosidl_typesupport_introspection_c.h
[1.476s] -- Up-to-date symlink: /home/herring/rzddzy/ros2_ws/install/franka_msgs/include/franka_msgs/franka_msgs/srv/detail/set_stiffness_frame__rosidl_typesupport_introspection_c.h
[1.476s] -- Up-to-date symlink: /home/herring/rzddzy/ros2_ws/install/franka_msgs/include/franka_msgs/franka_msgs/srv/detail/set_tcp_frame__rosidl_typesupport_introspection_c.h
[1.476s] -- Up-to-date symlink: /home/herring/rzddzy/ros2_ws/install/franka_msgs/include/franka_msgs/franka_msgs/action/detail/grasp__builder.hpp
[1.476s] -- Up-to-date symlink: /home/herring/rzddzy/ros2_ws/install/franka_msgs/include/franka_msgs/franka_msgs/action/detail/grasp__struct.hpp
[1.476s] -- Up-to-date symlink: /home/herring/rzddzy/ros2_ws/install/franka_msgs/include/franka_msgs/franka_msgs/action/detail/grasp__traits.hpp
[1.476s] -- Up-to-date symlink: /home/herring/rzddzy/ros2_ws/install/franka_msgs/include/franka_msgs/franka_msgs/action/detail/grasp__type_support.hpp
[1.477s] -- Up-to-date symlink: /home/herring/rzddzy/ros2_ws/install/franka_msgs/include/franka_msgs/franka_msgs/action/detail/homing__builder.hpp
[1.477s] -- Up-to-date symlink: /home/herring/rzddzy/ros2_ws/install/franka_msgs/include/franka_msgs/franka_msgs/action/detail/homing__struct.hpp
[1.477s] -- Up-to-date symlink: /home/herring/rzddzy/ros2_ws/install/franka_msgs/include/franka_msgs/franka_msgs/action/detail/homing__traits.hpp
[1.477s] -- Up-to-date symlink: /home/herring/rzddzy/ros2_ws/install/franka_msgs/include/franka_msgs/franka_msgs/action/detail/homing__type_support.hpp
[1.477s] -- Up-to-date symlink: /home/herring/rzddzy/ros2_ws/install/franka_msgs/include/franka_msgs/franka_msgs/action/detail/move__builder.hpp
[1.477s] -- Up-to-date symlink: /home/herring/rzddzy/ros2_ws/install/franka_msgs/include/franka_msgs/franka_msgs/action/detail/move__struct.hpp
[1.477s] -- Up-to-date symlink: /home/herring/rzddzy/ros2_ws/install/franka_msgs/include/franka_msgs/franka_msgs/action/detail/move__traits.hpp
[1.477s] -- Up-to-date symlink: /home/herring/rzddzy/ros2_ws/install/franka_msgs/include/franka_msgs/franka_msgs/action/detail/move__type_support.hpp
[1.477s] -- Up-to-date symlink: /home/herring/rzddzy/ros2_ws/install/franka_msgs/include/franka_msgs/franka_msgs/action/grasp.hpp
[1.477s] -- Up-to-date symlink: /home/herring/rzddzy/ros2_ws/install/franka_msgs/include/franka_msgs/franka_msgs/action/homing.hpp
[1.477s] -- Up-to-date symlink: /home/herring/rzddzy/ros2_ws/install/franka_msgs/include/franka_msgs/franka_msgs/action/move.hpp
[1.477s] -- Up-to-date symlink: /home/herring/rzddzy/ros2_ws/install/franka_msgs/include/franka_msgs/franka_msgs/msg/detail/errors__builder.hpp
[1.477s] -- Up-to-date symlink: /home/herring/rzddzy/ros2_ws/install/franka_msgs/include/franka_msgs/franka_msgs/msg/detail/errors__struct.hpp
[1.477s] -- Up-to-date symlink: /home/herring/rzddzy/ros2_ws/install/franka_msgs/include/franka_msgs/franka_msgs/msg/detail/errors__traits.hpp
[1.477s] -- Up-to-date symlink: /home/herring/rzddzy/ros2_ws/install/franka_msgs/include/franka_msgs/franka_msgs/msg/detail/errors__type_support.hpp
[1.477s] -- Up-to-date symlink: /home/herring/rzddzy/ros2_ws/install/franka_msgs/include/franka_msgs/franka_msgs/msg/detail/franka_model__builder.hpp
[1.477s] -- Up-to-date symlink: /home/herring/rzddzy/ros2_ws/install/franka_msgs/include/franka_msgs/franka_msgs/msg/detail/franka_model__struct.hpp
[1.477s] -- Up-to-date symlink: /home/herring/rzddzy/ros2_ws/install/franka_msgs/include/franka_msgs/franka_msgs/msg/detail/franka_model__traits.hpp
[1.478s] -- Up-to-date symlink: /home/herring/rzddzy/ros2_ws/install/franka_msgs/include/franka_msgs/franka_msgs/msg/detail/franka_model__type_support.hpp
[1.478s] -- Up-to-date symlink: /home/herring/rzddzy/ros2_ws/install/franka_msgs/include/franka_msgs/franka_msgs/msg/detail/franka_state__builder.hpp
[1.478s] -- Up-to-date symlink: /home/herring/rzddzy/ros2_ws/install/franka_msgs/include/franka_msgs/franka_msgs/msg/detail/franka_state__struct.hpp
[1.478s] -- Up-to-date symlink: /home/herring/rzddzy/ros2_ws/install/franka_msgs/include/franka_msgs/franka_msgs/msg/detail/franka_state__traits.hpp
[1.478s] -- Up-to-date symlink: /home/herring/rzddzy/ros2_ws/install/franka_msgs/include/franka_msgs/franka_msgs/msg/detail/franka_state__type_support.hpp
[1.478s] -- Up-to-date symlink: /home/herring/rzddzy/ros2_ws/install/franka_msgs/include/franka_msgs/franka_msgs/msg/detail/grasp_epsilon__builder.hpp
[1.478s] -- Up-to-date symlink: /home/herring/rzddzy/ros2_ws/install/franka_msgs/include/franka_msgs/franka_msgs/msg/detail/grasp_epsilon__struct.hpp
[1.478s] -- Up-to-date symlink: /home/herring/rzddzy/ros2_ws/install/franka_msgs/include/franka_msgs/franka_msgs/msg/detail/grasp_epsilon__traits.hpp
[1.478s] -- Up-to-date symlink: /home/herring/rzddzy/ros2_ws/install/franka_msgs/include/franka_msgs/franka_msgs/msg/detail/grasp_epsilon__type_support.hpp
[1.478s] -- Up-to-date symlink: /home/herring/rzddzy/ros2_ws/install/franka_msgs/include/franka_msgs/franka_msgs/msg/detail/pose_stamped_array__builder.hpp
[1.478s] -- Up-to-date symlink: /home/herring/rzddzy/ros2_ws/install/franka_msgs/include/franka_msgs/franka_msgs/msg/detail/pose_stamped_array__struct.hpp
[1.478s] -- Up-to-date symlink: /home/herring/rzddzy/ros2_ws/install/franka_msgs/include/franka_msgs/franka_msgs/msg/detail/pose_stamped_array__traits.hpp
[1.478s] -- Up-to-date symlink: /home/herring/rzddzy/ros2_ws/install/franka_msgs/include/franka_msgs/franka_msgs/msg/detail/pose_stamped_array__type_support.hpp
[1.478s] -- Up-to-date symlink: /home/herring/rzddzy/ros2_ws/install/franka_msgs/include/franka_msgs/franka_msgs/msg/errors.hpp
[1.478s] -- Up-to-date symlink: /home/herring/rzddzy/ros2_ws/install/franka_msgs/include/franka_msgs/franka_msgs/msg/franka_model.hpp
[1.478s] -- Up-to-date symlink: /home/herring/rzddzy/ros2_ws/install/franka_msgs/include/franka_msgs/franka_msgs/msg/franka_state.hpp
[1.479s] -- Up-to-date symlink: /home/herring/rzddzy/ros2_ws/install/franka_msgs/include/franka_msgs/franka_msgs/msg/grasp_epsilon.hpp
[1.479s] -- Up-to-date symlink: /home/herring/rzddzy/ros2_ws/install/franka_msgs/include/franka_msgs/franka_msgs/msg/pose_stamped_array.hpp
[1.479s] -- Up-to-date symlink: /home/herring/rzddzy/ros2_ws/install/franka_msgs/include/franka_msgs/franka_msgs/msg/rosidl_generator_cpp__visibility_control.hpp
[1.479s] -- Up-to-date symlink: /home/herring/rzddzy/ros2_ws/install/franka_msgs/include/franka_msgs/franka_msgs/srv/detail/error_recovery__builder.hpp
[1.479s] -- Up-to-date symlink: /home/herring/rzddzy/ros2_ws/install/franka_msgs/include/franka_msgs/franka_msgs/srv/detail/error_recovery__struct.hpp
[1.479s] -- Up-to-date symlink: /home/herring/rzddzy/ros2_ws/install/franka_msgs/include/franka_msgs/franka_msgs/srv/detail/error_recovery__traits.hpp
[1.479s] -- Up-to-date symlink: /home/herring/rzddzy/ros2_ws/install/franka_msgs/include/franka_msgs/franka_msgs/srv/detail/error_recovery__type_support.hpp
[1.479s] -- Up-to-date symlink: /home/herring/rzddzy/ros2_ws/install/franka_msgs/include/franka_msgs/franka_msgs/srv/detail/set_cartesian_stiffness__builder.hpp
[1.479s] -- Up-to-date symlink: /home/herring/rzddzy/ros2_ws/install/franka_msgs/include/franka_msgs/franka_msgs/srv/detail/set_cartesian_stiffness__struct.hpp
[1.479s] -- Up-to-date symlink: /home/herring/rzddzy/ros2_ws/install/franka_msgs/include/franka_msgs/franka_msgs/srv/detail/set_cartesian_stiffness__traits.hpp
[1.479s] -- Up-to-date symlink: /home/herring/rzddzy/ros2_ws/install/franka_msgs/include/franka_msgs/franka_msgs/srv/detail/set_cartesian_stiffness__type_support.hpp
[1.479s] -- Up-to-date symlink: /home/herring/rzddzy/ros2_ws/install/franka_msgs/include/franka_msgs/franka_msgs/srv/detail/set_force_torque_collision_behavior__builder.hpp
[1.479s] -- Up-to-date symlink: /home/herring/rzddzy/ros2_ws/install/franka_msgs/include/franka_msgs/franka_msgs/srv/detail/set_force_torque_collision_behavior__struct.hpp
[1.479s] -- Up-to-date symlink: /home/herring/rzddzy/ros2_ws/install/franka_msgs/include/franka_msgs/franka_msgs/srv/detail/set_force_torque_collision_behavior__traits.hpp
[1.479s] -- Up-to-date symlink: /home/herring/rzddzy/ros2_ws/install/franka_msgs/include/franka_msgs/franka_msgs/srv/detail/set_force_torque_collision_behavior__type_support.hpp
[1.479s] -- Up-to-date symlink: /home/herring/rzddzy/ros2_ws/install/franka_msgs/include/franka_msgs/franka_msgs/srv/detail/set_full_collision_behavior__builder.hpp
[1.479s] -- Up-to-date symlink: /home/herring/rzddzy/ros2_ws/install/franka_msgs/include/franka_msgs/franka_msgs/srv/detail/set_full_collision_behavior__struct.hpp
[1.479s] -- Up-to-date symlink: /home/herring/rzddzy/ros2_ws/install/franka_msgs/include/franka_msgs/franka_msgs/srv/detail/set_full_collision_behavior__traits.hpp
[1.479s] -- Up-to-date symlink: /home/herring/rzddzy/ros2_ws/install/franka_msgs/include/franka_msgs/franka_msgs/srv/detail/set_full_collision_behavior__type_support.hpp
[1.480s] -- Up-to-date symlink: /home/herring/rzddzy/ros2_ws/install/franka_msgs/include/franka_msgs/franka_msgs/srv/detail/set_joint_stiffness__builder.hpp
[1.480s] -- Up-to-date symlink: /home/herring/rzddzy/ros2_ws/install/franka_msgs/include/franka_msgs/franka_msgs/srv/detail/set_joint_stiffness__struct.hpp
[1.480s] -- Up-to-date symlink: /home/herring/rzddzy/ros2_ws/install/franka_msgs/include/franka_msgs/franka_msgs/srv/detail/set_joint_stiffness__traits.hpp
[1.480s] -- Up-to-date symlink: /home/herring/rzddzy/ros2_ws/install/franka_msgs/include/franka_msgs/franka_msgs/srv/detail/set_joint_stiffness__type_support.hpp
[1.480s] -- Up-to-date symlink: /home/herring/rzddzy/ros2_ws/install/franka_msgs/include/franka_msgs/franka_msgs/srv/detail/set_load__builder.hpp
[1.480s] -- Up-to-date symlink: /home/herring/rzddzy/ros2_ws/install/franka_msgs/include/franka_msgs/franka_msgs/srv/detail/set_load__struct.hpp
[1.480s] -- Up-to-date symlink: /home/herring/rzddzy/ros2_ws/install/franka_msgs/include/franka_msgs/franka_msgs/srv/detail/set_load__traits.hpp
[1.480s] -- Up-to-date symlink: /home/herring/rzddzy/ros2_ws/install/franka_msgs/include/franka_msgs/franka_msgs/srv/detail/set_load__type_support.hpp
[1.480s] -- Up-to-date symlink: /home/herring/rzddzy/ros2_ws/install/franka_msgs/include/franka_msgs/franka_msgs/srv/detail/set_mujoco_poses__builder.hpp
[1.480s] -- Up-to-date symlink: /home/herring/rzddzy/ros2_ws/install/franka_msgs/include/franka_msgs/franka_msgs/srv/detail/set_mujoco_poses__struct.hpp
[1.480s] -- Up-to-date symlink: /home/herring/rzddzy/ros2_ws/install/franka_msgs/include/franka_msgs/franka_msgs/srv/detail/set_mujoco_poses__traits.hpp
[1.480s] -- Up-to-date symlink: /home/herring/rzddzy/ros2_ws/install/franka_msgs/include/franka_msgs/franka_msgs/srv/detail/set_mujoco_poses__type_support.hpp
[1.480s] -- Up-to-date symlink: /home/herring/rzddzy/ros2_ws/install/franka_msgs/include/franka_msgs/franka_msgs/srv/detail/set_stiffness_frame__builder.hpp
[1.480s] -- Up-to-date symlink: /home/herring/rzddzy/ros2_ws/install/franka_msgs/include/franka_msgs/franka_msgs/srv/detail/set_stiffness_frame__struct.hpp
[1.480s] -- Up-to-date symlink: /home/herring/rzddzy/ros2_ws/install/franka_msgs/include/franka_msgs/franka_msgs/srv/detail/set_stiffness_frame__traits.hpp
[1.480s] -- Up-to-date symlink: /home/herring/rzddzy/ros2_ws/install/franka_msgs/include/franka_msgs/franka_msgs/srv/detail/set_stiffness_frame__type_support.hpp
[1.480s] -- Up-to-date symlink: /home/herring/rzddzy/ros2_ws/install/franka_msgs/include/franka_msgs/franka_msgs/srv/detail/set_tcp_frame__builder.hpp
[1.480s] -- Up-to-date symlink: /home/herring/rzddzy/ros2_ws/install/franka_msgs/include/franka_msgs/franka_msgs/srv/detail/set_tcp_frame__struct.hpp
[1.481s] -- Up-to-date symlink: /home/herring/rzddzy/ros2_ws/install/franka_msgs/include/franka_msgs/franka_msgs/srv/detail/set_tcp_frame__traits.hpp
[1.481s] -- Up-to-date symlink: /home/herring/rzddzy/ros2_ws/install/franka_msgs/include/franka_msgs/franka_msgs/srv/detail/set_tcp_frame__type_support.hpp
[1.481s] -- Up-to-date symlink: /home/herring/rzddzy/ros2_ws/install/franka_msgs/include/franka_msgs/franka_msgs/srv/error_recovery.hpp
[1.481s] -- Up-to-date symlink: /home/herring/rzddzy/ros2_ws/install/franka_msgs/include/franka_msgs/franka_msgs/srv/set_cartesian_stiffness.hpp
[1.481s] -- Up-to-date symlink: /home/herring/rzddzy/ros2_ws/install/franka_msgs/include/franka_msgs/franka_msgs/srv/set_force_torque_collision_behavior.hpp
[1.481s] -- Up-to-date symlink: /home/herring/rzddzy/ros2_ws/install/franka_msgs/include/franka_msgs/franka_msgs/srv/set_full_collision_behavior.hpp
[1.481s] -- Up-to-date symlink: /home/herring/rzddzy/ros2_ws/install/franka_msgs/include/franka_msgs/franka_msgs/srv/set_joint_stiffness.hpp
[1.481s] -- Up-to-date symlink: /home/herring/rzddzy/ros2_ws/install/franka_msgs/include/franka_msgs/franka_msgs/srv/set_load.hpp
[1.481s] -- Up-to-date symlink: /home/herring/rzddzy/ros2_ws/install/franka_msgs/include/franka_msgs/franka_msgs/srv/set_mujoco_poses.hpp
[1.481s] -- Up-to-date symlink: /home/herring/rzddzy/ros2_ws/install/franka_msgs/include/franka_msgs/franka_msgs/srv/set_stiffness_frame.hpp
[1.481s] -- Up-to-date symlink: /home/herring/rzddzy/ros2_ws/install/franka_msgs/include/franka_msgs/franka_msgs/srv/set_tcp_frame.hpp
[1.482s] -- Up-to-date symlink: /home/herring/rzddzy/ros2_ws/install/franka_msgs/include/franka_msgs/franka_msgs/action/detail/grasp__rosidl_typesupport_fastrtps_cpp.hpp
[1.482s] -- Up-to-date symlink: /home/herring/rzddzy/ros2_ws/install/franka_msgs/include/franka_msgs/franka_msgs/action/detail/homing__rosidl_typesupport_fastrtps_cpp.hpp
[1.482s] -- Up-to-date symlink: /home/herring/rzddzy/ros2_ws/install/franka_msgs/include/franka_msgs/franka_msgs/action/detail/move__rosidl_typesupport_fastrtps_cpp.hpp
[1.482s] -- Up-to-date symlink: /home/herring/rzddzy/ros2_ws/install/franka_msgs/include/franka_msgs/franka_msgs/msg/detail/errors__rosidl_typesupport_fastrtps_cpp.hpp
[1.482s] -- Up-to-date symlink: /home/herring/rzddzy/ros2_ws/install/franka_msgs/include/franka_msgs/franka_msgs/msg/detail/franka_model__rosidl_typesupport_fastrtps_cpp.hpp
[1.482s] -- Up-to-date symlink: /home/herring/rzddzy/ros2_ws/install/franka_msgs/include/franka_msgs/franka_msgs/msg/detail/franka_state__rosidl_typesupport_fastrtps_cpp.hpp
[1.482s] -- Up-to-date symlink: /home/herring/rzddzy/ros2_ws/install/franka_msgs/include/franka_msgs/franka_msgs/msg/detail/grasp_epsilon__rosidl_typesupport_fastrtps_cpp.hpp
[1.482s] -- Up-to-date symlink: /home/herring/rzddzy/ros2_ws/install/franka_msgs/include/franka_msgs/franka_msgs/msg/detail/pose_stamped_array__rosidl_typesupport_fastrtps_cpp.hpp
[1.482s] -- Up-to-date symlink: /home/herring/rzddzy/ros2_ws/install/franka_msgs/include/franka_msgs/franka_msgs/msg/rosidl_typesupport_fastrtps_cpp__visibility_control.h
[1.482s] -- Up-to-date symlink: /home/herring/rzddzy/ros2_ws/install/franka_msgs/include/franka_msgs/franka_msgs/srv/detail/error_recovery__rosidl_typesupport_fastrtps_cpp.hpp
[1.482s] -- Up-to-date symlink: /home/herring/rzddzy/ros2_ws/install/franka_msgs/include/franka_msgs/franka_msgs/srv/detail/set_cartesian_stiffness__rosidl_typesupport_fastrtps_cpp.hpp
[1.482s] -- Up-to-date symlink: /home/herring/rzddzy/ros2_ws/install/franka_msgs/include/franka_msgs/franka_msgs/srv/detail/set_force_torque_collision_behavior__rosidl_typesupport_fastrtps_cpp.hpp
[1.482s] -- Up-to-date symlink: /home/herring/rzddzy/ros2_ws/install/franka_msgs/include/franka_msgs/franka_msgs/srv/detail/set_full_collision_behavior__rosidl_typesupport_fastrtps_cpp.hpp
[1.482s] -- Up-to-date symlink: /home/herring/rzddzy/ros2_ws/install/franka_msgs/include/franka_msgs/franka_msgs/srv/detail/set_joint_stiffness__rosidl_typesupport_fastrtps_cpp.hpp
[1.482s] -- Up-to-date symlink: /home/herring/rzddzy/ros2_ws/install/franka_msgs/include/franka_msgs/franka_msgs/srv/detail/set_load__rosidl_typesupport_fastrtps_cpp.hpp
[1.482s] -- Up-to-date symlink: /home/herring/rzddzy/ros2_ws/install/franka_msgs/include/franka_msgs/franka_msgs/srv/detail/set_mujoco_poses__rosidl_typesupport_fastrtps_cpp.hpp
[1.483s] -- Up-to-date symlink: /home/herring/rzddzy/ros2_ws/install/franka_msgs/include/franka_msgs/franka_msgs/srv/detail/set_stiffness_frame__rosidl_typesupport_fastrtps_cpp.hpp
[1.483s] -- Up-to-date symlink: /home/herring/rzddzy/ros2_ws/install/franka_msgs/include/franka_msgs/franka_msgs/srv/detail/set_tcp_frame__rosidl_typesupport_fastrtps_cpp.hpp
[1.483s] -- Up-to-date symlink: /home/herring/rzddzy/ros2_ws/install/franka_msgs/include/franka_msgs/franka_msgs/action/detail/grasp__rosidl_typesupport_introspection_cpp.hpp
[1.483s] -- Up-to-date symlink: /home/herring/rzddzy/ros2_ws/install/franka_msgs/include/franka_msgs/franka_msgs/action/detail/homing__rosidl_typesupport_introspection_cpp.hpp
[1.483s] -- Up-to-date symlink: /home/herring/rzddzy/ros2_ws/install/franka_msgs/include/franka_msgs/franka_msgs/action/detail/move__rosidl_typesupport_introspection_cpp.hpp
[1.483s] -- Up-to-date symlink: /home/herring/rzddzy/ros2_ws/install/franka_msgs/include/franka_msgs/franka_msgs/msg/detail/errors__rosidl_typesupport_introspection_cpp.hpp
[1.483s] -- Up-to-date symlink: /home/herring/rzddzy/ros2_ws/install/franka_msgs/include/franka_msgs/franka_msgs/msg/detail/franka_model__rosidl_typesupport_introspection_cpp.hpp
[1.483s] -- Up-to-date symlink: /home/herring/rzddzy/ros2_ws/install/franka_msgs/include/franka_msgs/franka_msgs/msg/detail/franka_state__rosidl_typesupport_introspection_cpp.hpp
[1.483s] -- Up-to-date symlink: /home/herring/rzddzy/ros2_ws/install/franka_msgs/include/franka_msgs/franka_msgs/msg/detail/grasp_epsilon__rosidl_typesupport_introspection_cpp.hpp
[1.483s] -- Up-to-date symlink: /home/herring/rzddzy/ros2_ws/install/franka_msgs/include/franka_msgs/franka_msgs/msg/detail/pose_stamped_array__rosidl_typesupport_introspection_cpp.hpp
[1.483s] -- Up-to-date symlink: /home/herring/rzddzy/ros2_ws/install/franka_msgs/include/franka_msgs/franka_msgs/srv/detail/error_recovery__rosidl_typesupport_introspection_cpp.hpp
[1.483s] -- Up-to-date symlink: /home/herring/rzddzy/ros2_ws/install/franka_msgs/include/franka_msgs/franka_msgs/srv/detail/set_cartesian_stiffness__rosidl_typesupport_introspection_cpp.hpp
[1.483s] -- Up-to-date symlink: /home/herring/rzddzy/ros2_ws/install/franka_msgs/include/franka_msgs/franka_msgs/srv/detail/set_force_torque_collision_behavior__rosidl_typesupport_introspection_cpp.hpp
[1.484s] -- Up-to-date symlink: /home/herring/rzddzy/ros2_ws/install/franka_msgs/include/franka_msgs/franka_msgs/srv/detail/set_full_collision_behavior__rosidl_typesupport_introspection_cpp.hpp
[1.484s] -- Up-to-date symlink: /home/herring/rzddzy/ros2_ws/install/franka_msgs/include/franka_msgs/franka_msgs/srv/detail/set_joint_stiffness__rosidl_typesupport_introspection_cpp.hpp
[1.484s] -- Up-to-date symlink: /home/herring/rzddzy/ros2_ws/install/franka_msgs/include/franka_msgs/franka_msgs/srv/detail/set_load__rosidl_typesupport_introspection_cpp.hpp
[1.484s] -- Up-to-date symlink: /home/herring/rzddzy/ros2_ws/install/franka_msgs/include/franka_msgs/franka_msgs/srv/detail/set_mujoco_poses__rosidl_typesupport_introspection_cpp.hpp
[1.484s] -- Up-to-date symlink: /home/herring/rzddzy/ros2_ws/install/franka_msgs/include/franka_msgs/franka_msgs/srv/detail/set_stiffness_frame__rosidl_typesupport_introspection_cpp.hpp
[1.484s] -- Up-to-date symlink: /home/herring/rzddzy/ros2_ws/install/franka_msgs/include/franka_msgs/franka_msgs/srv/detail/set_tcp_frame__rosidl_typesupport_introspection_cpp.hpp
[1.484s] -- Up-to-date symlink: /home/herring/rzddzy/ros2_ws/install/franka_msgs/share/franka_msgs/environment/pythonpath.sh
[1.484s] -- Up-to-date symlink: /home/herring/rzddzy/ros2_ws/install/franka_msgs/share/franka_msgs/environment/pythonpath.dsv
[1.484s] -- Up-to-date symlink: /home/herring/rzddzy/ros2_ws/install/franka_msgs/lib/python3.12/site-packages/franka_msgs-0.0.0-py3.12.egg-info/PKG-INFO
[1.484s] -- Up-to-date symlink: /home/herring/rzddzy/ros2_ws/install/franka_msgs/lib/python3.12/site-packages/franka_msgs-0.0.0-py3.12.egg-info/SOURCES.txt
[1.484s] -- Up-to-date symlink: /home/herring/rzddzy/ros2_ws/install/franka_msgs/lib/python3.12/site-packages/franka_msgs-0.0.0-py3.12.egg-info/dependency_links.txt
[1.484s] -- Up-to-date symlink: /home/herring/rzddzy/ros2_ws/install/franka_msgs/lib/python3.12/site-packages/franka_msgs-0.0.0-py3.12.egg-info/top_level.txt
[1.485s] -- Up-to-date symlink: /home/herring/rzddzy/ros2_ws/install/franka_msgs/lib/python3.12/site-packages/franka_msgs/__init__.py
[1.485s] -- Up-to-date symlink: /home/herring/rzddzy/ros2_ws/install/franka_msgs/lib/python3.12/site-packages/franka_msgs/_franka_msgs_s.ep.rosidl_typesupport_c.c
[1.485s] -- Up-to-date symlink: /home/herring/rzddzy/ros2_ws/install/franka_msgs/lib/python3.12/site-packages/franka_msgs/_franka_msgs_s.ep.rosidl_typesupport_fastrtps_c.c
[1.485s] -- Up-to-date symlink: /home/herring/rzddzy/ros2_ws/install/franka_msgs/lib/python3.12/site-packages/franka_msgs/_franka_msgs_s.ep.rosidl_typesupport_introspection_c.c
[1.485s] -- Up-to-date symlink: /home/herring/rzddzy/ros2_ws/install/franka_msgs/lib/python3.12/site-packages/franka_msgs/action/__init__.py
[1.485s] -- Up-to-date symlink: /home/herring/rzddzy/ros2_ws/install/franka_msgs/lib/python3.12/site-packages/franka_msgs/action/_grasp.py
[1.485s] -- Up-to-date symlink: /home/herring/rzddzy/ros2_ws/install/franka_msgs/lib/python3.12/site-packages/franka_msgs/action/_grasp_s.c
[1.485s] -- Up-to-date symlink: /home/herring/rzddzy/ros2_ws/install/franka_msgs/lib/python3.12/site-packages/franka_msgs/action/_homing.py
[1.485s] -- Up-to-date symlink: /home/herring/rzddzy/ros2_ws/install/franka_msgs/lib/python3.12/site-packages/franka_msgs/action/_homing_s.c
[1.485s] -- Up-to-date symlink: /home/herring/rzddzy/ros2_ws/install/franka_msgs/lib/python3.12/site-packages/franka_msgs/action/_move.py
[1.486s] -- Up-to-date symlink: /home/herring/rzddzy/ros2_ws/install/franka_msgs/lib/python3.12/site-packages/franka_msgs/action/_move_s.c
[1.486s] -- Up-to-date symlink: /home/herring/rzddzy/ros2_ws/install/franka_msgs/lib/python3.12/site-packages/franka_msgs/franka_msgs_s__rosidl_typesupport_c.so
[1.486s] -- Up-to-date symlink: /home/herring/rzddzy/ros2_ws/install/franka_msgs/lib/python3.12/site-packages/franka_msgs/franka_msgs_s__rosidl_typesupport_fastrtps_c.so
[1.486s] -- Up-to-date symlink: /home/herring/rzddzy/ros2_ws/install/franka_msgs/lib/python3.12/site-packages/franka_msgs/franka_msgs_s__rosidl_typesupport_introspection_c.so
[1.486s] -- Up-to-date symlink: /home/herring/rzddzy/ros2_ws/install/franka_msgs/lib/python3.12/site-packages/franka_msgs/msg/__init__.py
[1.486s] -- Up-to-date symlink: /home/herring/rzddzy/ros2_ws/install/franka_msgs/lib/python3.12/site-packages/franka_msgs/msg/_errors.py
[1.486s] -- Up-to-date symlink: /home/herring/rzddzy/ros2_ws/install/franka_msgs/lib/python3.12/site-packages/franka_msgs/msg/_errors_s.c
[1.486s] -- Up-to-date symlink: /home/herring/rzddzy/ros2_ws/install/franka_msgs/lib/python3.12/site-packages/franka_msgs/msg/_franka_model.py
[1.486s] -- Up-to-date symlink: /home/herring/rzddzy/ros2_ws/install/franka_msgs/lib/python3.12/site-packages/franka_msgs/msg/_franka_model_s.c
[1.487s] -- Up-to-date symlink: /home/herring/rzddzy/ros2_ws/install/franka_msgs/lib/python3.12/site-packages/franka_msgs/msg/_franka_state.py
[1.487s] -- Up-to-date symlink: /home/herring/rzddzy/ros2_ws/install/franka_msgs/lib/python3.12/site-packages/franka_msgs/msg/_franka_state_s.c
[1.487s] -- Up-to-date symlink: /home/herring/rzddzy/ros2_ws/install/franka_msgs/lib/python3.12/site-packages/franka_msgs/msg/_grasp_epsilon.py
[1.487s] -- Up-to-date symlink: /home/herring/rzddzy/ros2_ws/install/franka_msgs/lib/python3.12/site-packages/franka_msgs/msg/_grasp_epsilon_s.c
[1.487s] -- Up-to-date symlink: /home/herring/rzddzy/ros2_ws/install/franka_msgs/lib/python3.12/site-packages/franka_msgs/msg/_pose_stamped_array.py
[1.487s] -- Up-to-date symlink: /home/herring/rzddzy/ros2_ws/install/franka_msgs/lib/python3.12/site-packages/franka_msgs/msg/_pose_stamped_array_s.c
[1.487s] -- Up-to-date symlink: /home/herring/rzddzy/ros2_ws/install/franka_msgs/lib/python3.12/site-packages/franka_msgs/srv/__init__.py
[1.487s] -- Up-to-date symlink: /home/herring/rzddzy/ros2_ws/install/franka_msgs/lib/python3.12/site-packages/franka_msgs/srv/_error_recovery.py
[1.487s] -- Up-to-date symlink: /home/herring/rzddzy/ros2_ws/install/franka_msgs/lib/python3.12/site-packages/franka_msgs/srv/_error_recovery_s.c
[1.487s] -- Up-to-date symlink: /home/herring/rzddzy/ros2_ws/install/franka_msgs/lib/python3.12/site-packages/franka_msgs/srv/_set_cartesian_stiffness.py
[1.487s] -- Up-to-date symlink: /home/herring/rzddzy/ros2_ws/install/franka_msgs/lib/python3.12/site-packages/franka_msgs/srv/_set_cartesian_stiffness_s.c
[1.487s] -- Up-to-date symlink: /home/herring/rzddzy/ros2_ws/install/franka_msgs/lib/python3.12/site-packages/franka_msgs/srv/_set_force_torque_collision_behavior.py
[1.488s] -- Up-to-date symlink: /home/herring/rzddzy/ros2_ws/install/franka_msgs/lib/python3.12/site-packages/franka_msgs/srv/_set_force_torque_collision_behavior_s.c
[1.488s] -- Up-to-date symlink: /home/herring/rzddzy/ros2_ws/install/franka_msgs/lib/python3.12/site-packages/franka_msgs/srv/_set_full_collision_behavior.py
[1.488s] -- Up-to-date symlink: /home/herring/rzddzy/ros2_ws/install/franka_msgs/lib/python3.12/site-packages/franka_msgs/srv/_set_full_collision_behavior_s.c
[1.488s] -- Up-to-date symlink: /home/herring/rzddzy/ros2_ws/install/franka_msgs/lib/python3.12/site-packages/franka_msgs/srv/_set_joint_stiffness.py
[1.488s] -- Up-to-date symlink: /home/herring/rzddzy/ros2_ws/install/franka_msgs/lib/python3.12/site-packages/franka_msgs/srv/_set_joint_stiffness_s.c
[1.488s] -- Up-to-date symlink: /home/herring/rzddzy/ros2_ws/install/franka_msgs/lib/python3.12/site-packages/franka_msgs/srv/_set_load.py
[1.488s] -- Up-to-date symlink: /home/herring/rzddzy/ros2_ws/install/franka_msgs/lib/python3.12/site-packages/franka_msgs/srv/_set_load_s.c
[1.488s] -- Up-to-date symlink: /home/herring/rzddzy/ros2_ws/install/franka_msgs/lib/python3.12/site-packages/franka_msgs/srv/_set_mujoco_poses.py
[1.488s] -- Up-to-date symlink: /home/herring/rzddzy/ros2_ws/install/franka_msgs/lib/python3.12/site-packages/franka_msgs/srv/_set_mujoco_poses_s.c
[1.488s] -- Up-to-date symlink: /home/herring/rzddzy/ros2_ws/install/franka_msgs/lib/python3.12/site-packages/franka_msgs/srv/_set_stiffness_frame.py
[1.488s] -- Up-to-date symlink: /home/herring/rzddzy/ros2_ws/install/franka_msgs/lib/python3.12/site-packages/franka_msgs/srv/_set_stiffness_frame_s.c
[1.489s] -- Up-to-date symlink: /home/herring/rzddzy/ros2_ws/install/franka_msgs/lib/python3.12/site-packages/franka_msgs/srv/_set_tcp_frame.py
[1.489s] -- Up-to-date symlink: /home/herring/rzddzy/ros2_ws/install/franka_msgs/lib/python3.12/site-packages/franka_msgs/srv/_set_tcp_frame_s.c
[1.489s] -- Up-to-date symlink: /home/herring/rzddzy/ros2_ws/install/franka_msgs/lib/python3.12/site-packages/franka_msgs/franka_msgs_s__rosidl_typesupport_fastrtps_c.so
[1.489s] -- Up-to-date symlink: /home/herring/rzddzy/ros2_ws/install/franka_msgs/lib/python3.12/site-packages/franka_msgs/franka_msgs_s__rosidl_typesupport_introspection_c.so
[1.489s] -- Up-to-date symlink: /home/herring/rzddzy/ros2_ws/install/franka_msgs/lib/python3.12/site-packages/franka_msgs/franka_msgs_s__rosidl_typesupport_c.so
[1.489s] -- Up-to-date symlink: /home/herring/rzddzy/ros2_ws/install/franka_msgs/share/franka_msgs/msg/GraspEpsilon.idl
[1.489s] -- Up-to-date symlink: /home/herring/rzddzy/ros2_ws/install/franka_msgs/share/franka_msgs/msg/FrankaState.idl
[1.489s] -- Up-to-date symlink: /home/herring/rzddzy/ros2_ws/install/franka_msgs/share/franka_msgs/msg/FrankaModel.idl
[1.489s] -- Up-to-date symlink: /home/herring/rzddzy/ros2_ws/install/franka_msgs/share/franka_msgs/msg/Errors.idl
[1.489s] -- Up-to-date symlink: /home/herring/rzddzy/ros2_ws/install/franka_msgs/share/franka_msgs/msg/PoseStampedArray.idl
[1.489s] -- Up-to-date symlink: /home/herring/rzddzy/ros2_ws/install/franka_msgs/share/franka_msgs/action/Grasp.idl
[1.489s] -- Up-to-date symlink: /home/herring/rzddzy/ros2_ws/install/franka_msgs/share/franka_msgs/action/Homing.idl
[1.490s] -- Up-to-date symlink: /home/herring/rzddzy/ros2_ws/install/franka_msgs/share/franka_msgs/action/Move.idl
[1.490s] -- Up-to-date symlink: /home/herring/rzddzy/ros2_ws/install/franka_msgs/share/franka_msgs/srv/ErrorRecovery.idl
[1.490s] -- Up-to-date symlink: /home/herring/rzddzy/ros2_ws/install/franka_msgs/share/franka_msgs/srv/SetCartesianStiffness.idl
[1.490s] -- Up-to-date symlink: /home/herring/rzddzy/ros2_ws/install/franka_msgs/share/franka_msgs/srv/SetTCPFrame.idl
[1.490s] -- Up-to-date symlink: /home/herring/rzddzy/ros2_ws/install/franka_msgs/share/franka_msgs/srv/SetForceTorqueCollisionBehavior.idl
[1.490s] -- Up-to-date symlink: /home/herring/rzddzy/ros2_ws/install/franka_msgs/share/franka_msgs/srv/SetFullCollisionBehavior.idl
[1.490s] -- Up-to-date symlink: /home/herring/rzddzy/ros2_ws/install/franka_msgs/share/franka_msgs/srv/SetJointStiffness.idl
[1.490s] -- Up-to-date symlink: /home/herring/rzddzy/ros2_ws/install/franka_msgs/share/franka_msgs/srv/SetStiffnessFrame.idl
[1.490s] -- Up-to-date symlink: /home/herring/rzddzy/ros2_ws/install/franka_msgs/share/franka_msgs/srv/SetLoad.idl
[1.490s] -- Up-to-date symlink: /home/herring/rzddzy/ros2_ws/install/franka_msgs/share/franka_msgs/srv/SetMujocoPoses.idl
[1.490s] -- Up-to-date symlink: /home/herring/rzddzy/ros2_ws/install/franka_msgs/share/franka_msgs/msg/GraspEpsilon.msg
[1.490s] -- Up-to-date symlink: /home/herring/rzddzy/ros2_ws/install/franka_msgs/share/franka_msgs/msg/FrankaState.msg
[1.491s] -- Up-to-date symlink: /home/herring/rzddzy/ros2_ws/install/franka_msgs/share/franka_msgs/msg/FrankaModel.msg
[1.491s] -- Up-to-date symlink: /home/herring/rzddzy/ros2_ws/install/franka_msgs/share/franka_msgs/msg/Errors.msg
[1.491s] -- Up-to-date symlink: /home/herring/rzddzy/ros2_ws/install/franka_msgs/share/franka_msgs/msg/PoseStampedArray.msg
[1.491s] -- Up-to-date symlink: /home/herring/rzddzy/ros2_ws/install/franka_msgs/share/franka_msgs/action/Grasp.action
[1.491s] -- Up-to-date symlink: /home/herring/rzddzy/ros2_ws/install/franka_msgs/share/franka_msgs/action/Homing.action
[1.491s] -- Up-to-date symlink: /home/herring/rzddzy/ros2_ws/install/franka_msgs/share/franka_msgs/action/Move.action
[1.491s] -- Up-to-date symlink: /home/herring/rzddzy/ros2_ws/install/franka_msgs/share/franka_msgs/srv/ErrorRecovery.srv
[1.491s] -- Up-to-date symlink: /home/herring/rzddzy/ros2_ws/install/franka_msgs/share/franka_msgs/srv/SetCartesianStiffness.srv
[1.491s] -- Up-to-date symlink: /home/herring/rzddzy/ros2_ws/install/franka_msgs/share/franka_msgs/srv/SetTCPFrame.srv
[1.491s] -- Up-to-date symlink: /home/herring/rzddzy/ros2_ws/install/franka_msgs/share/franka_msgs/srv/SetForceTorqueCollisionBehavior.srv
[1.491s] -- Up-to-date symlink: /home/herring/rzddzy/ros2_ws/install/franka_msgs/share/franka_msgs/srv/SetFullCollisionBehavior.srv
[1.491s] -- Up-to-date symlink: /home/herring/rzddzy/ros2_ws/install/franka_msgs/share/franka_msgs/srv/SetJointStiffness.srv
[1.491s] -- Up-to-date symlink: /home/herring/rzddzy/ros2_ws/install/franka_msgs/share/franka_msgs/srv/SetStiffnessFrame.srv
[1.492s] -- Up-to-date symlink: /home/herring/rzddzy/ros2_ws/install/franka_msgs/share/franka_msgs/srv/SetLoad.srv
[1.492s] -- Up-to-date symlink: /home/herring/rzddzy/ros2_ws/install/franka_msgs/share/franka_msgs/srv/SetMujocoPoses.srv
[1.492s] -- Up-to-date symlink: /home/herring/rzddzy/ros2_ws/install/franka_msgs/share/ament_index/resource_index/package_run_dependencies/franka_msgs
[1.492s] -- Up-to-date symlink: /home/herring/rzddzy/ros2_ws/install/franka_msgs/share/ament_index/resource_index/parent_prefix_path/franka_msgs
[1.492s] -- Up-to-date symlink: /home/herring/rzddzy/ros2_ws/install/franka_msgs/share/franka_msgs/environment/ament_prefix_path.sh
[1.492s] -- Up-to-date symlink: /home/herring/rzddzy/ros2_ws/install/franka_msgs/share/franka_msgs/environment/ament_prefix_path.dsv
[1.492s] -- Up-to-date symlink: /home/herring/rzddzy/ros2_ws/install/franka_msgs/share/franka_msgs/environment/path.sh
[1.492s] -- Up-to-date symlink: /home/herring/rzddzy/ros2_ws/install/franka_msgs/share/franka_msgs/environment/path.dsv
[1.492s] -- Up-to-date symlink: /home/herring/rzddzy/ros2_ws/install/franka_msgs/share/franka_msgs/local_setup.bash
[1.492s] -- Up-to-date symlink: /home/herring/rzddzy/ros2_ws/install/franka_msgs/share/franka_msgs/local_setup.sh
[1.492s] -- Up-to-date symlink: /home/herring/rzddzy/ros2_ws/install/franka_msgs/share/franka_msgs/local_setup.zsh
[1.492s] -- Up-to-date symlink: /home/herring/rzddzy/ros2_ws/install/franka_msgs/share/franka_msgs/local_setup.dsv
[1.492s] -- Symlinking: /home/herring/rzddzy/ros2_ws/install/franka_msgs/share/franka_msgs/package.dsv
[1.499s] -- Up-to-date symlink: /home/herring/rzddzy/ros2_ws/install/franka_msgs/share/ament_index/resource_index/packages/franka_msgs
[1.499s] -- Up-to-date symlink: /home/herring/rzddzy/ros2_ws/install/franka_msgs/share/franka_msgs/cmake/rosidl_cmake-extras.cmake
[1.499s] -- Up-to-date symlink: /home/herring/rzddzy/ros2_ws/install/franka_msgs/share/franka_msgs/cmake/ament_cmake_export_dependencies-extras.cmake
[1.499s] -- Up-to-date symlink: /home/herring/rzddzy/ros2_ws/install/franka_msgs/share/franka_msgs/cmake/ament_cmake_export_include_directories-extras.cmake
[1.499s] -- Up-to-date symlink: /home/herring/rzddzy/ros2_ws/install/franka_msgs/share/franka_msgs/cmake/ament_cmake_export_libraries-extras.cmake
[1.500s] -- Up-to-date symlink: /home/herring/rzddzy/ros2_ws/install/franka_msgs/share/franka_msgs/cmake/ament_cmake_export_targets-extras.cmake
[1.500s] -- Up-to-date symlink: /home/herring/rzddzy/ros2_ws/install/franka_msgs/share/franka_msgs/cmake/rosidl_cmake_export_typesupport_targets-extras.cmake
[1.500s] -- Up-to-date symlink: /home/herring/rzddzy/ros2_ws/install/franka_msgs/share/franka_msgs/cmake/rosidl_cmake_export_typesupport_libraries-extras.cmake
[1.500s] -- Up-to-date symlink: /home/herring/rzddzy/ros2_ws/install/franka_msgs/share/franka_msgs/cmake/franka_msgsConfig.cmake
[1.500s] -- Up-to-date symlink: /home/herring/rzddzy/ros2_ws/install/franka_msgs/share/franka_msgs/cmake/franka_msgsConfig-version.cmake
[1.500s] -- Up-to-date symlink: /home/herring/rzddzy/ros2_ws/install/franka_msgs/share/franka_msgs/package.xml
[1.500s] -- Up-to-date: /home/herring/rzddzy/ros2_ws/install/franka_msgs/lib/libfranka_msgs__rosidl_generator_c.so
[1.500s] -- Up-to-date: /home/herring/rzddzy/ros2_ws/install/franka_msgs/lib/libfranka_msgs__rosidl_typesupport_fastrtps_c.so
[1.500s] -- Up-to-date: /home/herring/rzddzy/ros2_ws/install/franka_msgs/lib/libfranka_msgs__rosidl_typesupport_introspection_c.so
[1.500s] -- Up-to-date: /home/herring/rzddzy/ros2_ws/install/franka_msgs/lib/libfranka_msgs__rosidl_typesupport_c.so
[1.500s] -- Up-to-date: /home/herring/rzddzy/ros2_ws/install/franka_msgs/lib/libfranka_msgs__rosidl_typesupport_fastrtps_cpp.so
[1.501s] -- Up-to-date: /home/herring/rzddzy/ros2_ws/install/franka_msgs/lib/libfranka_msgs__rosidl_typesupport_introspection_cpp.so
[1.501s] -- Up-to-date: /home/herring/rzddzy/ros2_ws/install/franka_msgs/lib/libfranka_msgs__rosidl_typesupport_cpp.so
[1.529s] Listing '/home/herring/rzddzy/ros2_ws/install/franka_msgs/lib/python3.12/site-packages/franka_msgs'...
[1.529s] Compiling '/home/herring/rzddzy/ros2_ws/install/franka_msgs/lib/python3.12/site-packages/franka_msgs/__init__.py'...
[1.529s] Listing '/home/herring/rzddzy/ros2_ws/install/franka_msgs/lib/python3.12/site-packages/franka_msgs/action'...
[1.529s] Listing '/home/herring/rzddzy/ros2_ws/install/franka_msgs/lib/python3.12/site-packages/franka_msgs/msg'...
[1.529s] Listing '/home/herring/rzddzy/ros2_ws/install/franka_msgs/lib/python3.12/site-packages/franka_msgs/srv'...
[1.532s] -- Up-to-date: /home/herring/rzddzy/ros2_ws/install/franka_msgs/lib/libfranka_msgs__rosidl_generator_py.so
[1.532s] -- Up-to-date: /home/herring/rzddzy/ros2_ws/install/franka_msgs/share/franka_msgs/cmake/export_franka_msgs__rosidl_generator_cExport.cmake
[1.532s] -- Up-to-date: /home/herring/rzddzy/ros2_ws/install/franka_msgs/share/franka_msgs/cmake/export_franka_msgs__rosidl_generator_cExport-noconfig.cmake
[1.532s] -- Up-to-date: /home/herring/rzddzy/ros2_ws/install/franka_msgs/share/franka_msgs/cmake/export_franka_msgs__rosidl_typesupport_fastrtps_cExport.cmake
[1.532s] -- Up-to-date: /home/herring/rzddzy/ros2_ws/install/franka_msgs/share/franka_msgs/cmake/export_franka_msgs__rosidl_typesupport_fastrtps_cExport-noconfig.cmake
[1.532s] -- Up-to-date: /home/herring/rzddzy/ros2_ws/install/franka_msgs/share/franka_msgs/cmake/franka_msgs__rosidl_typesupport_introspection_cExport.cmake
[1.533s] -- Up-to-date: /home/herring/rzddzy/ros2_ws/install/franka_msgs/share/franka_msgs/cmake/franka_msgs__rosidl_typesupport_introspection_cExport-noconfig.cmake
[1.533s] -- Up-to-date: /home/herring/rzddzy/ros2_ws/install/franka_msgs/share/franka_msgs/cmake/franka_msgs__rosidl_typesupport_cExport.cmake
[1.533s] -- Up-to-date: /home/herring/rzddzy/ros2_ws/install/franka_msgs/share/franka_msgs/cmake/franka_msgs__rosidl_typesupport_cExport-noconfig.cmake
[1.533s] -- Up-to-date: /home/herring/rzddzy/ros2_ws/install/franka_msgs/share/franka_msgs/cmake/export_franka_msgs__rosidl_generator_cppExport.cmake
[1.533s] -- Up-to-date: /home/herring/rzddzy/ros2_ws/install/franka_msgs/share/franka_msgs/cmake/export_franka_msgs__rosidl_typesupport_fastrtps_cppExport.cmake
[1.533s] -- Up-to-date: /home/herring/rzddzy/ros2_ws/install/franka_msgs/share/franka_msgs/cmake/export_franka_msgs__rosidl_typesupport_fastrtps_cppExport-noconfig.cmake
[1.533s] -- Up-to-date: /home/herring/rzddzy/ros2_ws/install/franka_msgs/share/franka_msgs/cmake/franka_msgs__rosidl_typesupport_introspection_cppExport.cmake
[1.533s] -- Up-to-date: /home/herring/rzddzy/ros2_ws/install/franka_msgs/share/franka_msgs/cmake/franka_msgs__rosidl_typesupport_introspection_cppExport-noconfig.cmake
[1.533s] -- Up-to-date: /home/herring/rzddzy/ros2_ws/install/franka_msgs/share/franka_msgs/cmake/franka_msgs__rosidl_typesupport_cppExport.cmake
[1.533s] -- Up-to-date: /home/herring/rzddzy/ros2_ws/install/franka_msgs/share/franka_msgs/cmake/franka_msgs__rosidl_typesupport_cppExport-noconfig.cmake
[1.533s] -- Up-to-date: /home/herring/rzddzy/ros2_ws/install/franka_msgs/share/franka_msgs/cmake/export_franka_msgs__rosidl_generator_pyExport.cmake
[1.533s] -- Up-to-date: /home/herring/rzddzy/ros2_ws/install/franka_msgs/share/franka_msgs/cmake/export_franka_msgs__rosidl_generator_pyExport-noconfig.cmake
[1.535s] Invoked command in '/home/herring/rzddzy/ros2_ws/build/franka_msgs' returned '0': CMAKE_PREFIX_PATH=${CMAKE_PREFIX_PATH}:/opt/ros/jazzy DEBUGINFOD_URLS=https://debuginfod.ubuntu.com /usr/bin/cmake --install /home/herring/rzddzy/ros2_ws/build/franka_msgs
