-- Found ament_cmake: 2.5.5 (/opt/ros/jazzy/share/ament_cmake/cmake)
-- Override CMake install command with custom implementation using symlinks instead of copying resources
-- Found mujoco_ros: 0.9.0 (/home/herring/rzddzy/ros2_ws/install/mujoco_ros/share/mujoco_ros/cmake)
-- Found rosidl_generator_c: 4.6.7 (/opt/ros/jazzy/share/rosidl_generator_c/cmake)
-- Found rosidl_generator_cpp: 4.6.7 (/opt/ros/jazzy/share/rosidl_generator_cpp/cmake)
-- Using all available rosidl_typesupport_c: rosidl_typesupport_fastrtps_c;rosidl_typesupport_introspection_c
-- Using all available rosidl_typesupport_cpp: rosidl_typesupport_fastrtps_cpp;rosidl_typesupport_introspection_cpp
-- Found rmw_implementation_cmake: 7.3.3 (/opt/ros/jazzy/share/rmw_implementation_cmake/cmake)
-- Found rmw_fastrtps_cpp: 8.4.3 (/opt/ros/jazzy/share/rmw_fastrtps_cpp/cmake)
-- Using RMW implementation 'rmw_fastrtps_cpp' as default
-- Setting yaml-cpp_DIR to: '/opt/ros/jazzy/share/yaml_cpp_vendor/cmake/../../../opt/yaml_cpp_vendor/share/cmake/yaml-cpp'
-- Found eigen3_cmake_module: 0.3.0 (/opt/ros/jazzy/share/eigen3_cmake_module/cmake)
-- Ensuring Eigen3 include directory is part of orocos-kdl CMake target
-- Configuring done (0.7s)
-- Generating done (0.0s)
-- Build files have been written to: /home/herring/rzddzy/ros2_ws/build/mujoco_ros2_dummy_plugin
[ 50%] [32mBuilding CXX object CMakeFiles/dummy_ros2_plugin.dir/src/dummy_ros2_plugin.cpp.o[0m
[100%] [32m[1mLinking CXX shared library libdummy_ros2_plugin.so[0m
[100%] Built target dummy_ros2_plugin
-- Install configuration: ""
-- Execute custom install script
-- Up-to-date symlink: /home/herring/rzddzy/ros2_ws/install/mujoco_ros2_dummy_plugin/share/mujoco_ros2_dummy_plugin//plugins.xml
-- Up-to-date symlink: /home/herring/rzddzy/ros2_ws/install/mujoco_ros2_dummy_plugin/include/mujoco_ros2_dummy_plugin/dummy_ros2_plugin.hpp
-- Up-to-date symlink: /home/herring/rzddzy/ros2_ws/install/mujoco_ros2_dummy_plugin/share/mujoco_ros2_dummy_plugin/launch/dummy.launch.py
-- Up-to-date symlink: /home/herring/rzddzy/ros2_ws/install/mujoco_ros2_dummy_plugin/share/mujoco_ros2_dummy_plugin/launch/dummy.yaml
-- Up-to-date symlink: /home/herring/rzddzy/ros2_ws/install/mujoco_ros2_dummy_plugin/share/mujoco_ros2_dummy_plugin/launch/pendulum.urdf
-- Up-to-date symlink: /home/herring/rzddzy/ros2_ws/install/mujoco_ros2_dummy_plugin/share/mujoco_ros2_dummy_plugin/launch/pendulum.xml
-- Up-to-date symlink: /home/herring/rzddzy/ros2_ws/install/mujoco_ros2_dummy_plugin/lib/libdummy_ros2_plugin.so
-- Up-to-date symlink: /home/herring/rzddzy/ros2_ws/install/mujoco_ros2_dummy_plugin/share/mujoco_ros2_dummy_plugin/environment/library_path.sh
-- Up-to-date symlink: /home/herring/rzddzy/ros2_ws/install/mujoco_ros2_dummy_plugin/share/mujoco_ros2_dummy_plugin/environment/library_path.dsv
-- Up-to-date symlink: /home/herring/rzddzy/ros2_ws/install/mujoco_ros2_dummy_plugin/share/ament_index/resource_index/package_run_dependencies/mujoco_ros2_dummy_plugin
-- Up-to-date symlink: /home/herring/rzddzy/ros2_ws/install/mujoco_ros2_dummy_plugin/share/ament_index/resource_index/parent_prefix_path/mujoco_ros2_dummy_plugin
-- Up-to-date symlink: /home/herring/rzddzy/ros2_ws/install/mujoco_ros2_dummy_plugin/share/mujoco_ros2_dummy_plugin/environment/ament_prefix_path.sh
-- Up-to-date symlink: /home/herring/rzddzy/ros2_ws/install/mujoco_ros2_dummy_plugin/share/mujoco_ros2_dummy_plugin/environment/ament_prefix_path.dsv
-- Up-to-date symlink: /home/herring/rzddzy/ros2_ws/install/mujoco_ros2_dummy_plugin/share/mujoco_ros2_dummy_plugin/environment/path.sh
-- Up-to-date symlink: /home/herring/rzddzy/ros2_ws/install/mujoco_ros2_dummy_plugin/share/mujoco_ros2_dummy_plugin/environment/path.dsv
-- Up-to-date symlink: /home/herring/rzddzy/ros2_ws/install/mujoco_ros2_dummy_plugin/share/mujoco_ros2_dummy_plugin/local_setup.bash
-- Up-to-date symlink: /home/herring/rzddzy/ros2_ws/install/mujoco_ros2_dummy_plugin/share/mujoco_ros2_dummy_plugin/local_setup.sh
-- Up-to-date symlink: /home/herring/rzddzy/ros2_ws/install/mujoco_ros2_dummy_plugin/share/mujoco_ros2_dummy_plugin/local_setup.zsh
-- Up-to-date symlink: /home/herring/rzddzy/ros2_ws/install/mujoco_ros2_dummy_plugin/share/mujoco_ros2_dummy_plugin/local_setup.dsv
-- Symlinking: /home/herring/rzddzy/ros2_ws/install/mujoco_ros2_dummy_plugin/share/mujoco_ros2_dummy_plugin/package.dsv
-- Up-to-date symlink: /home/herring/rzddzy/ros2_ws/install/mujoco_ros2_dummy_plugin/share/ament_index/resource_index/packages/mujoco_ros2_dummy_plugin
-- Up-to-date symlink: /home/herring/rzddzy/ros2_ws/install/mujoco_ros2_dummy_plugin/share/ament_index/resource_index/mujoco_ros__pluginlib__plugin/mujoco_ros2_dummy_plugin
-- Up-to-date symlink: /home/herring/rzddzy/ros2_ws/install/mujoco_ros2_dummy_plugin/share/mujoco_ros2_dummy_plugin/cmake/ament_cmake_export_include_directories-extras.cmake
-- Up-to-date symlink: /home/herring/rzddzy/ros2_ws/install/mujoco_ros2_dummy_plugin/share/mujoco_ros2_dummy_plugin/cmake/ament_cmake_export_libraries-extras.cmake
-- Up-to-date symlink: /home/herring/rzddzy/ros2_ws/install/mujoco_ros2_dummy_plugin/share/mujoco_ros2_dummy_plugin/cmake/ament_cmake_export_dependencies-extras.cmake
-- Up-to-date symlink: /home/herring/rzddzy/ros2_ws/install/mujoco_ros2_dummy_plugin/share/mujoco_ros2_dummy_plugin/cmake/mujoco_ros2_dummy_pluginConfig.cmake
-- Up-to-date symlink: /home/herring/rzddzy/ros2_ws/install/mujoco_ros2_dummy_plugin/share/mujoco_ros2_dummy_plugin/cmake/mujoco_ros2_dummy_pluginConfig-version.cmake
-- Up-to-date symlink: /home/herring/rzddzy/ros2_ws/install/mujoco_ros2_dummy_plugin/share/mujoco_ros2_dummy_plugin/package.xml
