[0.014s] Invoking command in '/home/herring/rzddzy/ros2_ws/build/controller': CMAKE_PREFIX_PATH=/home/herring/rzddzy/ros2_ws/install/cplus_dev:/home/herring/rzddzy/ros2_ws/install/panda_motion_generators:/home/herring/rzddzy/ros2_ws/install/panda_motion_generator_msgs:/home/herring/rzddzy/ros2_ws/install/franka_bringup:/home/herring/rzddzy/ros2_ws/install/multi_mode_controller_impl:/home/herring/rzddzy/ros2_ws/install/multi_mode_controller:/home/herring/rzddzy/ros2_ws/install/franka_example_controllers:/home/herring/rzddzy/ros2_ws/install/multi_mode_control_msgs:/home/herring/rzddzy/ros2_ws/install/mujoco_ros_pkgs:/home/herring/rzddzy/ros2_ws/install/mujoco_ros2_sensors:/home/herring/rzddzy/ros2_ws/install/mujoco_ros2_dummy_plugin:/home/herring/rzddzy/ros2_ws/install/mujoco_ros2_control_system:/home/herring/rzddzy/ros2_ws/install/franka_robot_state_broadcaster:/home/herring/rzddzy/ros2_ws/install/franka_semantic_components:/home/herring/rzddzy/ros2_ws/install/franka_hardware:/home/herring/rzddzy/ros2_ws/install/mujoco_ros2_control:/home/herring/rzddzy/ros2_ws/install/mujoco_ros:/home/herring/rzddzy/ros2_ws/install/mujoco_ros_msgs:/home/herring/rzddzy/ros2_ws/install/franka_msgs:/home/herring/rzddzy/ros2_ws/install/franka_description:/home/herring/rzddzy/ros2_ws/install/controller:/opt/ros/jazzy/opt/sdformat_vendor:/opt/ros/jazzy/opt/gz_math_vendor:/opt/ros/jazzy/opt/gz_utils_vendor:/opt/ros/jazzy/opt/gz_tools_vendor:/opt/ros/jazzy/opt/gz_cmake_vendor:/opt/ros/jazzy DEBUGINFOD_URLS=https://debuginfod.ubuntu.com /usr/bin/cmake --build /home/herring/rzddzy/ros2_ws/build/controller -- -j28 -l28
[0.095s] [ 25%] Built target gbp_mpc_controller
[0.096s] [ 62%] Built target buffer_controller
[0.099s] [100%] Built target ssa_controller
[0.113s] Invoked command in '/home/herring/rzddzy/ros2_ws/build/controller' returned '0': CMAKE_PREFIX_PATH=/home/herring/rzddzy/ros2_ws/install/cplus_dev:/home/herring/rzddzy/ros2_ws/install/panda_motion_generators:/home/herring/rzddzy/ros2_ws/install/panda_motion_generator_msgs:/home/herring/rzddzy/ros2_ws/install/franka_bringup:/home/herring/rzddzy/ros2_ws/install/multi_mode_controller_impl:/home/herring/rzddzy/ros2_ws/install/multi_mode_controller:/home/herring/rzddzy/ros2_ws/install/franka_example_controllers:/home/herring/rzddzy/ros2_ws/install/multi_mode_control_msgs:/home/herring/rzddzy/ros2_ws/install/mujoco_ros_pkgs:/home/herring/rzddzy/ros2_ws/install/mujoco_ros2_sensors:/home/herring/rzddzy/ros2_ws/install/mujoco_ros2_dummy_plugin:/home/herring/rzddzy/ros2_ws/install/mujoco_ros2_control_system:/home/herring/rzddzy/ros2_ws/install/franka_robot_state_broadcaster:/home/herring/rzddzy/ros2_ws/install/franka_semantic_components:/home/herring/rzddzy/ros2_ws/install/franka_hardware:/home/herring/rzddzy/ros2_ws/install/mujoco_ros2_control:/home/herring/rzddzy/ros2_ws/install/mujoco_ros:/home/herring/rzddzy/ros2_ws/install/mujoco_ros_msgs:/home/herring/rzddzy/ros2_ws/install/franka_msgs:/home/herring/rzddzy/ros2_ws/install/franka_description:/home/herring/rzddzy/ros2_ws/install/controller:/opt/ros/jazzy/opt/sdformat_vendor:/opt/ros/jazzy/opt/gz_math_vendor:/opt/ros/jazzy/opt/gz_utils_vendor:/opt/ros/jazzy/opt/gz_tools_vendor:/opt/ros/jazzy/opt/gz_cmake_vendor:/opt/ros/jazzy DEBUGINFOD_URLS=https://debuginfod.ubuntu.com /usr/bin/cmake --build /home/herring/rzddzy/ros2_ws/build/controller -- -j28 -l28
[0.114s] Invoking command in '/home/herring/rzddzy/ros2_ws/build/controller': CMAKE_PREFIX_PATH=/home/herring/rzddzy/ros2_ws/install/cplus_dev:/home/herring/rzddzy/ros2_ws/install/panda_motion_generators:/home/herring/rzddzy/ros2_ws/install/panda_motion_generator_msgs:/home/herring/rzddzy/ros2_ws/install/franka_bringup:/home/herring/rzddzy/ros2_ws/install/multi_mode_controller_impl:/home/herring/rzddzy/ros2_ws/install/multi_mode_controller:/home/herring/rzddzy/ros2_ws/install/franka_example_controllers:/home/herring/rzddzy/ros2_ws/install/multi_mode_control_msgs:/home/herring/rzddzy/ros2_ws/install/mujoco_ros_pkgs:/home/herring/rzddzy/ros2_ws/install/mujoco_ros2_sensors:/home/herring/rzddzy/ros2_ws/install/mujoco_ros2_dummy_plugin:/home/herring/rzddzy/ros2_ws/install/mujoco_ros2_control_system:/home/herring/rzddzy/ros2_ws/install/franka_robot_state_broadcaster:/home/herring/rzddzy/ros2_ws/install/franka_semantic_components:/home/herring/rzddzy/ros2_ws/install/franka_hardware:/home/herring/rzddzy/ros2_ws/install/mujoco_ros2_control:/home/herring/rzddzy/ros2_ws/install/mujoco_ros:/home/herring/rzddzy/ros2_ws/install/mujoco_ros_msgs:/home/herring/rzddzy/ros2_ws/install/franka_msgs:/home/herring/rzddzy/ros2_ws/install/franka_description:/home/herring/rzddzy/ros2_ws/install/controller:/opt/ros/jazzy/opt/sdformat_vendor:/opt/ros/jazzy/opt/gz_math_vendor:/opt/ros/jazzy/opt/gz_utils_vendor:/opt/ros/jazzy/opt/gz_tools_vendor:/opt/ros/jazzy/opt/gz_cmake_vendor:/opt/ros/jazzy DEBUGINFOD_URLS=https://debuginfod.ubuntu.com /usr/bin/cmake --install /home/herring/rzddzy/ros2_ws/build/controller
[0.123s] -- Install configuration: "Release"
[0.124s] -- Execute custom install script
[0.124s] -- Up-to-date symlink: /home/herring/rzddzy/ros2_ws/install/controller/lib/controller/buffer_controller
[0.124s] -- Up-to-date symlink: /home/herring/rzddzy/ros2_ws/install/controller/lib/controller/ssa_controller
[0.124s] -- Up-to-date symlink: /home/herring/rzddzy/ros2_ws/install/controller/lib/controller/gbp_mpc_controller
[0.124s] -- Up-to-date symlink: /home/herring/rzddzy/ros2_ws/install/controller/share/controller/config/MRGBP.yaml
[0.125s] -- Up-to-date symlink: /home/herring/rzddzy/ros2_ws/install/controller/share/controller/config/franka_sphere.yaml
[0.125s] -- Up-to-date symlink: /home/herring/rzddzy/ros2_ws/install/controller/share/controller/config/gbp_mpc_params.yaml
[0.125s] -- Up-to-date symlink: /home/herring/rzddzy/ros2_ws/install/controller/share/ament_index/resource_index/package_run_dependencies/controller
[0.125s] -- Up-to-date symlink: /home/herring/rzddzy/ros2_ws/install/controller/share/ament_index/resource_index/parent_prefix_path/controller
[0.125s] -- Up-to-date symlink: /home/herring/rzddzy/ros2_ws/install/controller/share/controller/environment/ament_prefix_path.sh
[0.125s] -- Up-to-date symlink: /home/herring/rzddzy/ros2_ws/install/controller/share/controller/environment/ament_prefix_path.dsv
[0.125s] -- Up-to-date symlink: /home/herring/rzddzy/ros2_ws/install/controller/share/controller/environment/path.sh
[0.125s] -- Up-to-date symlink: /home/herring/rzddzy/ros2_ws/install/controller/share/controller/environment/path.dsv
[0.125s] -- Up-to-date symlink: /home/herring/rzddzy/ros2_ws/install/controller/share/controller/local_setup.bash
[0.126s] -- Up-to-date symlink: /home/herring/rzddzy/ros2_ws/install/controller/share/controller/local_setup.sh
[0.126s] -- Up-to-date symlink: /home/herring/rzddzy/ros2_ws/install/controller/share/controller/local_setup.zsh
[0.126s] -- Up-to-date symlink: /home/herring/rzddzy/ros2_ws/install/controller/share/controller/local_setup.dsv
[0.126s] -- Symlinking: /home/herring/rzddzy/ros2_ws/install/controller/share/controller/package.dsv
[0.136s] -- Up-to-date symlink: /home/herring/rzddzy/ros2_ws/install/controller/share/ament_index/resource_index/packages/controller
[0.136s] -- Up-to-date symlink: /home/herring/rzddzy/ros2_ws/install/controller/share/controller/cmake/controllerConfig.cmake
[0.136s] -- Up-to-date symlink: /home/herring/rzddzy/ros2_ws/install/controller/share/controller/cmake/controllerConfig-version.cmake
[0.136s] -- Up-to-date symlink: /home/herring/rzddzy/ros2_ws/install/controller/share/controller/package.xml
[0.136s] -- Up-to-date: /home/herring/rzddzy/ros2_ws/install/controller/include/controller
[0.137s] -- Up-to-date: /home/herring/rzddzy/ros2_ws/install/controller/include/controller/controller
[0.137s] -- Up-to-date: /home/herring/rzddzy/ros2_ws/install/controller/include/controller/controller/buffer_controller.h
[0.138s] Invoked command in '/home/herring/rzddzy/ros2_ws/build/controller' returned '0': CMAKE_PREFIX_PATH=/home/herring/rzddzy/ros2_ws/install/cplus_dev:/home/herring/rzddzy/ros2_ws/install/panda_motion_generators:/home/herring/rzddzy/ros2_ws/install/panda_motion_generator_msgs:/home/herring/rzddzy/ros2_ws/install/franka_bringup:/home/herring/rzddzy/ros2_ws/install/multi_mode_controller_impl:/home/herring/rzddzy/ros2_ws/install/multi_mode_controller:/home/herring/rzddzy/ros2_ws/install/franka_example_controllers:/home/herring/rzddzy/ros2_ws/install/multi_mode_control_msgs:/home/herring/rzddzy/ros2_ws/install/mujoco_ros_pkgs:/home/herring/rzddzy/ros2_ws/install/mujoco_ros2_sensors:/home/herring/rzddzy/ros2_ws/install/mujoco_ros2_dummy_plugin:/home/herring/rzddzy/ros2_ws/install/mujoco_ros2_control_system:/home/herring/rzddzy/ros2_ws/install/franka_robot_state_broadcaster:/home/herring/rzddzy/ros2_ws/install/franka_semantic_components:/home/herring/rzddzy/ros2_ws/install/franka_hardware:/home/herring/rzddzy/ros2_ws/install/mujoco_ros2_control:/home/herring/rzddzy/ros2_ws/install/mujoco_ros:/home/herring/rzddzy/ros2_ws/install/mujoco_ros_msgs:/home/herring/rzddzy/ros2_ws/install/franka_msgs:/home/herring/rzddzy/ros2_ws/install/franka_description:/home/herring/rzddzy/ros2_ws/install/controller:/opt/ros/jazzy/opt/sdformat_vendor:/opt/ros/jazzy/opt/gz_math_vendor:/opt/ros/jazzy/opt/gz_utils_vendor:/opt/ros/jazzy/opt/gz_tools_vendor:/opt/ros/jazzy/opt/gz_cmake_vendor:/opt/ros/jazzy DEBUGINFOD_URLS=https://debuginfod.ubuntu.com /usr/bin/cmake --install /home/herring/rzddzy/ros2_ws/build/controller
