[0.010s] Invoking command in '/home/herring/rzddzy/ros2_ws/build/franka_msgs': CMAKE_PREFIX_PATH=${CMAKE_PREFIX_PATH}:/opt/ros/jazzy DEBUGINFOD_URLS=https://debuginfod.ubuntu.com /usr/bin/cmake /home/herring/rzddzy/ros2_ws/src/franka_msgs -DAMENT_CMAKE_SYMLINK_INSTALL=1 -DCMAKE_INSTALL_PREFIX=/home/herring/rzddzy/ros2_ws/install/franka_msgs
[0.080s] -- The C compiler identification is GNU 13.3.0
[0.140s] -- The CXX compiler identification is GNU 13.3.0
[0.154s] -- Detecting C compiler ABI info
[0.231s] -- Detecting C compiler ABI info - done
[0.237s] -- Check for working C compiler: /usr/bin/cc - skipped
[0.237s] -- Detecting C compile features
[0.237s] -- Detecting C compile features - done
[0.246s] -- Detecting CXX compiler ABI info
[0.333s] -- Detecting CXX compiler ABI info - done
[0.342s] -- Check for working CXX compiler: /usr/bin/c++ - skipped
[0.342s] -- Detecting CXX compile features
[0.343s] -- Detecting CXX compile features - done
[0.346s] -- Found ament_cmake: 2.5.5 (/opt/ros/jazzy/share/ament_cmake/cmake)
[0.464s] -- Found Python3: /usr/bin/python3 (found version "3.12.3") found components: Interpreter 
[0.522s] -- Override CMake install command with custom implementation using symlinks instead of copying resources
[0.552s] -- Found rosidl_default_generators: 1.6.0 (/opt/ros/jazzy/share/rosidl_default_generators/cmake)
[0.559s] -- Using all available rosidl_typesupport_c: rosidl_typesupport_fastrtps_c;rosidl_typesupport_introspection_c
[0.606s] -- Using all available rosidl_typesupport_cpp: rosidl_typesupport_fastrtps_cpp;rosidl_typesupport_introspection_cpp
[0.632s] -- Found rosidl_adapter: 4.6.7 (/opt/ros/jazzy/share/rosidl_adapter/cmake)
[0.635s] -- Found std_msgs: 5.3.6 (/opt/ros/jazzy/share/std_msgs/cmake)
[0.655s] -- Found geometry_msgs: 5.3.6 (/opt/ros/jazzy/share/geometry_msgs/cmake)
[0.665s] -- Found action_msgs: 2.0.3 (/opt/ros/jazzy/share/action_msgs/cmake)
[1.279s] -- Found ament_cmake_ros: 0.12.0 (/opt/ros/jazzy/share/ament_cmake_ros/cmake)
[1.761s] -- Using all available rosidl_typesupport_c: rosidl_typesupport_fastrtps_c;rosidl_typesupport_introspection_c
[2.385s] -- Using all available rosidl_typesupport_cpp: rosidl_typesupport_fastrtps_cpp;rosidl_typesupport_introspection_cpp
[2.388s] -- Found python_cmake_module: 0.11.1 (/opt/ros/jazzy/share/python_cmake_module/cmake)
[2.510s] -- Found PythonExtra: /usr/bin/python3  
[3.482s] -- Found Python3: /usr/bin/python3 (found version "3.12.3") found components: Interpreter Development NumPy Development.Module Development.Embed 
[3.623s] -- Found ament_lint_auto: 0.17.4 (/opt/ros/jazzy/share/ament_lint_auto/cmake)
[3.653s] -- Added test 'copyright' to check source files copyright and LICENSE
[3.656s] -- Added test 'lint_cmake' to check CMake code style
[3.659s] -- Added test 'xmllint' to check XML markup files
[3.663s] -- Configuring done (3.6s)
[3.808s] -- Generating done (0.1s)
[3.838s] -- Build files have been written to: /home/herring/rzddzy/ros2_ws/build/franka_msgs
[3.866s] Invoked command in '/home/herring/rzddzy/ros2_ws/build/franka_msgs' returned '0': CMAKE_PREFIX_PATH=${CMAKE_PREFIX_PATH}:/opt/ros/jazzy DEBUGINFOD_URLS=https://debuginfod.ubuntu.com /usr/bin/cmake /home/herring/rzddzy/ros2_ws/src/franka_msgs -DAMENT_CMAKE_SYMLINK_INSTALL=1 -DCMAKE_INSTALL_PREFIX=/home/herring/rzddzy/ros2_ws/install/franka_msgs
[3.868s] Invoking command in '/home/herring/rzddzy/ros2_ws/build/franka_msgs': CMAKE_PREFIX_PATH=${CMAKE_PREFIX_PATH}:/opt/ros/jazzy DEBUGINFOD_URLS=https://debuginfod.ubuntu.com /usr/bin/cmake --build /home/herring/rzddzy/ros2_ws/build/franka_msgs -- -j28 -l28
[3.970s] [  1%] [34m[1mGenerating type hashes for ROS interfaces[0m
[4.013s] [  1%] Built target ament_cmake_python_symlink_franka_msgs
[4.539s] running egg_info
[4.541s] creating franka_msgs.egg-info
[4.567s] writing franka_msgs.egg-info/PKG-INFO
[4.568s] writing dependency_links to franka_msgs.egg-info/dependency_links.txt
[4.569s] writing top-level names to franka_msgs.egg-info/top_level.txt
[4.574s] writing manifest file 'franka_msgs.egg-info/SOURCES.txt'
[4.648s] reading manifest file 'franka_msgs.egg-info/SOURCES.txt'
[4.648s] writing manifest file 'franka_msgs.egg-info/SOURCES.txt'
[4.706s] [  1%] Built target ament_cmake_python_build_franka_msgs_egg
[5.486s] [  1%] Built target franka_msgs__rosidl_generator_type_description
[5.512s] [  1%] [34m[1mGenerating C code for ROS interfaces[0m
[5.524s] [  1%] [34m[1mGenerating C++ code for ROS interfaces[0m
[9.521s] [  1%] Built target franka_msgs__cpp
[9.922s] [  2%] [32mBuilding C object CMakeFiles/franka_msgs__rosidl_generator_c.dir/rosidl_generator_c/franka_msgs/msg/detail/grasp_epsilon__description.c.o[0m
[9.974s] [  2%] [32mBuilding C object CMakeFiles/franka_msgs__rosidl_generator_c.dir/rosidl_generator_c/franka_msgs/msg/detail/errors__description.c.o[0m
[9.986s] [  2%] [32mBuilding C object CMakeFiles/franka_msgs__rosidl_generator_c.dir/rosidl_generator_c/franka_msgs/msg/detail/grasp_epsilon__functions.c.o[0m
[9.997s] [  3%] [32mBuilding C object CMakeFiles/franka_msgs__rosidl_generator_c.dir/rosidl_generator_c/franka_msgs/msg/detail/franka_model__type_support.c.o[0m
[9.999s] [  3%] [32mBuilding C object CMakeFiles/franka_msgs__rosidl_generator_c.dir/rosidl_generator_c/franka_msgs/msg/detail/errors__type_support.c.o[0m
[10.003s] [  4%] [32mBuilding C object CMakeFiles/franka_msgs__rosidl_generator_c.dir/rosidl_generator_c/franka_msgs/msg/detail/pose_stamped_array__description.c.o[0m
[10.005s] [  4%] [32mBuilding C object CMakeFiles/franka_msgs__rosidl_generator_c.dir/rosidl_generator_c/franka_msgs/msg/detail/franka_state__description.c.o[0m
[10.005s] [  5%] [32mBuilding C object CMakeFiles/franka_msgs__rosidl_generator_c.dir/rosidl_generator_c/franka_msgs/msg/detail/grasp_epsilon__type_support.c.o[0m
[10.005s] [  6%] [32mBuilding C object CMakeFiles/franka_msgs__rosidl_generator_c.dir/rosidl_generator_c/franka_msgs/msg/detail/errors__functions.c.o[0m
[10.009s] [  7%] [32mBuilding C object CMakeFiles/franka_msgs__rosidl_generator_c.dir/rosidl_generator_c/franka_msgs/msg/detail/franka_state__functions.c.o[0m
[10.015s] [  7%] [32mBuilding C object CMakeFiles/franka_msgs__rosidl_generator_c.dir/rosidl_generator_c/franka_msgs/msg/detail/franka_state__type_support.c.o[0m
[10.021s] [  7%] [32mBuilding C object CMakeFiles/franka_msgs__rosidl_generator_c.dir/rosidl_generator_c/franka_msgs/action/detail/homing__functions.c.o[0m
[10.023s] [  7%] [32mBuilding C object CMakeFiles/franka_msgs__rosidl_generator_c.dir/rosidl_generator_c/franka_msgs/msg/detail/franka_model__functions.c.o[0m
[10.032s] [  8%] [32mBuilding C object CMakeFiles/franka_msgs__rosidl_generator_c.dir/rosidl_generator_c/franka_msgs/msg/detail/pose_stamped_array__type_support.c.o[0m
[10.032s] [  8%] [32mBuilding C object CMakeFiles/franka_msgs__rosidl_generator_c.dir/rosidl_generator_c/franka_msgs/action/detail/grasp__description.c.o[0m
[10.033s] [  8%] [32mBuilding C object CMakeFiles/franka_msgs__rosidl_generator_c.dir/rosidl_generator_c/franka_msgs/action/detail/move__type_support.c.o[0m
[10.035s] [  8%] [32mBuilding C object CMakeFiles/franka_msgs__rosidl_generator_c.dir/rosidl_generator_c/franka_msgs/msg/detail/pose_stamped_array__functions.c.o[0m
[10.037s] [  8%] [32mBuilding C object CMakeFiles/franka_msgs__rosidl_generator_c.dir/rosidl_generator_c/franka_msgs/srv/detail/error_recovery__functions.c.o[0m
[10.042s] [  9%] [32mBuilding C object CMakeFiles/franka_msgs__rosidl_generator_c.dir/rosidl_generator_c/franka_msgs/msg/detail/franka_model__description.c.o[0m
[10.071s] [  9%] [32mBuilding C object CMakeFiles/franka_msgs__rosidl_generator_c.dir/rosidl_generator_c/franka_msgs/action/detail/grasp__type_support.c.o[0m
[10.138s] [  9%] [32mBuilding C object CMakeFiles/franka_msgs__rosidl_generator_c.dir/rosidl_generator_c/franka_msgs/action/detail/move__description.c.o[0m
[10.191s] [ 10%] [32mBuilding C object CMakeFiles/franka_msgs__rosidl_generator_c.dir/rosidl_generator_c/franka_msgs/srv/detail/set_cartesian_stiffness__functions.c.o[0m
[10.201s] [ 10%] [32mBuilding C object CMakeFiles/franka_msgs__rosidl_generator_c.dir/rosidl_generator_c/franka_msgs/srv/detail/set_cartesian_stiffness__description.c.o[0m
[10.212s] [ 11%] [32mBuilding C object CMakeFiles/franka_msgs__rosidl_generator_c.dir/rosidl_generator_c/franka_msgs/action/detail/homing__type_support.c.o[0m
[10.218s] [ 12%] [32mBuilding C object CMakeFiles/franka_msgs__rosidl_generator_c.dir/rosidl_generator_c/franka_msgs/action/detail/grasp__functions.c.o[0m
[10.227s] [ 13%] [32mBuilding C object CMakeFiles/franka_msgs__rosidl_generator_c.dir/rosidl_generator_c/franka_msgs/action/detail/move__functions.c.o[0m
[10.227s] [ 14%] [32mBuilding C object CMakeFiles/franka_msgs__rosidl_generator_c.dir/rosidl_generator_c/franka_msgs/srv/detail/error_recovery__description.c.o[0m
[10.286s] [ 14%] [32mBuilding C object CMakeFiles/franka_msgs__rosidl_generator_c.dir/rosidl_generator_c/franka_msgs/srv/detail/set_force_torque_collision_behavior__functions.c.o[0m
[10.286s] [ 15%] [32mBuilding C object CMakeFiles/franka_msgs__rosidl_generator_c.dir/rosidl_generator_c/franka_msgs/srv/detail/set_tcp_frame__functions.c.o[0m
[10.286s] [ 16%] [32mBuilding C object CMakeFiles/franka_msgs__rosidl_generator_c.dir/rosidl_generator_c/franka_msgs/srv/detail/set_force_torque_collision_behavior__description.c.o[0m
[10.312s] [ 17%] [32mBuilding C object CMakeFiles/franka_msgs__rosidl_generator_c.dir/rosidl_generator_c/franka_msgs/srv/detail/error_recovery__type_support.c.o[0m
[10.313s] [ 18%] [32mBuilding C object CMakeFiles/franka_msgs__rosidl_generator_c.dir/rosidl_generator_c/franka_msgs/srv/detail/set_force_torque_collision_behavior__type_support.c.o[0m
[10.326s] [ 19%] [32mBuilding C object CMakeFiles/franka_msgs__rosidl_generator_c.dir/rosidl_generator_c/franka_msgs/action/detail/homing__description.c.o[0m
[10.338s] [ 19%] [32mBuilding C object CMakeFiles/franka_msgs__rosidl_generator_c.dir/rosidl_generator_c/franka_msgs/srv/detail/set_tcp_frame__description.c.o[0m
[10.349s] [ 19%] [32mBuilding C object CMakeFiles/franka_msgs__rosidl_generator_c.dir/rosidl_generator_c/franka_msgs/srv/detail/set_full_collision_behavior__description.c.o[0m
[10.356s] [ 20%] [32mBuilding C object CMakeFiles/franka_msgs__rosidl_generator_c.dir/rosidl_generator_c/franka_msgs/srv/detail/set_cartesian_stiffness__type_support.c.o[0m
[10.366s] [ 20%] [32mBuilding C object CMakeFiles/franka_msgs__rosidl_generator_c.dir/rosidl_generator_c/franka_msgs/srv/detail/set_tcp_frame__type_support.c.o[0m
[10.376s] [ 21%] [32mBuilding C object CMakeFiles/franka_msgs__rosidl_generator_c.dir/rosidl_generator_c/franka_msgs/srv/detail/set_full_collision_behavior__functions.c.o[0m
[10.393s] [ 21%] [32mBuilding C object CMakeFiles/franka_msgs__rosidl_generator_c.dir/rosidl_generator_c/franka_msgs/srv/detail/set_full_collision_behavior__type_support.c.o[0m
[10.404s] [ 22%] [32mBuilding C object CMakeFiles/franka_msgs__rosidl_generator_c.dir/rosidl_generator_c/franka_msgs/srv/detail/set_joint_stiffness__description.c.o[0m
[10.424s] [ 23%] [32mBuilding C object CMakeFiles/franka_msgs__rosidl_generator_c.dir/rosidl_generator_c/franka_msgs/srv/detail/set_joint_stiffness__type_support.c.o[0m
[10.427s] [ 23%] [32mBuilding C object CMakeFiles/franka_msgs__rosidl_generator_c.dir/rosidl_generator_c/franka_msgs/srv/detail/set_joint_stiffness__functions.c.o[0m
[10.494s] [ 24%] [32mBuilding C object CMakeFiles/franka_msgs__rosidl_generator_c.dir/rosidl_generator_c/franka_msgs/srv/detail/set_stiffness_frame__functions.c.o[0m
[10.498s] [ 24%] [32mBuilding C object CMakeFiles/franka_msgs__rosidl_generator_c.dir/rosidl_generator_c/franka_msgs/srv/detail/set_stiffness_frame__type_support.c.o[0m
[10.519s] [ 25%] [32mBuilding C object CMakeFiles/franka_msgs__rosidl_generator_c.dir/rosidl_generator_c/franka_msgs/srv/detail/set_load__type_support.c.o[0m
[10.529s] [ 26%] [32mBuilding C object CMakeFiles/franka_msgs__rosidl_generator_c.dir/rosidl_generator_c/franka_msgs/srv/detail/set_load__description.c.o[0m
[10.536s] [ 26%] [32mBuilding C object CMakeFiles/franka_msgs__rosidl_generator_c.dir/rosidl_generator_c/franka_msgs/srv/detail/set_stiffness_frame__description.c.o[0m
[10.592s] [ 26%] [32mBuilding C object CMakeFiles/franka_msgs__rosidl_generator_c.dir/rosidl_generator_c/franka_msgs/srv/detail/set_load__functions.c.o[0m
[10.626s] [ 27%] [32mBuilding C object CMakeFiles/franka_msgs__rosidl_generator_c.dir/rosidl_generator_c/franka_msgs/srv/detail/set_mujoco_poses__functions.c.o[0m
[10.658s] [ 27%] [32mBuilding C object CMakeFiles/franka_msgs__rosidl_generator_c.dir/rosidl_generator_c/franka_msgs/srv/detail/set_mujoco_poses__type_support.c.o[0m
[10.725s] [ 27%] [32mBuilding C object CMakeFiles/franka_msgs__rosidl_generator_c.dir/rosidl_generator_c/franka_msgs/srv/detail/set_mujoco_poses__description.c.o[0m
[10.916s] [ 28%] [32m[1mLinking C shared library libfranka_msgs__rosidl_generator_c.so[0m
[11.125s] [ 28%] Built target franka_msgs__rosidl_generator_c
[11.144s] [ 29%] [34m[1mGenerating C++ type support dispatch for ROS interfaces[0m
[11.145s] [ 29%] [34m[1mGenerating C type support dispatch for ROS interfaces[0m
[11.145s] [ 30%] [34m[1mGenerating C type support for eProsima Fast-RTPS[0m
[11.146s] [ 31%] [34m[1mGenerating C++ type support for eProsima Fast-RTPS[0m
[11.146s] [ 31%] [34m[1mGenerating C introspection for ROS interfaces[0m
[11.149s] [ 31%] [34m[1mGenerating C++ introspection for ROS interfaces[0m
[12.830s] [ 31%] [32mBuilding CXX object CMakeFiles/franka_msgs__rosidl_typesupport_cpp.dir/rosidl_typesupport_cpp/franka_msgs/msg/grasp_epsilon__type_support.cpp.o[0m
[12.831s] [ 32%] [32mBuilding CXX object CMakeFiles/franka_msgs__rosidl_typesupport_cpp.dir/rosidl_typesupport_cpp/franka_msgs/msg/errors__type_support.cpp.o[0m
[12.831s] [ 32%] [32mBuilding CXX object CMakeFiles/franka_msgs__rosidl_typesupport_cpp.dir/rosidl_typesupport_cpp/franka_msgs/msg/franka_state__type_support.cpp.o[0m
[12.832s] [ 33%] [32mBuilding CXX object CMakeFiles/franka_msgs__rosidl_typesupport_cpp.dir/rosidl_typesupport_cpp/franka_msgs/msg/franka_model__type_support.cpp.o[0m
[12.833s] [ 34%] [32mBuilding CXX object CMakeFiles/franka_msgs__rosidl_typesupport_cpp.dir/rosidl_typesupport_cpp/franka_msgs/msg/pose_stamped_array__type_support.cpp.o[0m
[12.836s] [ 35%] [32mBuilding CXX object CMakeFiles/franka_msgs__rosidl_typesupport_cpp.dir/rosidl_typesupport_cpp/franka_msgs/action/homing__type_support.cpp.o[0m
[12.843s] [ 36%] [32mBuilding CXX object CMakeFiles/franka_msgs__rosidl_typesupport_cpp.dir/rosidl_typesupport_cpp/franka_msgs/srv/error_recovery__type_support.cpp.o[0m
[12.867s] [ 36%] [32mBuilding CXX object CMakeFiles/franka_msgs__rosidl_typesupport_cpp.dir/rosidl_typesupport_cpp/franka_msgs/action/move__type_support.cpp.o[0m
[12.868s] [ 36%] [32mBuilding CXX object CMakeFiles/franka_msgs__rosidl_typesupport_cpp.dir/rosidl_typesupport_cpp/franka_msgs/srv/set_cartesian_stiffness__type_support.cpp.o[0m
[12.869s] [ 36%] [32mBuilding CXX object CMakeFiles/franka_msgs__rosidl_typesupport_cpp.dir/rosidl_typesupport_cpp/franka_msgs/action/grasp__type_support.cpp.o[0m
[12.874s] [ 37%] [32mBuilding CXX object CMakeFiles/franka_msgs__rosidl_typesupport_cpp.dir/rosidl_typesupport_cpp/franka_msgs/srv/set_full_collision_behavior__type_support.cpp.o[0m
[12.878s] [ 38%] [32mBuilding CXX object CMakeFiles/franka_msgs__rosidl_typesupport_cpp.dir/rosidl_typesupport_cpp/franka_msgs/srv/set_tcp_frame__type_support.cpp.o[0m
[12.882s] [ 38%] [32mBuilding CXX object CMakeFiles/franka_msgs__rosidl_typesupport_cpp.dir/rosidl_typesupport_cpp/franka_msgs/srv/set_force_torque_collision_behavior__type_support.cpp.o[0m
[12.899s] [ 39%] [32mBuilding CXX object CMakeFiles/franka_msgs__rosidl_typesupport_cpp.dir/rosidl_typesupport_cpp/franka_msgs/srv/set_joint_stiffness__type_support.cpp.o[0m
[12.900s] [ 39%] [32mBuilding CXX object CMakeFiles/franka_msgs__rosidl_typesupport_cpp.dir/rosidl_typesupport_cpp/franka_msgs/srv/set_stiffness_frame__type_support.cpp.o[0m
[12.903s] [ 40%] [32mBuilding CXX object CMakeFiles/franka_msgs__rosidl_typesupport_cpp.dir/rosidl_typesupport_cpp/franka_msgs/srv/set_mujoco_poses__type_support.cpp.o[0m
[12.903s] [ 40%] [32mBuilding CXX object CMakeFiles/franka_msgs__rosidl_typesupport_cpp.dir/rosidl_typesupport_cpp/franka_msgs/srv/set_load__type_support.cpp.o[0m
[13.134s] [ 41%] [32mBuilding CXX object CMakeFiles/franka_msgs__rosidl_typesupport_c.dir/rosidl_typesupport_c/franka_msgs/msg/grasp_epsilon__type_support.cpp.o[0m
[13.136s] [ 42%] [32mBuilding CXX object CMakeFiles/franka_msgs__rosidl_typesupport_c.dir/rosidl_typesupport_c/franka_msgs/msg/errors__type_support.cpp.o[0m
[13.137s] [ 42%] [32mBuilding CXX object CMakeFiles/franka_msgs__rosidl_typesupport_c.dir/rosidl_typesupport_c/franka_msgs/msg/franka_model__type_support.cpp.o[0m
[13.141s] [ 42%] [32mBuilding CXX object CMakeFiles/franka_msgs__rosidl_typesupport_c.dir/rosidl_typesupport_c/franka_msgs/msg/franka_state__type_support.cpp.o[0m
[13.141s] [ 42%] [32mBuilding CXX object CMakeFiles/franka_msgs__rosidl_typesupport_c.dir/rosidl_typesupport_c/franka_msgs/action/grasp__type_support.cpp.o[0m
[13.149s] [ 43%] [32mBuilding CXX object CMakeFiles/franka_msgs__rosidl_typesupport_c.dir/rosidl_typesupport_c/franka_msgs/action/homing__type_support.cpp.o[0m
[13.149s] [ 44%] [32mBuilding CXX object CMakeFiles/franka_msgs__rosidl_typesupport_c.dir/rosidl_typesupport_c/franka_msgs/msg/pose_stamped_array__type_support.cpp.o[0m
[13.442s] [ 45%] [32mBuilding CXX object CMakeFiles/franka_msgs__rosidl_typesupport_c.dir/rosidl_typesupport_c/franka_msgs/srv/error_recovery__type_support.cpp.o[0m
[13.446s] [ 45%] [32mBuilding CXX object CMakeFiles/franka_msgs__rosidl_typesupport_c.dir/rosidl_typesupport_c/franka_msgs/action/move__type_support.cpp.o[0m
[13.466s] [ 45%] [32mBuilding CXX object CMakeFiles/franka_msgs__rosidl_typesupport_c.dir/rosidl_typesupport_c/franka_msgs/srv/set_cartesian_stiffness__type_support.cpp.o[0m
[13.507s] [ 45%] [32mBuilding CXX object CMakeFiles/franka_msgs__rosidl_typesupport_c.dir/rosidl_typesupport_c/franka_msgs/srv/set_force_torque_collision_behavior__type_support.cpp.o[0m
[13.507s] [ 46%] [32mBuilding CXX object CMakeFiles/franka_msgs__rosidl_typesupport_c.dir/rosidl_typesupport_c/franka_msgs/srv/set_tcp_frame__type_support.cpp.o[0m
[13.520s] [ 47%] [32mBuilding CXX object CMakeFiles/franka_msgs__rosidl_typesupport_c.dir/rosidl_typesupport_c/franka_msgs/srv/set_full_collision_behavior__type_support.cpp.o[0m
[13.555s] [ 47%] [32mBuilding CXX object CMakeFiles/franka_msgs__rosidl_typesupport_c.dir/rosidl_typesupport_c/franka_msgs/srv/set_joint_stiffness__type_support.cpp.o[0m
[13.750s] [ 48%] [32mBuilding CXX object CMakeFiles/franka_msgs__rosidl_typesupport_c.dir/rosidl_typesupport_c/franka_msgs/srv/set_stiffness_frame__type_support.cpp.o[0m
[13.862s] [ 48%] [32mBuilding CXX object CMakeFiles/franka_msgs__rosidl_typesupport_c.dir/rosidl_typesupport_c/franka_msgs/srv/set_load__type_support.cpp.o[0m
[13.938s] [ 49%] [32mBuilding CXX object CMakeFiles/franka_msgs__rosidl_typesupport_c.dir/rosidl_typesupport_c/franka_msgs/srv/set_mujoco_poses__type_support.cpp.o[0m
[13.949s] [ 50%] [32mBuilding C object CMakeFiles/franka_msgs__rosidl_typesupport_introspection_c.dir/rosidl_typesupport_introspection_c/franka_msgs/msg/detail/grasp_epsilon__type_support.c.o[0m
[13.951s] [ 50%] [32mBuilding C object CMakeFiles/franka_msgs__rosidl_typesupport_introspection_c.dir/rosidl_typesupport_introspection_c/franka_msgs/msg/detail/franka_state__type_support.c.o[0m
[14.022s] [ 51%] [32mBuilding C object CMakeFiles/franka_msgs__rosidl_typesupport_introspection_c.dir/rosidl_typesupport_introspection_c/franka_msgs/msg/detail/franka_model__type_support.c.o[0m
[14.039s] [ 51%] [32mBuilding C object CMakeFiles/franka_msgs__rosidl_typesupport_introspection_c.dir/rosidl_typesupport_introspection_c/franka_msgs/msg/detail/errors__type_support.c.o[0m
[14.069s] [ 52%] [32mBuilding C object CMakeFiles/franka_msgs__rosidl_typesupport_introspection_c.dir/rosidl_typesupport_introspection_c/franka_msgs/msg/detail/pose_stamped_array__type_support.c.o[0m
[14.089s] [ 52%] [32mBuilding C object CMakeFiles/franka_msgs__rosidl_typesupport_introspection_c.dir/rosidl_typesupport_introspection_c/franka_msgs/action/detail/grasp__type_support.c.o[0m
[14.102s] [ 53%] [32mBuilding C object CMakeFiles/franka_msgs__rosidl_typesupport_introspection_c.dir/rosidl_typesupport_introspection_c/franka_msgs/action/detail/homing__type_support.c.o[0m
[14.156s] [ 54%] [32mBuilding C object CMakeFiles/franka_msgs__rosidl_typesupport_introspection_c.dir/rosidl_typesupport_introspection_c/franka_msgs/srv/detail/error_recovery__type_support.c.o[0m
[14.191s] [ 54%] [32m[1mLinking CXX shared library libfranka_msgs__rosidl_typesupport_c.so[0m
[14.204s] [ 54%] [32mBuilding C object CMakeFiles/franka_msgs__rosidl_typesupport_introspection_c.dir/rosidl_typesupport_introspection_c/franka_msgs/action/detail/move__type_support.c.o[0m
[14.253s] [ 54%] [32mBuilding C object CMakeFiles/franka_msgs__rosidl_typesupport_introspection_c.dir/rosidl_typesupport_introspection_c/franka_msgs/srv/detail/set_cartesian_stiffness__type_support.c.o[0m
[14.351s] [ 55%] [32mBuilding C object CMakeFiles/franka_msgs__rosidl_typesupport_introspection_c.dir/rosidl_typesupport_introspection_c/franka_msgs/srv/detail/set_tcp_frame__type_support.c.o[0m
[14.383s] [ 56%] [32mBuilding C object CMakeFiles/franka_msgs__rosidl_typesupport_introspection_c.dir/rosidl_typesupport_introspection_c/franka_msgs/srv/detail/set_force_torque_collision_behavior__type_support.c.o[0m
[14.385s] [ 56%] [32mBuilding C object CMakeFiles/franka_msgs__rosidl_typesupport_introspection_c.dir/rosidl_typesupport_introspection_c/franka_msgs/srv/detail/set_full_collision_behavior__type_support.c.o[0m
[14.407s] [ 57%] [32mBuilding C object CMakeFiles/franka_msgs__rosidl_typesupport_introspection_c.dir/rosidl_typesupport_introspection_c/franka_msgs/srv/detail/set_joint_stiffness__type_support.c.o[0m
[14.478s] [ 58%] [32mBuilding C object CMakeFiles/franka_msgs__rosidl_typesupport_introspection_c.dir/rosidl_typesupport_introspection_c/franka_msgs/srv/detail/set_load__type_support.c.o[0m
[14.498s] [ 58%] [32mBuilding C object CMakeFiles/franka_msgs__rosidl_typesupport_introspection_c.dir/rosidl_typesupport_introspection_c/franka_msgs/srv/detail/set_mujoco_poses__type_support.c.o[0m
[14.501s] [ 58%] [32mBuilding C object CMakeFiles/franka_msgs__rosidl_typesupport_introspection_c.dir/rosidl_typesupport_introspection_c/franka_msgs/srv/detail/set_stiffness_frame__type_support.c.o[0m
[14.590s] [ 58%] Built target franka_msgs__rosidl_typesupport_c
[14.615s] [ 59%] [32mBuilding CXX object CMakeFiles/franka_msgs__rosidl_typesupport_introspection_cpp.dir/rosidl_typesupport_introspection_cpp/franka_msgs/msg/detail/grasp_epsilon__type_support.cpp.o[0m
[14.620s] [ 60%] [32mBuilding CXX object CMakeFiles/franka_msgs__rosidl_typesupport_introspection_cpp.dir/rosidl_typesupport_introspection_cpp/franka_msgs/msg/detail/franka_model__type_support.cpp.o[0m
[14.630s] [ 61%] [32mBuilding CXX object CMakeFiles/franka_msgs__rosidl_typesupport_introspection_cpp.dir/rosidl_typesupport_introspection_cpp/franka_msgs/msg/detail/pose_stamped_array__type_support.cpp.o[0m
[14.637s] [ 61%] [32mBuilding CXX object CMakeFiles/franka_msgs__rosidl_typesupport_introspection_cpp.dir/rosidl_typesupport_introspection_cpp/franka_msgs/msg/detail/franka_state__type_support.cpp.o[0m
[14.662s] [ 61%] [32mBuilding CXX object CMakeFiles/franka_msgs__rosidl_typesupport_introspection_cpp.dir/rosidl_typesupport_introspection_cpp/franka_msgs/msg/detail/errors__type_support.cpp.o[0m
[14.680s] [ 62%] [32mBuilding CXX object CMakeFiles/franka_msgs__rosidl_typesupport_introspection_cpp.dir/rosidl_typesupport_introspection_cpp/franka_msgs/srv/detail/error_recovery__type_support.cpp.o[0m
[14.683s] [ 62%] [32mBuilding CXX object CMakeFiles/franka_msgs__rosidl_typesupport_introspection_cpp.dir/rosidl_typesupport_introspection_cpp/franka_msgs/action/detail/move__type_support.cpp.o[0m
[14.692s] [ 62%] [32mBuilding CXX object CMakeFiles/franka_msgs__rosidl_typesupport_introspection_cpp.dir/rosidl_typesupport_introspection_cpp/franka_msgs/action/detail/grasp__type_support.cpp.o[0m
[14.694s] [ 62%] [32mBuilding CXX object CMakeFiles/franka_msgs__rosidl_typesupport_introspection_cpp.dir/rosidl_typesupport_introspection_cpp/franka_msgs/srv/detail/set_cartesian_stiffness__type_support.cpp.o[0m
[14.696s] [ 62%] [32mBuilding CXX object CMakeFiles/franka_msgs__rosidl_typesupport_introspection_cpp.dir/rosidl_typesupport_introspection_cpp/franka_msgs/srv/detail/set_force_torque_collision_behavior__type_support.cpp.o[0m
[14.706s] [ 63%] [32mBuilding CXX object CMakeFiles/franka_msgs__rosidl_typesupport_introspection_cpp.dir/rosidl_typesupport_introspection_cpp/franka_msgs/action/detail/homing__type_support.cpp.o[0m
[14.734s] [ 64%] [32mBuilding CXX object CMakeFiles/franka_msgs__rosidl_typesupport_introspection_cpp.dir/rosidl_typesupport_introspection_cpp/franka_msgs/srv/detail/set_tcp_frame__type_support.cpp.o[0m
[14.855s] [ 65%] [32m[1mLinking C shared library libfranka_msgs__rosidl_typesupport_introspection_c.so[0m
[14.976s] [ 65%] [32mBuilding CXX object CMakeFiles/franka_msgs__rosidl_typesupport_introspection_cpp.dir/rosidl_typesupport_introspection_cpp/franka_msgs/srv/detail/set_joint_stiffness__type_support.cpp.o[0m
[14.983s] [ 66%] [32mBuilding CXX object CMakeFiles/franka_msgs__rosidl_typesupport_introspection_cpp.dir/rosidl_typesupport_introspection_cpp/franka_msgs/srv/detail/set_full_collision_behavior__type_support.cpp.o[0m
[15.028s] [ 67%] [32mBuilding CXX object CMakeFiles/franka_msgs__rosidl_typesupport_introspection_cpp.dir/rosidl_typesupport_introspection_cpp/franka_msgs/srv/detail/set_stiffness_frame__type_support.cpp.o[0m
[15.061s] [ 67%] [32mBuilding CXX object CMakeFiles/franka_msgs__rosidl_typesupport_introspection_cpp.dir/rosidl_typesupport_introspection_cpp/franka_msgs/srv/detail/set_load__type_support.cpp.o[0m
[15.067s] [ 68%] [32mBuilding CXX object CMakeFiles/franka_msgs__rosidl_typesupport_introspection_cpp.dir/rosidl_typesupport_introspection_cpp/franka_msgs/srv/detail/set_mujoco_poses__type_support.cpp.o[0m
[15.131s] [ 68%] Built target franka_msgs__rosidl_typesupport_introspection_c
[15.309s] [ 68%] [32mBuilding CXX object CMakeFiles/franka_msgs__rosidl_typesupport_fastrtps_cpp.dir/rosidl_typesupport_fastrtps_cpp/franka_msgs/msg/detail/dds_fastrtps/grasp_epsilon__type_support.cpp.o[0m
[15.315s] [ 69%] [32mBuilding CXX object CMakeFiles/franka_msgs__rosidl_typesupport_fastrtps_cpp.dir/rosidl_typesupport_fastrtps_cpp/franka_msgs/msg/detail/dds_fastrtps/franka_state__type_support.cpp.o[0m
[15.320s] [ 69%] [32mBuilding CXX object CMakeFiles/franka_msgs__rosidl_typesupport_fastrtps_cpp.dir/rosidl_typesupport_fastrtps_cpp/franka_msgs/msg/detail/dds_fastrtps/franka_model__type_support.cpp.o[0m
[15.326s] [ 70%] [32mBuilding CXX object CMakeFiles/franka_msgs__rosidl_typesupport_fastrtps_cpp.dir/rosidl_typesupport_fastrtps_cpp/franka_msgs/action/detail/dds_fastrtps/grasp__type_support.cpp.o[0m
[15.329s] [ 70%] [32mBuilding CXX object CMakeFiles/franka_msgs__rosidl_typesupport_fastrtps_c.dir/rosidl_typesupport_fastrtps_c/franka_msgs/msg/detail/grasp_epsilon__type_support_c.cpp.o[0m
[15.332s] [ 71%] [32mBuilding CXX object CMakeFiles/franka_msgs__rosidl_typesupport_fastrtps_cpp.dir/rosidl_typesupport_fastrtps_cpp/franka_msgs/msg/detail/dds_fastrtps/errors__type_support.cpp.o[0m
[15.336s] [ 71%] [32mBuilding CXX object CMakeFiles/franka_msgs__rosidl_typesupport_fastrtps_cpp.dir/rosidl_typesupport_fastrtps_cpp/franka_msgs/msg/detail/dds_fastrtps/pose_stamped_array__type_support.cpp.o[0m
[15.340s] [ 71%] [32mBuilding CXX object CMakeFiles/franka_msgs__rosidl_typesupport_fastrtps_cpp.dir/rosidl_typesupport_fastrtps_cpp/franka_msgs/action/detail/dds_fastrtps/homing__type_support.cpp.o[0m
[15.433s] [ 72%] [32mBuilding CXX object CMakeFiles/franka_msgs__rosidl_typesupport_fastrtps_cpp.dir/rosidl_typesupport_fastrtps_cpp/franka_msgs/action/detail/dds_fastrtps/move__type_support.cpp.o[0m
[15.480s] [ 72%] [32mBuilding CXX object CMakeFiles/franka_msgs__rosidl_typesupport_fastrtps_cpp.dir/rosidl_typesupport_fastrtps_cpp/franka_msgs/srv/detail/dds_fastrtps/error_recovery__type_support.cpp.o[0m
[15.537s] [ 73%] [32mBuilding CXX object CMakeFiles/franka_msgs__rosidl_typesupport_fastrtps_cpp.dir/rosidl_typesupport_fastrtps_cpp/franka_msgs/srv/detail/dds_fastrtps/set_cartesian_stiffness__type_support.cpp.o[0m
[15.557s] [ 73%] [32m[1mLinking CXX shared library libfranka_msgs__rosidl_typesupport_cpp.so[0m
[15.568s] [ 73%] [32mBuilding CXX object CMakeFiles/franka_msgs__rosidl_typesupport_fastrtps_cpp.dir/rosidl_typesupport_fastrtps_cpp/franka_msgs/srv/detail/dds_fastrtps/set_tcp_frame__type_support.cpp.o[0m
[15.580s] [ 74%] [32mBuilding CXX object CMakeFiles/franka_msgs__rosidl_typesupport_fastrtps_cpp.dir/rosidl_typesupport_fastrtps_cpp/franka_msgs/srv/detail/dds_fastrtps/set_force_torque_collision_behavior__type_support.cpp.o[0m
[15.746s] [ 74%] [32mBuilding CXX object CMakeFiles/franka_msgs__rosidl_typesupport_fastrtps_cpp.dir/rosidl_typesupport_fastrtps_cpp/franka_msgs/srv/detail/dds_fastrtps/set_full_collision_behavior__type_support.cpp.o[0m
[15.765s] [ 75%] [32mBuilding CXX object CMakeFiles/franka_msgs__rosidl_typesupport_fastrtps_c.dir/rosidl_typesupport_fastrtps_c/franka_msgs/msg/detail/franka_state__type_support_c.cpp.o[0m
[15.769s] [ 75%] Built target franka_msgs__rosidl_typesupport_cpp
[15.781s] [ 76%] [32mBuilding CXX object CMakeFiles/franka_msgs__rosidl_typesupport_fastrtps_cpp.dir/rosidl_typesupport_fastrtps_cpp/franka_msgs/srv/detail/dds_fastrtps/set_joint_stiffness__type_support.cpp.o[0m
[15.839s] [ 76%] [32mBuilding CXX object CMakeFiles/franka_msgs__rosidl_typesupport_fastrtps_cpp.dir/rosidl_typesupport_fastrtps_cpp/franka_msgs/srv/detail/dds_fastrtps/set_stiffness_frame__type_support.cpp.o[0m
[16.017s] [ 77%] [32mBuilding CXX object CMakeFiles/franka_msgs__rosidl_typesupport_fastrtps_cpp.dir/rosidl_typesupport_fastrtps_cpp/franka_msgs/srv/detail/dds_fastrtps/set_load__type_support.cpp.o[0m
[16.108s] [ 77%] [32mBuilding CXX object CMakeFiles/franka_msgs__rosidl_typesupport_fastrtps_cpp.dir/rosidl_typesupport_fastrtps_cpp/franka_msgs/srv/detail/dds_fastrtps/set_mujoco_poses__type_support.cpp.o[0m
[16.289s] [ 77%] [32mBuilding CXX object CMakeFiles/franka_msgs__rosidl_typesupport_fastrtps_c.dir/rosidl_typesupport_fastrtps_c/franka_msgs/msg/detail/franka_model__type_support_c.cpp.o[0m
[16.823s] [ 77%] [32mBuilding CXX object CMakeFiles/franka_msgs__rosidl_typesupport_fastrtps_c.dir/rosidl_typesupport_fastrtps_c/franka_msgs/msg/detail/pose_stamped_array__type_support_c.cpp.o[0m
[16.838s] [ 79%] [32mBuilding CXX object CMakeFiles/franka_msgs__rosidl_typesupport_fastrtps_c.dir/rosidl_typesupport_fastrtps_c/franka_msgs/action/detail/grasp__type_support_c.cpp.o[0m
[16.840s] [ 79%] [32mBuilding CXX object CMakeFiles/franka_msgs__rosidl_typesupport_fastrtps_c.dir/rosidl_typesupport_fastrtps_c/franka_msgs/msg/detail/errors__type_support_c.cpp.o[0m
[17.005s] [ 79%] [32mBuilding CXX object CMakeFiles/franka_msgs__rosidl_typesupport_fastrtps_c.dir/rosidl_typesupport_fastrtps_c/franka_msgs/action/detail/homing__type_support_c.cpp.o[0m
[17.348s] [ 80%] [32mBuilding CXX object CMakeFiles/franka_msgs__rosidl_typesupport_fastrtps_c.dir/rosidl_typesupport_fastrtps_c/franka_msgs/action/detail/move__type_support_c.cpp.o[0m
[17.405s] [ 80%] [32mBuilding CXX object CMakeFiles/franka_msgs__rosidl_typesupport_fastrtps_c.dir/rosidl_typesupport_fastrtps_c/franka_msgs/srv/detail/error_recovery__type_support_c.cpp.o[0m
[17.525s] [ 81%] [32mBuilding CXX object CMakeFiles/franka_msgs__rosidl_typesupport_fastrtps_c.dir/rosidl_typesupport_fastrtps_c/franka_msgs/srv/detail/set_cartesian_stiffness__type_support_c.cpp.o[0m
[17.855s] [ 81%] [32m[1mLinking CXX shared library libfranka_msgs__rosidl_typesupport_introspection_cpp.so[0m
[17.911s] [ 81%] [32mBuilding CXX object CMakeFiles/franka_msgs__rosidl_typesupport_fastrtps_c.dir/rosidl_typesupport_fastrtps_c/franka_msgs/srv/detail/set_tcp_frame__type_support_c.cpp.o[0m
[18.089s] [ 82%] [32mBuilding CXX object CMakeFiles/franka_msgs__rosidl_typesupport_fastrtps_c.dir/rosidl_typesupport_fastrtps_c/franka_msgs/srv/detail/set_force_torque_collision_behavior__type_support_c.cpp.o[0m
[18.170s] [ 82%] [32mBuilding CXX object CMakeFiles/franka_msgs__rosidl_typesupport_fastrtps_c.dir/rosidl_typesupport_fastrtps_c/franka_msgs/srv/detail/set_full_collision_behavior__type_support_c.cpp.o[0m
[18.236s] [ 83%] [32mBuilding CXX object CMakeFiles/franka_msgs__rosidl_typesupport_fastrtps_c.dir/rosidl_typesupport_fastrtps_c/franka_msgs/srv/detail/set_joint_stiffness__type_support_c.cpp.o[0m
[18.257s] [ 83%] [32mBuilding CXX object CMakeFiles/franka_msgs__rosidl_typesupport_fastrtps_c.dir/rosidl_typesupport_fastrtps_c/franka_msgs/srv/detail/set_stiffness_frame__type_support_c.cpp.o[0m
[18.281s] [ 84%] [32mBuilding CXX object CMakeFiles/franka_msgs__rosidl_typesupport_fastrtps_c.dir/rosidl_typesupport_fastrtps_c/franka_msgs/srv/detail/set_load__type_support_c.cpp.o[0m
[18.508s] [ 85%] [32mBuilding CXX object CMakeFiles/franka_msgs__rosidl_typesupport_fastrtps_c.dir/rosidl_typesupport_fastrtps_c/franka_msgs/srv/detail/set_mujoco_poses__type_support_c.cpp.o[0m
[18.551s] [ 85%] Built target franka_msgs__rosidl_typesupport_introspection_cpp
[20.362s] [ 85%] [32m[1mLinking CXX shared library libfranka_msgs__rosidl_typesupport_fastrtps_c.so[0m
[20.384s] [ 86%] [32m[1mLinking CXX shared library libfranka_msgs__rosidl_typesupport_fastrtps_cpp.so[0m
[20.702s] [ 86%] Built target franka_msgs__rosidl_typesupport_fastrtps_c
[20.805s] [ 86%] Built target franka_msgs__rosidl_typesupport_fastrtps_cpp
[20.857s] [ 86%] Built target franka_msgs
[20.909s] [ 87%] [34m[1mGenerating Python code for ROS interfaces[0m
[24.495s] [ 87%] Built target franka_msgs__py
[24.515s] [ 87%] [32mBuilding C object CMakeFiles/franka_msgs__rosidl_generator_py.dir/rosidl_generator_py/franka_msgs/msg/_franka_model_s.c.o[0m
[24.517s] [ 89%] [32mBuilding C object CMakeFiles/franka_msgs__rosidl_generator_py.dir/rosidl_generator_py/franka_msgs/action/_move_s.c.o[0m
[24.517s] [ 90%] [32mBuilding C object CMakeFiles/franka_msgs__rosidl_generator_py.dir/rosidl_generator_py/franka_msgs/msg/_grasp_epsilon_s.c.o[0m
[24.517s] [ 90%] [32mBuilding C object CMakeFiles/franka_msgs__rosidl_generator_py.dir/rosidl_generator_py/franka_msgs/msg/_franka_state_s.c.o[0m
[24.517s] [ 90%] [32mBuilding C object CMakeFiles/franka_msgs__rosidl_generator_py.dir/rosidl_generator_py/franka_msgs/msg/_errors_s.c.o[0m
[24.518s] [ 91%] [32mBuilding C object CMakeFiles/franka_msgs__rosidl_generator_py.dir/rosidl_generator_py/franka_msgs/srv/_set_mujoco_poses_s.c.o[0m
[24.518s] [ 91%] [32mBuilding C object CMakeFiles/franka_msgs__rosidl_generator_py.dir/rosidl_generator_py/franka_msgs/msg/_pose_stamped_array_s.c.o[0m
[24.518s] [ 91%] [32mBuilding C object CMakeFiles/franka_msgs__rosidl_generator_py.dir/rosidl_generator_py/franka_msgs/srv/_error_recovery_s.c.o[0m
[24.518s] [ 93%] [32mBuilding C object CMakeFiles/franka_msgs__rosidl_generator_py.dir/rosidl_generator_py/franka_msgs/action/_grasp_s.c.o[0m
[24.518s] [ 93%] [32mBuilding C object CMakeFiles/franka_msgs__rosidl_generator_py.dir/rosidl_generator_py/franka_msgs/srv/_set_cartesian_stiffness_s.c.o[0m
[24.518s] [ 93%] [32mBuilding C object CMakeFiles/franka_msgs__rosidl_generator_py.dir/rosidl_generator_py/franka_msgs/action/_homing_s.c.o[0m
[24.518s] [ 93%] [32mBuilding C object CMakeFiles/franka_msgs__rosidl_generator_py.dir/rosidl_generator_py/franka_msgs/srv/_set_joint_stiffness_s.c.o[0m
[24.519s] [ 94%] [32mBuilding C object CMakeFiles/franka_msgs__rosidl_generator_py.dir/rosidl_generator_py/franka_msgs/srv/_set_stiffness_frame_s.c.o[0m
[24.519s] [ 95%] [32mBuilding C object CMakeFiles/franka_msgs__rosidl_generator_py.dir/rosidl_generator_py/franka_msgs/srv/_set_tcp_frame_s.c.o[0m
[24.519s] [ 95%] [32mBuilding C object CMakeFiles/franka_msgs__rosidl_generator_py.dir/rosidl_generator_py/franka_msgs/srv/_set_force_torque_collision_behavior_s.c.o[0m
[24.519s] [ 95%] [32mBuilding C object CMakeFiles/franka_msgs__rosidl_generator_py.dir/rosidl_generator_py/franka_msgs/srv/_set_load_s.c.o[0m
[24.520s] [ 96%] [32mBuilding C object CMakeFiles/franka_msgs__rosidl_generator_py.dir/rosidl_generator_py/franka_msgs/srv/_set_full_collision_behavior_s.c.o[0m
[24.901s] [ 96%] [32m[1mLinking C shared library libfranka_msgs__rosidl_generator_py.so[0m
[24.949s] [ 96%] Built target franka_msgs__rosidl_generator_py
[24.968s] [ 97%] [32mBuilding C object CMakeFiles/franka_msgs_s__rosidl_typesupport_introspection_c.dir/rosidl_generator_py/franka_msgs/_franka_msgs_s.ep.rosidl_typesupport_introspection_c.c.o[0m
[24.970s] [ 99%] [32mBuilding C object CMakeFiles/franka_msgs_s__rosidl_typesupport_fastrtps_c.dir/rosidl_generator_py/franka_msgs/_franka_msgs_s.ep.rosidl_typesupport_fastrtps_c.c.o[0m
[24.970s] [ 99%] [32mBuilding C object CMakeFiles/franka_msgs_s__rosidl_typesupport_c.dir/rosidl_generator_py/franka_msgs/_franka_msgs_s.ep.rosidl_typesupport_c.c.o[0m
[25.186s] [100%] [32m[1mLinking C shared module rosidl_generator_py/franka_msgs/franka_msgs_s__rosidl_typesupport_introspection_c.so[0m
[25.187s] [100%] [32m[1mLinking C shared module rosidl_generator_py/franka_msgs/franka_msgs_s__rosidl_typesupport_c.so[0m
[25.203s] [100%] [32m[1mLinking C shared module rosidl_generator_py/franka_msgs/franka_msgs_s__rosidl_typesupport_fastrtps_c.so[0m
[25.222s] [100%] Built target franka_msgs_s__rosidl_typesupport_c
[25.225s] [100%] Built target franka_msgs_s__rosidl_typesupport_introspection_c
[25.239s] [100%] Built target franka_msgs_s__rosidl_typesupport_fastrtps_c
[25.253s] Invoked command in '/home/herring/rzddzy/ros2_ws/build/franka_msgs' returned '0': CMAKE_PREFIX_PATH=${CMAKE_PREFIX_PATH}:/opt/ros/jazzy DEBUGINFOD_URLS=https://debuginfod.ubuntu.com /usr/bin/cmake --build /home/herring/rzddzy/ros2_ws/build/franka_msgs -- -j28 -l28
[25.254s] Invoking command in '/home/herring/rzddzy/ros2_ws/build/franka_msgs': CMAKE_PREFIX_PATH=${CMAKE_PREFIX_PATH}:/opt/ros/jazzy DEBUGINFOD_URLS=https://debuginfod.ubuntu.com /usr/bin/cmake --install /home/herring/rzddzy/ros2_ws/build/franka_msgs
[25.262s] -- Install configuration: ""
[25.263s] -- Execute custom install script
[25.263s] -- Symlinking: /home/herring/rzddzy/ros2_ws/install/franka_msgs/share/ament_index/resource_index/rosidl_interfaces/franka_msgs
[25.272s] -- Symlinking: /home/herring/rzddzy/ros2_ws/install/franka_msgs/share/franka_msgs/msg/GraspEpsilon.json
[25.281s] -- Symlinking: /home/herring/rzddzy/ros2_ws/install/franka_msgs/share/franka_msgs/msg/FrankaState.json
[25.290s] -- Symlinking: /home/herring/rzddzy/ros2_ws/install/franka_msgs/share/franka_msgs/msg/FrankaModel.json
[25.297s] -- Symlinking: /home/herring/rzddzy/ros2_ws/install/franka_msgs/share/franka_msgs/msg/Errors.json
[25.306s] -- Symlinking: /home/herring/rzddzy/ros2_ws/install/franka_msgs/share/franka_msgs/msg/PoseStampedArray.json
[25.315s] -- Symlinking: /home/herring/rzddzy/ros2_ws/install/franka_msgs/share/franka_msgs/action/Grasp.json
[25.325s] -- Symlinking: /home/herring/rzddzy/ros2_ws/install/franka_msgs/share/franka_msgs/action/Homing.json
[25.333s] -- Symlinking: /home/herring/rzddzy/ros2_ws/install/franka_msgs/share/franka_msgs/action/Move.json
[25.340s] -- Symlinking: /home/herring/rzddzy/ros2_ws/install/franka_msgs/share/franka_msgs/srv/ErrorRecovery.json
[25.347s] -- Symlinking: /home/herring/rzddzy/ros2_ws/install/franka_msgs/share/franka_msgs/srv/SetCartesianStiffness.json
[25.355s] -- Symlinking: /home/herring/rzddzy/ros2_ws/install/franka_msgs/share/franka_msgs/srv/SetTCPFrame.json
[25.364s] -- Symlinking: /home/herring/rzddzy/ros2_ws/install/franka_msgs/share/franka_msgs/srv/SetForceTorqueCollisionBehavior.json
[25.374s] -- Symlinking: /home/herring/rzddzy/ros2_ws/install/franka_msgs/share/franka_msgs/srv/SetFullCollisionBehavior.json
[25.380s] -- Symlinking: /home/herring/rzddzy/ros2_ws/install/franka_msgs/share/franka_msgs/srv/SetJointStiffness.json
[25.387s] -- Symlinking: /home/herring/rzddzy/ros2_ws/install/franka_msgs/share/franka_msgs/srv/SetStiffnessFrame.json
[25.395s] -- Symlinking: /home/herring/rzddzy/ros2_ws/install/franka_msgs/share/franka_msgs/srv/SetLoad.json
[25.403s] -- Symlinking: /home/herring/rzddzy/ros2_ws/install/franka_msgs/share/franka_msgs/srv/SetMujocoPoses.json
[25.411s] -- Symlinking: /home/herring/rzddzy/ros2_ws/install/franka_msgs/include/franka_msgs/franka_msgs/action/detail/grasp__functions.h
[25.421s] -- Symlinking: /home/herring/rzddzy/ros2_ws/install/franka_msgs/include/franka_msgs/franka_msgs/action/detail/grasp__struct.h
[25.430s] -- Symlinking: /home/herring/rzddzy/ros2_ws/install/franka_msgs/include/franka_msgs/franka_msgs/action/detail/grasp__type_support.h
[25.437s] -- Symlinking: /home/herring/rzddzy/ros2_ws/install/franka_msgs/include/franka_msgs/franka_msgs/action/detail/homing__functions.h
[25.444s] -- Symlinking: /home/herring/rzddzy/ros2_ws/install/franka_msgs/include/franka_msgs/franka_msgs/action/detail/homing__struct.h
[25.451s] -- Symlinking: /home/herring/rzddzy/ros2_ws/install/franka_msgs/include/franka_msgs/franka_msgs/action/detail/homing__type_support.h
[25.461s] -- Symlinking: /home/herring/rzddzy/ros2_ws/install/franka_msgs/include/franka_msgs/franka_msgs/action/detail/move__functions.h
[25.469s] -- Symlinking: /home/herring/rzddzy/ros2_ws/install/franka_msgs/include/franka_msgs/franka_msgs/action/detail/move__struct.h
[25.476s] -- Symlinking: /home/herring/rzddzy/ros2_ws/install/franka_msgs/include/franka_msgs/franka_msgs/action/detail/move__type_support.h
[25.485s] -- Symlinking: /home/herring/rzddzy/ros2_ws/install/franka_msgs/include/franka_msgs/franka_msgs/action/grasp.h
[25.492s] -- Symlinking: /home/herring/rzddzy/ros2_ws/install/franka_msgs/include/franka_msgs/franka_msgs/action/homing.h
[25.499s] -- Symlinking: /home/herring/rzddzy/ros2_ws/install/franka_msgs/include/franka_msgs/franka_msgs/action/move.h
[25.506s] -- Symlinking: /home/herring/rzddzy/ros2_ws/install/franka_msgs/include/franka_msgs/franka_msgs/msg/detail/errors__functions.h
[25.515s] -- Symlinking: /home/herring/rzddzy/ros2_ws/install/franka_msgs/include/franka_msgs/franka_msgs/msg/detail/errors__struct.h
[25.522s] -- Symlinking: /home/herring/rzddzy/ros2_ws/install/franka_msgs/include/franka_msgs/franka_msgs/msg/detail/errors__type_support.h
[25.531s] -- Symlinking: /home/herring/rzddzy/ros2_ws/install/franka_msgs/include/franka_msgs/franka_msgs/msg/detail/franka_model__functions.h
[25.540s] -- Symlinking: /home/herring/rzddzy/ros2_ws/install/franka_msgs/include/franka_msgs/franka_msgs/msg/detail/franka_model__struct.h
[25.550s] -- Symlinking: /home/herring/rzddzy/ros2_ws/install/franka_msgs/include/franka_msgs/franka_msgs/msg/detail/franka_model__type_support.h
[25.559s] -- Symlinking: /home/herring/rzddzy/ros2_ws/install/franka_msgs/include/franka_msgs/franka_msgs/msg/detail/franka_state__functions.h
[25.568s] -- Symlinking: /home/herring/rzddzy/ros2_ws/install/franka_msgs/include/franka_msgs/franka_msgs/msg/detail/franka_state__struct.h
[25.576s] -- Symlinking: /home/herring/rzddzy/ros2_ws/install/franka_msgs/include/franka_msgs/franka_msgs/msg/detail/franka_state__type_support.h
[25.585s] -- Symlinking: /home/herring/rzddzy/ros2_ws/install/franka_msgs/include/franka_msgs/franka_msgs/msg/detail/grasp_epsilon__functions.h
[25.593s] -- Symlinking: /home/herring/rzddzy/ros2_ws/install/franka_msgs/include/franka_msgs/franka_msgs/msg/detail/grasp_epsilon__struct.h
[25.602s] -- Symlinking: /home/herring/rzddzy/ros2_ws/install/franka_msgs/include/franka_msgs/franka_msgs/msg/detail/grasp_epsilon__type_support.h
[25.610s] -- Symlinking: /home/herring/rzddzy/ros2_ws/install/franka_msgs/include/franka_msgs/franka_msgs/msg/detail/pose_stamped_array__functions.h
[25.616s] -- Symlinking: /home/herring/rzddzy/ros2_ws/install/franka_msgs/include/franka_msgs/franka_msgs/msg/detail/pose_stamped_array__struct.h
[25.625s] -- Symlinking: /home/herring/rzddzy/ros2_ws/install/franka_msgs/include/franka_msgs/franka_msgs/msg/detail/pose_stamped_array__type_support.h
[25.633s] -- Symlinking: /home/herring/rzddzy/ros2_ws/install/franka_msgs/include/franka_msgs/franka_msgs/msg/errors.h
[25.642s] -- Symlinking: /home/herring/rzddzy/ros2_ws/install/franka_msgs/include/franka_msgs/franka_msgs/msg/franka_model.h
[25.651s] -- Symlinking: /home/herring/rzddzy/ros2_ws/install/franka_msgs/include/franka_msgs/franka_msgs/msg/franka_state.h
[25.660s] -- Symlinking: /home/herring/rzddzy/ros2_ws/install/franka_msgs/include/franka_msgs/franka_msgs/msg/grasp_epsilon.h
[25.667s] -- Symlinking: /home/herring/rzddzy/ros2_ws/install/franka_msgs/include/franka_msgs/franka_msgs/msg/pose_stamped_array.h
[25.675s] -- Symlinking: /home/herring/rzddzy/ros2_ws/install/franka_msgs/include/franka_msgs/franka_msgs/msg/rosidl_generator_c__visibility_control.h
[25.684s] -- Symlinking: /home/herring/rzddzy/ros2_ws/install/franka_msgs/include/franka_msgs/franka_msgs/srv/detail/error_recovery__functions.h
[25.690s] -- Symlinking: /home/herring/rzddzy/ros2_ws/install/franka_msgs/include/franka_msgs/franka_msgs/srv/detail/error_recovery__struct.h
[25.697s] -- Symlinking: /home/herring/rzddzy/ros2_ws/install/franka_msgs/include/franka_msgs/franka_msgs/srv/detail/error_recovery__type_support.h
[25.706s] -- Symlinking: /home/herring/rzddzy/ros2_ws/install/franka_msgs/include/franka_msgs/franka_msgs/srv/detail/set_cartesian_stiffness__functions.h
[25.714s] -- Symlinking: /home/herring/rzddzy/ros2_ws/install/franka_msgs/include/franka_msgs/franka_msgs/srv/detail/set_cartesian_stiffness__struct.h
[25.722s] -- Symlinking: /home/herring/rzddzy/ros2_ws/install/franka_msgs/include/franka_msgs/franka_msgs/srv/detail/set_cartesian_stiffness__type_support.h
[25.729s] -- Symlinking: /home/herring/rzddzy/ros2_ws/install/franka_msgs/include/franka_msgs/franka_msgs/srv/detail/set_force_torque_collision_behavior__functions.h
[25.736s] -- Symlinking: /home/herring/rzddzy/ros2_ws/install/franka_msgs/include/franka_msgs/franka_msgs/srv/detail/set_force_torque_collision_behavior__struct.h
[25.743s] -- Symlinking: /home/herring/rzddzy/ros2_ws/install/franka_msgs/include/franka_msgs/franka_msgs/srv/detail/set_force_torque_collision_behavior__type_support.h
[25.753s] -- Symlinking: /home/herring/rzddzy/ros2_ws/install/franka_msgs/include/franka_msgs/franka_msgs/srv/detail/set_full_collision_behavior__functions.h
[25.762s] -- Symlinking: /home/herring/rzddzy/ros2_ws/install/franka_msgs/include/franka_msgs/franka_msgs/srv/detail/set_full_collision_behavior__struct.h
[25.771s] -- Symlinking: /home/herring/rzddzy/ros2_ws/install/franka_msgs/include/franka_msgs/franka_msgs/srv/detail/set_full_collision_behavior__type_support.h
[25.778s] -- Symlinking: /home/herring/rzddzy/ros2_ws/install/franka_msgs/include/franka_msgs/franka_msgs/srv/detail/set_joint_stiffness__functions.h
[25.786s] -- Symlinking: /home/herring/rzddzy/ros2_ws/install/franka_msgs/include/franka_msgs/franka_msgs/srv/detail/set_joint_stiffness__struct.h
[25.796s] -- Symlinking: /home/herring/rzddzy/ros2_ws/install/franka_msgs/include/franka_msgs/franka_msgs/srv/detail/set_joint_stiffness__type_support.h
[25.803s] -- Symlinking: /home/herring/rzddzy/ros2_ws/install/franka_msgs/include/franka_msgs/franka_msgs/srv/detail/set_load__functions.h
[25.812s] -- Symlinking: /home/herring/rzddzy/ros2_ws/install/franka_msgs/include/franka_msgs/franka_msgs/srv/detail/set_load__struct.h
[25.821s] -- Symlinking: /home/herring/rzddzy/ros2_ws/install/franka_msgs/include/franka_msgs/franka_msgs/srv/detail/set_load__type_support.h
[25.830s] -- Symlinking: /home/herring/rzddzy/ros2_ws/install/franka_msgs/include/franka_msgs/franka_msgs/srv/detail/set_mujoco_poses__functions.h
[25.839s] -- Symlinking: /home/herring/rzddzy/ros2_ws/install/franka_msgs/include/franka_msgs/franka_msgs/srv/detail/set_mujoco_poses__struct.h
[25.850s] -- Symlinking: /home/herring/rzddzy/ros2_ws/install/franka_msgs/include/franka_msgs/franka_msgs/srv/detail/set_mujoco_poses__type_support.h
[25.866s] -- Symlinking: /home/herring/rzddzy/ros2_ws/install/franka_msgs/include/franka_msgs/franka_msgs/srv/detail/set_stiffness_frame__functions.h
[25.884s] -- Symlinking: /home/herring/rzddzy/ros2_ws/install/franka_msgs/include/franka_msgs/franka_msgs/srv/detail/set_stiffness_frame__struct.h
[25.893s] -- Symlinking: /home/herring/rzddzy/ros2_ws/install/franka_msgs/include/franka_msgs/franka_msgs/srv/detail/set_stiffness_frame__type_support.h
[25.905s] -- Symlinking: /home/herring/rzddzy/ros2_ws/install/franka_msgs/include/franka_msgs/franka_msgs/srv/detail/set_tcp_frame__functions.h
[25.913s] -- Symlinking: /home/herring/rzddzy/ros2_ws/install/franka_msgs/include/franka_msgs/franka_msgs/srv/detail/set_tcp_frame__struct.h
[25.923s] -- Symlinking: /home/herring/rzddzy/ros2_ws/install/franka_msgs/include/franka_msgs/franka_msgs/srv/detail/set_tcp_frame__type_support.h
[25.935s] -- Symlinking: /home/herring/rzddzy/ros2_ws/install/franka_msgs/include/franka_msgs/franka_msgs/srv/error_recovery.h
[25.952s] -- Symlinking: /home/herring/rzddzy/ros2_ws/install/franka_msgs/include/franka_msgs/franka_msgs/srv/set_cartesian_stiffness.h
[25.968s] -- Symlinking: /home/herring/rzddzy/ros2_ws/install/franka_msgs/include/franka_msgs/franka_msgs/srv/set_force_torque_collision_behavior.h
[25.980s] -- Symlinking: /home/herring/rzddzy/ros2_ws/install/franka_msgs/include/franka_msgs/franka_msgs/srv/set_full_collision_behavior.h
[25.989s] -- Symlinking: /home/herring/rzddzy/ros2_ws/install/franka_msgs/include/franka_msgs/franka_msgs/srv/set_joint_stiffness.h
[26.001s] -- Symlinking: /home/herring/rzddzy/ros2_ws/install/franka_msgs/include/franka_msgs/franka_msgs/srv/set_load.h
[26.011s] -- Symlinking: /home/herring/rzddzy/ros2_ws/install/franka_msgs/include/franka_msgs/franka_msgs/srv/set_mujoco_poses.h
[26.023s] -- Symlinking: /home/herring/rzddzy/ros2_ws/install/franka_msgs/include/franka_msgs/franka_msgs/srv/set_stiffness_frame.h
[26.034s] -- Symlinking: /home/herring/rzddzy/ros2_ws/install/franka_msgs/include/franka_msgs/franka_msgs/srv/set_tcp_frame.h
[26.042s] -- Symlinking: /home/herring/rzddzy/ros2_ws/install/franka_msgs/share/franka_msgs/environment/library_path.sh
[26.054s] -- Symlinking: /home/herring/rzddzy/ros2_ws/install/franka_msgs/share/franka_msgs/environment/library_path.dsv
[26.063s] -- Symlinking: /home/herring/rzddzy/ros2_ws/install/franka_msgs/include/franka_msgs/franka_msgs/action/detail/grasp__rosidl_typesupport_fastrtps_c.h
[26.072s] -- Symlinking: /home/herring/rzddzy/ros2_ws/install/franka_msgs/include/franka_msgs/franka_msgs/action/detail/homing__rosidl_typesupport_fastrtps_c.h
[26.083s] -- Symlinking: /home/herring/rzddzy/ros2_ws/install/franka_msgs/include/franka_msgs/franka_msgs/action/detail/move__rosidl_typesupport_fastrtps_c.h
[26.090s] -- Symlinking: /home/herring/rzddzy/ros2_ws/install/franka_msgs/include/franka_msgs/franka_msgs/msg/detail/errors__rosidl_typesupport_fastrtps_c.h
[26.098s] -- Symlinking: /home/herring/rzddzy/ros2_ws/install/franka_msgs/include/franka_msgs/franka_msgs/msg/detail/franka_model__rosidl_typesupport_fastrtps_c.h
[26.106s] -- Symlinking: /home/herring/rzddzy/ros2_ws/install/franka_msgs/include/franka_msgs/franka_msgs/msg/detail/franka_state__rosidl_typesupport_fastrtps_c.h
[26.114s] -- Symlinking: /home/herring/rzddzy/ros2_ws/install/franka_msgs/include/franka_msgs/franka_msgs/msg/detail/grasp_epsilon__rosidl_typesupport_fastrtps_c.h
[26.122s] -- Symlinking: /home/herring/rzddzy/ros2_ws/install/franka_msgs/include/franka_msgs/franka_msgs/msg/detail/pose_stamped_array__rosidl_typesupport_fastrtps_c.h
[26.131s] -- Symlinking: /home/herring/rzddzy/ros2_ws/install/franka_msgs/include/franka_msgs/franka_msgs/msg/rosidl_typesupport_fastrtps_c__visibility_control.h
[26.141s] -- Symlinking: /home/herring/rzddzy/ros2_ws/install/franka_msgs/include/franka_msgs/franka_msgs/srv/detail/error_recovery__rosidl_typesupport_fastrtps_c.h
[26.150s] -- Symlinking: /home/herring/rzddzy/ros2_ws/install/franka_msgs/include/franka_msgs/franka_msgs/srv/detail/set_cartesian_stiffness__rosidl_typesupport_fastrtps_c.h
[26.158s] -- Symlinking: /home/herring/rzddzy/ros2_ws/install/franka_msgs/include/franka_msgs/franka_msgs/srv/detail/set_force_torque_collision_behavior__rosidl_typesupport_fastrtps_c.h
[26.166s] -- Symlinking: /home/herring/rzddzy/ros2_ws/install/franka_msgs/include/franka_msgs/franka_msgs/srv/detail/set_full_collision_behavior__rosidl_typesupport_fastrtps_c.h
[26.174s] -- Symlinking: /home/herring/rzddzy/ros2_ws/install/franka_msgs/include/franka_msgs/franka_msgs/srv/detail/set_joint_stiffness__rosidl_typesupport_fastrtps_c.h
[26.186s] -- Symlinking: /home/herring/rzddzy/ros2_ws/install/franka_msgs/include/franka_msgs/franka_msgs/srv/detail/set_load__rosidl_typesupport_fastrtps_c.h
[26.200s] -- Symlinking: /home/herring/rzddzy/ros2_ws/install/franka_msgs/include/franka_msgs/franka_msgs/srv/detail/set_mujoco_poses__rosidl_typesupport_fastrtps_c.h
[26.213s] -- Symlinking: /home/herring/rzddzy/ros2_ws/install/franka_msgs/include/franka_msgs/franka_msgs/srv/detail/set_stiffness_frame__rosidl_typesupport_fastrtps_c.h
[26.225s] -- Symlinking: /home/herring/rzddzy/ros2_ws/install/franka_msgs/include/franka_msgs/franka_msgs/srv/detail/set_tcp_frame__rosidl_typesupport_fastrtps_c.h
[26.237s] -- Symlinking: /home/herring/rzddzy/ros2_ws/install/franka_msgs/include/franka_msgs/franka_msgs/action/detail/grasp__rosidl_typesupport_introspection_c.h
[26.248s] -- Symlinking: /home/herring/rzddzy/ros2_ws/install/franka_msgs/include/franka_msgs/franka_msgs/action/detail/homing__rosidl_typesupport_introspection_c.h
[26.259s] -- Symlinking: /home/herring/rzddzy/ros2_ws/install/franka_msgs/include/franka_msgs/franka_msgs/action/detail/move__rosidl_typesupport_introspection_c.h
[26.271s] -- Symlinking: /home/herring/rzddzy/ros2_ws/install/franka_msgs/include/franka_msgs/franka_msgs/msg/detail/errors__rosidl_typesupport_introspection_c.h
[26.285s] -- Symlinking: /home/herring/rzddzy/ros2_ws/install/franka_msgs/include/franka_msgs/franka_msgs/msg/detail/franka_model__rosidl_typesupport_introspection_c.h
[26.298s] -- Symlinking: /home/herring/rzddzy/ros2_ws/install/franka_msgs/include/franka_msgs/franka_msgs/msg/detail/franka_state__rosidl_typesupport_introspection_c.h
[26.313s] -- Symlinking: /home/herring/rzddzy/ros2_ws/install/franka_msgs/include/franka_msgs/franka_msgs/msg/detail/grasp_epsilon__rosidl_typesupport_introspection_c.h
[26.334s] -- Symlinking: /home/herring/rzddzy/ros2_ws/install/franka_msgs/include/franka_msgs/franka_msgs/msg/detail/pose_stamped_array__rosidl_typesupport_introspection_c.h
[26.351s] -- Symlinking: /home/herring/rzddzy/ros2_ws/install/franka_msgs/include/franka_msgs/franka_msgs/msg/rosidl_typesupport_introspection_c__visibility_control.h
[26.365s] -- Symlinking: /home/herring/rzddzy/ros2_ws/install/franka_msgs/include/franka_msgs/franka_msgs/srv/detail/error_recovery__rosidl_typesupport_introspection_c.h
[26.384s] -- Symlinking: /home/herring/rzddzy/ros2_ws/install/franka_msgs/include/franka_msgs/franka_msgs/srv/detail/set_cartesian_stiffness__rosidl_typesupport_introspection_c.h
[26.402s] -- Symlinking: /home/herring/rzddzy/ros2_ws/install/franka_msgs/include/franka_msgs/franka_msgs/srv/detail/set_force_torque_collision_behavior__rosidl_typesupport_introspection_c.h
[26.423s] -- Symlinking: /home/herring/rzddzy/ros2_ws/install/franka_msgs/include/franka_msgs/franka_msgs/srv/detail/set_full_collision_behavior__rosidl_typesupport_introspection_c.h
[26.440s] -- Symlinking: /home/herring/rzddzy/ros2_ws/install/franka_msgs/include/franka_msgs/franka_msgs/srv/detail/set_joint_stiffness__rosidl_typesupport_introspection_c.h
[26.452s] -- Symlinking: /home/herring/rzddzy/ros2_ws/install/franka_msgs/include/franka_msgs/franka_msgs/srv/detail/set_load__rosidl_typesupport_introspection_c.h
[26.469s] -- Symlinking: /home/herring/rzddzy/ros2_ws/install/franka_msgs/include/franka_msgs/franka_msgs/srv/detail/set_mujoco_poses__rosidl_typesupport_introspection_c.h
[26.477s] -- Symlinking: /home/herring/rzddzy/ros2_ws/install/franka_msgs/include/franka_msgs/franka_msgs/srv/detail/set_stiffness_frame__rosidl_typesupport_introspection_c.h
[26.484s] -- Symlinking: /home/herring/rzddzy/ros2_ws/install/franka_msgs/include/franka_msgs/franka_msgs/srv/detail/set_tcp_frame__rosidl_typesupport_introspection_c.h
[26.493s] -- Symlinking: /home/herring/rzddzy/ros2_ws/install/franka_msgs/include/franka_msgs/franka_msgs/action/detail/grasp__builder.hpp
[26.501s] -- Symlinking: /home/herring/rzddzy/ros2_ws/install/franka_msgs/include/franka_msgs/franka_msgs/action/detail/grasp__struct.hpp
[26.509s] -- Symlinking: /home/herring/rzddzy/ros2_ws/install/franka_msgs/include/franka_msgs/franka_msgs/action/detail/grasp__traits.hpp
[26.516s] -- Symlinking: /home/herring/rzddzy/ros2_ws/install/franka_msgs/include/franka_msgs/franka_msgs/action/detail/grasp__type_support.hpp
[26.523s] -- Symlinking: /home/herring/rzddzy/ros2_ws/install/franka_msgs/include/franka_msgs/franka_msgs/action/detail/homing__builder.hpp
[26.533s] -- Symlinking: /home/herring/rzddzy/ros2_ws/install/franka_msgs/include/franka_msgs/franka_msgs/action/detail/homing__struct.hpp
[26.541s] -- Symlinking: /home/herring/rzddzy/ros2_ws/install/franka_msgs/include/franka_msgs/franka_msgs/action/detail/homing__traits.hpp
[26.547s] -- Symlinking: /home/herring/rzddzy/ros2_ws/install/franka_msgs/include/franka_msgs/franka_msgs/action/detail/homing__type_support.hpp
[26.553s] -- Symlinking: /home/herring/rzddzy/ros2_ws/install/franka_msgs/include/franka_msgs/franka_msgs/action/detail/move__builder.hpp
[26.562s] -- Symlinking: /home/herring/rzddzy/ros2_ws/install/franka_msgs/include/franka_msgs/franka_msgs/action/detail/move__struct.hpp
[26.569s] -- Symlinking: /home/herring/rzddzy/ros2_ws/install/franka_msgs/include/franka_msgs/franka_msgs/action/detail/move__traits.hpp
[26.578s] -- Symlinking: /home/herring/rzddzy/ros2_ws/install/franka_msgs/include/franka_msgs/franka_msgs/action/detail/move__type_support.hpp
[26.587s] -- Symlinking: /home/herring/rzddzy/ros2_ws/install/franka_msgs/include/franka_msgs/franka_msgs/action/grasp.hpp
[26.594s] -- Symlinking: /home/herring/rzddzy/ros2_ws/install/franka_msgs/include/franka_msgs/franka_msgs/action/homing.hpp
[26.604s] -- Symlinking: /home/herring/rzddzy/ros2_ws/install/franka_msgs/include/franka_msgs/franka_msgs/action/move.hpp
[26.610s] -- Symlinking: /home/herring/rzddzy/ros2_ws/install/franka_msgs/include/franka_msgs/franka_msgs/msg/detail/errors__builder.hpp
[26.617s] -- Symlinking: /home/herring/rzddzy/ros2_ws/install/franka_msgs/include/franka_msgs/franka_msgs/msg/detail/errors__struct.hpp
[26.622s] -- Symlinking: /home/herring/rzddzy/ros2_ws/install/franka_msgs/include/franka_msgs/franka_msgs/msg/detail/errors__traits.hpp
[26.631s] -- Symlinking: /home/herring/rzddzy/ros2_ws/install/franka_msgs/include/franka_msgs/franka_msgs/msg/detail/errors__type_support.hpp
[26.640s] -- Symlinking: /home/herring/rzddzy/ros2_ws/install/franka_msgs/include/franka_msgs/franka_msgs/msg/detail/franka_model__builder.hpp
[26.650s] -- Symlinking: /home/herring/rzddzy/ros2_ws/install/franka_msgs/include/franka_msgs/franka_msgs/msg/detail/franka_model__struct.hpp
[26.660s] -- Symlinking: /home/herring/rzddzy/ros2_ws/install/franka_msgs/include/franka_msgs/franka_msgs/msg/detail/franka_model__traits.hpp
[26.670s] -- Symlinking: /home/herring/rzddzy/ros2_ws/install/franka_msgs/include/franka_msgs/franka_msgs/msg/detail/franka_model__type_support.hpp
[26.679s] -- Symlinking: /home/herring/rzddzy/ros2_ws/install/franka_msgs/include/franka_msgs/franka_msgs/msg/detail/franka_state__builder.hpp
[26.686s] -- Symlinking: /home/herring/rzddzy/ros2_ws/install/franka_msgs/include/franka_msgs/franka_msgs/msg/detail/franka_state__struct.hpp
[26.693s] -- Symlinking: /home/herring/rzddzy/ros2_ws/install/franka_msgs/include/franka_msgs/franka_msgs/msg/detail/franka_state__traits.hpp
[26.700s] -- Symlinking: /home/herring/rzddzy/ros2_ws/install/franka_msgs/include/franka_msgs/franka_msgs/msg/detail/franka_state__type_support.hpp
[26.710s] -- Symlinking: /home/herring/rzddzy/ros2_ws/install/franka_msgs/include/franka_msgs/franka_msgs/msg/detail/grasp_epsilon__builder.hpp
[26.719s] -- Symlinking: /home/herring/rzddzy/ros2_ws/install/franka_msgs/include/franka_msgs/franka_msgs/msg/detail/grasp_epsilon__struct.hpp
[26.729s] -- Symlinking: /home/herring/rzddzy/ros2_ws/install/franka_msgs/include/franka_msgs/franka_msgs/msg/detail/grasp_epsilon__traits.hpp
[26.738s] -- Symlinking: /home/herring/rzddzy/ros2_ws/install/franka_msgs/include/franka_msgs/franka_msgs/msg/detail/grasp_epsilon__type_support.hpp
[26.745s] -- Symlinking: /home/herring/rzddzy/ros2_ws/install/franka_msgs/include/franka_msgs/franka_msgs/msg/detail/pose_stamped_array__builder.hpp
[26.755s] -- Symlinking: /home/herring/rzddzy/ros2_ws/install/franka_msgs/include/franka_msgs/franka_msgs/msg/detail/pose_stamped_array__struct.hpp
[26.765s] -- Symlinking: /home/herring/rzddzy/ros2_ws/install/franka_msgs/include/franka_msgs/franka_msgs/msg/detail/pose_stamped_array__traits.hpp
[26.771s] -- Symlinking: /home/herring/rzddzy/ros2_ws/install/franka_msgs/include/franka_msgs/franka_msgs/msg/detail/pose_stamped_array__type_support.hpp
[26.780s] -- Symlinking: /home/herring/rzddzy/ros2_ws/install/franka_msgs/include/franka_msgs/franka_msgs/msg/errors.hpp
[26.787s] -- Symlinking: /home/herring/rzddzy/ros2_ws/install/franka_msgs/include/franka_msgs/franka_msgs/msg/franka_model.hpp
[26.796s] -- Symlinking: /home/herring/rzddzy/ros2_ws/install/franka_msgs/include/franka_msgs/franka_msgs/msg/franka_state.hpp
[26.806s] -- Symlinking: /home/herring/rzddzy/ros2_ws/install/franka_msgs/include/franka_msgs/franka_msgs/msg/grasp_epsilon.hpp
[26.815s] -- Symlinking: /home/herring/rzddzy/ros2_ws/install/franka_msgs/include/franka_msgs/franka_msgs/msg/pose_stamped_array.hpp
[26.825s] -- Symlinking: /home/herring/rzddzy/ros2_ws/install/franka_msgs/include/franka_msgs/franka_msgs/msg/rosidl_generator_cpp__visibility_control.hpp
[26.835s] -- Symlinking: /home/herring/rzddzy/ros2_ws/install/franka_msgs/include/franka_msgs/franka_msgs/srv/detail/error_recovery__builder.hpp
[26.846s] -- Symlinking: /home/herring/rzddzy/ros2_ws/install/franka_msgs/include/franka_msgs/franka_msgs/srv/detail/error_recovery__struct.hpp
[26.857s] -- Symlinking: /home/herring/rzddzy/ros2_ws/install/franka_msgs/include/franka_msgs/franka_msgs/srv/detail/error_recovery__traits.hpp
[26.865s] -- Symlinking: /home/herring/rzddzy/ros2_ws/install/franka_msgs/include/franka_msgs/franka_msgs/srv/detail/error_recovery__type_support.hpp
[26.875s] -- Symlinking: /home/herring/rzddzy/ros2_ws/install/franka_msgs/include/franka_msgs/franka_msgs/srv/detail/set_cartesian_stiffness__builder.hpp
[26.884s] -- Symlinking: /home/herring/rzddzy/ros2_ws/install/franka_msgs/include/franka_msgs/franka_msgs/srv/detail/set_cartesian_stiffness__struct.hpp
[26.893s] -- Symlinking: /home/herring/rzddzy/ros2_ws/install/franka_msgs/include/franka_msgs/franka_msgs/srv/detail/set_cartesian_stiffness__traits.hpp
[26.900s] -- Symlinking: /home/herring/rzddzy/ros2_ws/install/franka_msgs/include/franka_msgs/franka_msgs/srv/detail/set_cartesian_stiffness__type_support.hpp
[26.910s] -- Symlinking: /home/herring/rzddzy/ros2_ws/install/franka_msgs/include/franka_msgs/franka_msgs/srv/detail/set_force_torque_collision_behavior__builder.hpp
[26.920s] -- Symlinking: /home/herring/rzddzy/ros2_ws/install/franka_msgs/include/franka_msgs/franka_msgs/srv/detail/set_force_torque_collision_behavior__struct.hpp
[26.929s] -- Symlinking: /home/herring/rzddzy/ros2_ws/install/franka_msgs/include/franka_msgs/franka_msgs/srv/detail/set_force_torque_collision_behavior__traits.hpp
[26.937s] -- Symlinking: /home/herring/rzddzy/ros2_ws/install/franka_msgs/include/franka_msgs/franka_msgs/srv/detail/set_force_torque_collision_behavior__type_support.hpp
[26.945s] -- Symlinking: /home/herring/rzddzy/ros2_ws/install/franka_msgs/include/franka_msgs/franka_msgs/srv/detail/set_full_collision_behavior__builder.hpp
[26.952s] -- Symlinking: /home/herring/rzddzy/ros2_ws/install/franka_msgs/include/franka_msgs/franka_msgs/srv/detail/set_full_collision_behavior__struct.hpp
[26.960s] -- Symlinking: /home/herring/rzddzy/ros2_ws/install/franka_msgs/include/franka_msgs/franka_msgs/srv/detail/set_full_collision_behavior__traits.hpp
[26.969s] -- Symlinking: /home/herring/rzddzy/ros2_ws/install/franka_msgs/include/franka_msgs/franka_msgs/srv/detail/set_full_collision_behavior__type_support.hpp
[26.976s] -- Symlinking: /home/herring/rzddzy/ros2_ws/install/franka_msgs/include/franka_msgs/franka_msgs/srv/detail/set_joint_stiffness__builder.hpp
[26.982s] -- Symlinking: /home/herring/rzddzy/ros2_ws/install/franka_msgs/include/franka_msgs/franka_msgs/srv/detail/set_joint_stiffness__struct.hpp
[26.990s] -- Symlinking: /home/herring/rzddzy/ros2_ws/install/franka_msgs/include/franka_msgs/franka_msgs/srv/detail/set_joint_stiffness__traits.hpp
[26.998s] -- Symlinking: /home/herring/rzddzy/ros2_ws/install/franka_msgs/include/franka_msgs/franka_msgs/srv/detail/set_joint_stiffness__type_support.hpp
[27.006s] -- Symlinking: /home/herring/rzddzy/ros2_ws/install/franka_msgs/include/franka_msgs/franka_msgs/srv/detail/set_load__builder.hpp
[27.016s] -- Symlinking: /home/herring/rzddzy/ros2_ws/install/franka_msgs/include/franka_msgs/franka_msgs/srv/detail/set_load__struct.hpp
[27.024s] -- Symlinking: /home/herring/rzddzy/ros2_ws/install/franka_msgs/include/franka_msgs/franka_msgs/srv/detail/set_load__traits.hpp
[27.032s] -- Symlinking: /home/herring/rzddzy/ros2_ws/install/franka_msgs/include/franka_msgs/franka_msgs/srv/detail/set_load__type_support.hpp
[27.040s] -- Symlinking: /home/herring/rzddzy/ros2_ws/install/franka_msgs/include/franka_msgs/franka_msgs/srv/detail/set_mujoco_poses__builder.hpp
[27.048s] -- Symlinking: /home/herring/rzddzy/ros2_ws/install/franka_msgs/include/franka_msgs/franka_msgs/srv/detail/set_mujoco_poses__struct.hpp
[27.056s] -- Symlinking: /home/herring/rzddzy/ros2_ws/install/franka_msgs/include/franka_msgs/franka_msgs/srv/detail/set_mujoco_poses__traits.hpp
[27.063s] -- Symlinking: /home/herring/rzddzy/ros2_ws/install/franka_msgs/include/franka_msgs/franka_msgs/srv/detail/set_mujoco_poses__type_support.hpp
[27.068s] -- Symlinking: /home/herring/rzddzy/ros2_ws/install/franka_msgs/include/franka_msgs/franka_msgs/srv/detail/set_stiffness_frame__builder.hpp
[27.076s] -- Symlinking: /home/herring/rzddzy/ros2_ws/install/franka_msgs/include/franka_msgs/franka_msgs/srv/detail/set_stiffness_frame__struct.hpp
[27.081s] -- Symlinking: /home/herring/rzddzy/ros2_ws/install/franka_msgs/include/franka_msgs/franka_msgs/srv/detail/set_stiffness_frame__traits.hpp
[27.089s] -- Symlinking: /home/herring/rzddzy/ros2_ws/install/franka_msgs/include/franka_msgs/franka_msgs/srv/detail/set_stiffness_frame__type_support.hpp
[27.096s] -- Symlinking: /home/herring/rzddzy/ros2_ws/install/franka_msgs/include/franka_msgs/franka_msgs/srv/detail/set_tcp_frame__builder.hpp
[27.103s] -- Symlinking: /home/herring/rzddzy/ros2_ws/install/franka_msgs/include/franka_msgs/franka_msgs/srv/detail/set_tcp_frame__struct.hpp
[27.112s] -- Symlinking: /home/herring/rzddzy/ros2_ws/install/franka_msgs/include/franka_msgs/franka_msgs/srv/detail/set_tcp_frame__traits.hpp
[27.120s] -- Symlinking: /home/herring/rzddzy/ros2_ws/install/franka_msgs/include/franka_msgs/franka_msgs/srv/detail/set_tcp_frame__type_support.hpp
[27.128s] -- Symlinking: /home/herring/rzddzy/ros2_ws/install/franka_msgs/include/franka_msgs/franka_msgs/srv/error_recovery.hpp
[27.137s] -- Symlinking: /home/herring/rzddzy/ros2_ws/install/franka_msgs/include/franka_msgs/franka_msgs/srv/set_cartesian_stiffness.hpp
[27.143s] -- Symlinking: /home/herring/rzddzy/ros2_ws/install/franka_msgs/include/franka_msgs/franka_msgs/srv/set_force_torque_collision_behavior.hpp
[27.150s] -- Symlinking: /home/herring/rzddzy/ros2_ws/install/franka_msgs/include/franka_msgs/franka_msgs/srv/set_full_collision_behavior.hpp
[27.158s] -- Symlinking: /home/herring/rzddzy/ros2_ws/install/franka_msgs/include/franka_msgs/franka_msgs/srv/set_joint_stiffness.hpp
[27.168s] -- Symlinking: /home/herring/rzddzy/ros2_ws/install/franka_msgs/include/franka_msgs/franka_msgs/srv/set_load.hpp
[27.174s] -- Symlinking: /home/herring/rzddzy/ros2_ws/install/franka_msgs/include/franka_msgs/franka_msgs/srv/set_mujoco_poses.hpp
[27.182s] -- Symlinking: /home/herring/rzddzy/ros2_ws/install/franka_msgs/include/franka_msgs/franka_msgs/srv/set_stiffness_frame.hpp
[27.191s] -- Symlinking: /home/herring/rzddzy/ros2_ws/install/franka_msgs/include/franka_msgs/franka_msgs/srv/set_tcp_frame.hpp
[27.201s] -- Symlinking: /home/herring/rzddzy/ros2_ws/install/franka_msgs/include/franka_msgs/franka_msgs/action/detail/grasp__rosidl_typesupport_fastrtps_cpp.hpp
[27.209s] -- Symlinking: /home/herring/rzddzy/ros2_ws/install/franka_msgs/include/franka_msgs/franka_msgs/action/detail/homing__rosidl_typesupport_fastrtps_cpp.hpp
[27.217s] -- Symlinking: /home/herring/rzddzy/ros2_ws/install/franka_msgs/include/franka_msgs/franka_msgs/action/detail/move__rosidl_typesupport_fastrtps_cpp.hpp
[27.223s] -- Symlinking: /home/herring/rzddzy/ros2_ws/install/franka_msgs/include/franka_msgs/franka_msgs/msg/detail/errors__rosidl_typesupport_fastrtps_cpp.hpp
[27.231s] -- Symlinking: /home/herring/rzddzy/ros2_ws/install/franka_msgs/include/franka_msgs/franka_msgs/msg/detail/franka_model__rosidl_typesupport_fastrtps_cpp.hpp
[27.237s] -- Symlinking: /home/herring/rzddzy/ros2_ws/install/franka_msgs/include/franka_msgs/franka_msgs/msg/detail/franka_state__rosidl_typesupport_fastrtps_cpp.hpp
[27.245s] -- Symlinking: /home/herring/rzddzy/ros2_ws/install/franka_msgs/include/franka_msgs/franka_msgs/msg/detail/grasp_epsilon__rosidl_typesupport_fastrtps_cpp.hpp
[27.253s] -- Symlinking: /home/herring/rzddzy/ros2_ws/install/franka_msgs/include/franka_msgs/franka_msgs/msg/detail/pose_stamped_array__rosidl_typesupport_fastrtps_cpp.hpp
[27.261s] -- Symlinking: /home/herring/rzddzy/ros2_ws/install/franka_msgs/include/franka_msgs/franka_msgs/msg/rosidl_typesupport_fastrtps_cpp__visibility_control.h
[27.270s] -- Symlinking: /home/herring/rzddzy/ros2_ws/install/franka_msgs/include/franka_msgs/franka_msgs/srv/detail/error_recovery__rosidl_typesupport_fastrtps_cpp.hpp
[27.280s] -- Symlinking: /home/herring/rzddzy/ros2_ws/install/franka_msgs/include/franka_msgs/franka_msgs/srv/detail/set_cartesian_stiffness__rosidl_typesupport_fastrtps_cpp.hpp
[27.288s] -- Symlinking: /home/herring/rzddzy/ros2_ws/install/franka_msgs/include/franka_msgs/franka_msgs/srv/detail/set_force_torque_collision_behavior__rosidl_typesupport_fastrtps_cpp.hpp
[27.295s] -- Symlinking: /home/herring/rzddzy/ros2_ws/install/franka_msgs/include/franka_msgs/franka_msgs/srv/detail/set_full_collision_behavior__rosidl_typesupport_fastrtps_cpp.hpp
[27.303s] -- Symlinking: /home/herring/rzddzy/ros2_ws/install/franka_msgs/include/franka_msgs/franka_msgs/srv/detail/set_joint_stiffness__rosidl_typesupport_fastrtps_cpp.hpp
[27.310s] -- Symlinking: /home/herring/rzddzy/ros2_ws/install/franka_msgs/include/franka_msgs/franka_msgs/srv/detail/set_load__rosidl_typesupport_fastrtps_cpp.hpp
[27.318s] -- Symlinking: /home/herring/rzddzy/ros2_ws/install/franka_msgs/include/franka_msgs/franka_msgs/srv/detail/set_mujoco_poses__rosidl_typesupport_fastrtps_cpp.hpp
[27.325s] -- Symlinking: /home/herring/rzddzy/ros2_ws/install/franka_msgs/include/franka_msgs/franka_msgs/srv/detail/set_stiffness_frame__rosidl_typesupport_fastrtps_cpp.hpp
[27.333s] -- Symlinking: /home/herring/rzddzy/ros2_ws/install/franka_msgs/include/franka_msgs/franka_msgs/srv/detail/set_tcp_frame__rosidl_typesupport_fastrtps_cpp.hpp
[27.341s] -- Symlinking: /home/herring/rzddzy/ros2_ws/install/franka_msgs/include/franka_msgs/franka_msgs/action/detail/grasp__rosidl_typesupport_introspection_cpp.hpp
[27.349s] -- Symlinking: /home/herring/rzddzy/ros2_ws/install/franka_msgs/include/franka_msgs/franka_msgs/action/detail/homing__rosidl_typesupport_introspection_cpp.hpp
[27.357s] -- Symlinking: /home/herring/rzddzy/ros2_ws/install/franka_msgs/include/franka_msgs/franka_msgs/action/detail/move__rosidl_typesupport_introspection_cpp.hpp
[27.364s] -- Symlinking: /home/herring/rzddzy/ros2_ws/install/franka_msgs/include/franka_msgs/franka_msgs/msg/detail/errors__rosidl_typesupport_introspection_cpp.hpp
[27.372s] -- Symlinking: /home/herring/rzddzy/ros2_ws/install/franka_msgs/include/franka_msgs/franka_msgs/msg/detail/franka_model__rosidl_typesupport_introspection_cpp.hpp
[27.380s] -- Symlinking: /home/herring/rzddzy/ros2_ws/install/franka_msgs/include/franka_msgs/franka_msgs/msg/detail/franka_state__rosidl_typesupport_introspection_cpp.hpp
[27.388s] -- Symlinking: /home/herring/rzddzy/ros2_ws/install/franka_msgs/include/franka_msgs/franka_msgs/msg/detail/grasp_epsilon__rosidl_typesupport_introspection_cpp.hpp
[27.396s] -- Symlinking: /home/herring/rzddzy/ros2_ws/install/franka_msgs/include/franka_msgs/franka_msgs/msg/detail/pose_stamped_array__rosidl_typesupport_introspection_cpp.hpp
[27.405s] -- Symlinking: /home/herring/rzddzy/ros2_ws/install/franka_msgs/include/franka_msgs/franka_msgs/srv/detail/error_recovery__rosidl_typesupport_introspection_cpp.hpp
[27.413s] -- Symlinking: /home/herring/rzddzy/ros2_ws/install/franka_msgs/include/franka_msgs/franka_msgs/srv/detail/set_cartesian_stiffness__rosidl_typesupport_introspection_cpp.hpp
[27.421s] -- Symlinking: /home/herring/rzddzy/ros2_ws/install/franka_msgs/include/franka_msgs/franka_msgs/srv/detail/set_force_torque_collision_behavior__rosidl_typesupport_introspection_cpp.hpp
[27.428s] -- Symlinking: /home/herring/rzddzy/ros2_ws/install/franka_msgs/include/franka_msgs/franka_msgs/srv/detail/set_full_collision_behavior__rosidl_typesupport_introspection_cpp.hpp
[27.436s] -- Symlinking: /home/herring/rzddzy/ros2_ws/install/franka_msgs/include/franka_msgs/franka_msgs/srv/detail/set_joint_stiffness__rosidl_typesupport_introspection_cpp.hpp
[27.444s] -- Symlinking: /home/herring/rzddzy/ros2_ws/install/franka_msgs/include/franka_msgs/franka_msgs/srv/detail/set_load__rosidl_typesupport_introspection_cpp.hpp
[27.453s] -- Symlinking: /home/herring/rzddzy/ros2_ws/install/franka_msgs/include/franka_msgs/franka_msgs/srv/detail/set_mujoco_poses__rosidl_typesupport_introspection_cpp.hpp
[27.459s] -- Symlinking: /home/herring/rzddzy/ros2_ws/install/franka_msgs/include/franka_msgs/franka_msgs/srv/detail/set_stiffness_frame__rosidl_typesupport_introspection_cpp.hpp
[27.466s] -- Symlinking: /home/herring/rzddzy/ros2_ws/install/franka_msgs/include/franka_msgs/franka_msgs/srv/detail/set_tcp_frame__rosidl_typesupport_introspection_cpp.hpp
[27.472s] -- Symlinking: /home/herring/rzddzy/ros2_ws/install/franka_msgs/share/franka_msgs/environment/pythonpath.sh
[27.479s] -- Symlinking: /home/herring/rzddzy/ros2_ws/install/franka_msgs/share/franka_msgs/environment/pythonpath.dsv
[27.487s] -- Symlinking: /home/herring/rzddzy/ros2_ws/install/franka_msgs/lib/python3.12/site-packages/franka_msgs-0.0.0-py3.12.egg-info/PKG-INFO
[27.494s] -- Symlinking: /home/herring/rzddzy/ros2_ws/install/franka_msgs/lib/python3.12/site-packages/franka_msgs-0.0.0-py3.12.egg-info/SOURCES.txt
[27.503s] -- Symlinking: /home/herring/rzddzy/ros2_ws/install/franka_msgs/lib/python3.12/site-packages/franka_msgs-0.0.0-py3.12.egg-info/dependency_links.txt
[27.511s] -- Symlinking: /home/herring/rzddzy/ros2_ws/install/franka_msgs/lib/python3.12/site-packages/franka_msgs-0.0.0-py3.12.egg-info/top_level.txt
[27.521s] -- Symlinking: /home/herring/rzddzy/ros2_ws/install/franka_msgs/lib/python3.12/site-packages/franka_msgs/__init__.py
[27.529s] -- Symlinking: /home/herring/rzddzy/ros2_ws/install/franka_msgs/lib/python3.12/site-packages/franka_msgs/_franka_msgs_s.ep.rosidl_typesupport_c.c
[27.537s] -- Symlinking: /home/herring/rzddzy/ros2_ws/install/franka_msgs/lib/python3.12/site-packages/franka_msgs/_franka_msgs_s.ep.rosidl_typesupport_fastrtps_c.c
[27.545s] -- Symlinking: /home/herring/rzddzy/ros2_ws/install/franka_msgs/lib/python3.12/site-packages/franka_msgs/_franka_msgs_s.ep.rosidl_typesupport_introspection_c.c
[27.553s] -- Symlinking: /home/herring/rzddzy/ros2_ws/install/franka_msgs/lib/python3.12/site-packages/franka_msgs/action/__init__.py
[27.560s] -- Symlinking: /home/herring/rzddzy/ros2_ws/install/franka_msgs/lib/python3.12/site-packages/franka_msgs/action/_grasp.py
[27.567s] -- Symlinking: /home/herring/rzddzy/ros2_ws/install/franka_msgs/lib/python3.12/site-packages/franka_msgs/action/_grasp_s.c
[27.575s] -- Symlinking: /home/herring/rzddzy/ros2_ws/install/franka_msgs/lib/python3.12/site-packages/franka_msgs/action/_homing.py
[27.583s] -- Symlinking: /home/herring/rzddzy/ros2_ws/install/franka_msgs/lib/python3.12/site-packages/franka_msgs/action/_homing_s.c
[27.591s] -- Symlinking: /home/herring/rzddzy/ros2_ws/install/franka_msgs/lib/python3.12/site-packages/franka_msgs/action/_move.py
[27.597s] -- Symlinking: /home/herring/rzddzy/ros2_ws/install/franka_msgs/lib/python3.12/site-packages/franka_msgs/action/_move_s.c
[27.605s] -- Symlinking: /home/herring/rzddzy/ros2_ws/install/franka_msgs/lib/python3.12/site-packages/franka_msgs/franka_msgs_s__rosidl_typesupport_c.so
[27.613s] -- Symlinking: /home/herring/rzddzy/ros2_ws/install/franka_msgs/lib/python3.12/site-packages/franka_msgs/franka_msgs_s__rosidl_typesupport_fastrtps_c.so
[27.621s] -- Symlinking: /home/herring/rzddzy/ros2_ws/install/franka_msgs/lib/python3.12/site-packages/franka_msgs/franka_msgs_s__rosidl_typesupport_introspection_c.so
[27.629s] -- Symlinking: /home/herring/rzddzy/ros2_ws/install/franka_msgs/lib/python3.12/site-packages/franka_msgs/msg/__init__.py
[27.637s] -- Symlinking: /home/herring/rzddzy/ros2_ws/install/franka_msgs/lib/python3.12/site-packages/franka_msgs/msg/_errors.py
[27.644s] -- Symlinking: /home/herring/rzddzy/ros2_ws/install/franka_msgs/lib/python3.12/site-packages/franka_msgs/msg/_errors_s.c
[27.652s] -- Symlinking: /home/herring/rzddzy/ros2_ws/install/franka_msgs/lib/python3.12/site-packages/franka_msgs/msg/_franka_model.py
[27.659s] -- Symlinking: /home/herring/rzddzy/ros2_ws/install/franka_msgs/lib/python3.12/site-packages/franka_msgs/msg/_franka_model_s.c
[27.667s] -- Symlinking: /home/herring/rzddzy/ros2_ws/install/franka_msgs/lib/python3.12/site-packages/franka_msgs/msg/_franka_state.py
[27.675s] -- Symlinking: /home/herring/rzddzy/ros2_ws/install/franka_msgs/lib/python3.12/site-packages/franka_msgs/msg/_franka_state_s.c
[27.685s] -- Symlinking: /home/herring/rzddzy/ros2_ws/install/franka_msgs/lib/python3.12/site-packages/franka_msgs/msg/_grasp_epsilon.py
[27.693s] -- Symlinking: /home/herring/rzddzy/ros2_ws/install/franka_msgs/lib/python3.12/site-packages/franka_msgs/msg/_grasp_epsilon_s.c
[27.701s] -- Symlinking: /home/herring/rzddzy/ros2_ws/install/franka_msgs/lib/python3.12/site-packages/franka_msgs/msg/_pose_stamped_array.py
[27.710s] -- Symlinking: /home/herring/rzddzy/ros2_ws/install/franka_msgs/lib/python3.12/site-packages/franka_msgs/msg/_pose_stamped_array_s.c
[27.716s] -- Symlinking: /home/herring/rzddzy/ros2_ws/install/franka_msgs/lib/python3.12/site-packages/franka_msgs/srv/__init__.py
[27.724s] -- Symlinking: /home/herring/rzddzy/ros2_ws/install/franka_msgs/lib/python3.12/site-packages/franka_msgs/srv/_error_recovery.py
[27.730s] -- Symlinking: /home/herring/rzddzy/ros2_ws/install/franka_msgs/lib/python3.12/site-packages/franka_msgs/srv/_error_recovery_s.c
[27.738s] -- Symlinking: /home/herring/rzddzy/ros2_ws/install/franka_msgs/lib/python3.12/site-packages/franka_msgs/srv/_set_cartesian_stiffness.py
[27.745s] -- Symlinking: /home/herring/rzddzy/ros2_ws/install/franka_msgs/lib/python3.12/site-packages/franka_msgs/srv/_set_cartesian_stiffness_s.c
[27.753s] -- Symlinking: /home/herring/rzddzy/ros2_ws/install/franka_msgs/lib/python3.12/site-packages/franka_msgs/srv/_set_force_torque_collision_behavior.py
[27.760s] -- Symlinking: /home/herring/rzddzy/ros2_ws/install/franka_msgs/lib/python3.12/site-packages/franka_msgs/srv/_set_force_torque_collision_behavior_s.c
[27.768s] -- Symlinking: /home/herring/rzddzy/ros2_ws/install/franka_msgs/lib/python3.12/site-packages/franka_msgs/srv/_set_full_collision_behavior.py
[27.776s] -- Symlinking: /home/herring/rzddzy/ros2_ws/install/franka_msgs/lib/python3.12/site-packages/franka_msgs/srv/_set_full_collision_behavior_s.c
[27.785s] -- Symlinking: /home/herring/rzddzy/ros2_ws/install/franka_msgs/lib/python3.12/site-packages/franka_msgs/srv/_set_joint_stiffness.py
[27.793s] -- Symlinking: /home/herring/rzddzy/ros2_ws/install/franka_msgs/lib/python3.12/site-packages/franka_msgs/srv/_set_joint_stiffness_s.c
[27.801s] -- Symlinking: /home/herring/rzddzy/ros2_ws/install/franka_msgs/lib/python3.12/site-packages/franka_msgs/srv/_set_load.py
[27.809s] -- Symlinking: /home/herring/rzddzy/ros2_ws/install/franka_msgs/lib/python3.12/site-packages/franka_msgs/srv/_set_load_s.c
[27.818s] -- Symlinking: /home/herring/rzddzy/ros2_ws/install/franka_msgs/lib/python3.12/site-packages/franka_msgs/srv/_set_mujoco_poses.py
[27.827s] -- Symlinking: /home/herring/rzddzy/ros2_ws/install/franka_msgs/lib/python3.12/site-packages/franka_msgs/srv/_set_mujoco_poses_s.c
[27.836s] -- Symlinking: /home/herring/rzddzy/ros2_ws/install/franka_msgs/lib/python3.12/site-packages/franka_msgs/srv/_set_stiffness_frame.py
[27.845s] -- Symlinking: /home/herring/rzddzy/ros2_ws/install/franka_msgs/lib/python3.12/site-packages/franka_msgs/srv/_set_stiffness_frame_s.c
[27.853s] -- Symlinking: /home/herring/rzddzy/ros2_ws/install/franka_msgs/lib/python3.12/site-packages/franka_msgs/srv/_set_tcp_frame.py
[27.861s] -- Symlinking: /home/herring/rzddzy/ros2_ws/install/franka_msgs/lib/python3.12/site-packages/franka_msgs/srv/_set_tcp_frame_s.c
[27.870s] -- Up-to-date symlink: /home/herring/rzddzy/ros2_ws/install/franka_msgs/lib/python3.12/site-packages/franka_msgs/franka_msgs_s__rosidl_typesupport_fastrtps_c.so
[27.870s] -- Up-to-date symlink: /home/herring/rzddzy/ros2_ws/install/franka_msgs/lib/python3.12/site-packages/franka_msgs/franka_msgs_s__rosidl_typesupport_introspection_c.so
[27.870s] -- Up-to-date symlink: /home/herring/rzddzy/ros2_ws/install/franka_msgs/lib/python3.12/site-packages/franka_msgs/franka_msgs_s__rosidl_typesupport_c.so
[27.870s] -- Symlinking: /home/herring/rzddzy/ros2_ws/install/franka_msgs/share/franka_msgs/msg/GraspEpsilon.idl
[27.879s] -- Symlinking: /home/herring/rzddzy/ros2_ws/install/franka_msgs/share/franka_msgs/msg/FrankaState.idl
[27.886s] -- Symlinking: /home/herring/rzddzy/ros2_ws/install/franka_msgs/share/franka_msgs/msg/FrankaModel.idl
[27.893s] -- Symlinking: /home/herring/rzddzy/ros2_ws/install/franka_msgs/share/franka_msgs/msg/Errors.idl
[27.901s] -- Symlinking: /home/herring/rzddzy/ros2_ws/install/franka_msgs/share/franka_msgs/msg/PoseStampedArray.idl
[27.911s] -- Symlinking: /home/herring/rzddzy/ros2_ws/install/franka_msgs/share/franka_msgs/action/Grasp.idl
[27.920s] -- Symlinking: /home/herring/rzddzy/ros2_ws/install/franka_msgs/share/franka_msgs/action/Homing.idl
[27.930s] -- Symlinking: /home/herring/rzddzy/ros2_ws/install/franka_msgs/share/franka_msgs/action/Move.idl
[27.940s] -- Symlinking: /home/herring/rzddzy/ros2_ws/install/franka_msgs/share/franka_msgs/srv/ErrorRecovery.idl
[27.949s] -- Symlinking: /home/herring/rzddzy/ros2_ws/install/franka_msgs/share/franka_msgs/srv/SetCartesianStiffness.idl
[27.958s] -- Symlinking: /home/herring/rzddzy/ros2_ws/install/franka_msgs/share/franka_msgs/srv/SetTCPFrame.idl
[27.967s] -- Symlinking: /home/herring/rzddzy/ros2_ws/install/franka_msgs/share/franka_msgs/srv/SetForceTorqueCollisionBehavior.idl
[27.974s] -- Symlinking: /home/herring/rzddzy/ros2_ws/install/franka_msgs/share/franka_msgs/srv/SetFullCollisionBehavior.idl
[27.979s] -- Symlinking: /home/herring/rzddzy/ros2_ws/install/franka_msgs/share/franka_msgs/srv/SetJointStiffness.idl
[27.988s] -- Symlinking: /home/herring/rzddzy/ros2_ws/install/franka_msgs/share/franka_msgs/srv/SetStiffnessFrame.idl
[27.996s] -- Symlinking: /home/herring/rzddzy/ros2_ws/install/franka_msgs/share/franka_msgs/srv/SetLoad.idl
[28.004s] -- Symlinking: /home/herring/rzddzy/ros2_ws/install/franka_msgs/share/franka_msgs/srv/SetMujocoPoses.idl
[28.012s] -- Symlinking: /home/herring/rzddzy/ros2_ws/install/franka_msgs/share/franka_msgs/msg/GraspEpsilon.msg
[28.020s] -- Symlinking: /home/herring/rzddzy/ros2_ws/install/franka_msgs/share/franka_msgs/msg/FrankaState.msg
[28.029s] -- Symlinking: /home/herring/rzddzy/ros2_ws/install/franka_msgs/share/franka_msgs/msg/FrankaModel.msg
[28.038s] -- Symlinking: /home/herring/rzddzy/ros2_ws/install/franka_msgs/share/franka_msgs/msg/Errors.msg
[28.047s] -- Symlinking: /home/herring/rzddzy/ros2_ws/install/franka_msgs/share/franka_msgs/msg/PoseStampedArray.msg
[28.053s] -- Symlinking: /home/herring/rzddzy/ros2_ws/install/franka_msgs/share/franka_msgs/action/Grasp.action
[28.059s] -- Symlinking: /home/herring/rzddzy/ros2_ws/install/franka_msgs/share/franka_msgs/action/Homing.action
[28.068s] -- Symlinking: /home/herring/rzddzy/ros2_ws/install/franka_msgs/share/franka_msgs/action/Move.action
[28.076s] -- Symlinking: /home/herring/rzddzy/ros2_ws/install/franka_msgs/share/franka_msgs/srv/ErrorRecovery.srv
[28.085s] -- Symlinking: /home/herring/rzddzy/ros2_ws/install/franka_msgs/share/franka_msgs/srv/SetCartesianStiffness.srv
[28.092s] -- Symlinking: /home/herring/rzddzy/ros2_ws/install/franka_msgs/share/franka_msgs/srv/SetTCPFrame.srv
[28.099s] -- Symlinking: /home/herring/rzddzy/ros2_ws/install/franka_msgs/share/franka_msgs/srv/SetForceTorqueCollisionBehavior.srv
[28.108s] -- Symlinking: /home/herring/rzddzy/ros2_ws/install/franka_msgs/share/franka_msgs/srv/SetFullCollisionBehavior.srv
[28.116s] -- Symlinking: /home/herring/rzddzy/ros2_ws/install/franka_msgs/share/franka_msgs/srv/SetJointStiffness.srv
[28.124s] -- Symlinking: /home/herring/rzddzy/ros2_ws/install/franka_msgs/share/franka_msgs/srv/SetStiffnessFrame.srv
[28.133s] -- Symlinking: /home/herring/rzddzy/ros2_ws/install/franka_msgs/share/franka_msgs/srv/SetLoad.srv
[28.142s] -- Symlinking: /home/herring/rzddzy/ros2_ws/install/franka_msgs/share/franka_msgs/srv/SetMujocoPoses.srv
[28.151s] -- Symlinking: /home/herring/rzddzy/ros2_ws/install/franka_msgs/share/ament_index/resource_index/package_run_dependencies/franka_msgs
[28.161s] -- Symlinking: /home/herring/rzddzy/ros2_ws/install/franka_msgs/share/ament_index/resource_index/parent_prefix_path/franka_msgs
[28.170s] -- Symlinking: /home/herring/rzddzy/ros2_ws/install/franka_msgs/share/franka_msgs/environment/ament_prefix_path.sh
[28.180s] -- Symlinking: /home/herring/rzddzy/ros2_ws/install/franka_msgs/share/franka_msgs/environment/ament_prefix_path.dsv
[28.189s] -- Symlinking: /home/herring/rzddzy/ros2_ws/install/franka_msgs/share/franka_msgs/environment/path.sh
[28.197s] -- Symlinking: /home/herring/rzddzy/ros2_ws/install/franka_msgs/share/franka_msgs/environment/path.dsv
[28.206s] -- Symlinking: /home/herring/rzddzy/ros2_ws/install/franka_msgs/share/franka_msgs/local_setup.bash
[28.214s] -- Symlinking: /home/herring/rzddzy/ros2_ws/install/franka_msgs/share/franka_msgs/local_setup.sh
[28.223s] -- Symlinking: /home/herring/rzddzy/ros2_ws/install/franka_msgs/share/franka_msgs/local_setup.zsh
[28.230s] -- Symlinking: /home/herring/rzddzy/ros2_ws/install/franka_msgs/share/franka_msgs/local_setup.dsv
[28.239s] -- Symlinking: /home/herring/rzddzy/ros2_ws/install/franka_msgs/share/franka_msgs/package.dsv
[28.248s] -- Symlinking: /home/herring/rzddzy/ros2_ws/install/franka_msgs/share/ament_index/resource_index/packages/franka_msgs
[28.257s] -- Symlinking: /home/herring/rzddzy/ros2_ws/install/franka_msgs/share/franka_msgs/cmake/rosidl_cmake-extras.cmake
[28.266s] -- Symlinking: /home/herring/rzddzy/ros2_ws/install/franka_msgs/share/franka_msgs/cmake/ament_cmake_export_dependencies-extras.cmake
[28.274s] -- Symlinking: /home/herring/rzddzy/ros2_ws/install/franka_msgs/share/franka_msgs/cmake/ament_cmake_export_include_directories-extras.cmake
[28.282s] -- Symlinking: /home/herring/rzddzy/ros2_ws/install/franka_msgs/share/franka_msgs/cmake/ament_cmake_export_libraries-extras.cmake
[28.290s] -- Symlinking: /home/herring/rzddzy/ros2_ws/install/franka_msgs/share/franka_msgs/cmake/ament_cmake_export_targets-extras.cmake
[28.298s] -- Symlinking: /home/herring/rzddzy/ros2_ws/install/franka_msgs/share/franka_msgs/cmake/rosidl_cmake_export_typesupport_targets-extras.cmake
[28.305s] -- Symlinking: /home/herring/rzddzy/ros2_ws/install/franka_msgs/share/franka_msgs/cmake/rosidl_cmake_export_typesupport_libraries-extras.cmake
[28.312s] -- Symlinking: /home/herring/rzddzy/ros2_ws/install/franka_msgs/share/franka_msgs/cmake/franka_msgsConfig.cmake
[28.321s] -- Symlinking: /home/herring/rzddzy/ros2_ws/install/franka_msgs/share/franka_msgs/cmake/franka_msgsConfig-version.cmake
[28.330s] -- Symlinking: /home/herring/rzddzy/ros2_ws/install/franka_msgs/share/franka_msgs/package.xml
[28.339s] -- Installing: /home/herring/rzddzy/ros2_ws/install/franka_msgs/lib/libfranka_msgs__rosidl_generator_c.so
[28.340s] -- Set non-toolchain portion of runtime path of "/home/herring/rzddzy/ros2_ws/install/franka_msgs/lib/libfranka_msgs__rosidl_generator_c.so" to ""
[28.340s] -- Installing: /home/herring/rzddzy/ros2_ws/install/franka_msgs/lib/libfranka_msgs__rosidl_typesupport_fastrtps_c.so
[28.341s] -- Set non-toolchain portion of runtime path of "/home/herring/rzddzy/ros2_ws/install/franka_msgs/lib/libfranka_msgs__rosidl_typesupport_fastrtps_c.so" to ""
[28.341s] -- Installing: /home/herring/rzddzy/ros2_ws/install/franka_msgs/lib/libfranka_msgs__rosidl_typesupport_introspection_c.so
[28.342s] -- Set non-toolchain portion of runtime path of "/home/herring/rzddzy/ros2_ws/install/franka_msgs/lib/libfranka_msgs__rosidl_typesupport_introspection_c.so" to ""
[28.342s] -- Installing: /home/herring/rzddzy/ros2_ws/install/franka_msgs/lib/libfranka_msgs__rosidl_typesupport_c.so
[28.342s] -- Set non-toolchain portion of runtime path of "/home/herring/rzddzy/ros2_ws/install/franka_msgs/lib/libfranka_msgs__rosidl_typesupport_c.so" to ""
[28.342s] -- Installing: /home/herring/rzddzy/ros2_ws/install/franka_msgs/lib/libfranka_msgs__rosidl_typesupport_fastrtps_cpp.so
[28.344s] -- Set non-toolchain portion of runtime path of "/home/herring/rzddzy/ros2_ws/install/franka_msgs/lib/libfranka_msgs__rosidl_typesupport_fastrtps_cpp.so" to ""
[28.344s] -- Installing: /home/herring/rzddzy/ros2_ws/install/franka_msgs/lib/libfranka_msgs__rosidl_typesupport_introspection_cpp.so
[28.346s] -- Set non-toolchain portion of runtime path of "/home/herring/rzddzy/ros2_ws/install/franka_msgs/lib/libfranka_msgs__rosidl_typesupport_introspection_cpp.so" to ""
[28.347s] -- Installing: /home/herring/rzddzy/ros2_ws/install/franka_msgs/lib/libfranka_msgs__rosidl_typesupport_cpp.so
[28.348s] -- Set non-toolchain portion of runtime path of "/home/herring/rzddzy/ros2_ws/install/franka_msgs/lib/libfranka_msgs__rosidl_typesupport_cpp.so" to ""
[28.449s] Listing '/home/herring/rzddzy/ros2_ws/install/franka_msgs/lib/python3.12/site-packages/franka_msgs'...
[28.449s] Compiling '/home/herring/rzddzy/ros2_ws/install/franka_msgs/lib/python3.12/site-packages/franka_msgs/__init__.py'...
[28.449s] Listing '/home/herring/rzddzy/ros2_ws/install/franka_msgs/lib/python3.12/site-packages/franka_msgs/action'...
[28.449s] Compiling '/home/herring/rzddzy/ros2_ws/install/franka_msgs/lib/python3.12/site-packages/franka_msgs/action/__init__.py'...
[28.449s] Compiling '/home/herring/rzddzy/ros2_ws/install/franka_msgs/lib/python3.12/site-packages/franka_msgs/action/_grasp.py'...
[28.449s] Compiling '/home/herring/rzddzy/ros2_ws/install/franka_msgs/lib/python3.12/site-packages/franka_msgs/action/_homing.py'...
[28.449s] Compiling '/home/herring/rzddzy/ros2_ws/install/franka_msgs/lib/python3.12/site-packages/franka_msgs/action/_move.py'...
[28.449s] Listing '/home/herring/rzddzy/ros2_ws/install/franka_msgs/lib/python3.12/site-packages/franka_msgs/msg'...
[28.449s] Compiling '/home/herring/rzddzy/ros2_ws/install/franka_msgs/lib/python3.12/site-packages/franka_msgs/msg/__init__.py'...
[28.449s] Compiling '/home/herring/rzddzy/ros2_ws/install/franka_msgs/lib/python3.12/site-packages/franka_msgs/msg/_errors.py'...
[28.449s] Compiling '/home/herring/rzddzy/ros2_ws/install/franka_msgs/lib/python3.12/site-packages/franka_msgs/msg/_franka_model.py'...
[28.449s] Compiling '/home/herring/rzddzy/ros2_ws/install/franka_msgs/lib/python3.12/site-packages/franka_msgs/msg/_franka_state.py'...
[28.449s] Compiling '/home/herring/rzddzy/ros2_ws/install/franka_msgs/lib/python3.12/site-packages/franka_msgs/msg/_grasp_epsilon.py'...
[28.450s] Compiling '/home/herring/rzddzy/ros2_ws/install/franka_msgs/lib/python3.12/site-packages/franka_msgs/msg/_pose_stamped_array.py'...
[28.450s] Listing '/home/herring/rzddzy/ros2_ws/install/franka_msgs/lib/python3.12/site-packages/franka_msgs/srv'...
[28.450s] Compiling '/home/herring/rzddzy/ros2_ws/install/franka_msgs/lib/python3.12/site-packages/franka_msgs/srv/__init__.py'...
[28.450s] Compiling '/home/herring/rzddzy/ros2_ws/install/franka_msgs/lib/python3.12/site-packages/franka_msgs/srv/_error_recovery.py'...
[28.450s] Compiling '/home/herring/rzddzy/ros2_ws/install/franka_msgs/lib/python3.12/site-packages/franka_msgs/srv/_set_cartesian_stiffness.py'...
[28.450s] Compiling '/home/herring/rzddzy/ros2_ws/install/franka_msgs/lib/python3.12/site-packages/franka_msgs/srv/_set_force_torque_collision_behavior.py'...
[28.450s] Compiling '/home/herring/rzddzy/ros2_ws/install/franka_msgs/lib/python3.12/site-packages/franka_msgs/srv/_set_full_collision_behavior.py'...
[28.450s] Compiling '/home/herring/rzddzy/ros2_ws/install/franka_msgs/lib/python3.12/site-packages/franka_msgs/srv/_set_joint_stiffness.py'...
[28.450s] Compiling '/home/herring/rzddzy/ros2_ws/install/franka_msgs/lib/python3.12/site-packages/franka_msgs/srv/_set_load.py'...
[28.450s] Compiling '/home/herring/rzddzy/ros2_ws/install/franka_msgs/lib/python3.12/site-packages/franka_msgs/srv/_set_mujoco_poses.py'...
[28.450s] Compiling '/home/herring/rzddzy/ros2_ws/install/franka_msgs/lib/python3.12/site-packages/franka_msgs/srv/_set_stiffness_frame.py'...
[28.450s] Compiling '/home/herring/rzddzy/ros2_ws/install/franka_msgs/lib/python3.12/site-packages/franka_msgs/srv/_set_tcp_frame.py'...
[28.453s] -- Installing: /home/herring/rzddzy/ros2_ws/install/franka_msgs/lib/libfranka_msgs__rosidl_generator_py.so
[28.454s] -- Set non-toolchain portion of runtime path of "/home/herring/rzddzy/ros2_ws/install/franka_msgs/lib/libfranka_msgs__rosidl_generator_py.so" to ""
[28.454s] -- Installing: /home/herring/rzddzy/ros2_ws/install/franka_msgs/share/franka_msgs/cmake/export_franka_msgs__rosidl_generator_cExport.cmake
[28.454s] -- Installing: /home/herring/rzddzy/ros2_ws/install/franka_msgs/share/franka_msgs/cmake/export_franka_msgs__rosidl_generator_cExport-noconfig.cmake
[28.454s] -- Installing: /home/herring/rzddzy/ros2_ws/install/franka_msgs/share/franka_msgs/cmake/export_franka_msgs__rosidl_typesupport_fastrtps_cExport.cmake
[28.454s] -- Installing: /home/herring/rzddzy/ros2_ws/install/franka_msgs/share/franka_msgs/cmake/export_franka_msgs__rosidl_typesupport_fastrtps_cExport-noconfig.cmake
[28.454s] -- Installing: /home/herring/rzddzy/ros2_ws/install/franka_msgs/share/franka_msgs/cmake/franka_msgs__rosidl_typesupport_introspection_cExport.cmake
[28.454s] -- Installing: /home/herring/rzddzy/ros2_ws/install/franka_msgs/share/franka_msgs/cmake/franka_msgs__rosidl_typesupport_introspection_cExport-noconfig.cmake
[28.454s] -- Installing: /home/herring/rzddzy/ros2_ws/install/franka_msgs/share/franka_msgs/cmake/franka_msgs__rosidl_typesupport_cExport.cmake
[28.454s] -- Installing: /home/herring/rzddzy/ros2_ws/install/franka_msgs/share/franka_msgs/cmake/franka_msgs__rosidl_typesupport_cExport-noconfig.cmake
[28.454s] -- Installing: /home/herring/rzddzy/ros2_ws/install/franka_msgs/share/franka_msgs/cmake/export_franka_msgs__rosidl_generator_cppExport.cmake
[28.454s] -- Installing: /home/herring/rzddzy/ros2_ws/install/franka_msgs/share/franka_msgs/cmake/export_franka_msgs__rosidl_typesupport_fastrtps_cppExport.cmake
[28.454s] -- Installing: /home/herring/rzddzy/ros2_ws/install/franka_msgs/share/franka_msgs/cmake/export_franka_msgs__rosidl_typesupport_fastrtps_cppExport-noconfig.cmake
[28.454s] -- Installing: /home/herring/rzddzy/ros2_ws/install/franka_msgs/share/franka_msgs/cmake/franka_msgs__rosidl_typesupport_introspection_cppExport.cmake
[28.454s] -- Installing: /home/herring/rzddzy/ros2_ws/install/franka_msgs/share/franka_msgs/cmake/franka_msgs__rosidl_typesupport_introspection_cppExport-noconfig.cmake
[28.454s] -- Installing: /home/herring/rzddzy/ros2_ws/install/franka_msgs/share/franka_msgs/cmake/franka_msgs__rosidl_typesupport_cppExport.cmake
[28.455s] -- Installing: /home/herring/rzddzy/ros2_ws/install/franka_msgs/share/franka_msgs/cmake/franka_msgs__rosidl_typesupport_cppExport-noconfig.cmake
[28.455s] -- Installing: /home/herring/rzddzy/ros2_ws/install/franka_msgs/share/franka_msgs/cmake/export_franka_msgs__rosidl_generator_pyExport.cmake
[28.455s] -- Installing: /home/herring/rzddzy/ros2_ws/install/franka_msgs/share/franka_msgs/cmake/export_franka_msgs__rosidl_generator_pyExport-noconfig.cmake
[28.457s] Invoked command in '/home/herring/rzddzy/ros2_ws/build/franka_msgs' returned '0': CMAKE_PREFIX_PATH=${CMAKE_PREFIX_PATH}:/opt/ros/jazzy DEBUGINFOD_URLS=https://debuginfod.ubuntu.com /usr/bin/cmake --install /home/herring/rzddzy/ros2_ws/build/franka_msgs
