[  1%] Built target multi_mode_control_msgs__rosidl_generator_type_description
[  1%] Built target ament_cmake_python_symlink_multi_mode_control_msgs
[  1%] Built target multi_mode_control_msgs__cpp
[ 28%] Built target multi_mode_control_msgs__rosidl_generator_c
[ 37%] Built target multi_mode_control_msgs__rosidl_typesupport_c
[ 47%] Built target multi_mode_control_msgs__rosidl_typesupport_cpp
[ 57%] Built target multi_mode_control_msgs__rosidl_typesupport_fastrtps_c
[ 66%] Built target multi_mode_control_msgs__rosidl_typesupport_introspection_cpp
[ 76%] Built target multi_mode_control_msgs__rosidl_typesupport_introspection_c
[ 86%] Built target multi_mode_control_msgs__rosidl_typesupport_fastrtps_cpp
[ 86%] Built target multi_mode_control_msgs
[ 87%] Built target multi_mode_control_msgs__py
running egg_info
writing multi_mode_control_msgs.egg-info/PKG-INFO
writing dependency_links to multi_mode_control_msgs.egg-info/dependency_links.txt
writing top-level names to multi_mode_control_msgs.egg-info/top_level.txt
[ 96%] Built target multi_mode_control_msgs__rosidl_generator_py
reading manifest file 'multi_mode_control_msgs.egg-info/SOURCES.txt'
writing manifest file 'multi_mode_control_msgs.egg-info/SOURCES.txt'
[ 97%] Built target multi_mode_control_msgs_s__rosidl_typesupport_c
[100%] Built target multi_mode_control_msgs_s__rosidl_typesupport_fastrtps_c
[100%] Built target multi_mode_control_msgs_s__rosidl_typesupport_introspection_c
[100%] Built target ament_cmake_python_build_multi_mode_control_msgs_egg
-- Install configuration: ""
-- Execute custom install script
-- Symlinking: /home/herring/rzddzy/install/multi_mode_control_msgs/share/ament_index/resource_index/rosidl_interfaces/multi_mode_control_msgs
-- Symlinking: /home/herring/rzddzy/install/multi_mode_control_msgs/share/multi_mode_control_msgs/msg/CartesianImpedanceGoal.json
-- Symlinking: /home/herring/rzddzy/install/multi_mode_control_msgs/share/multi_mode_control_msgs/msg/DualCartesianImpedanceGoal.json
-- Symlinking: /home/herring/rzddzy/install/multi_mode_control_msgs/share/multi_mode_control_msgs/msg/ContactThresholds.json
-- Symlinking: /home/herring/rzddzy/install/multi_mode_control_msgs/share/multi_mode_control_msgs/msg/Controller.json
-- Symlinking: /home/herring/rzddzy/install/multi_mode_control_msgs/share/multi_mode_control_msgs/msg/JointArray.json
-- Symlinking: /home/herring/rzddzy/install/multi_mode_control_msgs/share/multi_mode_control_msgs/msg/JointGoal.json
-- Symlinking: /home/herring/rzddzy/install/multi_mode_control_msgs/share/multi_mode_control_msgs/msg/VelocityGoal.json
-- Symlinking: /home/herring/rzddzy/install/multi_mode_control_msgs/share/multi_mode_control_msgs/msg/Wrench.json
-- Symlinking: /home/herring/rzddzy/install/multi_mode_control_msgs/share/multi_mode_control_msgs/srv/GetControllers.json
-- Symlinking: /home/herring/rzddzy/install/multi_mode_control_msgs/share/multi_mode_control_msgs/srv/GetRobotStates.json
-- Symlinking: /home/herring/rzddzy/install/multi_mode_control_msgs/share/multi_mode_control_msgs/srv/SetCartesianImpedance.json
-- Symlinking: /home/herring/rzddzy/install/multi_mode_control_msgs/share/multi_mode_control_msgs/srv/SetControllers.json
-- Symlinking: /home/herring/rzddzy/install/multi_mode_control_msgs/share/multi_mode_control_msgs/srv/SetJointImpedance.json
-- Symlinking: /home/herring/rzddzy/install/multi_mode_control_msgs/share/multi_mode_control_msgs/srv/SetRecoveryMode.json
-- Symlinking: /home/herring/rzddzy/install/multi_mode_control_msgs/share/multi_mode_control_msgs/srv/SetReflex.json
-- Symlinking: /home/herring/rzddzy/install/multi_mode_control_msgs/share/multi_mode_control_msgs/srv/SetThresholds.json
-- Symlinking: /home/herring/rzddzy/install/multi_mode_control_msgs/share/multi_mode_control_msgs/srv/SetWorldState.json
-- Symlinking: /home/herring/rzddzy/install/multi_mode_control_msgs/include/multi_mode_control_msgs/multi_mode_control_msgs/msg/cartesian_impedance_goal.h
-- Symlinking: /home/herring/rzddzy/install/multi_mode_control_msgs/include/multi_mode_control_msgs/multi_mode_control_msgs/msg/contact_thresholds.h
-- Symlinking: /home/herring/rzddzy/install/multi_mode_control_msgs/include/multi_mode_control_msgs/multi_mode_control_msgs/msg/controller.h
-- Symlinking: /home/herring/rzddzy/install/multi_mode_control_msgs/include/multi_mode_control_msgs/multi_mode_control_msgs/msg/detail/cartesian_impedance_goal__functions.h
-- Symlinking: /home/herring/rzddzy/install/multi_mode_control_msgs/include/multi_mode_control_msgs/multi_mode_control_msgs/msg/detail/cartesian_impedance_goal__struct.h
-- Symlinking: /home/herring/rzddzy/install/multi_mode_control_msgs/include/multi_mode_control_msgs/multi_mode_control_msgs/msg/detail/cartesian_impedance_goal__type_support.h
-- Symlinking: /home/herring/rzddzy/install/multi_mode_control_msgs/include/multi_mode_control_msgs/multi_mode_control_msgs/msg/detail/contact_thresholds__functions.h
-- Symlinking: /home/herring/rzddzy/install/multi_mode_control_msgs/include/multi_mode_control_msgs/multi_mode_control_msgs/msg/detail/contact_thresholds__struct.h
-- Symlinking: /home/herring/rzddzy/install/multi_mode_control_msgs/include/multi_mode_control_msgs/multi_mode_control_msgs/msg/detail/contact_thresholds__type_support.h
-- Symlinking: /home/herring/rzddzy/install/multi_mode_control_msgs/include/multi_mode_control_msgs/multi_mode_control_msgs/msg/detail/controller__functions.h
-- Symlinking: /home/herring/rzddzy/install/multi_mode_control_msgs/include/multi_mode_control_msgs/multi_mode_control_msgs/msg/detail/controller__struct.h
-- Symlinking: /home/herring/rzddzy/install/multi_mode_control_msgs/include/multi_mode_control_msgs/multi_mode_control_msgs/msg/detail/controller__type_support.h
-- Symlinking: /home/herring/rzddzy/install/multi_mode_control_msgs/include/multi_mode_control_msgs/multi_mode_control_msgs/msg/detail/dual_cartesian_impedance_goal__functions.h
-- Symlinking: /home/herring/rzddzy/install/multi_mode_control_msgs/include/multi_mode_control_msgs/multi_mode_control_msgs/msg/detail/dual_cartesian_impedance_goal__struct.h
-- Symlinking: /home/herring/rzddzy/install/multi_mode_control_msgs/include/multi_mode_control_msgs/multi_mode_control_msgs/msg/detail/dual_cartesian_impedance_goal__type_support.h
-- Symlinking: /home/herring/rzddzy/install/multi_mode_control_msgs/include/multi_mode_control_msgs/multi_mode_control_msgs/msg/detail/joint_array__functions.h
-- Symlinking: /home/herring/rzddzy/install/multi_mode_control_msgs/include/multi_mode_control_msgs/multi_mode_control_msgs/msg/detail/joint_array__struct.h
-- Symlinking: /home/herring/rzddzy/install/multi_mode_control_msgs/include/multi_mode_control_msgs/multi_mode_control_msgs/msg/detail/joint_array__type_support.h
-- Symlinking: /home/herring/rzddzy/install/multi_mode_control_msgs/include/multi_mode_control_msgs/multi_mode_control_msgs/msg/detail/joint_goal__functions.h
-- Symlinking: /home/herring/rzddzy/install/multi_mode_control_msgs/include/multi_mode_control_msgs/multi_mode_control_msgs/msg/detail/joint_goal__struct.h
-- Symlinking: /home/herring/rzddzy/install/multi_mode_control_msgs/include/multi_mode_control_msgs/multi_mode_control_msgs/msg/detail/joint_goal__type_support.h
-- Symlinking: /home/herring/rzddzy/install/multi_mode_control_msgs/include/multi_mode_control_msgs/multi_mode_control_msgs/msg/detail/velocity_goal__functions.h
-- Symlinking: /home/herring/rzddzy/install/multi_mode_control_msgs/include/multi_mode_control_msgs/multi_mode_control_msgs/msg/detail/velocity_goal__struct.h
-- Symlinking: /home/herring/rzddzy/install/multi_mode_control_msgs/include/multi_mode_control_msgs/multi_mode_control_msgs/msg/detail/velocity_goal__type_support.h
-- Symlinking: /home/herring/rzddzy/install/multi_mode_control_msgs/include/multi_mode_control_msgs/multi_mode_control_msgs/msg/detail/wrench__functions.h
-- Symlinking: /home/herring/rzddzy/install/multi_mode_control_msgs/include/multi_mode_control_msgs/multi_mode_control_msgs/msg/detail/wrench__struct.h
-- Symlinking: /home/herring/rzddzy/install/multi_mode_control_msgs/include/multi_mode_control_msgs/multi_mode_control_msgs/msg/detail/wrench__type_support.h
-- Symlinking: /home/herring/rzddzy/install/multi_mode_control_msgs/include/multi_mode_control_msgs/multi_mode_control_msgs/msg/dual_cartesian_impedance_goal.h
-- Symlinking: /home/herring/rzddzy/install/multi_mode_control_msgs/include/multi_mode_control_msgs/multi_mode_control_msgs/msg/joint_array.h
-- Symlinking: /home/herring/rzddzy/install/multi_mode_control_msgs/include/multi_mode_control_msgs/multi_mode_control_msgs/msg/joint_goal.h
-- Symlinking: /home/herring/rzddzy/install/multi_mode_control_msgs/include/multi_mode_control_msgs/multi_mode_control_msgs/msg/rosidl_generator_c__visibility_control.h
-- Symlinking: /home/herring/rzddzy/install/multi_mode_control_msgs/include/multi_mode_control_msgs/multi_mode_control_msgs/msg/velocity_goal.h
-- Symlinking: /home/herring/rzddzy/install/multi_mode_control_msgs/include/multi_mode_control_msgs/multi_mode_control_msgs/msg/wrench.h
-- Symlinking: /home/herring/rzddzy/install/multi_mode_control_msgs/include/multi_mode_control_msgs/multi_mode_control_msgs/srv/detail/get_controllers__functions.h
-- Symlinking: /home/herring/rzddzy/install/multi_mode_control_msgs/include/multi_mode_control_msgs/multi_mode_control_msgs/srv/detail/get_controllers__struct.h
-- Symlinking: /home/herring/rzddzy/install/multi_mode_control_msgs/include/multi_mode_control_msgs/multi_mode_control_msgs/srv/detail/get_controllers__type_support.h
-- Symlinking: /home/herring/rzddzy/install/multi_mode_control_msgs/include/multi_mode_control_msgs/multi_mode_control_msgs/srv/detail/get_robot_states__functions.h
-- Symlinking: /home/herring/rzddzy/install/multi_mode_control_msgs/include/multi_mode_control_msgs/multi_mode_control_msgs/srv/detail/get_robot_states__struct.h
-- Symlinking: /home/herring/rzddzy/install/multi_mode_control_msgs/include/multi_mode_control_msgs/multi_mode_control_msgs/srv/detail/get_robot_states__type_support.h
-- Symlinking: /home/herring/rzddzy/install/multi_mode_control_msgs/include/multi_mode_control_msgs/multi_mode_control_msgs/srv/detail/set_cartesian_impedance__functions.h
-- Symlinking: /home/herring/rzddzy/install/multi_mode_control_msgs/include/multi_mode_control_msgs/multi_mode_control_msgs/srv/detail/set_cartesian_impedance__struct.h
-- Symlinking: /home/herring/rzddzy/install/multi_mode_control_msgs/include/multi_mode_control_msgs/multi_mode_control_msgs/srv/detail/set_cartesian_impedance__type_support.h
-- Symlinking: /home/herring/rzddzy/install/multi_mode_control_msgs/include/multi_mode_control_msgs/multi_mode_control_msgs/srv/detail/set_controllers__functions.h
-- Symlinking: /home/herring/rzddzy/install/multi_mode_control_msgs/include/multi_mode_control_msgs/multi_mode_control_msgs/srv/detail/set_controllers__struct.h
-- Symlinking: /home/herring/rzddzy/install/multi_mode_control_msgs/include/multi_mode_control_msgs/multi_mode_control_msgs/srv/detail/set_controllers__type_support.h
-- Symlinking: /home/herring/rzddzy/install/multi_mode_control_msgs/include/multi_mode_control_msgs/multi_mode_control_msgs/srv/detail/set_joint_impedance__functions.h
-- Symlinking: /home/herring/rzddzy/install/multi_mode_control_msgs/include/multi_mode_control_msgs/multi_mode_control_msgs/srv/detail/set_joint_impedance__struct.h
-- Symlinking: /home/herring/rzddzy/install/multi_mode_control_msgs/include/multi_mode_control_msgs/multi_mode_control_msgs/srv/detail/set_joint_impedance__type_support.h
-- Symlinking: /home/herring/rzddzy/install/multi_mode_control_msgs/include/multi_mode_control_msgs/multi_mode_control_msgs/srv/detail/set_recovery_mode__functions.h
-- Symlinking: /home/herring/rzddzy/install/multi_mode_control_msgs/include/multi_mode_control_msgs/multi_mode_control_msgs/srv/detail/set_recovery_mode__struct.h
-- Symlinking: /home/herring/rzddzy/install/multi_mode_control_msgs/include/multi_mode_control_msgs/multi_mode_control_msgs/srv/detail/set_recovery_mode__type_support.h
-- Symlinking: /home/herring/rzddzy/install/multi_mode_control_msgs/include/multi_mode_control_msgs/multi_mode_control_msgs/srv/detail/set_reflex__functions.h
-- Symlinking: /home/herring/rzddzy/install/multi_mode_control_msgs/include/multi_mode_control_msgs/multi_mode_control_msgs/srv/detail/set_reflex__struct.h
-- Symlinking: /home/herring/rzddzy/install/multi_mode_control_msgs/include/multi_mode_control_msgs/multi_mode_control_msgs/srv/detail/set_reflex__type_support.h
-- Symlinking: /home/herring/rzddzy/install/multi_mode_control_msgs/include/multi_mode_control_msgs/multi_mode_control_msgs/srv/detail/set_thresholds__functions.h
-- Symlinking: /home/herring/rzddzy/install/multi_mode_control_msgs/include/multi_mode_control_msgs/multi_mode_control_msgs/srv/detail/set_thresholds__struct.h
-- Symlinking: /home/herring/rzddzy/install/multi_mode_control_msgs/include/multi_mode_control_msgs/multi_mode_control_msgs/srv/detail/set_thresholds__type_support.h
-- Symlinking: /home/herring/rzddzy/install/multi_mode_control_msgs/include/multi_mode_control_msgs/multi_mode_control_msgs/srv/detail/set_world_state__functions.h
-- Symlinking: /home/herring/rzddzy/install/multi_mode_control_msgs/include/multi_mode_control_msgs/multi_mode_control_msgs/srv/detail/set_world_state__struct.h
-- Symlinking: /home/herring/rzddzy/install/multi_mode_control_msgs/include/multi_mode_control_msgs/multi_mode_control_msgs/srv/detail/set_world_state__type_support.h
-- Symlinking: /home/herring/rzddzy/install/multi_mode_control_msgs/include/multi_mode_control_msgs/multi_mode_control_msgs/srv/get_controllers.h
-- Symlinking: /home/herring/rzddzy/install/multi_mode_control_msgs/include/multi_mode_control_msgs/multi_mode_control_msgs/srv/get_robot_states.h
-- Symlinking: /home/herring/rzddzy/install/multi_mode_control_msgs/include/multi_mode_control_msgs/multi_mode_control_msgs/srv/set_cartesian_impedance.h
-- Symlinking: /home/herring/rzddzy/install/multi_mode_control_msgs/include/multi_mode_control_msgs/multi_mode_control_msgs/srv/set_controllers.h
-- Symlinking: /home/herring/rzddzy/install/multi_mode_control_msgs/include/multi_mode_control_msgs/multi_mode_control_msgs/srv/set_joint_impedance.h
-- Symlinking: /home/herring/rzddzy/install/multi_mode_control_msgs/include/multi_mode_control_msgs/multi_mode_control_msgs/srv/set_recovery_mode.h
-- Symlinking: /home/herring/rzddzy/install/multi_mode_control_msgs/include/multi_mode_control_msgs/multi_mode_control_msgs/srv/set_reflex.h
-- Symlinking: /home/herring/rzddzy/install/multi_mode_control_msgs/include/multi_mode_control_msgs/multi_mode_control_msgs/srv/set_thresholds.h
-- Symlinking: /home/herring/rzddzy/install/multi_mode_control_msgs/include/multi_mode_control_msgs/multi_mode_control_msgs/srv/set_world_state.h
-- Symlinking: /home/herring/rzddzy/install/multi_mode_control_msgs/share/multi_mode_control_msgs/environment/library_path.sh
-- Symlinking: /home/herring/rzddzy/install/multi_mode_control_msgs/share/multi_mode_control_msgs/environment/library_path.dsv
-- Symlinking: /home/herring/rzddzy/install/multi_mode_control_msgs/include/multi_mode_control_msgs/multi_mode_control_msgs/msg/detail/cartesian_impedance_goal__rosidl_typesupport_fastrtps_c.h
-- Symlinking: /home/herring/rzddzy/install/multi_mode_control_msgs/include/multi_mode_control_msgs/multi_mode_control_msgs/msg/detail/contact_thresholds__rosidl_typesupport_fastrtps_c.h
-- Symlinking: /home/herring/rzddzy/install/multi_mode_control_msgs/include/multi_mode_control_msgs/multi_mode_control_msgs/msg/detail/controller__rosidl_typesupport_fastrtps_c.h
-- Symlinking: /home/herring/rzddzy/install/multi_mode_control_msgs/include/multi_mode_control_msgs/multi_mode_control_msgs/msg/detail/dual_cartesian_impedance_goal__rosidl_typesupport_fastrtps_c.h
-- Symlinking: /home/herring/rzddzy/install/multi_mode_control_msgs/include/multi_mode_control_msgs/multi_mode_control_msgs/msg/detail/joint_array__rosidl_typesupport_fastrtps_c.h
-- Symlinking: /home/herring/rzddzy/install/multi_mode_control_msgs/include/multi_mode_control_msgs/multi_mode_control_msgs/msg/detail/joint_goal__rosidl_typesupport_fastrtps_c.h
-- Symlinking: /home/herring/rzddzy/install/multi_mode_control_msgs/include/multi_mode_control_msgs/multi_mode_control_msgs/msg/detail/velocity_goal__rosidl_typesupport_fastrtps_c.h
-- Symlinking: /home/herring/rzddzy/install/multi_mode_control_msgs/include/multi_mode_control_msgs/multi_mode_control_msgs/msg/detail/wrench__rosidl_typesupport_fastrtps_c.h
-- Symlinking: /home/herring/rzddzy/install/multi_mode_control_msgs/include/multi_mode_control_msgs/multi_mode_control_msgs/msg/rosidl_typesupport_fastrtps_c__visibility_control.h
-- Symlinking: /home/herring/rzddzy/install/multi_mode_control_msgs/include/multi_mode_control_msgs/multi_mode_control_msgs/srv/detail/get_controllers__rosidl_typesupport_fastrtps_c.h
-- Symlinking: /home/herring/rzddzy/install/multi_mode_control_msgs/include/multi_mode_control_msgs/multi_mode_control_msgs/srv/detail/get_robot_states__rosidl_typesupport_fastrtps_c.h
-- Symlinking: /home/herring/rzddzy/install/multi_mode_control_msgs/include/multi_mode_control_msgs/multi_mode_control_msgs/srv/detail/set_cartesian_impedance__rosidl_typesupport_fastrtps_c.h
-- Symlinking: /home/herring/rzddzy/install/multi_mode_control_msgs/include/multi_mode_control_msgs/multi_mode_control_msgs/srv/detail/set_controllers__rosidl_typesupport_fastrtps_c.h
-- Symlinking: /home/herring/rzddzy/install/multi_mode_control_msgs/include/multi_mode_control_msgs/multi_mode_control_msgs/srv/detail/set_joint_impedance__rosidl_typesupport_fastrtps_c.h
-- Symlinking: /home/herring/rzddzy/install/multi_mode_control_msgs/include/multi_mode_control_msgs/multi_mode_control_msgs/srv/detail/set_recovery_mode__rosidl_typesupport_fastrtps_c.h
-- Symlinking: /home/herring/rzddzy/install/multi_mode_control_msgs/include/multi_mode_control_msgs/multi_mode_control_msgs/srv/detail/set_reflex__rosidl_typesupport_fastrtps_c.h
-- Symlinking: /home/herring/rzddzy/install/multi_mode_control_msgs/include/multi_mode_control_msgs/multi_mode_control_msgs/srv/detail/set_thresholds__rosidl_typesupport_fastrtps_c.h
-- Symlinking: /home/herring/rzddzy/install/multi_mode_control_msgs/include/multi_mode_control_msgs/multi_mode_control_msgs/srv/detail/set_world_state__rosidl_typesupport_fastrtps_c.h
-- Symlinking: /home/herring/rzddzy/install/multi_mode_control_msgs/include/multi_mode_control_msgs/multi_mode_control_msgs/msg/cartesian_impedance_goal.hpp
-- Symlinking: /home/herring/rzddzy/install/multi_mode_control_msgs/include/multi_mode_control_msgs/multi_mode_control_msgs/msg/contact_thresholds.hpp
-- Symlinking: /home/herring/rzddzy/install/multi_mode_control_msgs/include/multi_mode_control_msgs/multi_mode_control_msgs/msg/controller.hpp
-- Symlinking: /home/herring/rzddzy/install/multi_mode_control_msgs/include/multi_mode_control_msgs/multi_mode_control_msgs/msg/detail/cartesian_impedance_goal__builder.hpp
-- Symlinking: /home/herring/rzddzy/install/multi_mode_control_msgs/include/multi_mode_control_msgs/multi_mode_control_msgs/msg/detail/cartesian_impedance_goal__struct.hpp
-- Symlinking: /home/herring/rzddzy/install/multi_mode_control_msgs/include/multi_mode_control_msgs/multi_mode_control_msgs/msg/detail/cartesian_impedance_goal__traits.hpp
-- Symlinking: /home/herring/rzddzy/install/multi_mode_control_msgs/include/multi_mode_control_msgs/multi_mode_control_msgs/msg/detail/cartesian_impedance_goal__type_support.hpp
-- Symlinking: /home/herring/rzddzy/install/multi_mode_control_msgs/include/multi_mode_control_msgs/multi_mode_control_msgs/msg/detail/contact_thresholds__builder.hpp
-- Symlinking: /home/herring/rzddzy/install/multi_mode_control_msgs/include/multi_mode_control_msgs/multi_mode_control_msgs/msg/detail/contact_thresholds__struct.hpp
-- Symlinking: /home/herring/rzddzy/install/multi_mode_control_msgs/include/multi_mode_control_msgs/multi_mode_control_msgs/msg/detail/contact_thresholds__traits.hpp
-- Symlinking: /home/herring/rzddzy/install/multi_mode_control_msgs/include/multi_mode_control_msgs/multi_mode_control_msgs/msg/detail/contact_thresholds__type_support.hpp
-- Symlinking: /home/herring/rzddzy/install/multi_mode_control_msgs/include/multi_mode_control_msgs/multi_mode_control_msgs/msg/detail/controller__builder.hpp
-- Symlinking: /home/herring/rzddzy/install/multi_mode_control_msgs/include/multi_mode_control_msgs/multi_mode_control_msgs/msg/detail/controller__struct.hpp
-- Symlinking: /home/herring/rzddzy/install/multi_mode_control_msgs/include/multi_mode_control_msgs/multi_mode_control_msgs/msg/detail/controller__traits.hpp
-- Symlinking: /home/herring/rzddzy/install/multi_mode_control_msgs/include/multi_mode_control_msgs/multi_mode_control_msgs/msg/detail/controller__type_support.hpp
-- Symlinking: /home/herring/rzddzy/install/multi_mode_control_msgs/include/multi_mode_control_msgs/multi_mode_control_msgs/msg/detail/dual_cartesian_impedance_goal__builder.hpp
-- Symlinking: /home/herring/rzddzy/install/multi_mode_control_msgs/include/multi_mode_control_msgs/multi_mode_control_msgs/msg/detail/dual_cartesian_impedance_goal__struct.hpp
-- Symlinking: /home/herring/rzddzy/install/multi_mode_control_msgs/include/multi_mode_control_msgs/multi_mode_control_msgs/msg/detail/dual_cartesian_impedance_goal__traits.hpp
-- Symlinking: /home/herring/rzddzy/install/multi_mode_control_msgs/include/multi_mode_control_msgs/multi_mode_control_msgs/msg/detail/dual_cartesian_impedance_goal__type_support.hpp
-- Symlinking: /home/herring/rzddzy/install/multi_mode_control_msgs/include/multi_mode_control_msgs/multi_mode_control_msgs/msg/detail/joint_array__builder.hpp
-- Symlinking: /home/herring/rzddzy/install/multi_mode_control_msgs/include/multi_mode_control_msgs/multi_mode_control_msgs/msg/detail/joint_array__struct.hpp
-- Symlinking: /home/herring/rzddzy/install/multi_mode_control_msgs/include/multi_mode_control_msgs/multi_mode_control_msgs/msg/detail/joint_array__traits.hpp
-- Symlinking: /home/herring/rzddzy/install/multi_mode_control_msgs/include/multi_mode_control_msgs/multi_mode_control_msgs/msg/detail/joint_array__type_support.hpp
-- Symlinking: /home/herring/rzddzy/install/multi_mode_control_msgs/include/multi_mode_control_msgs/multi_mode_control_msgs/msg/detail/joint_goal__builder.hpp
-- Symlinking: /home/herring/rzddzy/install/multi_mode_control_msgs/include/multi_mode_control_msgs/multi_mode_control_msgs/msg/detail/joint_goal__struct.hpp
-- Symlinking: /home/herring/rzddzy/install/multi_mode_control_msgs/include/multi_mode_control_msgs/multi_mode_control_msgs/msg/detail/joint_goal__traits.hpp
-- Symlinking: /home/herring/rzddzy/install/multi_mode_control_msgs/include/multi_mode_control_msgs/multi_mode_control_msgs/msg/detail/joint_goal__type_support.hpp
-- Symlinking: /home/herring/rzddzy/install/multi_mode_control_msgs/include/multi_mode_control_msgs/multi_mode_control_msgs/msg/detail/velocity_goal__builder.hpp
-- Symlinking: /home/herring/rzddzy/install/multi_mode_control_msgs/include/multi_mode_control_msgs/multi_mode_control_msgs/msg/detail/velocity_goal__struct.hpp
-- Symlinking: /home/herring/rzddzy/install/multi_mode_control_msgs/include/multi_mode_control_msgs/multi_mode_control_msgs/msg/detail/velocity_goal__traits.hpp
-- Symlinking: /home/herring/rzddzy/install/multi_mode_control_msgs/include/multi_mode_control_msgs/multi_mode_control_msgs/msg/detail/velocity_goal__type_support.hpp
-- Symlinking: /home/herring/rzddzy/install/multi_mode_control_msgs/include/multi_mode_control_msgs/multi_mode_control_msgs/msg/detail/wrench__builder.hpp
-- Symlinking: /home/herring/rzddzy/install/multi_mode_control_msgs/include/multi_mode_control_msgs/multi_mode_control_msgs/msg/detail/wrench__struct.hpp
-- Symlinking: /home/herring/rzddzy/install/multi_mode_control_msgs/include/multi_mode_control_msgs/multi_mode_control_msgs/msg/detail/wrench__traits.hpp
-- Symlinking: /home/herring/rzddzy/install/multi_mode_control_msgs/include/multi_mode_control_msgs/multi_mode_control_msgs/msg/detail/wrench__type_support.hpp
-- Symlinking: /home/herring/rzddzy/install/multi_mode_control_msgs/include/multi_mode_control_msgs/multi_mode_control_msgs/msg/dual_cartesian_impedance_goal.hpp
-- Symlinking: /home/herring/rzddzy/install/multi_mode_control_msgs/include/multi_mode_control_msgs/multi_mode_control_msgs/msg/joint_array.hpp
-- Symlinking: /home/herring/rzddzy/install/multi_mode_control_msgs/include/multi_mode_control_msgs/multi_mode_control_msgs/msg/joint_goal.hpp
-- Symlinking: /home/herring/rzddzy/install/multi_mode_control_msgs/include/multi_mode_control_msgs/multi_mode_control_msgs/msg/rosidl_generator_cpp__visibility_control.hpp
-- Symlinking: /home/herring/rzddzy/install/multi_mode_control_msgs/include/multi_mode_control_msgs/multi_mode_control_msgs/msg/velocity_goal.hpp
-- Symlinking: /home/herring/rzddzy/install/multi_mode_control_msgs/include/multi_mode_control_msgs/multi_mode_control_msgs/msg/wrench.hpp
-- Symlinking: /home/herring/rzddzy/install/multi_mode_control_msgs/include/multi_mode_control_msgs/multi_mode_control_msgs/srv/detail/get_controllers__builder.hpp
-- Symlinking: /home/herring/rzddzy/install/multi_mode_control_msgs/include/multi_mode_control_msgs/multi_mode_control_msgs/srv/detail/get_controllers__struct.hpp
-- Symlinking: /home/herring/rzddzy/install/multi_mode_control_msgs/include/multi_mode_control_msgs/multi_mode_control_msgs/srv/detail/get_controllers__traits.hpp
-- Symlinking: /home/herring/rzddzy/install/multi_mode_control_msgs/include/multi_mode_control_msgs/multi_mode_control_msgs/srv/detail/get_controllers__type_support.hpp
-- Symlinking: /home/herring/rzddzy/install/multi_mode_control_msgs/include/multi_mode_control_msgs/multi_mode_control_msgs/srv/detail/get_robot_states__builder.hpp
-- Symlinking: /home/herring/rzddzy/install/multi_mode_control_msgs/include/multi_mode_control_msgs/multi_mode_control_msgs/srv/detail/get_robot_states__struct.hpp
-- Symlinking: /home/herring/rzddzy/install/multi_mode_control_msgs/include/multi_mode_control_msgs/multi_mode_control_msgs/srv/detail/get_robot_states__traits.hpp
-- Symlinking: /home/herring/rzddzy/install/multi_mode_control_msgs/include/multi_mode_control_msgs/multi_mode_control_msgs/srv/detail/get_robot_states__type_support.hpp
-- Symlinking: /home/herring/rzddzy/install/multi_mode_control_msgs/include/multi_mode_control_msgs/multi_mode_control_msgs/srv/detail/set_cartesian_impedance__builder.hpp
-- Symlinking: /home/herring/rzddzy/install/multi_mode_control_msgs/include/multi_mode_control_msgs/multi_mode_control_msgs/srv/detail/set_cartesian_impedance__struct.hpp
-- Symlinking: /home/herring/rzddzy/install/multi_mode_control_msgs/include/multi_mode_control_msgs/multi_mode_control_msgs/srv/detail/set_cartesian_impedance__traits.hpp
-- Symlinking: /home/herring/rzddzy/install/multi_mode_control_msgs/include/multi_mode_control_msgs/multi_mode_control_msgs/srv/detail/set_cartesian_impedance__type_support.hpp
-- Symlinking: /home/herring/rzddzy/install/multi_mode_control_msgs/include/multi_mode_control_msgs/multi_mode_control_msgs/srv/detail/set_controllers__builder.hpp
-- Symlinking: /home/herring/rzddzy/install/multi_mode_control_msgs/include/multi_mode_control_msgs/multi_mode_control_msgs/srv/detail/set_controllers__struct.hpp
-- Symlinking: /home/herring/rzddzy/install/multi_mode_control_msgs/include/multi_mode_control_msgs/multi_mode_control_msgs/srv/detail/set_controllers__traits.hpp
-- Symlinking: /home/herring/rzddzy/install/multi_mode_control_msgs/include/multi_mode_control_msgs/multi_mode_control_msgs/srv/detail/set_controllers__type_support.hpp
-- Symlinking: /home/herring/rzddzy/install/multi_mode_control_msgs/include/multi_mode_control_msgs/multi_mode_control_msgs/srv/detail/set_joint_impedance__builder.hpp
-- Symlinking: /home/herring/rzddzy/install/multi_mode_control_msgs/include/multi_mode_control_msgs/multi_mode_control_msgs/srv/detail/set_joint_impedance__struct.hpp
-- Symlinking: /home/herring/rzddzy/install/multi_mode_control_msgs/include/multi_mode_control_msgs/multi_mode_control_msgs/srv/detail/set_joint_impedance__traits.hpp
-- Symlinking: /home/herring/rzddzy/install/multi_mode_control_msgs/include/multi_mode_control_msgs/multi_mode_control_msgs/srv/detail/set_joint_impedance__type_support.hpp
-- Symlinking: /home/herring/rzddzy/install/multi_mode_control_msgs/include/multi_mode_control_msgs/multi_mode_control_msgs/srv/detail/set_recovery_mode__builder.hpp
-- Symlinking: /home/herring/rzddzy/install/multi_mode_control_msgs/include/multi_mode_control_msgs/multi_mode_control_msgs/srv/detail/set_recovery_mode__struct.hpp
-- Symlinking: /home/herring/rzddzy/install/multi_mode_control_msgs/include/multi_mode_control_msgs/multi_mode_control_msgs/srv/detail/set_recovery_mode__traits.hpp
-- Symlinking: /home/herring/rzddzy/install/multi_mode_control_msgs/include/multi_mode_control_msgs/multi_mode_control_msgs/srv/detail/set_recovery_mode__type_support.hpp
-- Symlinking: /home/herring/rzddzy/install/multi_mode_control_msgs/include/multi_mode_control_msgs/multi_mode_control_msgs/srv/detail/set_reflex__builder.hpp
-- Symlinking: /home/herring/rzddzy/install/multi_mode_control_msgs/include/multi_mode_control_msgs/multi_mode_control_msgs/srv/detail/set_reflex__struct.hpp
-- Symlinking: /home/herring/rzddzy/install/multi_mode_control_msgs/include/multi_mode_control_msgs/multi_mode_control_msgs/srv/detail/set_reflex__traits.hpp
-- Symlinking: /home/herring/rzddzy/install/multi_mode_control_msgs/include/multi_mode_control_msgs/multi_mode_control_msgs/srv/detail/set_reflex__type_support.hpp
-- Symlinking: /home/herring/rzddzy/install/multi_mode_control_msgs/include/multi_mode_control_msgs/multi_mode_control_msgs/srv/detail/set_thresholds__builder.hpp
-- Symlinking: /home/herring/rzddzy/install/multi_mode_control_msgs/include/multi_mode_control_msgs/multi_mode_control_msgs/srv/detail/set_thresholds__struct.hpp
-- Symlinking: /home/herring/rzddzy/install/multi_mode_control_msgs/include/multi_mode_control_msgs/multi_mode_control_msgs/srv/detail/set_thresholds__traits.hpp
-- Symlinking: /home/herring/rzddzy/install/multi_mode_control_msgs/include/multi_mode_control_msgs/multi_mode_control_msgs/srv/detail/set_thresholds__type_support.hpp
-- Symlinking: /home/herring/rzddzy/install/multi_mode_control_msgs/include/multi_mode_control_msgs/multi_mode_control_msgs/srv/detail/set_world_state__builder.hpp
-- Symlinking: /home/herring/rzddzy/install/multi_mode_control_msgs/include/multi_mode_control_msgs/multi_mode_control_msgs/srv/detail/set_world_state__struct.hpp
-- Symlinking: /home/herring/rzddzy/install/multi_mode_control_msgs/include/multi_mode_control_msgs/multi_mode_control_msgs/srv/detail/set_world_state__traits.hpp
-- Symlinking: /home/herring/rzddzy/install/multi_mode_control_msgs/include/multi_mode_control_msgs/multi_mode_control_msgs/srv/detail/set_world_state__type_support.hpp
-- Symlinking: /home/herring/rzddzy/install/multi_mode_control_msgs/include/multi_mode_control_msgs/multi_mode_control_msgs/srv/get_controllers.hpp
-- Symlinking: /home/herring/rzddzy/install/multi_mode_control_msgs/include/multi_mode_control_msgs/multi_mode_control_msgs/srv/get_robot_states.hpp
-- Symlinking: /home/herring/rzddzy/install/multi_mode_control_msgs/include/multi_mode_control_msgs/multi_mode_control_msgs/srv/set_cartesian_impedance.hpp
-- Symlinking: /home/herring/rzddzy/install/multi_mode_control_msgs/include/multi_mode_control_msgs/multi_mode_control_msgs/srv/set_controllers.hpp
-- Symlinking: /home/herring/rzddzy/install/multi_mode_control_msgs/include/multi_mode_control_msgs/multi_mode_control_msgs/srv/set_joint_impedance.hpp
-- Symlinking: /home/herring/rzddzy/install/multi_mode_control_msgs/include/multi_mode_control_msgs/multi_mode_control_msgs/srv/set_recovery_mode.hpp
-- Symlinking: /home/herring/rzddzy/install/multi_mode_control_msgs/include/multi_mode_control_msgs/multi_mode_control_msgs/srv/set_reflex.hpp
-- Symlinking: /home/herring/rzddzy/install/multi_mode_control_msgs/include/multi_mode_control_msgs/multi_mode_control_msgs/srv/set_thresholds.hpp
-- Symlinking: /home/herring/rzddzy/install/multi_mode_control_msgs/include/multi_mode_control_msgs/multi_mode_control_msgs/srv/set_world_state.hpp
-- Symlinking: /home/herring/rzddzy/install/multi_mode_control_msgs/include/multi_mode_control_msgs/multi_mode_control_msgs/msg/detail/cartesian_impedance_goal__rosidl_typesupport_fastrtps_cpp.hpp
-- Symlinking: /home/herring/rzddzy/install/multi_mode_control_msgs/include/multi_mode_control_msgs/multi_mode_control_msgs/msg/detail/contact_thresholds__rosidl_typesupport_fastrtps_cpp.hpp
-- Symlinking: /home/herring/rzddzy/install/multi_mode_control_msgs/include/multi_mode_control_msgs/multi_mode_control_msgs/msg/detail/controller__rosidl_typesupport_fastrtps_cpp.hpp
-- Symlinking: /home/herring/rzddzy/install/multi_mode_control_msgs/include/multi_mode_control_msgs/multi_mode_control_msgs/msg/detail/dual_cartesian_impedance_goal__rosidl_typesupport_fastrtps_cpp.hpp
-- Symlinking: /home/herring/rzddzy/install/multi_mode_control_msgs/include/multi_mode_control_msgs/multi_mode_control_msgs/msg/detail/joint_array__rosidl_typesupport_fastrtps_cpp.hpp
-- Symlinking: /home/herring/rzddzy/install/multi_mode_control_msgs/include/multi_mode_control_msgs/multi_mode_control_msgs/msg/detail/joint_goal__rosidl_typesupport_fastrtps_cpp.hpp
-- Symlinking: /home/herring/rzddzy/install/multi_mode_control_msgs/include/multi_mode_control_msgs/multi_mode_control_msgs/msg/detail/velocity_goal__rosidl_typesupport_fastrtps_cpp.hpp
-- Symlinking: /home/herring/rzddzy/install/multi_mode_control_msgs/include/multi_mode_control_msgs/multi_mode_control_msgs/msg/detail/wrench__rosidl_typesupport_fastrtps_cpp.hpp
-- Symlinking: /home/herring/rzddzy/install/multi_mode_control_msgs/include/multi_mode_control_msgs/multi_mode_control_msgs/msg/rosidl_typesupport_fastrtps_cpp__visibility_control.h
-- Symlinking: /home/herring/rzddzy/install/multi_mode_control_msgs/include/multi_mode_control_msgs/multi_mode_control_msgs/srv/detail/get_controllers__rosidl_typesupport_fastrtps_cpp.hpp
-- Symlinking: /home/herring/rzddzy/install/multi_mode_control_msgs/include/multi_mode_control_msgs/multi_mode_control_msgs/srv/detail/get_robot_states__rosidl_typesupport_fastrtps_cpp.hpp
-- Symlinking: /home/herring/rzddzy/install/multi_mode_control_msgs/include/multi_mode_control_msgs/multi_mode_control_msgs/srv/detail/set_cartesian_impedance__rosidl_typesupport_fastrtps_cpp.hpp
-- Symlinking: /home/herring/rzddzy/install/multi_mode_control_msgs/include/multi_mode_control_msgs/multi_mode_control_msgs/srv/detail/set_controllers__rosidl_typesupport_fastrtps_cpp.hpp
-- Symlinking: /home/herring/rzddzy/install/multi_mode_control_msgs/include/multi_mode_control_msgs/multi_mode_control_msgs/srv/detail/set_joint_impedance__rosidl_typesupport_fastrtps_cpp.hpp
-- Symlinking: /home/herring/rzddzy/install/multi_mode_control_msgs/include/multi_mode_control_msgs/multi_mode_control_msgs/srv/detail/set_recovery_mode__rosidl_typesupport_fastrtps_cpp.hpp
-- Symlinking: /home/herring/rzddzy/install/multi_mode_control_msgs/include/multi_mode_control_msgs/multi_mode_control_msgs/srv/detail/set_reflex__rosidl_typesupport_fastrtps_cpp.hpp
-- Symlinking: /home/herring/rzddzy/install/multi_mode_control_msgs/include/multi_mode_control_msgs/multi_mode_control_msgs/srv/detail/set_thresholds__rosidl_typesupport_fastrtps_cpp.hpp
-- Symlinking: /home/herring/rzddzy/install/multi_mode_control_msgs/include/multi_mode_control_msgs/multi_mode_control_msgs/srv/detail/set_world_state__rosidl_typesupport_fastrtps_cpp.hpp
-- Symlinking: /home/herring/rzddzy/install/multi_mode_control_msgs/include/multi_mode_control_msgs/multi_mode_control_msgs/msg/detail/cartesian_impedance_goal__rosidl_typesupport_introspection_c.h
-- Symlinking: /home/herring/rzddzy/install/multi_mode_control_msgs/include/multi_mode_control_msgs/multi_mode_control_msgs/msg/detail/contact_thresholds__rosidl_typesupport_introspection_c.h
-- Symlinking: /home/herring/rzddzy/install/multi_mode_control_msgs/include/multi_mode_control_msgs/multi_mode_control_msgs/msg/detail/controller__rosidl_typesupport_introspection_c.h
-- Symlinking: /home/herring/rzddzy/install/multi_mode_control_msgs/include/multi_mode_control_msgs/multi_mode_control_msgs/msg/detail/dual_cartesian_impedance_goal__rosidl_typesupport_introspection_c.h
-- Symlinking: /home/herring/rzddzy/install/multi_mode_control_msgs/include/multi_mode_control_msgs/multi_mode_control_msgs/msg/detail/joint_array__rosidl_typesupport_introspection_c.h
-- Symlinking: /home/herring/rzddzy/install/multi_mode_control_msgs/include/multi_mode_control_msgs/multi_mode_control_msgs/msg/detail/joint_goal__rosidl_typesupport_introspection_c.h
-- Symlinking: /home/herring/rzddzy/install/multi_mode_control_msgs/include/multi_mode_control_msgs/multi_mode_control_msgs/msg/detail/velocity_goal__rosidl_typesupport_introspection_c.h
-- Symlinking: /home/herring/rzddzy/install/multi_mode_control_msgs/include/multi_mode_control_msgs/multi_mode_control_msgs/msg/detail/wrench__rosidl_typesupport_introspection_c.h
-- Symlinking: /home/herring/rzddzy/install/multi_mode_control_msgs/include/multi_mode_control_msgs/multi_mode_control_msgs/msg/rosidl_typesupport_introspection_c__visibility_control.h
-- Symlinking: /home/herring/rzddzy/install/multi_mode_control_msgs/include/multi_mode_control_msgs/multi_mode_control_msgs/srv/detail/get_controllers__rosidl_typesupport_introspection_c.h
-- Symlinking: /home/herring/rzddzy/install/multi_mode_control_msgs/include/multi_mode_control_msgs/multi_mode_control_msgs/srv/detail/get_robot_states__rosidl_typesupport_introspection_c.h
-- Symlinking: /home/herring/rzddzy/install/multi_mode_control_msgs/include/multi_mode_control_msgs/multi_mode_control_msgs/srv/detail/set_cartesian_impedance__rosidl_typesupport_introspection_c.h
-- Symlinking: /home/herring/rzddzy/install/multi_mode_control_msgs/include/multi_mode_control_msgs/multi_mode_control_msgs/srv/detail/set_controllers__rosidl_typesupport_introspection_c.h
-- Symlinking: /home/herring/rzddzy/install/multi_mode_control_msgs/include/multi_mode_control_msgs/multi_mode_control_msgs/srv/detail/set_joint_impedance__rosidl_typesupport_introspection_c.h
-- Symlinking: /home/herring/rzddzy/install/multi_mode_control_msgs/include/multi_mode_control_msgs/multi_mode_control_msgs/srv/detail/set_recovery_mode__rosidl_typesupport_introspection_c.h
-- Symlinking: /home/herring/rzddzy/install/multi_mode_control_msgs/include/multi_mode_control_msgs/multi_mode_control_msgs/srv/detail/set_reflex__rosidl_typesupport_introspection_c.h
-- Symlinking: /home/herring/rzddzy/install/multi_mode_control_msgs/include/multi_mode_control_msgs/multi_mode_control_msgs/srv/detail/set_thresholds__rosidl_typesupport_introspection_c.h
-- Symlinking: /home/herring/rzddzy/install/multi_mode_control_msgs/include/multi_mode_control_msgs/multi_mode_control_msgs/srv/detail/set_world_state__rosidl_typesupport_introspection_c.h
-- Symlinking: /home/herring/rzddzy/install/multi_mode_control_msgs/include/multi_mode_control_msgs/multi_mode_control_msgs/msg/detail/cartesian_impedance_goal__rosidl_typesupport_introspection_cpp.hpp
-- Symlinking: /home/herring/rzddzy/install/multi_mode_control_msgs/include/multi_mode_control_msgs/multi_mode_control_msgs/msg/detail/contact_thresholds__rosidl_typesupport_introspection_cpp.hpp
-- Symlinking: /home/herring/rzddzy/install/multi_mode_control_msgs/include/multi_mode_control_msgs/multi_mode_control_msgs/msg/detail/controller__rosidl_typesupport_introspection_cpp.hpp
-- Symlinking: /home/herring/rzddzy/install/multi_mode_control_msgs/include/multi_mode_control_msgs/multi_mode_control_msgs/msg/detail/dual_cartesian_impedance_goal__rosidl_typesupport_introspection_cpp.hpp
-- Symlinking: /home/herring/rzddzy/install/multi_mode_control_msgs/include/multi_mode_control_msgs/multi_mode_control_msgs/msg/detail/joint_array__rosidl_typesupport_introspection_cpp.hpp
-- Symlinking: /home/herring/rzddzy/install/multi_mode_control_msgs/include/multi_mode_control_msgs/multi_mode_control_msgs/msg/detail/joint_goal__rosidl_typesupport_introspection_cpp.hpp
-- Symlinking: /home/herring/rzddzy/install/multi_mode_control_msgs/include/multi_mode_control_msgs/multi_mode_control_msgs/msg/detail/velocity_goal__rosidl_typesupport_introspection_cpp.hpp
-- Symlinking: /home/herring/rzddzy/install/multi_mode_control_msgs/include/multi_mode_control_msgs/multi_mode_control_msgs/msg/detail/wrench__rosidl_typesupport_introspection_cpp.hpp
-- Symlinking: /home/herring/rzddzy/install/multi_mode_control_msgs/include/multi_mode_control_msgs/multi_mode_control_msgs/srv/detail/get_controllers__rosidl_typesupport_introspection_cpp.hpp
-- Symlinking: /home/herring/rzddzy/install/multi_mode_control_msgs/include/multi_mode_control_msgs/multi_mode_control_msgs/srv/detail/get_robot_states__rosidl_typesupport_introspection_cpp.hpp
-- Symlinking: /home/herring/rzddzy/install/multi_mode_control_msgs/include/multi_mode_control_msgs/multi_mode_control_msgs/srv/detail/set_cartesian_impedance__rosidl_typesupport_introspection_cpp.hpp
-- Symlinking: /home/herring/rzddzy/install/multi_mode_control_msgs/include/multi_mode_control_msgs/multi_mode_control_msgs/srv/detail/set_controllers__rosidl_typesupport_introspection_cpp.hpp
-- Symlinking: /home/herring/rzddzy/install/multi_mode_control_msgs/include/multi_mode_control_msgs/multi_mode_control_msgs/srv/detail/set_joint_impedance__rosidl_typesupport_introspection_cpp.hpp
-- Symlinking: /home/herring/rzddzy/install/multi_mode_control_msgs/include/multi_mode_control_msgs/multi_mode_control_msgs/srv/detail/set_recovery_mode__rosidl_typesupport_introspection_cpp.hpp
-- Symlinking: /home/herring/rzddzy/install/multi_mode_control_msgs/include/multi_mode_control_msgs/multi_mode_control_msgs/srv/detail/set_reflex__rosidl_typesupport_introspection_cpp.hpp
-- Symlinking: /home/herring/rzddzy/install/multi_mode_control_msgs/include/multi_mode_control_msgs/multi_mode_control_msgs/srv/detail/set_thresholds__rosidl_typesupport_introspection_cpp.hpp
-- Symlinking: /home/herring/rzddzy/install/multi_mode_control_msgs/include/multi_mode_control_msgs/multi_mode_control_msgs/srv/detail/set_world_state__rosidl_typesupport_introspection_cpp.hpp
-- Symlinking: /home/herring/rzddzy/install/multi_mode_control_msgs/share/multi_mode_control_msgs/environment/pythonpath.sh
-- Symlinking: /home/herring/rzddzy/install/multi_mode_control_msgs/share/multi_mode_control_msgs/environment/pythonpath.dsv
-- Symlinking: /home/herring/rzddzy/install/multi_mode_control_msgs/lib/python3.12/site-packages/multi_mode_control_msgs-0.0.0-py3.12.egg-info/PKG-INFO
-- Symlinking: /home/herring/rzddzy/install/multi_mode_control_msgs/lib/python3.12/site-packages/multi_mode_control_msgs-0.0.0-py3.12.egg-info/SOURCES.txt
-- Symlinking: /home/herring/rzddzy/install/multi_mode_control_msgs/lib/python3.12/site-packages/multi_mode_control_msgs-0.0.0-py3.12.egg-info/dependency_links.txt
-- Symlinking: /home/herring/rzddzy/install/multi_mode_control_msgs/lib/python3.12/site-packages/multi_mode_control_msgs-0.0.0-py3.12.egg-info/top_level.txt
-- Symlinking: /home/herring/rzddzy/install/multi_mode_control_msgs/lib/python3.12/site-packages/multi_mode_control_msgs/__init__.py
-- Symlinking: /home/herring/rzddzy/install/multi_mode_control_msgs/lib/python3.12/site-packages/multi_mode_control_msgs/_multi_mode_control_msgs_s.ep.rosidl_typesupport_c.c
-- Symlinking: /home/herring/rzddzy/install/multi_mode_control_msgs/lib/python3.12/site-packages/multi_mode_control_msgs/_multi_mode_control_msgs_s.ep.rosidl_typesupport_fastrtps_c.c
-- Symlinking: /home/herring/rzddzy/install/multi_mode_control_msgs/lib/python3.12/site-packages/multi_mode_control_msgs/_multi_mode_control_msgs_s.ep.rosidl_typesupport_introspection_c.c
-- Symlinking: /home/herring/rzddzy/install/multi_mode_control_msgs/lib/python3.12/site-packages/multi_mode_control_msgs/msg/__init__.py
-- Symlinking: /home/herring/rzddzy/install/multi_mode_control_msgs/lib/python3.12/site-packages/multi_mode_control_msgs/msg/_cartesian_impedance_goal.py
-- Symlinking: /home/herring/rzddzy/install/multi_mode_control_msgs/lib/python3.12/site-packages/multi_mode_control_msgs/msg/_cartesian_impedance_goal_s.c
-- Symlinking: /home/herring/rzddzy/install/multi_mode_control_msgs/lib/python3.12/site-packages/multi_mode_control_msgs/msg/_contact_thresholds.py
-- Symlinking: /home/herring/rzddzy/install/multi_mode_control_msgs/lib/python3.12/site-packages/multi_mode_control_msgs/msg/_contact_thresholds_s.c
-- Symlinking: /home/herring/rzddzy/install/multi_mode_control_msgs/lib/python3.12/site-packages/multi_mode_control_msgs/msg/_controller.py
-- Symlinking: /home/herring/rzddzy/install/multi_mode_control_msgs/lib/python3.12/site-packages/multi_mode_control_msgs/msg/_controller_s.c
-- Symlinking: /home/herring/rzddzy/install/multi_mode_control_msgs/lib/python3.12/site-packages/multi_mode_control_msgs/msg/_dual_cartesian_impedance_goal.py
-- Symlinking: /home/herring/rzddzy/install/multi_mode_control_msgs/lib/python3.12/site-packages/multi_mode_control_msgs/msg/_dual_cartesian_impedance_goal_s.c
-- Symlinking: /home/herring/rzddzy/install/multi_mode_control_msgs/lib/python3.12/site-packages/multi_mode_control_msgs/msg/_joint_array.py
-- Symlinking: /home/herring/rzddzy/install/multi_mode_control_msgs/lib/python3.12/site-packages/multi_mode_control_msgs/msg/_joint_array_s.c
-- Symlinking: /home/herring/rzddzy/install/multi_mode_control_msgs/lib/python3.12/site-packages/multi_mode_control_msgs/msg/_joint_goal.py
-- Symlinking: /home/herring/rzddzy/install/multi_mode_control_msgs/lib/python3.12/site-packages/multi_mode_control_msgs/msg/_joint_goal_s.c
-- Symlinking: /home/herring/rzddzy/install/multi_mode_control_msgs/lib/python3.12/site-packages/multi_mode_control_msgs/msg/_velocity_goal.py
-- Symlinking: /home/herring/rzddzy/install/multi_mode_control_msgs/lib/python3.12/site-packages/multi_mode_control_msgs/msg/_velocity_goal_s.c
-- Symlinking: /home/herring/rzddzy/install/multi_mode_control_msgs/lib/python3.12/site-packages/multi_mode_control_msgs/msg/_wrench.py
-- Symlinking: /home/herring/rzddzy/install/multi_mode_control_msgs/lib/python3.12/site-packages/multi_mode_control_msgs/msg/_wrench_s.c
-- Symlinking: /home/herring/rzddzy/install/multi_mode_control_msgs/lib/python3.12/site-packages/multi_mode_control_msgs/multi_mode_control_msgs_s__rosidl_typesupport_c.so
-- Symlinking: /home/herring/rzddzy/install/multi_mode_control_msgs/lib/python3.12/site-packages/multi_mode_control_msgs/multi_mode_control_msgs_s__rosidl_typesupport_fastrtps_c.so
-- Symlinking: /home/herring/rzddzy/install/multi_mode_control_msgs/lib/python3.12/site-packages/multi_mode_control_msgs/multi_mode_control_msgs_s__rosidl_typesupport_introspection_c.so
-- Symlinking: /home/herring/rzddzy/install/multi_mode_control_msgs/lib/python3.12/site-packages/multi_mode_control_msgs/srv/__init__.py
-- Symlinking: /home/herring/rzddzy/install/multi_mode_control_msgs/lib/python3.12/site-packages/multi_mode_control_msgs/srv/_get_controllers.py
-- Symlinking: /home/herring/rzddzy/install/multi_mode_control_msgs/lib/python3.12/site-packages/multi_mode_control_msgs/srv/_get_controllers_s.c
-- Symlinking: /home/herring/rzddzy/install/multi_mode_control_msgs/lib/python3.12/site-packages/multi_mode_control_msgs/srv/_get_robot_states.py
-- Symlinking: /home/herring/rzddzy/install/multi_mode_control_msgs/lib/python3.12/site-packages/multi_mode_control_msgs/srv/_get_robot_states_s.c
-- Symlinking: /home/herring/rzddzy/install/multi_mode_control_msgs/lib/python3.12/site-packages/multi_mode_control_msgs/srv/_set_cartesian_impedance.py
-- Symlinking: /home/herring/rzddzy/install/multi_mode_control_msgs/lib/python3.12/site-packages/multi_mode_control_msgs/srv/_set_cartesian_impedance_s.c
-- Symlinking: /home/herring/rzddzy/install/multi_mode_control_msgs/lib/python3.12/site-packages/multi_mode_control_msgs/srv/_set_controllers.py
-- Symlinking: /home/herring/rzddzy/install/multi_mode_control_msgs/lib/python3.12/site-packages/multi_mode_control_msgs/srv/_set_controllers_s.c
-- Symlinking: /home/herring/rzddzy/install/multi_mode_control_msgs/lib/python3.12/site-packages/multi_mode_control_msgs/srv/_set_joint_impedance.py
-- Symlinking: /home/herring/rzddzy/install/multi_mode_control_msgs/lib/python3.12/site-packages/multi_mode_control_msgs/srv/_set_joint_impedance_s.c
-- Symlinking: /home/herring/rzddzy/install/multi_mode_control_msgs/lib/python3.12/site-packages/multi_mode_control_msgs/srv/_set_recovery_mode.py
-- Symlinking: /home/herring/rzddzy/install/multi_mode_control_msgs/lib/python3.12/site-packages/multi_mode_control_msgs/srv/_set_recovery_mode_s.c
-- Symlinking: /home/herring/rzddzy/install/multi_mode_control_msgs/lib/python3.12/site-packages/multi_mode_control_msgs/srv/_set_reflex.py
-- Symlinking: /home/herring/rzddzy/install/multi_mode_control_msgs/lib/python3.12/site-packages/multi_mode_control_msgs/srv/_set_reflex_s.c
-- Symlinking: /home/herring/rzddzy/install/multi_mode_control_msgs/lib/python3.12/site-packages/multi_mode_control_msgs/srv/_set_thresholds.py
-- Symlinking: /home/herring/rzddzy/install/multi_mode_control_msgs/lib/python3.12/site-packages/multi_mode_control_msgs/srv/_set_thresholds_s.c
-- Symlinking: /home/herring/rzddzy/install/multi_mode_control_msgs/lib/python3.12/site-packages/multi_mode_control_msgs/srv/_set_world_state.py
-- Symlinking: /home/herring/rzddzy/install/multi_mode_control_msgs/lib/python3.12/site-packages/multi_mode_control_msgs/srv/_set_world_state_s.c
-- Up-to-date symlink: /home/herring/rzddzy/install/multi_mode_control_msgs/lib/python3.12/site-packages/multi_mode_control_msgs/multi_mode_control_msgs_s__rosidl_typesupport_fastrtps_c.so
-- Up-to-date symlink: /home/herring/rzddzy/install/multi_mode_control_msgs/lib/python3.12/site-packages/multi_mode_control_msgs/multi_mode_control_msgs_s__rosidl_typesupport_introspection_c.so
-- Up-to-date symlink: /home/herring/rzddzy/install/multi_mode_control_msgs/lib/python3.12/site-packages/multi_mode_control_msgs/multi_mode_control_msgs_s__rosidl_typesupport_c.so
-- Symlinking: /home/herring/rzddzy/install/multi_mode_control_msgs/share/multi_mode_control_msgs/msg/CartesianImpedanceGoal.idl
-- Symlinking: /home/herring/rzddzy/install/multi_mode_control_msgs/share/multi_mode_control_msgs/msg/DualCartesianImpedanceGoal.idl
-- Symlinking: /home/herring/rzddzy/install/multi_mode_control_msgs/share/multi_mode_control_msgs/msg/ContactThresholds.idl
-- Symlinking: /home/herring/rzddzy/install/multi_mode_control_msgs/share/multi_mode_control_msgs/msg/Controller.idl
-- Symlinking: /home/herring/rzddzy/install/multi_mode_control_msgs/share/multi_mode_control_msgs/msg/JointArray.idl
-- Symlinking: /home/herring/rzddzy/install/multi_mode_control_msgs/share/multi_mode_control_msgs/msg/JointGoal.idl
-- Symlinking: /home/herring/rzddzy/install/multi_mode_control_msgs/share/multi_mode_control_msgs/msg/VelocityGoal.idl
-- Symlinking: /home/herring/rzddzy/install/multi_mode_control_msgs/share/multi_mode_control_msgs/msg/Wrench.idl
-- Symlinking: /home/herring/rzddzy/install/multi_mode_control_msgs/share/multi_mode_control_msgs/srv/GetControllers.idl
-- Symlinking: /home/herring/rzddzy/install/multi_mode_control_msgs/share/multi_mode_control_msgs/srv/GetRobotStates.idl
-- Symlinking: /home/herring/rzddzy/install/multi_mode_control_msgs/share/multi_mode_control_msgs/srv/SetCartesianImpedance.idl
-- Symlinking: /home/herring/rzddzy/install/multi_mode_control_msgs/share/multi_mode_control_msgs/srv/SetControllers.idl
-- Symlinking: /home/herring/rzddzy/install/multi_mode_control_msgs/share/multi_mode_control_msgs/srv/SetJointImpedance.idl
-- Symlinking: /home/herring/rzddzy/install/multi_mode_control_msgs/share/multi_mode_control_msgs/srv/SetRecoveryMode.idl
-- Symlinking: /home/herring/rzddzy/install/multi_mode_control_msgs/share/multi_mode_control_msgs/srv/SetReflex.idl
-- Symlinking: /home/herring/rzddzy/install/multi_mode_control_msgs/share/multi_mode_control_msgs/srv/SetThresholds.idl
-- Symlinking: /home/herring/rzddzy/install/multi_mode_control_msgs/share/multi_mode_control_msgs/srv/SetWorldState.idl
-- Symlinking: /home/herring/rzddzy/install/multi_mode_control_msgs/share/multi_mode_control_msgs/msg/CartesianImpedanceGoal.msg
-- Symlinking: /home/herring/rzddzy/install/multi_mode_control_msgs/share/multi_mode_control_msgs/msg/DualCartesianImpedanceGoal.msg
-- Symlinking: /home/herring/rzddzy/install/multi_mode_control_msgs/share/multi_mode_control_msgs/msg/ContactThresholds.msg
-- Symlinking: /home/herring/rzddzy/install/multi_mode_control_msgs/share/multi_mode_control_msgs/msg/Controller.msg
-- Symlinking: /home/herring/rzddzy/install/multi_mode_control_msgs/share/multi_mode_control_msgs/msg/JointArray.msg
-- Symlinking: /home/herring/rzddzy/install/multi_mode_control_msgs/share/multi_mode_control_msgs/msg/JointGoal.msg
-- Symlinking: /home/herring/rzddzy/install/multi_mode_control_msgs/share/multi_mode_control_msgs/msg/VelocityGoal.msg
-- Symlinking: /home/herring/rzddzy/install/multi_mode_control_msgs/share/multi_mode_control_msgs/msg/Wrench.msg
-- Symlinking: /home/herring/rzddzy/install/multi_mode_control_msgs/share/multi_mode_control_msgs/srv/GetControllers.srv
-- Symlinking: /home/herring/rzddzy/install/multi_mode_control_msgs/share/multi_mode_control_msgs/srv/GetRobotStates.srv
-- Symlinking: /home/herring/rzddzy/install/multi_mode_control_msgs/share/multi_mode_control_msgs/srv/SetCartesianImpedance.srv
-- Symlinking: /home/herring/rzddzy/install/multi_mode_control_msgs/share/multi_mode_control_msgs/srv/SetControllers.srv
-- Symlinking: /home/herring/rzddzy/install/multi_mode_control_msgs/share/multi_mode_control_msgs/srv/SetJointImpedance.srv
-- Symlinking: /home/herring/rzddzy/install/multi_mode_control_msgs/share/multi_mode_control_msgs/srv/SetRecoveryMode.srv
-- Symlinking: /home/herring/rzddzy/install/multi_mode_control_msgs/share/multi_mode_control_msgs/srv/SetReflex.srv
-- Symlinking: /home/herring/rzddzy/install/multi_mode_control_msgs/share/multi_mode_control_msgs/srv/SetThresholds.srv
-- Symlinking: /home/herring/rzddzy/install/multi_mode_control_msgs/share/multi_mode_control_msgs/srv/SetWorldState.srv
-- Symlinking: /home/herring/rzddzy/install/multi_mode_control_msgs/share/ament_index/resource_index/package_run_dependencies/multi_mode_control_msgs
-- Symlinking: /home/herring/rzddzy/install/multi_mode_control_msgs/share/ament_index/resource_index/parent_prefix_path/multi_mode_control_msgs
-- Symlinking: /home/herring/rzddzy/install/multi_mode_control_msgs/share/multi_mode_control_msgs/environment/ament_prefix_path.sh
-- Symlinking: /home/herring/rzddzy/install/multi_mode_control_msgs/share/multi_mode_control_msgs/environment/ament_prefix_path.dsv
-- Symlinking: /home/herring/rzddzy/install/multi_mode_control_msgs/share/multi_mode_control_msgs/environment/path.sh
-- Symlinking: /home/herring/rzddzy/install/multi_mode_control_msgs/share/multi_mode_control_msgs/environment/path.dsv
-- Symlinking: /home/herring/rzddzy/install/multi_mode_control_msgs/share/multi_mode_control_msgs/local_setup.bash
-- Symlinking: /home/herring/rzddzy/install/multi_mode_control_msgs/share/multi_mode_control_msgs/local_setup.sh
-- Symlinking: /home/herring/rzddzy/install/multi_mode_control_msgs/share/multi_mode_control_msgs/local_setup.zsh
-- Symlinking: /home/herring/rzddzy/install/multi_mode_control_msgs/share/multi_mode_control_msgs/local_setup.dsv
-- Symlinking: /home/herring/rzddzy/install/multi_mode_control_msgs/share/multi_mode_control_msgs/package.dsv
-- Symlinking: /home/herring/rzddzy/install/multi_mode_control_msgs/share/ament_index/resource_index/packages/multi_mode_control_msgs
-- Symlinking: /home/herring/rzddzy/install/multi_mode_control_msgs/share/multi_mode_control_msgs/cmake/rosidl_cmake-extras.cmake
-- Symlinking: /home/herring/rzddzy/install/multi_mode_control_msgs/share/multi_mode_control_msgs/cmake/ament_cmake_export_dependencies-extras.cmake
-- Symlinking: /home/herring/rzddzy/install/multi_mode_control_msgs/share/multi_mode_control_msgs/cmake/ament_cmake_export_include_directories-extras.cmake
-- Symlinking: /home/herring/rzddzy/install/multi_mode_control_msgs/share/multi_mode_control_msgs/cmake/ament_cmake_export_libraries-extras.cmake
-- Symlinking: /home/herring/rzddzy/install/multi_mode_control_msgs/share/multi_mode_control_msgs/cmake/ament_cmake_export_targets-extras.cmake
-- Symlinking: /home/herring/rzddzy/install/multi_mode_control_msgs/share/multi_mode_control_msgs/cmake/rosidl_cmake_export_typesupport_targets-extras.cmake
-- Symlinking: /home/herring/rzddzy/install/multi_mode_control_msgs/share/multi_mode_control_msgs/cmake/rosidl_cmake_export_typesupport_libraries-extras.cmake
-- Symlinking: /home/herring/rzddzy/install/multi_mode_control_msgs/share/multi_mode_control_msgs/cmake/multi_mode_control_msgsConfig.cmake
-- Symlinking: /home/herring/rzddzy/install/multi_mode_control_msgs/share/multi_mode_control_msgs/cmake/multi_mode_control_msgsConfig-version.cmake
-- Symlinking: /home/herring/rzddzy/install/multi_mode_control_msgs/share/multi_mode_control_msgs/package.xml
-- Installing: /home/herring/rzddzy/install/multi_mode_control_msgs/lib/libmulti_mode_control_msgs__rosidl_generator_c.so
-- Set non-toolchain portion of runtime path of "/home/herring/rzddzy/install/multi_mode_control_msgs/lib/libmulti_mode_control_msgs__rosidl_generator_c.so" to ""
-- Installing: /home/herring/rzddzy/install/multi_mode_control_msgs/lib/libmulti_mode_control_msgs__rosidl_typesupport_fastrtps_c.so
-- Set non-toolchain portion of runtime path of "/home/herring/rzddzy/install/multi_mode_control_msgs/lib/libmulti_mode_control_msgs__rosidl_typesupport_fastrtps_c.so" to ""
-- Installing: /home/herring/rzddzy/install/multi_mode_control_msgs/lib/libmulti_mode_control_msgs__rosidl_typesupport_fastrtps_cpp.so
-- Set non-toolchain portion of runtime path of "/home/herring/rzddzy/install/multi_mode_control_msgs/lib/libmulti_mode_control_msgs__rosidl_typesupport_fastrtps_cpp.so" to ""
-- Installing: /home/herring/rzddzy/install/multi_mode_control_msgs/lib/libmulti_mode_control_msgs__rosidl_typesupport_introspection_c.so
-- Set non-toolchain portion of runtime path of "/home/herring/rzddzy/install/multi_mode_control_msgs/lib/libmulti_mode_control_msgs__rosidl_typesupport_introspection_c.so" to ""
-- Installing: /home/herring/rzddzy/install/multi_mode_control_msgs/lib/libmulti_mode_control_msgs__rosidl_typesupport_c.so
-- Set non-toolchain portion of runtime path of "/home/herring/rzddzy/install/multi_mode_control_msgs/lib/libmulti_mode_control_msgs__rosidl_typesupport_c.so" to ""
-- Installing: /home/herring/rzddzy/install/multi_mode_control_msgs/lib/libmulti_mode_control_msgs__rosidl_typesupport_introspection_cpp.so
-- Set non-toolchain portion of runtime path of "/home/herring/rzddzy/install/multi_mode_control_msgs/lib/libmulti_mode_control_msgs__rosidl_typesupport_introspection_cpp.so" to ""
-- Installing: /home/herring/rzddzy/install/multi_mode_control_msgs/lib/libmulti_mode_control_msgs__rosidl_typesupport_cpp.so
-- Set non-toolchain portion of runtime path of "/home/herring/rzddzy/install/multi_mode_control_msgs/lib/libmulti_mode_control_msgs__rosidl_typesupport_cpp.so" to ""
Listing '/home/herring/rzddzy/install/multi_mode_control_msgs/lib/python3.12/site-packages/multi_mode_control_msgs'...
Compiling '/home/herring/rzddzy/install/multi_mode_control_msgs/lib/python3.12/site-packages/multi_mode_control_msgs/__init__.py'...
Listing '/home/herring/rzddzy/install/multi_mode_control_msgs/lib/python3.12/site-packages/multi_mode_control_msgs/msg'...
Compiling '/home/herring/rzddzy/install/multi_mode_control_msgs/lib/python3.12/site-packages/multi_mode_control_msgs/msg/__init__.py'...
Compiling '/home/herring/rzddzy/install/multi_mode_control_msgs/lib/python3.12/site-packages/multi_mode_control_msgs/msg/_cartesian_impedance_goal.py'...
Compiling '/home/herring/rzddzy/install/multi_mode_control_msgs/lib/python3.12/site-packages/multi_mode_control_msgs/msg/_contact_thresholds.py'...
Compiling '/home/herring/rzddzy/install/multi_mode_control_msgs/lib/python3.12/site-packages/multi_mode_control_msgs/msg/_controller.py'...
Compiling '/home/herring/rzddzy/install/multi_mode_control_msgs/lib/python3.12/site-packages/multi_mode_control_msgs/msg/_dual_cartesian_impedance_goal.py'...
Compiling '/home/herring/rzddzy/install/multi_mode_control_msgs/lib/python3.12/site-packages/multi_mode_control_msgs/msg/_joint_array.py'...
Compiling '/home/herring/rzddzy/install/multi_mode_control_msgs/lib/python3.12/site-packages/multi_mode_control_msgs/msg/_joint_goal.py'...
Compiling '/home/herring/rzddzy/install/multi_mode_control_msgs/lib/python3.12/site-packages/multi_mode_control_msgs/msg/_velocity_goal.py'...
Compiling '/home/herring/rzddzy/install/multi_mode_control_msgs/lib/python3.12/site-packages/multi_mode_control_msgs/msg/_wrench.py'...
Listing '/home/herring/rzddzy/install/multi_mode_control_msgs/lib/python3.12/site-packages/multi_mode_control_msgs/srv'...
Compiling '/home/herring/rzddzy/install/multi_mode_control_msgs/lib/python3.12/site-packages/multi_mode_control_msgs/srv/__init__.py'...
Compiling '/home/herring/rzddzy/install/multi_mode_control_msgs/lib/python3.12/site-packages/multi_mode_control_msgs/srv/_get_controllers.py'...
Compiling '/home/herring/rzddzy/install/multi_mode_control_msgs/lib/python3.12/site-packages/multi_mode_control_msgs/srv/_get_robot_states.py'...
Compiling '/home/herring/rzddzy/install/multi_mode_control_msgs/lib/python3.12/site-packages/multi_mode_control_msgs/srv/_set_cartesian_impedance.py'...
Compiling '/home/herring/rzddzy/install/multi_mode_control_msgs/lib/python3.12/site-packages/multi_mode_control_msgs/srv/_set_controllers.py'...
Compiling '/home/herring/rzddzy/install/multi_mode_control_msgs/lib/python3.12/site-packages/multi_mode_control_msgs/srv/_set_joint_impedance.py'...
Compiling '/home/herring/rzddzy/install/multi_mode_control_msgs/lib/python3.12/site-packages/multi_mode_control_msgs/srv/_set_recovery_mode.py'...
Compiling '/home/herring/rzddzy/install/multi_mode_control_msgs/lib/python3.12/site-packages/multi_mode_control_msgs/srv/_set_reflex.py'...
Compiling '/home/herring/rzddzy/install/multi_mode_control_msgs/lib/python3.12/site-packages/multi_mode_control_msgs/srv/_set_thresholds.py'...
Compiling '/home/herring/rzddzy/install/multi_mode_control_msgs/lib/python3.12/site-packages/multi_mode_control_msgs/srv/_set_world_state.py'...
-- Installing: /home/herring/rzddzy/install/multi_mode_control_msgs/lib/libmulti_mode_control_msgs__rosidl_generator_py.so
-- Set non-toolchain portion of runtime path of "/home/herring/rzddzy/install/multi_mode_control_msgs/lib/libmulti_mode_control_msgs__rosidl_generator_py.so" to ""
-- Installing: /home/herring/rzddzy/install/multi_mode_control_msgs/share/multi_mode_control_msgs/cmake/export_multi_mode_control_msgs__rosidl_generator_cExport.cmake
-- Installing: /home/herring/rzddzy/install/multi_mode_control_msgs/share/multi_mode_control_msgs/cmake/export_multi_mode_control_msgs__rosidl_generator_cExport-noconfig.cmake
-- Installing: /home/herring/rzddzy/install/multi_mode_control_msgs/share/multi_mode_control_msgs/cmake/export_multi_mode_control_msgs__rosidl_typesupport_fastrtps_cExport.cmake
-- Installing: /home/herring/rzddzy/install/multi_mode_control_msgs/share/multi_mode_control_msgs/cmake/export_multi_mode_control_msgs__rosidl_typesupport_fastrtps_cExport-noconfig.cmake
-- Installing: /home/herring/rzddzy/install/multi_mode_control_msgs/share/multi_mode_control_msgs/cmake/export_multi_mode_control_msgs__rosidl_generator_cppExport.cmake
-- Installing: /home/herring/rzddzy/install/multi_mode_control_msgs/share/multi_mode_control_msgs/cmake/export_multi_mode_control_msgs__rosidl_typesupport_fastrtps_cppExport.cmake
-- Installing: /home/herring/rzddzy/install/multi_mode_control_msgs/share/multi_mode_control_msgs/cmake/export_multi_mode_control_msgs__rosidl_typesupport_fastrtps_cppExport-noconfig.cmake
-- Installing: /home/herring/rzddzy/install/multi_mode_control_msgs/share/multi_mode_control_msgs/cmake/multi_mode_control_msgs__rosidl_typesupport_introspection_cExport.cmake
-- Installing: /home/herring/rzddzy/install/multi_mode_control_msgs/share/multi_mode_control_msgs/cmake/multi_mode_control_msgs__rosidl_typesupport_introspection_cExport-noconfig.cmake
-- Installing: /home/herring/rzddzy/install/multi_mode_control_msgs/share/multi_mode_control_msgs/cmake/multi_mode_control_msgs__rosidl_typesupport_cExport.cmake
-- Installing: /home/herring/rzddzy/install/multi_mode_control_msgs/share/multi_mode_control_msgs/cmake/multi_mode_control_msgs__rosidl_typesupport_cExport-noconfig.cmake
-- Installing: /home/herring/rzddzy/install/multi_mode_control_msgs/share/multi_mode_control_msgs/cmake/multi_mode_control_msgs__rosidl_typesupport_introspection_cppExport.cmake
-- Installing: /home/herring/rzddzy/install/multi_mode_control_msgs/share/multi_mode_control_msgs/cmake/multi_mode_control_msgs__rosidl_typesupport_introspection_cppExport-noconfig.cmake
-- Installing: /home/herring/rzddzy/install/multi_mode_control_msgs/share/multi_mode_control_msgs/cmake/multi_mode_control_msgs__rosidl_typesupport_cppExport.cmake
-- Installing: /home/herring/rzddzy/install/multi_mode_control_msgs/share/multi_mode_control_msgs/cmake/multi_mode_control_msgs__rosidl_typesupport_cppExport-noconfig.cmake
-- Installing: /home/herring/rzddzy/install/multi_mode_control_msgs/share/multi_mode_control_msgs/cmake/export_multi_mode_control_msgs__rosidl_generator_pyExport.cmake
-- Installing: /home/herring/rzddzy/install/multi_mode_control_msgs/share/multi_mode_control_msgs/cmake/export_multi_mode_control_msgs__rosidl_generator_pyExport-noconfig.cmake
