[0.023s] Invoking command in '/home/herring/rzddzy/build/multi_mode_control_msgs': AMENT_PREFIX_PATH=/home/herring/rzddzy/install/franka_msgs:${AMENT_PREFIX_PATH} CMAKE_PREFIX_PATH=/home/herring/rzddzy/install/franka_msgs:/opt/ros/jazzy/opt/sdformat_vendor:/opt/ros/jazzy/opt/gz_math_vendor:/opt/ros/jazzy/opt/gz_utils_vendor:/opt/ros/jazzy/opt/gz_tools_vendor:/opt/ros/jazzy/opt/gz_cmake_vendor:/opt/ros/jazzy DEBUGINFOD_URLS=https://debuginfod.ubuntu.com LD_LIBRARY_PATH=/home/herring/rzddzy/install/franka_msgs/lib:${LD_LIBRARY_PATH} PYTHONPATH=/home/herring/rzddzy/install/franka_msgs/lib/python3.12/site-packages:${PYTHONPATH} /usr/bin/cmake --build /home/herring/rzddzy/build/multi_mode_control_msgs -- -j28 -l28
[0.069s] [  1%] Built target multi_mode_control_msgs__rosidl_generator_type_description
[0.076s] [  1%] Built target ament_cmake_python_symlink_multi_mode_control_msgs
[0.089s] [  1%] Built target multi_mode_control_msgs__cpp
[0.101s] [ 28%] Built target multi_mode_control_msgs__rosidl_generator_c
[0.126s] [ 37%] Built target multi_mode_control_msgs__rosidl_typesupport_c
[0.129s] [ 47%] Built target multi_mode_control_msgs__rosidl_typesupport_cpp
[0.131s] [ 57%] Built target multi_mode_control_msgs__rosidl_typesupport_fastrtps_c
[0.131s] [ 66%] Built target multi_mode_control_msgs__rosidl_typesupport_introspection_cpp
[0.136s] [ 76%] Built target multi_mode_control_msgs__rosidl_typesupport_introspection_c
[0.153s] [ 86%] Built target multi_mode_control_msgs__rosidl_typesupport_fastrtps_cpp
[0.172s] [ 86%] Built target multi_mode_control_msgs
[0.193s] [ 87%] Built target multi_mode_control_msgs__py
[0.204s] running egg_info
[0.214s] writing multi_mode_control_msgs.egg-info/PKG-INFO
[0.214s] writing dependency_links to multi_mode_control_msgs.egg-info/dependency_links.txt
[0.214s] writing top-level names to multi_mode_control_msgs.egg-info/top_level.txt
[0.232s] [ 96%] Built target multi_mode_control_msgs__rosidl_generator_py
[0.243s] reading manifest file 'multi_mode_control_msgs.egg-info/SOURCES.txt'
[0.244s] writing manifest file 'multi_mode_control_msgs.egg-info/SOURCES.txt'
[0.252s] [ 97%] Built target multi_mode_control_msgs_s__rosidl_typesupport_c
[0.255s] [100%] Built target multi_mode_control_msgs_s__rosidl_typesupport_fastrtps_c
[0.255s] [100%] Built target multi_mode_control_msgs_s__rosidl_typesupport_introspection_c
[0.262s] [100%] Built target ament_cmake_python_build_multi_mode_control_msgs_egg
[0.274s] Invoked command in '/home/herring/rzddzy/build/multi_mode_control_msgs' returned '0': AMENT_PREFIX_PATH=/home/herring/rzddzy/install/franka_msgs:${AMENT_PREFIX_PATH} CMAKE_PREFIX_PATH=/home/herring/rzddzy/install/franka_msgs:/opt/ros/jazzy/opt/sdformat_vendor:/opt/ros/jazzy/opt/gz_math_vendor:/opt/ros/jazzy/opt/gz_utils_vendor:/opt/ros/jazzy/opt/gz_tools_vendor:/opt/ros/jazzy/opt/gz_cmake_vendor:/opt/ros/jazzy DEBUGINFOD_URLS=https://debuginfod.ubuntu.com LD_LIBRARY_PATH=/home/herring/rzddzy/install/franka_msgs/lib:${LD_LIBRARY_PATH} PYTHONPATH=/home/herring/rzddzy/install/franka_msgs/lib/python3.12/site-packages:${PYTHONPATH} /usr/bin/cmake --build /home/herring/rzddzy/build/multi_mode_control_msgs -- -j28 -l28
[0.275s] Invoking command in '/home/herring/rzddzy/build/multi_mode_control_msgs': AMENT_PREFIX_PATH=/home/herring/rzddzy/install/franka_msgs:${AMENT_PREFIX_PATH} CMAKE_PREFIX_PATH=/home/herring/rzddzy/install/franka_msgs:/opt/ros/jazzy/opt/sdformat_vendor:/opt/ros/jazzy/opt/gz_math_vendor:/opt/ros/jazzy/opt/gz_utils_vendor:/opt/ros/jazzy/opt/gz_tools_vendor:/opt/ros/jazzy/opt/gz_cmake_vendor:/opt/ros/jazzy DEBUGINFOD_URLS=https://debuginfod.ubuntu.com LD_LIBRARY_PATH=/home/herring/rzddzy/install/franka_msgs/lib:${LD_LIBRARY_PATH} PYTHONPATH=/home/herring/rzddzy/install/franka_msgs/lib/python3.12/site-packages:${PYTHONPATH} /usr/bin/cmake --install /home/herring/rzddzy/build/multi_mode_control_msgs
[0.282s] -- Install configuration: ""
[0.282s] -- Execute custom install script
[0.283s] -- Symlinking: /home/herring/rzddzy/install/multi_mode_control_msgs/share/ament_index/resource_index/rosidl_interfaces/multi_mode_control_msgs
[0.290s] -- Symlinking: /home/herring/rzddzy/install/multi_mode_control_msgs/share/multi_mode_control_msgs/msg/CartesianImpedanceGoal.json
[0.298s] -- Symlinking: /home/herring/rzddzy/install/multi_mode_control_msgs/share/multi_mode_control_msgs/msg/DualCartesianImpedanceGoal.json
[0.305s] -- Symlinking: /home/herring/rzddzy/install/multi_mode_control_msgs/share/multi_mode_control_msgs/msg/ContactThresholds.json
[0.312s] -- Symlinking: /home/herring/rzddzy/install/multi_mode_control_msgs/share/multi_mode_control_msgs/msg/Controller.json
[0.318s] -- Symlinking: /home/herring/rzddzy/install/multi_mode_control_msgs/share/multi_mode_control_msgs/msg/JointArray.json
[0.326s] -- Symlinking: /home/herring/rzddzy/install/multi_mode_control_msgs/share/multi_mode_control_msgs/msg/JointGoal.json
[0.331s] -- Symlinking: /home/herring/rzddzy/install/multi_mode_control_msgs/share/multi_mode_control_msgs/msg/VelocityGoal.json
[0.340s] -- Symlinking: /home/herring/rzddzy/install/multi_mode_control_msgs/share/multi_mode_control_msgs/msg/Wrench.json
[0.349s] -- Symlinking: /home/herring/rzddzy/install/multi_mode_control_msgs/share/multi_mode_control_msgs/srv/GetControllers.json
[0.359s] -- Symlinking: /home/herring/rzddzy/install/multi_mode_control_msgs/share/multi_mode_control_msgs/srv/GetRobotStates.json
[0.366s] -- Symlinking: /home/herring/rzddzy/install/multi_mode_control_msgs/share/multi_mode_control_msgs/srv/SetCartesianImpedance.json
[0.374s] -- Symlinking: /home/herring/rzddzy/install/multi_mode_control_msgs/share/multi_mode_control_msgs/srv/SetControllers.json
[0.382s] -- Symlinking: /home/herring/rzddzy/install/multi_mode_control_msgs/share/multi_mode_control_msgs/srv/SetJointImpedance.json
[0.390s] -- Symlinking: /home/herring/rzddzy/install/multi_mode_control_msgs/share/multi_mode_control_msgs/srv/SetRecoveryMode.json
[0.398s] -- Symlinking: /home/herring/rzddzy/install/multi_mode_control_msgs/share/multi_mode_control_msgs/srv/SetReflex.json
[0.408s] -- Symlinking: /home/herring/rzddzy/install/multi_mode_control_msgs/share/multi_mode_control_msgs/srv/SetThresholds.json
[0.417s] -- Symlinking: /home/herring/rzddzy/install/multi_mode_control_msgs/share/multi_mode_control_msgs/srv/SetWorldState.json
[0.426s] -- Symlinking: /home/herring/rzddzy/install/multi_mode_control_msgs/include/multi_mode_control_msgs/multi_mode_control_msgs/msg/cartesian_impedance_goal.h
[0.433s] -- Symlinking: /home/herring/rzddzy/install/multi_mode_control_msgs/include/multi_mode_control_msgs/multi_mode_control_msgs/msg/contact_thresholds.h
[0.442s] -- Symlinking: /home/herring/rzddzy/install/multi_mode_control_msgs/include/multi_mode_control_msgs/multi_mode_control_msgs/msg/controller.h
[0.450s] -- Symlinking: /home/herring/rzddzy/install/multi_mode_control_msgs/include/multi_mode_control_msgs/multi_mode_control_msgs/msg/detail/cartesian_impedance_goal__functions.h
[0.459s] -- Symlinking: /home/herring/rzddzy/install/multi_mode_control_msgs/include/multi_mode_control_msgs/multi_mode_control_msgs/msg/detail/cartesian_impedance_goal__struct.h
[0.469s] -- Symlinking: /home/herring/rzddzy/install/multi_mode_control_msgs/include/multi_mode_control_msgs/multi_mode_control_msgs/msg/detail/cartesian_impedance_goal__type_support.h
[0.475s] -- Symlinking: /home/herring/rzddzy/install/multi_mode_control_msgs/include/multi_mode_control_msgs/multi_mode_control_msgs/msg/detail/contact_thresholds__functions.h
[0.483s] -- Symlinking: /home/herring/rzddzy/install/multi_mode_control_msgs/include/multi_mode_control_msgs/multi_mode_control_msgs/msg/detail/contact_thresholds__struct.h
[0.490s] -- Symlinking: /home/herring/rzddzy/install/multi_mode_control_msgs/include/multi_mode_control_msgs/multi_mode_control_msgs/msg/detail/contact_thresholds__type_support.h
[0.499s] -- Symlinking: /home/herring/rzddzy/install/multi_mode_control_msgs/include/multi_mode_control_msgs/multi_mode_control_msgs/msg/detail/controller__functions.h
[0.508s] -- Symlinking: /home/herring/rzddzy/install/multi_mode_control_msgs/include/multi_mode_control_msgs/multi_mode_control_msgs/msg/detail/controller__struct.h
[0.517s] -- Symlinking: /home/herring/rzddzy/install/multi_mode_control_msgs/include/multi_mode_control_msgs/multi_mode_control_msgs/msg/detail/controller__type_support.h
[0.527s] -- Symlinking: /home/herring/rzddzy/install/multi_mode_control_msgs/include/multi_mode_control_msgs/multi_mode_control_msgs/msg/detail/dual_cartesian_impedance_goal__functions.h
[0.536s] -- Symlinking: /home/herring/rzddzy/install/multi_mode_control_msgs/include/multi_mode_control_msgs/multi_mode_control_msgs/msg/detail/dual_cartesian_impedance_goal__struct.h
[0.545s] -- Symlinking: /home/herring/rzddzy/install/multi_mode_control_msgs/include/multi_mode_control_msgs/multi_mode_control_msgs/msg/detail/dual_cartesian_impedance_goal__type_support.h
[0.551s] -- Symlinking: /home/herring/rzddzy/install/multi_mode_control_msgs/include/multi_mode_control_msgs/multi_mode_control_msgs/msg/detail/joint_array__functions.h
[0.560s] -- Symlinking: /home/herring/rzddzy/install/multi_mode_control_msgs/include/multi_mode_control_msgs/multi_mode_control_msgs/msg/detail/joint_array__struct.h
[0.566s] -- Symlinking: /home/herring/rzddzy/install/multi_mode_control_msgs/include/multi_mode_control_msgs/multi_mode_control_msgs/msg/detail/joint_array__type_support.h
[0.576s] -- Symlinking: /home/herring/rzddzy/install/multi_mode_control_msgs/include/multi_mode_control_msgs/multi_mode_control_msgs/msg/detail/joint_goal__functions.h
[0.585s] -- Symlinking: /home/herring/rzddzy/install/multi_mode_control_msgs/include/multi_mode_control_msgs/multi_mode_control_msgs/msg/detail/joint_goal__struct.h
[0.590s] -- Symlinking: /home/herring/rzddzy/install/multi_mode_control_msgs/include/multi_mode_control_msgs/multi_mode_control_msgs/msg/detail/joint_goal__type_support.h
[0.596s] -- Symlinking: /home/herring/rzddzy/install/multi_mode_control_msgs/include/multi_mode_control_msgs/multi_mode_control_msgs/msg/detail/velocity_goal__functions.h
[0.604s] -- Symlinking: /home/herring/rzddzy/install/multi_mode_control_msgs/include/multi_mode_control_msgs/multi_mode_control_msgs/msg/detail/velocity_goal__struct.h
[0.613s] -- Symlinking: /home/herring/rzddzy/install/multi_mode_control_msgs/include/multi_mode_control_msgs/multi_mode_control_msgs/msg/detail/velocity_goal__type_support.h
[0.621s] -- Symlinking: /home/herring/rzddzy/install/multi_mode_control_msgs/include/multi_mode_control_msgs/multi_mode_control_msgs/msg/detail/wrench__functions.h
[0.627s] -- Symlinking: /home/herring/rzddzy/install/multi_mode_control_msgs/include/multi_mode_control_msgs/multi_mode_control_msgs/msg/detail/wrench__struct.h
[0.636s] -- Symlinking: /home/herring/rzddzy/install/multi_mode_control_msgs/include/multi_mode_control_msgs/multi_mode_control_msgs/msg/detail/wrench__type_support.h
[0.642s] -- Symlinking: /home/herring/rzddzy/install/multi_mode_control_msgs/include/multi_mode_control_msgs/multi_mode_control_msgs/msg/dual_cartesian_impedance_goal.h
[0.653s] -- Symlinking: /home/herring/rzddzy/install/multi_mode_control_msgs/include/multi_mode_control_msgs/multi_mode_control_msgs/msg/joint_array.h
[0.662s] -- Symlinking: /home/herring/rzddzy/install/multi_mode_control_msgs/include/multi_mode_control_msgs/multi_mode_control_msgs/msg/joint_goal.h
[0.671s] -- Symlinking: /home/herring/rzddzy/install/multi_mode_control_msgs/include/multi_mode_control_msgs/multi_mode_control_msgs/msg/rosidl_generator_c__visibility_control.h
[0.677s] -- Symlinking: /home/herring/rzddzy/install/multi_mode_control_msgs/include/multi_mode_control_msgs/multi_mode_control_msgs/msg/velocity_goal.h
[0.685s] -- Symlinking: /home/herring/rzddzy/install/multi_mode_control_msgs/include/multi_mode_control_msgs/multi_mode_control_msgs/msg/wrench.h
[0.694s] -- Symlinking: /home/herring/rzddzy/install/multi_mode_control_msgs/include/multi_mode_control_msgs/multi_mode_control_msgs/srv/detail/get_controllers__functions.h
[0.701s] -- Symlinking: /home/herring/rzddzy/install/multi_mode_control_msgs/include/multi_mode_control_msgs/multi_mode_control_msgs/srv/detail/get_controllers__struct.h
[0.710s] -- Symlinking: /home/herring/rzddzy/install/multi_mode_control_msgs/include/multi_mode_control_msgs/multi_mode_control_msgs/srv/detail/get_controllers__type_support.h
[0.719s] -- Symlinking: /home/herring/rzddzy/install/multi_mode_control_msgs/include/multi_mode_control_msgs/multi_mode_control_msgs/srv/detail/get_robot_states__functions.h
[0.728s] -- Symlinking: /home/herring/rzddzy/install/multi_mode_control_msgs/include/multi_mode_control_msgs/multi_mode_control_msgs/srv/detail/get_robot_states__struct.h
[0.733s] -- Symlinking: /home/herring/rzddzy/install/multi_mode_control_msgs/include/multi_mode_control_msgs/multi_mode_control_msgs/srv/detail/get_robot_states__type_support.h
[0.739s] -- Symlinking: /home/herring/rzddzy/install/multi_mode_control_msgs/include/multi_mode_control_msgs/multi_mode_control_msgs/srv/detail/set_cartesian_impedance__functions.h
[0.745s] -- Symlinking: /home/herring/rzddzy/install/multi_mode_control_msgs/include/multi_mode_control_msgs/multi_mode_control_msgs/srv/detail/set_cartesian_impedance__struct.h
[0.751s] -- Symlinking: /home/herring/rzddzy/install/multi_mode_control_msgs/include/multi_mode_control_msgs/multi_mode_control_msgs/srv/detail/set_cartesian_impedance__type_support.h
[0.757s] -- Symlinking: /home/herring/rzddzy/install/multi_mode_control_msgs/include/multi_mode_control_msgs/multi_mode_control_msgs/srv/detail/set_controllers__functions.h
[0.763s] -- Symlinking: /home/herring/rzddzy/install/multi_mode_control_msgs/include/multi_mode_control_msgs/multi_mode_control_msgs/srv/detail/set_controllers__struct.h
[0.771s] -- Symlinking: /home/herring/rzddzy/install/multi_mode_control_msgs/include/multi_mode_control_msgs/multi_mode_control_msgs/srv/detail/set_controllers__type_support.h
[0.780s] -- Symlinking: /home/herring/rzddzy/install/multi_mode_control_msgs/include/multi_mode_control_msgs/multi_mode_control_msgs/srv/detail/set_joint_impedance__functions.h
[0.786s] -- Symlinking: /home/herring/rzddzy/install/multi_mode_control_msgs/include/multi_mode_control_msgs/multi_mode_control_msgs/srv/detail/set_joint_impedance__struct.h
[0.795s] -- Symlinking: /home/herring/rzddzy/install/multi_mode_control_msgs/include/multi_mode_control_msgs/multi_mode_control_msgs/srv/detail/set_joint_impedance__type_support.h
[0.804s] -- Symlinking: /home/herring/rzddzy/install/multi_mode_control_msgs/include/multi_mode_control_msgs/multi_mode_control_msgs/srv/detail/set_recovery_mode__functions.h
[0.812s] -- Symlinking: /home/herring/rzddzy/install/multi_mode_control_msgs/include/multi_mode_control_msgs/multi_mode_control_msgs/srv/detail/set_recovery_mode__struct.h
[0.821s] -- Symlinking: /home/herring/rzddzy/install/multi_mode_control_msgs/include/multi_mode_control_msgs/multi_mode_control_msgs/srv/detail/set_recovery_mode__type_support.h
[0.830s] -- Symlinking: /home/herring/rzddzy/install/multi_mode_control_msgs/include/multi_mode_control_msgs/multi_mode_control_msgs/srv/detail/set_reflex__functions.h
[0.837s] -- Symlinking: /home/herring/rzddzy/install/multi_mode_control_msgs/include/multi_mode_control_msgs/multi_mode_control_msgs/srv/detail/set_reflex__struct.h
[0.846s] -- Symlinking: /home/herring/rzddzy/install/multi_mode_control_msgs/include/multi_mode_control_msgs/multi_mode_control_msgs/srv/detail/set_reflex__type_support.h
[0.852s] -- Symlinking: /home/herring/rzddzy/install/multi_mode_control_msgs/include/multi_mode_control_msgs/multi_mode_control_msgs/srv/detail/set_thresholds__functions.h
[0.858s] -- Symlinking: /home/herring/rzddzy/install/multi_mode_control_msgs/include/multi_mode_control_msgs/multi_mode_control_msgs/srv/detail/set_thresholds__struct.h
[0.868s] -- Symlinking: /home/herring/rzddzy/install/multi_mode_control_msgs/include/multi_mode_control_msgs/multi_mode_control_msgs/srv/detail/set_thresholds__type_support.h
[0.878s] -- Symlinking: /home/herring/rzddzy/install/multi_mode_control_msgs/include/multi_mode_control_msgs/multi_mode_control_msgs/srv/detail/set_world_state__functions.h
[0.888s] -- Symlinking: /home/herring/rzddzy/install/multi_mode_control_msgs/include/multi_mode_control_msgs/multi_mode_control_msgs/srv/detail/set_world_state__struct.h
[0.898s] -- Symlinking: /home/herring/rzddzy/install/multi_mode_control_msgs/include/multi_mode_control_msgs/multi_mode_control_msgs/srv/detail/set_world_state__type_support.h
[0.908s] -- Symlinking: /home/herring/rzddzy/install/multi_mode_control_msgs/include/multi_mode_control_msgs/multi_mode_control_msgs/srv/get_controllers.h
[0.914s] -- Symlinking: /home/herring/rzddzy/install/multi_mode_control_msgs/include/multi_mode_control_msgs/multi_mode_control_msgs/srv/get_robot_states.h
[0.922s] -- Symlinking: /home/herring/rzddzy/install/multi_mode_control_msgs/include/multi_mode_control_msgs/multi_mode_control_msgs/srv/set_cartesian_impedance.h
[0.928s] -- Symlinking: /home/herring/rzddzy/install/multi_mode_control_msgs/include/multi_mode_control_msgs/multi_mode_control_msgs/srv/set_controllers.h
[0.938s] -- Symlinking: /home/herring/rzddzy/install/multi_mode_control_msgs/include/multi_mode_control_msgs/multi_mode_control_msgs/srv/set_joint_impedance.h
[0.944s] -- Symlinking: /home/herring/rzddzy/install/multi_mode_control_msgs/include/multi_mode_control_msgs/multi_mode_control_msgs/srv/set_recovery_mode.h
[0.950s] -- Symlinking: /home/herring/rzddzy/install/multi_mode_control_msgs/include/multi_mode_control_msgs/multi_mode_control_msgs/srv/set_reflex.h
[0.956s] -- Symlinking: /home/herring/rzddzy/install/multi_mode_control_msgs/include/multi_mode_control_msgs/multi_mode_control_msgs/srv/set_thresholds.h
[0.962s] -- Symlinking: /home/herring/rzddzy/install/multi_mode_control_msgs/include/multi_mode_control_msgs/multi_mode_control_msgs/srv/set_world_state.h
[0.971s] -- Symlinking: /home/herring/rzddzy/install/multi_mode_control_msgs/share/multi_mode_control_msgs/environment/library_path.sh
[0.977s] -- Symlinking: /home/herring/rzddzy/install/multi_mode_control_msgs/share/multi_mode_control_msgs/environment/library_path.dsv
[0.983s] -- Symlinking: /home/herring/rzddzy/install/multi_mode_control_msgs/include/multi_mode_control_msgs/multi_mode_control_msgs/msg/detail/cartesian_impedance_goal__rosidl_typesupport_fastrtps_c.h
[0.990s] -- Symlinking: /home/herring/rzddzy/install/multi_mode_control_msgs/include/multi_mode_control_msgs/multi_mode_control_msgs/msg/detail/contact_thresholds__rosidl_typesupport_fastrtps_c.h
[0.997s] -- Symlinking: /home/herring/rzddzy/install/multi_mode_control_msgs/include/multi_mode_control_msgs/multi_mode_control_msgs/msg/detail/controller__rosidl_typesupport_fastrtps_c.h
[1.003s] -- Symlinking: /home/herring/rzddzy/install/multi_mode_control_msgs/include/multi_mode_control_msgs/multi_mode_control_msgs/msg/detail/dual_cartesian_impedance_goal__rosidl_typesupport_fastrtps_c.h
[1.011s] -- Symlinking: /home/herring/rzddzy/install/multi_mode_control_msgs/include/multi_mode_control_msgs/multi_mode_control_msgs/msg/detail/joint_array__rosidl_typesupport_fastrtps_c.h
[1.017s] -- Symlinking: /home/herring/rzddzy/install/multi_mode_control_msgs/include/multi_mode_control_msgs/multi_mode_control_msgs/msg/detail/joint_goal__rosidl_typesupport_fastrtps_c.h
[1.026s] -- Symlinking: /home/herring/rzddzy/install/multi_mode_control_msgs/include/multi_mode_control_msgs/multi_mode_control_msgs/msg/detail/velocity_goal__rosidl_typesupport_fastrtps_c.h
[1.033s] -- Symlinking: /home/herring/rzddzy/install/multi_mode_control_msgs/include/multi_mode_control_msgs/multi_mode_control_msgs/msg/detail/wrench__rosidl_typesupport_fastrtps_c.h
[1.039s] -- Symlinking: /home/herring/rzddzy/install/multi_mode_control_msgs/include/multi_mode_control_msgs/multi_mode_control_msgs/msg/rosidl_typesupport_fastrtps_c__visibility_control.h
[1.046s] -- Symlinking: /home/herring/rzddzy/install/multi_mode_control_msgs/include/multi_mode_control_msgs/multi_mode_control_msgs/srv/detail/get_controllers__rosidl_typesupport_fastrtps_c.h
[1.055s] -- Symlinking: /home/herring/rzddzy/install/multi_mode_control_msgs/include/multi_mode_control_msgs/multi_mode_control_msgs/srv/detail/get_robot_states__rosidl_typesupport_fastrtps_c.h
[1.064s] -- Symlinking: /home/herring/rzddzy/install/multi_mode_control_msgs/include/multi_mode_control_msgs/multi_mode_control_msgs/srv/detail/set_cartesian_impedance__rosidl_typesupport_fastrtps_c.h
[1.073s] -- Symlinking: /home/herring/rzddzy/install/multi_mode_control_msgs/include/multi_mode_control_msgs/multi_mode_control_msgs/srv/detail/set_controllers__rosidl_typesupport_fastrtps_c.h
[1.079s] -- Symlinking: /home/herring/rzddzy/install/multi_mode_control_msgs/include/multi_mode_control_msgs/multi_mode_control_msgs/srv/detail/set_joint_impedance__rosidl_typesupport_fastrtps_c.h
[1.088s] -- Symlinking: /home/herring/rzddzy/install/multi_mode_control_msgs/include/multi_mode_control_msgs/multi_mode_control_msgs/srv/detail/set_recovery_mode__rosidl_typesupport_fastrtps_c.h
[1.095s] -- Symlinking: /home/herring/rzddzy/install/multi_mode_control_msgs/include/multi_mode_control_msgs/multi_mode_control_msgs/srv/detail/set_reflex__rosidl_typesupport_fastrtps_c.h
[1.104s] -- Symlinking: /home/herring/rzddzy/install/multi_mode_control_msgs/include/multi_mode_control_msgs/multi_mode_control_msgs/srv/detail/set_thresholds__rosidl_typesupport_fastrtps_c.h
[1.114s] -- Symlinking: /home/herring/rzddzy/install/multi_mode_control_msgs/include/multi_mode_control_msgs/multi_mode_control_msgs/srv/detail/set_world_state__rosidl_typesupport_fastrtps_c.h
[1.126s] -- Symlinking: /home/herring/rzddzy/install/multi_mode_control_msgs/include/multi_mode_control_msgs/multi_mode_control_msgs/msg/cartesian_impedance_goal.hpp
[1.132s] -- Symlinking: /home/herring/rzddzy/install/multi_mode_control_msgs/include/multi_mode_control_msgs/multi_mode_control_msgs/msg/contact_thresholds.hpp
[1.139s] -- Symlinking: /home/herring/rzddzy/install/multi_mode_control_msgs/include/multi_mode_control_msgs/multi_mode_control_msgs/msg/controller.hpp
[1.146s] -- Symlinking: /home/herring/rzddzy/install/multi_mode_control_msgs/include/multi_mode_control_msgs/multi_mode_control_msgs/msg/detail/cartesian_impedance_goal__builder.hpp
[1.152s] -- Symlinking: /home/herring/rzddzy/install/multi_mode_control_msgs/include/multi_mode_control_msgs/multi_mode_control_msgs/msg/detail/cartesian_impedance_goal__struct.hpp
[1.159s] -- Symlinking: /home/herring/rzddzy/install/multi_mode_control_msgs/include/multi_mode_control_msgs/multi_mode_control_msgs/msg/detail/cartesian_impedance_goal__traits.hpp
[1.166s] -- Symlinking: /home/herring/rzddzy/install/multi_mode_control_msgs/include/multi_mode_control_msgs/multi_mode_control_msgs/msg/detail/cartesian_impedance_goal__type_support.hpp
[1.176s] -- Symlinking: /home/herring/rzddzy/install/multi_mode_control_msgs/include/multi_mode_control_msgs/multi_mode_control_msgs/msg/detail/contact_thresholds__builder.hpp
[1.183s] -- Symlinking: /home/herring/rzddzy/install/multi_mode_control_msgs/include/multi_mode_control_msgs/multi_mode_control_msgs/msg/detail/contact_thresholds__struct.hpp
[1.190s] -- Symlinking: /home/herring/rzddzy/install/multi_mode_control_msgs/include/multi_mode_control_msgs/multi_mode_control_msgs/msg/detail/contact_thresholds__traits.hpp
[1.197s] -- Symlinking: /home/herring/rzddzy/install/multi_mode_control_msgs/include/multi_mode_control_msgs/multi_mode_control_msgs/msg/detail/contact_thresholds__type_support.hpp
[1.204s] -- Symlinking: /home/herring/rzddzy/install/multi_mode_control_msgs/include/multi_mode_control_msgs/multi_mode_control_msgs/msg/detail/controller__builder.hpp
[1.215s] -- Symlinking: /home/herring/rzddzy/install/multi_mode_control_msgs/include/multi_mode_control_msgs/multi_mode_control_msgs/msg/detail/controller__struct.hpp
[1.221s] -- Symlinking: /home/herring/rzddzy/install/multi_mode_control_msgs/include/multi_mode_control_msgs/multi_mode_control_msgs/msg/detail/controller__traits.hpp
[1.227s] -- Symlinking: /home/herring/rzddzy/install/multi_mode_control_msgs/include/multi_mode_control_msgs/multi_mode_control_msgs/msg/detail/controller__type_support.hpp
[1.237s] -- Symlinking: /home/herring/rzddzy/install/multi_mode_control_msgs/include/multi_mode_control_msgs/multi_mode_control_msgs/msg/detail/dual_cartesian_impedance_goal__builder.hpp
[1.248s] -- Symlinking: /home/herring/rzddzy/install/multi_mode_control_msgs/include/multi_mode_control_msgs/multi_mode_control_msgs/msg/detail/dual_cartesian_impedance_goal__struct.hpp
[1.254s] -- Symlinking: /home/herring/rzddzy/install/multi_mode_control_msgs/include/multi_mode_control_msgs/multi_mode_control_msgs/msg/detail/dual_cartesian_impedance_goal__traits.hpp
[1.261s] -- Symlinking: /home/herring/rzddzy/install/multi_mode_control_msgs/include/multi_mode_control_msgs/multi_mode_control_msgs/msg/detail/dual_cartesian_impedance_goal__type_support.hpp
[1.268s] -- Symlinking: /home/herring/rzddzy/install/multi_mode_control_msgs/include/multi_mode_control_msgs/multi_mode_control_msgs/msg/detail/joint_array__builder.hpp
[1.275s] -- Symlinking: /home/herring/rzddzy/install/multi_mode_control_msgs/include/multi_mode_control_msgs/multi_mode_control_msgs/msg/detail/joint_array__struct.hpp
[1.285s] -- Symlinking: /home/herring/rzddzy/install/multi_mode_control_msgs/include/multi_mode_control_msgs/multi_mode_control_msgs/msg/detail/joint_array__traits.hpp
[1.296s] -- Symlinking: /home/herring/rzddzy/install/multi_mode_control_msgs/include/multi_mode_control_msgs/multi_mode_control_msgs/msg/detail/joint_array__type_support.hpp
[1.304s] -- Symlinking: /home/herring/rzddzy/install/multi_mode_control_msgs/include/multi_mode_control_msgs/multi_mode_control_msgs/msg/detail/joint_goal__builder.hpp
[1.311s] -- Symlinking: /home/herring/rzddzy/install/multi_mode_control_msgs/include/multi_mode_control_msgs/multi_mode_control_msgs/msg/detail/joint_goal__struct.hpp
[1.319s] -- Symlinking: /home/herring/rzddzy/install/multi_mode_control_msgs/include/multi_mode_control_msgs/multi_mode_control_msgs/msg/detail/joint_goal__traits.hpp
[1.326s] -- Symlinking: /home/herring/rzddzy/install/multi_mode_control_msgs/include/multi_mode_control_msgs/multi_mode_control_msgs/msg/detail/joint_goal__type_support.hpp
[1.334s] -- Symlinking: /home/herring/rzddzy/install/multi_mode_control_msgs/include/multi_mode_control_msgs/multi_mode_control_msgs/msg/detail/velocity_goal__builder.hpp
[1.346s] -- Symlinking: /home/herring/rzddzy/install/multi_mode_control_msgs/include/multi_mode_control_msgs/multi_mode_control_msgs/msg/detail/velocity_goal__struct.hpp
[1.354s] -- Symlinking: /home/herring/rzddzy/install/multi_mode_control_msgs/include/multi_mode_control_msgs/multi_mode_control_msgs/msg/detail/velocity_goal__traits.hpp
[1.365s] -- Symlinking: /home/herring/rzddzy/install/multi_mode_control_msgs/include/multi_mode_control_msgs/multi_mode_control_msgs/msg/detail/velocity_goal__type_support.hpp
[1.372s] -- Symlinking: /home/herring/rzddzy/install/multi_mode_control_msgs/include/multi_mode_control_msgs/multi_mode_control_msgs/msg/detail/wrench__builder.hpp
[1.379s] -- Symlinking: /home/herring/rzddzy/install/multi_mode_control_msgs/include/multi_mode_control_msgs/multi_mode_control_msgs/msg/detail/wrench__struct.hpp
[1.387s] -- Symlinking: /home/herring/rzddzy/install/multi_mode_control_msgs/include/multi_mode_control_msgs/multi_mode_control_msgs/msg/detail/wrench__traits.hpp
[1.398s] -- Symlinking: /home/herring/rzddzy/install/multi_mode_control_msgs/include/multi_mode_control_msgs/multi_mode_control_msgs/msg/detail/wrench__type_support.hpp
[1.408s] -- Symlinking: /home/herring/rzddzy/install/multi_mode_control_msgs/include/multi_mode_control_msgs/multi_mode_control_msgs/msg/dual_cartesian_impedance_goal.hpp
[1.419s] -- Symlinking: /home/herring/rzddzy/install/multi_mode_control_msgs/include/multi_mode_control_msgs/multi_mode_control_msgs/msg/joint_array.hpp
[1.429s] -- Symlinking: /home/herring/rzddzy/install/multi_mode_control_msgs/include/multi_mode_control_msgs/multi_mode_control_msgs/msg/joint_goal.hpp
[1.437s] -- Symlinking: /home/herring/rzddzy/install/multi_mode_control_msgs/include/multi_mode_control_msgs/multi_mode_control_msgs/msg/rosidl_generator_cpp__visibility_control.hpp
[1.445s] -- Symlinking: /home/herring/rzddzy/install/multi_mode_control_msgs/include/multi_mode_control_msgs/multi_mode_control_msgs/msg/velocity_goal.hpp
[1.454s] -- Symlinking: /home/herring/rzddzy/install/multi_mode_control_msgs/include/multi_mode_control_msgs/multi_mode_control_msgs/msg/wrench.hpp
[1.465s] -- Symlinking: /home/herring/rzddzy/install/multi_mode_control_msgs/include/multi_mode_control_msgs/multi_mode_control_msgs/srv/detail/get_controllers__builder.hpp
[1.475s] -- Symlinking: /home/herring/rzddzy/install/multi_mode_control_msgs/include/multi_mode_control_msgs/multi_mode_control_msgs/srv/detail/get_controllers__struct.hpp
[1.488s] -- Symlinking: /home/herring/rzddzy/install/multi_mode_control_msgs/include/multi_mode_control_msgs/multi_mode_control_msgs/srv/detail/get_controllers__traits.hpp
[1.500s] -- Symlinking: /home/herring/rzddzy/install/multi_mode_control_msgs/include/multi_mode_control_msgs/multi_mode_control_msgs/srv/detail/get_controllers__type_support.hpp
[1.509s] -- Symlinking: /home/herring/rzddzy/install/multi_mode_control_msgs/include/multi_mode_control_msgs/multi_mode_control_msgs/srv/detail/get_robot_states__builder.hpp
[1.517s] -- Symlinking: /home/herring/rzddzy/install/multi_mode_control_msgs/include/multi_mode_control_msgs/multi_mode_control_msgs/srv/detail/get_robot_states__struct.hpp
[1.524s] -- Symlinking: /home/herring/rzddzy/install/multi_mode_control_msgs/include/multi_mode_control_msgs/multi_mode_control_msgs/srv/detail/get_robot_states__traits.hpp
[1.536s] -- Symlinking: /home/herring/rzddzy/install/multi_mode_control_msgs/include/multi_mode_control_msgs/multi_mode_control_msgs/srv/detail/get_robot_states__type_support.hpp
[1.546s] -- Symlinking: /home/herring/rzddzy/install/multi_mode_control_msgs/include/multi_mode_control_msgs/multi_mode_control_msgs/srv/detail/set_cartesian_impedance__builder.hpp
[1.553s] -- Symlinking: /home/herring/rzddzy/install/multi_mode_control_msgs/include/multi_mode_control_msgs/multi_mode_control_msgs/srv/detail/set_cartesian_impedance__struct.hpp
[1.564s] -- Symlinking: /home/herring/rzddzy/install/multi_mode_control_msgs/include/multi_mode_control_msgs/multi_mode_control_msgs/srv/detail/set_cartesian_impedance__traits.hpp
[1.575s] -- Symlinking: /home/herring/rzddzy/install/multi_mode_control_msgs/include/multi_mode_control_msgs/multi_mode_control_msgs/srv/detail/set_cartesian_impedance__type_support.hpp
[1.582s] -- Symlinking: /home/herring/rzddzy/install/multi_mode_control_msgs/include/multi_mode_control_msgs/multi_mode_control_msgs/srv/detail/set_controllers__builder.hpp
[1.589s] -- Symlinking: /home/herring/rzddzy/install/multi_mode_control_msgs/include/multi_mode_control_msgs/multi_mode_control_msgs/srv/detail/set_controllers__struct.hpp
[1.596s] -- Symlinking: /home/herring/rzddzy/install/multi_mode_control_msgs/include/multi_mode_control_msgs/multi_mode_control_msgs/srv/detail/set_controllers__traits.hpp
[1.603s] -- Symlinking: /home/herring/rzddzy/install/multi_mode_control_msgs/include/multi_mode_control_msgs/multi_mode_control_msgs/srv/detail/set_controllers__type_support.hpp
[1.610s] -- Symlinking: /home/herring/rzddzy/install/multi_mode_control_msgs/include/multi_mode_control_msgs/multi_mode_control_msgs/srv/detail/set_joint_impedance__builder.hpp
[1.618s] -- Symlinking: /home/herring/rzddzy/install/multi_mode_control_msgs/include/multi_mode_control_msgs/multi_mode_control_msgs/srv/detail/set_joint_impedance__struct.hpp
[1.624s] -- Symlinking: /home/herring/rzddzy/install/multi_mode_control_msgs/include/multi_mode_control_msgs/multi_mode_control_msgs/srv/detail/set_joint_impedance__traits.hpp
[1.634s] -- Symlinking: /home/herring/rzddzy/install/multi_mode_control_msgs/include/multi_mode_control_msgs/multi_mode_control_msgs/srv/detail/set_joint_impedance__type_support.hpp
[1.641s] -- Symlinking: /home/herring/rzddzy/install/multi_mode_control_msgs/include/multi_mode_control_msgs/multi_mode_control_msgs/srv/detail/set_recovery_mode__builder.hpp
[1.648s] -- Symlinking: /home/herring/rzddzy/install/multi_mode_control_msgs/include/multi_mode_control_msgs/multi_mode_control_msgs/srv/detail/set_recovery_mode__struct.hpp
[1.655s] -- Symlinking: /home/herring/rzddzy/install/multi_mode_control_msgs/include/multi_mode_control_msgs/multi_mode_control_msgs/srv/detail/set_recovery_mode__traits.hpp
[1.663s] -- Symlinking: /home/herring/rzddzy/install/multi_mode_control_msgs/include/multi_mode_control_msgs/multi_mode_control_msgs/srv/detail/set_recovery_mode__type_support.hpp
[1.672s] -- Symlinking: /home/herring/rzddzy/install/multi_mode_control_msgs/include/multi_mode_control_msgs/multi_mode_control_msgs/srv/detail/set_reflex__builder.hpp
[1.683s] -- Symlinking: /home/herring/rzddzy/install/multi_mode_control_msgs/include/multi_mode_control_msgs/multi_mode_control_msgs/srv/detail/set_reflex__struct.hpp
[1.691s] -- Symlinking: /home/herring/rzddzy/install/multi_mode_control_msgs/include/multi_mode_control_msgs/multi_mode_control_msgs/srv/detail/set_reflex__traits.hpp
[1.697s] -- Symlinking: /home/herring/rzddzy/install/multi_mode_control_msgs/include/multi_mode_control_msgs/multi_mode_control_msgs/srv/detail/set_reflex__type_support.hpp
[1.704s] -- Symlinking: /home/herring/rzddzy/install/multi_mode_control_msgs/include/multi_mode_control_msgs/multi_mode_control_msgs/srv/detail/set_thresholds__builder.hpp
[1.711s] -- Symlinking: /home/herring/rzddzy/install/multi_mode_control_msgs/include/multi_mode_control_msgs/multi_mode_control_msgs/srv/detail/set_thresholds__struct.hpp
[1.722s] -- Symlinking: /home/herring/rzddzy/install/multi_mode_control_msgs/include/multi_mode_control_msgs/multi_mode_control_msgs/srv/detail/set_thresholds__traits.hpp
[1.734s] -- Symlinking: /home/herring/rzddzy/install/multi_mode_control_msgs/include/multi_mode_control_msgs/multi_mode_control_msgs/srv/detail/set_thresholds__type_support.hpp
[1.741s] -- Symlinking: /home/herring/rzddzy/install/multi_mode_control_msgs/include/multi_mode_control_msgs/multi_mode_control_msgs/srv/detail/set_world_state__builder.hpp
[1.751s] -- Symlinking: /home/herring/rzddzy/install/multi_mode_control_msgs/include/multi_mode_control_msgs/multi_mode_control_msgs/srv/detail/set_world_state__struct.hpp
[1.762s] -- Symlinking: /home/herring/rzddzy/install/multi_mode_control_msgs/include/multi_mode_control_msgs/multi_mode_control_msgs/srv/detail/set_world_state__traits.hpp
[1.769s] -- Symlinking: /home/herring/rzddzy/install/multi_mode_control_msgs/include/multi_mode_control_msgs/multi_mode_control_msgs/srv/detail/set_world_state__type_support.hpp
[1.776s] -- Symlinking: /home/herring/rzddzy/install/multi_mode_control_msgs/include/multi_mode_control_msgs/multi_mode_control_msgs/srv/get_controllers.hpp
[1.784s] -- Symlinking: /home/herring/rzddzy/install/multi_mode_control_msgs/include/multi_mode_control_msgs/multi_mode_control_msgs/srv/get_robot_states.hpp
[1.794s] -- Symlinking: /home/herring/rzddzy/install/multi_mode_control_msgs/include/multi_mode_control_msgs/multi_mode_control_msgs/srv/set_cartesian_impedance.hpp
[1.801s] -- Symlinking: /home/herring/rzddzy/install/multi_mode_control_msgs/include/multi_mode_control_msgs/multi_mode_control_msgs/srv/set_controllers.hpp
[1.809s] -- Symlinking: /home/herring/rzddzy/install/multi_mode_control_msgs/include/multi_mode_control_msgs/multi_mode_control_msgs/srv/set_joint_impedance.hpp
[1.820s] -- Symlinking: /home/herring/rzddzy/install/multi_mode_control_msgs/include/multi_mode_control_msgs/multi_mode_control_msgs/srv/set_recovery_mode.hpp
[1.831s] -- Symlinking: /home/herring/rzddzy/install/multi_mode_control_msgs/include/multi_mode_control_msgs/multi_mode_control_msgs/srv/set_reflex.hpp
[1.842s] -- Symlinking: /home/herring/rzddzy/install/multi_mode_control_msgs/include/multi_mode_control_msgs/multi_mode_control_msgs/srv/set_thresholds.hpp
[1.852s] -- Symlinking: /home/herring/rzddzy/install/multi_mode_control_msgs/include/multi_mode_control_msgs/multi_mode_control_msgs/srv/set_world_state.hpp
[1.860s] -- Symlinking: /home/herring/rzddzy/install/multi_mode_control_msgs/include/multi_mode_control_msgs/multi_mode_control_msgs/msg/detail/cartesian_impedance_goal__rosidl_typesupport_fastrtps_cpp.hpp
[1.867s] -- Symlinking: /home/herring/rzddzy/install/multi_mode_control_msgs/include/multi_mode_control_msgs/multi_mode_control_msgs/msg/detail/contact_thresholds__rosidl_typesupport_fastrtps_cpp.hpp
[1.874s] -- Symlinking: /home/herring/rzddzy/install/multi_mode_control_msgs/include/multi_mode_control_msgs/multi_mode_control_msgs/msg/detail/controller__rosidl_typesupport_fastrtps_cpp.hpp
[1.885s] -- Symlinking: /home/herring/rzddzy/install/multi_mode_control_msgs/include/multi_mode_control_msgs/multi_mode_control_msgs/msg/detail/dual_cartesian_impedance_goal__rosidl_typesupport_fastrtps_cpp.hpp
[1.896s] -- Symlinking: /home/herring/rzddzy/install/multi_mode_control_msgs/include/multi_mode_control_msgs/multi_mode_control_msgs/msg/detail/joint_array__rosidl_typesupport_fastrtps_cpp.hpp
[1.908s] -- Symlinking: /home/herring/rzddzy/install/multi_mode_control_msgs/include/multi_mode_control_msgs/multi_mode_control_msgs/msg/detail/joint_goal__rosidl_typesupport_fastrtps_cpp.hpp
[1.919s] -- Symlinking: /home/herring/rzddzy/install/multi_mode_control_msgs/include/multi_mode_control_msgs/multi_mode_control_msgs/msg/detail/velocity_goal__rosidl_typesupport_fastrtps_cpp.hpp
[1.930s] -- Symlinking: /home/herring/rzddzy/install/multi_mode_control_msgs/include/multi_mode_control_msgs/multi_mode_control_msgs/msg/detail/wrench__rosidl_typesupport_fastrtps_cpp.hpp
[1.938s] -- Symlinking: /home/herring/rzddzy/install/multi_mode_control_msgs/include/multi_mode_control_msgs/multi_mode_control_msgs/msg/rosidl_typesupport_fastrtps_cpp__visibility_control.h
[1.948s] -- Symlinking: /home/herring/rzddzy/install/multi_mode_control_msgs/include/multi_mode_control_msgs/multi_mode_control_msgs/srv/detail/get_controllers__rosidl_typesupport_fastrtps_cpp.hpp
[1.960s] -- Symlinking: /home/herring/rzddzy/install/multi_mode_control_msgs/include/multi_mode_control_msgs/multi_mode_control_msgs/srv/detail/get_robot_states__rosidl_typesupport_fastrtps_cpp.hpp
[1.972s] -- Symlinking: /home/herring/rzddzy/install/multi_mode_control_msgs/include/multi_mode_control_msgs/multi_mode_control_msgs/srv/detail/set_cartesian_impedance__rosidl_typesupport_fastrtps_cpp.hpp
[1.983s] -- Symlinking: /home/herring/rzddzy/install/multi_mode_control_msgs/include/multi_mode_control_msgs/multi_mode_control_msgs/srv/detail/set_controllers__rosidl_typesupport_fastrtps_cpp.hpp
[1.997s] -- Symlinking: /home/herring/rzddzy/install/multi_mode_control_msgs/include/multi_mode_control_msgs/multi_mode_control_msgs/srv/detail/set_joint_impedance__rosidl_typesupport_fastrtps_cpp.hpp
[2.008s] -- Symlinking: /home/herring/rzddzy/install/multi_mode_control_msgs/include/multi_mode_control_msgs/multi_mode_control_msgs/srv/detail/set_recovery_mode__rosidl_typesupport_fastrtps_cpp.hpp
[2.018s] -- Symlinking: /home/herring/rzddzy/install/multi_mode_control_msgs/include/multi_mode_control_msgs/multi_mode_control_msgs/srv/detail/set_reflex__rosidl_typesupport_fastrtps_cpp.hpp
[2.026s] -- Symlinking: /home/herring/rzddzy/install/multi_mode_control_msgs/include/multi_mode_control_msgs/multi_mode_control_msgs/srv/detail/set_thresholds__rosidl_typesupport_fastrtps_cpp.hpp
[2.035s] -- Symlinking: /home/herring/rzddzy/install/multi_mode_control_msgs/include/multi_mode_control_msgs/multi_mode_control_msgs/srv/detail/set_world_state__rosidl_typesupport_fastrtps_cpp.hpp
[2.046s] -- Symlinking: /home/herring/rzddzy/install/multi_mode_control_msgs/include/multi_mode_control_msgs/multi_mode_control_msgs/msg/detail/cartesian_impedance_goal__rosidl_typesupport_introspection_c.h
[2.055s] -- Symlinking: /home/herring/rzddzy/install/multi_mode_control_msgs/include/multi_mode_control_msgs/multi_mode_control_msgs/msg/detail/contact_thresholds__rosidl_typesupport_introspection_c.h
[2.064s] -- Symlinking: /home/herring/rzddzy/install/multi_mode_control_msgs/include/multi_mode_control_msgs/multi_mode_control_msgs/msg/detail/controller__rosidl_typesupport_introspection_c.h
[2.072s] -- Symlinking: /home/herring/rzddzy/install/multi_mode_control_msgs/include/multi_mode_control_msgs/multi_mode_control_msgs/msg/detail/dual_cartesian_impedance_goal__rosidl_typesupport_introspection_c.h
[2.080s] -- Symlinking: /home/herring/rzddzy/install/multi_mode_control_msgs/include/multi_mode_control_msgs/multi_mode_control_msgs/msg/detail/joint_array__rosidl_typesupport_introspection_c.h
[2.087s] -- Symlinking: /home/herring/rzddzy/install/multi_mode_control_msgs/include/multi_mode_control_msgs/multi_mode_control_msgs/msg/detail/joint_goal__rosidl_typesupport_introspection_c.h
[2.095s] -- Symlinking: /home/herring/rzddzy/install/multi_mode_control_msgs/include/multi_mode_control_msgs/multi_mode_control_msgs/msg/detail/velocity_goal__rosidl_typesupport_introspection_c.h
[2.102s] -- Symlinking: /home/herring/rzddzy/install/multi_mode_control_msgs/include/multi_mode_control_msgs/multi_mode_control_msgs/msg/detail/wrench__rosidl_typesupport_introspection_c.h
[2.110s] -- Symlinking: /home/herring/rzddzy/install/multi_mode_control_msgs/include/multi_mode_control_msgs/multi_mode_control_msgs/msg/rosidl_typesupport_introspection_c__visibility_control.h
[2.118s] -- Symlinking: /home/herring/rzddzy/install/multi_mode_control_msgs/include/multi_mode_control_msgs/multi_mode_control_msgs/srv/detail/get_controllers__rosidl_typesupport_introspection_c.h
[2.125s] -- Symlinking: /home/herring/rzddzy/install/multi_mode_control_msgs/include/multi_mode_control_msgs/multi_mode_control_msgs/srv/detail/get_robot_states__rosidl_typesupport_introspection_c.h
[2.132s] -- Symlinking: /home/herring/rzddzy/install/multi_mode_control_msgs/include/multi_mode_control_msgs/multi_mode_control_msgs/srv/detail/set_cartesian_impedance__rosidl_typesupport_introspection_c.h
[2.142s] -- Symlinking: /home/herring/rzddzy/install/multi_mode_control_msgs/include/multi_mode_control_msgs/multi_mode_control_msgs/srv/detail/set_controllers__rosidl_typesupport_introspection_c.h
[2.149s] -- Symlinking: /home/herring/rzddzy/install/multi_mode_control_msgs/include/multi_mode_control_msgs/multi_mode_control_msgs/srv/detail/set_joint_impedance__rosidl_typesupport_introspection_c.h
[2.157s] -- Symlinking: /home/herring/rzddzy/install/multi_mode_control_msgs/include/multi_mode_control_msgs/multi_mode_control_msgs/srv/detail/set_recovery_mode__rosidl_typesupport_introspection_c.h
[2.164s] -- Symlinking: /home/herring/rzddzy/install/multi_mode_control_msgs/include/multi_mode_control_msgs/multi_mode_control_msgs/srv/detail/set_reflex__rosidl_typesupport_introspection_c.h
[2.171s] -- Symlinking: /home/herring/rzddzy/install/multi_mode_control_msgs/include/multi_mode_control_msgs/multi_mode_control_msgs/srv/detail/set_thresholds__rosidl_typesupport_introspection_c.h
[2.178s] -- Symlinking: /home/herring/rzddzy/install/multi_mode_control_msgs/include/multi_mode_control_msgs/multi_mode_control_msgs/srv/detail/set_world_state__rosidl_typesupport_introspection_c.h
[2.186s] -- Symlinking: /home/herring/rzddzy/install/multi_mode_control_msgs/include/multi_mode_control_msgs/multi_mode_control_msgs/msg/detail/cartesian_impedance_goal__rosidl_typesupport_introspection_cpp.hpp
[2.193s] -- Symlinking: /home/herring/rzddzy/install/multi_mode_control_msgs/include/multi_mode_control_msgs/multi_mode_control_msgs/msg/detail/contact_thresholds__rosidl_typesupport_introspection_cpp.hpp
[2.201s] -- Symlinking: /home/herring/rzddzy/install/multi_mode_control_msgs/include/multi_mode_control_msgs/multi_mode_control_msgs/msg/detail/controller__rosidl_typesupport_introspection_cpp.hpp
[2.210s] -- Symlinking: /home/herring/rzddzy/install/multi_mode_control_msgs/include/multi_mode_control_msgs/multi_mode_control_msgs/msg/detail/dual_cartesian_impedance_goal__rosidl_typesupport_introspection_cpp.hpp
[2.222s] -- Symlinking: /home/herring/rzddzy/install/multi_mode_control_msgs/include/multi_mode_control_msgs/multi_mode_control_msgs/msg/detail/joint_array__rosidl_typesupport_introspection_cpp.hpp
[2.231s] -- Symlinking: /home/herring/rzddzy/install/multi_mode_control_msgs/include/multi_mode_control_msgs/multi_mode_control_msgs/msg/detail/joint_goal__rosidl_typesupport_introspection_cpp.hpp
[2.242s] -- Symlinking: /home/herring/rzddzy/install/multi_mode_control_msgs/include/multi_mode_control_msgs/multi_mode_control_msgs/msg/detail/velocity_goal__rosidl_typesupport_introspection_cpp.hpp
[2.249s] -- Symlinking: /home/herring/rzddzy/install/multi_mode_control_msgs/include/multi_mode_control_msgs/multi_mode_control_msgs/msg/detail/wrench__rosidl_typesupport_introspection_cpp.hpp
[2.259s] -- Symlinking: /home/herring/rzddzy/install/multi_mode_control_msgs/include/multi_mode_control_msgs/multi_mode_control_msgs/srv/detail/get_controllers__rosidl_typesupport_introspection_cpp.hpp
[2.267s] -- Symlinking: /home/herring/rzddzy/install/multi_mode_control_msgs/include/multi_mode_control_msgs/multi_mode_control_msgs/srv/detail/get_robot_states__rosidl_typesupport_introspection_cpp.hpp
[2.275s] -- Symlinking: /home/herring/rzddzy/install/multi_mode_control_msgs/include/multi_mode_control_msgs/multi_mode_control_msgs/srv/detail/set_cartesian_impedance__rosidl_typesupport_introspection_cpp.hpp
[2.282s] -- Symlinking: /home/herring/rzddzy/install/multi_mode_control_msgs/include/multi_mode_control_msgs/multi_mode_control_msgs/srv/detail/set_controllers__rosidl_typesupport_introspection_cpp.hpp
[2.294s] -- Symlinking: /home/herring/rzddzy/install/multi_mode_control_msgs/include/multi_mode_control_msgs/multi_mode_control_msgs/srv/detail/set_joint_impedance__rosidl_typesupport_introspection_cpp.hpp
[2.302s] -- Symlinking: /home/herring/rzddzy/install/multi_mode_control_msgs/include/multi_mode_control_msgs/multi_mode_control_msgs/srv/detail/set_recovery_mode__rosidl_typesupport_introspection_cpp.hpp
[2.313s] -- Symlinking: /home/herring/rzddzy/install/multi_mode_control_msgs/include/multi_mode_control_msgs/multi_mode_control_msgs/srv/detail/set_reflex__rosidl_typesupport_introspection_cpp.hpp
[2.320s] -- Symlinking: /home/herring/rzddzy/install/multi_mode_control_msgs/include/multi_mode_control_msgs/multi_mode_control_msgs/srv/detail/set_thresholds__rosidl_typesupport_introspection_cpp.hpp
[2.328s] -- Symlinking: /home/herring/rzddzy/install/multi_mode_control_msgs/include/multi_mode_control_msgs/multi_mode_control_msgs/srv/detail/set_world_state__rosidl_typesupport_introspection_cpp.hpp
[2.343s] -- Symlinking: /home/herring/rzddzy/install/multi_mode_control_msgs/share/multi_mode_control_msgs/environment/pythonpath.sh
[2.351s] -- Symlinking: /home/herring/rzddzy/install/multi_mode_control_msgs/share/multi_mode_control_msgs/environment/pythonpath.dsv
[2.359s] -- Symlinking: /home/herring/rzddzy/install/multi_mode_control_msgs/lib/python3.12/site-packages/multi_mode_control_msgs-0.0.0-py3.12.egg-info/PKG-INFO
[2.370s] -- Symlinking: /home/herring/rzddzy/install/multi_mode_control_msgs/lib/python3.12/site-packages/multi_mode_control_msgs-0.0.0-py3.12.egg-info/SOURCES.txt
[2.378s] -- Symlinking: /home/herring/rzddzy/install/multi_mode_control_msgs/lib/python3.12/site-packages/multi_mode_control_msgs-0.0.0-py3.12.egg-info/dependency_links.txt
[2.390s] -- Symlinking: /home/herring/rzddzy/install/multi_mode_control_msgs/lib/python3.12/site-packages/multi_mode_control_msgs-0.0.0-py3.12.egg-info/top_level.txt
[2.402s] -- Symlinking: /home/herring/rzddzy/install/multi_mode_control_msgs/lib/python3.12/site-packages/multi_mode_control_msgs/__init__.py
[2.414s] -- Symlinking: /home/herring/rzddzy/install/multi_mode_control_msgs/lib/python3.12/site-packages/multi_mode_control_msgs/_multi_mode_control_msgs_s.ep.rosidl_typesupport_c.c
[2.421s] -- Symlinking: /home/herring/rzddzy/install/multi_mode_control_msgs/lib/python3.12/site-packages/multi_mode_control_msgs/_multi_mode_control_msgs_s.ep.rosidl_typesupport_fastrtps_c.c
[2.433s] -- Symlinking: /home/herring/rzddzy/install/multi_mode_control_msgs/lib/python3.12/site-packages/multi_mode_control_msgs/_multi_mode_control_msgs_s.ep.rosidl_typesupport_introspection_c.c
[2.445s] -- Symlinking: /home/herring/rzddzy/install/multi_mode_control_msgs/lib/python3.12/site-packages/multi_mode_control_msgs/msg/__init__.py
[2.453s] -- Symlinking: /home/herring/rzddzy/install/multi_mode_control_msgs/lib/python3.12/site-packages/multi_mode_control_msgs/msg/_cartesian_impedance_goal.py
[2.461s] -- Symlinking: /home/herring/rzddzy/install/multi_mode_control_msgs/lib/python3.12/site-packages/multi_mode_control_msgs/msg/_cartesian_impedance_goal_s.c
[2.469s] -- Symlinking: /home/herring/rzddzy/install/multi_mode_control_msgs/lib/python3.12/site-packages/multi_mode_control_msgs/msg/_contact_thresholds.py
[2.477s] -- Symlinking: /home/herring/rzddzy/install/multi_mode_control_msgs/lib/python3.12/site-packages/multi_mode_control_msgs/msg/_contact_thresholds_s.c
[2.486s] -- Symlinking: /home/herring/rzddzy/install/multi_mode_control_msgs/lib/python3.12/site-packages/multi_mode_control_msgs/msg/_controller.py
[2.498s] -- Symlinking: /home/herring/rzddzy/install/multi_mode_control_msgs/lib/python3.12/site-packages/multi_mode_control_msgs/msg/_controller_s.c
[2.505s] -- Symlinking: /home/herring/rzddzy/install/multi_mode_control_msgs/lib/python3.12/site-packages/multi_mode_control_msgs/msg/_dual_cartesian_impedance_goal.py
[2.513s] -- Symlinking: /home/herring/rzddzy/install/multi_mode_control_msgs/lib/python3.12/site-packages/multi_mode_control_msgs/msg/_dual_cartesian_impedance_goal_s.c
[2.520s] -- Symlinking: /home/herring/rzddzy/install/multi_mode_control_msgs/lib/python3.12/site-packages/multi_mode_control_msgs/msg/_joint_array.py
[2.528s] -- Symlinking: /home/herring/rzddzy/install/multi_mode_control_msgs/lib/python3.12/site-packages/multi_mode_control_msgs/msg/_joint_array_s.c
[2.539s] -- Symlinking: /home/herring/rzddzy/install/multi_mode_control_msgs/lib/python3.12/site-packages/multi_mode_control_msgs/msg/_joint_goal.py
[2.551s] -- Symlinking: /home/herring/rzddzy/install/multi_mode_control_msgs/lib/python3.12/site-packages/multi_mode_control_msgs/msg/_joint_goal_s.c
[2.563s] -- Symlinking: /home/herring/rzddzy/install/multi_mode_control_msgs/lib/python3.12/site-packages/multi_mode_control_msgs/msg/_velocity_goal.py
[2.574s] -- Symlinking: /home/herring/rzddzy/install/multi_mode_control_msgs/lib/python3.12/site-packages/multi_mode_control_msgs/msg/_velocity_goal_s.c
[2.585s] -- Symlinking: /home/herring/rzddzy/install/multi_mode_control_msgs/lib/python3.12/site-packages/multi_mode_control_msgs/msg/_wrench.py
[2.596s] -- Symlinking: /home/herring/rzddzy/install/multi_mode_control_msgs/lib/python3.12/site-packages/multi_mode_control_msgs/msg/_wrench_s.c
[2.608s] -- Symlinking: /home/herring/rzddzy/install/multi_mode_control_msgs/lib/python3.12/site-packages/multi_mode_control_msgs/multi_mode_control_msgs_s__rosidl_typesupport_c.so
[2.621s] -- Symlinking: /home/herring/rzddzy/install/multi_mode_control_msgs/lib/python3.12/site-packages/multi_mode_control_msgs/multi_mode_control_msgs_s__rosidl_typesupport_fastrtps_c.so
[2.631s] -- Symlinking: /home/herring/rzddzy/install/multi_mode_control_msgs/lib/python3.12/site-packages/multi_mode_control_msgs/multi_mode_control_msgs_s__rosidl_typesupport_introspection_c.so
[2.643s] -- Symlinking: /home/herring/rzddzy/install/multi_mode_control_msgs/lib/python3.12/site-packages/multi_mode_control_msgs/srv/__init__.py
[2.655s] -- Symlinking: /home/herring/rzddzy/install/multi_mode_control_msgs/lib/python3.12/site-packages/multi_mode_control_msgs/srv/_get_controllers.py
[2.667s] -- Symlinking: /home/herring/rzddzy/install/multi_mode_control_msgs/lib/python3.12/site-packages/multi_mode_control_msgs/srv/_get_controllers_s.c
[2.679s] -- Symlinking: /home/herring/rzddzy/install/multi_mode_control_msgs/lib/python3.12/site-packages/multi_mode_control_msgs/srv/_get_robot_states.py
[2.687s] -- Symlinking: /home/herring/rzddzy/install/multi_mode_control_msgs/lib/python3.12/site-packages/multi_mode_control_msgs/srv/_get_robot_states_s.c
[2.696s] -- Symlinking: /home/herring/rzddzy/install/multi_mode_control_msgs/lib/python3.12/site-packages/multi_mode_control_msgs/srv/_set_cartesian_impedance.py
[2.703s] -- Symlinking: /home/herring/rzddzy/install/multi_mode_control_msgs/lib/python3.12/site-packages/multi_mode_control_msgs/srv/_set_cartesian_impedance_s.c
[2.711s] -- Symlinking: /home/herring/rzddzy/install/multi_mode_control_msgs/lib/python3.12/site-packages/multi_mode_control_msgs/srv/_set_controllers.py
[2.719s] -- Symlinking: /home/herring/rzddzy/install/multi_mode_control_msgs/lib/python3.12/site-packages/multi_mode_control_msgs/srv/_set_controllers_s.c
[2.727s] -- Symlinking: /home/herring/rzddzy/install/multi_mode_control_msgs/lib/python3.12/site-packages/multi_mode_control_msgs/srv/_set_joint_impedance.py
[2.735s] -- Symlinking: /home/herring/rzddzy/install/multi_mode_control_msgs/lib/python3.12/site-packages/multi_mode_control_msgs/srv/_set_joint_impedance_s.c
[2.743s] -- Symlinking: /home/herring/rzddzy/install/multi_mode_control_msgs/lib/python3.12/site-packages/multi_mode_control_msgs/srv/_set_recovery_mode.py
[2.752s] -- Symlinking: /home/herring/rzddzy/install/multi_mode_control_msgs/lib/python3.12/site-packages/multi_mode_control_msgs/srv/_set_recovery_mode_s.c
[2.760s] -- Symlinking: /home/herring/rzddzy/install/multi_mode_control_msgs/lib/python3.12/site-packages/multi_mode_control_msgs/srv/_set_reflex.py
[2.768s] -- Symlinking: /home/herring/rzddzy/install/multi_mode_control_msgs/lib/python3.12/site-packages/multi_mode_control_msgs/srv/_set_reflex_s.c
[2.780s] -- Symlinking: /home/herring/rzddzy/install/multi_mode_control_msgs/lib/python3.12/site-packages/multi_mode_control_msgs/srv/_set_thresholds.py
[2.788s] -- Symlinking: /home/herring/rzddzy/install/multi_mode_control_msgs/lib/python3.12/site-packages/multi_mode_control_msgs/srv/_set_thresholds_s.c
[2.796s] -- Symlinking: /home/herring/rzddzy/install/multi_mode_control_msgs/lib/python3.12/site-packages/multi_mode_control_msgs/srv/_set_world_state.py
[2.805s] -- Symlinking: /home/herring/rzddzy/install/multi_mode_control_msgs/lib/python3.12/site-packages/multi_mode_control_msgs/srv/_set_world_state_s.c
[2.813s] -- Up-to-date symlink: /home/herring/rzddzy/install/multi_mode_control_msgs/lib/python3.12/site-packages/multi_mode_control_msgs/multi_mode_control_msgs_s__rosidl_typesupport_fastrtps_c.so
[2.813s] -- Up-to-date symlink: /home/herring/rzddzy/install/multi_mode_control_msgs/lib/python3.12/site-packages/multi_mode_control_msgs/multi_mode_control_msgs_s__rosidl_typesupport_introspection_c.so
[2.813s] -- Up-to-date symlink: /home/herring/rzddzy/install/multi_mode_control_msgs/lib/python3.12/site-packages/multi_mode_control_msgs/multi_mode_control_msgs_s__rosidl_typesupport_c.so
[2.813s] -- Symlinking: /home/herring/rzddzy/install/multi_mode_control_msgs/share/multi_mode_control_msgs/msg/CartesianImpedanceGoal.idl
[2.820s] -- Symlinking: /home/herring/rzddzy/install/multi_mode_control_msgs/share/multi_mode_control_msgs/msg/DualCartesianImpedanceGoal.idl
[2.828s] -- Symlinking: /home/herring/rzddzy/install/multi_mode_control_msgs/share/multi_mode_control_msgs/msg/ContactThresholds.idl
[2.835s] -- Symlinking: /home/herring/rzddzy/install/multi_mode_control_msgs/share/multi_mode_control_msgs/msg/Controller.idl
[2.847s] -- Symlinking: /home/herring/rzddzy/install/multi_mode_control_msgs/share/multi_mode_control_msgs/msg/JointArray.idl
[2.858s] -- Symlinking: /home/herring/rzddzy/install/multi_mode_control_msgs/share/multi_mode_control_msgs/msg/JointGoal.idl
[2.866s] -- Symlinking: /home/herring/rzddzy/install/multi_mode_control_msgs/share/multi_mode_control_msgs/msg/VelocityGoal.idl
[2.878s] -- Symlinking: /home/herring/rzddzy/install/multi_mode_control_msgs/share/multi_mode_control_msgs/msg/Wrench.idl
[2.886s] -- Symlinking: /home/herring/rzddzy/install/multi_mode_control_msgs/share/multi_mode_control_msgs/srv/GetControllers.idl
[2.897s] -- Symlinking: /home/herring/rzddzy/install/multi_mode_control_msgs/share/multi_mode_control_msgs/srv/GetRobotStates.idl
[2.905s] -- Symlinking: /home/herring/rzddzy/install/multi_mode_control_msgs/share/multi_mode_control_msgs/srv/SetCartesianImpedance.idl
[2.913s] -- Symlinking: /home/herring/rzddzy/install/multi_mode_control_msgs/share/multi_mode_control_msgs/srv/SetControllers.idl
[2.921s] -- Symlinking: /home/herring/rzddzy/install/multi_mode_control_msgs/share/multi_mode_control_msgs/srv/SetJointImpedance.idl
[2.929s] -- Symlinking: /home/herring/rzddzy/install/multi_mode_control_msgs/share/multi_mode_control_msgs/srv/SetRecoveryMode.idl
[2.936s] -- Symlinking: /home/herring/rzddzy/install/multi_mode_control_msgs/share/multi_mode_control_msgs/srv/SetReflex.idl
[2.944s] -- Symlinking: /home/herring/rzddzy/install/multi_mode_control_msgs/share/multi_mode_control_msgs/srv/SetThresholds.idl
[2.956s] -- Symlinking: /home/herring/rzddzy/install/multi_mode_control_msgs/share/multi_mode_control_msgs/srv/SetWorldState.idl
[2.964s] -- Symlinking: /home/herring/rzddzy/install/multi_mode_control_msgs/share/multi_mode_control_msgs/msg/CartesianImpedanceGoal.msg
[2.971s] -- Symlinking: /home/herring/rzddzy/install/multi_mode_control_msgs/share/multi_mode_control_msgs/msg/DualCartesianImpedanceGoal.msg
[2.979s] -- Symlinking: /home/herring/rzddzy/install/multi_mode_control_msgs/share/multi_mode_control_msgs/msg/ContactThresholds.msg
[2.987s] -- Symlinking: /home/herring/rzddzy/install/multi_mode_control_msgs/share/multi_mode_control_msgs/msg/Controller.msg
[2.994s] -- Symlinking: /home/herring/rzddzy/install/multi_mode_control_msgs/share/multi_mode_control_msgs/msg/JointArray.msg
[3.002s] -- Symlinking: /home/herring/rzddzy/install/multi_mode_control_msgs/share/multi_mode_control_msgs/msg/JointGoal.msg
[3.010s] -- Symlinking: /home/herring/rzddzy/install/multi_mode_control_msgs/share/multi_mode_control_msgs/msg/VelocityGoal.msg
[3.017s] -- Symlinking: /home/herring/rzddzy/install/multi_mode_control_msgs/share/multi_mode_control_msgs/msg/Wrench.msg
[3.025s] -- Symlinking: /home/herring/rzddzy/install/multi_mode_control_msgs/share/multi_mode_control_msgs/srv/GetControllers.srv
[3.033s] -- Symlinking: /home/herring/rzddzy/install/multi_mode_control_msgs/share/multi_mode_control_msgs/srv/GetRobotStates.srv
[3.041s] -- Symlinking: /home/herring/rzddzy/install/multi_mode_control_msgs/share/multi_mode_control_msgs/srv/SetCartesianImpedance.srv
[3.049s] -- Symlinking: /home/herring/rzddzy/install/multi_mode_control_msgs/share/multi_mode_control_msgs/srv/SetControllers.srv
[3.061s] -- Symlinking: /home/herring/rzddzy/install/multi_mode_control_msgs/share/multi_mode_control_msgs/srv/SetJointImpedance.srv
[3.068s] -- Symlinking: /home/herring/rzddzy/install/multi_mode_control_msgs/share/multi_mode_control_msgs/srv/SetRecoveryMode.srv
[3.078s] -- Symlinking: /home/herring/rzddzy/install/multi_mode_control_msgs/share/multi_mode_control_msgs/srv/SetReflex.srv
[3.086s] -- Symlinking: /home/herring/rzddzy/install/multi_mode_control_msgs/share/multi_mode_control_msgs/srv/SetThresholds.srv
[3.093s] -- Symlinking: /home/herring/rzddzy/install/multi_mode_control_msgs/share/multi_mode_control_msgs/srv/SetWorldState.srv
[3.101s] -- Symlinking: /home/herring/rzddzy/install/multi_mode_control_msgs/share/ament_index/resource_index/package_run_dependencies/multi_mode_control_msgs
[3.108s] -- Symlinking: /home/herring/rzddzy/install/multi_mode_control_msgs/share/ament_index/resource_index/parent_prefix_path/multi_mode_control_msgs
[3.120s] -- Symlinking: /home/herring/rzddzy/install/multi_mode_control_msgs/share/multi_mode_control_msgs/environment/ament_prefix_path.sh
[3.128s] -- Symlinking: /home/herring/rzddzy/install/multi_mode_control_msgs/share/multi_mode_control_msgs/environment/ament_prefix_path.dsv
[3.139s] -- Symlinking: /home/herring/rzddzy/install/multi_mode_control_msgs/share/multi_mode_control_msgs/environment/path.sh
[3.148s] -- Symlinking: /home/herring/rzddzy/install/multi_mode_control_msgs/share/multi_mode_control_msgs/environment/path.dsv
[3.155s] -- Symlinking: /home/herring/rzddzy/install/multi_mode_control_msgs/share/multi_mode_control_msgs/local_setup.bash
[3.163s] -- Symlinking: /home/herring/rzddzy/install/multi_mode_control_msgs/share/multi_mode_control_msgs/local_setup.sh
[3.173s] -- Symlinking: /home/herring/rzddzy/install/multi_mode_control_msgs/share/multi_mode_control_msgs/local_setup.zsh
[3.185s] -- Symlinking: /home/herring/rzddzy/install/multi_mode_control_msgs/share/multi_mode_control_msgs/local_setup.dsv
[3.192s] -- Symlinking: /home/herring/rzddzy/install/multi_mode_control_msgs/share/multi_mode_control_msgs/package.dsv
[3.200s] -- Symlinking: /home/herring/rzddzy/install/multi_mode_control_msgs/share/ament_index/resource_index/packages/multi_mode_control_msgs
[3.207s] -- Symlinking: /home/herring/rzddzy/install/multi_mode_control_msgs/share/multi_mode_control_msgs/cmake/rosidl_cmake-extras.cmake
[3.215s] -- Symlinking: /home/herring/rzddzy/install/multi_mode_control_msgs/share/multi_mode_control_msgs/cmake/ament_cmake_export_dependencies-extras.cmake
[3.226s] -- Symlinking: /home/herring/rzddzy/install/multi_mode_control_msgs/share/multi_mode_control_msgs/cmake/ament_cmake_export_include_directories-extras.cmake
[3.234s] -- Symlinking: /home/herring/rzddzy/install/multi_mode_control_msgs/share/multi_mode_control_msgs/cmake/ament_cmake_export_libraries-extras.cmake
[3.245s] -- Symlinking: /home/herring/rzddzy/install/multi_mode_control_msgs/share/multi_mode_control_msgs/cmake/ament_cmake_export_targets-extras.cmake
[3.256s] -- Symlinking: /home/herring/rzddzy/install/multi_mode_control_msgs/share/multi_mode_control_msgs/cmake/rosidl_cmake_export_typesupport_targets-extras.cmake
[3.266s] -- Symlinking: /home/herring/rzddzy/install/multi_mode_control_msgs/share/multi_mode_control_msgs/cmake/rosidl_cmake_export_typesupport_libraries-extras.cmake
[3.278s] -- Symlinking: /home/herring/rzddzy/install/multi_mode_control_msgs/share/multi_mode_control_msgs/cmake/multi_mode_control_msgsConfig.cmake
[3.286s] -- Symlinking: /home/herring/rzddzy/install/multi_mode_control_msgs/share/multi_mode_control_msgs/cmake/multi_mode_control_msgsConfig-version.cmake
[3.293s] -- Symlinking: /home/herring/rzddzy/install/multi_mode_control_msgs/share/multi_mode_control_msgs/package.xml
[3.305s] -- Installing: /home/herring/rzddzy/install/multi_mode_control_msgs/lib/libmulti_mode_control_msgs__rosidl_generator_c.so
[3.306s] -- Set non-toolchain portion of runtime path of "/home/herring/rzddzy/install/multi_mode_control_msgs/lib/libmulti_mode_control_msgs__rosidl_generator_c.so" to ""
[3.306s] -- Installing: /home/herring/rzddzy/install/multi_mode_control_msgs/lib/libmulti_mode_control_msgs__rosidl_typesupport_fastrtps_c.so
[3.306s] -- Set non-toolchain portion of runtime path of "/home/herring/rzddzy/install/multi_mode_control_msgs/lib/libmulti_mode_control_msgs__rosidl_typesupport_fastrtps_c.so" to ""
[3.306s] -- Installing: /home/herring/rzddzy/install/multi_mode_control_msgs/lib/libmulti_mode_control_msgs__rosidl_typesupport_fastrtps_cpp.so
[3.308s] -- Set non-toolchain portion of runtime path of "/home/herring/rzddzy/install/multi_mode_control_msgs/lib/libmulti_mode_control_msgs__rosidl_typesupport_fastrtps_cpp.so" to ""
[3.308s] -- Installing: /home/herring/rzddzy/install/multi_mode_control_msgs/lib/libmulti_mode_control_msgs__rosidl_typesupport_introspection_c.so
[3.309s] -- Set non-toolchain portion of runtime path of "/home/herring/rzddzy/install/multi_mode_control_msgs/lib/libmulti_mode_control_msgs__rosidl_typesupport_introspection_c.so" to ""
[3.309s] -- Installing: /home/herring/rzddzy/install/multi_mode_control_msgs/lib/libmulti_mode_control_msgs__rosidl_typesupport_c.so
[3.309s] -- Set non-toolchain portion of runtime path of "/home/herring/rzddzy/install/multi_mode_control_msgs/lib/libmulti_mode_control_msgs__rosidl_typesupport_c.so" to ""
[3.309s] -- Installing: /home/herring/rzddzy/install/multi_mode_control_msgs/lib/libmulti_mode_control_msgs__rosidl_typesupport_introspection_cpp.so
[3.311s] -- Set non-toolchain portion of runtime path of "/home/herring/rzddzy/install/multi_mode_control_msgs/lib/libmulti_mode_control_msgs__rosidl_typesupport_introspection_cpp.so" to ""
[3.311s] -- Installing: /home/herring/rzddzy/install/multi_mode_control_msgs/lib/libmulti_mode_control_msgs__rosidl_typesupport_cpp.so
[3.312s] -- Set non-toolchain portion of runtime path of "/home/herring/rzddzy/install/multi_mode_control_msgs/lib/libmulti_mode_control_msgs__rosidl_typesupport_cpp.so" to ""
[3.373s] Listing '/home/herring/rzddzy/install/multi_mode_control_msgs/lib/python3.12/site-packages/multi_mode_control_msgs'...
[3.373s] Compiling '/home/herring/rzddzy/install/multi_mode_control_msgs/lib/python3.12/site-packages/multi_mode_control_msgs/__init__.py'...
[3.373s] Listing '/home/herring/rzddzy/install/multi_mode_control_msgs/lib/python3.12/site-packages/multi_mode_control_msgs/msg'...
[3.373s] Compiling '/home/herring/rzddzy/install/multi_mode_control_msgs/lib/python3.12/site-packages/multi_mode_control_msgs/msg/__init__.py'...
[3.373s] Compiling '/home/herring/rzddzy/install/multi_mode_control_msgs/lib/python3.12/site-packages/multi_mode_control_msgs/msg/_cartesian_impedance_goal.py'...
[3.373s] Compiling '/home/herring/rzddzy/install/multi_mode_control_msgs/lib/python3.12/site-packages/multi_mode_control_msgs/msg/_contact_thresholds.py'...
[3.373s] Compiling '/home/herring/rzddzy/install/multi_mode_control_msgs/lib/python3.12/site-packages/multi_mode_control_msgs/msg/_controller.py'...
[3.373s] Compiling '/home/herring/rzddzy/install/multi_mode_control_msgs/lib/python3.12/site-packages/multi_mode_control_msgs/msg/_dual_cartesian_impedance_goal.py'...
[3.373s] Compiling '/home/herring/rzddzy/install/multi_mode_control_msgs/lib/python3.12/site-packages/multi_mode_control_msgs/msg/_joint_array.py'...
[3.374s] Compiling '/home/herring/rzddzy/install/multi_mode_control_msgs/lib/python3.12/site-packages/multi_mode_control_msgs/msg/_joint_goal.py'...
[3.374s] Compiling '/home/herring/rzddzy/install/multi_mode_control_msgs/lib/python3.12/site-packages/multi_mode_control_msgs/msg/_velocity_goal.py'...
[3.374s] Compiling '/home/herring/rzddzy/install/multi_mode_control_msgs/lib/python3.12/site-packages/multi_mode_control_msgs/msg/_wrench.py'...
[3.374s] Listing '/home/herring/rzddzy/install/multi_mode_control_msgs/lib/python3.12/site-packages/multi_mode_control_msgs/srv'...
[3.374s] Compiling '/home/herring/rzddzy/install/multi_mode_control_msgs/lib/python3.12/site-packages/multi_mode_control_msgs/srv/__init__.py'...
[3.374s] Compiling '/home/herring/rzddzy/install/multi_mode_control_msgs/lib/python3.12/site-packages/multi_mode_control_msgs/srv/_get_controllers.py'...
[3.374s] Compiling '/home/herring/rzddzy/install/multi_mode_control_msgs/lib/python3.12/site-packages/multi_mode_control_msgs/srv/_get_robot_states.py'...
[3.374s] Compiling '/home/herring/rzddzy/install/multi_mode_control_msgs/lib/python3.12/site-packages/multi_mode_control_msgs/srv/_set_cartesian_impedance.py'...
[3.374s] Compiling '/home/herring/rzddzy/install/multi_mode_control_msgs/lib/python3.12/site-packages/multi_mode_control_msgs/srv/_set_controllers.py'...
[3.374s] Compiling '/home/herring/rzddzy/install/multi_mode_control_msgs/lib/python3.12/site-packages/multi_mode_control_msgs/srv/_set_joint_impedance.py'...
[3.374s] Compiling '/home/herring/rzddzy/install/multi_mode_control_msgs/lib/python3.12/site-packages/multi_mode_control_msgs/srv/_set_recovery_mode.py'...
[3.374s] Compiling '/home/herring/rzddzy/install/multi_mode_control_msgs/lib/python3.12/site-packages/multi_mode_control_msgs/srv/_set_reflex.py'...
[3.374s] Compiling '/home/herring/rzddzy/install/multi_mode_control_msgs/lib/python3.12/site-packages/multi_mode_control_msgs/srv/_set_thresholds.py'...
[3.374s] Compiling '/home/herring/rzddzy/install/multi_mode_control_msgs/lib/python3.12/site-packages/multi_mode_control_msgs/srv/_set_world_state.py'...
[3.377s] -- Installing: /home/herring/rzddzy/install/multi_mode_control_msgs/lib/libmulti_mode_control_msgs__rosidl_generator_py.so
[3.378s] -- Set non-toolchain portion of runtime path of "/home/herring/rzddzy/install/multi_mode_control_msgs/lib/libmulti_mode_control_msgs__rosidl_generator_py.so" to ""
[3.378s] -- Installing: /home/herring/rzddzy/install/multi_mode_control_msgs/share/multi_mode_control_msgs/cmake/export_multi_mode_control_msgs__rosidl_generator_cExport.cmake
[3.378s] -- Installing: /home/herring/rzddzy/install/multi_mode_control_msgs/share/multi_mode_control_msgs/cmake/export_multi_mode_control_msgs__rosidl_generator_cExport-noconfig.cmake
[3.378s] -- Installing: /home/herring/rzddzy/install/multi_mode_control_msgs/share/multi_mode_control_msgs/cmake/export_multi_mode_control_msgs__rosidl_typesupport_fastrtps_cExport.cmake
[3.378s] -- Installing: /home/herring/rzddzy/install/multi_mode_control_msgs/share/multi_mode_control_msgs/cmake/export_multi_mode_control_msgs__rosidl_typesupport_fastrtps_cExport-noconfig.cmake
[3.379s] -- Installing: /home/herring/rzddzy/install/multi_mode_control_msgs/share/multi_mode_control_msgs/cmake/export_multi_mode_control_msgs__rosidl_generator_cppExport.cmake
[3.379s] -- Installing: /home/herring/rzddzy/install/multi_mode_control_msgs/share/multi_mode_control_msgs/cmake/export_multi_mode_control_msgs__rosidl_typesupport_fastrtps_cppExport.cmake
[3.379s] -- Installing: /home/herring/rzddzy/install/multi_mode_control_msgs/share/multi_mode_control_msgs/cmake/export_multi_mode_control_msgs__rosidl_typesupport_fastrtps_cppExport-noconfig.cmake
[3.379s] -- Installing: /home/herring/rzddzy/install/multi_mode_control_msgs/share/multi_mode_control_msgs/cmake/multi_mode_control_msgs__rosidl_typesupport_introspection_cExport.cmake
[3.379s] -- Installing: /home/herring/rzddzy/install/multi_mode_control_msgs/share/multi_mode_control_msgs/cmake/multi_mode_control_msgs__rosidl_typesupport_introspection_cExport-noconfig.cmake
[3.379s] -- Installing: /home/herring/rzddzy/install/multi_mode_control_msgs/share/multi_mode_control_msgs/cmake/multi_mode_control_msgs__rosidl_typesupport_cExport.cmake
[3.379s] -- Installing: /home/herring/rzddzy/install/multi_mode_control_msgs/share/multi_mode_control_msgs/cmake/multi_mode_control_msgs__rosidl_typesupport_cExport-noconfig.cmake
[3.379s] -- Installing: /home/herring/rzddzy/install/multi_mode_control_msgs/share/multi_mode_control_msgs/cmake/multi_mode_control_msgs__rosidl_typesupport_introspection_cppExport.cmake
[3.379s] -- Installing: /home/herring/rzddzy/install/multi_mode_control_msgs/share/multi_mode_control_msgs/cmake/multi_mode_control_msgs__rosidl_typesupport_introspection_cppExport-noconfig.cmake
[3.379s] -- Installing: /home/herring/rzddzy/install/multi_mode_control_msgs/share/multi_mode_control_msgs/cmake/multi_mode_control_msgs__rosidl_typesupport_cppExport.cmake
[3.380s] -- Installing: /home/herring/rzddzy/install/multi_mode_control_msgs/share/multi_mode_control_msgs/cmake/multi_mode_control_msgs__rosidl_typesupport_cppExport-noconfig.cmake
[3.380s] -- Installing: /home/herring/rzddzy/install/multi_mode_control_msgs/share/multi_mode_control_msgs/cmake/export_multi_mode_control_msgs__rosidl_generator_pyExport.cmake
[3.380s] -- Installing: /home/herring/rzddzy/install/multi_mode_control_msgs/share/multi_mode_control_msgs/cmake/export_multi_mode_control_msgs__rosidl_generator_pyExport-noconfig.cmake
[3.383s] Invoked command in '/home/herring/rzddzy/build/multi_mode_control_msgs' returned '0': AMENT_PREFIX_PATH=/home/herring/rzddzy/install/franka_msgs:${AMENT_PREFIX_PATH} CMAKE_PREFIX_PATH=/home/herring/rzddzy/install/franka_msgs:/opt/ros/jazzy/opt/sdformat_vendor:/opt/ros/jazzy/opt/gz_math_vendor:/opt/ros/jazzy/opt/gz_utils_vendor:/opt/ros/jazzy/opt/gz_tools_vendor:/opt/ros/jazzy/opt/gz_cmake_vendor:/opt/ros/jazzy DEBUGINFOD_URLS=https://debuginfod.ubuntu.com LD_LIBRARY_PATH=/home/herring/rzddzy/install/franka_msgs/lib:${LD_LIBRARY_PATH} PYTHONPATH=/home/herring/rzddzy/install/franka_msgs/lib/python3.12/site-packages:${PYTHONPATH} /usr/bin/cmake --install /home/herring/rzddzy/build/multi_mode_control_msgs
