[0.008s] Invoking command in '/home/herring/rzddzy/ros2_ws/build/multi_mode_control_msgs': AMENT_PREFIX_PATH=/home/herring/rzddzy/ros2_ws/install/franka_msgs:${AMENT_PREFIX_PATH} CMAKE_PREFIX_PATH=/home/herring/rzddzy/ros2_ws/install/franka_msgs:/opt/ros/jazzy/opt/sdformat_vendor:/opt/ros/jazzy/opt/gz_math_vendor:/opt/ros/jazzy/opt/gz_utils_vendor:/opt/ros/jazzy/opt/gz_tools_vendor:/opt/ros/jazzy/opt/gz_cmake_vendor:/opt/ros/jazzy DEBUGINFOD_URLS=https://debuginfod.ubuntu.com LD_LIBRARY_PATH=/home/herring/rzddzy/ros2_ws/install/franka_msgs/lib:${LD_LIBRARY_PATH} PYTHONPATH=/home/herring/rzddzy/ros2_ws/install/franka_msgs/lib/python3.12/site-packages:${PYTHONPATH} /usr/bin/cmake /home/herring/rzddzy/ros2_ws/src/multi_mode_control_msgs -DMUJOCO_DIR=/home/herring/.mujoco/mujoco-3.2.0 -DAMENT_CMAKE_SYMLINK_INSTALL=1 -DCMAKE_INSTALL_PREFIX=/home/herring/rzddzy/ros2_ws/install/multi_mode_control_msgs
[0.022s] -- Found ament_cmake: 2.5.5 (/opt/ros/jazzy/share/ament_cmake/cmake)
[0.048s] -- Found Python3: /usr/bin/python3 (found version "3.12.3") found components: Interpreter 
[0.105s] -- Override CMake install command with custom implementation using symlinks instead of copying resources
[0.112s] -- Found geometry_msgs: 5.3.6 (/opt/ros/jazzy/share/geometry_msgs/cmake)
[0.141s] -- Found rosidl_generator_c: 4.6.7 (/opt/ros/jazzy/share/rosidl_generator_c/cmake)
[0.151s] -- Found rosidl_generator_cpp: 4.6.7 (/opt/ros/jazzy/share/rosidl_generator_cpp/cmake)
[0.164s] -- Using all available rosidl_typesupport_c: rosidl_typesupport_fastrtps_c;rosidl_typesupport_introspection_c
[0.184s] -- Using all available rosidl_typesupport_cpp: rosidl_typesupport_fastrtps_cpp;rosidl_typesupport_introspection_cpp
[0.228s] -- Found franka_msgs: 0.0.0 (/home/herring/rzddzy/ros2_ws/install/franka_msgs/share/franka_msgs/cmake)
[0.312s] -- Found rosidl_default_generators: 1.6.0 (/opt/ros/jazzy/share/rosidl_default_generators/cmake)
[0.321s] -- Found rosidl_adapter: 4.6.7 (/opt/ros/jazzy/share/rosidl_adapter/cmake)
[0.630s] -- Found ament_cmake_ros: 0.12.0 (/opt/ros/jazzy/share/ament_cmake_ros/cmake)
[0.955s] -- Using all available rosidl_typesupport_c: rosidl_typesupport_fastrtps_c;rosidl_typesupport_introspection_c
[1.082s] -- Using all available rosidl_typesupport_cpp: rosidl_typesupport_fastrtps_cpp;rosidl_typesupport_introspection_cpp
[1.084s] -- Found python_cmake_module: 0.11.1 (/opt/ros/jazzy/share/python_cmake_module/cmake)
[1.339s] -- Found Python3: /usr/bin/python3 (found version "3.12.3") found components: Interpreter Development NumPy Development.Module Development.Embed 
[1.383s] -- Found ament_lint_auto: 0.17.4 (/opt/ros/jazzy/share/ament_lint_auto/cmake)
[1.394s] -- Added test 'lint_cmake' to check CMake code style
[1.396s] -- Added test 'xmllint' to check XML markup files
[1.399s] -- Configuring done (1.4s)
[1.467s] -- Generating done (0.0s)
[1.469s] [33mCMake Warning:
[1.469s]   Manually-specified variables were not used by the project:
[1.469s] 
[1.469s]     MUJOCO_DIR
[1.469s] 
[1.469s] [0m
[1.478s] -- Build files have been written to: /home/herring/rzddzy/ros2_ws/build/multi_mode_control_msgs
[1.486s] Invoked command in '/home/herring/rzddzy/ros2_ws/build/multi_mode_control_msgs' returned '0': AMENT_PREFIX_PATH=/home/herring/rzddzy/ros2_ws/install/franka_msgs:${AMENT_PREFIX_PATH} CMAKE_PREFIX_PATH=/home/herring/rzddzy/ros2_ws/install/franka_msgs:/opt/ros/jazzy/opt/sdformat_vendor:/opt/ros/jazzy/opt/gz_math_vendor:/opt/ros/jazzy/opt/gz_utils_vendor:/opt/ros/jazzy/opt/gz_tools_vendor:/opt/ros/jazzy/opt/gz_cmake_vendor:/opt/ros/jazzy DEBUGINFOD_URLS=https://debuginfod.ubuntu.com LD_LIBRARY_PATH=/home/herring/rzddzy/ros2_ws/install/franka_msgs/lib:${LD_LIBRARY_PATH} PYTHONPATH=/home/herring/rzddzy/ros2_ws/install/franka_msgs/lib/python3.12/site-packages:${PYTHONPATH} /usr/bin/cmake /home/herring/rzddzy/ros2_ws/src/multi_mode_control_msgs -DMUJOCO_DIR=/home/herring/.mujoco/mujoco-3.2.0 -DAMENT_CMAKE_SYMLINK_INSTALL=1 -DCMAKE_INSTALL_PREFIX=/home/herring/rzddzy/ros2_ws/install/multi_mode_control_msgs
[1.487s] Invoking command in '/home/herring/rzddzy/ros2_ws/build/multi_mode_control_msgs': AMENT_PREFIX_PATH=/home/herring/rzddzy/ros2_ws/install/franka_msgs:${AMENT_PREFIX_PATH} CMAKE_PREFIX_PATH=/home/herring/rzddzy/ros2_ws/install/franka_msgs:/opt/ros/jazzy/opt/sdformat_vendor:/opt/ros/jazzy/opt/gz_math_vendor:/opt/ros/jazzy/opt/gz_utils_vendor:/opt/ros/jazzy/opt/gz_tools_vendor:/opt/ros/jazzy/opt/gz_cmake_vendor:/opt/ros/jazzy DEBUGINFOD_URLS=https://debuginfod.ubuntu.com LD_LIBRARY_PATH=/home/herring/rzddzy/ros2_ws/install/franka_msgs/lib:${LD_LIBRARY_PATH} PYTHONPATH=/home/herring/rzddzy/ros2_ws/install/franka_msgs/lib/python3.12/site-packages:${PYTHONPATH} /usr/bin/cmake --build /home/herring/rzddzy/ros2_ws/build/multi_mode_control_msgs -- -j28 -l28
[1.552s] [  1%] Built target multi_mode_control_msgs__rosidl_generator_type_description
[1.562s] [  1%] Built target ament_cmake_python_symlink_multi_mode_control_msgs
[1.580s] [  1%] Built target multi_mode_control_msgs__cpp
[1.601s] [ 28%] Built target multi_mode_control_msgs__rosidl_generator_c
[1.634s] [ 37%] Built target multi_mode_control_msgs__rosidl_typesupport_c
[1.644s] [ 47%] Built target multi_mode_control_msgs__rosidl_typesupport_introspection_c
[1.677s] [ 57%] Built target multi_mode_control_msgs__rosidl_typesupport_fastrtps_c
[1.681s] [ 67%] Built target multi_mode_control_msgs__rosidl_typesupport_fastrtps_cpp
[1.683s] [ 85%] Built target multi_mode_control_msgs__rosidl_typesupport_introspection_cpp
[1.683s] [ 86%] Built target multi_mode_control_msgs__rosidl_typesupport_cpp
[1.710s] [ 86%] Built target multi_mode_control_msgs
[1.737s] [ 87%] Built target multi_mode_control_msgs__py
[1.785s] [ 96%] Built target multi_mode_control_msgs__rosidl_generator_py
[1.812s] running egg_info
[1.816s] [ 97%] Built target multi_mode_control_msgs_s__rosidl_typesupport_fastrtps_c
[1.816s] [100%] Built target multi_mode_control_msgs_s__rosidl_typesupport_c
[1.816s] [100%] Built target multi_mode_control_msgs_s__rosidl_typesupport_introspection_c
[1.834s] writing multi_mode_control_msgs.egg-info/PKG-INFO
[1.834s] writing dependency_links to multi_mode_control_msgs.egg-info/dependency_links.txt
[1.835s] writing top-level names to multi_mode_control_msgs.egg-info/top_level.txt
[1.897s] reading manifest file 'multi_mode_control_msgs.egg-info/SOURCES.txt'
[1.898s] writing manifest file 'multi_mode_control_msgs.egg-info/SOURCES.txt'
[1.928s] [100%] Built target ament_cmake_python_build_multi_mode_control_msgs_egg
[1.943s] Invoked command in '/home/herring/rzddzy/ros2_ws/build/multi_mode_control_msgs' returned '0': AMENT_PREFIX_PATH=/home/herring/rzddzy/ros2_ws/install/franka_msgs:${AMENT_PREFIX_PATH} CMAKE_PREFIX_PATH=/home/herring/rzddzy/ros2_ws/install/franka_msgs:/opt/ros/jazzy/opt/sdformat_vendor:/opt/ros/jazzy/opt/gz_math_vendor:/opt/ros/jazzy/opt/gz_utils_vendor:/opt/ros/jazzy/opt/gz_tools_vendor:/opt/ros/jazzy/opt/gz_cmake_vendor:/opt/ros/jazzy DEBUGINFOD_URLS=https://debuginfod.ubuntu.com LD_LIBRARY_PATH=/home/herring/rzddzy/ros2_ws/install/franka_msgs/lib:${LD_LIBRARY_PATH} PYTHONPATH=/home/herring/rzddzy/ros2_ws/install/franka_msgs/lib/python3.12/site-packages:${PYTHONPATH} /usr/bin/cmake --build /home/herring/rzddzy/ros2_ws/build/multi_mode_control_msgs -- -j28 -l28
[1.944s] Invoking command in '/home/herring/rzddzy/ros2_ws/build/multi_mode_control_msgs': AMENT_PREFIX_PATH=/home/herring/rzddzy/ros2_ws/install/franka_msgs:${AMENT_PREFIX_PATH} CMAKE_PREFIX_PATH=/home/herring/rzddzy/ros2_ws/install/franka_msgs:/opt/ros/jazzy/opt/sdformat_vendor:/opt/ros/jazzy/opt/gz_math_vendor:/opt/ros/jazzy/opt/gz_utils_vendor:/opt/ros/jazzy/opt/gz_tools_vendor:/opt/ros/jazzy/opt/gz_cmake_vendor:/opt/ros/jazzy DEBUGINFOD_URLS=https://debuginfod.ubuntu.com LD_LIBRARY_PATH=/home/herring/rzddzy/ros2_ws/install/franka_msgs/lib:${LD_LIBRARY_PATH} PYTHONPATH=/home/herring/rzddzy/ros2_ws/install/franka_msgs/lib/python3.12/site-packages:${PYTHONPATH} /usr/bin/cmake --install /home/herring/rzddzy/ros2_ws/build/multi_mode_control_msgs
[1.954s] -- Install configuration: ""
[1.955s] -- Execute custom install script
[1.955s] -- Up-to-date symlink: /home/herring/rzddzy/ros2_ws/install/multi_mode_control_msgs/share/ament_index/resource_index/rosidl_interfaces/multi_mode_control_msgs
[1.955s] -- Up-to-date symlink: /home/herring/rzddzy/ros2_ws/install/multi_mode_control_msgs/share/multi_mode_control_msgs/msg/CartesianImpedanceGoal.json
[1.955s] -- Up-to-date symlink: /home/herring/rzddzy/ros2_ws/install/multi_mode_control_msgs/share/multi_mode_control_msgs/msg/DualCartesianImpedanceGoal.json
[1.956s] -- Up-to-date symlink: /home/herring/rzddzy/ros2_ws/install/multi_mode_control_msgs/share/multi_mode_control_msgs/msg/ContactThresholds.json
[1.956s] -- Up-to-date symlink: /home/herring/rzddzy/ros2_ws/install/multi_mode_control_msgs/share/multi_mode_control_msgs/msg/Controller.json
[1.956s] -- Up-to-date symlink: /home/herring/rzddzy/ros2_ws/install/multi_mode_control_msgs/share/multi_mode_control_msgs/msg/JointArray.json
[1.956s] -- Up-to-date symlink: /home/herring/rzddzy/ros2_ws/install/multi_mode_control_msgs/share/multi_mode_control_msgs/msg/JointGoal.json
[1.956s] -- Up-to-date symlink: /home/herring/rzddzy/ros2_ws/install/multi_mode_control_msgs/share/multi_mode_control_msgs/msg/VelocityGoal.json
[1.956s] -- Up-to-date symlink: /home/herring/rzddzy/ros2_ws/install/multi_mode_control_msgs/share/multi_mode_control_msgs/msg/Wrench.json
[1.957s] -- Up-to-date symlink: /home/herring/rzddzy/ros2_ws/install/multi_mode_control_msgs/share/multi_mode_control_msgs/srv/GetControllers.json
[1.957s] -- Up-to-date symlink: /home/herring/rzddzy/ros2_ws/install/multi_mode_control_msgs/share/multi_mode_control_msgs/srv/GetRobotStates.json
[1.957s] -- Up-to-date symlink: /home/herring/rzddzy/ros2_ws/install/multi_mode_control_msgs/share/multi_mode_control_msgs/srv/SetCartesianImpedance.json
[1.957s] -- Up-to-date symlink: /home/herring/rzddzy/ros2_ws/install/multi_mode_control_msgs/share/multi_mode_control_msgs/srv/SetControllers.json
[1.957s] -- Up-to-date symlink: /home/herring/rzddzy/ros2_ws/install/multi_mode_control_msgs/share/multi_mode_control_msgs/srv/SetJointImpedance.json
[1.957s] -- Up-to-date symlink: /home/herring/rzddzy/ros2_ws/install/multi_mode_control_msgs/share/multi_mode_control_msgs/srv/SetRecoveryMode.json
[1.957s] -- Up-to-date symlink: /home/herring/rzddzy/ros2_ws/install/multi_mode_control_msgs/share/multi_mode_control_msgs/srv/SetReflex.json
[1.958s] -- Up-to-date symlink: /home/herring/rzddzy/ros2_ws/install/multi_mode_control_msgs/share/multi_mode_control_msgs/srv/SetThresholds.json
[1.958s] -- Up-to-date symlink: /home/herring/rzddzy/ros2_ws/install/multi_mode_control_msgs/share/multi_mode_control_msgs/srv/SetWorldState.json
[1.959s] -- Up-to-date symlink: /home/herring/rzddzy/ros2_ws/install/multi_mode_control_msgs/include/multi_mode_control_msgs/multi_mode_control_msgs/msg/cartesian_impedance_goal.h
[1.959s] -- Up-to-date symlink: /home/herring/rzddzy/ros2_ws/install/multi_mode_control_msgs/include/multi_mode_control_msgs/multi_mode_control_msgs/msg/contact_thresholds.h
[1.959s] -- Up-to-date symlink: /home/herring/rzddzy/ros2_ws/install/multi_mode_control_msgs/include/multi_mode_control_msgs/multi_mode_control_msgs/msg/controller.h
[1.960s] -- Up-to-date symlink: /home/herring/rzddzy/ros2_ws/install/multi_mode_control_msgs/include/multi_mode_control_msgs/multi_mode_control_msgs/msg/detail/cartesian_impedance_goal__functions.h
[1.960s] -- Up-to-date symlink: /home/herring/rzddzy/ros2_ws/install/multi_mode_control_msgs/include/multi_mode_control_msgs/multi_mode_control_msgs/msg/detail/cartesian_impedance_goal__struct.h
[1.960s] -- Up-to-date symlink: /home/herring/rzddzy/ros2_ws/install/multi_mode_control_msgs/include/multi_mode_control_msgs/multi_mode_control_msgs/msg/detail/cartesian_impedance_goal__type_support.h
[1.960s] -- Up-to-date symlink: /home/herring/rzddzy/ros2_ws/install/multi_mode_control_msgs/include/multi_mode_control_msgs/multi_mode_control_msgs/msg/detail/contact_thresholds__functions.h
[1.960s] -- Up-to-date symlink: /home/herring/rzddzy/ros2_ws/install/multi_mode_control_msgs/include/multi_mode_control_msgs/multi_mode_control_msgs/msg/detail/contact_thresholds__struct.h
[1.960s] -- Up-to-date symlink: /home/herring/rzddzy/ros2_ws/install/multi_mode_control_msgs/include/multi_mode_control_msgs/multi_mode_control_msgs/msg/detail/contact_thresholds__type_support.h
[1.960s] -- Up-to-date symlink: /home/herring/rzddzy/ros2_ws/install/multi_mode_control_msgs/include/multi_mode_control_msgs/multi_mode_control_msgs/msg/detail/controller__functions.h
[1.960s] -- Up-to-date symlink: /home/herring/rzddzy/ros2_ws/install/multi_mode_control_msgs/include/multi_mode_control_msgs/multi_mode_control_msgs/msg/detail/controller__struct.h
[1.961s] -- Up-to-date symlink: /home/herring/rzddzy/ros2_ws/install/multi_mode_control_msgs/include/multi_mode_control_msgs/multi_mode_control_msgs/msg/detail/controller__type_support.h
[1.961s] -- Up-to-date symlink: /home/herring/rzddzy/ros2_ws/install/multi_mode_control_msgs/include/multi_mode_control_msgs/multi_mode_control_msgs/msg/detail/dual_cartesian_impedance_goal__functions.h
[1.961s] -- Up-to-date symlink: /home/herring/rzddzy/ros2_ws/install/multi_mode_control_msgs/include/multi_mode_control_msgs/multi_mode_control_msgs/msg/detail/dual_cartesian_impedance_goal__struct.h
[1.961s] -- Up-to-date symlink: /home/herring/rzddzy/ros2_ws/install/multi_mode_control_msgs/include/multi_mode_control_msgs/multi_mode_control_msgs/msg/detail/dual_cartesian_impedance_goal__type_support.h
[1.961s] -- Up-to-date symlink: /home/herring/rzddzy/ros2_ws/install/multi_mode_control_msgs/include/multi_mode_control_msgs/multi_mode_control_msgs/msg/detail/joint_array__functions.h
[1.961s] -- Up-to-date symlink: /home/herring/rzddzy/ros2_ws/install/multi_mode_control_msgs/include/multi_mode_control_msgs/multi_mode_control_msgs/msg/detail/joint_array__struct.h
[1.961s] -- Up-to-date symlink: /home/herring/rzddzy/ros2_ws/install/multi_mode_control_msgs/include/multi_mode_control_msgs/multi_mode_control_msgs/msg/detail/joint_array__type_support.h
[1.961s] -- Up-to-date symlink: /home/herring/rzddzy/ros2_ws/install/multi_mode_control_msgs/include/multi_mode_control_msgs/multi_mode_control_msgs/msg/detail/joint_goal__functions.h
[1.961s] -- Up-to-date symlink: /home/herring/rzddzy/ros2_ws/install/multi_mode_control_msgs/include/multi_mode_control_msgs/multi_mode_control_msgs/msg/detail/joint_goal__struct.h
[1.962s] -- Up-to-date symlink: /home/herring/rzddzy/ros2_ws/install/multi_mode_control_msgs/include/multi_mode_control_msgs/multi_mode_control_msgs/msg/detail/joint_goal__type_support.h
[1.962s] -- Up-to-date symlink: /home/herring/rzddzy/ros2_ws/install/multi_mode_control_msgs/include/multi_mode_control_msgs/multi_mode_control_msgs/msg/detail/velocity_goal__functions.h
[1.962s] -- Up-to-date symlink: /home/herring/rzddzy/ros2_ws/install/multi_mode_control_msgs/include/multi_mode_control_msgs/multi_mode_control_msgs/msg/detail/velocity_goal__struct.h
[1.962s] -- Up-to-date symlink: /home/herring/rzddzy/ros2_ws/install/multi_mode_control_msgs/include/multi_mode_control_msgs/multi_mode_control_msgs/msg/detail/velocity_goal__type_support.h
[1.962s] -- Up-to-date symlink: /home/herring/rzddzy/ros2_ws/install/multi_mode_control_msgs/include/multi_mode_control_msgs/multi_mode_control_msgs/msg/detail/wrench__functions.h
[1.962s] -- Up-to-date symlink: /home/herring/rzddzy/ros2_ws/install/multi_mode_control_msgs/include/multi_mode_control_msgs/multi_mode_control_msgs/msg/detail/wrench__struct.h
[1.962s] -- Up-to-date symlink: /home/herring/rzddzy/ros2_ws/install/multi_mode_control_msgs/include/multi_mode_control_msgs/multi_mode_control_msgs/msg/detail/wrench__type_support.h
[1.963s] -- Up-to-date symlink: /home/herring/rzddzy/ros2_ws/install/multi_mode_control_msgs/include/multi_mode_control_msgs/multi_mode_control_msgs/msg/dual_cartesian_impedance_goal.h
[1.963s] -- Up-to-date symlink: /home/herring/rzddzy/ros2_ws/install/multi_mode_control_msgs/include/multi_mode_control_msgs/multi_mode_control_msgs/msg/joint_array.h
[1.963s] -- Up-to-date symlink: /home/herring/rzddzy/ros2_ws/install/multi_mode_control_msgs/include/multi_mode_control_msgs/multi_mode_control_msgs/msg/joint_goal.h
[1.963s] -- Up-to-date symlink: /home/herring/rzddzy/ros2_ws/install/multi_mode_control_msgs/include/multi_mode_control_msgs/multi_mode_control_msgs/msg/rosidl_generator_c__visibility_control.h
[1.963s] -- Up-to-date symlink: /home/herring/rzddzy/ros2_ws/install/multi_mode_control_msgs/include/multi_mode_control_msgs/multi_mode_control_msgs/msg/velocity_goal.h
[1.963s] -- Up-to-date symlink: /home/herring/rzddzy/ros2_ws/install/multi_mode_control_msgs/include/multi_mode_control_msgs/multi_mode_control_msgs/msg/wrench.h
[1.963s] -- Up-to-date symlink: /home/herring/rzddzy/ros2_ws/install/multi_mode_control_msgs/include/multi_mode_control_msgs/multi_mode_control_msgs/srv/detail/get_controllers__functions.h
[1.963s] -- Up-to-date symlink: /home/herring/rzddzy/ros2_ws/install/multi_mode_control_msgs/include/multi_mode_control_msgs/multi_mode_control_msgs/srv/detail/get_controllers__struct.h
[1.963s] -- Up-to-date symlink: /home/herring/rzddzy/ros2_ws/install/multi_mode_control_msgs/include/multi_mode_control_msgs/multi_mode_control_msgs/srv/detail/get_controllers__type_support.h
[1.964s] -- Up-to-date symlink: /home/herring/rzddzy/ros2_ws/install/multi_mode_control_msgs/include/multi_mode_control_msgs/multi_mode_control_msgs/srv/detail/get_robot_states__functions.h
[1.964s] -- Up-to-date symlink: /home/herring/rzddzy/ros2_ws/install/multi_mode_control_msgs/include/multi_mode_control_msgs/multi_mode_control_msgs/srv/detail/get_robot_states__struct.h
[1.964s] -- Up-to-date symlink: /home/herring/rzddzy/ros2_ws/install/multi_mode_control_msgs/include/multi_mode_control_msgs/multi_mode_control_msgs/srv/detail/get_robot_states__type_support.h
[1.964s] -- Up-to-date symlink: /home/herring/rzddzy/ros2_ws/install/multi_mode_control_msgs/include/multi_mode_control_msgs/multi_mode_control_msgs/srv/detail/set_cartesian_impedance__functions.h
[1.964s] -- Up-to-date symlink: /home/herring/rzddzy/ros2_ws/install/multi_mode_control_msgs/include/multi_mode_control_msgs/multi_mode_control_msgs/srv/detail/set_cartesian_impedance__struct.h
[1.964s] -- Up-to-date symlink: /home/herring/rzddzy/ros2_ws/install/multi_mode_control_msgs/include/multi_mode_control_msgs/multi_mode_control_msgs/srv/detail/set_cartesian_impedance__type_support.h
[1.964s] -- Up-to-date symlink: /home/herring/rzddzy/ros2_ws/install/multi_mode_control_msgs/include/multi_mode_control_msgs/multi_mode_control_msgs/srv/detail/set_controllers__functions.h
[1.964s] -- Up-to-date symlink: /home/herring/rzddzy/ros2_ws/install/multi_mode_control_msgs/include/multi_mode_control_msgs/multi_mode_control_msgs/srv/detail/set_controllers__struct.h
[1.964s] -- Up-to-date symlink: /home/herring/rzddzy/ros2_ws/install/multi_mode_control_msgs/include/multi_mode_control_msgs/multi_mode_control_msgs/srv/detail/set_controllers__type_support.h
[1.965s] -- Up-to-date symlink: /home/herring/rzddzy/ros2_ws/install/multi_mode_control_msgs/include/multi_mode_control_msgs/multi_mode_control_msgs/srv/detail/set_joint_impedance__functions.h
[1.965s] -- Up-to-date symlink: /home/herring/rzddzy/ros2_ws/install/multi_mode_control_msgs/include/multi_mode_control_msgs/multi_mode_control_msgs/srv/detail/set_joint_impedance__struct.h
[1.965s] -- Up-to-date symlink: /home/herring/rzddzy/ros2_ws/install/multi_mode_control_msgs/include/multi_mode_control_msgs/multi_mode_control_msgs/srv/detail/set_joint_impedance__type_support.h
[1.965s] -- Up-to-date symlink: /home/herring/rzddzy/ros2_ws/install/multi_mode_control_msgs/include/multi_mode_control_msgs/multi_mode_control_msgs/srv/detail/set_recovery_mode__functions.h
[1.965s] -- Up-to-date symlink: /home/herring/rzddzy/ros2_ws/install/multi_mode_control_msgs/include/multi_mode_control_msgs/multi_mode_control_msgs/srv/detail/set_recovery_mode__struct.h
[1.965s] -- Up-to-date symlink: /home/herring/rzddzy/ros2_ws/install/multi_mode_control_msgs/include/multi_mode_control_msgs/multi_mode_control_msgs/srv/detail/set_recovery_mode__type_support.h
[1.965s] -- Up-to-date symlink: /home/herring/rzddzy/ros2_ws/install/multi_mode_control_msgs/include/multi_mode_control_msgs/multi_mode_control_msgs/srv/detail/set_reflex__functions.h
[1.965s] -- Up-to-date symlink: /home/herring/rzddzy/ros2_ws/install/multi_mode_control_msgs/include/multi_mode_control_msgs/multi_mode_control_msgs/srv/detail/set_reflex__struct.h
[1.965s] -- Up-to-date symlink: /home/herring/rzddzy/ros2_ws/install/multi_mode_control_msgs/include/multi_mode_control_msgs/multi_mode_control_msgs/srv/detail/set_reflex__type_support.h
[1.965s] -- Up-to-date symlink: /home/herring/rzddzy/ros2_ws/install/multi_mode_control_msgs/include/multi_mode_control_msgs/multi_mode_control_msgs/srv/detail/set_thresholds__functions.h
[1.966s] -- Up-to-date symlink: /home/herring/rzddzy/ros2_ws/install/multi_mode_control_msgs/include/multi_mode_control_msgs/multi_mode_control_msgs/srv/detail/set_thresholds__struct.h
[1.966s] -- Up-to-date symlink: /home/herring/rzddzy/ros2_ws/install/multi_mode_control_msgs/include/multi_mode_control_msgs/multi_mode_control_msgs/srv/detail/set_thresholds__type_support.h
[1.966s] -- Up-to-date symlink: /home/herring/rzddzy/ros2_ws/install/multi_mode_control_msgs/include/multi_mode_control_msgs/multi_mode_control_msgs/srv/detail/set_world_state__functions.h
[1.966s] -- Up-to-date symlink: /home/herring/rzddzy/ros2_ws/install/multi_mode_control_msgs/include/multi_mode_control_msgs/multi_mode_control_msgs/srv/detail/set_world_state__struct.h
[1.966s] -- Up-to-date symlink: /home/herring/rzddzy/ros2_ws/install/multi_mode_control_msgs/include/multi_mode_control_msgs/multi_mode_control_msgs/srv/detail/set_world_state__type_support.h
[1.966s] -- Up-to-date symlink: /home/herring/rzddzy/ros2_ws/install/multi_mode_control_msgs/include/multi_mode_control_msgs/multi_mode_control_msgs/srv/get_controllers.h
[1.966s] -- Up-to-date symlink: /home/herring/rzddzy/ros2_ws/install/multi_mode_control_msgs/include/multi_mode_control_msgs/multi_mode_control_msgs/srv/get_robot_states.h
[1.966s] -- Up-to-date symlink: /home/herring/rzddzy/ros2_ws/install/multi_mode_control_msgs/include/multi_mode_control_msgs/multi_mode_control_msgs/srv/set_cartesian_impedance.h
[1.967s] -- Up-to-date symlink: /home/herring/rzddzy/ros2_ws/install/multi_mode_control_msgs/include/multi_mode_control_msgs/multi_mode_control_msgs/srv/set_controllers.h
[1.967s] -- Up-to-date symlink: /home/herring/rzddzy/ros2_ws/install/multi_mode_control_msgs/include/multi_mode_control_msgs/multi_mode_control_msgs/srv/set_joint_impedance.h
[1.967s] -- Up-to-date symlink: /home/herring/rzddzy/ros2_ws/install/multi_mode_control_msgs/include/multi_mode_control_msgs/multi_mode_control_msgs/srv/set_recovery_mode.h
[1.967s] -- Up-to-date symlink: /home/herring/rzddzy/ros2_ws/install/multi_mode_control_msgs/include/multi_mode_control_msgs/multi_mode_control_msgs/srv/set_reflex.h
[1.967s] -- Up-to-date symlink: /home/herring/rzddzy/ros2_ws/install/multi_mode_control_msgs/include/multi_mode_control_msgs/multi_mode_control_msgs/srv/set_thresholds.h
[1.967s] -- Up-to-date symlink: /home/herring/rzddzy/ros2_ws/install/multi_mode_control_msgs/include/multi_mode_control_msgs/multi_mode_control_msgs/srv/set_world_state.h
[1.967s] -- Up-to-date symlink: /home/herring/rzddzy/ros2_ws/install/multi_mode_control_msgs/share/multi_mode_control_msgs/environment/library_path.sh
[1.967s] -- Up-to-date symlink: /home/herring/rzddzy/ros2_ws/install/multi_mode_control_msgs/share/multi_mode_control_msgs/environment/library_path.dsv
[1.968s] -- Up-to-date symlink: /home/herring/rzddzy/ros2_ws/install/multi_mode_control_msgs/include/multi_mode_control_msgs/multi_mode_control_msgs/msg/detail/cartesian_impedance_goal__rosidl_typesupport_fastrtps_c.h
[1.969s] -- Up-to-date symlink: /home/herring/rzddzy/ros2_ws/install/multi_mode_control_msgs/include/multi_mode_control_msgs/multi_mode_control_msgs/msg/detail/contact_thresholds__rosidl_typesupport_fastrtps_c.h
[1.969s] -- Up-to-date symlink: /home/herring/rzddzy/ros2_ws/install/multi_mode_control_msgs/include/multi_mode_control_msgs/multi_mode_control_msgs/msg/detail/controller__rosidl_typesupport_fastrtps_c.h
[1.969s] -- Up-to-date symlink: /home/herring/rzddzy/ros2_ws/install/multi_mode_control_msgs/include/multi_mode_control_msgs/multi_mode_control_msgs/msg/detail/dual_cartesian_impedance_goal__rosidl_typesupport_fastrtps_c.h
[1.969s] -- Up-to-date symlink: /home/herring/rzddzy/ros2_ws/install/multi_mode_control_msgs/include/multi_mode_control_msgs/multi_mode_control_msgs/msg/detail/joint_array__rosidl_typesupport_fastrtps_c.h
[1.969s] -- Up-to-date symlink: /home/herring/rzddzy/ros2_ws/install/multi_mode_control_msgs/include/multi_mode_control_msgs/multi_mode_control_msgs/msg/detail/joint_goal__rosidl_typesupport_fastrtps_c.h
[1.969s] -- Up-to-date symlink: /home/herring/rzddzy/ros2_ws/install/multi_mode_control_msgs/include/multi_mode_control_msgs/multi_mode_control_msgs/msg/detail/velocity_goal__rosidl_typesupport_fastrtps_c.h
[1.969s] -- Up-to-date symlink: /home/herring/rzddzy/ros2_ws/install/multi_mode_control_msgs/include/multi_mode_control_msgs/multi_mode_control_msgs/msg/detail/wrench__rosidl_typesupport_fastrtps_c.h
[1.969s] -- Up-to-date symlink: /home/herring/rzddzy/ros2_ws/install/multi_mode_control_msgs/include/multi_mode_control_msgs/multi_mode_control_msgs/msg/rosidl_typesupport_fastrtps_c__visibility_control.h
[1.969s] -- Up-to-date symlink: /home/herring/rzddzy/ros2_ws/install/multi_mode_control_msgs/include/multi_mode_control_msgs/multi_mode_control_msgs/srv/detail/get_controllers__rosidl_typesupport_fastrtps_c.h
[1.970s] -- Up-to-date symlink: /home/herring/rzddzy/ros2_ws/install/multi_mode_control_msgs/include/multi_mode_control_msgs/multi_mode_control_msgs/srv/detail/get_robot_states__rosidl_typesupport_fastrtps_c.h
[1.970s] -- Up-to-date symlink: /home/herring/rzddzy/ros2_ws/install/multi_mode_control_msgs/include/multi_mode_control_msgs/multi_mode_control_msgs/srv/detail/set_cartesian_impedance__rosidl_typesupport_fastrtps_c.h
[1.970s] -- Up-to-date symlink: /home/herring/rzddzy/ros2_ws/install/multi_mode_control_msgs/include/multi_mode_control_msgs/multi_mode_control_msgs/srv/detail/set_controllers__rosidl_typesupport_fastrtps_c.h
[1.970s] -- Up-to-date symlink: /home/herring/rzddzy/ros2_ws/install/multi_mode_control_msgs/include/multi_mode_control_msgs/multi_mode_control_msgs/srv/detail/set_joint_impedance__rosidl_typesupport_fastrtps_c.h
[1.970s] -- Up-to-date symlink: /home/herring/rzddzy/ros2_ws/install/multi_mode_control_msgs/include/multi_mode_control_msgs/multi_mode_control_msgs/srv/detail/set_recovery_mode__rosidl_typesupport_fastrtps_c.h
[1.970s] -- Up-to-date symlink: /home/herring/rzddzy/ros2_ws/install/multi_mode_control_msgs/include/multi_mode_control_msgs/multi_mode_control_msgs/srv/detail/set_reflex__rosidl_typesupport_fastrtps_c.h
[1.970s] -- Up-to-date symlink: /home/herring/rzddzy/ros2_ws/install/multi_mode_control_msgs/include/multi_mode_control_msgs/multi_mode_control_msgs/srv/detail/set_thresholds__rosidl_typesupport_fastrtps_c.h
[1.970s] -- Up-to-date symlink: /home/herring/rzddzy/ros2_ws/install/multi_mode_control_msgs/include/multi_mode_control_msgs/multi_mode_control_msgs/srv/detail/set_world_state__rosidl_typesupport_fastrtps_c.h
[1.972s] -- Up-to-date symlink: /home/herring/rzddzy/ros2_ws/install/multi_mode_control_msgs/include/multi_mode_control_msgs/multi_mode_control_msgs/msg/cartesian_impedance_goal.hpp
[1.972s] -- Up-to-date symlink: /home/herring/rzddzy/ros2_ws/install/multi_mode_control_msgs/include/multi_mode_control_msgs/multi_mode_control_msgs/msg/contact_thresholds.hpp
[1.972s] -- Up-to-date symlink: /home/herring/rzddzy/ros2_ws/install/multi_mode_control_msgs/include/multi_mode_control_msgs/multi_mode_control_msgs/msg/controller.hpp
[1.972s] -- Up-to-date symlink: /home/herring/rzddzy/ros2_ws/install/multi_mode_control_msgs/include/multi_mode_control_msgs/multi_mode_control_msgs/msg/detail/cartesian_impedance_goal__builder.hpp
[1.972s] -- Up-to-date symlink: /home/herring/rzddzy/ros2_ws/install/multi_mode_control_msgs/include/multi_mode_control_msgs/multi_mode_control_msgs/msg/detail/cartesian_impedance_goal__struct.hpp
[1.972s] -- Up-to-date symlink: /home/herring/rzddzy/ros2_ws/install/multi_mode_control_msgs/include/multi_mode_control_msgs/multi_mode_control_msgs/msg/detail/cartesian_impedance_goal__traits.hpp
[1.972s] -- Up-to-date symlink: /home/herring/rzddzy/ros2_ws/install/multi_mode_control_msgs/include/multi_mode_control_msgs/multi_mode_control_msgs/msg/detail/cartesian_impedance_goal__type_support.hpp
[1.972s] -- Up-to-date symlink: /home/herring/rzddzy/ros2_ws/install/multi_mode_control_msgs/include/multi_mode_control_msgs/multi_mode_control_msgs/msg/detail/contact_thresholds__builder.hpp
[1.972s] -- Up-to-date symlink: /home/herring/rzddzy/ros2_ws/install/multi_mode_control_msgs/include/multi_mode_control_msgs/multi_mode_control_msgs/msg/detail/contact_thresholds__struct.hpp
[1.973s] -- Up-to-date symlink: /home/herring/rzddzy/ros2_ws/install/multi_mode_control_msgs/include/multi_mode_control_msgs/multi_mode_control_msgs/msg/detail/contact_thresholds__traits.hpp
[1.973s] -- Up-to-date symlink: /home/herring/rzddzy/ros2_ws/install/multi_mode_control_msgs/include/multi_mode_control_msgs/multi_mode_control_msgs/msg/detail/contact_thresholds__type_support.hpp
[1.973s] -- Up-to-date symlink: /home/herring/rzddzy/ros2_ws/install/multi_mode_control_msgs/include/multi_mode_control_msgs/multi_mode_control_msgs/msg/detail/controller__builder.hpp
[1.973s] -- Up-to-date symlink: /home/herring/rzddzy/ros2_ws/install/multi_mode_control_msgs/include/multi_mode_control_msgs/multi_mode_control_msgs/msg/detail/controller__struct.hpp
[1.973s] -- Up-to-date symlink: /home/herring/rzddzy/ros2_ws/install/multi_mode_control_msgs/include/multi_mode_control_msgs/multi_mode_control_msgs/msg/detail/controller__traits.hpp
[1.973s] -- Up-to-date symlink: /home/herring/rzddzy/ros2_ws/install/multi_mode_control_msgs/include/multi_mode_control_msgs/multi_mode_control_msgs/msg/detail/controller__type_support.hpp
[1.973s] -- Up-to-date symlink: /home/herring/rzddzy/ros2_ws/install/multi_mode_control_msgs/include/multi_mode_control_msgs/multi_mode_control_msgs/msg/detail/dual_cartesian_impedance_goal__builder.hpp
[1.973s] -- Up-to-date symlink: /home/herring/rzddzy/ros2_ws/install/multi_mode_control_msgs/include/multi_mode_control_msgs/multi_mode_control_msgs/msg/detail/dual_cartesian_impedance_goal__struct.hpp
[1.973s] -- Up-to-date symlink: /home/herring/rzddzy/ros2_ws/install/multi_mode_control_msgs/include/multi_mode_control_msgs/multi_mode_control_msgs/msg/detail/dual_cartesian_impedance_goal__traits.hpp
[1.974s] -- Up-to-date symlink: /home/herring/rzddzy/ros2_ws/install/multi_mode_control_msgs/include/multi_mode_control_msgs/multi_mode_control_msgs/msg/detail/dual_cartesian_impedance_goal__type_support.hpp
[1.974s] -- Up-to-date symlink: /home/herring/rzddzy/ros2_ws/install/multi_mode_control_msgs/include/multi_mode_control_msgs/multi_mode_control_msgs/msg/detail/joint_array__builder.hpp
[1.974s] -- Up-to-date symlink: /home/herring/rzddzy/ros2_ws/install/multi_mode_control_msgs/include/multi_mode_control_msgs/multi_mode_control_msgs/msg/detail/joint_array__struct.hpp
[1.974s] -- Up-to-date symlink: /home/herring/rzddzy/ros2_ws/install/multi_mode_control_msgs/include/multi_mode_control_msgs/multi_mode_control_msgs/msg/detail/joint_array__traits.hpp
[1.974s] -- Up-to-date symlink: /home/herring/rzddzy/ros2_ws/install/multi_mode_control_msgs/include/multi_mode_control_msgs/multi_mode_control_msgs/msg/detail/joint_array__type_support.hpp
[1.974s] -- Up-to-date symlink: /home/herring/rzddzy/ros2_ws/install/multi_mode_control_msgs/include/multi_mode_control_msgs/multi_mode_control_msgs/msg/detail/joint_goal__builder.hpp
[1.975s] -- Up-to-date symlink: /home/herring/rzddzy/ros2_ws/install/multi_mode_control_msgs/include/multi_mode_control_msgs/multi_mode_control_msgs/msg/detail/joint_goal__struct.hpp
[1.975s] -- Up-to-date symlink: /home/herring/rzddzy/ros2_ws/install/multi_mode_control_msgs/include/multi_mode_control_msgs/multi_mode_control_msgs/msg/detail/joint_goal__traits.hpp
[1.975s] -- Up-to-date symlink: /home/herring/rzddzy/ros2_ws/install/multi_mode_control_msgs/include/multi_mode_control_msgs/multi_mode_control_msgs/msg/detail/joint_goal__type_support.hpp
[1.975s] -- Up-to-date symlink: /home/herring/rzddzy/ros2_ws/install/multi_mode_control_msgs/include/multi_mode_control_msgs/multi_mode_control_msgs/msg/detail/velocity_goal__builder.hpp
[1.975s] -- Up-to-date symlink: /home/herring/rzddzy/ros2_ws/install/multi_mode_control_msgs/include/multi_mode_control_msgs/multi_mode_control_msgs/msg/detail/velocity_goal__struct.hpp
[1.975s] -- Up-to-date symlink: /home/herring/rzddzy/ros2_ws/install/multi_mode_control_msgs/include/multi_mode_control_msgs/multi_mode_control_msgs/msg/detail/velocity_goal__traits.hpp
[1.975s] -- Up-to-date symlink: /home/herring/rzddzy/ros2_ws/install/multi_mode_control_msgs/include/multi_mode_control_msgs/multi_mode_control_msgs/msg/detail/velocity_goal__type_support.hpp
[1.975s] -- Up-to-date symlink: /home/herring/rzddzy/ros2_ws/install/multi_mode_control_msgs/include/multi_mode_control_msgs/multi_mode_control_msgs/msg/detail/wrench__builder.hpp
[1.975s] -- Up-to-date symlink: /home/herring/rzddzy/ros2_ws/install/multi_mode_control_msgs/include/multi_mode_control_msgs/multi_mode_control_msgs/msg/detail/wrench__struct.hpp
[1.975s] -- Up-to-date symlink: /home/herring/rzddzy/ros2_ws/install/multi_mode_control_msgs/include/multi_mode_control_msgs/multi_mode_control_msgs/msg/detail/wrench__traits.hpp
[1.976s] -- Up-to-date symlink: /home/herring/rzddzy/ros2_ws/install/multi_mode_control_msgs/include/multi_mode_control_msgs/multi_mode_control_msgs/msg/detail/wrench__type_support.hpp
[1.976s] -- Up-to-date symlink: /home/herring/rzddzy/ros2_ws/install/multi_mode_control_msgs/include/multi_mode_control_msgs/multi_mode_control_msgs/msg/dual_cartesian_impedance_goal.hpp
[1.976s] -- Up-to-date symlink: /home/herring/rzddzy/ros2_ws/install/multi_mode_control_msgs/include/multi_mode_control_msgs/multi_mode_control_msgs/msg/joint_array.hpp
[1.976s] -- Up-to-date symlink: /home/herring/rzddzy/ros2_ws/install/multi_mode_control_msgs/include/multi_mode_control_msgs/multi_mode_control_msgs/msg/joint_goal.hpp
[1.976s] -- Up-to-date symlink: /home/herring/rzddzy/ros2_ws/install/multi_mode_control_msgs/include/multi_mode_control_msgs/multi_mode_control_msgs/msg/rosidl_generator_cpp__visibility_control.hpp
[1.976s] -- Up-to-date symlink: /home/herring/rzddzy/ros2_ws/install/multi_mode_control_msgs/include/multi_mode_control_msgs/multi_mode_control_msgs/msg/velocity_goal.hpp
[1.976s] -- Up-to-date symlink: /home/herring/rzddzy/ros2_ws/install/multi_mode_control_msgs/include/multi_mode_control_msgs/multi_mode_control_msgs/msg/wrench.hpp
[1.976s] -- Up-to-date symlink: /home/herring/rzddzy/ros2_ws/install/multi_mode_control_msgs/include/multi_mode_control_msgs/multi_mode_control_msgs/srv/detail/get_controllers__builder.hpp
[1.976s] -- Up-to-date symlink: /home/herring/rzddzy/ros2_ws/install/multi_mode_control_msgs/include/multi_mode_control_msgs/multi_mode_control_msgs/srv/detail/get_controllers__struct.hpp
[1.977s] -- Up-to-date symlink: /home/herring/rzddzy/ros2_ws/install/multi_mode_control_msgs/include/multi_mode_control_msgs/multi_mode_control_msgs/srv/detail/get_controllers__traits.hpp
[1.977s] -- Up-to-date symlink: /home/herring/rzddzy/ros2_ws/install/multi_mode_control_msgs/include/multi_mode_control_msgs/multi_mode_control_msgs/srv/detail/get_controllers__type_support.hpp
[1.977s] -- Up-to-date symlink: /home/herring/rzddzy/ros2_ws/install/multi_mode_control_msgs/include/multi_mode_control_msgs/multi_mode_control_msgs/srv/detail/get_robot_states__builder.hpp
[1.977s] -- Up-to-date symlink: /home/herring/rzddzy/ros2_ws/install/multi_mode_control_msgs/include/multi_mode_control_msgs/multi_mode_control_msgs/srv/detail/get_robot_states__struct.hpp
[1.977s] -- Up-to-date symlink: /home/herring/rzddzy/ros2_ws/install/multi_mode_control_msgs/include/multi_mode_control_msgs/multi_mode_control_msgs/srv/detail/get_robot_states__traits.hpp
[1.977s] -- Up-to-date symlink: /home/herring/rzddzy/ros2_ws/install/multi_mode_control_msgs/include/multi_mode_control_msgs/multi_mode_control_msgs/srv/detail/get_robot_states__type_support.hpp
[1.977s] -- Up-to-date symlink: /home/herring/rzddzy/ros2_ws/install/multi_mode_control_msgs/include/multi_mode_control_msgs/multi_mode_control_msgs/srv/detail/set_cartesian_impedance__builder.hpp
[1.977s] -- Up-to-date symlink: /home/herring/rzddzy/ros2_ws/install/multi_mode_control_msgs/include/multi_mode_control_msgs/multi_mode_control_msgs/srv/detail/set_cartesian_impedance__struct.hpp
[1.977s] -- Up-to-date symlink: /home/herring/rzddzy/ros2_ws/install/multi_mode_control_msgs/include/multi_mode_control_msgs/multi_mode_control_msgs/srv/detail/set_cartesian_impedance__traits.hpp
[1.978s] -- Up-to-date symlink: /home/herring/rzddzy/ros2_ws/install/multi_mode_control_msgs/include/multi_mode_control_msgs/multi_mode_control_msgs/srv/detail/set_cartesian_impedance__type_support.hpp
[1.978s] -- Up-to-date symlink: /home/herring/rzddzy/ros2_ws/install/multi_mode_control_msgs/include/multi_mode_control_msgs/multi_mode_control_msgs/srv/detail/set_controllers__builder.hpp
[1.978s] -- Up-to-date symlink: /home/herring/rzddzy/ros2_ws/install/multi_mode_control_msgs/include/multi_mode_control_msgs/multi_mode_control_msgs/srv/detail/set_controllers__struct.hpp
[1.978s] -- Up-to-date symlink: /home/herring/rzddzy/ros2_ws/install/multi_mode_control_msgs/include/multi_mode_control_msgs/multi_mode_control_msgs/srv/detail/set_controllers__traits.hpp
[1.978s] -- Up-to-date symlink: /home/herring/rzddzy/ros2_ws/install/multi_mode_control_msgs/include/multi_mode_control_msgs/multi_mode_control_msgs/srv/detail/set_controllers__type_support.hpp
[1.978s] -- Up-to-date symlink: /home/herring/rzddzy/ros2_ws/install/multi_mode_control_msgs/include/multi_mode_control_msgs/multi_mode_control_msgs/srv/detail/set_joint_impedance__builder.hpp
[1.978s] -- Up-to-date symlink: /home/herring/rzddzy/ros2_ws/install/multi_mode_control_msgs/include/multi_mode_control_msgs/multi_mode_control_msgs/srv/detail/set_joint_impedance__struct.hpp
[1.978s] -- Up-to-date symlink: /home/herring/rzddzy/ros2_ws/install/multi_mode_control_msgs/include/multi_mode_control_msgs/multi_mode_control_msgs/srv/detail/set_joint_impedance__traits.hpp
[1.978s] -- Up-to-date symlink: /home/herring/rzddzy/ros2_ws/install/multi_mode_control_msgs/include/multi_mode_control_msgs/multi_mode_control_msgs/srv/detail/set_joint_impedance__type_support.hpp
[1.979s] -- Up-to-date symlink: /home/herring/rzddzy/ros2_ws/install/multi_mode_control_msgs/include/multi_mode_control_msgs/multi_mode_control_msgs/srv/detail/set_recovery_mode__builder.hpp
[1.979s] -- Up-to-date symlink: /home/herring/rzddzy/ros2_ws/install/multi_mode_control_msgs/include/multi_mode_control_msgs/multi_mode_control_msgs/srv/detail/set_recovery_mode__struct.hpp
[1.979s] -- Up-to-date symlink: /home/herring/rzddzy/ros2_ws/install/multi_mode_control_msgs/include/multi_mode_control_msgs/multi_mode_control_msgs/srv/detail/set_recovery_mode__traits.hpp
[1.979s] -- Up-to-date symlink: /home/herring/rzddzy/ros2_ws/install/multi_mode_control_msgs/include/multi_mode_control_msgs/multi_mode_control_msgs/srv/detail/set_recovery_mode__type_support.hpp
[1.979s] -- Up-to-date symlink: /home/herring/rzddzy/ros2_ws/install/multi_mode_control_msgs/include/multi_mode_control_msgs/multi_mode_control_msgs/srv/detail/set_reflex__builder.hpp
[1.979s] -- Up-to-date symlink: /home/herring/rzddzy/ros2_ws/install/multi_mode_control_msgs/include/multi_mode_control_msgs/multi_mode_control_msgs/srv/detail/set_reflex__struct.hpp
[1.979s] -- Up-to-date symlink: /home/herring/rzddzy/ros2_ws/install/multi_mode_control_msgs/include/multi_mode_control_msgs/multi_mode_control_msgs/srv/detail/set_reflex__traits.hpp
[1.979s] -- Up-to-date symlink: /home/herring/rzddzy/ros2_ws/install/multi_mode_control_msgs/include/multi_mode_control_msgs/multi_mode_control_msgs/srv/detail/set_reflex__type_support.hpp
[1.980s] -- Up-to-date symlink: /home/herring/rzddzy/ros2_ws/install/multi_mode_control_msgs/include/multi_mode_control_msgs/multi_mode_control_msgs/srv/detail/set_thresholds__builder.hpp
[1.980s] -- Up-to-date symlink: /home/herring/rzddzy/ros2_ws/install/multi_mode_control_msgs/include/multi_mode_control_msgs/multi_mode_control_msgs/srv/detail/set_thresholds__struct.hpp
[1.980s] -- Up-to-date symlink: /home/herring/rzddzy/ros2_ws/install/multi_mode_control_msgs/include/multi_mode_control_msgs/multi_mode_control_msgs/srv/detail/set_thresholds__traits.hpp
[1.980s] -- Up-to-date symlink: /home/herring/rzddzy/ros2_ws/install/multi_mode_control_msgs/include/multi_mode_control_msgs/multi_mode_control_msgs/srv/detail/set_thresholds__type_support.hpp
[1.980s] -- Up-to-date symlink: /home/herring/rzddzy/ros2_ws/install/multi_mode_control_msgs/include/multi_mode_control_msgs/multi_mode_control_msgs/srv/detail/set_world_state__builder.hpp
[1.980s] -- Up-to-date symlink: /home/herring/rzddzy/ros2_ws/install/multi_mode_control_msgs/include/multi_mode_control_msgs/multi_mode_control_msgs/srv/detail/set_world_state__struct.hpp
[1.980s] -- Up-to-date symlink: /home/herring/rzddzy/ros2_ws/install/multi_mode_control_msgs/include/multi_mode_control_msgs/multi_mode_control_msgs/srv/detail/set_world_state__traits.hpp
[1.980s] -- Up-to-date symlink: /home/herring/rzddzy/ros2_ws/install/multi_mode_control_msgs/include/multi_mode_control_msgs/multi_mode_control_msgs/srv/detail/set_world_state__type_support.hpp
[1.981s] -- Up-to-date symlink: /home/herring/rzddzy/ros2_ws/install/multi_mode_control_msgs/include/multi_mode_control_msgs/multi_mode_control_msgs/srv/get_controllers.hpp
[1.981s] -- Up-to-date symlink: /home/herring/rzddzy/ros2_ws/install/multi_mode_control_msgs/include/multi_mode_control_msgs/multi_mode_control_msgs/srv/get_robot_states.hpp
[1.981s] -- Up-to-date symlink: /home/herring/rzddzy/ros2_ws/install/multi_mode_control_msgs/include/multi_mode_control_msgs/multi_mode_control_msgs/srv/set_cartesian_impedance.hpp
[1.981s] -- Up-to-date symlink: /home/herring/rzddzy/ros2_ws/install/multi_mode_control_msgs/include/multi_mode_control_msgs/multi_mode_control_msgs/srv/set_controllers.hpp
[1.981s] -- Up-to-date symlink: /home/herring/rzddzy/ros2_ws/install/multi_mode_control_msgs/include/multi_mode_control_msgs/multi_mode_control_msgs/srv/set_joint_impedance.hpp
[1.981s] -- Up-to-date symlink: /home/herring/rzddzy/ros2_ws/install/multi_mode_control_msgs/include/multi_mode_control_msgs/multi_mode_control_msgs/srv/set_recovery_mode.hpp
[1.981s] -- Up-to-date symlink: /home/herring/rzddzy/ros2_ws/install/multi_mode_control_msgs/include/multi_mode_control_msgs/multi_mode_control_msgs/srv/set_reflex.hpp
[1.981s] -- Up-to-date symlink: /home/herring/rzddzy/ros2_ws/install/multi_mode_control_msgs/include/multi_mode_control_msgs/multi_mode_control_msgs/srv/set_thresholds.hpp
[1.981s] -- Up-to-date symlink: /home/herring/rzddzy/ros2_ws/install/multi_mode_control_msgs/include/multi_mode_control_msgs/multi_mode_control_msgs/srv/set_world_state.hpp
[1.983s] -- Up-to-date symlink: /home/herring/rzddzy/ros2_ws/install/multi_mode_control_msgs/include/multi_mode_control_msgs/multi_mode_control_msgs/msg/detail/cartesian_impedance_goal__rosidl_typesupport_fastrtps_cpp.hpp
[1.983s] -- Up-to-date symlink: /home/herring/rzddzy/ros2_ws/install/multi_mode_control_msgs/include/multi_mode_control_msgs/multi_mode_control_msgs/msg/detail/contact_thresholds__rosidl_typesupport_fastrtps_cpp.hpp
[1.983s] -- Up-to-date symlink: /home/herring/rzddzy/ros2_ws/install/multi_mode_control_msgs/include/multi_mode_control_msgs/multi_mode_control_msgs/msg/detail/controller__rosidl_typesupport_fastrtps_cpp.hpp
[1.983s] -- Up-to-date symlink: /home/herring/rzddzy/ros2_ws/install/multi_mode_control_msgs/include/multi_mode_control_msgs/multi_mode_control_msgs/msg/detail/dual_cartesian_impedance_goal__rosidl_typesupport_fastrtps_cpp.hpp
[1.983s] -- Up-to-date symlink: /home/herring/rzddzy/ros2_ws/install/multi_mode_control_msgs/include/multi_mode_control_msgs/multi_mode_control_msgs/msg/detail/joint_array__rosidl_typesupport_fastrtps_cpp.hpp
[1.983s] -- Up-to-date symlink: /home/herring/rzddzy/ros2_ws/install/multi_mode_control_msgs/include/multi_mode_control_msgs/multi_mode_control_msgs/msg/detail/joint_goal__rosidl_typesupport_fastrtps_cpp.hpp
[1.983s] -- Up-to-date symlink: /home/herring/rzddzy/ros2_ws/install/multi_mode_control_msgs/include/multi_mode_control_msgs/multi_mode_control_msgs/msg/detail/velocity_goal__rosidl_typesupport_fastrtps_cpp.hpp
[1.983s] -- Up-to-date symlink: /home/herring/rzddzy/ros2_ws/install/multi_mode_control_msgs/include/multi_mode_control_msgs/multi_mode_control_msgs/msg/detail/wrench__rosidl_typesupport_fastrtps_cpp.hpp
[1.984s] -- Up-to-date symlink: /home/herring/rzddzy/ros2_ws/install/multi_mode_control_msgs/include/multi_mode_control_msgs/multi_mode_control_msgs/msg/rosidl_typesupport_fastrtps_cpp__visibility_control.h
[1.984s] -- Up-to-date symlink: /home/herring/rzddzy/ros2_ws/install/multi_mode_control_msgs/include/multi_mode_control_msgs/multi_mode_control_msgs/srv/detail/get_controllers__rosidl_typesupport_fastrtps_cpp.hpp
[1.984s] -- Up-to-date symlink: /home/herring/rzddzy/ros2_ws/install/multi_mode_control_msgs/include/multi_mode_control_msgs/multi_mode_control_msgs/srv/detail/get_robot_states__rosidl_typesupport_fastrtps_cpp.hpp
[1.984s] -- Up-to-date symlink: /home/herring/rzddzy/ros2_ws/install/multi_mode_control_msgs/include/multi_mode_control_msgs/multi_mode_control_msgs/srv/detail/set_cartesian_impedance__rosidl_typesupport_fastrtps_cpp.hpp
[1.984s] -- Up-to-date symlink: /home/herring/rzddzy/ros2_ws/install/multi_mode_control_msgs/include/multi_mode_control_msgs/multi_mode_control_msgs/srv/detail/set_controllers__rosidl_typesupport_fastrtps_cpp.hpp
[1.984s] -- Up-to-date symlink: /home/herring/rzddzy/ros2_ws/install/multi_mode_control_msgs/include/multi_mode_control_msgs/multi_mode_control_msgs/srv/detail/set_joint_impedance__rosidl_typesupport_fastrtps_cpp.hpp
[1.984s] -- Up-to-date symlink: /home/herring/rzddzy/ros2_ws/install/multi_mode_control_msgs/include/multi_mode_control_msgs/multi_mode_control_msgs/srv/detail/set_recovery_mode__rosidl_typesupport_fastrtps_cpp.hpp
[1.984s] -- Up-to-date symlink: /home/herring/rzddzy/ros2_ws/install/multi_mode_control_msgs/include/multi_mode_control_msgs/multi_mode_control_msgs/srv/detail/set_reflex__rosidl_typesupport_fastrtps_cpp.hpp
[1.985s] -- Up-to-date symlink: /home/herring/rzddzy/ros2_ws/install/multi_mode_control_msgs/include/multi_mode_control_msgs/multi_mode_control_msgs/srv/detail/set_thresholds__rosidl_typesupport_fastrtps_cpp.hpp
[1.985s] -- Up-to-date symlink: /home/herring/rzddzy/ros2_ws/install/multi_mode_control_msgs/include/multi_mode_control_msgs/multi_mode_control_msgs/srv/detail/set_world_state__rosidl_typesupport_fastrtps_cpp.hpp
[1.985s] -- Up-to-date symlink: /home/herring/rzddzy/ros2_ws/install/multi_mode_control_msgs/include/multi_mode_control_msgs/multi_mode_control_msgs/msg/detail/cartesian_impedance_goal__rosidl_typesupport_introspection_c.h
[1.985s] -- Up-to-date symlink: /home/herring/rzddzy/ros2_ws/install/multi_mode_control_msgs/include/multi_mode_control_msgs/multi_mode_control_msgs/msg/detail/contact_thresholds__rosidl_typesupport_introspection_c.h
[1.986s] -- Up-to-date symlink: /home/herring/rzddzy/ros2_ws/install/multi_mode_control_msgs/include/multi_mode_control_msgs/multi_mode_control_msgs/msg/detail/controller__rosidl_typesupport_introspection_c.h
[1.986s] -- Up-to-date symlink: /home/herring/rzddzy/ros2_ws/install/multi_mode_control_msgs/include/multi_mode_control_msgs/multi_mode_control_msgs/msg/detail/dual_cartesian_impedance_goal__rosidl_typesupport_introspection_c.h
[1.986s] -- Up-to-date symlink: /home/herring/rzddzy/ros2_ws/install/multi_mode_control_msgs/include/multi_mode_control_msgs/multi_mode_control_msgs/msg/detail/joint_array__rosidl_typesupport_introspection_c.h
[1.986s] -- Up-to-date symlink: /home/herring/rzddzy/ros2_ws/install/multi_mode_control_msgs/include/multi_mode_control_msgs/multi_mode_control_msgs/msg/detail/joint_goal__rosidl_typesupport_introspection_c.h
[1.986s] -- Up-to-date symlink: /home/herring/rzddzy/ros2_ws/install/multi_mode_control_msgs/include/multi_mode_control_msgs/multi_mode_control_msgs/msg/detail/velocity_goal__rosidl_typesupport_introspection_c.h
[1.986s] -- Up-to-date symlink: /home/herring/rzddzy/ros2_ws/install/multi_mode_control_msgs/include/multi_mode_control_msgs/multi_mode_control_msgs/msg/detail/wrench__rosidl_typesupport_introspection_c.h
[1.986s] -- Up-to-date symlink: /home/herring/rzddzy/ros2_ws/install/multi_mode_control_msgs/include/multi_mode_control_msgs/multi_mode_control_msgs/msg/rosidl_typesupport_introspection_c__visibility_control.h
[1.986s] -- Up-to-date symlink: /home/herring/rzddzy/ros2_ws/install/multi_mode_control_msgs/include/multi_mode_control_msgs/multi_mode_control_msgs/srv/detail/get_controllers__rosidl_typesupport_introspection_c.h
[1.986s] -- Up-to-date symlink: /home/herring/rzddzy/ros2_ws/install/multi_mode_control_msgs/include/multi_mode_control_msgs/multi_mode_control_msgs/srv/detail/get_robot_states__rosidl_typesupport_introspection_c.h
[1.987s] -- Up-to-date symlink: /home/herring/rzddzy/ros2_ws/install/multi_mode_control_msgs/include/multi_mode_control_msgs/multi_mode_control_msgs/srv/detail/set_cartesian_impedance__rosidl_typesupport_introspection_c.h
[1.987s] -- Up-to-date symlink: /home/herring/rzddzy/ros2_ws/install/multi_mode_control_msgs/include/multi_mode_control_msgs/multi_mode_control_msgs/srv/detail/set_controllers__rosidl_typesupport_introspection_c.h
[1.987s] -- Up-to-date symlink: /home/herring/rzddzy/ros2_ws/install/multi_mode_control_msgs/include/multi_mode_control_msgs/multi_mode_control_msgs/srv/detail/set_joint_impedance__rosidl_typesupport_introspection_c.h
[1.987s] -- Up-to-date symlink: /home/herring/rzddzy/ros2_ws/install/multi_mode_control_msgs/include/multi_mode_control_msgs/multi_mode_control_msgs/srv/detail/set_recovery_mode__rosidl_typesupport_introspection_c.h
[1.987s] -- Up-to-date symlink: /home/herring/rzddzy/ros2_ws/install/multi_mode_control_msgs/include/multi_mode_control_msgs/multi_mode_control_msgs/srv/detail/set_reflex__rosidl_typesupport_introspection_c.h
[1.987s] -- Up-to-date symlink: /home/herring/rzddzy/ros2_ws/install/multi_mode_control_msgs/include/multi_mode_control_msgs/multi_mode_control_msgs/srv/detail/set_thresholds__rosidl_typesupport_introspection_c.h
[1.987s] -- Up-to-date symlink: /home/herring/rzddzy/ros2_ws/install/multi_mode_control_msgs/include/multi_mode_control_msgs/multi_mode_control_msgs/srv/detail/set_world_state__rosidl_typesupport_introspection_c.h
[1.988s] -- Up-to-date symlink: /home/herring/rzddzy/ros2_ws/install/multi_mode_control_msgs/include/multi_mode_control_msgs/multi_mode_control_msgs/msg/detail/cartesian_impedance_goal__rosidl_typesupport_introspection_cpp.hpp
[1.988s] -- Up-to-date symlink: /home/herring/rzddzy/ros2_ws/install/multi_mode_control_msgs/include/multi_mode_control_msgs/multi_mode_control_msgs/msg/detail/contact_thresholds__rosidl_typesupport_introspection_cpp.hpp
[1.988s] -- Up-to-date symlink: /home/herring/rzddzy/ros2_ws/install/multi_mode_control_msgs/include/multi_mode_control_msgs/multi_mode_control_msgs/msg/detail/controller__rosidl_typesupport_introspection_cpp.hpp
[1.988s] -- Up-to-date symlink: /home/herring/rzddzy/ros2_ws/install/multi_mode_control_msgs/include/multi_mode_control_msgs/multi_mode_control_msgs/msg/detail/dual_cartesian_impedance_goal__rosidl_typesupport_introspection_cpp.hpp
[1.988s] -- Up-to-date symlink: /home/herring/rzddzy/ros2_ws/install/multi_mode_control_msgs/include/multi_mode_control_msgs/multi_mode_control_msgs/msg/detail/joint_array__rosidl_typesupport_introspection_cpp.hpp
[1.988s] -- Up-to-date symlink: /home/herring/rzddzy/ros2_ws/install/multi_mode_control_msgs/include/multi_mode_control_msgs/multi_mode_control_msgs/msg/detail/joint_goal__rosidl_typesupport_introspection_cpp.hpp
[1.989s] -- Up-to-date symlink: /home/herring/rzddzy/ros2_ws/install/multi_mode_control_msgs/include/multi_mode_control_msgs/multi_mode_control_msgs/msg/detail/velocity_goal__rosidl_typesupport_introspection_cpp.hpp
[1.989s] -- Up-to-date symlink: /home/herring/rzddzy/ros2_ws/install/multi_mode_control_msgs/include/multi_mode_control_msgs/multi_mode_control_msgs/msg/detail/wrench__rosidl_typesupport_introspection_cpp.hpp
[1.989s] -- Up-to-date symlink: /home/herring/rzddzy/ros2_ws/install/multi_mode_control_msgs/include/multi_mode_control_msgs/multi_mode_control_msgs/srv/detail/get_controllers__rosidl_typesupport_introspection_cpp.hpp
[1.989s] -- Up-to-date symlink: /home/herring/rzddzy/ros2_ws/install/multi_mode_control_msgs/include/multi_mode_control_msgs/multi_mode_control_msgs/srv/detail/get_robot_states__rosidl_typesupport_introspection_cpp.hpp
[1.989s] -- Up-to-date symlink: /home/herring/rzddzy/ros2_ws/install/multi_mode_control_msgs/include/multi_mode_control_msgs/multi_mode_control_msgs/srv/detail/set_cartesian_impedance__rosidl_typesupport_introspection_cpp.hpp
[1.989s] -- Up-to-date symlink: /home/herring/rzddzy/ros2_ws/install/multi_mode_control_msgs/include/multi_mode_control_msgs/multi_mode_control_msgs/srv/detail/set_controllers__rosidl_typesupport_introspection_cpp.hpp
[1.989s] -- Up-to-date symlink: /home/herring/rzddzy/ros2_ws/install/multi_mode_control_msgs/include/multi_mode_control_msgs/multi_mode_control_msgs/srv/detail/set_joint_impedance__rosidl_typesupport_introspection_cpp.hpp
[1.989s] -- Up-to-date symlink: /home/herring/rzddzy/ros2_ws/install/multi_mode_control_msgs/include/multi_mode_control_msgs/multi_mode_control_msgs/srv/detail/set_recovery_mode__rosidl_typesupport_introspection_cpp.hpp
[1.990s] -- Up-to-date symlink: /home/herring/rzddzy/ros2_ws/install/multi_mode_control_msgs/include/multi_mode_control_msgs/multi_mode_control_msgs/srv/detail/set_reflex__rosidl_typesupport_introspection_cpp.hpp
[1.990s] -- Up-to-date symlink: /home/herring/rzddzy/ros2_ws/install/multi_mode_control_msgs/include/multi_mode_control_msgs/multi_mode_control_msgs/srv/detail/set_thresholds__rosidl_typesupport_introspection_cpp.hpp
[1.990s] -- Up-to-date symlink: /home/herring/rzddzy/ros2_ws/install/multi_mode_control_msgs/include/multi_mode_control_msgs/multi_mode_control_msgs/srv/detail/set_world_state__rosidl_typesupport_introspection_cpp.hpp
[1.990s] -- Up-to-date symlink: /home/herring/rzddzy/ros2_ws/install/multi_mode_control_msgs/share/multi_mode_control_msgs/environment/pythonpath.sh
[1.990s] -- Up-to-date symlink: /home/herring/rzddzy/ros2_ws/install/multi_mode_control_msgs/share/multi_mode_control_msgs/environment/pythonpath.dsv
[1.991s] -- Up-to-date symlink: /home/herring/rzddzy/ros2_ws/install/multi_mode_control_msgs/lib/python3.12/site-packages/multi_mode_control_msgs-0.0.0-py3.12.egg-info/PKG-INFO
[1.991s] -- Up-to-date symlink: /home/herring/rzddzy/ros2_ws/install/multi_mode_control_msgs/lib/python3.12/site-packages/multi_mode_control_msgs-0.0.0-py3.12.egg-info/SOURCES.txt
[1.991s] -- Up-to-date symlink: /home/herring/rzddzy/ros2_ws/install/multi_mode_control_msgs/lib/python3.12/site-packages/multi_mode_control_msgs-0.0.0-py3.12.egg-info/dependency_links.txt
[1.991s] -- Up-to-date symlink: /home/herring/rzddzy/ros2_ws/install/multi_mode_control_msgs/lib/python3.12/site-packages/multi_mode_control_msgs-0.0.0-py3.12.egg-info/top_level.txt
[1.992s] -- Up-to-date symlink: /home/herring/rzddzy/ros2_ws/install/multi_mode_control_msgs/lib/python3.12/site-packages/multi_mode_control_msgs/__init__.py
[1.992s] -- Up-to-date symlink: /home/herring/rzddzy/ros2_ws/install/multi_mode_control_msgs/lib/python3.12/site-packages/multi_mode_control_msgs/_multi_mode_control_msgs_s.ep.rosidl_typesupport_c.c
[1.992s] -- Up-to-date symlink: /home/herring/rzddzy/ros2_ws/install/multi_mode_control_msgs/lib/python3.12/site-packages/multi_mode_control_msgs/_multi_mode_control_msgs_s.ep.rosidl_typesupport_fastrtps_c.c
[1.993s] -- Up-to-date symlink: /home/herring/rzddzy/ros2_ws/install/multi_mode_control_msgs/lib/python3.12/site-packages/multi_mode_control_msgs/_multi_mode_control_msgs_s.ep.rosidl_typesupport_introspection_c.c
[1.993s] -- Up-to-date symlink: /home/herring/rzddzy/ros2_ws/install/multi_mode_control_msgs/lib/python3.12/site-packages/multi_mode_control_msgs/msg/__init__.py
[1.993s] -- Up-to-date symlink: /home/herring/rzddzy/ros2_ws/install/multi_mode_control_msgs/lib/python3.12/site-packages/multi_mode_control_msgs/msg/_cartesian_impedance_goal.py
[1.993s] -- Up-to-date symlink: /home/herring/rzddzy/ros2_ws/install/multi_mode_control_msgs/lib/python3.12/site-packages/multi_mode_control_msgs/msg/_cartesian_impedance_goal_s.c
[1.993s] -- Up-to-date symlink: /home/herring/rzddzy/ros2_ws/install/multi_mode_control_msgs/lib/python3.12/site-packages/multi_mode_control_msgs/msg/_contact_thresholds.py
[1.993s] -- Up-to-date symlink: /home/herring/rzddzy/ros2_ws/install/multi_mode_control_msgs/lib/python3.12/site-packages/multi_mode_control_msgs/msg/_contact_thresholds_s.c
[1.993s] -- Up-to-date symlink: /home/herring/rzddzy/ros2_ws/install/multi_mode_control_msgs/lib/python3.12/site-packages/multi_mode_control_msgs/msg/_controller.py
[1.993s] -- Up-to-date symlink: /home/herring/rzddzy/ros2_ws/install/multi_mode_control_msgs/lib/python3.12/site-packages/multi_mode_control_msgs/msg/_controller_s.c
[1.993s] -- Up-to-date symlink: /home/herring/rzddzy/ros2_ws/install/multi_mode_control_msgs/lib/python3.12/site-packages/multi_mode_control_msgs/msg/_dual_cartesian_impedance_goal.py
[1.994s] -- Up-to-date symlink: /home/herring/rzddzy/ros2_ws/install/multi_mode_control_msgs/lib/python3.12/site-packages/multi_mode_control_msgs/msg/_dual_cartesian_impedance_goal_s.c
[1.994s] -- Up-to-date symlink: /home/herring/rzddzy/ros2_ws/install/multi_mode_control_msgs/lib/python3.12/site-packages/multi_mode_control_msgs/msg/_joint_array.py
[1.994s] -- Up-to-date symlink: /home/herring/rzddzy/ros2_ws/install/multi_mode_control_msgs/lib/python3.12/site-packages/multi_mode_control_msgs/msg/_joint_array_s.c
[1.994s] -- Up-to-date symlink: /home/herring/rzddzy/ros2_ws/install/multi_mode_control_msgs/lib/python3.12/site-packages/multi_mode_control_msgs/msg/_joint_goal.py
[1.994s] -- Up-to-date symlink: /home/herring/rzddzy/ros2_ws/install/multi_mode_control_msgs/lib/python3.12/site-packages/multi_mode_control_msgs/msg/_joint_goal_s.c
[1.994s] -- Up-to-date symlink: /home/herring/rzddzy/ros2_ws/install/multi_mode_control_msgs/lib/python3.12/site-packages/multi_mode_control_msgs/msg/_velocity_goal.py
[1.994s] -- Up-to-date symlink: /home/herring/rzddzy/ros2_ws/install/multi_mode_control_msgs/lib/python3.12/site-packages/multi_mode_control_msgs/msg/_velocity_goal_s.c
[1.994s] -- Up-to-date symlink: /home/herring/rzddzy/ros2_ws/install/multi_mode_control_msgs/lib/python3.12/site-packages/multi_mode_control_msgs/msg/_wrench.py
[1.995s] -- Up-to-date symlink: /home/herring/rzddzy/ros2_ws/install/multi_mode_control_msgs/lib/python3.12/site-packages/multi_mode_control_msgs/msg/_wrench_s.c
[1.995s] -- Up-to-date symlink: /home/herring/rzddzy/ros2_ws/install/multi_mode_control_msgs/lib/python3.12/site-packages/multi_mode_control_msgs/multi_mode_control_msgs_s__rosidl_typesupport_c.so
[1.995s] -- Up-to-date symlink: /home/herring/rzddzy/ros2_ws/install/multi_mode_control_msgs/lib/python3.12/site-packages/multi_mode_control_msgs/multi_mode_control_msgs_s__rosidl_typesupport_fastrtps_c.so
[1.995s] -- Up-to-date symlink: /home/herring/rzddzy/ros2_ws/install/multi_mode_control_msgs/lib/python3.12/site-packages/multi_mode_control_msgs/multi_mode_control_msgs_s__rosidl_typesupport_introspection_c.so
[1.995s] -- Up-to-date symlink: /home/herring/rzddzy/ros2_ws/install/multi_mode_control_msgs/lib/python3.12/site-packages/multi_mode_control_msgs/srv/__init__.py
[1.995s] -- Up-to-date symlink: /home/herring/rzddzy/ros2_ws/install/multi_mode_control_msgs/lib/python3.12/site-packages/multi_mode_control_msgs/srv/_get_controllers.py
[1.995s] -- Up-to-date symlink: /home/herring/rzddzy/ros2_ws/install/multi_mode_control_msgs/lib/python3.12/site-packages/multi_mode_control_msgs/srv/_get_controllers_s.c
[1.995s] -- Up-to-date symlink: /home/herring/rzddzy/ros2_ws/install/multi_mode_control_msgs/lib/python3.12/site-packages/multi_mode_control_msgs/srv/_get_robot_states.py
[1.995s] -- Up-to-date symlink: /home/herring/rzddzy/ros2_ws/install/multi_mode_control_msgs/lib/python3.12/site-packages/multi_mode_control_msgs/srv/_get_robot_states_s.c
[1.996s] -- Up-to-date symlink: /home/herring/rzddzy/ros2_ws/install/multi_mode_control_msgs/lib/python3.12/site-packages/multi_mode_control_msgs/srv/_set_cartesian_impedance.py
[1.996s] -- Up-to-date symlink: /home/herring/rzddzy/ros2_ws/install/multi_mode_control_msgs/lib/python3.12/site-packages/multi_mode_control_msgs/srv/_set_cartesian_impedance_s.c
[1.996s] -- Up-to-date symlink: /home/herring/rzddzy/ros2_ws/install/multi_mode_control_msgs/lib/python3.12/site-packages/multi_mode_control_msgs/srv/_set_controllers.py
[1.996s] -- Up-to-date symlink: /home/herring/rzddzy/ros2_ws/install/multi_mode_control_msgs/lib/python3.12/site-packages/multi_mode_control_msgs/srv/_set_controllers_s.c
[1.996s] -- Up-to-date symlink: /home/herring/rzddzy/ros2_ws/install/multi_mode_control_msgs/lib/python3.12/site-packages/multi_mode_control_msgs/srv/_set_joint_impedance.py
[1.996s] -- Up-to-date symlink: /home/herring/rzddzy/ros2_ws/install/multi_mode_control_msgs/lib/python3.12/site-packages/multi_mode_control_msgs/srv/_set_joint_impedance_s.c
[1.996s] -- Up-to-date symlink: /home/herring/rzddzy/ros2_ws/install/multi_mode_control_msgs/lib/python3.12/site-packages/multi_mode_control_msgs/srv/_set_recovery_mode.py
[1.996s] -- Up-to-date symlink: /home/herring/rzddzy/ros2_ws/install/multi_mode_control_msgs/lib/python3.12/site-packages/multi_mode_control_msgs/srv/_set_recovery_mode_s.c
[1.996s] -- Up-to-date symlink: /home/herring/rzddzy/ros2_ws/install/multi_mode_control_msgs/lib/python3.12/site-packages/multi_mode_control_msgs/srv/_set_reflex.py
[1.997s] -- Up-to-date symlink: /home/herring/rzddzy/ros2_ws/install/multi_mode_control_msgs/lib/python3.12/site-packages/multi_mode_control_msgs/srv/_set_reflex_s.c
[1.997s] -- Up-to-date symlink: /home/herring/rzddzy/ros2_ws/install/multi_mode_control_msgs/lib/python3.12/site-packages/multi_mode_control_msgs/srv/_set_thresholds.py
[1.997s] -- Up-to-date symlink: /home/herring/rzddzy/ros2_ws/install/multi_mode_control_msgs/lib/python3.12/site-packages/multi_mode_control_msgs/srv/_set_thresholds_s.c
[1.997s] -- Up-to-date symlink: /home/herring/rzddzy/ros2_ws/install/multi_mode_control_msgs/lib/python3.12/site-packages/multi_mode_control_msgs/srv/_set_world_state.py
[1.997s] -- Up-to-date symlink: /home/herring/rzddzy/ros2_ws/install/multi_mode_control_msgs/lib/python3.12/site-packages/multi_mode_control_msgs/srv/_set_world_state_s.c
[1.997s] -- Up-to-date symlink: /home/herring/rzddzy/ros2_ws/install/multi_mode_control_msgs/lib/python3.12/site-packages/multi_mode_control_msgs/multi_mode_control_msgs_s__rosidl_typesupport_fastrtps_c.so
[1.998s] -- Up-to-date symlink: /home/herring/rzddzy/ros2_ws/install/multi_mode_control_msgs/lib/python3.12/site-packages/multi_mode_control_msgs/multi_mode_control_msgs_s__rosidl_typesupport_introspection_c.so
[1.998s] -- Up-to-date symlink: /home/herring/rzddzy/ros2_ws/install/multi_mode_control_msgs/lib/python3.12/site-packages/multi_mode_control_msgs/multi_mode_control_msgs_s__rosidl_typesupport_c.so
[1.998s] -- Up-to-date symlink: /home/herring/rzddzy/ros2_ws/install/multi_mode_control_msgs/share/multi_mode_control_msgs/msg/CartesianImpedanceGoal.idl
[1.998s] -- Up-to-date symlink: /home/herring/rzddzy/ros2_ws/install/multi_mode_control_msgs/share/multi_mode_control_msgs/msg/DualCartesianImpedanceGoal.idl
[1.998s] -- Up-to-date symlink: /home/herring/rzddzy/ros2_ws/install/multi_mode_control_msgs/share/multi_mode_control_msgs/msg/ContactThresholds.idl
[1.999s] -- Up-to-date symlink: /home/herring/rzddzy/ros2_ws/install/multi_mode_control_msgs/share/multi_mode_control_msgs/msg/Controller.idl
[1.999s] -- Up-to-date symlink: /home/herring/rzddzy/ros2_ws/install/multi_mode_control_msgs/share/multi_mode_control_msgs/msg/JointArray.idl
[1.999s] -- Up-to-date symlink: /home/herring/rzddzy/ros2_ws/install/multi_mode_control_msgs/share/multi_mode_control_msgs/msg/JointGoal.idl
[1.999s] -- Up-to-date symlink: /home/herring/rzddzy/ros2_ws/install/multi_mode_control_msgs/share/multi_mode_control_msgs/msg/VelocityGoal.idl
[1.999s] -- Up-to-date symlink: /home/herring/rzddzy/ros2_ws/install/multi_mode_control_msgs/share/multi_mode_control_msgs/msg/Wrench.idl
[1.999s] -- Up-to-date symlink: /home/herring/rzddzy/ros2_ws/install/multi_mode_control_msgs/share/multi_mode_control_msgs/srv/GetControllers.idl
[2.000s] -- Up-to-date symlink: /home/herring/rzddzy/ros2_ws/install/multi_mode_control_msgs/share/multi_mode_control_msgs/srv/GetRobotStates.idl
[2.000s] -- Up-to-date symlink: /home/herring/rzddzy/ros2_ws/install/multi_mode_control_msgs/share/multi_mode_control_msgs/srv/SetCartesianImpedance.idl
[2.000s] -- Up-to-date symlink: /home/herring/rzddzy/ros2_ws/install/multi_mode_control_msgs/share/multi_mode_control_msgs/srv/SetControllers.idl
[2.000s] -- Up-to-date symlink: /home/herring/rzddzy/ros2_ws/install/multi_mode_control_msgs/share/multi_mode_control_msgs/srv/SetJointImpedance.idl
[2.000s] -- Up-to-date symlink: /home/herring/rzddzy/ros2_ws/install/multi_mode_control_msgs/share/multi_mode_control_msgs/srv/SetRecoveryMode.idl
[2.000s] -- Up-to-date symlink: /home/herring/rzddzy/ros2_ws/install/multi_mode_control_msgs/share/multi_mode_control_msgs/srv/SetReflex.idl
[2.001s] -- Up-to-date symlink: /home/herring/rzddzy/ros2_ws/install/multi_mode_control_msgs/share/multi_mode_control_msgs/srv/SetThresholds.idl
[2.001s] -- Up-to-date symlink: /home/herring/rzddzy/ros2_ws/install/multi_mode_control_msgs/share/multi_mode_control_msgs/srv/SetWorldState.idl
[2.001s] -- Up-to-date symlink: /home/herring/rzddzy/ros2_ws/install/multi_mode_control_msgs/share/multi_mode_control_msgs/msg/CartesianImpedanceGoal.msg
[2.001s] -- Up-to-date symlink: /home/herring/rzddzy/ros2_ws/install/multi_mode_control_msgs/share/multi_mode_control_msgs/msg/DualCartesianImpedanceGoal.msg
[2.001s] -- Up-to-date symlink: /home/herring/rzddzy/ros2_ws/install/multi_mode_control_msgs/share/multi_mode_control_msgs/msg/ContactThresholds.msg
[2.001s] -- Up-to-date symlink: /home/herring/rzddzy/ros2_ws/install/multi_mode_control_msgs/share/multi_mode_control_msgs/msg/Controller.msg
[2.001s] -- Up-to-date symlink: /home/herring/rzddzy/ros2_ws/install/multi_mode_control_msgs/share/multi_mode_control_msgs/msg/JointArray.msg
[2.001s] -- Up-to-date symlink: /home/herring/rzddzy/ros2_ws/install/multi_mode_control_msgs/share/multi_mode_control_msgs/msg/JointGoal.msg
[2.002s] -- Up-to-date symlink: /home/herring/rzddzy/ros2_ws/install/multi_mode_control_msgs/share/multi_mode_control_msgs/msg/VelocityGoal.msg
[2.002s] -- Up-to-date symlink: /home/herring/rzddzy/ros2_ws/install/multi_mode_control_msgs/share/multi_mode_control_msgs/msg/Wrench.msg
[2.002s] -- Up-to-date symlink: /home/herring/rzddzy/ros2_ws/install/multi_mode_control_msgs/share/multi_mode_control_msgs/srv/GetControllers.srv
[2.002s] -- Up-to-date symlink: /home/herring/rzddzy/ros2_ws/install/multi_mode_control_msgs/share/multi_mode_control_msgs/srv/GetRobotStates.srv
[2.002s] -- Up-to-date symlink: /home/herring/rzddzy/ros2_ws/install/multi_mode_control_msgs/share/multi_mode_control_msgs/srv/SetCartesianImpedance.srv
[2.002s] -- Up-to-date symlink: /home/herring/rzddzy/ros2_ws/install/multi_mode_control_msgs/share/multi_mode_control_msgs/srv/SetControllers.srv
[2.002s] -- Up-to-date symlink: /home/herring/rzddzy/ros2_ws/install/multi_mode_control_msgs/share/multi_mode_control_msgs/srv/SetJointImpedance.srv
[2.002s] -- Up-to-date symlink: /home/herring/rzddzy/ros2_ws/install/multi_mode_control_msgs/share/multi_mode_control_msgs/srv/SetRecoveryMode.srv
[2.002s] -- Up-to-date symlink: /home/herring/rzddzy/ros2_ws/install/multi_mode_control_msgs/share/multi_mode_control_msgs/srv/SetReflex.srv
[2.003s] -- Up-to-date symlink: /home/herring/rzddzy/ros2_ws/install/multi_mode_control_msgs/share/multi_mode_control_msgs/srv/SetThresholds.srv
[2.003s] -- Up-to-date symlink: /home/herring/rzddzy/ros2_ws/install/multi_mode_control_msgs/share/multi_mode_control_msgs/srv/SetWorldState.srv
[2.003s] -- Up-to-date symlink: /home/herring/rzddzy/ros2_ws/install/multi_mode_control_msgs/share/ament_index/resource_index/package_run_dependencies/multi_mode_control_msgs
[2.003s] -- Up-to-date symlink: /home/herring/rzddzy/ros2_ws/install/multi_mode_control_msgs/share/ament_index/resource_index/parent_prefix_path/multi_mode_control_msgs
[2.003s] -- Up-to-date symlink: /home/herring/rzddzy/ros2_ws/install/multi_mode_control_msgs/share/multi_mode_control_msgs/environment/ament_prefix_path.sh
[2.003s] -- Up-to-date symlink: /home/herring/rzddzy/ros2_ws/install/multi_mode_control_msgs/share/multi_mode_control_msgs/environment/ament_prefix_path.dsv
[2.003s] -- Up-to-date symlink: /home/herring/rzddzy/ros2_ws/install/multi_mode_control_msgs/share/multi_mode_control_msgs/environment/path.sh
[2.003s] -- Up-to-date symlink: /home/herring/rzddzy/ros2_ws/install/multi_mode_control_msgs/share/multi_mode_control_msgs/environment/path.dsv
[2.003s] -- Up-to-date symlink: /home/herring/rzddzy/ros2_ws/install/multi_mode_control_msgs/share/multi_mode_control_msgs/local_setup.bash
[2.004s] -- Up-to-date symlink: /home/herring/rzddzy/ros2_ws/install/multi_mode_control_msgs/share/multi_mode_control_msgs/local_setup.sh
[2.004s] -- Up-to-date symlink: /home/herring/rzddzy/ros2_ws/install/multi_mode_control_msgs/share/multi_mode_control_msgs/local_setup.zsh
[2.004s] -- Up-to-date symlink: /home/herring/rzddzy/ros2_ws/install/multi_mode_control_msgs/share/multi_mode_control_msgs/local_setup.dsv
[2.004s] -- Up-to-date symlink: /home/herring/rzddzy/ros2_ws/install/multi_mode_control_msgs/share/multi_mode_control_msgs/package.dsv
[2.004s] -- Up-to-date symlink: /home/herring/rzddzy/ros2_ws/install/multi_mode_control_msgs/share/ament_index/resource_index/packages/multi_mode_control_msgs
[2.004s] -- Up-to-date symlink: /home/herring/rzddzy/ros2_ws/install/multi_mode_control_msgs/share/multi_mode_control_msgs/cmake/rosidl_cmake-extras.cmake
[2.004s] -- Up-to-date symlink: /home/herring/rzddzy/ros2_ws/install/multi_mode_control_msgs/share/multi_mode_control_msgs/cmake/ament_cmake_export_dependencies-extras.cmake
[2.004s] -- Up-to-date symlink: /home/herring/rzddzy/ros2_ws/install/multi_mode_control_msgs/share/multi_mode_control_msgs/cmake/ament_cmake_export_include_directories-extras.cmake
[2.004s] -- Up-to-date symlink: /home/herring/rzddzy/ros2_ws/install/multi_mode_control_msgs/share/multi_mode_control_msgs/cmake/ament_cmake_export_libraries-extras.cmake
[2.004s] -- Up-to-date symlink: /home/herring/rzddzy/ros2_ws/install/multi_mode_control_msgs/share/multi_mode_control_msgs/cmake/ament_cmake_export_targets-extras.cmake
[2.005s] -- Up-to-date symlink: /home/herring/rzddzy/ros2_ws/install/multi_mode_control_msgs/share/multi_mode_control_msgs/cmake/rosidl_cmake_export_typesupport_targets-extras.cmake
[2.005s] -- Up-to-date symlink: /home/herring/rzddzy/ros2_ws/install/multi_mode_control_msgs/share/multi_mode_control_msgs/cmake/rosidl_cmake_export_typesupport_libraries-extras.cmake
[2.005s] -- Up-to-date symlink: /home/herring/rzddzy/ros2_ws/install/multi_mode_control_msgs/share/multi_mode_control_msgs/cmake/multi_mode_control_msgsConfig.cmake
[2.005s] -- Up-to-date symlink: /home/herring/rzddzy/ros2_ws/install/multi_mode_control_msgs/share/multi_mode_control_msgs/cmake/multi_mode_control_msgsConfig-version.cmake
[2.005s] -- Up-to-date symlink: /home/herring/rzddzy/ros2_ws/install/multi_mode_control_msgs/share/multi_mode_control_msgs/package.xml
[2.005s] -- Up-to-date: /home/herring/rzddzy/ros2_ws/install/multi_mode_control_msgs/lib/libmulti_mode_control_msgs__rosidl_generator_c.so
[2.005s] -- Up-to-date: /home/herring/rzddzy/ros2_ws/install/multi_mode_control_msgs/lib/libmulti_mode_control_msgs__rosidl_typesupport_fastrtps_c.so
[2.005s] -- Up-to-date: /home/herring/rzddzy/ros2_ws/install/multi_mode_control_msgs/lib/libmulti_mode_control_msgs__rosidl_typesupport_fastrtps_cpp.so
[2.005s] -- Up-to-date: /home/herring/rzddzy/ros2_ws/install/multi_mode_control_msgs/lib/libmulti_mode_control_msgs__rosidl_typesupport_introspection_c.so
[2.005s] -- Up-to-date: /home/herring/rzddzy/ros2_ws/install/multi_mode_control_msgs/lib/libmulti_mode_control_msgs__rosidl_typesupport_c.so
[2.006s] -- Up-to-date: /home/herring/rzddzy/ros2_ws/install/multi_mode_control_msgs/lib/libmulti_mode_control_msgs__rosidl_typesupport_introspection_cpp.so
[2.006s] -- Up-to-date: /home/herring/rzddzy/ros2_ws/install/multi_mode_control_msgs/lib/libmulti_mode_control_msgs__rosidl_typesupport_cpp.so
[2.043s] Listing '/home/herring/rzddzy/ros2_ws/install/multi_mode_control_msgs/lib/python3.12/site-packages/multi_mode_control_msgs'...
[2.043s] Compiling '/home/herring/rzddzy/ros2_ws/install/multi_mode_control_msgs/lib/python3.12/site-packages/multi_mode_control_msgs/__init__.py'...
[2.043s] Listing '/home/herring/rzddzy/ros2_ws/install/multi_mode_control_msgs/lib/python3.12/site-packages/multi_mode_control_msgs/msg'...
[2.043s] Listing '/home/herring/rzddzy/ros2_ws/install/multi_mode_control_msgs/lib/python3.12/site-packages/multi_mode_control_msgs/srv'...
[2.048s] -- Up-to-date: /home/herring/rzddzy/ros2_ws/install/multi_mode_control_msgs/lib/libmulti_mode_control_msgs__rosidl_generator_py.so
[2.048s] -- Up-to-date: /home/herring/rzddzy/ros2_ws/install/multi_mode_control_msgs/share/multi_mode_control_msgs/cmake/export_multi_mode_control_msgs__rosidl_generator_cExport.cmake
[2.048s] -- Up-to-date: /home/herring/rzddzy/ros2_ws/install/multi_mode_control_msgs/share/multi_mode_control_msgs/cmake/export_multi_mode_control_msgs__rosidl_generator_cExport-noconfig.cmake
[2.048s] -- Up-to-date: /home/herring/rzddzy/ros2_ws/install/multi_mode_control_msgs/share/multi_mode_control_msgs/cmake/export_multi_mode_control_msgs__rosidl_typesupport_fastrtps_cExport.cmake
[2.048s] -- Up-to-date: /home/herring/rzddzy/ros2_ws/install/multi_mode_control_msgs/share/multi_mode_control_msgs/cmake/export_multi_mode_control_msgs__rosidl_typesupport_fastrtps_cExport-noconfig.cmake
[2.048s] -- Up-to-date: /home/herring/rzddzy/ros2_ws/install/multi_mode_control_msgs/share/multi_mode_control_msgs/cmake/export_multi_mode_control_msgs__rosidl_generator_cppExport.cmake
[2.048s] -- Up-to-date: /home/herring/rzddzy/ros2_ws/install/multi_mode_control_msgs/share/multi_mode_control_msgs/cmake/export_multi_mode_control_msgs__rosidl_typesupport_fastrtps_cppExport.cmake
[2.048s] -- Up-to-date: /home/herring/rzddzy/ros2_ws/install/multi_mode_control_msgs/share/multi_mode_control_msgs/cmake/export_multi_mode_control_msgs__rosidl_typesupport_fastrtps_cppExport-noconfig.cmake
[2.049s] -- Up-to-date: /home/herring/rzddzy/ros2_ws/install/multi_mode_control_msgs/share/multi_mode_control_msgs/cmake/multi_mode_control_msgs__rosidl_typesupport_introspection_cExport.cmake
[2.049s] -- Up-to-date: /home/herring/rzddzy/ros2_ws/install/multi_mode_control_msgs/share/multi_mode_control_msgs/cmake/multi_mode_control_msgs__rosidl_typesupport_introspection_cExport-noconfig.cmake
[2.049s] -- Up-to-date: /home/herring/rzddzy/ros2_ws/install/multi_mode_control_msgs/share/multi_mode_control_msgs/cmake/multi_mode_control_msgs__rosidl_typesupport_cExport.cmake
[2.049s] -- Up-to-date: /home/herring/rzddzy/ros2_ws/install/multi_mode_control_msgs/share/multi_mode_control_msgs/cmake/multi_mode_control_msgs__rosidl_typesupport_cExport-noconfig.cmake
[2.049s] -- Up-to-date: /home/herring/rzddzy/ros2_ws/install/multi_mode_control_msgs/share/multi_mode_control_msgs/cmake/multi_mode_control_msgs__rosidl_typesupport_introspection_cppExport.cmake
[2.049s] -- Up-to-date: /home/herring/rzddzy/ros2_ws/install/multi_mode_control_msgs/share/multi_mode_control_msgs/cmake/multi_mode_control_msgs__rosidl_typesupport_introspection_cppExport-noconfig.cmake
[2.049s] -- Up-to-date: /home/herring/rzddzy/ros2_ws/install/multi_mode_control_msgs/share/multi_mode_control_msgs/cmake/multi_mode_control_msgs__rosidl_typesupport_cppExport.cmake
[2.049s] -- Up-to-date: /home/herring/rzddzy/ros2_ws/install/multi_mode_control_msgs/share/multi_mode_control_msgs/cmake/multi_mode_control_msgs__rosidl_typesupport_cppExport-noconfig.cmake
[2.049s] -- Up-to-date: /home/herring/rzddzy/ros2_ws/install/multi_mode_control_msgs/share/multi_mode_control_msgs/cmake/export_multi_mode_control_msgs__rosidl_generator_pyExport.cmake
[2.049s] -- Up-to-date: /home/herring/rzddzy/ros2_ws/install/multi_mode_control_msgs/share/multi_mode_control_msgs/cmake/export_multi_mode_control_msgs__rosidl_generator_pyExport-noconfig.cmake
[2.050s] Invoked command in '/home/herring/rzddzy/ros2_ws/build/multi_mode_control_msgs' returned '0': AMENT_PREFIX_PATH=/home/herring/rzddzy/ros2_ws/install/franka_msgs:${AMENT_PREFIX_PATH} CMAKE_PREFIX_PATH=/home/herring/rzddzy/ros2_ws/install/franka_msgs:/opt/ros/jazzy/opt/sdformat_vendor:/opt/ros/jazzy/opt/gz_math_vendor:/opt/ros/jazzy/opt/gz_utils_vendor:/opt/ros/jazzy/opt/gz_tools_vendor:/opt/ros/jazzy/opt/gz_cmake_vendor:/opt/ros/jazzy DEBUGINFOD_URLS=https://debuginfod.ubuntu.com LD_LIBRARY_PATH=/home/herring/rzddzy/ros2_ws/install/franka_msgs/lib:${LD_LIBRARY_PATH} PYTHONPATH=/home/herring/rzddzy/ros2_ws/install/franka_msgs/lib/python3.12/site-packages:${PYTHONPATH} /usr/bin/cmake --install /home/herring/rzddzy/ros2_ws/build/multi_mode_control_msgs
