[0.050s] DEBUG:colcon:Command line arguments: ['/usr/bin/colcon', 'build', '--packages-up-to', 'mujoco_ros', '--symlink-install']
[0.050s] DEBUG:colcon:Parsed command line arguments: Namespace(log_base=None, log_level=None, verb_name='build', build_base='build', install_base='install', merge_install=False, symlink_install=True, test_result_base=None, continue_on_error=False, executor='parallel', parallel_workers=28, event_handlers=None, ignore_user_meta=False, metas=['./colcon.meta'], base_paths=['.'], packages_ignore=None, packages_ignore_regex=None, paths=None, packages_up_to=['mujoco_ros'], packages_up_to_regex=None, packages_above=None, packages_above_and_dependencies=None, packages_above_depth=None, packages_select_by_dep=None, packages_skip_by_dep=None, packages_skip_up_to=None, packages_select_build_failed=False, packages_skip_build_finished=False, packages_select_test_failures=False, packages_skip_test_passed=False, packages_select=None, packages_skip=None, packages_select_regex=None, packages_skip_regex=None, packages_start=None, packages_end=None, allow_overriding=[], cmake_args=None, cmake_target=None, cmake_target_skip_unavailable=False, cmake_clean_cache=False, cmake_clean_first=False, cmake_force_configure=False, ament_cmake_args=None, catkin_cmake_args=None, catkin_skip_building_tests=False, verb_parser=<colcon_defaults.argument_parser.defaults.DefaultArgumentsDecorator object at 0x79fe8f4e8c50>, verb_extension=<colcon_core.verb.build.BuildVerb object at 0x79fe8f64b3b0>, main=<bound method BuildVerb.main of <colcon_core.verb.build.BuildVerb object at 0x79fe8f64b3b0>>)
[0.070s] Level 1:colcon.colcon_core.package_discovery:discover_packages(colcon_meta) check parameters
[0.070s] Level 1:colcon.colcon_core.package_discovery:discover_packages(recursive) check parameters
[0.070s] Level 1:colcon.colcon_core.package_discovery:discover_packages(ignore) check parameters
[0.070s] Level 1:colcon.colcon_core.package_discovery:discover_packages(path) check parameters
[0.070s] Level 1:colcon.colcon_core.package_discovery:discover_packages(colcon_meta) discover
[0.070s] Level 1:colcon.colcon_core.package_discovery:discover_packages(recursive) discover
[0.070s] INFO:colcon.colcon_core.package_discovery:Crawling recursively for packages in '/home/herring/rzddzy'
[0.070s] Level 1:colcon.colcon_core.package_identification:_identify(.) by extensions ['ignore', 'ignore_ament_install']
[0.070s] Level 1:colcon.colcon_core.package_identification:_identify(.) by extension 'ignore'
[0.070s] Level 1:colcon.colcon_core.package_identification:_identify(.) by extension 'ignore_ament_install'
[0.070s] Level 1:colcon.colcon_core.package_identification:_identify(.) by extensions ['colcon_pkg']
[0.070s] Level 1:colcon.colcon_core.package_identification:_identify(.) by extension 'colcon_pkg'
[0.070s] Level 1:colcon.colcon_core.package_identification:_identify(.) by extensions ['colcon_meta']
[0.070s] Level 1:colcon.colcon_core.package_identification:_identify(.) by extension 'colcon_meta'
[0.070s] Level 1:colcon.colcon_core.package_identification:_identify(.) by extensions ['ros']
[0.070s] Level 1:colcon.colcon_core.package_identification:_identify(.) by extension 'ros'
[0.083s] Level 1:colcon.colcon_core.package_identification:_identify(.) by extensions ['cmake', 'python']
[0.084s] Level 1:colcon.colcon_core.package_identification:_identify(.) by extension 'cmake'
[0.084s] Level 1:colcon.colcon_core.package_identification:_identify(.) by extension 'python'
[0.084s] Level 1:colcon.colcon_core.package_identification:_identify(.) by extensions ['python_setup_py']
[0.084s] Level 1:colcon.colcon_core.package_identification:_identify(.) by extension 'python_setup_py'
[0.084s] Level 1:colcon.colcon_core.package_identification:_identify(build) by extensions ['ignore', 'ignore_ament_install']
[0.084s] Level 1:colcon.colcon_core.package_identification:_identify(build) by extension 'ignore'
[0.084s] Level 1:colcon.colcon_core.package_identification:_identify(build) ignored
[0.084s] Level 1:colcon.colcon_core.package_identification:_identify(docs) by extensions ['ignore', 'ignore_ament_install']
[0.084s] Level 1:colcon.colcon_core.package_identification:_identify(docs) by extension 'ignore'
[0.084s] Level 1:colcon.colcon_core.package_identification:_identify(docs) by extension 'ignore_ament_install'
[0.084s] Level 1:colcon.colcon_core.package_identification:_identify(docs) by extensions ['colcon_pkg']
[0.084s] Level 1:colcon.colcon_core.package_identification:_identify(docs) by extension 'colcon_pkg'
[0.084s] Level 1:colcon.colcon_core.package_identification:_identify(docs) by extensions ['colcon_meta']
[0.084s] Level 1:colcon.colcon_core.package_identification:_identify(docs) by extension 'colcon_meta'
[0.084s] Level 1:colcon.colcon_core.package_identification:_identify(docs) by extensions ['ros']
[0.084s] Level 1:colcon.colcon_core.package_identification:_identify(docs) by extension 'ros'
[0.084s] Level 1:colcon.colcon_core.package_identification:_identify(docs) by extensions ['cmake', 'python']
[0.084s] Level 1:colcon.colcon_core.package_identification:_identify(docs) by extension 'cmake'
[0.084s] Level 1:colcon.colcon_core.package_identification:_identify(docs) by extension 'python'
[0.084s] Level 1:colcon.colcon_core.package_identification:_identify(docs) by extensions ['python_setup_py']
[0.084s] Level 1:colcon.colcon_core.package_identification:_identify(docs) by extension 'python_setup_py'
[0.084s] Level 1:colcon.colcon_core.package_identification:_identify(install) by extensions ['ignore', 'ignore_ament_install']
[0.084s] Level 1:colcon.colcon_core.package_identification:_identify(install) by extension 'ignore'
[0.084s] Level 1:colcon.colcon_core.package_identification:_identify(install) ignored
[0.084s] Level 1:colcon.colcon_core.package_identification:_identify(legacy_ros1) by extensions ['ignore', 'ignore_ament_install']
[0.084s] Level 1:colcon.colcon_core.package_identification:_identify(legacy_ros1) by extension 'ignore'
[0.084s] Level 1:colcon.colcon_core.package_identification:_identify(legacy_ros1) by extension 'ignore_ament_install'
[0.084s] Level 1:colcon.colcon_core.package_identification:_identify(legacy_ros1) by extensions ['colcon_pkg']
[0.084s] Level 1:colcon.colcon_core.package_identification:_identify(legacy_ros1) by extension 'colcon_pkg'
[0.084s] Level 1:colcon.colcon_core.package_identification:_identify(legacy_ros1) by extensions ['colcon_meta']
[0.084s] Level 1:colcon.colcon_core.package_identification:_identify(legacy_ros1) by extension 'colcon_meta'
[0.084s] Level 1:colcon.colcon_core.package_identification:_identify(legacy_ros1) by extensions ['ros']
[0.084s] Level 1:colcon.colcon_core.package_identification:_identify(legacy_ros1) by extension 'ros'
[0.084s] Level 1:colcon.colcon_core.package_identification:_identify(legacy_ros1) by extensions ['cmake', 'python']
[0.084s] Level 1:colcon.colcon_core.package_identification:_identify(legacy_ros1) by extension 'cmake'
[0.084s] Level 1:colcon.colcon_core.package_identification:_identify(legacy_ros1) by extension 'python'
[0.084s] Level 1:colcon.colcon_core.package_identification:_identify(legacy_ros1) by extensions ['python_setup_py']
[0.084s] Level 1:colcon.colcon_core.package_identification:_identify(legacy_ros1) by extension 'python_setup_py'
[0.084s] Level 1:colcon.colcon_core.package_identification:_identify(legacy_ros1/controller) by extensions ['ignore', 'ignore_ament_install']
[0.084s] Level 1:colcon.colcon_core.package_identification:_identify(legacy_ros1/controller) by extension 'ignore'
[0.085s] Level 1:colcon.colcon_core.package_identification:_identify(legacy_ros1/controller) ignored
[0.085s] Level 1:colcon.colcon_core.package_identification:_identify(log) by extensions ['ignore', 'ignore_ament_install']
[0.085s] Level 1:colcon.colcon_core.package_identification:_identify(log) by extension 'ignore'
[0.085s] Level 1:colcon.colcon_core.package_identification:_identify(log) ignored
[0.085s] Level 1:colcon.colcon_core.package_identification:_identify(ros2_ws) by extensions ['ignore', 'ignore_ament_install']
[0.085s] Level 1:colcon.colcon_core.package_identification:_identify(ros2_ws) by extension 'ignore'
[0.085s] Level 1:colcon.colcon_core.package_identification:_identify(ros2_ws) by extension 'ignore_ament_install'
[0.085s] Level 1:colcon.colcon_core.package_identification:_identify(ros2_ws) by extensions ['colcon_pkg']
[0.085s] Level 1:colcon.colcon_core.package_identification:_identify(ros2_ws) by extension 'colcon_pkg'
[0.085s] Level 1:colcon.colcon_core.package_identification:_identify(ros2_ws) by extensions ['colcon_meta']
[0.085s] Level 1:colcon.colcon_core.package_identification:_identify(ros2_ws) by extension 'colcon_meta'
[0.085s] Level 1:colcon.colcon_core.package_identification:_identify(ros2_ws) by extensions ['ros']
[0.085s] Level 1:colcon.colcon_core.package_identification:_identify(ros2_ws) by extension 'ros'
[0.085s] Level 1:colcon.colcon_core.package_identification:_identify(ros2_ws) by extensions ['cmake', 'python']
[0.085s] Level 1:colcon.colcon_core.package_identification:_identify(ros2_ws) by extension 'cmake'
[0.085s] Level 1:colcon.colcon_core.package_identification:_identify(ros2_ws) by extension 'python'
[0.085s] Level 1:colcon.colcon_core.package_identification:_identify(ros2_ws) by extensions ['python_setup_py']
[0.085s] Level 1:colcon.colcon_core.package_identification:_identify(ros2_ws) by extension 'python_setup_py'
[0.085s] Level 1:colcon.colcon_core.package_identification:_identify(ros2_ws/build) by extensions ['ignore', 'ignore_ament_install']
[0.085s] Level 1:colcon.colcon_core.package_identification:_identify(ros2_ws/build) by extension 'ignore'
[0.085s] Level 1:colcon.colcon_core.package_identification:_identify(ros2_ws/build) ignored
[0.085s] Level 1:colcon.colcon_core.package_identification:_identify(ros2_ws/install) by extensions ['ignore', 'ignore_ament_install']
[0.085s] Level 1:colcon.colcon_core.package_identification:_identify(ros2_ws/install) by extension 'ignore'
[0.085s] Level 1:colcon.colcon_core.package_identification:_identify(ros2_ws/install) ignored
[0.085s] Level 1:colcon.colcon_core.package_identification:_identify(ros2_ws/log) by extensions ['ignore', 'ignore_ament_install']
[0.085s] Level 1:colcon.colcon_core.package_identification:_identify(ros2_ws/log) by extension 'ignore'
[0.085s] Level 1:colcon.colcon_core.package_identification:_identify(ros2_ws/log) ignored
[0.085s] Level 1:colcon.colcon_core.package_identification:_identify(ros2_ws/src) by extensions ['ignore', 'ignore_ament_install']
[0.085s] Level 1:colcon.colcon_core.package_identification:_identify(ros2_ws/src) by extension 'ignore'
[0.085s] Level 1:colcon.colcon_core.package_identification:_identify(ros2_ws/src) by extension 'ignore_ament_install'
[0.085s] Level 1:colcon.colcon_core.package_identification:_identify(ros2_ws/src) by extensions ['colcon_pkg']
[0.085s] Level 1:colcon.colcon_core.package_identification:_identify(ros2_ws/src) by extension 'colcon_pkg'
[0.085s] Level 1:colcon.colcon_core.package_identification:_identify(ros2_ws/src) by extensions ['colcon_meta']
[0.085s] Level 1:colcon.colcon_core.package_identification:_identify(ros2_ws/src) by extension 'colcon_meta'
[0.085s] Level 1:colcon.colcon_core.package_identification:_identify(ros2_ws/src) by extensions ['ros']
[0.085s] Level 1:colcon.colcon_core.package_identification:_identify(ros2_ws/src) by extension 'ros'
[0.085s] Level 1:colcon.colcon_core.package_identification:_identify(ros2_ws/src) by extensions ['cmake', 'python']
[0.085s] Level 1:colcon.colcon_core.package_identification:_identify(ros2_ws/src) by extension 'cmake'
[0.085s] Level 1:colcon.colcon_core.package_identification:_identify(ros2_ws/src) by extension 'python'
[0.085s] Level 1:colcon.colcon_core.package_identification:_identify(ros2_ws/src) by extensions ['python_setup_py']
[0.085s] Level 1:colcon.colcon_core.package_identification:_identify(ros2_ws/src) by extension 'python_setup_py'
[0.086s] Level 1:colcon.colcon_core.package_identification:_identify(ros2_ws/src/controller) by extensions ['ignore', 'ignore_ament_install']
[0.086s] Level 1:colcon.colcon_core.package_identification:_identify(ros2_ws/src/controller) by extension 'ignore'
[0.086s] Level 1:colcon.colcon_core.package_identification:_identify(ros2_ws/src/controller) by extension 'ignore_ament_install'
[0.086s] Level 1:colcon.colcon_core.package_identification:_identify(ros2_ws/src/controller) by extensions ['colcon_pkg']
[0.086s] Level 1:colcon.colcon_core.package_identification:_identify(ros2_ws/src/controller) by extension 'colcon_pkg'
[0.086s] Level 1:colcon.colcon_core.package_identification:_identify(ros2_ws/src/controller) by extensions ['colcon_meta']
[0.086s] Level 1:colcon.colcon_core.package_identification:_identify(ros2_ws/src/controller) by extension 'colcon_meta'
[0.086s] Level 1:colcon.colcon_core.package_identification:_identify(ros2_ws/src/controller) by extensions ['ros']
[0.086s] Level 1:colcon.colcon_core.package_identification:_identify(ros2_ws/src/controller) by extension 'ros'
[0.088s] DEBUG:colcon.colcon_core.package_identification:Package 'ros2_ws/src/controller' with type 'ros.ament_cmake' and name 'controller'
[0.088s] Level 1:colcon.colcon_core.package_identification:_identify(ros2_ws/src/cplus_dev) by extensions ['ignore', 'ignore_ament_install']
[0.088s] Level 1:colcon.colcon_core.package_identification:_identify(ros2_ws/src/cplus_dev) by extension 'ignore'
[0.088s] Level 1:colcon.colcon_core.package_identification:_identify(ros2_ws/src/cplus_dev) by extension 'ignore_ament_install'
[0.088s] Level 1:colcon.colcon_core.package_identification:_identify(ros2_ws/src/cplus_dev) by extensions ['colcon_pkg']
[0.088s] Level 1:colcon.colcon_core.package_identification:_identify(ros2_ws/src/cplus_dev) by extension 'colcon_pkg'
[0.088s] Level 1:colcon.colcon_core.package_identification:_identify(ros2_ws/src/cplus_dev) by extensions ['colcon_meta']
[0.088s] Level 1:colcon.colcon_core.package_identification:_identify(ros2_ws/src/cplus_dev) by extension 'colcon_meta'
[0.088s] Level 1:colcon.colcon_core.package_identification:_identify(ros2_ws/src/cplus_dev) by extensions ['ros']
[0.088s] Level 1:colcon.colcon_core.package_identification:_identify(ros2_ws/src/cplus_dev) by extension 'ros'
[0.088s] DEBUG:colcon.colcon_core.package_identification:Package 'ros2_ws/src/cplus_dev' with type 'ros.ament_cmake' and name 'cplus_dev'
[0.088s] Level 1:colcon.colcon_core.package_identification:_identify(ros2_ws/src/franka_analytical_ik) by extensions ['ignore', 'ignore_ament_install']
[0.088s] Level 1:colcon.colcon_core.package_identification:_identify(ros2_ws/src/franka_analytical_ik) by extension 'ignore'
[0.088s] Level 1:colcon.colcon_core.package_identification:_identify(ros2_ws/src/franka_analytical_ik) by extension 'ignore_ament_install'
[0.088s] Level 1:colcon.colcon_core.package_identification:_identify(ros2_ws/src/franka_analytical_ik) by extensions ['colcon_pkg']
[0.089s] Level 1:colcon.colcon_core.package_identification:_identify(ros2_ws/src/franka_analytical_ik) by extension 'colcon_pkg'
[0.089s] Level 1:colcon.colcon_core.package_identification:_identify(ros2_ws/src/franka_analytical_ik) by extensions ['colcon_meta']
[0.089s] Level 1:colcon.colcon_core.package_identification:_identify(ros2_ws/src/franka_analytical_ik) by extension 'colcon_meta'
[0.089s] Level 1:colcon.colcon_core.package_identification:_identify(ros2_ws/src/franka_analytical_ik) by extensions ['ros']
[0.089s] Level 1:colcon.colcon_core.package_identification:_identify(ros2_ws/src/franka_analytical_ik) by extension 'ros'
[0.089s] Level 1:colcon.colcon_core.package_identification:_identify(ros2_ws/src/franka_analytical_ik) by extensions ['cmake', 'python']
[0.089s] Level 1:colcon.colcon_core.package_identification:_identify(ros2_ws/src/franka_analytical_ik) by extension 'cmake'
[0.089s] Level 1:colcon.colcon_core.package_identification:_identify(ros2_ws/src/franka_analytical_ik) by extension 'python'
[0.089s] Level 1:colcon.colcon_core.package_identification:_identify(ros2_ws/src/franka_analytical_ik) by extensions ['python_setup_py']
[0.089s] Level 1:colcon.colcon_core.package_identification:_identify(ros2_ws/src/franka_analytical_ik) by extension 'python_setup_py'
[0.192s] DEBUG:colcon.colcon_core.package_identification:Package 'ros2_ws/src/franka_analytical_ik' with type 'python' and name 'franka_ik_py'
[0.192s] Level 1:colcon.colcon_core.package_identification:_identify(ros2_ws/src/franka_bringup) by extensions ['ignore', 'ignore_ament_install']
[0.192s] Level 1:colcon.colcon_core.package_identification:_identify(ros2_ws/src/franka_bringup) by extension 'ignore'
[0.193s] Level 1:colcon.colcon_core.package_identification:_identify(ros2_ws/src/franka_bringup) by extension 'ignore_ament_install'
[0.193s] Level 1:colcon.colcon_core.package_identification:_identify(ros2_ws/src/franka_bringup) by extensions ['colcon_pkg']
[0.193s] Level 1:colcon.colcon_core.package_identification:_identify(ros2_ws/src/franka_bringup) by extension 'colcon_pkg'
[0.193s] Level 1:colcon.colcon_core.package_identification:_identify(ros2_ws/src/franka_bringup) by extensions ['colcon_meta']
[0.193s] Level 1:colcon.colcon_core.package_identification:_identify(ros2_ws/src/franka_bringup) by extension 'colcon_meta'
[0.193s] Level 1:colcon.colcon_core.package_identification:_identify(ros2_ws/src/franka_bringup) by extensions ['ros']
[0.193s] Level 1:colcon.colcon_core.package_identification:_identify(ros2_ws/src/franka_bringup) by extension 'ros'
[0.193s] DEBUG:colcon.colcon_core.package_identification:Package 'ros2_ws/src/franka_bringup' with type 'ros.ament_cmake' and name 'franka_bringup'
[0.193s] Level 1:colcon.colcon_core.package_identification:_identify(ros2_ws/src/franka_description) by extensions ['ignore', 'ignore_ament_install']
[0.193s] Level 1:colcon.colcon_core.package_identification:_identify(ros2_ws/src/franka_description) by extension 'ignore'
[0.193s] Level 1:colcon.colcon_core.package_identification:_identify(ros2_ws/src/franka_description) by extension 'ignore_ament_install'
[0.193s] Level 1:colcon.colcon_core.package_identification:_identify(ros2_ws/src/franka_description) by extensions ['colcon_pkg']
[0.193s] Level 1:colcon.colcon_core.package_identification:_identify(ros2_ws/src/franka_description) by extension 'colcon_pkg'
[0.193s] Level 1:colcon.colcon_core.package_identification:_identify(ros2_ws/src/franka_description) by extensions ['colcon_meta']
[0.193s] Level 1:colcon.colcon_core.package_identification:_identify(ros2_ws/src/franka_description) by extension 'colcon_meta'
[0.193s] Level 1:colcon.colcon_core.package_identification:_identify(ros2_ws/src/franka_description) by extensions ['ros']
[0.193s] Level 1:colcon.colcon_core.package_identification:_identify(ros2_ws/src/franka_description) by extension 'ros'
[0.193s] DEBUG:colcon.colcon_core.package_identification:Package 'ros2_ws/src/franka_description' with type 'ros.ament_cmake' and name 'franka_description'
[0.193s] Level 1:colcon.colcon_core.package_identification:_identify(ros2_ws/src/franka_example_controllers) by extensions ['ignore', 'ignore_ament_install']
[0.193s] Level 1:colcon.colcon_core.package_identification:_identify(ros2_ws/src/franka_example_controllers) by extension 'ignore'
[0.193s] Level 1:colcon.colcon_core.package_identification:_identify(ros2_ws/src/franka_example_controllers) by extension 'ignore_ament_install'
[0.193s] Level 1:colcon.colcon_core.package_identification:_identify(ros2_ws/src/franka_example_controllers) by extensions ['colcon_pkg']
[0.193s] Level 1:colcon.colcon_core.package_identification:_identify(ros2_ws/src/franka_example_controllers) by extension 'colcon_pkg'
[0.194s] Level 1:colcon.colcon_core.package_identification:_identify(ros2_ws/src/franka_example_controllers) by extensions ['colcon_meta']
[0.194s] Level 1:colcon.colcon_core.package_identification:_identify(ros2_ws/src/franka_example_controllers) by extension 'colcon_meta'
[0.194s] Level 1:colcon.colcon_core.package_identification:_identify(ros2_ws/src/franka_example_controllers) by extensions ['ros']
[0.194s] Level 1:colcon.colcon_core.package_identification:_identify(ros2_ws/src/franka_example_controllers) by extension 'ros'
[0.194s] DEBUG:colcon.colcon_core.package_identification:Package 'ros2_ws/src/franka_example_controllers' with type 'ros.ament_cmake' and name 'franka_example_controllers'
[0.194s] Level 1:colcon.colcon_core.package_identification:_identify(ros2_ws/src/franka_hardware) by extensions ['ignore', 'ignore_ament_install']
[0.194s] Level 1:colcon.colcon_core.package_identification:_identify(ros2_ws/src/franka_hardware) by extension 'ignore'
[0.194s] Level 1:colcon.colcon_core.package_identification:_identify(ros2_ws/src/franka_hardware) by extension 'ignore_ament_install'
[0.194s] Level 1:colcon.colcon_core.package_identification:_identify(ros2_ws/src/franka_hardware) by extensions ['colcon_pkg']
[0.194s] Level 1:colcon.colcon_core.package_identification:_identify(ros2_ws/src/franka_hardware) by extension 'colcon_pkg'
[0.194s] Level 1:colcon.colcon_core.package_identification:_identify(ros2_ws/src/franka_hardware) by extensions ['colcon_meta']
[0.194s] Level 1:colcon.colcon_core.package_identification:_identify(ros2_ws/src/franka_hardware) by extension 'colcon_meta'
[0.194s] Level 1:colcon.colcon_core.package_identification:_identify(ros2_ws/src/franka_hardware) by extensions ['ros']
[0.194s] Level 1:colcon.colcon_core.package_identification:_identify(ros2_ws/src/franka_hardware) by extension 'ros'
[0.194s] DEBUG:colcon.colcon_core.package_identification:Package 'ros2_ws/src/franka_hardware' with type 'ros.ament_cmake' and name 'franka_hardware'
[0.195s] Level 1:colcon.colcon_core.package_identification:_identify(ros2_ws/src/franka_msgs) by extensions ['ignore', 'ignore_ament_install']
[0.195s] Level 1:colcon.colcon_core.package_identification:_identify(ros2_ws/src/franka_msgs) by extension 'ignore'
[0.195s] Level 1:colcon.colcon_core.package_identification:_identify(ros2_ws/src/franka_msgs) by extension 'ignore_ament_install'
[0.195s] Level 1:colcon.colcon_core.package_identification:_identify(ros2_ws/src/franka_msgs) by extensions ['colcon_pkg']
[0.195s] Level 1:colcon.colcon_core.package_identification:_identify(ros2_ws/src/franka_msgs) by extension 'colcon_pkg'
[0.195s] Level 1:colcon.colcon_core.package_identification:_identify(ros2_ws/src/franka_msgs) by extensions ['colcon_meta']
[0.195s] Level 1:colcon.colcon_core.package_identification:_identify(ros2_ws/src/franka_msgs) by extension 'colcon_meta'
[0.195s] Level 1:colcon.colcon_core.package_identification:_identify(ros2_ws/src/franka_msgs) by extensions ['ros']
[0.195s] Level 1:colcon.colcon_core.package_identification:_identify(ros2_ws/src/franka_msgs) by extension 'ros'
[0.195s] DEBUG:colcon.colcon_core.package_identification:Package 'ros2_ws/src/franka_msgs' with type 'ros.ament_cmake' and name 'franka_msgs'
[0.195s] Level 1:colcon.colcon_core.package_identification:_identify(ros2_ws/src/franka_robot_state_broadcaster) by extensions ['ignore', 'ignore_ament_install']
[0.195s] Level 1:colcon.colcon_core.package_identification:_identify(ros2_ws/src/franka_robot_state_broadcaster) by extension 'ignore'
[0.195s] Level 1:colcon.colcon_core.package_identification:_identify(ros2_ws/src/franka_robot_state_broadcaster) by extension 'ignore_ament_install'
[0.195s] Level 1:colcon.colcon_core.package_identification:_identify(ros2_ws/src/franka_robot_state_broadcaster) by extensions ['colcon_pkg']
[0.195s] Level 1:colcon.colcon_core.package_identification:_identify(ros2_ws/src/franka_robot_state_broadcaster) by extension 'colcon_pkg'
[0.195s] Level 1:colcon.colcon_core.package_identification:_identify(ros2_ws/src/franka_robot_state_broadcaster) by extensions ['colcon_meta']
[0.195s] Level 1:colcon.colcon_core.package_identification:_identify(ros2_ws/src/franka_robot_state_broadcaster) by extension 'colcon_meta'
[0.195s] Level 1:colcon.colcon_core.package_identification:_identify(ros2_ws/src/franka_robot_state_broadcaster) by extensions ['ros']
[0.195s] Level 1:colcon.colcon_core.package_identification:_identify(ros2_ws/src/franka_robot_state_broadcaster) by extension 'ros'
[0.196s] DEBUG:colcon.colcon_core.package_identification:Package 'ros2_ws/src/franka_robot_state_broadcaster' with type 'ros.ament_cmake' and name 'franka_robot_state_broadcaster'
[0.196s] Level 1:colcon.colcon_core.package_identification:_identify(ros2_ws/src/franka_semantic_components) by extensions ['ignore', 'ignore_ament_install']
[0.196s] Level 1:colcon.colcon_core.package_identification:_identify(ros2_ws/src/franka_semantic_components) by extension 'ignore'
[0.196s] Level 1:colcon.colcon_core.package_identification:_identify(ros2_ws/src/franka_semantic_components) by extension 'ignore_ament_install'
[0.196s] Level 1:colcon.colcon_core.package_identification:_identify(ros2_ws/src/franka_semantic_components) by extensions ['colcon_pkg']
[0.196s] Level 1:colcon.colcon_core.package_identification:_identify(ros2_ws/src/franka_semantic_components) by extension 'colcon_pkg'
[0.196s] Level 1:colcon.colcon_core.package_identification:_identify(ros2_ws/src/franka_semantic_components) by extensions ['colcon_meta']
[0.196s] Level 1:colcon.colcon_core.package_identification:_identify(ros2_ws/src/franka_semantic_components) by extension 'colcon_meta'
[0.196s] Level 1:colcon.colcon_core.package_identification:_identify(ros2_ws/src/franka_semantic_components) by extensions ['ros']
[0.196s] Level 1:colcon.colcon_core.package_identification:_identify(ros2_ws/src/franka_semantic_components) by extension 'ros'
[0.196s] DEBUG:colcon.colcon_core.package_identification:Package 'ros2_ws/src/franka_semantic_components' with type 'ros.ament_cmake' and name 'franka_semantic_components'
[0.196s] Level 1:colcon.colcon_core.package_identification:_identify(ros2_ws/src/mujoco_ros_pkgs) by extensions ['ignore', 'ignore_ament_install']
[0.196s] Level 1:colcon.colcon_core.package_identification:_identify(ros2_ws/src/mujoco_ros_pkgs) by extension 'ignore'
[0.196s] Level 1:colcon.colcon_core.package_identification:_identify(ros2_ws/src/mujoco_ros_pkgs) by extension 'ignore_ament_install'
[0.196s] Level 1:colcon.colcon_core.package_identification:_identify(ros2_ws/src/mujoco_ros_pkgs) by extensions ['colcon_pkg']
[0.196s] Level 1:colcon.colcon_core.package_identification:_identify(ros2_ws/src/mujoco_ros_pkgs) by extension 'colcon_pkg'
[0.196s] Level 1:colcon.colcon_core.package_identification:_identify(ros2_ws/src/mujoco_ros_pkgs) by extensions ['colcon_meta']
[0.196s] Level 1:colcon.colcon_core.package_identification:_identify(ros2_ws/src/mujoco_ros_pkgs) by extension 'colcon_meta'
[0.196s] Level 1:colcon.colcon_core.package_identification:_identify(ros2_ws/src/mujoco_ros_pkgs) by extensions ['ros']
[0.196s] Level 1:colcon.colcon_core.package_identification:_identify(ros2_ws/src/mujoco_ros_pkgs) by extension 'ros'
[0.196s] Level 1:colcon.colcon_core.package_identification:_identify(ros2_ws/src/mujoco_ros_pkgs) by extensions ['cmake', 'python']
[0.196s] Level 1:colcon.colcon_core.package_identification:_identify(ros2_ws/src/mujoco_ros_pkgs) by extension 'cmake'
[0.196s] Level 1:colcon.colcon_core.package_identification:_identify(ros2_ws/src/mujoco_ros_pkgs) by extension 'python'
[0.196s] Level 1:colcon.colcon_core.package_identification:_identify(ros2_ws/src/mujoco_ros_pkgs) by extensions ['python_setup_py']
[0.196s] Level 1:colcon.colcon_core.package_identification:_identify(ros2_ws/src/mujoco_ros_pkgs) by extension 'python_setup_py'
[0.197s] Level 1:colcon.colcon_core.package_identification:_identify(ros2_ws/src/mujoco_ros_pkgs/mujoco_ros) by extensions ['ignore', 'ignore_ament_install']
[0.197s] Level 1:colcon.colcon_core.package_identification:_identify(ros2_ws/src/mujoco_ros_pkgs/mujoco_ros) by extension 'ignore'
[0.197s] Level 1:colcon.colcon_core.package_identification:_identify(ros2_ws/src/mujoco_ros_pkgs/mujoco_ros) by extension 'ignore_ament_install'
[0.197s] Level 1:colcon.colcon_core.package_identification:_identify(ros2_ws/src/mujoco_ros_pkgs/mujoco_ros) by extensions ['colcon_pkg']
[0.197s] Level 1:colcon.colcon_core.package_identification:_identify(ros2_ws/src/mujoco_ros_pkgs/mujoco_ros) by extension 'colcon_pkg'
[0.197s] Level 1:colcon.colcon_core.package_identification:_identify(ros2_ws/src/mujoco_ros_pkgs/mujoco_ros) by extensions ['colcon_meta']
[0.197s] Level 1:colcon.colcon_core.package_identification:_identify(ros2_ws/src/mujoco_ros_pkgs/mujoco_ros) by extension 'colcon_meta'
[0.197s] Level 1:colcon.colcon_core.package_identification:_identify(ros2_ws/src/mujoco_ros_pkgs/mujoco_ros) by extensions ['ros']
[0.197s] Level 1:colcon.colcon_core.package_identification:_identify(ros2_ws/src/mujoco_ros_pkgs/mujoco_ros) by extension 'ros'
[0.200s] DEBUG:colcon.colcon_core.package_identification:Package 'ros2_ws/src/mujoco_ros_pkgs/mujoco_ros' with type 'ros.ament_cmake' and name 'mujoco_ros'
[0.200s] Level 1:colcon.colcon_core.package_identification:_identify(ros2_ws/src/mujoco_ros_pkgs/mujoco_ros2_control) by extensions ['ignore', 'ignore_ament_install']
[0.200s] Level 1:colcon.colcon_core.package_identification:_identify(ros2_ws/src/mujoco_ros_pkgs/mujoco_ros2_control) by extension 'ignore'
[0.200s] Level 1:colcon.colcon_core.package_identification:_identify(ros2_ws/src/mujoco_ros_pkgs/mujoco_ros2_control) by extension 'ignore_ament_install'
[0.200s] Level 1:colcon.colcon_core.package_identification:_identify(ros2_ws/src/mujoco_ros_pkgs/mujoco_ros2_control) by extensions ['colcon_pkg']
[0.200s] Level 1:colcon.colcon_core.package_identification:_identify(ros2_ws/src/mujoco_ros_pkgs/mujoco_ros2_control) by extension 'colcon_pkg'
[0.200s] Level 1:colcon.colcon_core.package_identification:_identify(ros2_ws/src/mujoco_ros_pkgs/mujoco_ros2_control) by extensions ['colcon_meta']
[0.200s] Level 1:colcon.colcon_core.package_identification:_identify(ros2_ws/src/mujoco_ros_pkgs/mujoco_ros2_control) by extension 'colcon_meta'
[0.200s] Level 1:colcon.colcon_core.package_identification:_identify(ros2_ws/src/mujoco_ros_pkgs/mujoco_ros2_control) by extensions ['ros']
[0.200s] Level 1:colcon.colcon_core.package_identification:_identify(ros2_ws/src/mujoco_ros_pkgs/mujoco_ros2_control) by extension 'ros'
[0.201s] DEBUG:colcon.colcon_core.package_identification:Package 'ros2_ws/src/mujoco_ros_pkgs/mujoco_ros2_control' with type 'ros.ament_cmake' and name 'mujoco_ros2_control'
[0.201s] Level 1:colcon.colcon_core.package_identification:_identify(ros2_ws/src/mujoco_ros_pkgs/mujoco_ros2_control_system) by extensions ['ignore', 'ignore_ament_install']
[0.201s] Level 1:colcon.colcon_core.package_identification:_identify(ros2_ws/src/mujoco_ros_pkgs/mujoco_ros2_control_system) by extension 'ignore'
[0.201s] Level 1:colcon.colcon_core.package_identification:_identify(ros2_ws/src/mujoco_ros_pkgs/mujoco_ros2_control_system) by extension 'ignore_ament_install'
[0.201s] Level 1:colcon.colcon_core.package_identification:_identify(ros2_ws/src/mujoco_ros_pkgs/mujoco_ros2_control_system) by extensions ['colcon_pkg']
[0.201s] Level 1:colcon.colcon_core.package_identification:_identify(ros2_ws/src/mujoco_ros_pkgs/mujoco_ros2_control_system) by extension 'colcon_pkg'
[0.201s] Level 1:colcon.colcon_core.package_identification:_identify(ros2_ws/src/mujoco_ros_pkgs/mujoco_ros2_control_system) by extensions ['colcon_meta']
[0.201s] Level 1:colcon.colcon_core.package_identification:_identify(ros2_ws/src/mujoco_ros_pkgs/mujoco_ros2_control_system) by extension 'colcon_meta'
[0.201s] Level 1:colcon.colcon_core.package_identification:_identify(ros2_ws/src/mujoco_ros_pkgs/mujoco_ros2_control_system) by extensions ['ros']
[0.201s] Level 1:colcon.colcon_core.package_identification:_identify(ros2_ws/src/mujoco_ros_pkgs/mujoco_ros2_control_system) by extension 'ros'
[0.201s] DEBUG:colcon.colcon_core.package_identification:Package 'ros2_ws/src/mujoco_ros_pkgs/mujoco_ros2_control_system' with type 'ros.ament_cmake' and name 'mujoco_ros2_control_system'
[0.201s] Level 1:colcon.colcon_core.package_identification:_identify(ros2_ws/src/mujoco_ros_pkgs/mujoco_ros2_dummy_plugin) by extensions ['ignore', 'ignore_ament_install']
[0.201s] Level 1:colcon.colcon_core.package_identification:_identify(ros2_ws/src/mujoco_ros_pkgs/mujoco_ros2_dummy_plugin) by extension 'ignore'
[0.201s] Level 1:colcon.colcon_core.package_identification:_identify(ros2_ws/src/mujoco_ros_pkgs/mujoco_ros2_dummy_plugin) by extension 'ignore_ament_install'
[0.201s] Level 1:colcon.colcon_core.package_identification:_identify(ros2_ws/src/mujoco_ros_pkgs/mujoco_ros2_dummy_plugin) by extensions ['colcon_pkg']
[0.201s] Level 1:colcon.colcon_core.package_identification:_identify(ros2_ws/src/mujoco_ros_pkgs/mujoco_ros2_dummy_plugin) by extension 'colcon_pkg'
[0.201s] Level 1:colcon.colcon_core.package_identification:_identify(ros2_ws/src/mujoco_ros_pkgs/mujoco_ros2_dummy_plugin) by extensions ['colcon_meta']
[0.201s] Level 1:colcon.colcon_core.package_identification:_identify(ros2_ws/src/mujoco_ros_pkgs/mujoco_ros2_dummy_plugin) by extension 'colcon_meta'
[0.201s] Level 1:colcon.colcon_core.package_identification:_identify(ros2_ws/src/mujoco_ros_pkgs/mujoco_ros2_dummy_plugin) by extensions ['ros']
[0.201s] Level 1:colcon.colcon_core.package_identification:_identify(ros2_ws/src/mujoco_ros_pkgs/mujoco_ros2_dummy_plugin) by extension 'ros'
[0.202s] DEBUG:colcon.colcon_core.package_identification:Package 'ros2_ws/src/mujoco_ros_pkgs/mujoco_ros2_dummy_plugin' with type 'ros.ament_cmake' and name 'mujoco_ros2_dummy_plugin'
[0.202s] Level 1:colcon.colcon_core.package_identification:_identify(ros2_ws/src/mujoco_ros_pkgs/mujoco_ros2_sensors) by extensions ['ignore', 'ignore_ament_install']
[0.202s] Level 1:colcon.colcon_core.package_identification:_identify(ros2_ws/src/mujoco_ros_pkgs/mujoco_ros2_sensors) by extension 'ignore'
[0.202s] Level 1:colcon.colcon_core.package_identification:_identify(ros2_ws/src/mujoco_ros_pkgs/mujoco_ros2_sensors) by extension 'ignore_ament_install'
[0.202s] Level 1:colcon.colcon_core.package_identification:_identify(ros2_ws/src/mujoco_ros_pkgs/mujoco_ros2_sensors) by extensions ['colcon_pkg']
[0.202s] Level 1:colcon.colcon_core.package_identification:_identify(ros2_ws/src/mujoco_ros_pkgs/mujoco_ros2_sensors) by extension 'colcon_pkg'
[0.202s] Level 1:colcon.colcon_core.package_identification:_identify(ros2_ws/src/mujoco_ros_pkgs/mujoco_ros2_sensors) by extensions ['colcon_meta']
[0.202s] Level 1:colcon.colcon_core.package_identification:_identify(ros2_ws/src/mujoco_ros_pkgs/mujoco_ros2_sensors) by extension 'colcon_meta'
[0.202s] Level 1:colcon.colcon_core.package_identification:_identify(ros2_ws/src/mujoco_ros_pkgs/mujoco_ros2_sensors) by extensions ['ros']
[0.202s] Level 1:colcon.colcon_core.package_identification:_identify(ros2_ws/src/mujoco_ros_pkgs/mujoco_ros2_sensors) by extension 'ros'
[0.202s] DEBUG:colcon.colcon_core.package_identification:Package 'ros2_ws/src/mujoco_ros_pkgs/mujoco_ros2_sensors' with type 'ros.ament_cmake' and name 'mujoco_ros2_sensors'
[0.202s] Level 1:colcon.colcon_core.package_identification:_identify(ros2_ws/src/mujoco_ros_pkgs/mujoco_ros_control) by extensions ['ignore', 'ignore_ament_install']
[0.202s] Level 1:colcon.colcon_core.package_identification:_identify(ros2_ws/src/mujoco_ros_pkgs/mujoco_ros_control) by extension 'ignore'
[0.202s] Level 1:colcon.colcon_core.package_identification:_identify(ros2_ws/src/mujoco_ros_pkgs/mujoco_ros_control) ignored
[0.203s] Level 1:colcon.colcon_core.package_identification:_identify(ros2_ws/src/mujoco_ros_pkgs/mujoco_ros_laser) by extensions ['ignore', 'ignore_ament_install']
[0.203s] Level 1:colcon.colcon_core.package_identification:_identify(ros2_ws/src/mujoco_ros_pkgs/mujoco_ros_laser) by extension 'ignore'
[0.203s] Level 1:colcon.colcon_core.package_identification:_identify(ros2_ws/src/mujoco_ros_pkgs/mujoco_ros_laser) ignored
[0.203s] Level 1:colcon.colcon_core.package_identification:_identify(ros2_ws/src/mujoco_ros_pkgs/mujoco_ros_mocap_plugin) by extensions ['ignore', 'ignore_ament_install']
[0.203s] Level 1:colcon.colcon_core.package_identification:_identify(ros2_ws/src/mujoco_ros_pkgs/mujoco_ros_mocap_plugin) by extension 'ignore'
[0.203s] Level 1:colcon.colcon_core.package_identification:_identify(ros2_ws/src/mujoco_ros_pkgs/mujoco_ros_mocap_plugin) ignored
[0.203s] Level 1:colcon.colcon_core.package_identification:_identify(ros2_ws/src/mujoco_ros_pkgs/mujoco_ros_msgs) by extensions ['ignore', 'ignore_ament_install']
[0.203s] Level 1:colcon.colcon_core.package_identification:_identify(ros2_ws/src/mujoco_ros_pkgs/mujoco_ros_msgs) by extension 'ignore'
[0.203s] Level 1:colcon.colcon_core.package_identification:_identify(ros2_ws/src/mujoco_ros_pkgs/mujoco_ros_msgs) by extension 'ignore_ament_install'
[0.203s] Level 1:colcon.colcon_core.package_identification:_identify(ros2_ws/src/mujoco_ros_pkgs/mujoco_ros_msgs) by extensions ['colcon_pkg']
[0.203s] Level 1:colcon.colcon_core.package_identification:_identify(ros2_ws/src/mujoco_ros_pkgs/mujoco_ros_msgs) by extension 'colcon_pkg'
[0.203s] Level 1:colcon.colcon_core.package_identification:_identify(ros2_ws/src/mujoco_ros_pkgs/mujoco_ros_msgs) by extensions ['colcon_meta']
[0.203s] Level 1:colcon.colcon_core.package_identification:_identify(ros2_ws/src/mujoco_ros_pkgs/mujoco_ros_msgs) by extension 'colcon_meta'
[0.203s] Level 1:colcon.colcon_core.package_identification:_identify(ros2_ws/src/mujoco_ros_pkgs/mujoco_ros_msgs) by extensions ['ros']
[0.203s] Level 1:colcon.colcon_core.package_identification:_identify(ros2_ws/src/mujoco_ros_pkgs/mujoco_ros_msgs) by extension 'ros'
[0.204s] DEBUG:colcon.colcon_core.package_identification:Package 'ros2_ws/src/mujoco_ros_pkgs/mujoco_ros_msgs' with type 'ros.ament_cmake' and name 'mujoco_ros_msgs'
[0.204s] Level 1:colcon.colcon_core.package_identification:_identify(ros2_ws/src/mujoco_ros_pkgs/mujoco_ros_pkgs) by extensions ['ignore', 'ignore_ament_install']
[0.205s] Level 1:colcon.colcon_core.package_identification:_identify(ros2_ws/src/mujoco_ros_pkgs/mujoco_ros_pkgs) by extension 'ignore'
[0.205s] Level 1:colcon.colcon_core.package_identification:_identify(ros2_ws/src/mujoco_ros_pkgs/mujoco_ros_pkgs) by extension 'ignore_ament_install'
[0.205s] Level 1:colcon.colcon_core.package_identification:_identify(ros2_ws/src/mujoco_ros_pkgs/mujoco_ros_pkgs) by extensions ['colcon_pkg']
[0.205s] Level 1:colcon.colcon_core.package_identification:_identify(ros2_ws/src/mujoco_ros_pkgs/mujoco_ros_pkgs) by extension 'colcon_pkg'
[0.205s] Level 1:colcon.colcon_core.package_identification:_identify(ros2_ws/src/mujoco_ros_pkgs/mujoco_ros_pkgs) by extensions ['colcon_meta']
[0.205s] Level 1:colcon.colcon_core.package_identification:_identify(ros2_ws/src/mujoco_ros_pkgs/mujoco_ros_pkgs) by extension 'colcon_meta'
[0.205s] Level 1:colcon.colcon_core.package_identification:_identify(ros2_ws/src/mujoco_ros_pkgs/mujoco_ros_pkgs) by extensions ['ros']
[0.205s] Level 1:colcon.colcon_core.package_identification:_identify(ros2_ws/src/mujoco_ros_pkgs/mujoco_ros_pkgs) by extension 'ros'
[0.206s] DEBUG:colcon.colcon_core.package_identification:Package 'ros2_ws/src/mujoco_ros_pkgs/mujoco_ros_pkgs' with type 'ros.ament_cmake' and name 'mujoco_ros_pkgs'
[0.206s] Level 1:colcon.colcon_core.package_identification:_identify(ros2_ws/src/mujoco_ros_pkgs/mujoco_ros_sensors) by extensions ['ignore', 'ignore_ament_install']
[0.206s] Level 1:colcon.colcon_core.package_identification:_identify(ros2_ws/src/mujoco_ros_pkgs/mujoco_ros_sensors) by extension 'ignore'
[0.206s] Level 1:colcon.colcon_core.package_identification:_identify(ros2_ws/src/mujoco_ros_pkgs/mujoco_ros_sensors) ignored
[0.206s] Level 1:colcon.colcon_core.package_identification:_identify(ros2_ws/src/multi_mode_control_msgs) by extensions ['ignore', 'ignore_ament_install']
[0.206s] Level 1:colcon.colcon_core.package_identification:_identify(ros2_ws/src/multi_mode_control_msgs) by extension 'ignore'
[0.206s] Level 1:colcon.colcon_core.package_identification:_identify(ros2_ws/src/multi_mode_control_msgs) by extension 'ignore_ament_install'
[0.206s] Level 1:colcon.colcon_core.package_identification:_identify(ros2_ws/src/multi_mode_control_msgs) by extensions ['colcon_pkg']
[0.206s] Level 1:colcon.colcon_core.package_identification:_identify(ros2_ws/src/multi_mode_control_msgs) by extension 'colcon_pkg'
[0.206s] Level 1:colcon.colcon_core.package_identification:_identify(ros2_ws/src/multi_mode_control_msgs) by extensions ['colcon_meta']
[0.206s] Level 1:colcon.colcon_core.package_identification:_identify(ros2_ws/src/multi_mode_control_msgs) by extension 'colcon_meta'
[0.206s] Level 1:colcon.colcon_core.package_identification:_identify(ros2_ws/src/multi_mode_control_msgs) by extensions ['ros']
[0.206s] Level 1:colcon.colcon_core.package_identification:_identify(ros2_ws/src/multi_mode_control_msgs) by extension 'ros'
[0.206s] DEBUG:colcon.colcon_core.package_identification:Package 'ros2_ws/src/multi_mode_control_msgs' with type 'ros.ament_cmake' and name 'multi_mode_control_msgs'
[0.206s] Level 1:colcon.colcon_core.package_identification:_identify(ros2_ws/src/multi_mode_controller) by extensions ['ignore', 'ignore_ament_install']
[0.206s] Level 1:colcon.colcon_core.package_identification:_identify(ros2_ws/src/multi_mode_controller) by extension 'ignore'
[0.206s] Level 1:colcon.colcon_core.package_identification:_identify(ros2_ws/src/multi_mode_controller) by extension 'ignore_ament_install'
[0.206s] Level 1:colcon.colcon_core.package_identification:_identify(ros2_ws/src/multi_mode_controller) by extensions ['colcon_pkg']
[0.206s] Level 1:colcon.colcon_core.package_identification:_identify(ros2_ws/src/multi_mode_controller) by extension 'colcon_pkg'
[0.206s] Level 1:colcon.colcon_core.package_identification:_identify(ros2_ws/src/multi_mode_controller) by extensions ['colcon_meta']
[0.206s] Level 1:colcon.colcon_core.package_identification:_identify(ros2_ws/src/multi_mode_controller) by extension 'colcon_meta'
[0.206s] Level 1:colcon.colcon_core.package_identification:_identify(ros2_ws/src/multi_mode_controller) by extensions ['ros']
[0.206s] Level 1:colcon.colcon_core.package_identification:_identify(ros2_ws/src/multi_mode_controller) by extension 'ros'
[0.207s] DEBUG:colcon.colcon_core.package_identification:Package 'ros2_ws/src/multi_mode_controller' with type 'ros.ament_cmake' and name 'multi_mode_controller'
[0.207s] Level 1:colcon.colcon_core.package_identification:_identify(ros2_ws/src/multi_mode_controller_impl) by extensions ['ignore', 'ignore_ament_install']
[0.207s] Level 1:colcon.colcon_core.package_identification:_identify(ros2_ws/src/multi_mode_controller_impl) by extension 'ignore'
[0.207s] Level 1:colcon.colcon_core.package_identification:_identify(ros2_ws/src/multi_mode_controller_impl) by extension 'ignore_ament_install'
[0.207s] Level 1:colcon.colcon_core.package_identification:_identify(ros2_ws/src/multi_mode_controller_impl) by extensions ['colcon_pkg']
[0.207s] Level 1:colcon.colcon_core.package_identification:_identify(ros2_ws/src/multi_mode_controller_impl) by extension 'colcon_pkg'
[0.207s] Level 1:colcon.colcon_core.package_identification:_identify(ros2_ws/src/multi_mode_controller_impl) by extensions ['colcon_meta']
[0.207s] Level 1:colcon.colcon_core.package_identification:_identify(ros2_ws/src/multi_mode_controller_impl) by extension 'colcon_meta'
[0.207s] Level 1:colcon.colcon_core.package_identification:_identify(ros2_ws/src/multi_mode_controller_impl) by extensions ['ros']
[0.207s] Level 1:colcon.colcon_core.package_identification:_identify(ros2_ws/src/multi_mode_controller_impl) by extension 'ros'
[0.207s] DEBUG:colcon.colcon_core.package_identification:Package 'ros2_ws/src/multi_mode_controller_impl' with type 'ros.ament_cmake' and name 'multi_mode_controller_impl'
[0.207s] Level 1:colcon.colcon_core.package_identification:_identify(ros2_ws/src/panda_motion_generator_msgs) by extensions ['ignore', 'ignore_ament_install']
[0.207s] Level 1:colcon.colcon_core.package_identification:_identify(ros2_ws/src/panda_motion_generator_msgs) by extension 'ignore'
[0.207s] Level 1:colcon.colcon_core.package_identification:_identify(ros2_ws/src/panda_motion_generator_msgs) by extension 'ignore_ament_install'
[0.207s] Level 1:colcon.colcon_core.package_identification:_identify(ros2_ws/src/panda_motion_generator_msgs) by extensions ['colcon_pkg']
[0.207s] Level 1:colcon.colcon_core.package_identification:_identify(ros2_ws/src/panda_motion_generator_msgs) by extension 'colcon_pkg'
[0.208s] Level 1:colcon.colcon_core.package_identification:_identify(ros2_ws/src/panda_motion_generator_msgs) by extensions ['colcon_meta']
[0.208s] Level 1:colcon.colcon_core.package_identification:_identify(ros2_ws/src/panda_motion_generator_msgs) by extension 'colcon_meta'
[0.208s] Level 1:colcon.colcon_core.package_identification:_identify(ros2_ws/src/panda_motion_generator_msgs) by extensions ['ros']
[0.208s] Level 1:colcon.colcon_core.package_identification:_identify(ros2_ws/src/panda_motion_generator_msgs) by extension 'ros'
[0.208s] DEBUG:colcon.colcon_core.package_identification:Package 'ros2_ws/src/panda_motion_generator_msgs' with type 'ros.ament_cmake' and name 'panda_motion_generator_msgs'
[0.208s] Level 1:colcon.colcon_core.package_identification:_identify(ros2_ws/src/panda_motion_generators) by extensions ['ignore', 'ignore_ament_install']
[0.208s] Level 1:colcon.colcon_core.package_identification:_identify(ros2_ws/src/panda_motion_generators) by extension 'ignore'
[0.208s] Level 1:colcon.colcon_core.package_identification:_identify(ros2_ws/src/panda_motion_generators) by extension 'ignore_ament_install'
[0.208s] Level 1:colcon.colcon_core.package_identification:_identify(ros2_ws/src/panda_motion_generators) by extensions ['colcon_pkg']
[0.208s] Level 1:colcon.colcon_core.package_identification:_identify(ros2_ws/src/panda_motion_generators) by extension 'colcon_pkg'
[0.208s] Level 1:colcon.colcon_core.package_identification:_identify(ros2_ws/src/panda_motion_generators) by extensions ['colcon_meta']
[0.208s] Level 1:colcon.colcon_core.package_identification:_identify(ros2_ws/src/panda_motion_generators) by extension 'colcon_meta'
[0.208s] Level 1:colcon.colcon_core.package_identification:_identify(ros2_ws/src/panda_motion_generators) by extensions ['ros']
[0.208s] Level 1:colcon.colcon_core.package_identification:_identify(ros2_ws/src/panda_motion_generators) by extension 'ros'
[0.208s] DEBUG:colcon.colcon_core.package_identification:Package 'ros2_ws/src/panda_motion_generators' with type 'ros.ament_cmake' and name 'panda_motion_generators'
[0.208s] Level 1:colcon.colcon_core.package_discovery:discover_packages(recursive) using defaults
[0.208s] Level 1:colcon.colcon_core.package_discovery:discover_packages(ignore) discover
[0.208s] Level 1:colcon.colcon_core.package_discovery:discover_packages(ignore) using defaults
[0.208s] Level 1:colcon.colcon_core.package_discovery:discover_packages(path) discover
[0.208s] Level 1:colcon.colcon_core.package_discovery:discover_packages(path) using defaults
[0.221s] INFO:colcon.colcon_core.package_selection:Skipping package 'franka_bringup' in 'ros2_ws/src/franka_bringup'
[0.221s] INFO:colcon.colcon_core.package_selection:Skipping package 'panda_motion_generators' in 'ros2_ws/src/panda_motion_generators'
[0.221s] INFO:colcon.colcon_core.package_selection:Skipping package 'multi_mode_controller_impl' in 'ros2_ws/src/multi_mode_controller_impl'
[0.221s] INFO:colcon.colcon_core.package_selection:Skipping package 'multi_mode_controller' in 'ros2_ws/src/multi_mode_controller'
[0.221s] INFO:colcon.colcon_core.package_selection:Skipping package 'franka_robot_state_broadcaster' in 'ros2_ws/src/franka_robot_state_broadcaster'
[0.221s] INFO:colcon.colcon_core.package_selection:Skipping package 'franka_example_controllers' in 'ros2_ws/src/franka_example_controllers'
[0.221s] INFO:colcon.colcon_core.package_selection:Skipping package 'franka_semantic_components' in 'ros2_ws/src/franka_semantic_components'
[0.221s] INFO:colcon.colcon_core.package_selection:Skipping package 'mujoco_ros2_control_system' in 'ros2_ws/src/mujoco_ros_pkgs/mujoco_ros2_control_system'
[0.221s] INFO:colcon.colcon_core.package_selection:Skipping package 'franka_hardware' in 'ros2_ws/src/franka_hardware'
[0.221s] INFO:colcon.colcon_core.package_selection:Skipping package 'mujoco_ros_pkgs' in 'ros2_ws/src/mujoco_ros_pkgs/mujoco_ros_pkgs'
[0.221s] INFO:colcon.colcon_core.package_selection:Skipping package 'mujoco_ros2_sensors' in 'ros2_ws/src/mujoco_ros_pkgs/mujoco_ros2_sensors'
[0.221s] INFO:colcon.colcon_core.package_selection:Skipping package 'mujoco_ros2_dummy_plugin' in 'ros2_ws/src/mujoco_ros_pkgs/mujoco_ros2_dummy_plugin'
[0.221s] INFO:colcon.colcon_core.package_selection:Skipping package 'mujoco_ros2_control' in 'ros2_ws/src/mujoco_ros_pkgs/mujoco_ros2_control'
[0.221s] INFO:colcon.colcon_core.package_selection:Skipping package 'multi_mode_control_msgs' in 'ros2_ws/src/multi_mode_control_msgs'
[0.221s] INFO:colcon.colcon_core.package_selection:Skipping package 'controller' in 'ros2_ws/src/controller'
[0.221s] INFO:colcon.colcon_core.package_selection:Skipping package 'panda_motion_generator_msgs' in 'ros2_ws/src/panda_motion_generator_msgs'
[0.221s] INFO:colcon.colcon_core.package_selection:Skipping package 'franka_msgs' in 'ros2_ws/src/franka_msgs'
[0.221s] INFO:colcon.colcon_core.package_selection:Skipping package 'franka_ik_py' in 'ros2_ws/src/franka_analytical_ik'
[0.221s] INFO:colcon.colcon_core.package_selection:Skipping package 'franka_description' in 'ros2_ws/src/franka_description'
[0.221s] INFO:colcon.colcon_core.package_selection:Skipping package 'cplus_dev' in 'ros2_ws/src/cplus_dev'
[0.221s] Level 1:colcon.colcon_core.package_discovery:discover_packages(prefix_path) check parameters
[0.221s] Level 1:colcon.colcon_core.package_discovery:discover_packages(prefix_path) discover
[0.223s] DEBUG:colcon.colcon_installed_package_information.package_discovery:Found 347 installed packages in /opt/ros/jazzy
[0.223s] Level 1:colcon.colcon_core.package_discovery:discover_packages(prefix_path) using defaults
[0.251s] Level 5:colcon.colcon_core.verb:set package 'mujoco_ros_msgs' build argument 'cmake_args' from command line to 'None'
[0.251s] Level 5:colcon.colcon_core.verb:set package 'mujoco_ros_msgs' build argument 'cmake_target' from command line to 'None'
[0.251s] Level 5:colcon.colcon_core.verb:set package 'mujoco_ros_msgs' build argument 'cmake_target_skip_unavailable' from command line to 'False'
[0.251s] Level 5:colcon.colcon_core.verb:set package 'mujoco_ros_msgs' build argument 'cmake_clean_cache' from command line to 'False'
[0.251s] Level 5:colcon.colcon_core.verb:set package 'mujoco_ros_msgs' build argument 'cmake_clean_first' from command line to 'False'
[0.251s] Level 5:colcon.colcon_core.verb:set package 'mujoco_ros_msgs' build argument 'cmake_force_configure' from command line to 'False'
[0.251s] Level 5:colcon.colcon_core.verb:set package 'mujoco_ros_msgs' build argument 'ament_cmake_args' from command line to 'None'
[0.251s] Level 5:colcon.colcon_core.verb:set package 'mujoco_ros_msgs' build argument 'catkin_cmake_args' from command line to 'None'
[0.251s] Level 5:colcon.colcon_core.verb:set package 'mujoco_ros_msgs' build argument 'catkin_skip_building_tests' from command line to 'False'
[0.251s] DEBUG:colcon.colcon_core.verb:Building package 'mujoco_ros_msgs' with the following arguments: {'ament_cmake_args': None, 'build_base': '/home/herring/rzddzy/build/mujoco_ros_msgs', 'catkin_cmake_args': None, 'catkin_skip_building_tests': False, 'cmake_args': None, 'cmake_clean_cache': False, 'cmake_clean_first': False, 'cmake_force_configure': False, 'cmake_target': None, 'cmake_target_skip_unavailable': False, 'install_base': '/home/herring/rzddzy/install/mujoco_ros_msgs', 'merge_install': False, 'path': '/home/herring/rzddzy/ros2_ws/src/mujoco_ros_pkgs/mujoco_ros_msgs', 'symlink_install': True, 'test_result_base': None}
[0.251s] Level 5:colcon.colcon_core.verb:set package 'mujoco_ros' build argument 'cmake_args' from command line to 'None'
[0.251s] Level 5:colcon.colcon_core.verb:set package 'mujoco_ros' build argument 'cmake_target' from command line to 'None'
[0.251s] Level 5:colcon.colcon_core.verb:set package 'mujoco_ros' build argument 'cmake_target_skip_unavailable' from command line to 'False'
[0.251s] Level 5:colcon.colcon_core.verb:set package 'mujoco_ros' build argument 'cmake_clean_cache' from command line to 'False'
[0.251s] Level 5:colcon.colcon_core.verb:set package 'mujoco_ros' build argument 'cmake_clean_first' from command line to 'False'
[0.251s] Level 5:colcon.colcon_core.verb:set package 'mujoco_ros' build argument 'cmake_force_configure' from command line to 'False'
[0.251s] Level 5:colcon.colcon_core.verb:set package 'mujoco_ros' build argument 'ament_cmake_args' from command line to 'None'
[0.251s] Level 5:colcon.colcon_core.verb:set package 'mujoco_ros' build argument 'catkin_cmake_args' from command line to 'None'
[0.251s] Level 5:colcon.colcon_core.verb:set package 'mujoco_ros' build argument 'catkin_skip_building_tests' from command line to 'False'
[0.251s] DEBUG:colcon.colcon_core.verb:Building package 'mujoco_ros' with the following arguments: {'ament_cmake_args': None, 'build_base': '/home/herring/rzddzy/build/mujoco_ros', 'catkin_cmake_args': None, 'catkin_skip_building_tests': False, 'cmake_args': None, 'cmake_clean_cache': False, 'cmake_clean_first': False, 'cmake_force_configure': False, 'cmake_target': None, 'cmake_target_skip_unavailable': False, 'install_base': '/home/herring/rzddzy/install/mujoco_ros', 'merge_install': False, 'path': '/home/herring/rzddzy/ros2_ws/src/mujoco_ros_pkgs/mujoco_ros', 'symlink_install': True, 'test_result_base': None}
[0.251s] INFO:colcon.colcon_core.executor:Executing jobs using 'parallel' executor
[0.252s] DEBUG:colcon.colcon_parallel_executor.executor.parallel:run_until_complete
[0.252s] INFO:colcon.colcon_ros.task.ament_cmake.build:Building ROS package in '/home/herring/rzddzy/ros2_ws/src/mujoco_ros_pkgs/mujoco_ros_msgs' with build type 'ament_cmake'
[0.252s] INFO:colcon.colcon_cmake.task.cmake.build:Building CMake package in '/home/herring/rzddzy/ros2_ws/src/mujoco_ros_pkgs/mujoco_ros_msgs'
[0.253s] INFO:colcon.colcon_core.plugin_system:Skipping extension 'colcon_core.shell.bat': Not used on non-Windows systems
[0.253s] INFO:colcon.colcon_core.shell:Skip shell extension 'powershell' for command environment: Not usable outside of PowerShell
[0.253s] DEBUG:colcon.colcon_core.shell:Skip shell extension 'dsv' for command environment
[0.260s] DEBUG:colcon.colcon_core.event_handler.log_command:Invoking command in '/home/herring/rzddzy/build/mujoco_ros_msgs': CMAKE_PREFIX_PATH=${CMAKE_PREFIX_PATH}:/opt/ros/jazzy DEBUGINFOD_URLS=https://debuginfod.ubuntu.com /usr/bin/cmake --build /home/herring/rzddzy/build/mujoco_ros_msgs -- -j28 -l28
[0.544s] DEBUG:colcon.colcon_core.event_handler.log_command:Invoked command in '/home/herring/rzddzy/build/mujoco_ros_msgs' returned '0': CMAKE_PREFIX_PATH=${CMAKE_PREFIX_PATH}:/opt/ros/jazzy DEBUGINFOD_URLS=https://debuginfod.ubuntu.com /usr/bin/cmake --build /home/herring/rzddzy/build/mujoco_ros_msgs -- -j28 -l28
[0.553s] DEBUG:colcon.colcon_core.event_handler.log_command:Invoking command in '/home/herring/rzddzy/build/mujoco_ros_msgs': CMAKE_PREFIX_PATH=${CMAKE_PREFIX_PATH}:/opt/ros/jazzy DEBUGINFOD_URLS=https://debuginfod.ubuntu.com /usr/bin/cmake --install /home/herring/rzddzy/build/mujoco_ros_msgs
[0.635s] Level 1:colcon.colcon_core.environment:create_environment_scripts_only(mujoco_ros_msgs)
[0.636s] DEBUG:colcon.colcon_core.event_handler.log_command:Invoked command in '/home/herring/rzddzy/build/mujoco_ros_msgs' returned '0': CMAKE_PREFIX_PATH=${CMAKE_PREFIX_PATH}:/opt/ros/jazzy DEBUGINFOD_URLS=https://debuginfod.ubuntu.com /usr/bin/cmake --install /home/herring/rzddzy/build/mujoco_ros_msgs
[0.637s] Level 1:colcon.colcon_core.environment:checking '/home/herring/rzddzy/install/mujoco_ros_msgs' for CMake module files
[0.638s] Level 1:colcon.colcon_core.environment:checking '/home/herring/rzddzy/install/mujoco_ros_msgs' for CMake config files
[0.639s] Level 1:colcon.colcon_core.shell:create_environment_hook('mujoco_ros_msgs', 'cmake_prefix_path')
[0.639s] INFO:colcon.colcon_core.shell:Creating environment hook '/home/herring/rzddzy/install/mujoco_ros_msgs/share/mujoco_ros_msgs/hook/cmake_prefix_path.ps1'
[0.640s] INFO:colcon.colcon_core.shell:Creating environment descriptor '/home/herring/rzddzy/install/mujoco_ros_msgs/share/mujoco_ros_msgs/hook/cmake_prefix_path.dsv'
[0.640s] INFO:colcon.colcon_core.shell:Creating environment hook '/home/herring/rzddzy/install/mujoco_ros_msgs/share/mujoco_ros_msgs/hook/cmake_prefix_path.sh'
[0.641s] Level 1:colcon.colcon_core.environment:checking '/home/herring/rzddzy/install/mujoco_ros_msgs/lib'
[0.641s] Level 1:colcon.colcon_core.shell:create_environment_hook('mujoco_ros_msgs', 'ld_library_path_lib')
[0.641s] INFO:colcon.colcon_core.shell:Creating environment hook '/home/herring/rzddzy/install/mujoco_ros_msgs/share/mujoco_ros_msgs/hook/ld_library_path_lib.ps1'
[0.642s] INFO:colcon.colcon_core.shell:Creating environment descriptor '/home/herring/rzddzy/install/mujoco_ros_msgs/share/mujoco_ros_msgs/hook/ld_library_path_lib.dsv'
[0.642s] INFO:colcon.colcon_core.shell:Creating environment hook '/home/herring/rzddzy/install/mujoco_ros_msgs/share/mujoco_ros_msgs/hook/ld_library_path_lib.sh'
[0.642s] Level 1:colcon.colcon_core.environment:checking '/home/herring/rzddzy/install/mujoco_ros_msgs/bin'
[0.642s] Level 1:colcon.colcon_core.environment:checking '/home/herring/rzddzy/install/mujoco_ros_msgs/lib/pkgconfig/mujoco_ros_msgs.pc'
[0.643s] Level 1:colcon.colcon_core.environment:checking '/home/herring/rzddzy/install/mujoco_ros_msgs/lib/python3.12/site-packages'
[0.643s] Level 1:colcon.colcon_core.shell:create_environment_hook('mujoco_ros_msgs', 'pythonpath')
[0.643s] INFO:colcon.colcon_core.shell:Creating environment hook '/home/herring/rzddzy/install/mujoco_ros_msgs/share/mujoco_ros_msgs/hook/pythonpath.ps1'
[0.643s] INFO:colcon.colcon_core.shell:Creating environment descriptor '/home/herring/rzddzy/install/mujoco_ros_msgs/share/mujoco_ros_msgs/hook/pythonpath.dsv'
[0.643s] INFO:colcon.colcon_core.shell:Creating environment hook '/home/herring/rzddzy/install/mujoco_ros_msgs/share/mujoco_ros_msgs/hook/pythonpath.sh'
[0.644s] Level 1:colcon.colcon_core.environment:checking '/home/herring/rzddzy/install/mujoco_ros_msgs/bin'
[0.644s] INFO:colcon.colcon_core.shell:Creating package script '/home/herring/rzddzy/install/mujoco_ros_msgs/share/mujoco_ros_msgs/package.ps1'
[0.645s] INFO:colcon.colcon_core.shell:Creating package descriptor '/home/herring/rzddzy/install/mujoco_ros_msgs/share/mujoco_ros_msgs/package.dsv'
[0.646s] INFO:colcon.colcon_core.shell:Creating package script '/home/herring/rzddzy/install/mujoco_ros_msgs/share/mujoco_ros_msgs/package.sh'
[0.646s] INFO:colcon.colcon_core.shell:Creating package script '/home/herring/rzddzy/install/mujoco_ros_msgs/share/mujoco_ros_msgs/package.bash'
[0.647s] INFO:colcon.colcon_core.shell:Creating package script '/home/herring/rzddzy/install/mujoco_ros_msgs/share/mujoco_ros_msgs/package.zsh'
[0.647s] Level 1:colcon.colcon_core.environment:create_file_with_runtime_dependencies(/home/herring/rzddzy/install/mujoco_ros_msgs/share/colcon-core/packages/mujoco_ros_msgs)
[0.648s] Level 1:colcon.colcon_core.environment:create_environment_scripts_only(mujoco_ros_msgs)
[0.648s] Level 1:colcon.colcon_core.environment:checking '/home/herring/rzddzy/install/mujoco_ros_msgs' for CMake module files
[0.649s] Level 1:colcon.colcon_core.environment:checking '/home/herring/rzddzy/install/mujoco_ros_msgs' for CMake config files
[0.650s] Level 1:colcon.colcon_core.shell:create_environment_hook('mujoco_ros_msgs', 'cmake_prefix_path')
[0.650s] INFO:colcon.colcon_core.shell:Creating environment hook '/home/herring/rzddzy/install/mujoco_ros_msgs/share/mujoco_ros_msgs/hook/cmake_prefix_path.ps1'
[0.651s] INFO:colcon.colcon_core.shell:Creating environment descriptor '/home/herring/rzddzy/install/mujoco_ros_msgs/share/mujoco_ros_msgs/hook/cmake_prefix_path.dsv'
[0.651s] INFO:colcon.colcon_core.shell:Creating environment hook '/home/herring/rzddzy/install/mujoco_ros_msgs/share/mujoco_ros_msgs/hook/cmake_prefix_path.sh'
[0.651s] Level 1:colcon.colcon_core.environment:checking '/home/herring/rzddzy/install/mujoco_ros_msgs/lib'
[0.652s] Level 1:colcon.colcon_core.shell:create_environment_hook('mujoco_ros_msgs', 'ld_library_path_lib')
[0.652s] INFO:colcon.colcon_core.shell:Creating environment hook '/home/herring/rzddzy/install/mujoco_ros_msgs/share/mujoco_ros_msgs/hook/ld_library_path_lib.ps1'
[0.652s] INFO:colcon.colcon_core.shell:Creating environment descriptor '/home/herring/rzddzy/install/mujoco_ros_msgs/share/mujoco_ros_msgs/hook/ld_library_path_lib.dsv'
[0.652s] INFO:colcon.colcon_core.shell:Creating environment hook '/home/herring/rzddzy/install/mujoco_ros_msgs/share/mujoco_ros_msgs/hook/ld_library_path_lib.sh'
[0.653s] Level 1:colcon.colcon_core.environment:checking '/home/herring/rzddzy/install/mujoco_ros_msgs/bin'
[0.653s] Level 1:colcon.colcon_core.environment:checking '/home/herring/rzddzy/install/mujoco_ros_msgs/lib/pkgconfig/mujoco_ros_msgs.pc'
[0.653s] Level 1:colcon.colcon_core.environment:checking '/home/herring/rzddzy/install/mujoco_ros_msgs/lib/python3.12/site-packages'
[0.653s] Level 1:colcon.colcon_core.shell:create_environment_hook('mujoco_ros_msgs', 'pythonpath')
[0.653s] INFO:colcon.colcon_core.shell:Creating environment hook '/home/herring/rzddzy/install/mujoco_ros_msgs/share/mujoco_ros_msgs/hook/pythonpath.ps1'
[0.654s] INFO:colcon.colcon_core.shell:Creating environment descriptor '/home/herring/rzddzy/install/mujoco_ros_msgs/share/mujoco_ros_msgs/hook/pythonpath.dsv'
[0.654s] INFO:colcon.colcon_core.shell:Creating environment hook '/home/herring/rzddzy/install/mujoco_ros_msgs/share/mujoco_ros_msgs/hook/pythonpath.sh'
[0.655s] Level 1:colcon.colcon_core.environment:checking '/home/herring/rzddzy/install/mujoco_ros_msgs/bin'
[0.655s] INFO:colcon.colcon_core.shell:Creating package script '/home/herring/rzddzy/install/mujoco_ros_msgs/share/mujoco_ros_msgs/package.ps1'
[0.655s] INFO:colcon.colcon_core.shell:Creating package descriptor '/home/herring/rzddzy/install/mujoco_ros_msgs/share/mujoco_ros_msgs/package.dsv'
[0.656s] INFO:colcon.colcon_core.shell:Creating package script '/home/herring/rzddzy/install/mujoco_ros_msgs/share/mujoco_ros_msgs/package.sh'
[0.656s] INFO:colcon.colcon_core.shell:Creating package script '/home/herring/rzddzy/install/mujoco_ros_msgs/share/mujoco_ros_msgs/package.bash'
[0.657s] INFO:colcon.colcon_core.shell:Creating package script '/home/herring/rzddzy/install/mujoco_ros_msgs/share/mujoco_ros_msgs/package.zsh'
[0.657s] Level 1:colcon.colcon_core.environment:create_file_with_runtime_dependencies(/home/herring/rzddzy/install/mujoco_ros_msgs/share/colcon-core/packages/mujoco_ros_msgs)
[0.657s] INFO:colcon.colcon_ros.task.ament_cmake.build:Building ROS package in '/home/herring/rzddzy/ros2_ws/src/mujoco_ros_pkgs/mujoco_ros' with build type 'ament_cmake'
[0.657s] INFO:colcon.colcon_cmake.task.cmake.build:Building CMake package in '/home/herring/rzddzy/ros2_ws/src/mujoco_ros_pkgs/mujoco_ros'
[0.657s] INFO:colcon.colcon_core.shell:Skip shell extension 'powershell' for command environment: Not usable outside of PowerShell
[0.657s] DEBUG:colcon.colcon_core.shell:Skip shell extension 'dsv' for command environment
[0.666s] DEBUG:colcon.colcon_core.event_handler.log_command:Invoking command in '/home/herring/rzddzy/build/mujoco_ros': AMENT_PREFIX_PATH=/home/herring/rzddzy/install/mujoco_ros_msgs:${AMENT_PREFIX_PATH} CMAKE_PREFIX_PATH=/home/herring/rzddzy/install/mujoco_ros_msgs:/opt/ros/jazzy/opt/sdformat_vendor:/opt/ros/jazzy/opt/gz_math_vendor:/opt/ros/jazzy/opt/gz_utils_vendor:/opt/ros/jazzy/opt/gz_tools_vendor:/opt/ros/jazzy/opt/gz_cmake_vendor:/opt/ros/jazzy DEBUGINFOD_URLS=https://debuginfod.ubuntu.com LD_LIBRARY_PATH=/home/herring/rzddzy/install/mujoco_ros_msgs/lib:${LD_LIBRARY_PATH} PYTHONPATH=/home/herring/rzddzy/install/mujoco_ros_msgs/lib/python3.12/site-packages:${PYTHONPATH} /usr/bin/cmake /home/herring/rzddzy/ros2_ws/src/mujoco_ros_pkgs/mujoco_ros -DAMENT_CMAKE_SYMLINK_INSTALL=1 -DCMAKE_INSTALL_PREFIX=/home/herring/rzddzy/install/mujoco_ros
[1.305s] DEBUG:colcon.colcon_core.event_handler.log_command:Invoked command in '/home/herring/rzddzy/build/mujoco_ros' returned '0': AMENT_PREFIX_PATH=/home/herring/rzddzy/install/mujoco_ros_msgs:${AMENT_PREFIX_PATH} CMAKE_PREFIX_PATH=/home/herring/rzddzy/install/mujoco_ros_msgs:/opt/ros/jazzy/opt/sdformat_vendor:/opt/ros/jazzy/opt/gz_math_vendor:/opt/ros/jazzy/opt/gz_utils_vendor:/opt/ros/jazzy/opt/gz_tools_vendor:/opt/ros/jazzy/opt/gz_cmake_vendor:/opt/ros/jazzy DEBUGINFOD_URLS=https://debuginfod.ubuntu.com LD_LIBRARY_PATH=/home/herring/rzddzy/install/mujoco_ros_msgs/lib:${LD_LIBRARY_PATH} PYTHONPATH=/home/herring/rzddzy/install/mujoco_ros_msgs/lib/python3.12/site-packages:${PYTHONPATH} /usr/bin/cmake /home/herring/rzddzy/ros2_ws/src/mujoco_ros_pkgs/mujoco_ros -DAMENT_CMAKE_SYMLINK_INSTALL=1 -DCMAKE_INSTALL_PREFIX=/home/herring/rzddzy/install/mujoco_ros
[1.306s] DEBUG:colcon.colcon_core.event_handler.log_command:Invoking command in '/home/herring/rzddzy/build/mujoco_ros': AMENT_PREFIX_PATH=/home/herring/rzddzy/install/mujoco_ros_msgs:${AMENT_PREFIX_PATH} CMAKE_PREFIX_PATH=/home/herring/rzddzy/install/mujoco_ros_msgs:/opt/ros/jazzy/opt/sdformat_vendor:/opt/ros/jazzy/opt/gz_math_vendor:/opt/ros/jazzy/opt/gz_utils_vendor:/opt/ros/jazzy/opt/gz_tools_vendor:/opt/ros/jazzy/opt/gz_cmake_vendor:/opt/ros/jazzy DEBUGINFOD_URLS=https://debuginfod.ubuntu.com LD_LIBRARY_PATH=/home/herring/rzddzy/install/mujoco_ros_msgs/lib:${LD_LIBRARY_PATH} PYTHONPATH=/home/herring/rzddzy/install/mujoco_ros_msgs/lib/python3.12/site-packages:${PYTHONPATH} /usr/bin/cmake --build /home/herring/rzddzy/build/mujoco_ros -- -j28 -l28
[22.532s] DEBUG:colcon.colcon_core.event_handler.log_command:Invoked command in '/home/herring/rzddzy/build/mujoco_ros' returned '0': AMENT_PREFIX_PATH=/home/herring/rzddzy/install/mujoco_ros_msgs:${AMENT_PREFIX_PATH} CMAKE_PREFIX_PATH=/home/herring/rzddzy/install/mujoco_ros_msgs:/opt/ros/jazzy/opt/sdformat_vendor:/opt/ros/jazzy/opt/gz_math_vendor:/opt/ros/jazzy/opt/gz_utils_vendor:/opt/ros/jazzy/opt/gz_tools_vendor:/opt/ros/jazzy/opt/gz_cmake_vendor:/opt/ros/jazzy DEBUGINFOD_URLS=https://debuginfod.ubuntu.com LD_LIBRARY_PATH=/home/herring/rzddzy/install/mujoco_ros_msgs/lib:${LD_LIBRARY_PATH} PYTHONPATH=/home/herring/rzddzy/install/mujoco_ros_msgs/lib/python3.12/site-packages:${PYTHONPATH} /usr/bin/cmake --build /home/herring/rzddzy/build/mujoco_ros -- -j28 -l28
[22.533s] DEBUG:colcon.colcon_core.event_handler.log_command:Invoking command in '/home/herring/rzddzy/build/mujoco_ros': AMENT_PREFIX_PATH=/home/herring/rzddzy/install/mujoco_ros_msgs:${AMENT_PREFIX_PATH} CMAKE_PREFIX_PATH=/home/herring/rzddzy/install/mujoco_ros_msgs:/opt/ros/jazzy/opt/sdformat_vendor:/opt/ros/jazzy/opt/gz_math_vendor:/opt/ros/jazzy/opt/gz_utils_vendor:/opt/ros/jazzy/opt/gz_tools_vendor:/opt/ros/jazzy/opt/gz_cmake_vendor:/opt/ros/jazzy DEBUGINFOD_URLS=https://debuginfod.ubuntu.com LD_LIBRARY_PATH=/home/herring/rzddzy/install/mujoco_ros_msgs/lib:${LD_LIBRARY_PATH} PYTHONPATH=/home/herring/rzddzy/install/mujoco_ros_msgs/lib/python3.12/site-packages:${PYTHONPATH} /usr/bin/cmake --install /home/herring/rzddzy/build/mujoco_ros
[22.832s] Level 1:colcon.colcon_core.environment:create_environment_scripts_only(mujoco_ros)
[22.833s] Level 1:colcon.colcon_core.environment:checking '/home/herring/rzddzy/install/mujoco_ros' for CMake module files
[22.833s] DEBUG:colcon.colcon_core.event_handler.log_command:Invoked command in '/home/herring/rzddzy/build/mujoco_ros' returned '0': AMENT_PREFIX_PATH=/home/herring/rzddzy/install/mujoco_ros_msgs:${AMENT_PREFIX_PATH} CMAKE_PREFIX_PATH=/home/herring/rzddzy/install/mujoco_ros_msgs:/opt/ros/jazzy/opt/sdformat_vendor:/opt/ros/jazzy/opt/gz_math_vendor:/opt/ros/jazzy/opt/gz_utils_vendor:/opt/ros/jazzy/opt/gz_tools_vendor:/opt/ros/jazzy/opt/gz_cmake_vendor:/opt/ros/jazzy DEBUGINFOD_URLS=https://debuginfod.ubuntu.com LD_LIBRARY_PATH=/home/herring/rzddzy/install/mujoco_ros_msgs/lib:${LD_LIBRARY_PATH} PYTHONPATH=/home/herring/rzddzy/install/mujoco_ros_msgs/lib/python3.12/site-packages:${PYTHONPATH} /usr/bin/cmake --install /home/herring/rzddzy/build/mujoco_ros
[22.834s] Level 1:colcon.colcon_core.environment:checking '/home/herring/rzddzy/install/mujoco_ros' for CMake config files
[22.834s] Level 1:colcon.colcon_core.shell:create_environment_hook('mujoco_ros', 'cmake_prefix_path')
[22.834s] INFO:colcon.colcon_core.shell:Creating environment hook '/home/herring/rzddzy/install/mujoco_ros/share/mujoco_ros/hook/cmake_prefix_path.ps1'
[22.834s] INFO:colcon.colcon_core.shell:Creating environment descriptor '/home/herring/rzddzy/install/mujoco_ros/share/mujoco_ros/hook/cmake_prefix_path.dsv'
[22.834s] INFO:colcon.colcon_core.shell:Creating environment hook '/home/herring/rzddzy/install/mujoco_ros/share/mujoco_ros/hook/cmake_prefix_path.sh'
[22.834s] Level 1:colcon.colcon_core.environment:checking '/home/herring/rzddzy/install/mujoco_ros/lib'
[22.835s] Level 1:colcon.colcon_core.shell:create_environment_hook('mujoco_ros', 'ld_library_path_lib')
[22.835s] INFO:colcon.colcon_core.shell:Creating environment hook '/home/herring/rzddzy/install/mujoco_ros/share/mujoco_ros/hook/ld_library_path_lib.ps1'
[22.835s] INFO:colcon.colcon_core.shell:Creating environment descriptor '/home/herring/rzddzy/install/mujoco_ros/share/mujoco_ros/hook/ld_library_path_lib.dsv'
[22.835s] INFO:colcon.colcon_core.shell:Creating environment hook '/home/herring/rzddzy/install/mujoco_ros/share/mujoco_ros/hook/ld_library_path_lib.sh'
[22.835s] Level 1:colcon.colcon_core.environment:checking '/home/herring/rzddzy/install/mujoco_ros/bin'
[22.835s] Level 1:colcon.colcon_core.environment:checking '/home/herring/rzddzy/install/mujoco_ros/lib/pkgconfig/mujoco_ros.pc'
[22.835s] Level 1:colcon.colcon_core.environment:checking '/home/herring/rzddzy/install/mujoco_ros/lib/python3.12/site-packages'
[22.835s] Level 1:colcon.colcon_core.environment:checking '/home/herring/rzddzy/install/mujoco_ros/bin'
[22.835s] INFO:colcon.colcon_core.shell:Creating package script '/home/herring/rzddzy/install/mujoco_ros/share/mujoco_ros/package.ps1'
[22.836s] INFO:colcon.colcon_core.shell:Creating package descriptor '/home/herring/rzddzy/install/mujoco_ros/share/mujoco_ros/package.dsv'
[22.836s] INFO:colcon.colcon_core.shell:Creating package script '/home/herring/rzddzy/install/mujoco_ros/share/mujoco_ros/package.sh'
[22.836s] INFO:colcon.colcon_core.shell:Creating package script '/home/herring/rzddzy/install/mujoco_ros/share/mujoco_ros/package.bash'
[22.836s] INFO:colcon.colcon_core.shell:Creating package script '/home/herring/rzddzy/install/mujoco_ros/share/mujoco_ros/package.zsh'
[22.836s] Level 1:colcon.colcon_core.environment:create_file_with_runtime_dependencies(/home/herring/rzddzy/install/mujoco_ros/share/colcon-core/packages/mujoco_ros)
[22.836s] Level 1:colcon.colcon_core.environment:create_environment_scripts_only(mujoco_ros)
[22.836s] Level 1:colcon.colcon_core.environment:checking '/home/herring/rzddzy/install/mujoco_ros' for CMake module files
[22.837s] Level 1:colcon.colcon_core.environment:checking '/home/herring/rzddzy/install/mujoco_ros' for CMake config files
[22.837s] Level 1:colcon.colcon_core.shell:create_environment_hook('mujoco_ros', 'cmake_prefix_path')
[22.837s] INFO:colcon.colcon_core.shell:Creating environment hook '/home/herring/rzddzy/install/mujoco_ros/share/mujoco_ros/hook/cmake_prefix_path.ps1'
[22.837s] INFO:colcon.colcon_core.shell:Creating environment descriptor '/home/herring/rzddzy/install/mujoco_ros/share/mujoco_ros/hook/cmake_prefix_path.dsv'
[22.837s] INFO:colcon.colcon_core.shell:Creating environment hook '/home/herring/rzddzy/install/mujoco_ros/share/mujoco_ros/hook/cmake_prefix_path.sh'
[22.837s] Level 1:colcon.colcon_core.environment:checking '/home/herring/rzddzy/install/mujoco_ros/lib'
[22.837s] Level 1:colcon.colcon_core.shell:create_environment_hook('mujoco_ros', 'ld_library_path_lib')
[22.838s] INFO:colcon.colcon_core.shell:Creating environment hook '/home/herring/rzddzy/install/mujoco_ros/share/mujoco_ros/hook/ld_library_path_lib.ps1'
[22.838s] INFO:colcon.colcon_core.shell:Creating environment descriptor '/home/herring/rzddzy/install/mujoco_ros/share/mujoco_ros/hook/ld_library_path_lib.dsv'
[22.838s] INFO:colcon.colcon_core.shell:Creating environment hook '/home/herring/rzddzy/install/mujoco_ros/share/mujoco_ros/hook/ld_library_path_lib.sh'
[22.838s] Level 1:colcon.colcon_core.environment:checking '/home/herring/rzddzy/install/mujoco_ros/bin'
[22.838s] Level 1:colcon.colcon_core.environment:checking '/home/herring/rzddzy/install/mujoco_ros/lib/pkgconfig/mujoco_ros.pc'
[22.838s] Level 1:colcon.colcon_core.environment:checking '/home/herring/rzddzy/install/mujoco_ros/lib/python3.12/site-packages'
[22.838s] Level 1:colcon.colcon_core.environment:checking '/home/herring/rzddzy/install/mujoco_ros/bin'
[22.838s] INFO:colcon.colcon_core.shell:Creating package script '/home/herring/rzddzy/install/mujoco_ros/share/mujoco_ros/package.ps1'
[22.839s] INFO:colcon.colcon_core.shell:Creating package descriptor '/home/herring/rzddzy/install/mujoco_ros/share/mujoco_ros/package.dsv'
[22.839s] INFO:colcon.colcon_core.shell:Creating package script '/home/herring/rzddzy/install/mujoco_ros/share/mujoco_ros/package.sh'
[22.839s] INFO:colcon.colcon_core.shell:Creating package script '/home/herring/rzddzy/install/mujoco_ros/share/mujoco_ros/package.bash'
[22.839s] INFO:colcon.colcon_core.shell:Creating package script '/home/herring/rzddzy/install/mujoco_ros/share/mujoco_ros/package.zsh'
[22.839s] Level 1:colcon.colcon_core.environment:create_file_with_runtime_dependencies(/home/herring/rzddzy/install/mujoco_ros/share/colcon-core/packages/mujoco_ros)
[22.839s] DEBUG:colcon.colcon_parallel_executor.executor.parallel:closing loop
[22.840s] DEBUG:colcon.colcon_parallel_executor.executor.parallel:loop closed
[22.840s] DEBUG:colcon.colcon_parallel_executor.executor.parallel:run_until_complete finished with '0'
[22.840s] DEBUG:colcon.colcon_core.event_reactor:joining thread
[22.845s] INFO:colcon.colcon_core.plugin_system:Skipping extension 'colcon_notification.desktop_notification.terminal_notifier': Not used on non-Darwin systems
[22.845s] INFO:colcon.colcon_core.plugin_system:Skipping extension 'colcon_notification.desktop_notification.win32': Not used on non-Windows systems
[22.845s] INFO:colcon.colcon_notification.desktop_notification:Sending desktop notification using 'notify2'
[22.853s] DEBUG:colcon.colcon_core.event_reactor:joined thread
[22.853s] INFO:colcon.colcon_core.shell:Creating prefix script '/home/herring/rzddzy/install/local_setup.ps1'
[22.854s] INFO:colcon.colcon_core.shell:Creating prefix util module '/home/herring/rzddzy/install/_local_setup_util_ps1.py'
[22.854s] INFO:colcon.colcon_core.shell:Creating prefix chain script '/home/herring/rzddzy/install/setup.ps1'
[22.855s] INFO:colcon.colcon_core.shell:Creating prefix script '/home/herring/rzddzy/install/local_setup.sh'
[22.855s] INFO:colcon.colcon_core.shell:Creating prefix util module '/home/herring/rzddzy/install/_local_setup_util_sh.py'
[22.855s] INFO:colcon.colcon_core.shell:Creating prefix chain script '/home/herring/rzddzy/install/setup.sh'
[22.856s] INFO:colcon.colcon_core.shell:Creating prefix script '/home/herring/rzddzy/install/local_setup.bash'
[22.856s] INFO:colcon.colcon_core.shell:Creating prefix chain script '/home/herring/rzddzy/install/setup.bash'
[22.856s] INFO:colcon.colcon_core.shell:Creating prefix script '/home/herring/rzddzy/install/local_setup.zsh'
[22.856s] INFO:colcon.colcon_core.shell:Creating prefix chain script '/home/herring/rzddzy/install/setup.zsh'
