[0.022s] Invoking command in '/home/herring/rzddzy/ros2_ws/build/franka_hardware': AMENT_PREFIX_PATH=/home/herring/rzddzy/ros2_ws/install/mujoco_ros2_control:/home/herring/rzddzy/ros2_ws/install/mujoco_ros:/home/herring/rzddzy/ros2_ws/install/mujoco_ros_msgs:/home/herring/rzddzy/ros2_ws/install/franka_msgs:${AMENT_PREFIX_PATH} CMAKE_PREFIX_PATH=/home/herring/rzddzy/ros2_ws/install/mujoco_ros2_control:/home/herring/rzddzy/ros2_ws/install/mujoco_ros:/home/herring/rzddzy/ros2_ws/install/mujoco_ros_msgs:/home/herring/rzddzy/ros2_ws/install/franka_msgs:/opt/ros/jazzy/opt/sdformat_vendor:/opt/ros/jazzy/opt/gz_math_vendor:/opt/ros/jazzy/opt/gz_utils_vendor:/opt/ros/jazzy/opt/gz_tools_vendor:/opt/ros/jazzy/opt/gz_cmake_vendor:/opt/ros/jazzy DEBUGINFOD_URLS=https://debuginfod.ubuntu.com LD_LIBRARY_PATH=/home/herring/rzddzy/ros2_ws/install/mujoco_ros2_control/lib:/home/herring/rzddzy/ros2_ws/install/mujoco_ros/lib:/home/herring/rzddzy/ros2_ws/install/mujoco_ros_msgs/lib:/home/herring/rzddzy/ros2_ws/install/franka_msgs/lib:${LD_LIBRARY_PATH} PYTHONPATH=/home/herring/rzddzy/ros2_ws/install/mujoco_ros_msgs/lib/python3.12/site-packages:/home/herring/rzddzy/ros2_ws/install/franka_msgs/lib/python3.12/site-packages:${PYTHONPATH} /usr/bin/cmake /home/herring/rzddzy/ros2_ws/src/franka_hardware -DAMENT_CMAKE_SYMLINK_INSTALL=1 -DCMAKE_INSTALL_PREFIX=/home/herring/rzddzy/ros2_ws/install/franka_hardware
[0.038s] -- Found ament_cmake: 2.5.5 (/opt/ros/jazzy/share/ament_cmake/cmake)
[0.233s] -- Override CMake install command with custom implementation using symlinks instead of copying resources
[0.240s] -- Found rclcpp: 28.1.16 (/opt/ros/jazzy/share/rclcpp/cmake)
[0.259s] -- Found rosidl_generator_c: 4.6.7 (/opt/ros/jazzy/share/rosidl_generator_c/cmake)
[0.265s] -- Found rosidl_generator_cpp: 4.6.7 (/opt/ros/jazzy/share/rosidl_generator_cpp/cmake)
[0.274s] -- Using all available rosidl_typesupport_c: rosidl_typesupport_fastrtps_c;rosidl_typesupport_introspection_c
[0.285s] -- Using all available rosidl_typesupport_cpp: rosidl_typesupport_fastrtps_cpp;rosidl_typesupport_introspection_cpp
[0.330s] -- Found rmw_implementation_cmake: 7.3.3 (/opt/ros/jazzy/share/rmw_implementation_cmake/cmake)
[0.331s] -- Found rmw_fastrtps_cpp: 8.4.3 (/opt/ros/jazzy/share/rmw_fastrtps_cpp/cmake)
[0.381s] -- Using RMW implementation 'rmw_fastrtps_cpp' as default
[0.423s] -- Found rclcpp_action: 28.1.16 (/opt/ros/jazzy/share/rclcpp_action/cmake)
[0.451s] -- Found rclcpp_components: 28.1.16 (/opt/ros/jazzy/share/rclcpp_components/cmake)
[0.471s] -- Found rclcpp_lifecycle: 28.1.16 (/opt/ros/jazzy/share/rclcpp_lifecycle/cmake)
[0.491s] -- Found mujoco_ros2_control: 0.9.0 (/home/herring/rzddzy/ros2_ws/install/mujoco_ros2_control/share/mujoco_ros2_control/cmake)
[0.718s] -- Setting yaml-cpp_DIR to: '/opt/ros/jazzy/share/yaml_cpp_vendor/cmake/../../../opt/yaml_cpp_vendor/share/cmake/yaml-cpp'
[0.727s] -- Found eigen3_cmake_module: 0.3.0 (/opt/ros/jazzy/share/eigen3_cmake_module/cmake)
[0.728s] -- Ensuring Eigen3 include directory is part of orocos-kdl CMake target
[0.732s] [0mCMake Deprecation Warning at /opt/ros/jazzy/share/actionlib_msgs/cmake/actionlib_msgsConfig.cmake:31 (message):
[0.733s]   Package 'actionlib_msgs' is deprecated (This package will be removed in a
[0.733s]   future ROS distro, once the ROS 1 bridge supports actions.)
[0.733s] Call Stack (most recent call first):
[0.733s]   /home/herring/rzddzy/ros2_ws/install/mujoco_ros_msgs/share/mujoco_ros_msgs/cmake/ament_cmake_export_dependencies-extras.cmake:21 (find_package)
[0.733s]   /home/herring/rzddzy/ros2_ws/install/mujoco_ros_msgs/share/mujoco_ros_msgs/cmake/mujoco_ros_msgsConfig.cmake:41 (include)
[0.733s]   /home/herring/rzddzy/ros2_ws/install/mujoco_ros/share/mujoco_ros/cmake/ament_cmake_export_dependencies-extras.cmake:21 (find_package)
[0.733s]   /home/herring/rzddzy/ros2_ws/install/mujoco_ros/share/mujoco_ros/cmake/mujoco_rosConfig.cmake:41 (include)
[0.733s]   /home/herring/rzddzy/ros2_ws/install/mujoco_ros2_control/share/mujoco_ros2_control/cmake/ament_cmake_export_dependencies-extras.cmake:21 (find_package)
[0.733s]   /home/herring/rzddzy/ros2_ws/install/mujoco_ros2_control/share/mujoco_ros2_control/cmake/mujoco_ros2_controlConfig.cmake:41 (include)
[0.733s]   CMakeLists.txt:33 (find_package)
[0.733s] 
[0.733s] [0m
[0.824s] -- Found franka_msgs: 0.0.0 (/home/herring/rzddzy/ros2_ws/install/franka_msgs/share/franka_msgs/cmake)
[0.861s] -- Looking for MuJoCo tar install ...
[0.866s] [0mMuJoCo tar install found, but version can not be detected. If experiencing errors check that version 3.2.0 or a newer, compatible version is installed[0m
[0.971s] -- Configuring done (0.9s)
[1.034s] -- Generating done (0.0s)
[1.043s] -- Build files have been written to: /home/herring/rzddzy/ros2_ws/build/franka_hardware
[1.053s] Invoked command in '/home/herring/rzddzy/ros2_ws/build/franka_hardware' returned '0': AMENT_PREFIX_PATH=/home/herring/rzddzy/ros2_ws/install/mujoco_ros2_control:/home/herring/rzddzy/ros2_ws/install/mujoco_ros:/home/herring/rzddzy/ros2_ws/install/mujoco_ros_msgs:/home/herring/rzddzy/ros2_ws/install/franka_msgs:${AMENT_PREFIX_PATH} CMAKE_PREFIX_PATH=/home/herring/rzddzy/ros2_ws/install/mujoco_ros2_control:/home/herring/rzddzy/ros2_ws/install/mujoco_ros:/home/herring/rzddzy/ros2_ws/install/mujoco_ros_msgs:/home/herring/rzddzy/ros2_ws/install/franka_msgs:/opt/ros/jazzy/opt/sdformat_vendor:/opt/ros/jazzy/opt/gz_math_vendor:/opt/ros/jazzy/opt/gz_utils_vendor:/opt/ros/jazzy/opt/gz_tools_vendor:/opt/ros/jazzy/opt/gz_cmake_vendor:/opt/ros/jazzy DEBUGINFOD_URLS=https://debuginfod.ubuntu.com LD_LIBRARY_PATH=/home/herring/rzddzy/ros2_ws/install/mujoco_ros2_control/lib:/home/herring/rzddzy/ros2_ws/install/mujoco_ros/lib:/home/herring/rzddzy/ros2_ws/install/mujoco_ros_msgs/lib:/home/herring/rzddzy/ros2_ws/install/franka_msgs/lib:${LD_LIBRARY_PATH} PYTHONPATH=/home/herring/rzddzy/ros2_ws/install/mujoco_ros_msgs/lib/python3.12/site-packages:/home/herring/rzddzy/ros2_ws/install/franka_msgs/lib/python3.12/site-packages:${PYTHONPATH} /usr/bin/cmake /home/herring/rzddzy/ros2_ws/src/franka_hardware -DAMENT_CMAKE_SYMLINK_INSTALL=1 -DCMAKE_INSTALL_PREFIX=/home/herring/rzddzy/ros2_ws/install/franka_hardware
[1.054s] Invoking command in '/home/herring/rzddzy/ros2_ws/build/franka_hardware': AMENT_PREFIX_PATH=/home/herring/rzddzy/ros2_ws/install/mujoco_ros2_control:/home/herring/rzddzy/ros2_ws/install/mujoco_ros:/home/herring/rzddzy/ros2_ws/install/mujoco_ros_msgs:/home/herring/rzddzy/ros2_ws/install/franka_msgs:${AMENT_PREFIX_PATH} CMAKE_PREFIX_PATH=/home/herring/rzddzy/ros2_ws/install/mujoco_ros2_control:/home/herring/rzddzy/ros2_ws/install/mujoco_ros:/home/herring/rzddzy/ros2_ws/install/mujoco_ros_msgs:/home/herring/rzddzy/ros2_ws/install/franka_msgs:/opt/ros/jazzy/opt/sdformat_vendor:/opt/ros/jazzy/opt/gz_math_vendor:/opt/ros/jazzy/opt/gz_utils_vendor:/opt/ros/jazzy/opt/gz_tools_vendor:/opt/ros/jazzy/opt/gz_cmake_vendor:/opt/ros/jazzy DEBUGINFOD_URLS=https://debuginfod.ubuntu.com LD_LIBRARY_PATH=/home/herring/rzddzy/ros2_ws/install/mujoco_ros2_control/lib:/home/herring/rzddzy/ros2_ws/install/mujoco_ros/lib:/home/herring/rzddzy/ros2_ws/install/mujoco_ros_msgs/lib:/home/herring/rzddzy/ros2_ws/install/franka_msgs/lib:${LD_LIBRARY_PATH} PYTHONPATH=/home/herring/rzddzy/ros2_ws/install/mujoco_ros_msgs/lib/python3.12/site-packages:/home/herring/rzddzy/ros2_ws/install/franka_msgs/lib/python3.12/site-packages:${PYTHONPATH} /usr/bin/cmake --build /home/herring/rzddzy/ros2_ws/build/franka_hardware -- -j28 -l28
[1.133s] [ 53%] Built target franka_hardware
[1.160s] [ 60%] [32m[1mLinking CXX shared library libfranka_mj_hardware.so[0m
[1.496s] [100%] Built target franka_mj_hardware
[1.508s] Invoked command in '/home/herring/rzddzy/ros2_ws/build/franka_hardware' returned '0': AMENT_PREFIX_PATH=/home/herring/rzddzy/ros2_ws/install/mujoco_ros2_control:/home/herring/rzddzy/ros2_ws/install/mujoco_ros:/home/herring/rzddzy/ros2_ws/install/mujoco_ros_msgs:/home/herring/rzddzy/ros2_ws/install/franka_msgs:${AMENT_PREFIX_PATH} CMAKE_PREFIX_PATH=/home/herring/rzddzy/ros2_ws/install/mujoco_ros2_control:/home/herring/rzddzy/ros2_ws/install/mujoco_ros:/home/herring/rzddzy/ros2_ws/install/mujoco_ros_msgs:/home/herring/rzddzy/ros2_ws/install/franka_msgs:/opt/ros/jazzy/opt/sdformat_vendor:/opt/ros/jazzy/opt/gz_math_vendor:/opt/ros/jazzy/opt/gz_utils_vendor:/opt/ros/jazzy/opt/gz_tools_vendor:/opt/ros/jazzy/opt/gz_cmake_vendor:/opt/ros/jazzy DEBUGINFOD_URLS=https://debuginfod.ubuntu.com LD_LIBRARY_PATH=/home/herring/rzddzy/ros2_ws/install/mujoco_ros2_control/lib:/home/herring/rzddzy/ros2_ws/install/mujoco_ros/lib:/home/herring/rzddzy/ros2_ws/install/mujoco_ros_msgs/lib:/home/herring/rzddzy/ros2_ws/install/franka_msgs/lib:${LD_LIBRARY_PATH} PYTHONPATH=/home/herring/rzddzy/ros2_ws/install/mujoco_ros_msgs/lib/python3.12/site-packages:/home/herring/rzddzy/ros2_ws/install/franka_msgs/lib/python3.12/site-packages:${PYTHONPATH} /usr/bin/cmake --build /home/herring/rzddzy/ros2_ws/build/franka_hardware -- -j28 -l28
[1.508s] Invoking command in '/home/herring/rzddzy/ros2_ws/build/franka_hardware': AMENT_PREFIX_PATH=/home/herring/rzddzy/ros2_ws/install/mujoco_ros2_control:/home/herring/rzddzy/ros2_ws/install/mujoco_ros:/home/herring/rzddzy/ros2_ws/install/mujoco_ros_msgs:/home/herring/rzddzy/ros2_ws/install/franka_msgs:${AMENT_PREFIX_PATH} CMAKE_PREFIX_PATH=/home/herring/rzddzy/ros2_ws/install/mujoco_ros2_control:/home/herring/rzddzy/ros2_ws/install/mujoco_ros:/home/herring/rzddzy/ros2_ws/install/mujoco_ros_msgs:/home/herring/rzddzy/ros2_ws/install/franka_msgs:/opt/ros/jazzy/opt/sdformat_vendor:/opt/ros/jazzy/opt/gz_math_vendor:/opt/ros/jazzy/opt/gz_utils_vendor:/opt/ros/jazzy/opt/gz_tools_vendor:/opt/ros/jazzy/opt/gz_cmake_vendor:/opt/ros/jazzy DEBUGINFOD_URLS=https://debuginfod.ubuntu.com LD_LIBRARY_PATH=/home/herring/rzddzy/ros2_ws/install/mujoco_ros2_control/lib:/home/herring/rzddzy/ros2_ws/install/mujoco_ros/lib:/home/herring/rzddzy/ros2_ws/install/mujoco_ros_msgs/lib:/home/herring/rzddzy/ros2_ws/install/franka_msgs/lib:${LD_LIBRARY_PATH} PYTHONPATH=/home/herring/rzddzy/ros2_ws/install/mujoco_ros_msgs/lib/python3.12/site-packages:/home/herring/rzddzy/ros2_ws/install/franka_msgs/lib/python3.12/site-packages:${PYTHONPATH} /usr/bin/cmake --install /home/herring/rzddzy/ros2_ws/build/franka_hardware
[1.516s] -- Install configuration: "Release"
[1.516s] -- Execute custom install script
[1.516s] -- Up-to-date symlink: /home/herring/rzddzy/ros2_ws/install/franka_hardware/share/franka_hardware//franka_hardware.xml
[1.517s] -- Up-to-date symlink: /home/herring/rzddzy/ros2_ws/install/franka_hardware/share/franka_hardware//franka_mj_hardware.xml
[1.517s] -- Up-to-date symlink: /home/herring/rzddzy/ros2_ws/install/franka_hardware/share/franka_hardware//franka_mj_hardware_hw_interface.xml
[1.517s] -- Up-to-date symlink: /home/herring/rzddzy/ros2_ws/install/franka_hardware/lib/libfranka_hardware.so
[1.517s] -- Up-to-date symlink: /home/herring/rzddzy/ros2_ws/install/franka_hardware/lib/libfranka_mj_hardware.so
[1.517s] -- Up-to-date symlink: /home/herring/rzddzy/ros2_ws/install/franka_hardware/include/franka_hardware/common/control_mode.h
[1.517s] -- Up-to-date symlink: /home/herring/rzddzy/ros2_ws/install/franka_hardware/include/franka_hardware/common/franka_executor.hpp
[1.518s] -- Up-to-date symlink: /home/herring/rzddzy/ros2_ws/install/franka_hardware/include/franka_hardware/common/helper_functions.hpp
[1.518s] -- Up-to-date symlink: /home/herring/rzddzy/ros2_ws/install/franka_hardware/include/franka_hardware/common/model_base.hpp
[1.518s] -- Up-to-date symlink: /home/herring/rzddzy/ros2_ws/install/franka_hardware/include/franka_hardware/real/franka_error_recovery_service_server.hpp
[1.518s] -- Up-to-date symlink: /home/herring/rzddzy/ros2_ws/install/franka_hardware/include/franka_hardware/real/franka_multi_hardware_interface.hpp
[1.518s] -- Up-to-date symlink: /home/herring/rzddzy/ros2_ws/install/franka_hardware/include/franka_hardware/real/franka_param_service_server.hpp
[1.518s] -- Up-to-date symlink: /home/herring/rzddzy/ros2_ws/install/franka_hardware/include/franka_hardware/real/model_franka.hpp
[1.518s] -- Up-to-date symlink: /home/herring/rzddzy/ros2_ws/install/franka_hardware/include/franka_hardware/real/robot.hpp
[1.518s] -- Up-to-date symlink: /home/herring/rzddzy/ros2_ws/install/franka_hardware/include/franka_hardware/sim/franka_mj_hardware_system.hpp
[1.518s] -- Up-to-date symlink: /home/herring/rzddzy/ros2_ws/install/franka_hardware/include/franka_hardware/sim/gripper_sim_action_server.hpp
[1.518s] -- Up-to-date symlink: /home/herring/rzddzy/ros2_ws/install/franka_hardware/include/franka_hardware/sim/model_sim.hpp
[1.519s] -- Up-to-date symlink: /home/herring/rzddzy/ros2_ws/install/franka_hardware/include/franka_hardware/sim/robot_sim.hpp
[1.519s] -- Up-to-date symlink: /home/herring/rzddzy/ros2_ws/install/franka_hardware/share/franka_hardware/environment/library_path.sh
[1.519s] -- Up-to-date symlink: /home/herring/rzddzy/ros2_ws/install/franka_hardware/share/franka_hardware/environment/library_path.dsv
[1.519s] -- Up-to-date symlink: /home/herring/rzddzy/ros2_ws/install/franka_hardware/share/ament_index/resource_index/package_run_dependencies/franka_hardware
[1.519s] -- Up-to-date symlink: /home/herring/rzddzy/ros2_ws/install/franka_hardware/share/ament_index/resource_index/parent_prefix_path/franka_hardware
[1.519s] -- Up-to-date symlink: /home/herring/rzddzy/ros2_ws/install/franka_hardware/share/franka_hardware/environment/ament_prefix_path.sh
[1.519s] -- Up-to-date symlink: /home/herring/rzddzy/ros2_ws/install/franka_hardware/share/franka_hardware/environment/ament_prefix_path.dsv
[1.519s] -- Up-to-date symlink: /home/herring/rzddzy/ros2_ws/install/franka_hardware/share/franka_hardware/environment/path.sh
[1.519s] -- Up-to-date symlink: /home/herring/rzddzy/ros2_ws/install/franka_hardware/share/franka_hardware/environment/path.dsv
[1.519s] -- Up-to-date symlink: /home/herring/rzddzy/ros2_ws/install/franka_hardware/share/franka_hardware/local_setup.bash
[1.519s] -- Up-to-date symlink: /home/herring/rzddzy/ros2_ws/install/franka_hardware/share/franka_hardware/local_setup.sh
[1.519s] -- Up-to-date symlink: /home/herring/rzddzy/ros2_ws/install/franka_hardware/share/franka_hardware/local_setup.zsh
[1.520s] -- Up-to-date symlink: /home/herring/rzddzy/ros2_ws/install/franka_hardware/share/franka_hardware/local_setup.dsv
[1.520s] -- Symlinking: /home/herring/rzddzy/ros2_ws/install/franka_hardware/share/franka_hardware/package.dsv
[1.530s] -- Up-to-date symlink: /home/herring/rzddzy/ros2_ws/install/franka_hardware/share/ament_index/resource_index/packages/franka_hardware
[1.530s] -- Up-to-date symlink: /home/herring/rzddzy/ros2_ws/install/franka_hardware/share/ament_index/resource_index/hardware_interface__pluginlib__plugin/franka_hardware
[1.530s] -- Up-to-date symlink: /home/herring/rzddzy/ros2_ws/install/franka_hardware/share/ament_index/resource_index/mujoco_ros2_control__pluginlib__plugin/franka_hardware
[1.530s] -- Up-to-date symlink: /home/herring/rzddzy/ros2_ws/install/franka_hardware/share/franka_hardware/cmake/ament_cmake_export_include_directories-extras.cmake
[1.530s] -- Up-to-date symlink: /home/herring/rzddzy/ros2_ws/install/franka_hardware/share/franka_hardware/cmake/ament_cmake_export_libraries-extras.cmake
[1.531s] -- Up-to-date symlink: /home/herring/rzddzy/ros2_ws/install/franka_hardware/share/franka_hardware/cmake/ament_cmake_export_dependencies-extras.cmake
[1.531s] -- Up-to-date symlink: /home/herring/rzddzy/ros2_ws/install/franka_hardware/share/franka_hardware/cmake/franka_hardwareConfig.cmake
[1.531s] -- Up-to-date symlink: /home/herring/rzddzy/ros2_ws/install/franka_hardware/share/franka_hardware/cmake/franka_hardwareConfig-version.cmake
[1.531s] -- Up-to-date symlink: /home/herring/rzddzy/ros2_ws/install/franka_hardware/share/franka_hardware/package.xml
[1.533s] Invoked command in '/home/herring/rzddzy/ros2_ws/build/franka_hardware' returned '0': AMENT_PREFIX_PATH=/home/herring/rzddzy/ros2_ws/install/mujoco_ros2_control:/home/herring/rzddzy/ros2_ws/install/mujoco_ros:/home/herring/rzddzy/ros2_ws/install/mujoco_ros_msgs:/home/herring/rzddzy/ros2_ws/install/franka_msgs:${AMENT_PREFIX_PATH} CMAKE_PREFIX_PATH=/home/herring/rzddzy/ros2_ws/install/mujoco_ros2_control:/home/herring/rzddzy/ros2_ws/install/mujoco_ros:/home/herring/rzddzy/ros2_ws/install/mujoco_ros_msgs:/home/herring/rzddzy/ros2_ws/install/franka_msgs:/opt/ros/jazzy/opt/sdformat_vendor:/opt/ros/jazzy/opt/gz_math_vendor:/opt/ros/jazzy/opt/gz_utils_vendor:/opt/ros/jazzy/opt/gz_tools_vendor:/opt/ros/jazzy/opt/gz_cmake_vendor:/opt/ros/jazzy DEBUGINFOD_URLS=https://debuginfod.ubuntu.com LD_LIBRARY_PATH=/home/herring/rzddzy/ros2_ws/install/mujoco_ros2_control/lib:/home/herring/rzddzy/ros2_ws/install/mujoco_ros/lib:/home/herring/rzddzy/ros2_ws/install/mujoco_ros_msgs/lib:/home/herring/rzddzy/ros2_ws/install/franka_msgs/lib:${LD_LIBRARY_PATH} PYTHONPATH=/home/herring/rzddzy/ros2_ws/install/mujoco_ros_msgs/lib/python3.12/site-packages:/home/herring/rzddzy/ros2_ws/install/franka_msgs/lib/python3.12/site-packages:${PYTHONPATH} /usr/bin/cmake --install /home/herring/rzddzy/ros2_ws/build/franka_hardware
