[0.017s] Invoking command in '/home/herring/rzddzy/build/franka_msgs': CMAKE_PREFIX_PATH=${CMAKE_PREFIX_PATH}:/opt/ros/jazzy DEBUGINFOD_URLS=https://debuginfod.ubuntu.com /usr/bin/cmake --build /home/herring/rzddzy/build/franka_msgs -- -j28 -l28
[0.070s] [  1%] Built target franka_msgs__rosidl_generator_type_description
[0.072s] [  1%] Built target ament_cmake_python_symlink_franka_msgs
[0.091s] [  1%] Built target franka_msgs__cpp
[0.096s] [ 28%] Built target franka_msgs__rosidl_generator_c
[0.125s] [ 42%] Built target franka_msgs__rosidl_typesupport_fastrtps_cpp
[0.125s] [ 56%] Built target franka_msgs__rosidl_typesupport_c
[0.125s] [ 57%] Built target franka_msgs__rosidl_typesupport_introspection_c
[0.125s] [ 66%] Built target franka_msgs__rosidl_typesupport_introspection_cpp
[0.126s] [ 76%] Built target franka_msgs__rosidl_typesupport_fastrtps_c
[0.128s] [ 86%] Built target franka_msgs__rosidl_typesupport_cpp
[0.148s] [ 86%] Built target franka_msgs
[0.169s] [ 87%] Built target franka_msgs__py
[0.189s] running egg_info
[0.192s] [ 96%] Built target franka_msgs__rosidl_generator_py
[0.198s] writing franka_msgs.egg-info/PKG-INFO
[0.198s] writing dependency_links to franka_msgs.egg-info/dependency_links.txt
[0.198s] writing top-level names to franka_msgs.egg-info/top_level.txt
[0.212s] [ 98%] Built target franka_msgs_s__rosidl_typesupport_fastrtps_c
[0.212s] [ 98%] Built target franka_msgs_s__rosidl_typesupport_c
[0.212s] [100%] Built target franka_msgs_s__rosidl_typesupport_introspection_c
[0.225s] reading manifest file 'franka_msgs.egg-info/SOURCES.txt'
[0.225s] writing manifest file 'franka_msgs.egg-info/SOURCES.txt'
[0.245s] [100%] Built target ament_cmake_python_build_franka_msgs_egg
[0.279s] Invoked command in '/home/herring/rzddzy/build/franka_msgs' returned '0': CMAKE_PREFIX_PATH=${CMAKE_PREFIX_PATH}:/opt/ros/jazzy DEBUGINFOD_URLS=https://debuginfod.ubuntu.com /usr/bin/cmake --build /home/herring/rzddzy/build/franka_msgs -- -j28 -l28
[0.280s] Invoking command in '/home/herring/rzddzy/build/franka_msgs': CMAKE_PREFIX_PATH=${CMAKE_PREFIX_PATH}:/opt/ros/jazzy DEBUGINFOD_URLS=https://debuginfod.ubuntu.com /usr/bin/cmake --install /home/herring/rzddzy/build/franka_msgs
[0.288s] -- Install configuration: ""
[0.289s] -- Execute custom install script
[0.289s] -- Up-to-date symlink: /home/herring/rzddzy/install/franka_msgs/share/ament_index/resource_index/rosidl_interfaces/franka_msgs
[0.289s] -- Up-to-date symlink: /home/herring/rzddzy/install/franka_msgs/share/franka_msgs/msg/GraspEpsilon.json
[0.289s] -- Up-to-date symlink: /home/herring/rzddzy/install/franka_msgs/share/franka_msgs/msg/FrankaState.json
[0.289s] -- Up-to-date symlink: /home/herring/rzddzy/install/franka_msgs/share/franka_msgs/msg/FrankaModel.json
[0.290s] -- Up-to-date symlink: /home/herring/rzddzy/install/franka_msgs/share/franka_msgs/msg/Errors.json
[0.290s] -- Up-to-date symlink: /home/herring/rzddzy/install/franka_msgs/share/franka_msgs/msg/PoseStampedArray.json
[0.290s] -- Up-to-date symlink: /home/herring/rzddzy/install/franka_msgs/share/franka_msgs/action/Grasp.json
[0.290s] -- Up-to-date symlink: /home/herring/rzddzy/install/franka_msgs/share/franka_msgs/action/Homing.json
[0.290s] -- Up-to-date symlink: /home/herring/rzddzy/install/franka_msgs/share/franka_msgs/action/Move.json
[0.290s] -- Up-to-date symlink: /home/herring/rzddzy/install/franka_msgs/share/franka_msgs/srv/ErrorRecovery.json
[0.290s] -- Up-to-date symlink: /home/herring/rzddzy/install/franka_msgs/share/franka_msgs/srv/SetCartesianStiffness.json
[0.290s] -- Up-to-date symlink: /home/herring/rzddzy/install/franka_msgs/share/franka_msgs/srv/SetTCPFrame.json
[0.291s] -- Up-to-date symlink: /home/herring/rzddzy/install/franka_msgs/share/franka_msgs/srv/SetForceTorqueCollisionBehavior.json
[0.291s] -- Up-to-date symlink: /home/herring/rzddzy/install/franka_msgs/share/franka_msgs/srv/SetFullCollisionBehavior.json
[0.291s] -- Up-to-date symlink: /home/herring/rzddzy/install/franka_msgs/share/franka_msgs/srv/SetJointStiffness.json
[0.291s] -- Up-to-date symlink: /home/herring/rzddzy/install/franka_msgs/share/franka_msgs/srv/SetStiffnessFrame.json
[0.291s] -- Up-to-date symlink: /home/herring/rzddzy/install/franka_msgs/share/franka_msgs/srv/SetLoad.json
[0.291s] -- Up-to-date symlink: /home/herring/rzddzy/install/franka_msgs/share/franka_msgs/srv/SetMujocoPoses.json
[0.292s] -- Up-to-date symlink: /home/herring/rzddzy/install/franka_msgs/include/franka_msgs/franka_msgs/action/detail/grasp__functions.h
[0.292s] -- Up-to-date symlink: /home/herring/rzddzy/install/franka_msgs/include/franka_msgs/franka_msgs/action/detail/grasp__struct.h
[0.292s] -- Up-to-date symlink: /home/herring/rzddzy/install/franka_msgs/include/franka_msgs/franka_msgs/action/detail/grasp__type_support.h
[0.293s] -- Up-to-date symlink: /home/herring/rzddzy/install/franka_msgs/include/franka_msgs/franka_msgs/action/detail/homing__functions.h
[0.293s] -- Up-to-date symlink: /home/herring/rzddzy/install/franka_msgs/include/franka_msgs/franka_msgs/action/detail/homing__struct.h
[0.293s] -- Up-to-date symlink: /home/herring/rzddzy/install/franka_msgs/include/franka_msgs/franka_msgs/action/detail/homing__type_support.h
[0.293s] -- Up-to-date symlink: /home/herring/rzddzy/install/franka_msgs/include/franka_msgs/franka_msgs/action/detail/move__functions.h
[0.293s] -- Up-to-date symlink: /home/herring/rzddzy/install/franka_msgs/include/franka_msgs/franka_msgs/action/detail/move__struct.h
[0.293s] -- Up-to-date symlink: /home/herring/rzddzy/install/franka_msgs/include/franka_msgs/franka_msgs/action/detail/move__type_support.h
[0.293s] -- Up-to-date symlink: /home/herring/rzddzy/install/franka_msgs/include/franka_msgs/franka_msgs/action/grasp.h
[0.293s] -- Up-to-date symlink: /home/herring/rzddzy/install/franka_msgs/include/franka_msgs/franka_msgs/action/homing.h
[0.293s] -- Up-to-date symlink: /home/herring/rzddzy/install/franka_msgs/include/franka_msgs/franka_msgs/action/move.h
[0.293s] -- Up-to-date symlink: /home/herring/rzddzy/install/franka_msgs/include/franka_msgs/franka_msgs/msg/detail/errors__functions.h
[0.294s] -- Up-to-date symlink: /home/herring/rzddzy/install/franka_msgs/include/franka_msgs/franka_msgs/msg/detail/errors__struct.h
[0.294s] -- Up-to-date symlink: /home/herring/rzddzy/install/franka_msgs/include/franka_msgs/franka_msgs/msg/detail/errors__type_support.h
[0.294s] -- Up-to-date symlink: /home/herring/rzddzy/install/franka_msgs/include/franka_msgs/franka_msgs/msg/detail/franka_model__functions.h
[0.294s] -- Up-to-date symlink: /home/herring/rzddzy/install/franka_msgs/include/franka_msgs/franka_msgs/msg/detail/franka_model__struct.h
[0.294s] -- Up-to-date symlink: /home/herring/rzddzy/install/franka_msgs/include/franka_msgs/franka_msgs/msg/detail/franka_model__type_support.h
[0.294s] -- Up-to-date symlink: /home/herring/rzddzy/install/franka_msgs/include/franka_msgs/franka_msgs/msg/detail/franka_state__functions.h
[0.294s] -- Up-to-date symlink: /home/herring/rzddzy/install/franka_msgs/include/franka_msgs/franka_msgs/msg/detail/franka_state__struct.h
[0.294s] -- Up-to-date symlink: /home/herring/rzddzy/install/franka_msgs/include/franka_msgs/franka_msgs/msg/detail/franka_state__type_support.h
[0.294s] -- Up-to-date symlink: /home/herring/rzddzy/install/franka_msgs/include/franka_msgs/franka_msgs/msg/detail/grasp_epsilon__functions.h
[0.294s] -- Up-to-date symlink: /home/herring/rzddzy/install/franka_msgs/include/franka_msgs/franka_msgs/msg/detail/grasp_epsilon__struct.h
[0.294s] -- Up-to-date symlink: /home/herring/rzddzy/install/franka_msgs/include/franka_msgs/franka_msgs/msg/detail/grasp_epsilon__type_support.h
[0.295s] -- Up-to-date symlink: /home/herring/rzddzy/install/franka_msgs/include/franka_msgs/franka_msgs/msg/detail/pose_stamped_array__functions.h
[0.295s] -- Up-to-date symlink: /home/herring/rzddzy/install/franka_msgs/include/franka_msgs/franka_msgs/msg/detail/pose_stamped_array__struct.h
[0.295s] -- Up-to-date symlink: /home/herring/rzddzy/install/franka_msgs/include/franka_msgs/franka_msgs/msg/detail/pose_stamped_array__type_support.h
[0.295s] -- Up-to-date symlink: /home/herring/rzddzy/install/franka_msgs/include/franka_msgs/franka_msgs/msg/errors.h
[0.295s] -- Up-to-date symlink: /home/herring/rzddzy/install/franka_msgs/include/franka_msgs/franka_msgs/msg/franka_model.h
[0.295s] -- Up-to-date symlink: /home/herring/rzddzy/install/franka_msgs/include/franka_msgs/franka_msgs/msg/franka_state.h
[0.295s] -- Up-to-date symlink: /home/herring/rzddzy/install/franka_msgs/include/franka_msgs/franka_msgs/msg/grasp_epsilon.h
[0.295s] -- Up-to-date symlink: /home/herring/rzddzy/install/franka_msgs/include/franka_msgs/franka_msgs/msg/pose_stamped_array.h
[0.295s] -- Up-to-date symlink: /home/herring/rzddzy/install/franka_msgs/include/franka_msgs/franka_msgs/msg/rosidl_generator_c__visibility_control.h
[0.295s] -- Up-to-date symlink: /home/herring/rzddzy/install/franka_msgs/include/franka_msgs/franka_msgs/srv/detail/error_recovery__functions.h
[0.296s] -- Up-to-date symlink: /home/herring/rzddzy/install/franka_msgs/include/franka_msgs/franka_msgs/srv/detail/error_recovery__struct.h
[0.296s] -- Up-to-date symlink: /home/herring/rzddzy/install/franka_msgs/include/franka_msgs/franka_msgs/srv/detail/error_recovery__type_support.h
[0.296s] -- Up-to-date symlink: /home/herring/rzddzy/install/franka_msgs/include/franka_msgs/franka_msgs/srv/detail/set_cartesian_stiffness__functions.h
[0.296s] -- Up-to-date symlink: /home/herring/rzddzy/install/franka_msgs/include/franka_msgs/franka_msgs/srv/detail/set_cartesian_stiffness__struct.h
[0.296s] -- Up-to-date symlink: /home/herring/rzddzy/install/franka_msgs/include/franka_msgs/franka_msgs/srv/detail/set_cartesian_stiffness__type_support.h
[0.296s] -- Up-to-date symlink: /home/herring/rzddzy/install/franka_msgs/include/franka_msgs/franka_msgs/srv/detail/set_force_torque_collision_behavior__functions.h
[0.296s] -- Up-to-date symlink: /home/herring/rzddzy/install/franka_msgs/include/franka_msgs/franka_msgs/srv/detail/set_force_torque_collision_behavior__struct.h
[0.296s] -- Up-to-date symlink: /home/herring/rzddzy/install/franka_msgs/include/franka_msgs/franka_msgs/srv/detail/set_force_torque_collision_behavior__type_support.h
[0.297s] -- Up-to-date symlink: /home/herring/rzddzy/install/franka_msgs/include/franka_msgs/franka_msgs/srv/detail/set_full_collision_behavior__functions.h
[0.297s] -- Up-to-date symlink: /home/herring/rzddzy/install/franka_msgs/include/franka_msgs/franka_msgs/srv/detail/set_full_collision_behavior__struct.h
[0.297s] -- Up-to-date symlink: /home/herring/rzddzy/install/franka_msgs/include/franka_msgs/franka_msgs/srv/detail/set_full_collision_behavior__type_support.h
[0.297s] -- Up-to-date symlink: /home/herring/rzddzy/install/franka_msgs/include/franka_msgs/franka_msgs/srv/detail/set_joint_stiffness__functions.h
[0.297s] -- Up-to-date symlink: /home/herring/rzddzy/install/franka_msgs/include/franka_msgs/franka_msgs/srv/detail/set_joint_stiffness__struct.h
[0.297s] -- Up-to-date symlink: /home/herring/rzddzy/install/franka_msgs/include/franka_msgs/franka_msgs/srv/detail/set_joint_stiffness__type_support.h
[0.297s] -- Up-to-date symlink: /home/herring/rzddzy/install/franka_msgs/include/franka_msgs/franka_msgs/srv/detail/set_load__functions.h
[0.297s] -- Up-to-date symlink: /home/herring/rzddzy/install/franka_msgs/include/franka_msgs/franka_msgs/srv/detail/set_load__struct.h
[0.297s] -- Up-to-date symlink: /home/herring/rzddzy/install/franka_msgs/include/franka_msgs/franka_msgs/srv/detail/set_load__type_support.h
[0.297s] -- Up-to-date symlink: /home/herring/rzddzy/install/franka_msgs/include/franka_msgs/franka_msgs/srv/detail/set_mujoco_poses__functions.h
[0.297s] -- Up-to-date symlink: /home/herring/rzddzy/install/franka_msgs/include/franka_msgs/franka_msgs/srv/detail/set_mujoco_poses__struct.h
[0.298s] -- Up-to-date symlink: /home/herring/rzddzy/install/franka_msgs/include/franka_msgs/franka_msgs/srv/detail/set_mujoco_poses__type_support.h
[0.298s] -- Up-to-date symlink: /home/herring/rzddzy/install/franka_msgs/include/franka_msgs/franka_msgs/srv/detail/set_stiffness_frame__functions.h
[0.298s] -- Up-to-date symlink: /home/herring/rzddzy/install/franka_msgs/include/franka_msgs/franka_msgs/srv/detail/set_stiffness_frame__struct.h
[0.298s] -- Up-to-date symlink: /home/herring/rzddzy/install/franka_msgs/include/franka_msgs/franka_msgs/srv/detail/set_stiffness_frame__type_support.h
[0.298s] -- Up-to-date symlink: /home/herring/rzddzy/install/franka_msgs/include/franka_msgs/franka_msgs/srv/detail/set_tcp_frame__functions.h
[0.298s] -- Up-to-date symlink: /home/herring/rzddzy/install/franka_msgs/include/franka_msgs/franka_msgs/srv/detail/set_tcp_frame__struct.h
[0.298s] -- Up-to-date symlink: /home/herring/rzddzy/install/franka_msgs/include/franka_msgs/franka_msgs/srv/detail/set_tcp_frame__type_support.h
[0.298s] -- Up-to-date symlink: /home/herring/rzddzy/install/franka_msgs/include/franka_msgs/franka_msgs/srv/error_recovery.h
[0.298s] -- Up-to-date symlink: /home/herring/rzddzy/install/franka_msgs/include/franka_msgs/franka_msgs/srv/set_cartesian_stiffness.h
[0.298s] -- Up-to-date symlink: /home/herring/rzddzy/install/franka_msgs/include/franka_msgs/franka_msgs/srv/set_force_torque_collision_behavior.h
[0.298s] -- Up-to-date symlink: /home/herring/rzddzy/install/franka_msgs/include/franka_msgs/franka_msgs/srv/set_full_collision_behavior.h
[0.298s] -- Up-to-date symlink: /home/herring/rzddzy/install/franka_msgs/include/franka_msgs/franka_msgs/srv/set_joint_stiffness.h
[0.299s] -- Up-to-date symlink: /home/herring/rzddzy/install/franka_msgs/include/franka_msgs/franka_msgs/srv/set_load.h
[0.299s] -- Up-to-date symlink: /home/herring/rzddzy/install/franka_msgs/include/franka_msgs/franka_msgs/srv/set_mujoco_poses.h
[0.299s] -- Up-to-date symlink: /home/herring/rzddzy/install/franka_msgs/include/franka_msgs/franka_msgs/srv/set_stiffness_frame.h
[0.299s] -- Up-to-date symlink: /home/herring/rzddzy/install/franka_msgs/include/franka_msgs/franka_msgs/srv/set_tcp_frame.h
[0.299s] -- Up-to-date symlink: /home/herring/rzddzy/install/franka_msgs/share/franka_msgs/environment/library_path.sh
[0.299s] -- Up-to-date symlink: /home/herring/rzddzy/install/franka_msgs/share/franka_msgs/environment/library_path.dsv
[0.300s] -- Up-to-date symlink: /home/herring/rzddzy/install/franka_msgs/include/franka_msgs/franka_msgs/action/detail/grasp__rosidl_typesupport_fastrtps_c.h
[0.300s] -- Up-to-date symlink: /home/herring/rzddzy/install/franka_msgs/include/franka_msgs/franka_msgs/action/detail/homing__rosidl_typesupport_fastrtps_c.h
[0.300s] -- Up-to-date symlink: /home/herring/rzddzy/install/franka_msgs/include/franka_msgs/franka_msgs/action/detail/move__rosidl_typesupport_fastrtps_c.h
[0.300s] -- Up-to-date symlink: /home/herring/rzddzy/install/franka_msgs/include/franka_msgs/franka_msgs/msg/detail/errors__rosidl_typesupport_fastrtps_c.h
[0.300s] -- Up-to-date symlink: /home/herring/rzddzy/install/franka_msgs/include/franka_msgs/franka_msgs/msg/detail/franka_model__rosidl_typesupport_fastrtps_c.h
[0.300s] -- Up-to-date symlink: /home/herring/rzddzy/install/franka_msgs/include/franka_msgs/franka_msgs/msg/detail/franka_state__rosidl_typesupport_fastrtps_c.h
[0.301s] -- Up-to-date symlink: /home/herring/rzddzy/install/franka_msgs/include/franka_msgs/franka_msgs/msg/detail/grasp_epsilon__rosidl_typesupport_fastrtps_c.h
[0.301s] -- Up-to-date symlink: /home/herring/rzddzy/install/franka_msgs/include/franka_msgs/franka_msgs/msg/detail/pose_stamped_array__rosidl_typesupport_fastrtps_c.h
[0.301s] -- Up-to-date symlink: /home/herring/rzddzy/install/franka_msgs/include/franka_msgs/franka_msgs/msg/rosidl_typesupport_fastrtps_c__visibility_control.h
[0.301s] -- Up-to-date symlink: /home/herring/rzddzy/install/franka_msgs/include/franka_msgs/franka_msgs/srv/detail/error_recovery__rosidl_typesupport_fastrtps_c.h
[0.301s] -- Up-to-date symlink: /home/herring/rzddzy/install/franka_msgs/include/franka_msgs/franka_msgs/srv/detail/set_cartesian_stiffness__rosidl_typesupport_fastrtps_c.h
[0.301s] -- Up-to-date symlink: /home/herring/rzddzy/install/franka_msgs/include/franka_msgs/franka_msgs/srv/detail/set_force_torque_collision_behavior__rosidl_typesupport_fastrtps_c.h
[0.301s] -- Up-to-date symlink: /home/herring/rzddzy/install/franka_msgs/include/franka_msgs/franka_msgs/srv/detail/set_full_collision_behavior__rosidl_typesupport_fastrtps_c.h
[0.301s] -- Up-to-date symlink: /home/herring/rzddzy/install/franka_msgs/include/franka_msgs/franka_msgs/srv/detail/set_joint_stiffness__rosidl_typesupport_fastrtps_c.h
[0.301s] -- Up-to-date symlink: /home/herring/rzddzy/install/franka_msgs/include/franka_msgs/franka_msgs/srv/detail/set_load__rosidl_typesupport_fastrtps_c.h
[0.301s] -- Up-to-date symlink: /home/herring/rzddzy/install/franka_msgs/include/franka_msgs/franka_msgs/srv/detail/set_mujoco_poses__rosidl_typesupport_fastrtps_c.h
[0.301s] -- Up-to-date symlink: /home/herring/rzddzy/install/franka_msgs/include/franka_msgs/franka_msgs/srv/detail/set_stiffness_frame__rosidl_typesupport_fastrtps_c.h
[0.302s] -- Up-to-date symlink: /home/herring/rzddzy/install/franka_msgs/include/franka_msgs/franka_msgs/srv/detail/set_tcp_frame__rosidl_typesupport_fastrtps_c.h
[0.302s] -- Up-to-date symlink: /home/herring/rzddzy/install/franka_msgs/include/franka_msgs/franka_msgs/action/detail/grasp__rosidl_typesupport_introspection_c.h
[0.302s] -- Up-to-date symlink: /home/herring/rzddzy/install/franka_msgs/include/franka_msgs/franka_msgs/action/detail/homing__rosidl_typesupport_introspection_c.h
[0.302s] -- Up-to-date symlink: /home/herring/rzddzy/install/franka_msgs/include/franka_msgs/franka_msgs/action/detail/move__rosidl_typesupport_introspection_c.h
[0.302s] -- Up-to-date symlink: /home/herring/rzddzy/install/franka_msgs/include/franka_msgs/franka_msgs/msg/detail/errors__rosidl_typesupport_introspection_c.h
[0.302s] -- Up-to-date symlink: /home/herring/rzddzy/install/franka_msgs/include/franka_msgs/franka_msgs/msg/detail/franka_model__rosidl_typesupport_introspection_c.h
[0.303s] -- Up-to-date symlink: /home/herring/rzddzy/install/franka_msgs/include/franka_msgs/franka_msgs/msg/detail/franka_state__rosidl_typesupport_introspection_c.h
[0.303s] -- Up-to-date symlink: /home/herring/rzddzy/install/franka_msgs/include/franka_msgs/franka_msgs/msg/detail/grasp_epsilon__rosidl_typesupport_introspection_c.h
[0.303s] -- Up-to-date symlink: /home/herring/rzddzy/install/franka_msgs/include/franka_msgs/franka_msgs/msg/detail/pose_stamped_array__rosidl_typesupport_introspection_c.h
[0.303s] -- Up-to-date symlink: /home/herring/rzddzy/install/franka_msgs/include/franka_msgs/franka_msgs/msg/rosidl_typesupport_introspection_c__visibility_control.h
[0.303s] -- Up-to-date symlink: /home/herring/rzddzy/install/franka_msgs/include/franka_msgs/franka_msgs/srv/detail/error_recovery__rosidl_typesupport_introspection_c.h
[0.303s] -- Up-to-date symlink: /home/herring/rzddzy/install/franka_msgs/include/franka_msgs/franka_msgs/srv/detail/set_cartesian_stiffness__rosidl_typesupport_introspection_c.h
[0.303s] -- Up-to-date symlink: /home/herring/rzddzy/install/franka_msgs/include/franka_msgs/franka_msgs/srv/detail/set_force_torque_collision_behavior__rosidl_typesupport_introspection_c.h
[0.303s] -- Up-to-date symlink: /home/herring/rzddzy/install/franka_msgs/include/franka_msgs/franka_msgs/srv/detail/set_full_collision_behavior__rosidl_typesupport_introspection_c.h
[0.303s] -- Up-to-date symlink: /home/herring/rzddzy/install/franka_msgs/include/franka_msgs/franka_msgs/srv/detail/set_joint_stiffness__rosidl_typesupport_introspection_c.h
[0.303s] -- Up-to-date symlink: /home/herring/rzddzy/install/franka_msgs/include/franka_msgs/franka_msgs/srv/detail/set_load__rosidl_typesupport_introspection_c.h
[0.303s] -- Up-to-date symlink: /home/herring/rzddzy/install/franka_msgs/include/franka_msgs/franka_msgs/srv/detail/set_mujoco_poses__rosidl_typesupport_introspection_c.h
[0.304s] -- Up-to-date symlink: /home/herring/rzddzy/install/franka_msgs/include/franka_msgs/franka_msgs/srv/detail/set_stiffness_frame__rosidl_typesupport_introspection_c.h
[0.304s] -- Up-to-date symlink: /home/herring/rzddzy/install/franka_msgs/include/franka_msgs/franka_msgs/srv/detail/set_tcp_frame__rosidl_typesupport_introspection_c.h
[0.305s] -- Up-to-date symlink: /home/herring/rzddzy/install/franka_msgs/include/franka_msgs/franka_msgs/action/detail/grasp__builder.hpp
[0.305s] -- Up-to-date symlink: /home/herring/rzddzy/install/franka_msgs/include/franka_msgs/franka_msgs/action/detail/grasp__struct.hpp
[0.305s] -- Up-to-date symlink: /home/herring/rzddzy/install/franka_msgs/include/franka_msgs/franka_msgs/action/detail/grasp__traits.hpp
[0.305s] -- Up-to-date symlink: /home/herring/rzddzy/install/franka_msgs/include/franka_msgs/franka_msgs/action/detail/grasp__type_support.hpp
[0.305s] -- Up-to-date symlink: /home/herring/rzddzy/install/franka_msgs/include/franka_msgs/franka_msgs/action/detail/homing__builder.hpp
[0.305s] -- Up-to-date symlink: /home/herring/rzddzy/install/franka_msgs/include/franka_msgs/franka_msgs/action/detail/homing__struct.hpp
[0.305s] -- Up-to-date symlink: /home/herring/rzddzy/install/franka_msgs/include/franka_msgs/franka_msgs/action/detail/homing__traits.hpp
[0.305s] -- Up-to-date symlink: /home/herring/rzddzy/install/franka_msgs/include/franka_msgs/franka_msgs/action/detail/homing__type_support.hpp
[0.305s] -- Up-to-date symlink: /home/herring/rzddzy/install/franka_msgs/include/franka_msgs/franka_msgs/action/detail/move__builder.hpp
[0.305s] -- Up-to-date symlink: /home/herring/rzddzy/install/franka_msgs/include/franka_msgs/franka_msgs/action/detail/move__struct.hpp
[0.305s] -- Up-to-date symlink: /home/herring/rzddzy/install/franka_msgs/include/franka_msgs/franka_msgs/action/detail/move__traits.hpp
[0.306s] -- Up-to-date symlink: /home/herring/rzddzy/install/franka_msgs/include/franka_msgs/franka_msgs/action/detail/move__type_support.hpp
[0.306s] -- Up-to-date symlink: /home/herring/rzddzy/install/franka_msgs/include/franka_msgs/franka_msgs/action/grasp.hpp
[0.306s] -- Up-to-date symlink: /home/herring/rzddzy/install/franka_msgs/include/franka_msgs/franka_msgs/action/homing.hpp
[0.306s] -- Up-to-date symlink: /home/herring/rzddzy/install/franka_msgs/include/franka_msgs/franka_msgs/action/move.hpp
[0.306s] -- Up-to-date symlink: /home/herring/rzddzy/install/franka_msgs/include/franka_msgs/franka_msgs/msg/detail/errors__builder.hpp
[0.306s] -- Up-to-date symlink: /home/herring/rzddzy/install/franka_msgs/include/franka_msgs/franka_msgs/msg/detail/errors__struct.hpp
[0.306s] -- Up-to-date symlink: /home/herring/rzddzy/install/franka_msgs/include/franka_msgs/franka_msgs/msg/detail/errors__traits.hpp
[0.306s] -- Up-to-date symlink: /home/herring/rzddzy/install/franka_msgs/include/franka_msgs/franka_msgs/msg/detail/errors__type_support.hpp
[0.306s] -- Up-to-date symlink: /home/herring/rzddzy/install/franka_msgs/include/franka_msgs/franka_msgs/msg/detail/franka_model__builder.hpp
[0.306s] -- Up-to-date symlink: /home/herring/rzddzy/install/franka_msgs/include/franka_msgs/franka_msgs/msg/detail/franka_model__struct.hpp
[0.306s] -- Up-to-date symlink: /home/herring/rzddzy/install/franka_msgs/include/franka_msgs/franka_msgs/msg/detail/franka_model__traits.hpp
[0.307s] -- Up-to-date symlink: /home/herring/rzddzy/install/franka_msgs/include/franka_msgs/franka_msgs/msg/detail/franka_model__type_support.hpp
[0.307s] -- Up-to-date symlink: /home/herring/rzddzy/install/franka_msgs/include/franka_msgs/franka_msgs/msg/detail/franka_state__builder.hpp
[0.307s] -- Up-to-date symlink: /home/herring/rzddzy/install/franka_msgs/include/franka_msgs/franka_msgs/msg/detail/franka_state__struct.hpp
[0.307s] -- Up-to-date symlink: /home/herring/rzddzy/install/franka_msgs/include/franka_msgs/franka_msgs/msg/detail/franka_state__traits.hpp
[0.307s] -- Up-to-date symlink: /home/herring/rzddzy/install/franka_msgs/include/franka_msgs/franka_msgs/msg/detail/franka_state__type_support.hpp
[0.307s] -- Up-to-date symlink: /home/herring/rzddzy/install/franka_msgs/include/franka_msgs/franka_msgs/msg/detail/grasp_epsilon__builder.hpp
[0.307s] -- Up-to-date symlink: /home/herring/rzddzy/install/franka_msgs/include/franka_msgs/franka_msgs/msg/detail/grasp_epsilon__struct.hpp
[0.307s] -- Up-to-date symlink: /home/herring/rzddzy/install/franka_msgs/include/franka_msgs/franka_msgs/msg/detail/grasp_epsilon__traits.hpp
[0.307s] -- Up-to-date symlink: /home/herring/rzddzy/install/franka_msgs/include/franka_msgs/franka_msgs/msg/detail/grasp_epsilon__type_support.hpp
[0.307s] -- Up-to-date symlink: /home/herring/rzddzy/install/franka_msgs/include/franka_msgs/franka_msgs/msg/detail/pose_stamped_array__builder.hpp
[0.307s] -- Up-to-date symlink: /home/herring/rzddzy/install/franka_msgs/include/franka_msgs/franka_msgs/msg/detail/pose_stamped_array__struct.hpp
[0.308s] -- Up-to-date symlink: /home/herring/rzddzy/install/franka_msgs/include/franka_msgs/franka_msgs/msg/detail/pose_stamped_array__traits.hpp
[0.308s] -- Up-to-date symlink: /home/herring/rzddzy/install/franka_msgs/include/franka_msgs/franka_msgs/msg/detail/pose_stamped_array__type_support.hpp
[0.308s] -- Up-to-date symlink: /home/herring/rzddzy/install/franka_msgs/include/franka_msgs/franka_msgs/msg/errors.hpp
[0.308s] -- Up-to-date symlink: /home/herring/rzddzy/install/franka_msgs/include/franka_msgs/franka_msgs/msg/franka_model.hpp
[0.308s] -- Up-to-date symlink: /home/herring/rzddzy/install/franka_msgs/include/franka_msgs/franka_msgs/msg/franka_state.hpp
[0.308s] -- Up-to-date symlink: /home/herring/rzddzy/install/franka_msgs/include/franka_msgs/franka_msgs/msg/grasp_epsilon.hpp
[0.308s] -- Up-to-date symlink: /home/herring/rzddzy/install/franka_msgs/include/franka_msgs/franka_msgs/msg/pose_stamped_array.hpp
[0.308s] -- Up-to-date symlink: /home/herring/rzddzy/install/franka_msgs/include/franka_msgs/franka_msgs/msg/rosidl_generator_cpp__visibility_control.hpp
[0.308s] -- Up-to-date symlink: /home/herring/rzddzy/install/franka_msgs/include/franka_msgs/franka_msgs/srv/detail/error_recovery__builder.hpp
[0.309s] -- Up-to-date symlink: /home/herring/rzddzy/install/franka_msgs/include/franka_msgs/franka_msgs/srv/detail/error_recovery__struct.hpp
[0.309s] -- Up-to-date symlink: /home/herring/rzddzy/install/franka_msgs/include/franka_msgs/franka_msgs/srv/detail/error_recovery__traits.hpp
[0.309s] -- Up-to-date symlink: /home/herring/rzddzy/install/franka_msgs/include/franka_msgs/franka_msgs/srv/detail/error_recovery__type_support.hpp
[0.309s] -- Up-to-date symlink: /home/herring/rzddzy/install/franka_msgs/include/franka_msgs/franka_msgs/srv/detail/set_cartesian_stiffness__builder.hpp
[0.309s] -- Up-to-date symlink: /home/herring/rzddzy/install/franka_msgs/include/franka_msgs/franka_msgs/srv/detail/set_cartesian_stiffness__struct.hpp
[0.309s] -- Up-to-date symlink: /home/herring/rzddzy/install/franka_msgs/include/franka_msgs/franka_msgs/srv/detail/set_cartesian_stiffness__traits.hpp
[0.309s] -- Up-to-date symlink: /home/herring/rzddzy/install/franka_msgs/include/franka_msgs/franka_msgs/srv/detail/set_cartesian_stiffness__type_support.hpp
[0.309s] -- Up-to-date symlink: /home/herring/rzddzy/install/franka_msgs/include/franka_msgs/franka_msgs/srv/detail/set_force_torque_collision_behavior__builder.hpp
[0.309s] -- Up-to-date symlink: /home/herring/rzddzy/install/franka_msgs/include/franka_msgs/franka_msgs/srv/detail/set_force_torque_collision_behavior__struct.hpp
[0.309s] -- Up-to-date symlink: /home/herring/rzddzy/install/franka_msgs/include/franka_msgs/franka_msgs/srv/detail/set_force_torque_collision_behavior__traits.hpp
[0.309s] -- Up-to-date symlink: /home/herring/rzddzy/install/franka_msgs/include/franka_msgs/franka_msgs/srv/detail/set_force_torque_collision_behavior__type_support.hpp
[0.310s] -- Up-to-date symlink: /home/herring/rzddzy/install/franka_msgs/include/franka_msgs/franka_msgs/srv/detail/set_full_collision_behavior__builder.hpp
[0.310s] -- Up-to-date symlink: /home/herring/rzddzy/install/franka_msgs/include/franka_msgs/franka_msgs/srv/detail/set_full_collision_behavior__struct.hpp
[0.310s] -- Up-to-date symlink: /home/herring/rzddzy/install/franka_msgs/include/franka_msgs/franka_msgs/srv/detail/set_full_collision_behavior__traits.hpp
[0.310s] -- Up-to-date symlink: /home/herring/rzddzy/install/franka_msgs/include/franka_msgs/franka_msgs/srv/detail/set_full_collision_behavior__type_support.hpp
[0.310s] -- Up-to-date symlink: /home/herring/rzddzy/install/franka_msgs/include/franka_msgs/franka_msgs/srv/detail/set_joint_stiffness__builder.hpp
[0.310s] -- Up-to-date symlink: /home/herring/rzddzy/install/franka_msgs/include/franka_msgs/franka_msgs/srv/detail/set_joint_stiffness__struct.hpp
[0.310s] -- Up-to-date symlink: /home/herring/rzddzy/install/franka_msgs/include/franka_msgs/franka_msgs/srv/detail/set_joint_stiffness__traits.hpp
[0.310s] -- Up-to-date symlink: /home/herring/rzddzy/install/franka_msgs/include/franka_msgs/franka_msgs/srv/detail/set_joint_stiffness__type_support.hpp
[0.310s] -- Up-to-date symlink: /home/herring/rzddzy/install/franka_msgs/include/franka_msgs/franka_msgs/srv/detail/set_load__builder.hpp
[0.310s] -- Up-to-date symlink: /home/herring/rzddzy/install/franka_msgs/include/franka_msgs/franka_msgs/srv/detail/set_load__struct.hpp
[0.310s] -- Up-to-date symlink: /home/herring/rzddzy/install/franka_msgs/include/franka_msgs/franka_msgs/srv/detail/set_load__traits.hpp
[0.311s] -- Up-to-date symlink: /home/herring/rzddzy/install/franka_msgs/include/franka_msgs/franka_msgs/srv/detail/set_load__type_support.hpp
[0.311s] -- Up-to-date symlink: /home/herring/rzddzy/install/franka_msgs/include/franka_msgs/franka_msgs/srv/detail/set_mujoco_poses__builder.hpp
[0.311s] -- Up-to-date symlink: /home/herring/rzddzy/install/franka_msgs/include/franka_msgs/franka_msgs/srv/detail/set_mujoco_poses__struct.hpp
[0.311s] -- Up-to-date symlink: /home/herring/rzddzy/install/franka_msgs/include/franka_msgs/franka_msgs/srv/detail/set_mujoco_poses__traits.hpp
[0.311s] -- Up-to-date symlink: /home/herring/rzddzy/install/franka_msgs/include/franka_msgs/franka_msgs/srv/detail/set_mujoco_poses__type_support.hpp
[0.311s] -- Up-to-date symlink: /home/herring/rzddzy/install/franka_msgs/include/franka_msgs/franka_msgs/srv/detail/set_stiffness_frame__builder.hpp
[0.311s] -- Up-to-date symlink: /home/herring/rzddzy/install/franka_msgs/include/franka_msgs/franka_msgs/srv/detail/set_stiffness_frame__struct.hpp
[0.311s] -- Up-to-date symlink: /home/herring/rzddzy/install/franka_msgs/include/franka_msgs/franka_msgs/srv/detail/set_stiffness_frame__traits.hpp
[0.312s] -- Up-to-date symlink: /home/herring/rzddzy/install/franka_msgs/include/franka_msgs/franka_msgs/srv/detail/set_stiffness_frame__type_support.hpp
[0.312s] -- Up-to-date symlink: /home/herring/rzddzy/install/franka_msgs/include/franka_msgs/franka_msgs/srv/detail/set_tcp_frame__builder.hpp
[0.312s] -- Up-to-date symlink: /home/herring/rzddzy/install/franka_msgs/include/franka_msgs/franka_msgs/srv/detail/set_tcp_frame__struct.hpp
[0.312s] -- Up-to-date symlink: /home/herring/rzddzy/install/franka_msgs/include/franka_msgs/franka_msgs/srv/detail/set_tcp_frame__traits.hpp
[0.312s] -- Up-to-date symlink: /home/herring/rzddzy/install/franka_msgs/include/franka_msgs/franka_msgs/srv/detail/set_tcp_frame__type_support.hpp
[0.312s] -- Up-to-date symlink: /home/herring/rzddzy/install/franka_msgs/include/franka_msgs/franka_msgs/srv/error_recovery.hpp
[0.312s] -- Up-to-date symlink: /home/herring/rzddzy/install/franka_msgs/include/franka_msgs/franka_msgs/srv/set_cartesian_stiffness.hpp
[0.312s] -- Up-to-date symlink: /home/herring/rzddzy/install/franka_msgs/include/franka_msgs/franka_msgs/srv/set_force_torque_collision_behavior.hpp
[0.312s] -- Up-to-date symlink: /home/herring/rzddzy/install/franka_msgs/include/franka_msgs/franka_msgs/srv/set_full_collision_behavior.hpp
[0.312s] -- Up-to-date symlink: /home/herring/rzddzy/install/franka_msgs/include/franka_msgs/franka_msgs/srv/set_joint_stiffness.hpp
[0.312s] -- Up-to-date symlink: /home/herring/rzddzy/install/franka_msgs/include/franka_msgs/franka_msgs/srv/set_load.hpp
[0.312s] -- Up-to-date symlink: /home/herring/rzddzy/install/franka_msgs/include/franka_msgs/franka_msgs/srv/set_mujoco_poses.hpp
[0.312s] -- Up-to-date symlink: /home/herring/rzddzy/install/franka_msgs/include/franka_msgs/franka_msgs/srv/set_stiffness_frame.hpp
[0.313s] -- Up-to-date symlink: /home/herring/rzddzy/install/franka_msgs/include/franka_msgs/franka_msgs/srv/set_tcp_frame.hpp
[0.313s] -- Up-to-date symlink: /home/herring/rzddzy/install/franka_msgs/include/franka_msgs/franka_msgs/action/detail/grasp__rosidl_typesupport_fastrtps_cpp.hpp
[0.313s] -- Up-to-date symlink: /home/herring/rzddzy/install/franka_msgs/include/franka_msgs/franka_msgs/action/detail/homing__rosidl_typesupport_fastrtps_cpp.hpp
[0.314s] -- Up-to-date symlink: /home/herring/rzddzy/install/franka_msgs/include/franka_msgs/franka_msgs/action/detail/move__rosidl_typesupport_fastrtps_cpp.hpp
[0.314s] -- Up-to-date symlink: /home/herring/rzddzy/install/franka_msgs/include/franka_msgs/franka_msgs/msg/detail/errors__rosidl_typesupport_fastrtps_cpp.hpp
[0.314s] -- Up-to-date symlink: /home/herring/rzddzy/install/franka_msgs/include/franka_msgs/franka_msgs/msg/detail/franka_model__rosidl_typesupport_fastrtps_cpp.hpp
[0.314s] -- Up-to-date symlink: /home/herring/rzddzy/install/franka_msgs/include/franka_msgs/franka_msgs/msg/detail/franka_state__rosidl_typesupport_fastrtps_cpp.hpp
[0.314s] -- Up-to-date symlink: /home/herring/rzddzy/install/franka_msgs/include/franka_msgs/franka_msgs/msg/detail/grasp_epsilon__rosidl_typesupport_fastrtps_cpp.hpp
[0.314s] -- Up-to-date symlink: /home/herring/rzddzy/install/franka_msgs/include/franka_msgs/franka_msgs/msg/detail/pose_stamped_array__rosidl_typesupport_fastrtps_cpp.hpp
[0.314s] -- Up-to-date symlink: /home/herring/rzddzy/install/franka_msgs/include/franka_msgs/franka_msgs/msg/rosidl_typesupport_fastrtps_cpp__visibility_control.h
[0.315s] -- Up-to-date symlink: /home/herring/rzddzy/install/franka_msgs/include/franka_msgs/franka_msgs/srv/detail/error_recovery__rosidl_typesupport_fastrtps_cpp.hpp
[0.315s] -- Up-to-date symlink: /home/herring/rzddzy/install/franka_msgs/include/franka_msgs/franka_msgs/srv/detail/set_cartesian_stiffness__rosidl_typesupport_fastrtps_cpp.hpp
[0.315s] -- Up-to-date symlink: /home/herring/rzddzy/install/franka_msgs/include/franka_msgs/franka_msgs/srv/detail/set_force_torque_collision_behavior__rosidl_typesupport_fastrtps_cpp.hpp
[0.316s] -- Up-to-date symlink: /home/herring/rzddzy/install/franka_msgs/include/franka_msgs/franka_msgs/srv/detail/set_full_collision_behavior__rosidl_typesupport_fastrtps_cpp.hpp
[0.316s] -- Up-to-date symlink: /home/herring/rzddzy/install/franka_msgs/include/franka_msgs/franka_msgs/srv/detail/set_joint_stiffness__rosidl_typesupport_fastrtps_cpp.hpp
[0.318s] -- Up-to-date symlink: /home/herring/rzddzy/install/franka_msgs/include/franka_msgs/franka_msgs/srv/detail/set_load__rosidl_typesupport_fastrtps_cpp.hpp
[0.318s] -- Up-to-date symlink: /home/herring/rzddzy/install/franka_msgs/include/franka_msgs/franka_msgs/srv/detail/set_mujoco_poses__rosidl_typesupport_fastrtps_cpp.hpp
[0.318s] -- Up-to-date symlink: /home/herring/rzddzy/install/franka_msgs/include/franka_msgs/franka_msgs/srv/detail/set_stiffness_frame__rosidl_typesupport_fastrtps_cpp.hpp
[0.318s] -- Up-to-date symlink: /home/herring/rzddzy/install/franka_msgs/include/franka_msgs/franka_msgs/srv/detail/set_tcp_frame__rosidl_typesupport_fastrtps_cpp.hpp
[0.318s] -- Up-to-date symlink: /home/herring/rzddzy/install/franka_msgs/include/franka_msgs/franka_msgs/action/detail/grasp__rosidl_typesupport_introspection_cpp.hpp
[0.318s] -- Up-to-date symlink: /home/herring/rzddzy/install/franka_msgs/include/franka_msgs/franka_msgs/action/detail/homing__rosidl_typesupport_introspection_cpp.hpp
[0.318s] -- Up-to-date symlink: /home/herring/rzddzy/install/franka_msgs/include/franka_msgs/franka_msgs/action/detail/move__rosidl_typesupport_introspection_cpp.hpp
[0.318s] -- Up-to-date symlink: /home/herring/rzddzy/install/franka_msgs/include/franka_msgs/franka_msgs/msg/detail/errors__rosidl_typesupport_introspection_cpp.hpp
[0.318s] -- Up-to-date symlink: /home/herring/rzddzy/install/franka_msgs/include/franka_msgs/franka_msgs/msg/detail/franka_model__rosidl_typesupport_introspection_cpp.hpp
[0.319s] -- Up-to-date symlink: /home/herring/rzddzy/install/franka_msgs/include/franka_msgs/franka_msgs/msg/detail/franka_state__rosidl_typesupport_introspection_cpp.hpp
[0.319s] -- Up-to-date symlink: /home/herring/rzddzy/install/franka_msgs/include/franka_msgs/franka_msgs/msg/detail/grasp_epsilon__rosidl_typesupport_introspection_cpp.hpp
[0.319s] -- Up-to-date symlink: /home/herring/rzddzy/install/franka_msgs/include/franka_msgs/franka_msgs/msg/detail/pose_stamped_array__rosidl_typesupport_introspection_cpp.hpp
[0.319s] -- Up-to-date symlink: /home/herring/rzddzy/install/franka_msgs/include/franka_msgs/franka_msgs/srv/detail/error_recovery__rosidl_typesupport_introspection_cpp.hpp
[0.319s] -- Up-to-date symlink: /home/herring/rzddzy/install/franka_msgs/include/franka_msgs/franka_msgs/srv/detail/set_cartesian_stiffness__rosidl_typesupport_introspection_cpp.hpp
[0.319s] -- Up-to-date symlink: /home/herring/rzddzy/install/franka_msgs/include/franka_msgs/franka_msgs/srv/detail/set_force_torque_collision_behavior__rosidl_typesupport_introspection_cpp.hpp
[0.319s] -- Up-to-date symlink: /home/herring/rzddzy/install/franka_msgs/include/franka_msgs/franka_msgs/srv/detail/set_full_collision_behavior__rosidl_typesupport_introspection_cpp.hpp
[0.320s] -- Up-to-date symlink: /home/herring/rzddzy/install/franka_msgs/include/franka_msgs/franka_msgs/srv/detail/set_joint_stiffness__rosidl_typesupport_introspection_cpp.hpp
[0.320s] -- Up-to-date symlink: /home/herring/rzddzy/install/franka_msgs/include/franka_msgs/franka_msgs/srv/detail/set_load__rosidl_typesupport_introspection_cpp.hpp
[0.320s] -- Up-to-date symlink: /home/herring/rzddzy/install/franka_msgs/include/franka_msgs/franka_msgs/srv/detail/set_mujoco_poses__rosidl_typesupport_introspection_cpp.hpp
[0.320s] -- Up-to-date symlink: /home/herring/rzddzy/install/franka_msgs/include/franka_msgs/franka_msgs/srv/detail/set_stiffness_frame__rosidl_typesupport_introspection_cpp.hpp
[0.320s] -- Up-to-date symlink: /home/herring/rzddzy/install/franka_msgs/include/franka_msgs/franka_msgs/srv/detail/set_tcp_frame__rosidl_typesupport_introspection_cpp.hpp
[0.320s] -- Up-to-date symlink: /home/herring/rzddzy/install/franka_msgs/share/franka_msgs/environment/pythonpath.sh
[0.320s] -- Up-to-date symlink: /home/herring/rzddzy/install/franka_msgs/share/franka_msgs/environment/pythonpath.dsv
[0.320s] -- Up-to-date symlink: /home/herring/rzddzy/install/franka_msgs/lib/python3.12/site-packages/franka_msgs-0.0.0-py3.12.egg-info/PKG-INFO
[0.320s] -- Up-to-date symlink: /home/herring/rzddzy/install/franka_msgs/lib/python3.12/site-packages/franka_msgs-0.0.0-py3.12.egg-info/SOURCES.txt
[0.321s] -- Up-to-date symlink: /home/herring/rzddzy/install/franka_msgs/lib/python3.12/site-packages/franka_msgs-0.0.0-py3.12.egg-info/dependency_links.txt
[0.321s] -- Up-to-date symlink: /home/herring/rzddzy/install/franka_msgs/lib/python3.12/site-packages/franka_msgs-0.0.0-py3.12.egg-info/top_level.txt
[0.321s] -- Up-to-date symlink: /home/herring/rzddzy/install/franka_msgs/lib/python3.12/site-packages/franka_msgs/__init__.py
[0.321s] -- Up-to-date symlink: /home/herring/rzddzy/install/franka_msgs/lib/python3.12/site-packages/franka_msgs/_franka_msgs_s.ep.rosidl_typesupport_c.c
[0.321s] -- Up-to-date symlink: /home/herring/rzddzy/install/franka_msgs/lib/python3.12/site-packages/franka_msgs/_franka_msgs_s.ep.rosidl_typesupport_fastrtps_c.c
[0.321s] -- Up-to-date symlink: /home/herring/rzddzy/install/franka_msgs/lib/python3.12/site-packages/franka_msgs/_franka_msgs_s.ep.rosidl_typesupport_introspection_c.c
[0.321s] -- Up-to-date symlink: /home/herring/rzddzy/install/franka_msgs/lib/python3.12/site-packages/franka_msgs/action/__init__.py
[0.322s] -- Up-to-date symlink: /home/herring/rzddzy/install/franka_msgs/lib/python3.12/site-packages/franka_msgs/action/_grasp.py
[0.322s] -- Up-to-date symlink: /home/herring/rzddzy/install/franka_msgs/lib/python3.12/site-packages/franka_msgs/action/_grasp_s.c
[0.322s] -- Up-to-date symlink: /home/herring/rzddzy/install/franka_msgs/lib/python3.12/site-packages/franka_msgs/action/_homing.py
[0.322s] -- Up-to-date symlink: /home/herring/rzddzy/install/franka_msgs/lib/python3.12/site-packages/franka_msgs/action/_homing_s.c
[0.323s] -- Up-to-date symlink: /home/herring/rzddzy/install/franka_msgs/lib/python3.12/site-packages/franka_msgs/action/_move.py
[0.323s] -- Up-to-date symlink: /home/herring/rzddzy/install/franka_msgs/lib/python3.12/site-packages/franka_msgs/action/_move_s.c
[0.323s] -- Up-to-date symlink: /home/herring/rzddzy/install/franka_msgs/lib/python3.12/site-packages/franka_msgs/franka_msgs_s__rosidl_typesupport_c.so
[0.323s] -- Up-to-date symlink: /home/herring/rzddzy/install/franka_msgs/lib/python3.12/site-packages/franka_msgs/franka_msgs_s__rosidl_typesupport_fastrtps_c.so
[0.323s] -- Up-to-date symlink: /home/herring/rzddzy/install/franka_msgs/lib/python3.12/site-packages/franka_msgs/franka_msgs_s__rosidl_typesupport_introspection_c.so
[0.323s] -- Up-to-date symlink: /home/herring/rzddzy/install/franka_msgs/lib/python3.12/site-packages/franka_msgs/msg/__init__.py
[0.324s] -- Up-to-date symlink: /home/herring/rzddzy/install/franka_msgs/lib/python3.12/site-packages/franka_msgs/msg/_errors.py
[0.324s] -- Up-to-date symlink: /home/herring/rzddzy/install/franka_msgs/lib/python3.12/site-packages/franka_msgs/msg/_errors_s.c
[0.324s] -- Up-to-date symlink: /home/herring/rzddzy/install/franka_msgs/lib/python3.12/site-packages/franka_msgs/msg/_franka_model.py
[0.324s] -- Up-to-date symlink: /home/herring/rzddzy/install/franka_msgs/lib/python3.12/site-packages/franka_msgs/msg/_franka_model_s.c
[0.324s] -- Up-to-date symlink: /home/herring/rzddzy/install/franka_msgs/lib/python3.12/site-packages/franka_msgs/msg/_franka_state.py
[0.325s] -- Up-to-date symlink: /home/herring/rzddzy/install/franka_msgs/lib/python3.12/site-packages/franka_msgs/msg/_franka_state_s.c
[0.325s] -- Up-to-date symlink: /home/herring/rzddzy/install/franka_msgs/lib/python3.12/site-packages/franka_msgs/msg/_grasp_epsilon.py
[0.325s] -- Up-to-date symlink: /home/herring/rzddzy/install/franka_msgs/lib/python3.12/site-packages/franka_msgs/msg/_grasp_epsilon_s.c
[0.325s] -- Up-to-date symlink: /home/herring/rzddzy/install/franka_msgs/lib/python3.12/site-packages/franka_msgs/msg/_pose_stamped_array.py
[0.325s] -- Up-to-date symlink: /home/herring/rzddzy/install/franka_msgs/lib/python3.12/site-packages/franka_msgs/msg/_pose_stamped_array_s.c
[0.325s] -- Up-to-date symlink: /home/herring/rzddzy/install/franka_msgs/lib/python3.12/site-packages/franka_msgs/srv/__init__.py
[0.326s] -- Up-to-date symlink: /home/herring/rzddzy/install/franka_msgs/lib/python3.12/site-packages/franka_msgs/srv/_error_recovery.py
[0.326s] -- Up-to-date symlink: /home/herring/rzddzy/install/franka_msgs/lib/python3.12/site-packages/franka_msgs/srv/_error_recovery_s.c
[0.326s] -- Up-to-date symlink: /home/herring/rzddzy/install/franka_msgs/lib/python3.12/site-packages/franka_msgs/srv/_set_cartesian_stiffness.py
[0.326s] -- Up-to-date symlink: /home/herring/rzddzy/install/franka_msgs/lib/python3.12/site-packages/franka_msgs/srv/_set_cartesian_stiffness_s.c
[0.326s] -- Up-to-date symlink: /home/herring/rzddzy/install/franka_msgs/lib/python3.12/site-packages/franka_msgs/srv/_set_force_torque_collision_behavior.py
[0.327s] -- Up-to-date symlink: /home/herring/rzddzy/install/franka_msgs/lib/python3.12/site-packages/franka_msgs/srv/_set_force_torque_collision_behavior_s.c
[0.327s] -- Up-to-date symlink: /home/herring/rzddzy/install/franka_msgs/lib/python3.12/site-packages/franka_msgs/srv/_set_full_collision_behavior.py
[0.327s] -- Up-to-date symlink: /home/herring/rzddzy/install/franka_msgs/lib/python3.12/site-packages/franka_msgs/srv/_set_full_collision_behavior_s.c
[0.327s] -- Up-to-date symlink: /home/herring/rzddzy/install/franka_msgs/lib/python3.12/site-packages/franka_msgs/srv/_set_joint_stiffness.py
[0.328s] -- Up-to-date symlink: /home/herring/rzddzy/install/franka_msgs/lib/python3.12/site-packages/franka_msgs/srv/_set_joint_stiffness_s.c
[0.328s] -- Up-to-date symlink: /home/herring/rzddzy/install/franka_msgs/lib/python3.12/site-packages/franka_msgs/srv/_set_load.py
[0.328s] -- Up-to-date symlink: /home/herring/rzddzy/install/franka_msgs/lib/python3.12/site-packages/franka_msgs/srv/_set_load_s.c
[0.328s] -- Up-to-date symlink: /home/herring/rzddzy/install/franka_msgs/lib/python3.12/site-packages/franka_msgs/srv/_set_mujoco_poses.py
[0.328s] -- Up-to-date symlink: /home/herring/rzddzy/install/franka_msgs/lib/python3.12/site-packages/franka_msgs/srv/_set_mujoco_poses_s.c
[0.329s] -- Up-to-date symlink: /home/herring/rzddzy/install/franka_msgs/lib/python3.12/site-packages/franka_msgs/srv/_set_stiffness_frame.py
[0.329s] -- Up-to-date symlink: /home/herring/rzddzy/install/franka_msgs/lib/python3.12/site-packages/franka_msgs/srv/_set_stiffness_frame_s.c
[0.329s] -- Up-to-date symlink: /home/herring/rzddzy/install/franka_msgs/lib/python3.12/site-packages/franka_msgs/srv/_set_tcp_frame.py
[0.329s] -- Up-to-date symlink: /home/herring/rzddzy/install/franka_msgs/lib/python3.12/site-packages/franka_msgs/srv/_set_tcp_frame_s.c
[0.330s] -- Up-to-date symlink: /home/herring/rzddzy/install/franka_msgs/lib/python3.12/site-packages/franka_msgs/franka_msgs_s__rosidl_typesupport_fastrtps_c.so
[0.330s] -- Up-to-date symlink: /home/herring/rzddzy/install/franka_msgs/lib/python3.12/site-packages/franka_msgs/franka_msgs_s__rosidl_typesupport_introspection_c.so
[0.330s] -- Up-to-date symlink: /home/herring/rzddzy/install/franka_msgs/lib/python3.12/site-packages/franka_msgs/franka_msgs_s__rosidl_typesupport_c.so
[0.331s] -- Up-to-date symlink: /home/herring/rzddzy/install/franka_msgs/share/franka_msgs/msg/GraspEpsilon.idl
[0.331s] -- Up-to-date symlink: /home/herring/rzddzy/install/franka_msgs/share/franka_msgs/msg/FrankaState.idl
[0.331s] -- Up-to-date symlink: /home/herring/rzddzy/install/franka_msgs/share/franka_msgs/msg/FrankaModel.idl
[0.331s] -- Up-to-date symlink: /home/herring/rzddzy/install/franka_msgs/share/franka_msgs/msg/Errors.idl
[0.331s] -- Up-to-date symlink: /home/herring/rzddzy/install/franka_msgs/share/franka_msgs/msg/PoseStampedArray.idl
[0.332s] -- Up-to-date symlink: /home/herring/rzddzy/install/franka_msgs/share/franka_msgs/action/Grasp.idl
[0.332s] -- Up-to-date symlink: /home/herring/rzddzy/install/franka_msgs/share/franka_msgs/action/Homing.idl
[0.332s] -- Up-to-date symlink: /home/herring/rzddzy/install/franka_msgs/share/franka_msgs/action/Move.idl
[0.332s] -- Up-to-date symlink: /home/herring/rzddzy/install/franka_msgs/share/franka_msgs/srv/ErrorRecovery.idl
[0.332s] -- Up-to-date symlink: /home/herring/rzddzy/install/franka_msgs/share/franka_msgs/srv/SetCartesianStiffness.idl
[0.333s] -- Up-to-date symlink: /home/herring/rzddzy/install/franka_msgs/share/franka_msgs/srv/SetTCPFrame.idl
[0.333s] -- Up-to-date symlink: /home/herring/rzddzy/install/franka_msgs/share/franka_msgs/srv/SetForceTorqueCollisionBehavior.idl
[0.333s] -- Up-to-date symlink: /home/herring/rzddzy/install/franka_msgs/share/franka_msgs/srv/SetFullCollisionBehavior.idl
[0.333s] -- Up-to-date symlink: /home/herring/rzddzy/install/franka_msgs/share/franka_msgs/srv/SetJointStiffness.idl
[0.333s] -- Up-to-date symlink: /home/herring/rzddzy/install/franka_msgs/share/franka_msgs/srv/SetStiffnessFrame.idl
[0.333s] -- Up-to-date symlink: /home/herring/rzddzy/install/franka_msgs/share/franka_msgs/srv/SetLoad.idl
[0.334s] -- Up-to-date symlink: /home/herring/rzddzy/install/franka_msgs/share/franka_msgs/srv/SetMujocoPoses.idl
[0.334s] -- Up-to-date symlink: /home/herring/rzddzy/install/franka_msgs/share/franka_msgs/msg/GraspEpsilon.msg
[0.334s] -- Up-to-date symlink: /home/herring/rzddzy/install/franka_msgs/share/franka_msgs/msg/FrankaState.msg
[0.334s] -- Up-to-date symlink: /home/herring/rzddzy/install/franka_msgs/share/franka_msgs/msg/FrankaModel.msg
[0.335s] -- Up-to-date symlink: /home/herring/rzddzy/install/franka_msgs/share/franka_msgs/msg/Errors.msg
[0.335s] -- Up-to-date symlink: /home/herring/rzddzy/install/franka_msgs/share/franka_msgs/msg/PoseStampedArray.msg
[0.335s] -- Up-to-date symlink: /home/herring/rzddzy/install/franka_msgs/share/franka_msgs/action/Grasp.action
[0.335s] -- Up-to-date symlink: /home/herring/rzddzy/install/franka_msgs/share/franka_msgs/action/Homing.action
[0.335s] -- Up-to-date symlink: /home/herring/rzddzy/install/franka_msgs/share/franka_msgs/action/Move.action
[0.335s] -- Up-to-date symlink: /home/herring/rzddzy/install/franka_msgs/share/franka_msgs/srv/ErrorRecovery.srv
[0.335s] -- Up-to-date symlink: /home/herring/rzddzy/install/franka_msgs/share/franka_msgs/srv/SetCartesianStiffness.srv
[0.336s] -- Up-to-date symlink: /home/herring/rzddzy/install/franka_msgs/share/franka_msgs/srv/SetTCPFrame.srv
[0.336s] -- Up-to-date symlink: /home/herring/rzddzy/install/franka_msgs/share/franka_msgs/srv/SetForceTorqueCollisionBehavior.srv
[0.336s] -- Up-to-date symlink: /home/herring/rzddzy/install/franka_msgs/share/franka_msgs/srv/SetFullCollisionBehavior.srv
[0.336s] -- Up-to-date symlink: /home/herring/rzddzy/install/franka_msgs/share/franka_msgs/srv/SetJointStiffness.srv
[0.336s] -- Up-to-date symlink: /home/herring/rzddzy/install/franka_msgs/share/franka_msgs/srv/SetStiffnessFrame.srv
[0.336s] -- Up-to-date symlink: /home/herring/rzddzy/install/franka_msgs/share/franka_msgs/srv/SetLoad.srv
[0.336s] -- Up-to-date symlink: /home/herring/rzddzy/install/franka_msgs/share/franka_msgs/srv/SetMujocoPoses.srv
[0.336s] -- Up-to-date symlink: /home/herring/rzddzy/install/franka_msgs/share/ament_index/resource_index/package_run_dependencies/franka_msgs
[0.337s] -- Up-to-date symlink: /home/herring/rzddzy/install/franka_msgs/share/ament_index/resource_index/parent_prefix_path/franka_msgs
[0.337s] -- Up-to-date symlink: /home/herring/rzddzy/install/franka_msgs/share/franka_msgs/environment/ament_prefix_path.sh
[0.337s] -- Up-to-date symlink: /home/herring/rzddzy/install/franka_msgs/share/franka_msgs/environment/ament_prefix_path.dsv
[0.337s] -- Up-to-date symlink: /home/herring/rzddzy/install/franka_msgs/share/franka_msgs/environment/path.sh
[0.337s] -- Up-to-date symlink: /home/herring/rzddzy/install/franka_msgs/share/franka_msgs/environment/path.dsv
[0.337s] -- Up-to-date symlink: /home/herring/rzddzy/install/franka_msgs/share/franka_msgs/local_setup.bash
[0.337s] -- Up-to-date symlink: /home/herring/rzddzy/install/franka_msgs/share/franka_msgs/local_setup.sh
[0.337s] -- Up-to-date symlink: /home/herring/rzddzy/install/franka_msgs/share/franka_msgs/local_setup.zsh
[0.337s] -- Up-to-date symlink: /home/herring/rzddzy/install/franka_msgs/share/franka_msgs/local_setup.dsv
[0.338s] -- Symlinking: /home/herring/rzddzy/install/franka_msgs/share/franka_msgs/package.dsv
[0.338s] -- Up-to-date symlink: /home/herring/rzddzy/install/franka_msgs/share/ament_index/resource_index/packages/franka_msgs
[0.338s] -- Up-to-date symlink: /home/herring/rzddzy/install/franka_msgs/share/franka_msgs/cmake/rosidl_cmake-extras.cmake
[0.339s] -- Up-to-date symlink: /home/herring/rzddzy/install/franka_msgs/share/franka_msgs/cmake/ament_cmake_export_dependencies-extras.cmake
[0.339s] -- Up-to-date symlink: /home/herring/rzddzy/install/franka_msgs/share/franka_msgs/cmake/ament_cmake_export_include_directories-extras.cmake
[0.339s] -- Up-to-date symlink: /home/herring/rzddzy/install/franka_msgs/share/franka_msgs/cmake/ament_cmake_export_libraries-extras.cmake
[0.340s] -- Up-to-date symlink: /home/herring/rzddzy/install/franka_msgs/share/franka_msgs/cmake/ament_cmake_export_targets-extras.cmake
[0.340s] -- Up-to-date symlink: /home/herring/rzddzy/install/franka_msgs/share/franka_msgs/cmake/rosidl_cmake_export_typesupport_targets-extras.cmake
[0.340s] -- Up-to-date symlink: /home/herring/rzddzy/install/franka_msgs/share/franka_msgs/cmake/rosidl_cmake_export_typesupport_libraries-extras.cmake
[0.340s] -- Up-to-date symlink: /home/herring/rzddzy/install/franka_msgs/share/franka_msgs/cmake/franka_msgsConfig.cmake
[0.341s] -- Up-to-date symlink: /home/herring/rzddzy/install/franka_msgs/share/franka_msgs/cmake/franka_msgsConfig-version.cmake
[0.341s] -- Up-to-date symlink: /home/herring/rzddzy/install/franka_msgs/share/franka_msgs/package.xml
[0.341s] -- Up-to-date: /home/herring/rzddzy/install/franka_msgs/lib/libfranka_msgs__rosidl_generator_c.so
[0.341s] -- Up-to-date: /home/herring/rzddzy/install/franka_msgs/lib/libfranka_msgs__rosidl_typesupport_fastrtps_c.so
[0.341s] -- Up-to-date: /home/herring/rzddzy/install/franka_msgs/lib/libfranka_msgs__rosidl_typesupport_introspection_c.so
[0.343s] -- Up-to-date: /home/herring/rzddzy/install/franka_msgs/lib/libfranka_msgs__rosidl_typesupport_c.so
[0.343s] -- Up-to-date: /home/herring/rzddzy/install/franka_msgs/lib/libfranka_msgs__rosidl_typesupport_fastrtps_cpp.so
[0.344s] -- Up-to-date: /home/herring/rzddzy/install/franka_msgs/lib/libfranka_msgs__rosidl_typesupport_introspection_cpp.so
[0.344s] -- Up-to-date: /home/herring/rzddzy/install/franka_msgs/lib/libfranka_msgs__rosidl_typesupport_cpp.so
[0.377s] Listing '/home/herring/rzddzy/install/franka_msgs/lib/python3.12/site-packages/franka_msgs'...
[0.377s] Listing '/home/herring/rzddzy/install/franka_msgs/lib/python3.12/site-packages/franka_msgs/action'...
[0.377s] Listing '/home/herring/rzddzy/install/franka_msgs/lib/python3.12/site-packages/franka_msgs/msg'...
[0.377s] Listing '/home/herring/rzddzy/install/franka_msgs/lib/python3.12/site-packages/franka_msgs/srv'...
[0.392s] -- Up-to-date: /home/herring/rzddzy/install/franka_msgs/lib/libfranka_msgs__rosidl_generator_py.so
[0.392s] -- Up-to-date: /home/herring/rzddzy/install/franka_msgs/share/franka_msgs/cmake/export_franka_msgs__rosidl_generator_cExport.cmake
[0.392s] -- Up-to-date: /home/herring/rzddzy/install/franka_msgs/share/franka_msgs/cmake/export_franka_msgs__rosidl_generator_cExport-noconfig.cmake
[0.393s] -- Up-to-date: /home/herring/rzddzy/install/franka_msgs/share/franka_msgs/cmake/export_franka_msgs__rosidl_typesupport_fastrtps_cExport.cmake
[0.393s] -- Up-to-date: /home/herring/rzddzy/install/franka_msgs/share/franka_msgs/cmake/export_franka_msgs__rosidl_typesupport_fastrtps_cExport-noconfig.cmake
[0.393s] -- Up-to-date: /home/herring/rzddzy/install/franka_msgs/share/franka_msgs/cmake/franka_msgs__rosidl_typesupport_introspection_cExport.cmake
[0.394s] -- Up-to-date: /home/herring/rzddzy/install/franka_msgs/share/franka_msgs/cmake/franka_msgs__rosidl_typesupport_introspection_cExport-noconfig.cmake
[0.395s] -- Up-to-date: /home/herring/rzddzy/install/franka_msgs/share/franka_msgs/cmake/franka_msgs__rosidl_typesupport_cExport.cmake
[0.396s] -- Up-to-date: /home/herring/rzddzy/install/franka_msgs/share/franka_msgs/cmake/franka_msgs__rosidl_typesupport_cExport-noconfig.cmake
[0.396s] -- Up-to-date: /home/herring/rzddzy/install/franka_msgs/share/franka_msgs/cmake/export_franka_msgs__rosidl_generator_cppExport.cmake
[0.397s] -- Up-to-date: /home/herring/rzddzy/install/franka_msgs/share/franka_msgs/cmake/export_franka_msgs__rosidl_typesupport_fastrtps_cppExport.cmake
[0.397s] -- Up-to-date: /home/herring/rzddzy/install/franka_msgs/share/franka_msgs/cmake/export_franka_msgs__rosidl_typesupport_fastrtps_cppExport-noconfig.cmake
[0.397s] -- Up-to-date: /home/herring/rzddzy/install/franka_msgs/share/franka_msgs/cmake/franka_msgs__rosidl_typesupport_introspection_cppExport.cmake
[0.398s] -- Up-to-date: /home/herring/rzddzy/install/franka_msgs/share/franka_msgs/cmake/franka_msgs__rosidl_typesupport_introspection_cppExport-noconfig.cmake
[0.398s] -- Up-to-date: /home/herring/rzddzy/install/franka_msgs/share/franka_msgs/cmake/franka_msgs__rosidl_typesupport_cppExport.cmake
[0.399s] -- Up-to-date: /home/herring/rzddzy/install/franka_msgs/share/franka_msgs/cmake/franka_msgs__rosidl_typesupport_cppExport-noconfig.cmake
[0.399s] -- Up-to-date: /home/herring/rzddzy/install/franka_msgs/share/franka_msgs/cmake/export_franka_msgs__rosidl_generator_pyExport.cmake
[0.399s] -- Up-to-date: /home/herring/rzddzy/install/franka_msgs/share/franka_msgs/cmake/export_franka_msgs__rosidl_generator_pyExport-noconfig.cmake
[0.459s] Invoked command in '/home/herring/rzddzy/build/franka_msgs' returned '0': CMAKE_PREFIX_PATH=${CMAKE_PREFIX_PATH}:/opt/ros/jazzy DEBUGINFOD_URLS=https://debuginfod.ubuntu.com /usr/bin/cmake --install /home/herring/rzddzy/build/franka_msgs
