-- The C compiler identification is GNU 13.3.0
-- The CXX compiler identification is GNU 13.3.0
-- Detecting C compiler ABI info
-- Detecting C compiler ABI info - done
-- Check for working C compiler: /usr/bin/cc - skipped
-- Detecting C compile features
-- Detecting C compile features - done
-- Detecting CXX compiler ABI info
-- Detecting CXX compiler ABI info - done
-- Check for working CXX compiler: /usr/bin/c++ - skipped
-- Detecting CXX compile features
-- Detecting CXX compile features - done
-- Found ament_cmake: 2.5.5 (/opt/ros/jazzy/share/ament_cmake/cmake)
-- Found Python3: /usr/bin/python3 (found version "3.12.3") found components: Interpreter 
-- Override CMake install command with custom implementation using symlinks instead of copying resources
-- Found geometry_msgs: 5.3.6 (/opt/ros/jazzy/share/geometry_msgs/cmake)
-- Found rosidl_generator_c: 4.6.7 (/opt/ros/jazzy/share/rosidl_generator_c/cmake)
-- Found rosidl_generator_cpp: 4.6.7 (/opt/ros/jazzy/share/rosidl_generator_cpp/cmake)
-- Using all available rosidl_typesupport_c: rosidl_typesupport_fastrtps_c;rosidl_typesupport_introspection_c
-- Using all available rosidl_typesupport_cpp: rosidl_typesupport_fastrtps_cpp;rosidl_typesupport_introspection_cpp
-- Found franka_msgs: 0.0.0 (/home/herring/rzddzy/ros2_ws/install/franka_msgs/share/franka_msgs/cmake)
-- Found rosidl_default_generators: 1.6.0 (/opt/ros/jazzy/share/rosidl_default_generators/cmake)
-- Found rosidl_adapter: 4.6.7 (/opt/ros/jazzy/share/rosidl_adapter/cmake)
-- Found ament_cmake_ros: 0.12.0 (/opt/ros/jazzy/share/ament_cmake_ros/cmake)
-- Using all available rosidl_typesupport_c: rosidl_typesupport_fastrtps_c;rosidl_typesupport_introspection_c
-- Using all available rosidl_typesupport_cpp: rosidl_typesupport_fastrtps_cpp;rosidl_typesupport_introspection_cpp
-- Found python_cmake_module: 0.11.1 (/opt/ros/jazzy/share/python_cmake_module/cmake)
-- Found PythonExtra: /usr/bin/python3  
-- Found Python3: /usr/bin/python3 (found version "3.12.3") found components: Interpreter Development NumPy Development.Module Development.Embed 
-- Found ament_lint_auto: 0.17.4 (/opt/ros/jazzy/share/ament_lint_auto/cmake)
-- Added test 'lint_cmake' to check CMake code style
-- Added test 'xmllint' to check XML markup files
-- Configuring done (2.9s)
-- Generating done (0.0s)
-- Build files have been written to: /home/herring/rzddzy/ros2_ws/build/multi_mode_control_msgs
[  1%] [34m[1mGenerating type hashes for ROS interfaces[0m
[  1%] Built target ament_cmake_python_symlink_multi_mode_control_msgs
running egg_info
creating multi_mode_control_msgs.egg-info
writing multi_mode_control_msgs.egg-info/PKG-INFO
writing dependency_links to multi_mode_control_msgs.egg-info/dependency_links.txt
writing top-level names to multi_mode_control_msgs.egg-info/top_level.txt
writing manifest file 'multi_mode_control_msgs.egg-info/SOURCES.txt'
reading manifest file 'multi_mode_control_msgs.egg-info/SOURCES.txt'
writing manifest file 'multi_mode_control_msgs.egg-info/SOURCES.txt'
[  1%] Built target ament_cmake_python_build_multi_mode_control_msgs_egg
[  1%] Built target multi_mode_control_msgs__rosidl_generator_type_description
[  1%] [34m[1mGenerating C code for ROS interfaces[0m
[  1%] [34m[1mGenerating C++ code for ROS interfaces[0m
[  1%] Built target multi_mode_control_msgs__cpp
[  3%] [32mBuilding C object CMakeFiles/multi_mode_control_msgs__rosidl_generator_c.dir/rosidl_generator_c/multi_mode_control_msgs/msg/detail/contact_thresholds__description.c.o[0m
[  3%] [32mBuilding C object CMakeFiles/multi_mode_control_msgs__rosidl_generator_c.dir/rosidl_generator_c/multi_mode_control_msgs/msg/detail/cartesian_impedance_goal__type_support.c.o[0m
[  5%] [32mBuilding C object CMakeFiles/multi_mode_control_msgs__rosidl_generator_c.dir/rosidl_generator_c/multi_mode_control_msgs/msg/detail/dual_cartesian_impedance_goal__functions.c.o[0m
[  5%] [32mBuilding C object CMakeFiles/multi_mode_control_msgs__rosidl_generator_c.dir/rosidl_generator_c/multi_mode_control_msgs/msg/detail/cartesian_impedance_goal__description.c.o[0m
[  5%] [32mBuilding C object CMakeFiles/multi_mode_control_msgs__rosidl_generator_c.dir/rosidl_generator_c/multi_mode_control_msgs/msg/detail/contact_thresholds__functions.c.o[0m
[  5%] [32mBuilding C object CMakeFiles/multi_mode_control_msgs__rosidl_generator_c.dir/rosidl_generator_c/multi_mode_control_msgs/msg/detail/dual_cartesian_impedance_goal__description.c.o[0m
[  6%] [32mBuilding C object CMakeFiles/multi_mode_control_msgs__rosidl_generator_c.dir/rosidl_generator_c/multi_mode_control_msgs/msg/detail/contact_thresholds__type_support.c.o[0m
[  6%] [32mBuilding C object CMakeFiles/multi_mode_control_msgs__rosidl_generator_c.dir/rosidl_generator_c/multi_mode_control_msgs/msg/detail/cartesian_impedance_goal__functions.c.o[0m
[  6%] [32mBuilding C object CMakeFiles/multi_mode_control_msgs__rosidl_generator_c.dir/rosidl_generator_c/multi_mode_control_msgs/msg/detail/dual_cartesian_impedance_goal__type_support.c.o[0m
[  6%] [32mBuilding C object CMakeFiles/multi_mode_control_msgs__rosidl_generator_c.dir/rosidl_generator_c/multi_mode_control_msgs/msg/detail/controller__description.c.o[0m
[  7%] [32mBuilding C object CMakeFiles/multi_mode_control_msgs__rosidl_generator_c.dir/rosidl_generator_c/multi_mode_control_msgs/msg/detail/controller__functions.c.o[0m
[  8%] [32mBuilding C object CMakeFiles/multi_mode_control_msgs__rosidl_generator_c.dir/rosidl_generator_c/multi_mode_control_msgs/msg/detail/joint_goal__functions.c.o[0m
[ 10%] [32mBuilding C object CMakeFiles/multi_mode_control_msgs__rosidl_generator_c.dir/rosidl_generator_c/multi_mode_control_msgs/msg/detail/joint_array__description.c.o[0m
[ 10%] [32mBuilding C object CMakeFiles/multi_mode_control_msgs__rosidl_generator_c.dir/rosidl_generator_c/multi_mode_control_msgs/msg/detail/velocity_goal__type_support.c.o[0m
[ 10%] [32mBuilding C object CMakeFiles/multi_mode_control_msgs__rosidl_generator_c.dir/rosidl_generator_c/multi_mode_control_msgs/msg/detail/controller__type_support.c.o[0m
[ 12%] [32mBuilding C object CMakeFiles/multi_mode_control_msgs__rosidl_generator_c.dir/rosidl_generator_c/multi_mode_control_msgs/msg/detail/joint_array__type_support.c.o[0m
[ 12%] [32mBuilding C object CMakeFiles/multi_mode_control_msgs__rosidl_generator_c.dir/rosidl_generator_c/multi_mode_control_msgs/msg/detail/velocity_goal__description.c.o[0m
[ 12%] [32mBuilding C object CMakeFiles/multi_mode_control_msgs__rosidl_generator_c.dir/rosidl_generator_c/multi_mode_control_msgs/msg/detail/velocity_goal__functions.c.o[0m
[ 12%] [32mBuilding C object CMakeFiles/multi_mode_control_msgs__rosidl_generator_c.dir/rosidl_generator_c/multi_mode_control_msgs/msg/detail/joint_goal__type_support.c.o[0m
[ 12%] [32mBuilding C object CMakeFiles/multi_mode_control_msgs__rosidl_generator_c.dir/rosidl_generator_c/multi_mode_control_msgs/msg/detail/wrench__description.c.o[0m
[ 12%] [32mBuilding C object CMakeFiles/multi_mode_control_msgs__rosidl_generator_c.dir/rosidl_generator_c/multi_mode_control_msgs/msg/detail/joint_array__functions.c.o[0m
[ 12%] [32mBuilding C object CMakeFiles/multi_mode_control_msgs__rosidl_generator_c.dir/rosidl_generator_c/multi_mode_control_msgs/msg/detail/joint_goal__description.c.o[0m
[ 13%] [32mBuilding C object CMakeFiles/multi_mode_control_msgs__rosidl_generator_c.dir/rosidl_generator_c/multi_mode_control_msgs/srv/detail/get_controllers__description.c.o[0m
[ 14%] [32mBuilding C object CMakeFiles/multi_mode_control_msgs__rosidl_generator_c.dir/rosidl_generator_c/multi_mode_control_msgs/msg/detail/wrench__functions.c.o[0m
[ 14%] [32mBuilding C object CMakeFiles/multi_mode_control_msgs__rosidl_generator_c.dir/rosidl_generator_c/multi_mode_control_msgs/msg/detail/wrench__type_support.c.o[0m
[ 15%] [32mBuilding C object CMakeFiles/multi_mode_control_msgs__rosidl_generator_c.dir/rosidl_generator_c/multi_mode_control_msgs/srv/detail/get_controllers__type_support.c.o[0m
[ 15%] [32mBuilding C object CMakeFiles/multi_mode_control_msgs__rosidl_generator_c.dir/rosidl_generator_c/multi_mode_control_msgs/srv/detail/get_controllers__functions.c.o[0m
[ 15%] [32mBuilding C object CMakeFiles/multi_mode_control_msgs__rosidl_generator_c.dir/rosidl_generator_c/multi_mode_control_msgs/srv/detail/get_robot_states__description.c.o[0m
[ 16%] [32mBuilding C object CMakeFiles/multi_mode_control_msgs__rosidl_generator_c.dir/rosidl_generator_c/multi_mode_control_msgs/srv/detail/get_robot_states__functions.c.o[0m
[ 17%] [32mBuilding C object CMakeFiles/multi_mode_control_msgs__rosidl_generator_c.dir/rosidl_generator_c/multi_mode_control_msgs/srv/detail/get_robot_states__type_support.c.o[0m
[ 18%] [32mBuilding C object CMakeFiles/multi_mode_control_msgs__rosidl_generator_c.dir/rosidl_generator_c/multi_mode_control_msgs/srv/detail/set_cartesian_impedance__functions.c.o[0m
[ 18%] [32mBuilding C object CMakeFiles/multi_mode_control_msgs__rosidl_generator_c.dir/rosidl_generator_c/multi_mode_control_msgs/srv/detail/set_cartesian_impedance__description.c.o[0m
[ 19%] [32mBuilding C object CMakeFiles/multi_mode_control_msgs__rosidl_generator_c.dir/rosidl_generator_c/multi_mode_control_msgs/srv/detail/set_controllers__description.c.o[0m
[ 19%] [32mBuilding C object CMakeFiles/multi_mode_control_msgs__rosidl_generator_c.dir/rosidl_generator_c/multi_mode_control_msgs/srv/detail/set_cartesian_impedance__type_support.c.o[0m
[ 19%] [32mBuilding C object CMakeFiles/multi_mode_control_msgs__rosidl_generator_c.dir/rosidl_generator_c/multi_mode_control_msgs/srv/detail/set_controllers__functions.c.o[0m
[ 20%] [32mBuilding C object CMakeFiles/multi_mode_control_msgs__rosidl_generator_c.dir/rosidl_generator_c/multi_mode_control_msgs/srv/detail/set_controllers__type_support.c.o[0m
[ 21%] [32mBuilding C object CMakeFiles/multi_mode_control_msgs__rosidl_generator_c.dir/rosidl_generator_c/multi_mode_control_msgs/srv/detail/set_joint_impedance__functions.c.o[0m
[ 21%] [32mBuilding C object CMakeFiles/multi_mode_control_msgs__rosidl_generator_c.dir/rosidl_generator_c/multi_mode_control_msgs/srv/detail/set_joint_impedance__description.c.o[0m
[ 21%] [32mBuilding C object CMakeFiles/multi_mode_control_msgs__rosidl_generator_c.dir/rosidl_generator_c/multi_mode_control_msgs/srv/detail/set_joint_impedance__type_support.c.o[0m
[ 22%] [32mBuilding C object CMakeFiles/multi_mode_control_msgs__rosidl_generator_c.dir/rosidl_generator_c/multi_mode_control_msgs/srv/detail/set_recovery_mode__description.c.o[0m
[ 23%] [32mBuilding C object CMakeFiles/multi_mode_control_msgs__rosidl_generator_c.dir/rosidl_generator_c/multi_mode_control_msgs/srv/detail/set_recovery_mode__type_support.c.o[0m
[ 23%] [32mBuilding C object CMakeFiles/multi_mode_control_msgs__rosidl_generator_c.dir/rosidl_generator_c/multi_mode_control_msgs/srv/detail/set_recovery_mode__functions.c.o[0m
[ 24%] [32mBuilding C object CMakeFiles/multi_mode_control_msgs__rosidl_generator_c.dir/rosidl_generator_c/multi_mode_control_msgs/srv/detail/set_reflex__functions.c.o[0m
[ 24%] [32mBuilding C object CMakeFiles/multi_mode_control_msgs__rosidl_generator_c.dir/rosidl_generator_c/multi_mode_control_msgs/srv/detail/set_reflex__description.c.o[0m
[ 24%] [32mBuilding C object CMakeFiles/multi_mode_control_msgs__rosidl_generator_c.dir/rosidl_generator_c/multi_mode_control_msgs/srv/detail/set_reflex__type_support.c.o[0m
[ 25%] [32mBuilding C object CMakeFiles/multi_mode_control_msgs__rosidl_generator_c.dir/rosidl_generator_c/multi_mode_control_msgs/srv/detail/set_thresholds__type_support.c.o[0m
[ 25%] [32mBuilding C object CMakeFiles/multi_mode_control_msgs__rosidl_generator_c.dir/rosidl_generator_c/multi_mode_control_msgs/srv/detail/set_thresholds__functions.c.o[0m
[ 25%] [32mBuilding C object CMakeFiles/multi_mode_control_msgs__rosidl_generator_c.dir/rosidl_generator_c/multi_mode_control_msgs/srv/detail/set_world_state__type_support.c.o[0m
[ 26%] [32mBuilding C object CMakeFiles/multi_mode_control_msgs__rosidl_generator_c.dir/rosidl_generator_c/multi_mode_control_msgs/srv/detail/set_world_state__description.c.o[0m
[ 27%] [32mBuilding C object CMakeFiles/multi_mode_control_msgs__rosidl_generator_c.dir/rosidl_generator_c/multi_mode_control_msgs/srv/detail/set_thresholds__description.c.o[0m
[ 27%] [32mBuilding C object CMakeFiles/multi_mode_control_msgs__rosidl_generator_c.dir/rosidl_generator_c/multi_mode_control_msgs/srv/detail/set_world_state__functions.c.o[0m
[ 28%] [32m[1mLinking C shared library libmulti_mode_control_msgs__rosidl_generator_c.so[0m
[ 28%] Built target multi_mode_control_msgs__rosidl_generator_c
[ 29%] [34m[1mGenerating C++ type support dispatch for ROS interfaces[0m
[ 29%] [34m[1mGenerating C++ introspection for ROS interfaces[0m
[ 29%] [34m[1mGenerating C type support dispatch for ROS interfaces[0m
[ 31%] [34m[1mGenerating C introspection for ROS interfaces[0m
[ 31%] [34m[1mGenerating C type support for eProsima Fast-RTPS[0m
[ 31%] [34m[1mGenerating C++ type support for eProsima Fast-RTPS[0m
[ 32%] [32mBuilding CXX object CMakeFiles/multi_mode_control_msgs__rosidl_typesupport_c.dir/rosidl_typesupport_c/multi_mode_control_msgs/msg/contact_thresholds__type_support.cpp.o[0m
[ 32%] [32mBuilding CXX object CMakeFiles/multi_mode_control_msgs__rosidl_typesupport_c.dir/rosidl_typesupport_c/multi_mode_control_msgs/msg/controller__type_support.cpp.o[0m
[ 33%] [32mBuilding CXX object CMakeFiles/multi_mode_control_msgs__rosidl_typesupport_c.dir/rosidl_typesupport_c/multi_mode_control_msgs/msg/velocity_goal__type_support.cpp.o[0m
[ 34%] [32mBuilding CXX object CMakeFiles/multi_mode_control_msgs__rosidl_typesupport_c.dir/rosidl_typesupport_c/multi_mode_control_msgs/msg/joint_array__type_support.cpp.o[0m
[ 36%] [32mBuilding CXX object CMakeFiles/multi_mode_control_msgs__rosidl_typesupport_c.dir/rosidl_typesupport_c/multi_mode_control_msgs/srv/get_controllers__type_support.cpp.o[0m
[ 36%] [32mBuilding CXX object CMakeFiles/multi_mode_control_msgs__rosidl_typesupport_c.dir/rosidl_typesupport_c/multi_mode_control_msgs/msg/cartesian_impedance_goal__type_support.cpp.o[0m
[ 36%] [32mBuilding CXX object CMakeFiles/multi_mode_control_msgs__rosidl_typesupport_c.dir/rosidl_typesupport_c/multi_mode_control_msgs/msg/joint_goal__type_support.cpp.o[0m
[ 36%] [32mBuilding CXX object CMakeFiles/multi_mode_control_msgs__rosidl_typesupport_c.dir/rosidl_typesupport_c/multi_mode_control_msgs/msg/dual_cartesian_impedance_goal__type_support.cpp.o[0m
[ 36%] [32mBuilding CXX object CMakeFiles/multi_mode_control_msgs__rosidl_typesupport_c.dir/rosidl_typesupport_c/multi_mode_control_msgs/msg/wrench__type_support.cpp.o[0m
[ 36%] [32mBuilding CXX object CMakeFiles/multi_mode_control_msgs__rosidl_typesupport_c.dir/rosidl_typesupport_c/multi_mode_control_msgs/srv/get_robot_states__type_support.cpp.o[0m
[ 37%] [32mBuilding CXX object CMakeFiles/multi_mode_control_msgs__rosidl_typesupport_c.dir/rosidl_typesupport_c/multi_mode_control_msgs/srv/set_joint_impedance__type_support.cpp.o[0m
[ 38%] [32mBuilding CXX object CMakeFiles/multi_mode_control_msgs__rosidl_typesupport_c.dir/rosidl_typesupport_c/multi_mode_control_msgs/srv/set_cartesian_impedance__type_support.cpp.o[0m
[ 38%] [32mBuilding CXX object CMakeFiles/multi_mode_control_msgs__rosidl_typesupport_c.dir/rosidl_typesupport_c/multi_mode_control_msgs/srv/set_recovery_mode__type_support.cpp.o[0m
[ 39%] [32mBuilding CXX object CMakeFiles/multi_mode_control_msgs__rosidl_typesupport_c.dir/rosidl_typesupport_c/multi_mode_control_msgs/srv/set_reflex__type_support.cpp.o[0m
[ 40%] [32mBuilding CXX object CMakeFiles/multi_mode_control_msgs__rosidl_typesupport_c.dir/rosidl_typesupport_c/multi_mode_control_msgs/srv/set_controllers__type_support.cpp.o[0m
[ 40%] [32mBuilding CXX object CMakeFiles/multi_mode_control_msgs__rosidl_typesupport_c.dir/rosidl_typesupport_c/multi_mode_control_msgs/srv/set_world_state__type_support.cpp.o[0m
[ 40%] [32mBuilding CXX object CMakeFiles/multi_mode_control_msgs__rosidl_typesupport_c.dir/rosidl_typesupport_c/multi_mode_control_msgs/srv/set_thresholds__type_support.cpp.o[0m
[ 40%] [32m[1mLinking CXX shared library libmulti_mode_control_msgs__rosidl_typesupport_c.so[0m
[ 41%] [32mBuilding CXX object CMakeFiles/multi_mode_control_msgs__rosidl_typesupport_cpp.dir/rosidl_typesupport_cpp/multi_mode_control_msgs/msg/dual_cartesian_impedance_goal__type_support.cpp.o[0m
[ 42%] [32mBuilding CXX object CMakeFiles/multi_mode_control_msgs__rosidl_typesupport_cpp.dir/rosidl_typesupport_cpp/multi_mode_control_msgs/msg/joint_array__type_support.cpp.o[0m
[ 42%] [32mBuilding CXX object CMakeFiles/multi_mode_control_msgs__rosidl_typesupport_cpp.dir/rosidl_typesupport_cpp/multi_mode_control_msgs/msg/cartesian_impedance_goal__type_support.cpp.o[0m
[ 42%] [32mBuilding CXX object CMakeFiles/multi_mode_control_msgs__rosidl_typesupport_cpp.dir/rosidl_typesupport_cpp/multi_mode_control_msgs/msg/controller__type_support.cpp.o[0m
[ 43%] [32mBuilding CXX object CMakeFiles/multi_mode_control_msgs__rosidl_typesupport_cpp.dir/rosidl_typesupport_cpp/multi_mode_control_msgs/srv/get_controllers__type_support.cpp.o[0m
[ 44%] [32mBuilding CXX object CMakeFiles/multi_mode_control_msgs__rosidl_typesupport_cpp.dir/rosidl_typesupport_cpp/multi_mode_control_msgs/srv/set_cartesian_impedance__type_support.cpp.o[0m
[ 44%] [32mBuilding CXX object CMakeFiles/multi_mode_control_msgs__rosidl_typesupport_cpp.dir/rosidl_typesupport_cpp/multi_mode_control_msgs/msg/joint_goal__type_support.cpp.o[0m
[ 44%] [32mBuilding CXX object CMakeFiles/multi_mode_control_msgs__rosidl_typesupport_cpp.dir/rosidl_typesupport_cpp/multi_mode_control_msgs/msg/wrench__type_support.cpp.o[0m
[ 45%] [32mBuilding CXX object CMakeFiles/multi_mode_control_msgs__rosidl_typesupport_cpp.dir/rosidl_typesupport_cpp/multi_mode_control_msgs/msg/contact_thresholds__type_support.cpp.o[0m
[ 46%] [32mBuilding CXX object CMakeFiles/multi_mode_control_msgs__rosidl_typesupport_cpp.dir/rosidl_typesupport_cpp/multi_mode_control_msgs/msg/velocity_goal__type_support.cpp.o[0m
[ 46%] [32mBuilding CXX object CMakeFiles/multi_mode_control_msgs__rosidl_typesupport_cpp.dir/rosidl_typesupport_cpp/multi_mode_control_msgs/srv/get_robot_states__type_support.cpp.o[0m
[ 46%] [32mBuilding CXX object CMakeFiles/multi_mode_control_msgs__rosidl_typesupport_cpp.dir/rosidl_typesupport_cpp/multi_mode_control_msgs/srv/set_controllers__type_support.cpp.o[0m
[ 46%] [32mBuilding CXX object CMakeFiles/multi_mode_control_msgs__rosidl_typesupport_cpp.dir/rosidl_typesupport_cpp/multi_mode_control_msgs/srv/set_thresholds__type_support.cpp.o[0m
[ 47%] [32mBuilding CXX object CMakeFiles/multi_mode_control_msgs__rosidl_typesupport_cpp.dir/rosidl_typesupport_cpp/multi_mode_control_msgs/srv/set_world_state__type_support.cpp.o[0m
[ 48%] [32mBuilding CXX object CMakeFiles/multi_mode_control_msgs__rosidl_typesupport_cpp.dir/rosidl_typesupport_cpp/multi_mode_control_msgs/srv/set_reflex__type_support.cpp.o[0m
[ 49%] [32mBuilding CXX object CMakeFiles/multi_mode_control_msgs__rosidl_typesupport_cpp.dir/rosidl_typesupport_cpp/multi_mode_control_msgs/srv/set_joint_impedance__type_support.cpp.o[0m
[ 49%] [32mBuilding CXX object CMakeFiles/multi_mode_control_msgs__rosidl_typesupport_cpp.dir/rosidl_typesupport_cpp/multi_mode_control_msgs/srv/set_recovery_mode__type_support.cpp.o[0m
[ 49%] Built target multi_mode_control_msgs__rosidl_typesupport_c
[ 49%] [32mBuilding CXX object CMakeFiles/multi_mode_control_msgs__rosidl_typesupport_introspection_cpp.dir/rosidl_typesupport_introspection_cpp/multi_mode_control_msgs/msg/detail/dual_cartesian_impedance_goal__type_support.cpp.o[0m
[ 49%] [32mBuilding CXX object CMakeFiles/multi_mode_control_msgs__rosidl_typesupport_introspection_cpp.dir/rosidl_typesupport_introspection_cpp/multi_mode_control_msgs/msg/detail/controller__type_support.cpp.o[0m
[ 50%] [32mBuilding CXX object CMakeFiles/multi_mode_control_msgs__rosidl_typesupport_introspection_cpp.dir/rosidl_typesupport_introspection_cpp/multi_mode_control_msgs/msg/detail/joint_array__type_support.cpp.o[0m
[ 51%] [32mBuilding CXX object CMakeFiles/multi_mode_control_msgs__rosidl_typesupport_introspection_cpp.dir/rosidl_typesupport_introspection_cpp/multi_mode_control_msgs/msg/detail/cartesian_impedance_goal__type_support.cpp.o[0m
[ 52%] [32mBuilding C object CMakeFiles/multi_mode_control_msgs__rosidl_typesupport_introspection_c.dir/rosidl_typesupport_introspection_c/multi_mode_control_msgs/msg/detail/cartesian_impedance_goal__type_support.c.o[0m
[ 53%] [32mBuilding CXX object CMakeFiles/multi_mode_control_msgs__rosidl_typesupport_introspection_cpp.dir/rosidl_typesupport_introspection_cpp/multi_mode_control_msgs/msg/detail/contact_thresholds__type_support.cpp.o[0m
[ 53%] [32mBuilding CXX object CMakeFiles/multi_mode_control_msgs__rosidl_typesupport_introspection_cpp.dir/rosidl_typesupport_introspection_cpp/multi_mode_control_msgs/msg/detail/joint_goal__type_support.cpp.o[0m
[ 53%] [32mBuilding CXX object CMakeFiles/multi_mode_control_msgs__rosidl_typesupport_introspection_cpp.dir/rosidl_typesupport_introspection_cpp/multi_mode_control_msgs/msg/detail/wrench__type_support.cpp.o[0m
[ 54%] [32mBuilding CXX object CMakeFiles/multi_mode_control_msgs__rosidl_typesupport_introspection_cpp.dir/rosidl_typesupport_introspection_cpp/multi_mode_control_msgs/msg/detail/velocity_goal__type_support.cpp.o[0m
[ 54%] [32mBuilding C object CMakeFiles/multi_mode_control_msgs__rosidl_typesupport_introspection_c.dir/rosidl_typesupport_introspection_c/multi_mode_control_msgs/msg/detail/dual_cartesian_impedance_goal__type_support.c.o[0m
[ 55%] [32mBuilding C object CMakeFiles/multi_mode_control_msgs__rosidl_typesupport_introspection_c.dir/rosidl_typesupport_introspection_c/multi_mode_control_msgs/msg/detail/contact_thresholds__type_support.c.o[0m
[ 55%] [32mBuilding C object CMakeFiles/multi_mode_control_msgs__rosidl_typesupport_introspection_c.dir/rosidl_typesupport_introspection_c/multi_mode_control_msgs/msg/detail/controller__type_support.c.o[0m
[ 56%] [32mBuilding C object CMakeFiles/multi_mode_control_msgs__rosidl_typesupport_introspection_c.dir/rosidl_typesupport_introspection_c/multi_mode_control_msgs/msg/detail/joint_array__type_support.c.o[0m
[ 57%] [32mBuilding CXX object CMakeFiles/multi_mode_control_msgs__rosidl_typesupport_introspection_cpp.dir/rosidl_typesupport_introspection_cpp/multi_mode_control_msgs/srv/detail/get_controllers__type_support.cpp.o[0m
[ 57%] [32mBuilding C object CMakeFiles/multi_mode_control_msgs__rosidl_typesupport_introspection_c.dir/rosidl_typesupport_introspection_c/multi_mode_control_msgs/msg/detail/joint_goal__type_support.c.o[0m
[ 58%] [32mBuilding C object CMakeFiles/multi_mode_control_msgs__rosidl_typesupport_introspection_c.dir/rosidl_typesupport_introspection_c/multi_mode_control_msgs/msg/detail/velocity_goal__type_support.c.o[0m
[ 58%] [32mBuilding CXX object CMakeFiles/multi_mode_control_msgs__rosidl_typesupport_introspection_cpp.dir/rosidl_typesupport_introspection_cpp/multi_mode_control_msgs/srv/detail/get_robot_states__type_support.cpp.o[0m
[ 59%] [32mBuilding CXX object CMakeFiles/multi_mode_control_msgs__rosidl_typesupport_introspection_cpp.dir/rosidl_typesupport_introspection_cpp/multi_mode_control_msgs/srv/detail/set_cartesian_impedance__type_support.cpp.o[0m
[ 59%] [32mBuilding C object CMakeFiles/multi_mode_control_msgs__rosidl_typesupport_introspection_c.dir/rosidl_typesupport_introspection_c/multi_mode_control_msgs/msg/detail/wrench__type_support.c.o[0m
[ 59%] [32mBuilding CXX object CMakeFiles/multi_mode_control_msgs__rosidl_typesupport_introspection_cpp.dir/rosidl_typesupport_introspection_cpp/multi_mode_control_msgs/srv/detail/set_controllers__type_support.cpp.o[0m
[ 60%] [32mBuilding CXX object CMakeFiles/multi_mode_control_msgs__rosidl_typesupport_introspection_cpp.dir/rosidl_typesupport_introspection_cpp/multi_mode_control_msgs/srv/detail/set_joint_impedance__type_support.cpp.o[0m
[ 60%] [32mBuilding CXX object CMakeFiles/multi_mode_control_msgs__rosidl_typesupport_introspection_cpp.dir/rosidl_typesupport_introspection_cpp/multi_mode_control_msgs/srv/detail/set_recovery_mode__type_support.cpp.o[0m
[ 61%] [32mBuilding C object CMakeFiles/multi_mode_control_msgs__rosidl_typesupport_introspection_c.dir/rosidl_typesupport_introspection_c/multi_mode_control_msgs/srv/detail/get_controllers__type_support.c.o[0m
[ 62%] [32mBuilding C object CMakeFiles/multi_mode_control_msgs__rosidl_typesupport_introspection_c.dir/rosidl_typesupport_introspection_c/multi_mode_control_msgs/srv/detail/set_cartesian_impedance__type_support.c.o[0m
[ 62%] [32mBuilding C object CMakeFiles/multi_mode_control_msgs__rosidl_typesupport_introspection_c.dir/rosidl_typesupport_introspection_c/multi_mode_control_msgs/srv/detail/get_robot_states__type_support.c.o[0m
[ 63%] [32mBuilding CXX object CMakeFiles/multi_mode_control_msgs__rosidl_typesupport_introspection_cpp.dir/rosidl_typesupport_introspection_cpp/multi_mode_control_msgs/srv/detail/set_reflex__type_support.cpp.o[0m
[ 64%] [32mBuilding C object CMakeFiles/multi_mode_control_msgs__rosidl_typesupport_introspection_c.dir/rosidl_typesupport_introspection_c/multi_mode_control_msgs/srv/detail/set_controllers__type_support.c.o[0m
[ 64%] [32mBuilding CXX object CMakeFiles/multi_mode_control_msgs__rosidl_typesupport_introspection_cpp.dir/rosidl_typesupport_introspection_cpp/multi_mode_control_msgs/srv/detail/set_thresholds__type_support.cpp.o[0m
[ 64%] [32mBuilding C object CMakeFiles/multi_mode_control_msgs__rosidl_typesupport_introspection_c.dir/rosidl_typesupport_introspection_c/multi_mode_control_msgs/srv/detail/set_joint_impedance__type_support.c.o[0m
[ 65%] [32mBuilding CXX object CMakeFiles/multi_mode_control_msgs__rosidl_typesupport_introspection_cpp.dir/rosidl_typesupport_introspection_cpp/multi_mode_control_msgs/srv/detail/set_world_state__type_support.cpp.o[0m
[ 65%] [32mBuilding CXX object CMakeFiles/multi_mode_control_msgs__rosidl_typesupport_fastrtps_c.dir/rosidl_typesupport_fastrtps_c/multi_mode_control_msgs/msg/detail/cartesian_impedance_goal__type_support_c.cpp.o[0m
[ 66%] [32mBuilding CXX object CMakeFiles/multi_mode_control_msgs__rosidl_typesupport_fastrtps_c.dir/rosidl_typesupport_fastrtps_c/multi_mode_control_msgs/msg/detail/dual_cartesian_impedance_goal__type_support_c.cpp.o[0m
[ 66%] [32mBuilding CXX object CMakeFiles/multi_mode_control_msgs__rosidl_typesupport_fastrtps_c.dir/rosidl_typesupport_fastrtps_c/multi_mode_control_msgs/msg/detail/contact_thresholds__type_support_c.cpp.o[0m
[ 67%] [32mBuilding CXX object CMakeFiles/multi_mode_control_msgs__rosidl_typesupport_fastrtps_c.dir/rosidl_typesupport_fastrtps_c/multi_mode_control_msgs/msg/detail/controller__type_support_c.cpp.o[0m
[ 68%] [32mBuilding C object CMakeFiles/multi_mode_control_msgs__rosidl_typesupport_introspection_c.dir/rosidl_typesupport_introspection_c/multi_mode_control_msgs/srv/detail/set_recovery_mode__type_support.c.o[0m
[ 69%] [32mBuilding CXX object CMakeFiles/multi_mode_control_msgs__rosidl_typesupport_fastrtps_c.dir/rosidl_typesupport_fastrtps_c/multi_mode_control_msgs/msg/detail/joint_goal__type_support_c.cpp.o[0m
[ 69%] [32mBuilding CXX object CMakeFiles/multi_mode_control_msgs__rosidl_typesupport_fastrtps_c.dir/rosidl_typesupport_fastrtps_c/multi_mode_control_msgs/msg/detail/joint_array__type_support_c.cpp.o[0m
[ 69%] [32mBuilding CXX object CMakeFiles/multi_mode_control_msgs__rosidl_typesupport_fastrtps_c.dir/rosidl_typesupport_fastrtps_c/multi_mode_control_msgs/msg/detail/velocity_goal__type_support_c.cpp.o[0m
[ 70%] [32mBuilding CXX object CMakeFiles/multi_mode_control_msgs__rosidl_typesupport_fastrtps_c.dir/rosidl_typesupport_fastrtps_c/multi_mode_control_msgs/msg/detail/wrench__type_support_c.cpp.o[0m
[ 70%] [32mBuilding C object CMakeFiles/multi_mode_control_msgs__rosidl_typesupport_introspection_c.dir/rosidl_typesupport_introspection_c/multi_mode_control_msgs/srv/detail/set_reflex__type_support.c.o[0m
[ 70%] [32mBuilding CXX object CMakeFiles/multi_mode_control_msgs__rosidl_typesupport_fastrtps_c.dir/rosidl_typesupport_fastrtps_c/multi_mode_control_msgs/srv/detail/get_controllers__type_support_c.cpp.o[0m
[ 70%] [32mBuilding C object CMakeFiles/multi_mode_control_msgs__rosidl_typesupport_introspection_c.dir/rosidl_typesupport_introspection_c/multi_mode_control_msgs/srv/detail/set_world_state__type_support.c.o[0m
[ 71%] [32mBuilding C object CMakeFiles/multi_mode_control_msgs__rosidl_typesupport_introspection_c.dir/rosidl_typesupport_introspection_c/multi_mode_control_msgs/srv/detail/set_thresholds__type_support.c.o[0m
[ 71%] [32mBuilding CXX object CMakeFiles/multi_mode_control_msgs__rosidl_typesupport_fastrtps_c.dir/rosidl_typesupport_fastrtps_c/multi_mode_control_msgs/srv/detail/set_cartesian_impedance__type_support_c.cpp.o[0m
[ 72%] [32mBuilding CXX object CMakeFiles/multi_mode_control_msgs__rosidl_typesupport_fastrtps_c.dir/rosidl_typesupport_fastrtps_c/multi_mode_control_msgs/srv/detail/get_robot_states__type_support_c.cpp.o[0m
[ 73%] [32mBuilding CXX object CMakeFiles/multi_mode_control_msgs__rosidl_typesupport_fastrtps_c.dir/rosidl_typesupport_fastrtps_c/multi_mode_control_msgs/srv/detail/set_controllers__type_support_c.cpp.o[0m
[ 73%] [32mBuilding CXX object CMakeFiles/multi_mode_control_msgs__rosidl_typesupport_fastrtps_c.dir/rosidl_typesupport_fastrtps_c/multi_mode_control_msgs/srv/detail/set_joint_impedance__type_support_c.cpp.o[0m
[ 73%] [32mBuilding CXX object CMakeFiles/multi_mode_control_msgs__rosidl_typesupport_fastrtps_cpp.dir/rosidl_typesupport_fastrtps_cpp/multi_mode_control_msgs/msg/detail/dds_fastrtps/cartesian_impedance_goal__type_support.cpp.o[0m
[ 73%] [32m[1mLinking CXX shared library libmulti_mode_control_msgs__rosidl_typesupport_cpp.so[0m
[ 74%] [32mBuilding CXX object CMakeFiles/multi_mode_control_msgs__rosidl_typesupport_fastrtps_c.dir/rosidl_typesupport_fastrtps_c/multi_mode_control_msgs/srv/detail/set_recovery_mode__type_support_c.cpp.o[0m
[ 75%] [32mBuilding CXX object CMakeFiles/multi_mode_control_msgs__rosidl_typesupport_fastrtps_cpp.dir/rosidl_typesupport_fastrtps_cpp/multi_mode_control_msgs/msg/detail/dds_fastrtps/dual_cartesian_impedance_goal__type_support.cpp.o[0m
[ 75%] [32mBuilding CXX object CMakeFiles/multi_mode_control_msgs__rosidl_typesupport_fastrtps_cpp.dir/rosidl_typesupport_fastrtps_cpp/multi_mode_control_msgs/msg/detail/dds_fastrtps/contact_thresholds__type_support.cpp.o[0m
[ 76%] [32m[1mLinking C shared library libmulti_mode_control_msgs__rosidl_typesupport_introspection_c.so[0m
[ 76%] Built target multi_mode_control_msgs__rosidl_typesupport_introspection_c
[ 76%] Built target multi_mode_control_msgs__rosidl_typesupport_cpp
[ 76%] [32mBuilding CXX object CMakeFiles/multi_mode_control_msgs__rosidl_typesupport_fastrtps_c.dir/rosidl_typesupport_fastrtps_c/multi_mode_control_msgs/srv/detail/set_reflex__type_support_c.cpp.o[0m
[ 77%] [32mBuilding CXX object CMakeFiles/multi_mode_control_msgs__rosidl_typesupport_fastrtps_cpp.dir/rosidl_typesupport_fastrtps_cpp/multi_mode_control_msgs/msg/detail/dds_fastrtps/controller__type_support.cpp.o[0m
[ 78%] [32mBuilding CXX object CMakeFiles/multi_mode_control_msgs__rosidl_typesupport_fastrtps_c.dir/rosidl_typesupport_fastrtps_c/multi_mode_control_msgs/srv/detail/set_thresholds__type_support_c.cpp.o[0m
[ 79%] [32mBuilding CXX object CMakeFiles/multi_mode_control_msgs__rosidl_typesupport_fastrtps_c.dir/rosidl_typesupport_fastrtps_c/multi_mode_control_msgs/srv/detail/set_world_state__type_support_c.cpp.o[0m
[ 79%] [32mBuilding CXX object CMakeFiles/multi_mode_control_msgs__rosidl_typesupport_fastrtps_cpp.dir/rosidl_typesupport_fastrtps_cpp/multi_mode_control_msgs/msg/detail/dds_fastrtps/joint_array__type_support.cpp.o[0m
[ 80%] [32mBuilding CXX object CMakeFiles/multi_mode_control_msgs__rosidl_typesupport_fastrtps_cpp.dir/rosidl_typesupport_fastrtps_cpp/multi_mode_control_msgs/msg/detail/dds_fastrtps/joint_goal__type_support.cpp.o[0m
[ 80%] [32mBuilding CXX object CMakeFiles/multi_mode_control_msgs__rosidl_typesupport_fastrtps_cpp.dir/rosidl_typesupport_fastrtps_cpp/multi_mode_control_msgs/msg/detail/dds_fastrtps/velocity_goal__type_support.cpp.o[0m
[ 81%] [32mBuilding CXX object CMakeFiles/multi_mode_control_msgs__rosidl_typesupport_fastrtps_cpp.dir/rosidl_typesupport_fastrtps_cpp/multi_mode_control_msgs/msg/detail/dds_fastrtps/wrench__type_support.cpp.o[0m
[ 81%] [32mBuilding CXX object CMakeFiles/multi_mode_control_msgs__rosidl_typesupport_fastrtps_cpp.dir/rosidl_typesupport_fastrtps_cpp/multi_mode_control_msgs/srv/detail/dds_fastrtps/get_controllers__type_support.cpp.o[0m
[ 82%] [32mBuilding CXX object CMakeFiles/multi_mode_control_msgs__rosidl_typesupport_fastrtps_cpp.dir/rosidl_typesupport_fastrtps_cpp/multi_mode_control_msgs/srv/detail/dds_fastrtps/get_robot_states__type_support.cpp.o[0m
[ 82%] [32mBuilding CXX object CMakeFiles/multi_mode_control_msgs__rosidl_typesupport_fastrtps_cpp.dir/rosidl_typesupport_fastrtps_cpp/multi_mode_control_msgs/srv/detail/dds_fastrtps/set_cartesian_impedance__type_support.cpp.o[0m
[ 83%] [32mBuilding CXX object CMakeFiles/multi_mode_control_msgs__rosidl_typesupport_fastrtps_cpp.dir/rosidl_typesupport_fastrtps_cpp/multi_mode_control_msgs/srv/detail/dds_fastrtps/set_controllers__type_support.cpp.o[0m
[ 83%] [32m[1mLinking CXX shared library libmulti_mode_control_msgs__rosidl_typesupport_introspection_cpp.so[0m
[ 83%] [32mBuilding CXX object CMakeFiles/multi_mode_control_msgs__rosidl_typesupport_fastrtps_cpp.dir/rosidl_typesupport_fastrtps_cpp/multi_mode_control_msgs/srv/detail/dds_fastrtps/set_joint_impedance__type_support.cpp.o[0m
[ 84%] [32mBuilding CXX object CMakeFiles/multi_mode_control_msgs__rosidl_typesupport_fastrtps_cpp.dir/rosidl_typesupport_fastrtps_cpp/multi_mode_control_msgs/srv/detail/dds_fastrtps/set_recovery_mode__type_support.cpp.o[0m
[ 84%] [32mBuilding CXX object CMakeFiles/multi_mode_control_msgs__rosidl_typesupport_fastrtps_cpp.dir/rosidl_typesupport_fastrtps_cpp/multi_mode_control_msgs/srv/detail/dds_fastrtps/set_reflex__type_support.cpp.o[0m
[ 85%] [32mBuilding CXX object CMakeFiles/multi_mode_control_msgs__rosidl_typesupport_fastrtps_cpp.dir/rosidl_typesupport_fastrtps_cpp/multi_mode_control_msgs/srv/detail/dds_fastrtps/set_thresholds__type_support.cpp.o[0m
[ 85%] [32mBuilding CXX object CMakeFiles/multi_mode_control_msgs__rosidl_typesupport_fastrtps_cpp.dir/rosidl_typesupport_fastrtps_cpp/multi_mode_control_msgs/srv/detail/dds_fastrtps/set_world_state__type_support.cpp.o[0m
[ 85%] Built target multi_mode_control_msgs__rosidl_typesupport_introspection_cpp
[ 85%] [32m[1mLinking CXX shared library libmulti_mode_control_msgs__rosidl_typesupport_fastrtps_c.so[0m
[ 85%] Built target multi_mode_control_msgs__rosidl_typesupport_fastrtps_c
[ 86%] [32m[1mLinking CXX shared library libmulti_mode_control_msgs__rosidl_typesupport_fastrtps_cpp.so[0m
[ 86%] Built target multi_mode_control_msgs__rosidl_typesupport_fastrtps_cpp
[ 86%] Built target multi_mode_control_msgs
[ 87%] [34m[1mGenerating Python code for ROS interfaces[0m
[ 87%] Built target multi_mode_control_msgs__py
[ 87%] [32mBuilding C object CMakeFiles/multi_mode_control_msgs__rosidl_generator_py.dir/rosidl_generator_py/multi_mode_control_msgs/msg/_velocity_goal_s.c.o[0m
[ 88%] [32mBuilding C object CMakeFiles/multi_mode_control_msgs__rosidl_generator_py.dir/rosidl_generator_py/multi_mode_control_msgs/msg/_wrench_s.c.o[0m
[ 88%] [32mBuilding C object CMakeFiles/multi_mode_control_msgs__rosidl_generator_py.dir/rosidl_generator_py/multi_mode_control_msgs/srv/_get_controllers_s.c.o[0m
[ 88%] [32mBuilding C object CMakeFiles/multi_mode_control_msgs__rosidl_generator_py.dir/rosidl_generator_py/multi_mode_control_msgs/msg/_contact_thresholds_s.c.o[0m
[ 88%] [32mBuilding C object CMakeFiles/multi_mode_control_msgs__rosidl_generator_py.dir/rosidl_generator_py/multi_mode_control_msgs/msg/_cartesian_impedance_goal_s.c.o[0m
[ 89%] [32mBuilding C object CMakeFiles/multi_mode_control_msgs__rosidl_generator_py.dir/rosidl_generator_py/multi_mode_control_msgs/msg/_controller_s.c.o[0m
[ 90%] [32mBuilding C object CMakeFiles/multi_mode_control_msgs__rosidl_generator_py.dir/rosidl_generator_py/multi_mode_control_msgs/srv/_set_joint_impedance_s.c.o[0m
[ 91%] [32mBuilding C object CMakeFiles/multi_mode_control_msgs__rosidl_generator_py.dir/rosidl_generator_py/multi_mode_control_msgs/msg/_joint_array_s.c.o[0m
[ 91%] [32mBuilding C object CMakeFiles/multi_mode_control_msgs__rosidl_generator_py.dir/rosidl_generator_py/multi_mode_control_msgs/msg/_joint_goal_s.c.o[0m
[ 93%] [32mBuilding C object CMakeFiles/multi_mode_control_msgs__rosidl_generator_py.dir/rosidl_generator_py/multi_mode_control_msgs/srv/_set_cartesian_impedance_s.c.o[0m
[ 93%] [32mBuilding C object CMakeFiles/multi_mode_control_msgs__rosidl_generator_py.dir/rosidl_generator_py/multi_mode_control_msgs/srv/_get_robot_states_s.c.o[0m
[ 93%] [32mBuilding C object CMakeFiles/multi_mode_control_msgs__rosidl_generator_py.dir/rosidl_generator_py/multi_mode_control_msgs/srv/_set_recovery_mode_s.c.o[0m
[ 93%] [32mBuilding C object CMakeFiles/multi_mode_control_msgs__rosidl_generator_py.dir/rosidl_generator_py/multi_mode_control_msgs/srv/_set_controllers_s.c.o[0m
[ 94%] [32mBuilding C object CMakeFiles/multi_mode_control_msgs__rosidl_generator_py.dir/rosidl_generator_py/multi_mode_control_msgs/msg/_dual_cartesian_impedance_goal_s.c.o[0m
[ 95%] [32mBuilding C object CMakeFiles/multi_mode_control_msgs__rosidl_generator_py.dir/rosidl_generator_py/multi_mode_control_msgs/srv/_set_reflex_s.c.o[0m
[ 95%] [32mBuilding C object CMakeFiles/multi_mode_control_msgs__rosidl_generator_py.dir/rosidl_generator_py/multi_mode_control_msgs/srv/_set_thresholds_s.c.o[0m
[ 96%] [32mBuilding C object CMakeFiles/multi_mode_control_msgs__rosidl_generator_py.dir/rosidl_generator_py/multi_mode_control_msgs/srv/_set_world_state_s.c.o[0m
[ 96%] [32m[1mLinking C shared library libmulti_mode_control_msgs__rosidl_generator_py.so[0m
[ 96%] Built target multi_mode_control_msgs__rosidl_generator_py
[ 97%] [32mBuilding C object CMakeFiles/multi_mode_control_msgs_s__rosidl_typesupport_fastrtps_c.dir/rosidl_generator_py/multi_mode_control_msgs/_multi_mode_control_msgs_s.ep.rosidl_typesupport_fastrtps_c.c.o[0m
[ 99%] [32mBuilding C object CMakeFiles/multi_mode_control_msgs_s__rosidl_typesupport_c.dir/rosidl_generator_py/multi_mode_control_msgs/_multi_mode_control_msgs_s.ep.rosidl_typesupport_c.c.o[0m
[ 98%] [32mBuilding C object CMakeFiles/multi_mode_control_msgs_s__rosidl_typesupport_introspection_c.dir/rosidl_generator_py/multi_mode_control_msgs/_multi_mode_control_msgs_s.ep.rosidl_typesupport_introspection_c.c.o[0m
[ 99%] [32m[1mLinking C shared module rosidl_generator_py/multi_mode_control_msgs/multi_mode_control_msgs_s__rosidl_typesupport_c.so[0m
[ 99%] [32m[1mLinking C shared module rosidl_generator_py/multi_mode_control_msgs/multi_mode_control_msgs_s__rosidl_typesupport_fastrtps_c.so[0m
[100%] [32m[1mLinking C shared module rosidl_generator_py/multi_mode_control_msgs/multi_mode_control_msgs_s__rosidl_typesupport_introspection_c.so[0m
[100%] Built target multi_mode_control_msgs_s__rosidl_typesupport_c
[100%] Built target multi_mode_control_msgs_s__rosidl_typesupport_introspection_c
[100%] Built target multi_mode_control_msgs_s__rosidl_typesupport_fastrtps_c
