[0.008s] Invoking command in '/home/herring/rzddzy/ros2_ws/build/multi_mode_control_msgs': AMENT_PREFIX_PATH=/home/herring/rzddzy/ros2_ws/install/franka_msgs:${AMENT_PREFIX_PATH} CMAKE_PREFIX_PATH=/home/herring/rzddzy/ros2_ws/install/franka_msgs:/opt/ros/jazzy/opt/sdformat_vendor:/opt/ros/jazzy/opt/gz_math_vendor:/opt/ros/jazzy/opt/gz_utils_vendor:/opt/ros/jazzy/opt/gz_tools_vendor:/opt/ros/jazzy/opt/gz_cmake_vendor:/opt/ros/jazzy DEBUGINFOD_URLS=https://debuginfod.ubuntu.com LD_LIBRARY_PATH=/home/herring/rzddzy/ros2_ws/install/franka_msgs/lib:${LD_LIBRARY_PATH} PYTHONPATH=/home/herring/rzddzy/ros2_ws/install/franka_msgs/lib/python3.12/site-packages:${PYTHONPATH} /usr/bin/cmake /home/herring/rzddzy/ros2_ws/src/multi_mode_control_msgs -DAMENT_CMAKE_SYMLINK_INSTALL=1 -DCMAKE_INSTALL_PREFIX=/home/herring/rzddzy/ros2_ws/install/multi_mode_control_msgs
[0.057s] -- The C compiler identification is GNU 13.3.0
[0.103s] -- The CXX compiler identification is GNU 13.3.0
[0.118s] -- Detecting C compiler ABI info
[0.199s] -- Detecting C compiler ABI info - done
[0.207s] -- Check for working C compiler: /usr/bin/cc - skipped
[0.207s] -- Detecting C compile features
[0.207s] -- Detecting C compile features - done
[0.215s] -- Detecting CXX compiler ABI info
[0.307s] -- Detecting CXX compiler ABI info - done
[0.317s] -- Check for working CXX compiler: /usr/bin/c++ - skipped
[0.317s] -- Detecting CXX compile features
[0.317s] -- Detecting CXX compile features - done
[0.320s] -- Found ament_cmake: 2.5.5 (/opt/ros/jazzy/share/ament_cmake/cmake)
[0.450s] -- Found Python3: /usr/bin/python3 (found version "3.12.3") found components: Interpreter 
[0.503s] -- Override CMake install command with custom implementation using symlinks instead of copying resources
[0.525s] -- Found geometry_msgs: 5.3.6 (/opt/ros/jazzy/share/geometry_msgs/cmake)
[0.566s] -- Found rosidl_generator_c: 4.6.7 (/opt/ros/jazzy/share/rosidl_generator_c/cmake)
[0.575s] -- Found rosidl_generator_cpp: 4.6.7 (/opt/ros/jazzy/share/rosidl_generator_cpp/cmake)
[0.584s] -- Using all available rosidl_typesupport_c: rosidl_typesupport_fastrtps_c;rosidl_typesupport_introspection_c
[0.595s] -- Using all available rosidl_typesupport_cpp: rosidl_typesupport_fastrtps_cpp;rosidl_typesupport_introspection_cpp
[0.624s] -- Found franka_msgs: 0.0.0 (/home/herring/rzddzy/ros2_ws/install/franka_msgs/share/franka_msgs/cmake)
[0.673s] -- Found rosidl_default_generators: 1.6.0 (/opt/ros/jazzy/share/rosidl_default_generators/cmake)
[0.682s] -- Found rosidl_adapter: 4.6.7 (/opt/ros/jazzy/share/rosidl_adapter/cmake)
[1.255s] -- Found ament_cmake_ros: 0.12.0 (/opt/ros/jazzy/share/ament_cmake_ros/cmake)
[2.007s] -- Using all available rosidl_typesupport_c: rosidl_typesupport_fastrtps_c;rosidl_typesupport_introspection_c
[2.346s] -- Using all available rosidl_typesupport_cpp: rosidl_typesupport_fastrtps_cpp;rosidl_typesupport_introspection_cpp
[2.349s] -- Found python_cmake_module: 0.11.1 (/opt/ros/jazzy/share/python_cmake_module/cmake)
[2.477s] -- Found PythonExtra: /usr/bin/python3  
[2.845s] -- Found Python3: /usr/bin/python3 (found version "3.12.3") found components: Interpreter Development NumPy Development.Module Development.Embed 
[2.894s] -- Found ament_lint_auto: 0.17.4 (/opt/ros/jazzy/share/ament_lint_auto/cmake)
[2.908s] -- Added test 'lint_cmake' to check CMake code style
[2.909s] -- Added test 'xmllint' to check XML markup files
[2.911s] -- Configuring done (2.9s)
[2.961s] -- Generating done (0.0s)
[2.971s] -- Build files have been written to: /home/herring/rzddzy/ros2_ws/build/multi_mode_control_msgs
[2.979s] Invoked command in '/home/herring/rzddzy/ros2_ws/build/multi_mode_control_msgs' returned '0': AMENT_PREFIX_PATH=/home/herring/rzddzy/ros2_ws/install/franka_msgs:${AMENT_PREFIX_PATH} CMAKE_PREFIX_PATH=/home/herring/rzddzy/ros2_ws/install/franka_msgs:/opt/ros/jazzy/opt/sdformat_vendor:/opt/ros/jazzy/opt/gz_math_vendor:/opt/ros/jazzy/opt/gz_utils_vendor:/opt/ros/jazzy/opt/gz_tools_vendor:/opt/ros/jazzy/opt/gz_cmake_vendor:/opt/ros/jazzy DEBUGINFOD_URLS=https://debuginfod.ubuntu.com LD_LIBRARY_PATH=/home/herring/rzddzy/ros2_ws/install/franka_msgs/lib:${LD_LIBRARY_PATH} PYTHONPATH=/home/herring/rzddzy/ros2_ws/install/franka_msgs/lib/python3.12/site-packages:${PYTHONPATH} /usr/bin/cmake /home/herring/rzddzy/ros2_ws/src/multi_mode_control_msgs -DAMENT_CMAKE_SYMLINK_INSTALL=1 -DCMAKE_INSTALL_PREFIX=/home/herring/rzddzy/ros2_ws/install/multi_mode_control_msgs
[2.980s] Invoking command in '/home/herring/rzddzy/ros2_ws/build/multi_mode_control_msgs': AMENT_PREFIX_PATH=/home/herring/rzddzy/ros2_ws/install/franka_msgs:${AMENT_PREFIX_PATH} CMAKE_PREFIX_PATH=/home/herring/rzddzy/ros2_ws/install/franka_msgs:/opt/ros/jazzy/opt/sdformat_vendor:/opt/ros/jazzy/opt/gz_math_vendor:/opt/ros/jazzy/opt/gz_utils_vendor:/opt/ros/jazzy/opt/gz_tools_vendor:/opt/ros/jazzy/opt/gz_cmake_vendor:/opt/ros/jazzy DEBUGINFOD_URLS=https://debuginfod.ubuntu.com LD_LIBRARY_PATH=/home/herring/rzddzy/ros2_ws/install/franka_msgs/lib:${LD_LIBRARY_PATH} PYTHONPATH=/home/herring/rzddzy/ros2_ws/install/franka_msgs/lib/python3.12/site-packages:${PYTHONPATH} /usr/bin/cmake --build /home/herring/rzddzy/ros2_ws/build/multi_mode_control_msgs -- -j28 -l28
[3.033s] [  1%] [34m[1mGenerating type hashes for ROS interfaces[0m
[3.041s] [  1%] Built target ament_cmake_python_symlink_multi_mode_control_msgs
[3.245s] running egg_info
[3.245s] creating multi_mode_control_msgs.egg-info
[3.256s] writing multi_mode_control_msgs.egg-info/PKG-INFO
[3.256s] writing dependency_links to multi_mode_control_msgs.egg-info/dependency_links.txt
[3.256s] writing top-level names to multi_mode_control_msgs.egg-info/top_level.txt
[3.256s] writing manifest file 'multi_mode_control_msgs.egg-info/SOURCES.txt'
[3.287s] reading manifest file 'multi_mode_control_msgs.egg-info/SOURCES.txt'
[3.287s] writing manifest file 'multi_mode_control_msgs.egg-info/SOURCES.txt'
[3.310s] [  1%] Built target ament_cmake_python_build_multi_mode_control_msgs_egg
[3.333s] [  1%] Built target multi_mode_control_msgs__rosidl_generator_type_description
[3.346s] [  1%] [34m[1mGenerating C code for ROS interfaces[0m
[3.358s] [  1%] [34m[1mGenerating C++ code for ROS interfaces[0m
[4.158s] [  1%] Built target multi_mode_control_msgs__cpp
[4.516s] [  3%] [32mBuilding C object CMakeFiles/multi_mode_control_msgs__rosidl_generator_c.dir/rosidl_generator_c/multi_mode_control_msgs/msg/detail/contact_thresholds__description.c.o[0m
[4.516s] [  3%] [32mBuilding C object CMakeFiles/multi_mode_control_msgs__rosidl_generator_c.dir/rosidl_generator_c/multi_mode_control_msgs/msg/detail/cartesian_impedance_goal__type_support.c.o[0m
[4.516s] [  5%] [32mBuilding C object CMakeFiles/multi_mode_control_msgs__rosidl_generator_c.dir/rosidl_generator_c/multi_mode_control_msgs/msg/detail/dual_cartesian_impedance_goal__functions.c.o[0m
[4.516s] [  5%] [32mBuilding C object CMakeFiles/multi_mode_control_msgs__rosidl_generator_c.dir/rosidl_generator_c/multi_mode_control_msgs/msg/detail/cartesian_impedance_goal__description.c.o[0m
[4.516s] [  5%] [32mBuilding C object CMakeFiles/multi_mode_control_msgs__rosidl_generator_c.dir/rosidl_generator_c/multi_mode_control_msgs/msg/detail/contact_thresholds__functions.c.o[0m
[4.516s] [  5%] [32mBuilding C object CMakeFiles/multi_mode_control_msgs__rosidl_generator_c.dir/rosidl_generator_c/multi_mode_control_msgs/msg/detail/dual_cartesian_impedance_goal__description.c.o[0m
[4.517s] [  6%] [32mBuilding C object CMakeFiles/multi_mode_control_msgs__rosidl_generator_c.dir/rosidl_generator_c/multi_mode_control_msgs/msg/detail/contact_thresholds__type_support.c.o[0m
[4.517s] [  6%] [32mBuilding C object CMakeFiles/multi_mode_control_msgs__rosidl_generator_c.dir/rosidl_generator_c/multi_mode_control_msgs/msg/detail/cartesian_impedance_goal__functions.c.o[0m
[4.517s] [  6%] [32mBuilding C object CMakeFiles/multi_mode_control_msgs__rosidl_generator_c.dir/rosidl_generator_c/multi_mode_control_msgs/msg/detail/dual_cartesian_impedance_goal__type_support.c.o[0m
[4.519s] [  6%] [32mBuilding C object CMakeFiles/multi_mode_control_msgs__rosidl_generator_c.dir/rosidl_generator_c/multi_mode_control_msgs/msg/detail/controller__description.c.o[0m
[4.519s] [  7%] [32mBuilding C object CMakeFiles/multi_mode_control_msgs__rosidl_generator_c.dir/rosidl_generator_c/multi_mode_control_msgs/msg/detail/controller__functions.c.o[0m
[4.522s] [  8%] [32mBuilding C object CMakeFiles/multi_mode_control_msgs__rosidl_generator_c.dir/rosidl_generator_c/multi_mode_control_msgs/msg/detail/joint_goal__functions.c.o[0m
[4.522s] [ 10%] [32mBuilding C object CMakeFiles/multi_mode_control_msgs__rosidl_generator_c.dir/rosidl_generator_c/multi_mode_control_msgs/msg/detail/joint_array__description.c.o[0m
[4.522s] [ 10%] [32mBuilding C object CMakeFiles/multi_mode_control_msgs__rosidl_generator_c.dir/rosidl_generator_c/multi_mode_control_msgs/msg/detail/velocity_goal__type_support.c.o[0m
[4.522s] [ 10%] [32mBuilding C object CMakeFiles/multi_mode_control_msgs__rosidl_generator_c.dir/rosidl_generator_c/multi_mode_control_msgs/msg/detail/controller__type_support.c.o[0m
[4.523s] [ 12%] [32mBuilding C object CMakeFiles/multi_mode_control_msgs__rosidl_generator_c.dir/rosidl_generator_c/multi_mode_control_msgs/msg/detail/joint_array__type_support.c.o[0m
[4.523s] [ 12%] [32mBuilding C object CMakeFiles/multi_mode_control_msgs__rosidl_generator_c.dir/rosidl_generator_c/multi_mode_control_msgs/msg/detail/velocity_goal__description.c.o[0m
[4.523s] [ 12%] [32mBuilding C object CMakeFiles/multi_mode_control_msgs__rosidl_generator_c.dir/rosidl_generator_c/multi_mode_control_msgs/msg/detail/velocity_goal__functions.c.o[0m
[4.523s] [ 12%] [32mBuilding C object CMakeFiles/multi_mode_control_msgs__rosidl_generator_c.dir/rosidl_generator_c/multi_mode_control_msgs/msg/detail/joint_goal__type_support.c.o[0m
[4.523s] [ 12%] [32mBuilding C object CMakeFiles/multi_mode_control_msgs__rosidl_generator_c.dir/rosidl_generator_c/multi_mode_control_msgs/msg/detail/wrench__description.c.o[0m
[4.523s] [ 12%] [32mBuilding C object CMakeFiles/multi_mode_control_msgs__rosidl_generator_c.dir/rosidl_generator_c/multi_mode_control_msgs/msg/detail/joint_array__functions.c.o[0m
[4.523s] [ 12%] [32mBuilding C object CMakeFiles/multi_mode_control_msgs__rosidl_generator_c.dir/rosidl_generator_c/multi_mode_control_msgs/msg/detail/joint_goal__description.c.o[0m
[4.524s] [ 13%] [32mBuilding C object CMakeFiles/multi_mode_control_msgs__rosidl_generator_c.dir/rosidl_generator_c/multi_mode_control_msgs/srv/detail/get_controllers__description.c.o[0m
[4.529s] [ 14%] [32mBuilding C object CMakeFiles/multi_mode_control_msgs__rosidl_generator_c.dir/rosidl_generator_c/multi_mode_control_msgs/msg/detail/wrench__functions.c.o[0m
[4.533s] [ 14%] [32mBuilding C object CMakeFiles/multi_mode_control_msgs__rosidl_generator_c.dir/rosidl_generator_c/multi_mode_control_msgs/msg/detail/wrench__type_support.c.o[0m
[4.539s] [ 15%] [32mBuilding C object CMakeFiles/multi_mode_control_msgs__rosidl_generator_c.dir/rosidl_generator_c/multi_mode_control_msgs/srv/detail/get_controllers__type_support.c.o[0m
[4.542s] [ 15%] [32mBuilding C object CMakeFiles/multi_mode_control_msgs__rosidl_generator_c.dir/rosidl_generator_c/multi_mode_control_msgs/srv/detail/get_controllers__functions.c.o[0m
[4.543s] [ 15%] [32mBuilding C object CMakeFiles/multi_mode_control_msgs__rosidl_generator_c.dir/rosidl_generator_c/multi_mode_control_msgs/srv/detail/get_robot_states__description.c.o[0m
[4.582s] [ 16%] [32mBuilding C object CMakeFiles/multi_mode_control_msgs__rosidl_generator_c.dir/rosidl_generator_c/multi_mode_control_msgs/srv/detail/get_robot_states__functions.c.o[0m
[4.591s] [ 17%] [32mBuilding C object CMakeFiles/multi_mode_control_msgs__rosidl_generator_c.dir/rosidl_generator_c/multi_mode_control_msgs/srv/detail/get_robot_states__type_support.c.o[0m
[4.611s] [ 18%] [32mBuilding C object CMakeFiles/multi_mode_control_msgs__rosidl_generator_c.dir/rosidl_generator_c/multi_mode_control_msgs/srv/detail/set_cartesian_impedance__functions.c.o[0m
[4.612s] [ 18%] [32mBuilding C object CMakeFiles/multi_mode_control_msgs__rosidl_generator_c.dir/rosidl_generator_c/multi_mode_control_msgs/srv/detail/set_cartesian_impedance__description.c.o[0m
[4.617s] [ 19%] [32mBuilding C object CMakeFiles/multi_mode_control_msgs__rosidl_generator_c.dir/rosidl_generator_c/multi_mode_control_msgs/srv/detail/set_controllers__description.c.o[0m
[4.619s] [ 19%] [32mBuilding C object CMakeFiles/multi_mode_control_msgs__rosidl_generator_c.dir/rosidl_generator_c/multi_mode_control_msgs/srv/detail/set_cartesian_impedance__type_support.c.o[0m
[4.641s] [ 19%] [32mBuilding C object CMakeFiles/multi_mode_control_msgs__rosidl_generator_c.dir/rosidl_generator_c/multi_mode_control_msgs/srv/detail/set_controllers__functions.c.o[0m
[4.645s] [ 20%] [32mBuilding C object CMakeFiles/multi_mode_control_msgs__rosidl_generator_c.dir/rosidl_generator_c/multi_mode_control_msgs/srv/detail/set_controllers__type_support.c.o[0m
[4.650s] [ 21%] [32mBuilding C object CMakeFiles/multi_mode_control_msgs__rosidl_generator_c.dir/rosidl_generator_c/multi_mode_control_msgs/srv/detail/set_joint_impedance__functions.c.o[0m
[4.651s] [ 21%] [32mBuilding C object CMakeFiles/multi_mode_control_msgs__rosidl_generator_c.dir/rosidl_generator_c/multi_mode_control_msgs/srv/detail/set_joint_impedance__description.c.o[0m
[4.653s] [ 21%] [32mBuilding C object CMakeFiles/multi_mode_control_msgs__rosidl_generator_c.dir/rosidl_generator_c/multi_mode_control_msgs/srv/detail/set_joint_impedance__type_support.c.o[0m
[4.657s] [ 22%] [32mBuilding C object CMakeFiles/multi_mode_control_msgs__rosidl_generator_c.dir/rosidl_generator_c/multi_mode_control_msgs/srv/detail/set_recovery_mode__description.c.o[0m
[4.659s] [ 23%] [32mBuilding C object CMakeFiles/multi_mode_control_msgs__rosidl_generator_c.dir/rosidl_generator_c/multi_mode_control_msgs/srv/detail/set_recovery_mode__type_support.c.o[0m
[4.664s] [ 23%] [32mBuilding C object CMakeFiles/multi_mode_control_msgs__rosidl_generator_c.dir/rosidl_generator_c/multi_mode_control_msgs/srv/detail/set_recovery_mode__functions.c.o[0m
[4.672s] [ 24%] [32mBuilding C object CMakeFiles/multi_mode_control_msgs__rosidl_generator_c.dir/rosidl_generator_c/multi_mode_control_msgs/srv/detail/set_reflex__functions.c.o[0m
[4.676s] [ 24%] [32mBuilding C object CMakeFiles/multi_mode_control_msgs__rosidl_generator_c.dir/rosidl_generator_c/multi_mode_control_msgs/srv/detail/set_reflex__description.c.o[0m
[4.681s] [ 24%] [32mBuilding C object CMakeFiles/multi_mode_control_msgs__rosidl_generator_c.dir/rosidl_generator_c/multi_mode_control_msgs/srv/detail/set_reflex__type_support.c.o[0m
[4.691s] [ 25%] [32mBuilding C object CMakeFiles/multi_mode_control_msgs__rosidl_generator_c.dir/rosidl_generator_c/multi_mode_control_msgs/srv/detail/set_thresholds__type_support.c.o[0m
[4.700s] [ 25%] [32mBuilding C object CMakeFiles/multi_mode_control_msgs__rosidl_generator_c.dir/rosidl_generator_c/multi_mode_control_msgs/srv/detail/set_thresholds__functions.c.o[0m
[4.701s] [ 25%] [32mBuilding C object CMakeFiles/multi_mode_control_msgs__rosidl_generator_c.dir/rosidl_generator_c/multi_mode_control_msgs/srv/detail/set_world_state__type_support.c.o[0m
[4.701s] [ 26%] [32mBuilding C object CMakeFiles/multi_mode_control_msgs__rosidl_generator_c.dir/rosidl_generator_c/multi_mode_control_msgs/srv/detail/set_world_state__description.c.o[0m
[4.702s] [ 27%] [32mBuilding C object CMakeFiles/multi_mode_control_msgs__rosidl_generator_c.dir/rosidl_generator_c/multi_mode_control_msgs/srv/detail/set_thresholds__description.c.o[0m
[4.702s] [ 27%] [32mBuilding C object CMakeFiles/multi_mode_control_msgs__rosidl_generator_c.dir/rosidl_generator_c/multi_mode_control_msgs/srv/detail/set_world_state__functions.c.o[0m
[4.797s] [ 28%] [32m[1mLinking C shared library libmulti_mode_control_msgs__rosidl_generator_c.so[0m
[4.835s] [ 28%] Built target multi_mode_control_msgs__rosidl_generator_c
[4.844s] [ 29%] [34m[1mGenerating C++ type support dispatch for ROS interfaces[0m
[4.845s] [ 29%] [34m[1mGenerating C++ introspection for ROS interfaces[0m
[4.846s] [ 29%] [34m[1mGenerating C type support dispatch for ROS interfaces[0m
[4.846s] [ 31%] [34m[1mGenerating C introspection for ROS interfaces[0m
[4.846s] [ 31%] [34m[1mGenerating C type support for eProsima Fast-RTPS[0m
[4.846s] [ 31%] [34m[1mGenerating C++ type support for eProsima Fast-RTPS[0m
[5.384s] [ 32%] [32mBuilding CXX object CMakeFiles/multi_mode_control_msgs__rosidl_typesupport_c.dir/rosidl_typesupport_c/multi_mode_control_msgs/msg/contact_thresholds__type_support.cpp.o[0m
[5.384s] [ 32%] [32mBuilding CXX object CMakeFiles/multi_mode_control_msgs__rosidl_typesupport_c.dir/rosidl_typesupport_c/multi_mode_control_msgs/msg/controller__type_support.cpp.o[0m
[5.384s] [ 33%] [32mBuilding CXX object CMakeFiles/multi_mode_control_msgs__rosidl_typesupport_c.dir/rosidl_typesupport_c/multi_mode_control_msgs/msg/velocity_goal__type_support.cpp.o[0m
[5.385s] [ 34%] [32mBuilding CXX object CMakeFiles/multi_mode_control_msgs__rosidl_typesupport_c.dir/rosidl_typesupport_c/multi_mode_control_msgs/msg/joint_array__type_support.cpp.o[0m
[5.385s] [ 36%] [32mBuilding CXX object CMakeFiles/multi_mode_control_msgs__rosidl_typesupport_c.dir/rosidl_typesupport_c/multi_mode_control_msgs/srv/get_controllers__type_support.cpp.o[0m
[5.385s] [ 36%] [32mBuilding CXX object CMakeFiles/multi_mode_control_msgs__rosidl_typesupport_c.dir/rosidl_typesupport_c/multi_mode_control_msgs/msg/cartesian_impedance_goal__type_support.cpp.o[0m
[5.385s] [ 36%] [32mBuilding CXX object CMakeFiles/multi_mode_control_msgs__rosidl_typesupport_c.dir/rosidl_typesupport_c/multi_mode_control_msgs/msg/joint_goal__type_support.cpp.o[0m
[5.385s] [ 36%] [32mBuilding CXX object CMakeFiles/multi_mode_control_msgs__rosidl_typesupport_c.dir/rosidl_typesupport_c/multi_mode_control_msgs/msg/dual_cartesian_impedance_goal__type_support.cpp.o[0m
[5.385s] [ 36%] [32mBuilding CXX object CMakeFiles/multi_mode_control_msgs__rosidl_typesupport_c.dir/rosidl_typesupport_c/multi_mode_control_msgs/msg/wrench__type_support.cpp.o[0m
[5.387s] [ 36%] [32mBuilding CXX object CMakeFiles/multi_mode_control_msgs__rosidl_typesupport_c.dir/rosidl_typesupport_c/multi_mode_control_msgs/srv/get_robot_states__type_support.cpp.o[0m
[5.388s] [ 37%] [32mBuilding CXX object CMakeFiles/multi_mode_control_msgs__rosidl_typesupport_c.dir/rosidl_typesupport_c/multi_mode_control_msgs/srv/set_joint_impedance__type_support.cpp.o[0m
[5.391s] [ 38%] [32mBuilding CXX object CMakeFiles/multi_mode_control_msgs__rosidl_typesupport_c.dir/rosidl_typesupport_c/multi_mode_control_msgs/srv/set_cartesian_impedance__type_support.cpp.o[0m
[5.392s] [ 38%] [32mBuilding CXX object CMakeFiles/multi_mode_control_msgs__rosidl_typesupport_c.dir/rosidl_typesupport_c/multi_mode_control_msgs/srv/set_recovery_mode__type_support.cpp.o[0m
[5.392s] [ 39%] [32mBuilding CXX object CMakeFiles/multi_mode_control_msgs__rosidl_typesupport_c.dir/rosidl_typesupport_c/multi_mode_control_msgs/srv/set_reflex__type_support.cpp.o[0m
[5.393s] [ 40%] [32mBuilding CXX object CMakeFiles/multi_mode_control_msgs__rosidl_typesupport_c.dir/rosidl_typesupport_c/multi_mode_control_msgs/srv/set_controllers__type_support.cpp.o[0m
[5.393s] [ 40%] [32mBuilding CXX object CMakeFiles/multi_mode_control_msgs__rosidl_typesupport_c.dir/rosidl_typesupport_c/multi_mode_control_msgs/srv/set_world_state__type_support.cpp.o[0m
[5.395s] [ 40%] [32mBuilding CXX object CMakeFiles/multi_mode_control_msgs__rosidl_typesupport_c.dir/rosidl_typesupport_c/multi_mode_control_msgs/srv/set_thresholds__type_support.cpp.o[0m
[5.533s] [ 40%] [32m[1mLinking CXX shared library libmulti_mode_control_msgs__rosidl_typesupport_c.so[0m
[5.580s] [ 41%] [32mBuilding CXX object CMakeFiles/multi_mode_control_msgs__rosidl_typesupport_cpp.dir/rosidl_typesupport_cpp/multi_mode_control_msgs/msg/dual_cartesian_impedance_goal__type_support.cpp.o[0m
[5.580s] [ 42%] [32mBuilding CXX object CMakeFiles/multi_mode_control_msgs__rosidl_typesupport_cpp.dir/rosidl_typesupport_cpp/multi_mode_control_msgs/msg/joint_array__type_support.cpp.o[0m
[5.582s] [ 42%] [32mBuilding CXX object CMakeFiles/multi_mode_control_msgs__rosidl_typesupport_cpp.dir/rosidl_typesupport_cpp/multi_mode_control_msgs/msg/cartesian_impedance_goal__type_support.cpp.o[0m
[5.583s] [ 42%] [32mBuilding CXX object CMakeFiles/multi_mode_control_msgs__rosidl_typesupport_cpp.dir/rosidl_typesupport_cpp/multi_mode_control_msgs/msg/controller__type_support.cpp.o[0m
[5.584s] [ 43%] [32mBuilding CXX object CMakeFiles/multi_mode_control_msgs__rosidl_typesupport_cpp.dir/rosidl_typesupport_cpp/multi_mode_control_msgs/srv/get_controllers__type_support.cpp.o[0m
[5.585s] [ 44%] [32mBuilding CXX object CMakeFiles/multi_mode_control_msgs__rosidl_typesupport_cpp.dir/rosidl_typesupport_cpp/multi_mode_control_msgs/srv/set_cartesian_impedance__type_support.cpp.o[0m
[5.585s] [ 44%] [32mBuilding CXX object CMakeFiles/multi_mode_control_msgs__rosidl_typesupport_cpp.dir/rosidl_typesupport_cpp/multi_mode_control_msgs/msg/joint_goal__type_support.cpp.o[0m
[5.585s] [ 44%] [32mBuilding CXX object CMakeFiles/multi_mode_control_msgs__rosidl_typesupport_cpp.dir/rosidl_typesupport_cpp/multi_mode_control_msgs/msg/wrench__type_support.cpp.o[0m
[5.586s] [ 45%] [32mBuilding CXX object CMakeFiles/multi_mode_control_msgs__rosidl_typesupport_cpp.dir/rosidl_typesupport_cpp/multi_mode_control_msgs/msg/contact_thresholds__type_support.cpp.o[0m
[5.586s] [ 46%] [32mBuilding CXX object CMakeFiles/multi_mode_control_msgs__rosidl_typesupport_cpp.dir/rosidl_typesupport_cpp/multi_mode_control_msgs/msg/velocity_goal__type_support.cpp.o[0m
[5.586s] [ 46%] [32mBuilding CXX object CMakeFiles/multi_mode_control_msgs__rosidl_typesupport_cpp.dir/rosidl_typesupport_cpp/multi_mode_control_msgs/srv/get_robot_states__type_support.cpp.o[0m
[5.586s] [ 46%] [32mBuilding CXX object CMakeFiles/multi_mode_control_msgs__rosidl_typesupport_cpp.dir/rosidl_typesupport_cpp/multi_mode_control_msgs/srv/set_controllers__type_support.cpp.o[0m
[5.586s] [ 46%] [32mBuilding CXX object CMakeFiles/multi_mode_control_msgs__rosidl_typesupport_cpp.dir/rosidl_typesupport_cpp/multi_mode_control_msgs/srv/set_thresholds__type_support.cpp.o[0m
[5.586s] [ 47%] [32mBuilding CXX object CMakeFiles/multi_mode_control_msgs__rosidl_typesupport_cpp.dir/rosidl_typesupport_cpp/multi_mode_control_msgs/srv/set_world_state__type_support.cpp.o[0m
[5.588s] [ 48%] [32mBuilding CXX object CMakeFiles/multi_mode_control_msgs__rosidl_typesupport_cpp.dir/rosidl_typesupport_cpp/multi_mode_control_msgs/srv/set_reflex__type_support.cpp.o[0m
[5.589s] [ 49%] [32mBuilding CXX object CMakeFiles/multi_mode_control_msgs__rosidl_typesupport_cpp.dir/rosidl_typesupport_cpp/multi_mode_control_msgs/srv/set_joint_impedance__type_support.cpp.o[0m
[5.590s] [ 49%] [32mBuilding CXX object CMakeFiles/multi_mode_control_msgs__rosidl_typesupport_cpp.dir/rosidl_typesupport_cpp/multi_mode_control_msgs/srv/set_recovery_mode__type_support.cpp.o[0m
[5.591s] [ 49%] Built target multi_mode_control_msgs__rosidl_typesupport_c
[5.737s] [ 49%] [32mBuilding CXX object CMakeFiles/multi_mode_control_msgs__rosidl_typesupport_introspection_cpp.dir/rosidl_typesupport_introspection_cpp/multi_mode_control_msgs/msg/detail/dual_cartesian_impedance_goal__type_support.cpp.o[0m
[5.737s] [ 49%] [32mBuilding CXX object CMakeFiles/multi_mode_control_msgs__rosidl_typesupport_introspection_cpp.dir/rosidl_typesupport_introspection_cpp/multi_mode_control_msgs/msg/detail/controller__type_support.cpp.o[0m
[5.738s] [ 50%] [32mBuilding CXX object CMakeFiles/multi_mode_control_msgs__rosidl_typesupport_introspection_cpp.dir/rosidl_typesupport_introspection_cpp/multi_mode_control_msgs/msg/detail/joint_array__type_support.cpp.o[0m
[5.739s] [ 51%] [32mBuilding CXX object CMakeFiles/multi_mode_control_msgs__rosidl_typesupport_introspection_cpp.dir/rosidl_typesupport_introspection_cpp/multi_mode_control_msgs/msg/detail/cartesian_impedance_goal__type_support.cpp.o[0m
[5.742s] [ 52%] [32mBuilding C object CMakeFiles/multi_mode_control_msgs__rosidl_typesupport_introspection_c.dir/rosidl_typesupport_introspection_c/multi_mode_control_msgs/msg/detail/cartesian_impedance_goal__type_support.c.o[0m
[5.742s] [ 53%] [32mBuilding CXX object CMakeFiles/multi_mode_control_msgs__rosidl_typesupport_introspection_cpp.dir/rosidl_typesupport_introspection_cpp/multi_mode_control_msgs/msg/detail/contact_thresholds__type_support.cpp.o[0m
[5.743s] [ 53%] [32mBuilding CXX object CMakeFiles/multi_mode_control_msgs__rosidl_typesupport_introspection_cpp.dir/rosidl_typesupport_introspection_cpp/multi_mode_control_msgs/msg/detail/joint_goal__type_support.cpp.o[0m
[5.743s] [ 53%] [32mBuilding CXX object CMakeFiles/multi_mode_control_msgs__rosidl_typesupport_introspection_cpp.dir/rosidl_typesupport_introspection_cpp/multi_mode_control_msgs/msg/detail/wrench__type_support.cpp.o[0m
[5.743s] [ 54%] [32mBuilding CXX object CMakeFiles/multi_mode_control_msgs__rosidl_typesupport_introspection_cpp.dir/rosidl_typesupport_introspection_cpp/multi_mode_control_msgs/msg/detail/velocity_goal__type_support.cpp.o[0m
[5.880s] [ 54%] [32mBuilding C object CMakeFiles/multi_mode_control_msgs__rosidl_typesupport_introspection_c.dir/rosidl_typesupport_introspection_c/multi_mode_control_msgs/msg/detail/dual_cartesian_impedance_goal__type_support.c.o[0m
[6.119s] [ 55%] [32mBuilding C object CMakeFiles/multi_mode_control_msgs__rosidl_typesupport_introspection_c.dir/rosidl_typesupport_introspection_c/multi_mode_control_msgs/msg/detail/contact_thresholds__type_support.c.o[0m
[6.218s] [ 55%] [32mBuilding C object CMakeFiles/multi_mode_control_msgs__rosidl_typesupport_introspection_c.dir/rosidl_typesupport_introspection_c/multi_mode_control_msgs/msg/detail/controller__type_support.c.o[0m
[6.290s] [ 56%] [32mBuilding C object CMakeFiles/multi_mode_control_msgs__rosidl_typesupport_introspection_c.dir/rosidl_typesupport_introspection_c/multi_mode_control_msgs/msg/detail/joint_array__type_support.c.o[0m
[6.328s] [ 57%] [32mBuilding CXX object CMakeFiles/multi_mode_control_msgs__rosidl_typesupport_introspection_cpp.dir/rosidl_typesupport_introspection_cpp/multi_mode_control_msgs/srv/detail/get_controllers__type_support.cpp.o[0m
[6.353s] [ 57%] [32mBuilding C object CMakeFiles/multi_mode_control_msgs__rosidl_typesupport_introspection_c.dir/rosidl_typesupport_introspection_c/multi_mode_control_msgs/msg/detail/joint_goal__type_support.c.o[0m
[6.363s] [ 58%] [32mBuilding C object CMakeFiles/multi_mode_control_msgs__rosidl_typesupport_introspection_c.dir/rosidl_typesupport_introspection_c/multi_mode_control_msgs/msg/detail/velocity_goal__type_support.c.o[0m
[6.417s] [ 58%] [32mBuilding CXX object CMakeFiles/multi_mode_control_msgs__rosidl_typesupport_introspection_cpp.dir/rosidl_typesupport_introspection_cpp/multi_mode_control_msgs/srv/detail/get_robot_states__type_support.cpp.o[0m
[6.455s] [ 59%] [32mBuilding CXX object CMakeFiles/multi_mode_control_msgs__rosidl_typesupport_introspection_cpp.dir/rosidl_typesupport_introspection_cpp/multi_mode_control_msgs/srv/detail/set_cartesian_impedance__type_support.cpp.o[0m
[6.467s] [ 59%] [32mBuilding C object CMakeFiles/multi_mode_control_msgs__rosidl_typesupport_introspection_c.dir/rosidl_typesupport_introspection_c/multi_mode_control_msgs/msg/detail/wrench__type_support.c.o[0m
[6.467s] [ 59%] [32mBuilding CXX object CMakeFiles/multi_mode_control_msgs__rosidl_typesupport_introspection_cpp.dir/rosidl_typesupport_introspection_cpp/multi_mode_control_msgs/srv/detail/set_controllers__type_support.cpp.o[0m
[6.468s] [ 60%] [32mBuilding CXX object CMakeFiles/multi_mode_control_msgs__rosidl_typesupport_introspection_cpp.dir/rosidl_typesupport_introspection_cpp/multi_mode_control_msgs/srv/detail/set_joint_impedance__type_support.cpp.o[0m
[6.478s] [ 60%] [32mBuilding CXX object CMakeFiles/multi_mode_control_msgs__rosidl_typesupport_introspection_cpp.dir/rosidl_typesupport_introspection_cpp/multi_mode_control_msgs/srv/detail/set_recovery_mode__type_support.cpp.o[0m
[6.507s] [ 61%] [32mBuilding C object CMakeFiles/multi_mode_control_msgs__rosidl_typesupport_introspection_c.dir/rosidl_typesupport_introspection_c/multi_mode_control_msgs/srv/detail/get_controllers__type_support.c.o[0m
[6.534s] [ 62%] [32mBuilding C object CMakeFiles/multi_mode_control_msgs__rosidl_typesupport_introspection_c.dir/rosidl_typesupport_introspection_c/multi_mode_control_msgs/srv/detail/set_cartesian_impedance__type_support.c.o[0m
[6.538s] [ 62%] [32mBuilding C object CMakeFiles/multi_mode_control_msgs__rosidl_typesupport_introspection_c.dir/rosidl_typesupport_introspection_c/multi_mode_control_msgs/srv/detail/get_robot_states__type_support.c.o[0m
[6.539s] [ 63%] [32mBuilding CXX object CMakeFiles/multi_mode_control_msgs__rosidl_typesupport_introspection_cpp.dir/rosidl_typesupport_introspection_cpp/multi_mode_control_msgs/srv/detail/set_reflex__type_support.cpp.o[0m
[6.539s] [ 64%] [32mBuilding C object CMakeFiles/multi_mode_control_msgs__rosidl_typesupport_introspection_c.dir/rosidl_typesupport_introspection_c/multi_mode_control_msgs/srv/detail/set_controllers__type_support.c.o[0m
[6.568s] [ 64%] [32mBuilding CXX object CMakeFiles/multi_mode_control_msgs__rosidl_typesupport_introspection_cpp.dir/rosidl_typesupport_introspection_cpp/multi_mode_control_msgs/srv/detail/set_thresholds__type_support.cpp.o[0m
[6.577s] [ 64%] [32mBuilding C object CMakeFiles/multi_mode_control_msgs__rosidl_typesupport_introspection_c.dir/rosidl_typesupport_introspection_c/multi_mode_control_msgs/srv/detail/set_joint_impedance__type_support.c.o[0m
[6.586s] [ 65%] [32mBuilding CXX object CMakeFiles/multi_mode_control_msgs__rosidl_typesupport_introspection_cpp.dir/rosidl_typesupport_introspection_cpp/multi_mode_control_msgs/srv/detail/set_world_state__type_support.cpp.o[0m
[6.592s] [ 65%] [32mBuilding CXX object CMakeFiles/multi_mode_control_msgs__rosidl_typesupport_fastrtps_c.dir/rosidl_typesupport_fastrtps_c/multi_mode_control_msgs/msg/detail/cartesian_impedance_goal__type_support_c.cpp.o[0m
[6.593s] [ 66%] [32mBuilding CXX object CMakeFiles/multi_mode_control_msgs__rosidl_typesupport_fastrtps_c.dir/rosidl_typesupport_fastrtps_c/multi_mode_control_msgs/msg/detail/dual_cartesian_impedance_goal__type_support_c.cpp.o[0m
[6.616s] [ 66%] [32mBuilding CXX object CMakeFiles/multi_mode_control_msgs__rosidl_typesupport_fastrtps_c.dir/rosidl_typesupport_fastrtps_c/multi_mode_control_msgs/msg/detail/contact_thresholds__type_support_c.cpp.o[0m
[6.651s] [ 67%] [32mBuilding CXX object CMakeFiles/multi_mode_control_msgs__rosidl_typesupport_fastrtps_c.dir/rosidl_typesupport_fastrtps_c/multi_mode_control_msgs/msg/detail/controller__type_support_c.cpp.o[0m
[6.656s] [ 68%] [32mBuilding C object CMakeFiles/multi_mode_control_msgs__rosidl_typesupport_introspection_c.dir/rosidl_typesupport_introspection_c/multi_mode_control_msgs/srv/detail/set_recovery_mode__type_support.c.o[0m
[6.662s] [ 69%] [32mBuilding CXX object CMakeFiles/multi_mode_control_msgs__rosidl_typesupport_fastrtps_c.dir/rosidl_typesupport_fastrtps_c/multi_mode_control_msgs/msg/detail/joint_goal__type_support_c.cpp.o[0m
[6.674s] [ 69%] [32mBuilding CXX object CMakeFiles/multi_mode_control_msgs__rosidl_typesupport_fastrtps_c.dir/rosidl_typesupport_fastrtps_c/multi_mode_control_msgs/msg/detail/joint_array__type_support_c.cpp.o[0m
[6.682s] [ 69%] [32mBuilding CXX object CMakeFiles/multi_mode_control_msgs__rosidl_typesupport_fastrtps_c.dir/rosidl_typesupport_fastrtps_c/multi_mode_control_msgs/msg/detail/velocity_goal__type_support_c.cpp.o[0m
[6.690s] [ 70%] [32mBuilding CXX object CMakeFiles/multi_mode_control_msgs__rosidl_typesupport_fastrtps_c.dir/rosidl_typesupport_fastrtps_c/multi_mode_control_msgs/msg/detail/wrench__type_support_c.cpp.o[0m
[6.714s] [ 70%] [32mBuilding C object CMakeFiles/multi_mode_control_msgs__rosidl_typesupport_introspection_c.dir/rosidl_typesupport_introspection_c/multi_mode_control_msgs/srv/detail/set_reflex__type_support.c.o[0m
[6.716s] [ 70%] [32mBuilding CXX object CMakeFiles/multi_mode_control_msgs__rosidl_typesupport_fastrtps_c.dir/rosidl_typesupport_fastrtps_c/multi_mode_control_msgs/srv/detail/get_controllers__type_support_c.cpp.o[0m
[6.729s] [ 70%] [32mBuilding C object CMakeFiles/multi_mode_control_msgs__rosidl_typesupport_introspection_c.dir/rosidl_typesupport_introspection_c/multi_mode_control_msgs/srv/detail/set_world_state__type_support.c.o[0m
[6.744s] [ 71%] [32mBuilding C object CMakeFiles/multi_mode_control_msgs__rosidl_typesupport_introspection_c.dir/rosidl_typesupport_introspection_c/multi_mode_control_msgs/srv/detail/set_thresholds__type_support.c.o[0m
[6.751s] [ 71%] [32mBuilding CXX object CMakeFiles/multi_mode_control_msgs__rosidl_typesupport_fastrtps_c.dir/rosidl_typesupport_fastrtps_c/multi_mode_control_msgs/srv/detail/set_cartesian_impedance__type_support_c.cpp.o[0m
[6.751s] [ 72%] [32mBuilding CXX object CMakeFiles/multi_mode_control_msgs__rosidl_typesupport_fastrtps_c.dir/rosidl_typesupport_fastrtps_c/multi_mode_control_msgs/srv/detail/get_robot_states__type_support_c.cpp.o[0m
[6.755s] [ 73%] [32mBuilding CXX object CMakeFiles/multi_mode_control_msgs__rosidl_typesupport_fastrtps_c.dir/rosidl_typesupport_fastrtps_c/multi_mode_control_msgs/srv/detail/set_controllers__type_support_c.cpp.o[0m
[6.768s] [ 73%] [32mBuilding CXX object CMakeFiles/multi_mode_control_msgs__rosidl_typesupport_fastrtps_c.dir/rosidl_typesupport_fastrtps_c/multi_mode_control_msgs/srv/detail/set_joint_impedance__type_support_c.cpp.o[0m
[6.770s] [ 73%] [32mBuilding CXX object CMakeFiles/multi_mode_control_msgs__rosidl_typesupport_fastrtps_cpp.dir/rosidl_typesupport_fastrtps_cpp/multi_mode_control_msgs/msg/detail/dds_fastrtps/cartesian_impedance_goal__type_support.cpp.o[0m
[6.795s] [ 73%] [32m[1mLinking CXX shared library libmulti_mode_control_msgs__rosidl_typesupport_cpp.so[0m
[6.810s] [ 74%] [32mBuilding CXX object CMakeFiles/multi_mode_control_msgs__rosidl_typesupport_fastrtps_c.dir/rosidl_typesupport_fastrtps_c/multi_mode_control_msgs/srv/detail/set_recovery_mode__type_support_c.cpp.o[0m
[6.858s] [ 75%] [32mBuilding CXX object CMakeFiles/multi_mode_control_msgs__rosidl_typesupport_fastrtps_cpp.dir/rosidl_typesupport_fastrtps_cpp/multi_mode_control_msgs/msg/detail/dds_fastrtps/dual_cartesian_impedance_goal__type_support.cpp.o[0m
[6.889s] [ 75%] [32mBuilding CXX object CMakeFiles/multi_mode_control_msgs__rosidl_typesupport_fastrtps_cpp.dir/rosidl_typesupport_fastrtps_cpp/multi_mode_control_msgs/msg/detail/dds_fastrtps/contact_thresholds__type_support.cpp.o[0m
[6.894s] [ 76%] [32m[1mLinking C shared library libmulti_mode_control_msgs__rosidl_typesupport_introspection_c.so[0m
[6.954s] [ 76%] Built target multi_mode_control_msgs__rosidl_typesupport_introspection_c
[6.954s] [ 76%] Built target multi_mode_control_msgs__rosidl_typesupport_cpp
[6.964s] [ 76%] [32mBuilding CXX object CMakeFiles/multi_mode_control_msgs__rosidl_typesupport_fastrtps_c.dir/rosidl_typesupport_fastrtps_c/multi_mode_control_msgs/srv/detail/set_reflex__type_support_c.cpp.o[0m
[6.966s] [ 77%] [32mBuilding CXX object CMakeFiles/multi_mode_control_msgs__rosidl_typesupport_fastrtps_cpp.dir/rosidl_typesupport_fastrtps_cpp/multi_mode_control_msgs/msg/detail/dds_fastrtps/controller__type_support.cpp.o[0m
[7.029s] [ 78%] [32mBuilding CXX object CMakeFiles/multi_mode_control_msgs__rosidl_typesupport_fastrtps_c.dir/rosidl_typesupport_fastrtps_c/multi_mode_control_msgs/srv/detail/set_thresholds__type_support_c.cpp.o[0m
[7.104s] [ 79%] [32mBuilding CXX object CMakeFiles/multi_mode_control_msgs__rosidl_typesupport_fastrtps_c.dir/rosidl_typesupport_fastrtps_c/multi_mode_control_msgs/srv/detail/set_world_state__type_support_c.cpp.o[0m
[7.104s] [ 79%] [32mBuilding CXX object CMakeFiles/multi_mode_control_msgs__rosidl_typesupport_fastrtps_cpp.dir/rosidl_typesupport_fastrtps_cpp/multi_mode_control_msgs/msg/detail/dds_fastrtps/joint_array__type_support.cpp.o[0m
[7.215s] [ 80%] [32mBuilding CXX object CMakeFiles/multi_mode_control_msgs__rosidl_typesupport_fastrtps_cpp.dir/rosidl_typesupport_fastrtps_cpp/multi_mode_control_msgs/msg/detail/dds_fastrtps/joint_goal__type_support.cpp.o[0m
[7.234s] [ 80%] [32mBuilding CXX object CMakeFiles/multi_mode_control_msgs__rosidl_typesupport_fastrtps_cpp.dir/rosidl_typesupport_fastrtps_cpp/multi_mode_control_msgs/msg/detail/dds_fastrtps/velocity_goal__type_support.cpp.o[0m
[7.381s] [ 81%] [32mBuilding CXX object CMakeFiles/multi_mode_control_msgs__rosidl_typesupport_fastrtps_cpp.dir/rosidl_typesupport_fastrtps_cpp/multi_mode_control_msgs/msg/detail/dds_fastrtps/wrench__type_support.cpp.o[0m
[7.524s] [ 81%] [32mBuilding CXX object CMakeFiles/multi_mode_control_msgs__rosidl_typesupport_fastrtps_cpp.dir/rosidl_typesupport_fastrtps_cpp/multi_mode_control_msgs/srv/detail/dds_fastrtps/get_controllers__type_support.cpp.o[0m
[7.555s] [ 82%] [32mBuilding CXX object CMakeFiles/multi_mode_control_msgs__rosidl_typesupport_fastrtps_cpp.dir/rosidl_typesupport_fastrtps_cpp/multi_mode_control_msgs/srv/detail/dds_fastrtps/get_robot_states__type_support.cpp.o[0m
[7.630s] [ 82%] [32mBuilding CXX object CMakeFiles/multi_mode_control_msgs__rosidl_typesupport_fastrtps_cpp.dir/rosidl_typesupport_fastrtps_cpp/multi_mode_control_msgs/srv/detail/dds_fastrtps/set_cartesian_impedance__type_support.cpp.o[0m
[7.636s] [ 83%] [32mBuilding CXX object CMakeFiles/multi_mode_control_msgs__rosidl_typesupport_fastrtps_cpp.dir/rosidl_typesupport_fastrtps_cpp/multi_mode_control_msgs/srv/detail/dds_fastrtps/set_controllers__type_support.cpp.o[0m
[7.737s] [ 83%] [32m[1mLinking CXX shared library libmulti_mode_control_msgs__rosidl_typesupport_introspection_cpp.so[0m
[7.745s] [ 83%] [32mBuilding CXX object CMakeFiles/multi_mode_control_msgs__rosidl_typesupport_fastrtps_cpp.dir/rosidl_typesupport_fastrtps_cpp/multi_mode_control_msgs/srv/detail/dds_fastrtps/set_joint_impedance__type_support.cpp.o[0m
[7.754s] [ 84%] [32mBuilding CXX object CMakeFiles/multi_mode_control_msgs__rosidl_typesupport_fastrtps_cpp.dir/rosidl_typesupport_fastrtps_cpp/multi_mode_control_msgs/srv/detail/dds_fastrtps/set_recovery_mode__type_support.cpp.o[0m
[7.836s] [ 84%] [32mBuilding CXX object CMakeFiles/multi_mode_control_msgs__rosidl_typesupport_fastrtps_cpp.dir/rosidl_typesupport_fastrtps_cpp/multi_mode_control_msgs/srv/detail/dds_fastrtps/set_reflex__type_support.cpp.o[0m
[7.841s] [ 85%] [32mBuilding CXX object CMakeFiles/multi_mode_control_msgs__rosidl_typesupport_fastrtps_cpp.dir/rosidl_typesupport_fastrtps_cpp/multi_mode_control_msgs/srv/detail/dds_fastrtps/set_thresholds__type_support.cpp.o[0m
[7.878s] [ 85%] [32mBuilding CXX object CMakeFiles/multi_mode_control_msgs__rosidl_typesupport_fastrtps_cpp.dir/rosidl_typesupport_fastrtps_cpp/multi_mode_control_msgs/srv/detail/dds_fastrtps/set_world_state__type_support.cpp.o[0m
[7.984s] [ 85%] Built target multi_mode_control_msgs__rosidl_typesupport_introspection_cpp
[8.285s] [ 85%] [32m[1mLinking CXX shared library libmulti_mode_control_msgs__rosidl_typesupport_fastrtps_c.so[0m
[8.369s] [ 85%] Built target multi_mode_control_msgs__rosidl_typesupport_fastrtps_c
[8.575s] [ 86%] [32m[1mLinking CXX shared library libmulti_mode_control_msgs__rosidl_typesupport_fastrtps_cpp.so[0m
[8.653s] [ 86%] Built target multi_mode_control_msgs__rosidl_typesupport_fastrtps_cpp
[8.670s] [ 86%] Built target multi_mode_control_msgs
[8.687s] [ 87%] [34m[1mGenerating Python code for ROS interfaces[0m
[9.800s] [ 87%] Built target multi_mode_control_msgs__py
[9.819s] [ 87%] [32mBuilding C object CMakeFiles/multi_mode_control_msgs__rosidl_generator_py.dir/rosidl_generator_py/multi_mode_control_msgs/msg/_velocity_goal_s.c.o[0m
[9.819s] [ 88%] [32mBuilding C object CMakeFiles/multi_mode_control_msgs__rosidl_generator_py.dir/rosidl_generator_py/multi_mode_control_msgs/msg/_wrench_s.c.o[0m
[9.819s] [ 88%] [32mBuilding C object CMakeFiles/multi_mode_control_msgs__rosidl_generator_py.dir/rosidl_generator_py/multi_mode_control_msgs/srv/_get_controllers_s.c.o[0m
[9.820s] [ 88%] [32mBuilding C object CMakeFiles/multi_mode_control_msgs__rosidl_generator_py.dir/rosidl_generator_py/multi_mode_control_msgs/msg/_contact_thresholds_s.c.o[0m
[9.821s] [ 88%] [32mBuilding C object CMakeFiles/multi_mode_control_msgs__rosidl_generator_py.dir/rosidl_generator_py/multi_mode_control_msgs/msg/_cartesian_impedance_goal_s.c.o[0m
[9.821s] [ 89%] [32mBuilding C object CMakeFiles/multi_mode_control_msgs__rosidl_generator_py.dir/rosidl_generator_py/multi_mode_control_msgs/msg/_controller_s.c.o[0m
[9.821s] [ 90%] [32mBuilding C object CMakeFiles/multi_mode_control_msgs__rosidl_generator_py.dir/rosidl_generator_py/multi_mode_control_msgs/srv/_set_joint_impedance_s.c.o[0m
[9.822s] [ 91%] [32mBuilding C object CMakeFiles/multi_mode_control_msgs__rosidl_generator_py.dir/rosidl_generator_py/multi_mode_control_msgs/msg/_joint_array_s.c.o[0m
[9.822s] [ 91%] [32mBuilding C object CMakeFiles/multi_mode_control_msgs__rosidl_generator_py.dir/rosidl_generator_py/multi_mode_control_msgs/msg/_joint_goal_s.c.o[0m
[9.822s] [ 93%] [32mBuilding C object CMakeFiles/multi_mode_control_msgs__rosidl_generator_py.dir/rosidl_generator_py/multi_mode_control_msgs/srv/_set_cartesian_impedance_s.c.o[0m
[9.822s] [ 93%] [32mBuilding C object CMakeFiles/multi_mode_control_msgs__rosidl_generator_py.dir/rosidl_generator_py/multi_mode_control_msgs/srv/_get_robot_states_s.c.o[0m
[9.823s] [ 93%] [32mBuilding C object CMakeFiles/multi_mode_control_msgs__rosidl_generator_py.dir/rosidl_generator_py/multi_mode_control_msgs/srv/_set_recovery_mode_s.c.o[0m
[9.823s] [ 93%] [32mBuilding C object CMakeFiles/multi_mode_control_msgs__rosidl_generator_py.dir/rosidl_generator_py/multi_mode_control_msgs/srv/_set_controllers_s.c.o[0m
[9.824s] [ 94%] [32mBuilding C object CMakeFiles/multi_mode_control_msgs__rosidl_generator_py.dir/rosidl_generator_py/multi_mode_control_msgs/msg/_dual_cartesian_impedance_goal_s.c.o[0m
[9.825s] [ 95%] [32mBuilding C object CMakeFiles/multi_mode_control_msgs__rosidl_generator_py.dir/rosidl_generator_py/multi_mode_control_msgs/srv/_set_reflex_s.c.o[0m
[9.825s] [ 95%] [32mBuilding C object CMakeFiles/multi_mode_control_msgs__rosidl_generator_py.dir/rosidl_generator_py/multi_mode_control_msgs/srv/_set_thresholds_s.c.o[0m
[9.826s] [ 96%] [32mBuilding C object CMakeFiles/multi_mode_control_msgs__rosidl_generator_py.dir/rosidl_generator_py/multi_mode_control_msgs/srv/_set_world_state_s.c.o[0m
[10.112s] [ 96%] [32m[1mLinking C shared library libmulti_mode_control_msgs__rosidl_generator_py.so[0m
[10.165s] [ 96%] Built target multi_mode_control_msgs__rosidl_generator_py
[10.184s] [ 97%] [32mBuilding C object CMakeFiles/multi_mode_control_msgs_s__rosidl_typesupport_fastrtps_c.dir/rosidl_generator_py/multi_mode_control_msgs/_multi_mode_control_msgs_s.ep.rosidl_typesupport_fastrtps_c.c.o[0m
[10.184s] [ 99%] [32mBuilding C object CMakeFiles/multi_mode_control_msgs_s__rosidl_typesupport_c.dir/rosidl_generator_py/multi_mode_control_msgs/_multi_mode_control_msgs_s.ep.rosidl_typesupport_c.c.o[0m
[10.184s] [ 98%] [32mBuilding C object CMakeFiles/multi_mode_control_msgs_s__rosidl_typesupport_introspection_c.dir/rosidl_generator_py/multi_mode_control_msgs/_multi_mode_control_msgs_s.ep.rosidl_typesupport_introspection_c.c.o[0m
[10.325s] [ 99%] [32m[1mLinking C shared module rosidl_generator_py/multi_mode_control_msgs/multi_mode_control_msgs_s__rosidl_typesupport_c.so[0m
[10.325s] [ 99%] [32m[1mLinking C shared module rosidl_generator_py/multi_mode_control_msgs/multi_mode_control_msgs_s__rosidl_typesupport_fastrtps_c.so[0m
[10.328s] [100%] [32m[1mLinking C shared module rosidl_generator_py/multi_mode_control_msgs/multi_mode_control_msgs_s__rosidl_typesupport_introspection_c.so[0m
[10.353s] [100%] Built target multi_mode_control_msgs_s__rosidl_typesupport_c
[10.359s] [100%] Built target multi_mode_control_msgs_s__rosidl_typesupport_introspection_c
[10.359s] [100%] Built target multi_mode_control_msgs_s__rosidl_typesupport_fastrtps_c
