[0.009s] Invoking command in '/home/herring/rzddzy/build/mujoco_ros': AMENT_PREFIX_PATH=/home/herring/rzddzy/install/mujoco_ros_msgs:${AMENT_PREFIX_PATH} CMAKE_PREFIX_PATH=/home/herring/rzddzy/install/mujoco_ros_msgs:/home/herring/rzddzy/install/franka_description:/home/herring/rzddzy/ros2_ws/install/panda_motion_generators:/home/herring/rzddzy/ros2_ws/install/panda_motion_generator_msgs:/home/herring/rzddzy/ros2_ws/install/franka_bringup:/home/herring/rzddzy/ros2_ws/install/multi_mode_controller_impl:/home/herring/rzddzy/ros2_ws/install/multi_mode_controller:/home/herring/rzddzy/ros2_ws/install/franka_example_controllers:/home/herring/rzddzy/ros2_ws/install/multi_mode_control_msgs:/home/herring/rzddzy/ros2_ws/install/mujoco_ros_pkgs:/home/herring/rzddzy/ros2_ws/install/mujoco_ros2_sensors:/home/herring/rzddzy/ros2_ws/install/mujoco_ros2_dummy_plugin:/home/herring/rzddzy/ros2_ws/install/mujoco_ros2_control_system:/home/herring/rzddzy/ros2_ws/install/franka_robot_state_broadcaster:/home/herring/rzddzy/ros2_ws/install/franka_semantic_components:/home/herring/rzddzy/ros2_ws/install/franka_hardware:/home/herring/rzddzy/ros2_ws/install/mujoco_ros2_control:/home/herring/rzddzy/ros2_ws/install/mujoco_ros:/home/herring/rzddzy/ros2_ws/install/mujoco_ros_msgs:/home/herring/rzddzy/ros2_ws/install/franka_msgs:/home/herring/rzddzy/ros2_ws/install/franka_description:/home/herring/rzddzy/ros2_ws/install/controller:/home/herring/rzddzy/ros2_ws/install/cplus_dev:/opt/ros/jazzy/opt/sdformat_vendor:/opt/ros/jazzy/opt/gz_math_vendor:/opt/ros/jazzy/opt/gz_utils_vendor:/opt/ros/jazzy/opt/gz_tools_vendor:/opt/ros/jazzy/opt/gz_cmake_vendor:/opt/ros/jazzy DEBUGINFOD_URLS=https://debuginfod.ubuntu.com LD_LIBRARY_PATH=/home/herring/rzddzy/install/mujoco_ros_msgs/lib:${LD_LIBRARY_PATH} PYTHONPATH=/home/herring/rzddzy/install/mujoco_ros_msgs/lib/python3.12/site-packages:${PYTHONPATH} /usr/bin/cmake --build /home/herring/rzddzy/build/mujoco_ros -- -j28 -l28
[0.053s] [  4%] [34m[1mGenerating include/mujoco_ros/render_backend.hpp, always_rebuild_backend[0m
[0.059s] [  8%] [34m[1mGenerating include/mujoco_ros/ros_version.hpp, always_rebuild_ros[0m
[0.059s] [ 13%] Built target lodepng
[0.080s] [ 26%] [34m[1mGenerating render backend header[0m
[0.080s] [ 30%] Built target platform_ui_adapter
[0.080s] [ 34%] [34m[1mGenerating ROS version header[0m
[0.089s] [ 34%] Built target render_backend_h
[0.089s] [ 34%] Built target ros_version_h
[0.154s] [ 39%] [32mBuilding CXX object src/CMakeFiles/mujoco_ros.dir/main.cpp.o[0m
[0.157s] [ 43%] [32mBuilding CXX object src/CMakeFiles/mujoco_ros.dir/ros_two/parameter_interface.cpp.o[0m
[0.158s] [ 47%] [32mBuilding CXX object src/CMakeFiles/mujoco_ros.dir/mujoco_env.cpp.o[0m
[0.158s] [ 52%] [32mBuilding CXX object src/CMakeFiles/mujoco_ros.dir/physics.cpp.o[0m
[0.159s] [ 56%] [32mBuilding CXX object src/CMakeFiles/mujoco_ros.dir/ros_two/ros_api.cpp.o[0m
[0.160s] [ 60%] [32mBuilding CXX object src/CMakeFiles/mujoco_ros.dir/ros_two/plugin_utils.cpp.o[0m
[0.161s] [ 69%] [32mBuilding CXX object src/CMakeFiles/mujoco_ros.dir/threading.cpp.o[0m
[0.161s] [ 69%] [32mBuilding CXX object src/CMakeFiles/mujoco_ros.dir/loading.cpp.o[0m
[0.162s] [ 73%] [32mBuilding CXX object src/CMakeFiles/mujoco_ros.dir/offscreen_camera.cpp.o[0m
[0.162s] [ 78%] [32mBuilding CXX object src/CMakeFiles/mujoco_ros.dir/interface.cpp.o[0m
[0.163s] [ 82%] [32mBuilding CXX object src/CMakeFiles/mujoco_ros.dir/offscreen_rendering.cpp.o[0m
[0.164s] [ 86%] [32mBuilding CXX object src/CMakeFiles/mujoco_ros.dir/viewer.cpp.o[0m
[15.584s] [ 91%] [32m[1mLinking CXX shared library libmujoco_ros.so[0m
[15.687s] [ 91%] Built target mujoco_ros
[15.726s] [ 95%] [32mBuilding CXX object src/CMakeFiles/mujoco_node.dir/main.cpp.o[0m
[18.792s] [100%] [32m[1mLinking CXX executable mujoco_node[0m
[18.857s] [100%] Built target mujoco_node
[18.865s] Invoked command in '/home/herring/rzddzy/build/mujoco_ros' returned '0': AMENT_PREFIX_PATH=/home/herring/rzddzy/install/mujoco_ros_msgs:${AMENT_PREFIX_PATH} CMAKE_PREFIX_PATH=/home/herring/rzddzy/install/mujoco_ros_msgs:/home/herring/rzddzy/install/franka_description:/home/herring/rzddzy/ros2_ws/install/panda_motion_generators:/home/herring/rzddzy/ros2_ws/install/panda_motion_generator_msgs:/home/herring/rzddzy/ros2_ws/install/franka_bringup:/home/herring/rzddzy/ros2_ws/install/multi_mode_controller_impl:/home/herring/rzddzy/ros2_ws/install/multi_mode_controller:/home/herring/rzddzy/ros2_ws/install/franka_example_controllers:/home/herring/rzddzy/ros2_ws/install/multi_mode_control_msgs:/home/herring/rzddzy/ros2_ws/install/mujoco_ros_pkgs:/home/herring/rzddzy/ros2_ws/install/mujoco_ros2_sensors:/home/herring/rzddzy/ros2_ws/install/mujoco_ros2_dummy_plugin:/home/herring/rzddzy/ros2_ws/install/mujoco_ros2_control_system:/home/herring/rzddzy/ros2_ws/install/franka_robot_state_broadcaster:/home/herring/rzddzy/ros2_ws/install/franka_semantic_components:/home/herring/rzddzy/ros2_ws/install/franka_hardware:/home/herring/rzddzy/ros2_ws/install/mujoco_ros2_control:/home/herring/rzddzy/ros2_ws/install/mujoco_ros:/home/herring/rzddzy/ros2_ws/install/mujoco_ros_msgs:/home/herring/rzddzy/ros2_ws/install/franka_msgs:/home/herring/rzddzy/ros2_ws/install/franka_description:/home/herring/rzddzy/ros2_ws/install/controller:/home/herring/rzddzy/ros2_ws/install/cplus_dev:/opt/ros/jazzy/opt/sdformat_vendor:/opt/ros/jazzy/opt/gz_math_vendor:/opt/ros/jazzy/opt/gz_utils_vendor:/opt/ros/jazzy/opt/gz_tools_vendor:/opt/ros/jazzy/opt/gz_cmake_vendor:/opt/ros/jazzy DEBUGINFOD_URLS=https://debuginfod.ubuntu.com LD_LIBRARY_PATH=/home/herring/rzddzy/install/mujoco_ros_msgs/lib:${LD_LIBRARY_PATH} PYTHONPATH=/home/herring/rzddzy/install/mujoco_ros_msgs/lib/python3.12/site-packages:${PYTHONPATH} /usr/bin/cmake --build /home/herring/rzddzy/build/mujoco_ros -- -j28 -l28
[18.866s] Invoking command in '/home/herring/rzddzy/build/mujoco_ros': AMENT_PREFIX_PATH=/home/herring/rzddzy/install/mujoco_ros_msgs:${AMENT_PREFIX_PATH} CMAKE_PREFIX_PATH=/home/herring/rzddzy/install/mujoco_ros_msgs:/home/herring/rzddzy/install/franka_description:/home/herring/rzddzy/ros2_ws/install/panda_motion_generators:/home/herring/rzddzy/ros2_ws/install/panda_motion_generator_msgs:/home/herring/rzddzy/ros2_ws/install/franka_bringup:/home/herring/rzddzy/ros2_ws/install/multi_mode_controller_impl:/home/herring/rzddzy/ros2_ws/install/multi_mode_controller:/home/herring/rzddzy/ros2_ws/install/franka_example_controllers:/home/herring/rzddzy/ros2_ws/install/multi_mode_control_msgs:/home/herring/rzddzy/ros2_ws/install/mujoco_ros_pkgs:/home/herring/rzddzy/ros2_ws/install/mujoco_ros2_sensors:/home/herring/rzddzy/ros2_ws/install/mujoco_ros2_dummy_plugin:/home/herring/rzddzy/ros2_ws/install/mujoco_ros2_control_system:/home/herring/rzddzy/ros2_ws/install/franka_robot_state_broadcaster:/home/herring/rzddzy/ros2_ws/install/franka_semantic_components:/home/herring/rzddzy/ros2_ws/install/franka_hardware:/home/herring/rzddzy/ros2_ws/install/mujoco_ros2_control:/home/herring/rzddzy/ros2_ws/install/mujoco_ros:/home/herring/rzddzy/ros2_ws/install/mujoco_ros_msgs:/home/herring/rzddzy/ros2_ws/install/franka_msgs:/home/herring/rzddzy/ros2_ws/install/franka_description:/home/herring/rzddzy/ros2_ws/install/controller:/home/herring/rzddzy/ros2_ws/install/cplus_dev:/opt/ros/jazzy/opt/sdformat_vendor:/opt/ros/jazzy/opt/gz_math_vendor:/opt/ros/jazzy/opt/gz_utils_vendor:/opt/ros/jazzy/opt/gz_tools_vendor:/opt/ros/jazzy/opt/gz_cmake_vendor:/opt/ros/jazzy DEBUGINFOD_URLS=https://debuginfod.ubuntu.com LD_LIBRARY_PATH=/home/herring/rzddzy/install/mujoco_ros_msgs/lib:${LD_LIBRARY_PATH} PYTHONPATH=/home/herring/rzddzy/install/mujoco_ros_msgs/lib/python3.12/site-packages:${PYTHONPATH} /usr/bin/cmake --install /home/herring/rzddzy/build/mujoco_ros
[18.874s] -- Install configuration: "Release"
[18.875s] -- Execute custom install script
[18.875s] -- Up-to-date symlink: /home/herring/rzddzy/install/mujoco_ros/include/mujoco_ros/render_backend.hpp
[18.875s] -- Up-to-date symlink: /home/herring/rzddzy/install/mujoco_ros/include/mujoco_ros/ros_version.hpp
[18.875s] -- Up-to-date symlink: /home/herring/rzddzy/install/mujoco_ros/include//mujoco_ros/array_safety.h
[18.875s] -- Up-to-date symlink: /home/herring/rzddzy/install/mujoco_ros/include//mujoco_ros/common_types.hpp
[18.875s] -- Up-to-date symlink: /home/herring/rzddzy/install/mujoco_ros/include//mujoco_ros/glfw_adapter.h
[18.876s] -- Up-to-date symlink: /home/herring/rzddzy/install/mujoco_ros/include//mujoco_ros/glfw_dispatch.h
[18.876s] -- Up-to-date symlink: /home/herring/rzddzy/install/mujoco_ros/include//mujoco_ros/lodepng.h
[18.876s] -- Up-to-date symlink: /home/herring/rzddzy/install/mujoco_ros/include//mujoco_ros/logging.hpp
[18.876s] -- Up-to-date symlink: /home/herring/rzddzy/install/mujoco_ros/include//mujoco_ros/mujoco_env.hpp
[18.876s] -- Up-to-date symlink: /home/herring/rzddzy/install/mujoco_ros/include//mujoco_ros/offscreen_camera.hpp
[18.876s] -- Up-to-date symlink: /home/herring/rzddzy/install/mujoco_ros/include//mujoco_ros/platform_ui_adapter.h
[18.876s] -- Up-to-date symlink: /home/herring/rzddzy/install/mujoco_ros/include//mujoco_ros/ros_one/plugin_utils.hpp
[18.876s] -- Up-to-date symlink: /home/herring/rzddzy/install/mujoco_ros/include//mujoco_ros/ros_one/ros_api.hpp
[18.876s] -- Up-to-date symlink: /home/herring/rzddzy/install/mujoco_ros/include//mujoco_ros/ros_two/plugin_utils.hpp
[18.876s] -- Up-to-date symlink: /home/herring/rzddzy/install/mujoco_ros/include//mujoco_ros/ros_two/ros_api.hpp
[18.876s] -- Up-to-date symlink: /home/herring/rzddzy/install/mujoco_ros/include//mujoco_ros/util.hpp
[18.877s] -- Up-to-date symlink: /home/herring/rzddzy/install/mujoco_ros/include//mujoco_ros/viewer.hpp
[18.877s] -- Up-to-date symlink: /home/herring/rzddzy/install/mujoco_ros/share/mujoco_ros/launch/launch_server.launch
[18.877s] -- Up-to-date symlink: /home/herring/rzddzy/install/mujoco_ros/share/mujoco_ros/config/initial_joint_states.yaml
[18.877s] -- Up-to-date symlink: /home/herring/rzddzy/install/mujoco_ros/share/mujoco_ros/config/rosconsole.config
[18.877s] -- Up-to-date symlink: /home/herring/rzddzy/install/mujoco_ros/share/mujoco_ros/assets/pendulum_world.xml
[18.878s] -- Up-to-date symlink: /home/herring/rzddzy/install/mujoco_ros/lib/mujoco_ros/mujoco_node
[18.878s] -- Up-to-date symlink: /home/herring/rzddzy/install/mujoco_ros/share/ament_index/resource_index/package_run_dependencies/mujoco_ros
[18.878s] -- Up-to-date symlink: /home/herring/rzddzy/install/mujoco_ros/share/ament_index/resource_index/parent_prefix_path/mujoco_ros
[18.878s] -- Up-to-date symlink: /home/herring/rzddzy/install/mujoco_ros/share/mujoco_ros/environment/ament_prefix_path.sh
[18.878s] -- Up-to-date symlink: /home/herring/rzddzy/install/mujoco_ros/share/mujoco_ros/environment/ament_prefix_path.dsv
[18.878s] -- Up-to-date symlink: /home/herring/rzddzy/install/mujoco_ros/share/mujoco_ros/environment/path.sh
[18.878s] -- Up-to-date symlink: /home/herring/rzddzy/install/mujoco_ros/share/mujoco_ros/environment/path.dsv
[18.878s] -- Up-to-date symlink: /home/herring/rzddzy/install/mujoco_ros/share/mujoco_ros/local_setup.bash
[18.879s] -- Up-to-date symlink: /home/herring/rzddzy/install/mujoco_ros/share/mujoco_ros/local_setup.sh
[18.879s] -- Up-to-date symlink: /home/herring/rzddzy/install/mujoco_ros/share/mujoco_ros/local_setup.zsh
[18.879s] -- Up-to-date symlink: /home/herring/rzddzy/install/mujoco_ros/share/mujoco_ros/local_setup.dsv
[18.879s] -- Symlinking: /home/herring/rzddzy/install/mujoco_ros/share/mujoco_ros/package.dsv
[18.889s] -- Up-to-date symlink: /home/herring/rzddzy/install/mujoco_ros/share/ament_index/resource_index/packages/mujoco_ros
[18.889s] -- Up-to-date symlink: /home/herring/rzddzy/install/mujoco_ros/share/mujoco_ros/cmake/ament_cmake_export_include_directories-extras.cmake
[18.889s] -- Up-to-date symlink: /home/herring/rzddzy/install/mujoco_ros/share/mujoco_ros/cmake/ament_cmake_export_dependencies-extras.cmake
[18.889s] -- Up-to-date symlink: /home/herring/rzddzy/install/mujoco_ros/share/mujoco_ros/cmake/mujoco_rosConfig.cmake
[18.889s] -- Up-to-date symlink: /home/herring/rzddzy/install/mujoco_ros/share/mujoco_ros/cmake/mujoco_rosConfig-version.cmake
[18.889s] -- Up-to-date symlink: /home/herring/rzddzy/install/mujoco_ros/share/mujoco_ros/package.xml
[18.890s] -- Installing: /home/herring/rzddzy/install/mujoco_ros/lib/libmujoco_ros.so
[18.892s] -- Set non-toolchain portion of runtime path of "/home/herring/rzddzy/install/mujoco_ros/lib/libmujoco_ros.so" to ""
[18.893s] Invoked command in '/home/herring/rzddzy/build/mujoco_ros' returned '0': AMENT_PREFIX_PATH=/home/herring/rzddzy/install/mujoco_ros_msgs:${AMENT_PREFIX_PATH} CMAKE_PREFIX_PATH=/home/herring/rzddzy/install/mujoco_ros_msgs:/home/herring/rzddzy/install/franka_description:/home/herring/rzddzy/ros2_ws/install/panda_motion_generators:/home/herring/rzddzy/ros2_ws/install/panda_motion_generator_msgs:/home/herring/rzddzy/ros2_ws/install/franka_bringup:/home/herring/rzddzy/ros2_ws/install/multi_mode_controller_impl:/home/herring/rzddzy/ros2_ws/install/multi_mode_controller:/home/herring/rzddzy/ros2_ws/install/franka_example_controllers:/home/herring/rzddzy/ros2_ws/install/multi_mode_control_msgs:/home/herring/rzddzy/ros2_ws/install/mujoco_ros_pkgs:/home/herring/rzddzy/ros2_ws/install/mujoco_ros2_sensors:/home/herring/rzddzy/ros2_ws/install/mujoco_ros2_dummy_plugin:/home/herring/rzddzy/ros2_ws/install/mujoco_ros2_control_system:/home/herring/rzddzy/ros2_ws/install/franka_robot_state_broadcaster:/home/herring/rzddzy/ros2_ws/install/franka_semantic_components:/home/herring/rzddzy/ros2_ws/install/franka_hardware:/home/herring/rzddzy/ros2_ws/install/mujoco_ros2_control:/home/herring/rzddzy/ros2_ws/install/mujoco_ros:/home/herring/rzddzy/ros2_ws/install/mujoco_ros_msgs:/home/herring/rzddzy/ros2_ws/install/franka_msgs:/home/herring/rzddzy/ros2_ws/install/franka_description:/home/herring/rzddzy/ros2_ws/install/controller:/home/herring/rzddzy/ros2_ws/install/cplus_dev:/opt/ros/jazzy/opt/sdformat_vendor:/opt/ros/jazzy/opt/gz_math_vendor:/opt/ros/jazzy/opt/gz_utils_vendor:/opt/ros/jazzy/opt/gz_tools_vendor:/opt/ros/jazzy/opt/gz_cmake_vendor:/opt/ros/jazzy DEBUGINFOD_URLS=https://debuginfod.ubuntu.com LD_LIBRARY_PATH=/home/herring/rzddzy/install/mujoco_ros_msgs/lib:${LD_LIBRARY_PATH} PYTHONPATH=/home/herring/rzddzy/install/mujoco_ros_msgs/lib/python3.12/site-packages:${PYTHONPATH} /usr/bin/cmake --install /home/herring/rzddzy/build/mujoco_ros
