[0.027s] Invoking command in '/home/herring/rzddzy/ros2_ws/build/franka_example_controllers': AMENT_PREFIX_PATH=/home/herring/rzddzy/ros2_ws/install/franka_semantic_components:/home/herring/rzddzy/ros2_ws/install/franka_hardware:/home/herring/rzddzy/ros2_ws/install/mujoco_ros2_control:/home/herring/rzddzy/ros2_ws/install/multi_mode_control_msgs:/home/herring/rzddzy/ros2_ws/install/mujoco_ros:/home/herring/rzddzy/ros2_ws/install/mujoco_ros_msgs:/home/herring/rzddzy/ros2_ws/install/franka_msgs:${AMENT_PREFIX_PATH} CMAKE_PREFIX_PATH=/home/herring/rzddzy/ros2_ws/install/franka_semantic_components:/home/herring/rzddzy/ros2_ws/install/franka_hardware:/home/herring/rzddzy/ros2_ws/install/mujoco_ros2_control:/home/herring/rzddzy/ros2_ws/install/multi_mode_control_msgs:/home/herring/rzddzy/ros2_ws/install/mujoco_ros:/home/herring/rzddzy/ros2_ws/install/mujoco_ros_msgs:/home/herring/rzddzy/ros2_ws/install/franka_msgs:/opt/ros/jazzy/opt/sdformat_vendor:/opt/ros/jazzy/opt/gz_math_vendor:/opt/ros/jazzy/opt/gz_utils_vendor:/opt/ros/jazzy/opt/gz_tools_vendor:/opt/ros/jazzy/opt/gz_cmake_vendor:/opt/ros/jazzy DEBUGINFOD_URLS=https://debuginfod.ubuntu.com LD_LIBRARY_PATH=/home/herring/rzddzy/ros2_ws/install/franka_semantic_components/lib:/home/herring/rzddzy/ros2_ws/install/franka_hardware/lib:/home/herring/rzddzy/ros2_ws/install/mujoco_ros2_control/lib:/home/herring/rzddzy/ros2_ws/install/multi_mode_control_msgs/lib:/home/herring/rzddzy/ros2_ws/install/mujoco_ros/lib:/home/herring/rzddzy/ros2_ws/install/mujoco_ros_msgs/lib:/home/herring/rzddzy/ros2_ws/install/franka_msgs/lib:${LD_LIBRARY_PATH} PYTHONPATH=/home/herring/rzddzy/ros2_ws/install/multi_mode_control_msgs/lib/python3.12/site-packages:/home/herring/rzddzy/ros2_ws/install/mujoco_ros_msgs/lib/python3.12/site-packages:/home/herring/rzddzy/ros2_ws/install/franka_msgs/lib/python3.12/site-packages:${PYTHONPATH} /usr/bin/cmake /home/herring/rzddzy/ros2_ws/src/franka_example_controllers -DAMENT_CMAKE_SYMLINK_INSTALL=1 -DCMAKE_INSTALL_PREFIX=/home/herring/rzddzy/ros2_ws/install/franka_example_controllers
[0.040s] -- Found ament_cmake: 2.5.5 (/opt/ros/jazzy/share/ament_cmake/cmake)
[0.268s] -- Override CMake install command with custom implementation using symlinks instead of copying resources
[0.276s] -- Found rclcpp: 28.1.16 (/opt/ros/jazzy/share/rclcpp/cmake)
[0.308s] -- Found rosidl_generator_c: 4.6.7 (/opt/ros/jazzy/share/rosidl_generator_c/cmake)
[0.319s] -- Found rosidl_generator_cpp: 4.6.7 (/opt/ros/jazzy/share/rosidl_generator_cpp/cmake)
[0.330s] -- Using all available rosidl_typesupport_c: rosidl_typesupport_fastrtps_c;rosidl_typesupport_introspection_c
[0.340s] -- Using all available rosidl_typesupport_cpp: rosidl_typesupport_fastrtps_cpp;rosidl_typesupport_introspection_cpp
[0.389s] -- Found rmw_implementation_cmake: 7.3.3 (/opt/ros/jazzy/share/rmw_implementation_cmake/cmake)
[0.390s] -- Found rmw_fastrtps_cpp: 8.4.3 (/opt/ros/jazzy/share/rmw_fastrtps_cpp/cmake)
[0.457s] -- Using RMW implementation 'rmw_fastrtps_cpp' as default
[0.503s] -- Found controller_interface: 4.42.2 (/opt/ros/jazzy/share/controller_interface/cmake)
[0.680s] -- Found franka_semantic_components: 0.0.0 (/home/herring/rzddzy/ros2_ws/install/franka_semantic_components/share/franka_semantic_components/cmake)
[0.816s] -- Setting yaml-cpp_DIR to: '/opt/ros/jazzy/share/yaml_cpp_vendor/cmake/../../../opt/yaml_cpp_vendor/share/cmake/yaml-cpp'
[0.824s] -- Found eigen3_cmake_module: 0.3.0 (/opt/ros/jazzy/share/eigen3_cmake_module/cmake)
[0.825s] -- Ensuring Eigen3 include directory is part of orocos-kdl CMake target
[0.828s] [0mCMake Deprecation Warning at /opt/ros/jazzy/share/actionlib_msgs/cmake/actionlib_msgsConfig.cmake:31 (message):
[0.829s]   Package 'actionlib_msgs' is deprecated (This package will be removed in a
[0.829s]   future ROS distro, once the ROS 1 bridge supports actions.)
[0.829s] Call Stack (most recent call first):
[0.829s]   /home/herring/rzddzy/ros2_ws/install/mujoco_ros_msgs/share/mujoco_ros_msgs/cmake/ament_cmake_export_dependencies-extras.cmake:21 (find_package)
[0.829s]   /home/herring/rzddzy/ros2_ws/install/mujoco_ros_msgs/share/mujoco_ros_msgs/cmake/mujoco_ros_msgsConfig.cmake:41 (include)
[0.829s]   /home/herring/rzddzy/ros2_ws/install/mujoco_ros/share/mujoco_ros/cmake/ament_cmake_export_dependencies-extras.cmake:21 (find_package)
[0.829s]   /home/herring/rzddzy/ros2_ws/install/mujoco_ros/share/mujoco_ros/cmake/mujoco_rosConfig.cmake:41 (include)
[0.829s]   /home/herring/rzddzy/ros2_ws/install/mujoco_ros2_control/share/mujoco_ros2_control/cmake/ament_cmake_export_dependencies-extras.cmake:21 (find_package)
[0.829s]   /home/herring/rzddzy/ros2_ws/install/mujoco_ros2_control/share/mujoco_ros2_control/cmake/mujoco_ros2_controlConfig.cmake:41 (include)
[0.829s]   /home/herring/rzddzy/ros2_ws/install/franka_hardware/share/franka_hardware/cmake/ament_cmake_export_dependencies-extras.cmake:21 (find_package)
[0.829s]   /home/herring/rzddzy/ros2_ws/install/franka_hardware/share/franka_hardware/cmake/franka_hardwareConfig.cmake:41 (include)
[0.830s]   /home/herring/rzddzy/ros2_ws/install/franka_semantic_components/share/franka_semantic_components/cmake/ament_cmake_export_dependencies-extras.cmake:21 (find_package)
[0.830s]   /home/herring/rzddzy/ros2_ws/install/franka_semantic_components/share/franka_semantic_components/cmake/franka_semantic_componentsConfig.cmake:41 (include)
[0.830s]   CMakeLists.txt:22 (find_package)
[0.830s] 
[0.830s] [0m
[0.963s] -- Found multi_mode_control_msgs: 0.0.0 (/home/herring/rzddzy/ros2_ws/install/multi_mode_control_msgs/share/multi_mode_control_msgs/cmake)
[1.114s] -- Configuring done (1.1s)
[1.158s] -- Generating done (0.0s)
[1.163s] -- Build files have been written to: /home/herring/rzddzy/ros2_ws/build/franka_example_controllers
[1.173s] Invoked command in '/home/herring/rzddzy/ros2_ws/build/franka_example_controllers' returned '0': AMENT_PREFIX_PATH=/home/herring/rzddzy/ros2_ws/install/franka_semantic_components:/home/herring/rzddzy/ros2_ws/install/franka_hardware:/home/herring/rzddzy/ros2_ws/install/mujoco_ros2_control:/home/herring/rzddzy/ros2_ws/install/multi_mode_control_msgs:/home/herring/rzddzy/ros2_ws/install/mujoco_ros:/home/herring/rzddzy/ros2_ws/install/mujoco_ros_msgs:/home/herring/rzddzy/ros2_ws/install/franka_msgs:${AMENT_PREFIX_PATH} CMAKE_PREFIX_PATH=/home/herring/rzddzy/ros2_ws/install/franka_semantic_components:/home/herring/rzddzy/ros2_ws/install/franka_hardware:/home/herring/rzddzy/ros2_ws/install/mujoco_ros2_control:/home/herring/rzddzy/ros2_ws/install/multi_mode_control_msgs:/home/herring/rzddzy/ros2_ws/install/mujoco_ros:/home/herring/rzddzy/ros2_ws/install/mujoco_ros_msgs:/home/herring/rzddzy/ros2_ws/install/franka_msgs:/opt/ros/jazzy/opt/sdformat_vendor:/opt/ros/jazzy/opt/gz_math_vendor:/opt/ros/jazzy/opt/gz_utils_vendor:/opt/ros/jazzy/opt/gz_tools_vendor:/opt/ros/jazzy/opt/gz_cmake_vendor:/opt/ros/jazzy DEBUGINFOD_URLS=https://debuginfod.ubuntu.com LD_LIBRARY_PATH=/home/herring/rzddzy/ros2_ws/install/franka_semantic_components/lib:/home/herring/rzddzy/ros2_ws/install/franka_hardware/lib:/home/herring/rzddzy/ros2_ws/install/mujoco_ros2_control/lib:/home/herring/rzddzy/ros2_ws/install/multi_mode_control_msgs/lib:/home/herring/rzddzy/ros2_ws/install/mujoco_ros/lib:/home/herring/rzddzy/ros2_ws/install/mujoco_ros_msgs/lib:/home/herring/rzddzy/ros2_ws/install/franka_msgs/lib:${LD_LIBRARY_PATH} PYTHONPATH=/home/herring/rzddzy/ros2_ws/install/multi_mode_control_msgs/lib/python3.12/site-packages:/home/herring/rzddzy/ros2_ws/install/mujoco_ros_msgs/lib/python3.12/site-packages:/home/herring/rzddzy/ros2_ws/install/franka_msgs/lib/python3.12/site-packages:${PYTHONPATH} /usr/bin/cmake /home/herring/rzddzy/ros2_ws/src/franka_example_controllers -DAMENT_CMAKE_SYMLINK_INSTALL=1 -DCMAKE_INSTALL_PREFIX=/home/herring/rzddzy/ros2_ws/install/franka_example_controllers
[1.174s] Invoking command in '/home/herring/rzddzy/ros2_ws/build/franka_example_controllers': AMENT_PREFIX_PATH=/home/herring/rzddzy/ros2_ws/install/franka_semantic_components:/home/herring/rzddzy/ros2_ws/install/franka_hardware:/home/herring/rzddzy/ros2_ws/install/mujoco_ros2_control:/home/herring/rzddzy/ros2_ws/install/multi_mode_control_msgs:/home/herring/rzddzy/ros2_ws/install/mujoco_ros:/home/herring/rzddzy/ros2_ws/install/mujoco_ros_msgs:/home/herring/rzddzy/ros2_ws/install/franka_msgs:${AMENT_PREFIX_PATH} CMAKE_PREFIX_PATH=/home/herring/rzddzy/ros2_ws/install/franka_semantic_components:/home/herring/rzddzy/ros2_ws/install/franka_hardware:/home/herring/rzddzy/ros2_ws/install/mujoco_ros2_control:/home/herring/rzddzy/ros2_ws/install/multi_mode_control_msgs:/home/herring/rzddzy/ros2_ws/install/mujoco_ros:/home/herring/rzddzy/ros2_ws/install/mujoco_ros_msgs:/home/herring/rzddzy/ros2_ws/install/franka_msgs:/opt/ros/jazzy/opt/sdformat_vendor:/opt/ros/jazzy/opt/gz_math_vendor:/opt/ros/jazzy/opt/gz_utils_vendor:/opt/ros/jazzy/opt/gz_tools_vendor:/opt/ros/jazzy/opt/gz_cmake_vendor:/opt/ros/jazzy DEBUGINFOD_URLS=https://debuginfod.ubuntu.com LD_LIBRARY_PATH=/home/herring/rzddzy/ros2_ws/install/franka_semantic_components/lib:/home/herring/rzddzy/ros2_ws/install/franka_hardware/lib:/home/herring/rzddzy/ros2_ws/install/mujoco_ros2_control/lib:/home/herring/rzddzy/ros2_ws/install/multi_mode_control_msgs/lib:/home/herring/rzddzy/ros2_ws/install/mujoco_ros/lib:/home/herring/rzddzy/ros2_ws/install/mujoco_ros_msgs/lib:/home/herring/rzddzy/ros2_ws/install/franka_msgs/lib:${LD_LIBRARY_PATH} PYTHONPATH=/home/herring/rzddzy/ros2_ws/install/multi_mode_control_msgs/lib/python3.12/site-packages:/home/herring/rzddzy/ros2_ws/install/mujoco_ros_msgs/lib/python3.12/site-packages:/home/herring/rzddzy/ros2_ws/install/franka_msgs/lib/python3.12/site-packages:${PYTHONPATH} /usr/bin/cmake --build /home/herring/rzddzy/ros2_ws/build/franka_example_controllers -- -j28 -l28
[1.240s] [ 12%] Built target franka_example_controllers_parameters
[1.297s] [ 18%] [32m[1mLinking CXX shared library libfranka_example_controllers.so[0m
[2.493s] [100%] Built target franka_example_controllers
[2.504s] Invoked command in '/home/herring/rzddzy/ros2_ws/build/franka_example_controllers' returned '0': AMENT_PREFIX_PATH=/home/herring/rzddzy/ros2_ws/install/franka_semantic_components:/home/herring/rzddzy/ros2_ws/install/franka_hardware:/home/herring/rzddzy/ros2_ws/install/mujoco_ros2_control:/home/herring/rzddzy/ros2_ws/install/multi_mode_control_msgs:/home/herring/rzddzy/ros2_ws/install/mujoco_ros:/home/herring/rzddzy/ros2_ws/install/mujoco_ros_msgs:/home/herring/rzddzy/ros2_ws/install/franka_msgs:${AMENT_PREFIX_PATH} CMAKE_PREFIX_PATH=/home/herring/rzddzy/ros2_ws/install/franka_semantic_components:/home/herring/rzddzy/ros2_ws/install/franka_hardware:/home/herring/rzddzy/ros2_ws/install/mujoco_ros2_control:/home/herring/rzddzy/ros2_ws/install/multi_mode_control_msgs:/home/herring/rzddzy/ros2_ws/install/mujoco_ros:/home/herring/rzddzy/ros2_ws/install/mujoco_ros_msgs:/home/herring/rzddzy/ros2_ws/install/franka_msgs:/opt/ros/jazzy/opt/sdformat_vendor:/opt/ros/jazzy/opt/gz_math_vendor:/opt/ros/jazzy/opt/gz_utils_vendor:/opt/ros/jazzy/opt/gz_tools_vendor:/opt/ros/jazzy/opt/gz_cmake_vendor:/opt/ros/jazzy DEBUGINFOD_URLS=https://debuginfod.ubuntu.com LD_LIBRARY_PATH=/home/herring/rzddzy/ros2_ws/install/franka_semantic_components/lib:/home/herring/rzddzy/ros2_ws/install/franka_hardware/lib:/home/herring/rzddzy/ros2_ws/install/mujoco_ros2_control/lib:/home/herring/rzddzy/ros2_ws/install/multi_mode_control_msgs/lib:/home/herring/rzddzy/ros2_ws/install/mujoco_ros/lib:/home/herring/rzddzy/ros2_ws/install/mujoco_ros_msgs/lib:/home/herring/rzddzy/ros2_ws/install/franka_msgs/lib:${LD_LIBRARY_PATH} PYTHONPATH=/home/herring/rzddzy/ros2_ws/install/multi_mode_control_msgs/lib/python3.12/site-packages:/home/herring/rzddzy/ros2_ws/install/mujoco_ros_msgs/lib/python3.12/site-packages:/home/herring/rzddzy/ros2_ws/install/franka_msgs/lib/python3.12/site-packages:${PYTHONPATH} /usr/bin/cmake --build /home/herring/rzddzy/ros2_ws/build/franka_example_controllers -- -j28 -l28
[2.506s] Invoking command in '/home/herring/rzddzy/ros2_ws/build/franka_example_controllers': AMENT_PREFIX_PATH=/home/herring/rzddzy/ros2_ws/install/franka_semantic_components:/home/herring/rzddzy/ros2_ws/install/franka_hardware:/home/herring/rzddzy/ros2_ws/install/mujoco_ros2_control:/home/herring/rzddzy/ros2_ws/install/multi_mode_control_msgs:/home/herring/rzddzy/ros2_ws/install/mujoco_ros:/home/herring/rzddzy/ros2_ws/install/mujoco_ros_msgs:/home/herring/rzddzy/ros2_ws/install/franka_msgs:${AMENT_PREFIX_PATH} CMAKE_PREFIX_PATH=/home/herring/rzddzy/ros2_ws/install/franka_semantic_components:/home/herring/rzddzy/ros2_ws/install/franka_hardware:/home/herring/rzddzy/ros2_ws/install/mujoco_ros2_control:/home/herring/rzddzy/ros2_ws/install/multi_mode_control_msgs:/home/herring/rzddzy/ros2_ws/install/mujoco_ros:/home/herring/rzddzy/ros2_ws/install/mujoco_ros_msgs:/home/herring/rzddzy/ros2_ws/install/franka_msgs:/opt/ros/jazzy/opt/sdformat_vendor:/opt/ros/jazzy/opt/gz_math_vendor:/opt/ros/jazzy/opt/gz_utils_vendor:/opt/ros/jazzy/opt/gz_tools_vendor:/opt/ros/jazzy/opt/gz_cmake_vendor:/opt/ros/jazzy DEBUGINFOD_URLS=https://debuginfod.ubuntu.com LD_LIBRARY_PATH=/home/herring/rzddzy/ros2_ws/install/franka_semantic_components/lib:/home/herring/rzddzy/ros2_ws/install/franka_hardware/lib:/home/herring/rzddzy/ros2_ws/install/mujoco_ros2_control/lib:/home/herring/rzddzy/ros2_ws/install/multi_mode_control_msgs/lib:/home/herring/rzddzy/ros2_ws/install/mujoco_ros/lib:/home/herring/rzddzy/ros2_ws/install/mujoco_ros_msgs/lib:/home/herring/rzddzy/ros2_ws/install/franka_msgs/lib:${LD_LIBRARY_PATH} PYTHONPATH=/home/herring/rzddzy/ros2_ws/install/multi_mode_control_msgs/lib/python3.12/site-packages:/home/herring/rzddzy/ros2_ws/install/mujoco_ros_msgs/lib/python3.12/site-packages:/home/herring/rzddzy/ros2_ws/install/franka_msgs/lib/python3.12/site-packages:${PYTHONPATH} /usr/bin/cmake --install /home/herring/rzddzy/ros2_ws/build/franka_example_controllers
[2.515s] -- Install configuration: ""
[2.516s] -- Execute custom install script
[2.516s] -- Up-to-date symlink: /home/herring/rzddzy/ros2_ws/install/franka_example_controllers/include/franka_example_controllers/franka_example_controllers_parameters.hpp
[2.516s] -- Up-to-date symlink: /home/herring/rzddzy/ros2_ws/install/franka_example_controllers/share/franka_example_controllers//franka_example_controllers.xml
[2.516s] -- Up-to-date symlink: /home/herring/rzddzy/ros2_ws/install/franka_example_controllers/lib/libfranka_example_controllers.so
[2.517s] -- Up-to-date symlink: /home/herring/rzddzy/ros2_ws/install/franka_example_controllers/include/franka_example_controllers/comless/cartesian_impedance_example_controller.hpp
[2.517s] -- Up-to-date symlink: /home/herring/rzddzy/ros2_ws/install/franka_example_controllers/include/franka_example_controllers/comless/cartesian_velocity_example_controller.hpp
[2.517s] -- Up-to-date symlink: /home/herring/rzddzy/ros2_ws/install/franka_example_controllers/include/franka_example_controllers/comless/dual_joint_velocity_example_controller.hpp
[2.517s] -- Up-to-date symlink: /home/herring/rzddzy/ros2_ws/install/franka_example_controllers/include/franka_example_controllers/comless/gravity_compensation_example_controller.hpp
[2.517s] -- Up-to-date symlink: /home/herring/rzddzy/ros2_ws/install/franka_example_controllers/include/franka_example_controllers/comless/joint_impedance_example_controller.hpp
[2.517s] -- Up-to-date symlink: /home/herring/rzddzy/ros2_ws/install/franka_example_controllers/include/franka_example_controllers/comless/joint_position_example_controller.hpp
[2.518s] -- Up-to-date symlink: /home/herring/rzddzy/ros2_ws/install/franka_example_controllers/include/franka_example_controllers/comless/joint_velocity_example_controller.hpp
[2.518s] -- Up-to-date symlink: /home/herring/rzddzy/ros2_ws/install/franka_example_controllers/include/franka_example_controllers/comless/model_example_controller.hpp
[2.518s] -- Up-to-date symlink: /home/herring/rzddzy/ros2_ws/install/franka_example_controllers/include/franka_example_controllers/comless/motion_generator.hpp
[2.518s] -- Up-to-date symlink: /home/herring/rzddzy/ros2_ws/install/franka_example_controllers/include/franka_example_controllers/comless/move_to_start_example_controller.hpp
[2.519s] -- Up-to-date symlink: /home/herring/rzddzy/ros2_ws/install/franka_example_controllers/include/franka_example_controllers/comless/multi_joint_impedance_example_controller.hpp
[2.519s] -- Up-to-date symlink: /home/herring/rzddzy/ros2_ws/install/franka_example_controllers/include/franka_example_controllers/subscriber/cartesian_impedance_controller.hpp
[2.519s] -- Up-to-date symlink: /home/herring/rzddzy/ros2_ws/install/franka_example_controllers/include/franka_example_controllers/subscriber/custom_controller_template.hpp
[2.519s] -- Up-to-date symlink: /home/herring/rzddzy/ros2_ws/install/franka_example_controllers/include/franka_example_controllers/subscriber/joint_impedance_controller.hpp
[2.519s] -- Up-to-date symlink: /home/herring/rzddzy/ros2_ws/install/franka_example_controllers/share/franka_example_controllers/environment/library_path.sh
[2.519s] -- Up-to-date symlink: /home/herring/rzddzy/ros2_ws/install/franka_example_controllers/share/franka_example_controllers/environment/library_path.dsv
[2.520s] -- Up-to-date symlink: /home/herring/rzddzy/ros2_ws/install/franka_example_controllers/share/ament_index/resource_index/package_run_dependencies/franka_example_controllers
[2.520s] -- Up-to-date symlink: /home/herring/rzddzy/ros2_ws/install/franka_example_controllers/share/ament_index/resource_index/parent_prefix_path/franka_example_controllers
[2.520s] -- Up-to-date symlink: /home/herring/rzddzy/ros2_ws/install/franka_example_controllers/share/franka_example_controllers/environment/ament_prefix_path.sh
[2.520s] -- Up-to-date symlink: /home/herring/rzddzy/ros2_ws/install/franka_example_controllers/share/franka_example_controllers/environment/ament_prefix_path.dsv
[2.520s] -- Up-to-date symlink: /home/herring/rzddzy/ros2_ws/install/franka_example_controllers/share/franka_example_controllers/environment/path.sh
[2.520s] -- Up-to-date symlink: /home/herring/rzddzy/ros2_ws/install/franka_example_controllers/share/franka_example_controllers/environment/path.dsv
[2.520s] -- Up-to-date symlink: /home/herring/rzddzy/ros2_ws/install/franka_example_controllers/share/franka_example_controllers/local_setup.bash
[2.520s] -- Up-to-date symlink: /home/herring/rzddzy/ros2_ws/install/franka_example_controllers/share/franka_example_controllers/local_setup.sh
[2.521s] -- Up-to-date symlink: /home/herring/rzddzy/ros2_ws/install/franka_example_controllers/share/franka_example_controllers/local_setup.zsh
[2.521s] -- Up-to-date symlink: /home/herring/rzddzy/ros2_ws/install/franka_example_controllers/share/franka_example_controllers/local_setup.dsv
[2.521s] -- Symlinking: /home/herring/rzddzy/ros2_ws/install/franka_example_controllers/share/franka_example_controllers/package.dsv
[2.534s] -- Up-to-date symlink: /home/herring/rzddzy/ros2_ws/install/franka_example_controllers/share/ament_index/resource_index/packages/franka_example_controllers
[2.534s] -- Up-to-date symlink: /home/herring/rzddzy/ros2_ws/install/franka_example_controllers/share/ament_index/resource_index/controller_interface__pluginlib__plugin/franka_example_controllers
[2.534s] -- Up-to-date symlink: /home/herring/rzddzy/ros2_ws/install/franka_example_controllers/share/franka_example_controllers/cmake/ament_cmake_export_dependencies-extras.cmake
[2.534s] -- Up-to-date symlink: /home/herring/rzddzy/ros2_ws/install/franka_example_controllers/share/franka_example_controllers/cmake/ament_cmake_export_include_directories-extras.cmake
[2.534s] -- Up-to-date symlink: /home/herring/rzddzy/ros2_ws/install/franka_example_controllers/share/franka_example_controllers/cmake/ament_cmake_export_libraries-extras.cmake
[2.534s] -- Up-to-date symlink: /home/herring/rzddzy/ros2_ws/install/franka_example_controllers/share/franka_example_controllers/cmake/franka_example_controllersConfig.cmake
[2.535s] -- Up-to-date symlink: /home/herring/rzddzy/ros2_ws/install/franka_example_controllers/share/franka_example_controllers/cmake/franka_example_controllersConfig-version.cmake
[2.535s] -- Up-to-date symlink: /home/herring/rzddzy/ros2_ws/install/franka_example_controllers/share/franka_example_controllers/package.xml
[2.537s] Invoked command in '/home/herring/rzddzy/ros2_ws/build/franka_example_controllers' returned '0': AMENT_PREFIX_PATH=/home/herring/rzddzy/ros2_ws/install/franka_semantic_components:/home/herring/rzddzy/ros2_ws/install/franka_hardware:/home/herring/rzddzy/ros2_ws/install/mujoco_ros2_control:/home/herring/rzddzy/ros2_ws/install/multi_mode_control_msgs:/home/herring/rzddzy/ros2_ws/install/mujoco_ros:/home/herring/rzddzy/ros2_ws/install/mujoco_ros_msgs:/home/herring/rzddzy/ros2_ws/install/franka_msgs:${AMENT_PREFIX_PATH} CMAKE_PREFIX_PATH=/home/herring/rzddzy/ros2_ws/install/franka_semantic_components:/home/herring/rzddzy/ros2_ws/install/franka_hardware:/home/herring/rzddzy/ros2_ws/install/mujoco_ros2_control:/home/herring/rzddzy/ros2_ws/install/multi_mode_control_msgs:/home/herring/rzddzy/ros2_ws/install/mujoco_ros:/home/herring/rzddzy/ros2_ws/install/mujoco_ros_msgs:/home/herring/rzddzy/ros2_ws/install/franka_msgs:/opt/ros/jazzy/opt/sdformat_vendor:/opt/ros/jazzy/opt/gz_math_vendor:/opt/ros/jazzy/opt/gz_utils_vendor:/opt/ros/jazzy/opt/gz_tools_vendor:/opt/ros/jazzy/opt/gz_cmake_vendor:/opt/ros/jazzy DEBUGINFOD_URLS=https://debuginfod.ubuntu.com LD_LIBRARY_PATH=/home/herring/rzddzy/ros2_ws/install/franka_semantic_components/lib:/home/herring/rzddzy/ros2_ws/install/franka_hardware/lib:/home/herring/rzddzy/ros2_ws/install/mujoco_ros2_control/lib:/home/herring/rzddzy/ros2_ws/install/multi_mode_control_msgs/lib:/home/herring/rzddzy/ros2_ws/install/mujoco_ros/lib:/home/herring/rzddzy/ros2_ws/install/mujoco_ros_msgs/lib:/home/herring/rzddzy/ros2_ws/install/franka_msgs/lib:${LD_LIBRARY_PATH} PYTHONPATH=/home/herring/rzddzy/ros2_ws/install/multi_mode_control_msgs/lib/python3.12/site-packages:/home/herring/rzddzy/ros2_ws/install/mujoco_ros_msgs/lib/python3.12/site-packages:/home/herring/rzddzy/ros2_ws/install/franka_msgs/lib/python3.12/site-packages:${PYTHONPATH} /usr/bin/cmake --install /home/herring/rzddzy/ros2_ws/build/franka_example_controllers
