[0.162s] DEBUG:colcon:Command line arguments: ['/usr/bin/colcon', 'build', '--symlink-install']
[0.163s] DEBUG:colcon:Parsed command line arguments: Namespace(log_base=None, log_level=None, verb_name='build', build_base='build', install_base='install', merge_install=False, symlink_install=True, test_result_base=None, continue_on_error=False, executor='parallel', parallel_workers=28, event_handlers=None, ignore_user_meta=False, metas=['./colcon.meta'], base_paths=['.'], packages_ignore=None, packages_ignore_regex=None, paths=None, packages_up_to=None, packages_up_to_regex=None, packages_above=None, packages_above_and_dependencies=None, packages_above_depth=None, packages_select_by_dep=None, packages_skip_by_dep=None, packages_skip_up_to=None, packages_select_build_failed=False, packages_skip_build_finished=False, packages_select_test_failures=False, packages_skip_test_passed=False, packages_select=None, packages_skip=None, packages_select_regex=None, packages_skip_regex=None, packages_start=None, packages_end=None, allow_overriding=[], cmake_args=None, cmake_target=None, cmake_target_skip_unavailable=False, cmake_clean_cache=False, cmake_clean_first=False, cmake_force_configure=False, ament_cmake_args=None, catkin_cmake_args=None, catkin_skip_building_tests=False, verb_parser=<colcon_defaults.argument_parser.defaults.DefaultArgumentsDecorator object at 0x75e4407ed370>, verb_extension=<colcon_core.verb.build.BuildVerb object at 0x75e44093bfb0>, main=<bound method BuildVerb.main of <colcon_core.verb.build.BuildVerb object at 0x75e44093bfb0>>)
[0.222s] Level 1:colcon.colcon_core.package_discovery:discover_packages(colcon_meta) check parameters
[0.222s] Level 1:colcon.colcon_core.package_discovery:discover_packages(recursive) check parameters
[0.222s] Level 1:colcon.colcon_core.package_discovery:discover_packages(ignore) check parameters
[0.222s] Level 1:colcon.colcon_core.package_discovery:discover_packages(path) check parameters
[0.222s] Level 1:colcon.colcon_core.package_discovery:discover_packages(colcon_meta) discover
[0.222s] Level 1:colcon.colcon_core.package_discovery:discover_packages(recursive) discover
[0.223s] INFO:colcon.colcon_core.package_discovery:Crawling recursively for packages in '/home/herring/rzddzy/ros2_ws'
[0.223s] Level 1:colcon.colcon_core.package_identification:_identify(.) by extensions ['ignore', 'ignore_ament_install']
[0.223s] Level 1:colcon.colcon_core.package_identification:_identify(.) by extension 'ignore'
[0.223s] Level 1:colcon.colcon_core.package_identification:_identify(.) by extension 'ignore_ament_install'
[0.223s] Level 1:colcon.colcon_core.package_identification:_identify(.) by extensions ['colcon_pkg']
[0.223s] Level 1:colcon.colcon_core.package_identification:_identify(.) by extension 'colcon_pkg'
[0.223s] Level 1:colcon.colcon_core.package_identification:_identify(.) by extensions ['colcon_meta']
[0.223s] Level 1:colcon.colcon_core.package_identification:_identify(.) by extension 'colcon_meta'
[0.223s] Level 1:colcon.colcon_core.package_identification:_identify(.) by extensions ['ros']
[0.223s] Level 1:colcon.colcon_core.package_identification:_identify(.) by extension 'ros'
[0.251s] Level 1:colcon.colcon_core.package_identification:_identify(.) by extensions ['cmake', 'python']
[0.251s] Level 1:colcon.colcon_core.package_identification:_identify(.) by extension 'cmake'
[0.251s] Level 1:colcon.colcon_core.package_identification:_identify(.) by extension 'python'
[0.251s] Level 1:colcon.colcon_core.package_identification:_identify(.) by extensions ['python_setup_py']
[0.251s] Level 1:colcon.colcon_core.package_identification:_identify(.) by extension 'python_setup_py'
[0.251s] Level 1:colcon.colcon_core.package_identification:_identify(build) by extensions ['ignore', 'ignore_ament_install']
[0.251s] Level 1:colcon.colcon_core.package_identification:_identify(build) by extension 'ignore'
[0.252s] Level 1:colcon.colcon_core.package_identification:_identify(build) ignored
[0.252s] Level 1:colcon.colcon_core.package_identification:_identify(install) by extensions ['ignore', 'ignore_ament_install']
[0.252s] Level 1:colcon.colcon_core.package_identification:_identify(install) by extension 'ignore'
[0.252s] Level 1:colcon.colcon_core.package_identification:_identify(install) ignored
[0.252s] Level 1:colcon.colcon_core.package_identification:_identify(log) by extensions ['ignore', 'ignore_ament_install']
[0.252s] Level 1:colcon.colcon_core.package_identification:_identify(log) by extension 'ignore'
[0.252s] Level 1:colcon.colcon_core.package_identification:_identify(log) ignored
[0.252s] Level 1:colcon.colcon_core.package_identification:_identify(src) by extensions ['ignore', 'ignore_ament_install']
[0.252s] Level 1:colcon.colcon_core.package_identification:_identify(src) by extension 'ignore'
[0.252s] Level 1:colcon.colcon_core.package_identification:_identify(src) by extension 'ignore_ament_install'
[0.252s] Level 1:colcon.colcon_core.package_identification:_identify(src) by extensions ['colcon_pkg']
[0.252s] Level 1:colcon.colcon_core.package_identification:_identify(src) by extension 'colcon_pkg'
[0.252s] Level 1:colcon.colcon_core.package_identification:_identify(src) by extensions ['colcon_meta']
[0.252s] Level 1:colcon.colcon_core.package_identification:_identify(src) by extension 'colcon_meta'
[0.252s] Level 1:colcon.colcon_core.package_identification:_identify(src) by extensions ['ros']
[0.252s] Level 1:colcon.colcon_core.package_identification:_identify(src) by extension 'ros'
[0.252s] Level 1:colcon.colcon_core.package_identification:_identify(src) by extensions ['cmake', 'python']
[0.252s] Level 1:colcon.colcon_core.package_identification:_identify(src) by extension 'cmake'
[0.252s] Level 1:colcon.colcon_core.package_identification:_identify(src) by extension 'python'
[0.252s] Level 1:colcon.colcon_core.package_identification:_identify(src) by extensions ['python_setup_py']
[0.252s] Level 1:colcon.colcon_core.package_identification:_identify(src) by extension 'python_setup_py'
[0.252s] Level 1:colcon.colcon_core.package_identification:_identify(src/controller) by extensions ['ignore', 'ignore_ament_install']
[0.253s] Level 1:colcon.colcon_core.package_identification:_identify(src/controller) by extension 'ignore'
[0.253s] Level 1:colcon.colcon_core.package_identification:_identify(src/controller) by extension 'ignore_ament_install'
[0.253s] Level 1:colcon.colcon_core.package_identification:_identify(src/controller) by extensions ['colcon_pkg']
[0.253s] Level 1:colcon.colcon_core.package_identification:_identify(src/controller) by extension 'colcon_pkg'
[0.253s] Level 1:colcon.colcon_core.package_identification:_identify(src/controller) by extensions ['colcon_meta']
[0.253s] Level 1:colcon.colcon_core.package_identification:_identify(src/controller) by extension 'colcon_meta'
[0.253s] Level 1:colcon.colcon_core.package_identification:_identify(src/controller) by extensions ['ros']
[0.253s] Level 1:colcon.colcon_core.package_identification:_identify(src/controller) by extension 'ros'
[0.256s] DEBUG:colcon.colcon_core.package_identification:Package 'src/controller' with type 'ros.ament_cmake' and name 'controller'
[0.256s] Level 1:colcon.colcon_core.package_identification:_identify(src/franka_analytical_ik) by extensions ['ignore', 'ignore_ament_install']
[0.256s] Level 1:colcon.colcon_core.package_identification:_identify(src/franka_analytical_ik) by extension 'ignore'
[0.256s] Level 1:colcon.colcon_core.package_identification:_identify(src/franka_analytical_ik) by extension 'ignore_ament_install'
[0.256s] Level 1:colcon.colcon_core.package_identification:_identify(src/franka_analytical_ik) by extensions ['colcon_pkg']
[0.256s] Level 1:colcon.colcon_core.package_identification:_identify(src/franka_analytical_ik) by extension 'colcon_pkg'
[0.256s] Level 1:colcon.colcon_core.package_identification:_identify(src/franka_analytical_ik) by extensions ['colcon_meta']
[0.257s] Level 1:colcon.colcon_core.package_identification:_identify(src/franka_analytical_ik) by extension 'colcon_meta'
[0.257s] Level 1:colcon.colcon_core.package_identification:_identify(src/franka_analytical_ik) by extensions ['ros']
[0.257s] Level 1:colcon.colcon_core.package_identification:_identify(src/franka_analytical_ik) by extension 'ros'
[0.257s] Level 1:colcon.colcon_core.package_identification:_identify(src/franka_analytical_ik) by extensions ['cmake', 'python']
[0.257s] Level 1:colcon.colcon_core.package_identification:_identify(src/franka_analytical_ik) by extension 'cmake'
[0.257s] Level 1:colcon.colcon_core.package_identification:_identify(src/franka_analytical_ik) by extension 'python'
[0.257s] Level 1:colcon.colcon_core.package_identification:_identify(src/franka_analytical_ik) by extensions ['python_setup_py']
[0.257s] Level 1:colcon.colcon_core.package_identification:_identify(src/franka_analytical_ik) by extension 'python_setup_py'
[0.459s] DEBUG:colcon.colcon_core.package_identification:Package 'src/franka_analytical_ik' with type 'python' and name 'franka_ik_py'
[0.459s] Level 1:colcon.colcon_core.package_identification:_identify(src/franka_bringup) by extensions ['ignore', 'ignore_ament_install']
[0.460s] Level 1:colcon.colcon_core.package_identification:_identify(src/franka_bringup) by extension 'ignore'
[0.460s] Level 1:colcon.colcon_core.package_identification:_identify(src/franka_bringup) by extension 'ignore_ament_install'
[0.460s] Level 1:colcon.colcon_core.package_identification:_identify(src/franka_bringup) by extensions ['colcon_pkg']
[0.460s] Level 1:colcon.colcon_core.package_identification:_identify(src/franka_bringup) by extension 'colcon_pkg'
[0.460s] Level 1:colcon.colcon_core.package_identification:_identify(src/franka_bringup) by extensions ['colcon_meta']
[0.460s] Level 1:colcon.colcon_core.package_identification:_identify(src/franka_bringup) by extension 'colcon_meta'
[0.460s] Level 1:colcon.colcon_core.package_identification:_identify(src/franka_bringup) by extensions ['ros']
[0.460s] Level 1:colcon.colcon_core.package_identification:_identify(src/franka_bringup) by extension 'ros'
[0.461s] DEBUG:colcon.colcon_core.package_identification:Package 'src/franka_bringup' with type 'ros.ament_cmake' and name 'franka_bringup'
[0.461s] Level 1:colcon.colcon_core.package_identification:_identify(src/franka_description) by extensions ['ignore', 'ignore_ament_install']
[0.461s] Level 1:colcon.colcon_core.package_identification:_identify(src/franka_description) by extension 'ignore'
[0.461s] Level 1:colcon.colcon_core.package_identification:_identify(src/franka_description) by extension 'ignore_ament_install'
[0.462s] Level 1:colcon.colcon_core.package_identification:_identify(src/franka_description) by extensions ['colcon_pkg']
[0.462s] Level 1:colcon.colcon_core.package_identification:_identify(src/franka_description) by extension 'colcon_pkg'
[0.462s] Level 1:colcon.colcon_core.package_identification:_identify(src/franka_description) by extensions ['colcon_meta']
[0.462s] Level 1:colcon.colcon_core.package_identification:_identify(src/franka_description) by extension 'colcon_meta'
[0.462s] Level 1:colcon.colcon_core.package_identification:_identify(src/franka_description) by extensions ['ros']
[0.462s] Level 1:colcon.colcon_core.package_identification:_identify(src/franka_description) by extension 'ros'
[0.462s] DEBUG:colcon.colcon_core.package_identification:Package 'src/franka_description' with type 'ros.ament_cmake' and name 'franka_description'
[0.463s] Level 1:colcon.colcon_core.package_identification:_identify(src/franka_example_controllers) by extensions ['ignore', 'ignore_ament_install']
[0.463s] Level 1:colcon.colcon_core.package_identification:_identify(src/franka_example_controllers) by extension 'ignore'
[0.463s] Level 1:colcon.colcon_core.package_identification:_identify(src/franka_example_controllers) by extension 'ignore_ament_install'
[0.463s] Level 1:colcon.colcon_core.package_identification:_identify(src/franka_example_controllers) by extensions ['colcon_pkg']
[0.463s] Level 1:colcon.colcon_core.package_identification:_identify(src/franka_example_controllers) by extension 'colcon_pkg'
[0.463s] Level 1:colcon.colcon_core.package_identification:_identify(src/franka_example_controllers) by extensions ['colcon_meta']
[0.463s] Level 1:colcon.colcon_core.package_identification:_identify(src/franka_example_controllers) by extension 'colcon_meta'
[0.463s] Level 1:colcon.colcon_core.package_identification:_identify(src/franka_example_controllers) by extensions ['ros']
[0.463s] Level 1:colcon.colcon_core.package_identification:_identify(src/franka_example_controllers) by extension 'ros'
[0.464s] DEBUG:colcon.colcon_core.package_identification:Package 'src/franka_example_controllers' with type 'ros.ament_cmake' and name 'franka_example_controllers'
[0.465s] Level 1:colcon.colcon_core.package_identification:_identify(src/franka_hardware) by extensions ['ignore', 'ignore_ament_install']
[0.465s] Level 1:colcon.colcon_core.package_identification:_identify(src/franka_hardware) by extension 'ignore'
[0.465s] Level 1:colcon.colcon_core.package_identification:_identify(src/franka_hardware) by extension 'ignore_ament_install'
[0.465s] Level 1:colcon.colcon_core.package_identification:_identify(src/franka_hardware) by extensions ['colcon_pkg']
[0.465s] Level 1:colcon.colcon_core.package_identification:_identify(src/franka_hardware) by extension 'colcon_pkg'
[0.465s] Level 1:colcon.colcon_core.package_identification:_identify(src/franka_hardware) by extensions ['colcon_meta']
[0.465s] Level 1:colcon.colcon_core.package_identification:_identify(src/franka_hardware) by extension 'colcon_meta'
[0.465s] Level 1:colcon.colcon_core.package_identification:_identify(src/franka_hardware) by extensions ['ros']
[0.465s] Level 1:colcon.colcon_core.package_identification:_identify(src/franka_hardware) by extension 'ros'
[0.466s] DEBUG:colcon.colcon_core.package_identification:Package 'src/franka_hardware' with type 'ros.ament_cmake' and name 'franka_hardware'
[0.466s] Level 1:colcon.colcon_core.package_identification:_identify(src/franka_msgs) by extensions ['ignore', 'ignore_ament_install']
[0.466s] Level 1:colcon.colcon_core.package_identification:_identify(src/franka_msgs) by extension 'ignore'
[0.466s] Level 1:colcon.colcon_core.package_identification:_identify(src/franka_msgs) by extension 'ignore_ament_install'
[0.466s] Level 1:colcon.colcon_core.package_identification:_identify(src/franka_msgs) by extensions ['colcon_pkg']
[0.466s] Level 1:colcon.colcon_core.package_identification:_identify(src/franka_msgs) by extension 'colcon_pkg'
[0.467s] Level 1:colcon.colcon_core.package_identification:_identify(src/franka_msgs) by extensions ['colcon_meta']
[0.467s] Level 1:colcon.colcon_core.package_identification:_identify(src/franka_msgs) by extension 'colcon_meta'
[0.467s] Level 1:colcon.colcon_core.package_identification:_identify(src/franka_msgs) by extensions ['ros']
[0.467s] Level 1:colcon.colcon_core.package_identification:_identify(src/franka_msgs) by extension 'ros'
[0.468s] DEBUG:colcon.colcon_core.package_identification:Package 'src/franka_msgs' with type 'ros.ament_cmake' and name 'franka_msgs'
[0.468s] Level 1:colcon.colcon_core.package_identification:_identify(src/franka_robot_state_broadcaster) by extensions ['ignore', 'ignore_ament_install']
[0.468s] Level 1:colcon.colcon_core.package_identification:_identify(src/franka_robot_state_broadcaster) by extension 'ignore'
[0.468s] Level 1:colcon.colcon_core.package_identification:_identify(src/franka_robot_state_broadcaster) by extension 'ignore_ament_install'
[0.468s] Level 1:colcon.colcon_core.package_identification:_identify(src/franka_robot_state_broadcaster) by extensions ['colcon_pkg']
[0.468s] Level 1:colcon.colcon_core.package_identification:_identify(src/franka_robot_state_broadcaster) by extension 'colcon_pkg'
[0.468s] Level 1:colcon.colcon_core.package_identification:_identify(src/franka_robot_state_broadcaster) by extensions ['colcon_meta']
[0.468s] Level 1:colcon.colcon_core.package_identification:_identify(src/franka_robot_state_broadcaster) by extension 'colcon_meta'
[0.469s] Level 1:colcon.colcon_core.package_identification:_identify(src/franka_robot_state_broadcaster) by extensions ['ros']
[0.469s] Level 1:colcon.colcon_core.package_identification:_identify(src/franka_robot_state_broadcaster) by extension 'ros'
[0.470s] DEBUG:colcon.colcon_core.package_identification:Package 'src/franka_robot_state_broadcaster' with type 'ros.ament_cmake' and name 'franka_robot_state_broadcaster'
[0.470s] Level 1:colcon.colcon_core.package_identification:_identify(src/franka_semantic_components) by extensions ['ignore', 'ignore_ament_install']
[0.470s] Level 1:colcon.colcon_core.package_identification:_identify(src/franka_semantic_components) by extension 'ignore'
[0.470s] Level 1:colcon.colcon_core.package_identification:_identify(src/franka_semantic_components) by extension 'ignore_ament_install'
[0.470s] Level 1:colcon.colcon_core.package_identification:_identify(src/franka_semantic_components) by extensions ['colcon_pkg']
[0.470s] Level 1:colcon.colcon_core.package_identification:_identify(src/franka_semantic_components) by extension 'colcon_pkg'
[0.471s] Level 1:colcon.colcon_core.package_identification:_identify(src/franka_semantic_components) by extensions ['colcon_meta']
[0.471s] Level 1:colcon.colcon_core.package_identification:_identify(src/franka_semantic_components) by extension 'colcon_meta'
[0.471s] Level 1:colcon.colcon_core.package_identification:_identify(src/franka_semantic_components) by extensions ['ros']
[0.471s] Level 1:colcon.colcon_core.package_identification:_identify(src/franka_semantic_components) by extension 'ros'
[0.472s] DEBUG:colcon.colcon_core.package_identification:Package 'src/franka_semantic_components' with type 'ros.ament_cmake' and name 'franka_semantic_components'
[0.472s] Level 1:colcon.colcon_core.package_identification:_identify(src/mujoco_ros_pkgs) by extensions ['ignore', 'ignore_ament_install']
[0.472s] Level 1:colcon.colcon_core.package_identification:_identify(src/mujoco_ros_pkgs) by extension 'ignore'
[0.472s] Level 1:colcon.colcon_core.package_identification:_identify(src/mujoco_ros_pkgs) by extension 'ignore_ament_install'
[0.472s] Level 1:colcon.colcon_core.package_identification:_identify(src/mujoco_ros_pkgs) by extensions ['colcon_pkg']
[0.472s] Level 1:colcon.colcon_core.package_identification:_identify(src/mujoco_ros_pkgs) by extension 'colcon_pkg'
[0.472s] Level 1:colcon.colcon_core.package_identification:_identify(src/mujoco_ros_pkgs) by extensions ['colcon_meta']
[0.472s] Level 1:colcon.colcon_core.package_identification:_identify(src/mujoco_ros_pkgs) by extension 'colcon_meta'
[0.472s] Level 1:colcon.colcon_core.package_identification:_identify(src/mujoco_ros_pkgs) by extensions ['ros']
[0.472s] Level 1:colcon.colcon_core.package_identification:_identify(src/mujoco_ros_pkgs) by extension 'ros'
[0.472s] Level 1:colcon.colcon_core.package_identification:_identify(src/mujoco_ros_pkgs) by extensions ['cmake', 'python']
[0.472s] Level 1:colcon.colcon_core.package_identification:_identify(src/mujoco_ros_pkgs) by extension 'cmake'
[0.472s] Level 1:colcon.colcon_core.package_identification:_identify(src/mujoco_ros_pkgs) by extension 'python'
[0.472s] Level 1:colcon.colcon_core.package_identification:_identify(src/mujoco_ros_pkgs) by extensions ['python_setup_py']
[0.473s] Level 1:colcon.colcon_core.package_identification:_identify(src/mujoco_ros_pkgs) by extension 'python_setup_py'
[0.473s] Level 1:colcon.colcon_core.package_identification:_identify(src/mujoco_ros_pkgs/mujoco_ros) by extensions ['ignore', 'ignore_ament_install']
[0.473s] Level 1:colcon.colcon_core.package_identification:_identify(src/mujoco_ros_pkgs/mujoco_ros) by extension 'ignore'
[0.473s] Level 1:colcon.colcon_core.package_identification:_identify(src/mujoco_ros_pkgs/mujoco_ros) by extension 'ignore_ament_install'
[0.473s] Level 1:colcon.colcon_core.package_identification:_identify(src/mujoco_ros_pkgs/mujoco_ros) by extensions ['colcon_pkg']
[0.473s] Level 1:colcon.colcon_core.package_identification:_identify(src/mujoco_ros_pkgs/mujoco_ros) by extension 'colcon_pkg'
[0.473s] Level 1:colcon.colcon_core.package_identification:_identify(src/mujoco_ros_pkgs/mujoco_ros) by extensions ['colcon_meta']
[0.473s] Level 1:colcon.colcon_core.package_identification:_identify(src/mujoco_ros_pkgs/mujoco_ros) by extension 'colcon_meta'
[0.473s] Level 1:colcon.colcon_core.package_identification:_identify(src/mujoco_ros_pkgs/mujoco_ros) by extensions ['ros']
[0.473s] Level 1:colcon.colcon_core.package_identification:_identify(src/mujoco_ros_pkgs/mujoco_ros) by extension 'ros'
[0.482s] DEBUG:colcon.colcon_core.package_identification:Package 'src/mujoco_ros_pkgs/mujoco_ros' with type 'ros.ament_cmake' and name 'mujoco_ros'
[0.483s] Level 1:colcon.colcon_core.package_identification:_identify(src/mujoco_ros_pkgs/mujoco_ros2_control) by extensions ['ignore', 'ignore_ament_install']
[0.483s] Level 1:colcon.colcon_core.package_identification:_identify(src/mujoco_ros_pkgs/mujoco_ros2_control) by extension 'ignore'
[0.483s] Level 1:colcon.colcon_core.package_identification:_identify(src/mujoco_ros_pkgs/mujoco_ros2_control) by extension 'ignore_ament_install'
[0.483s] Level 1:colcon.colcon_core.package_identification:_identify(src/mujoco_ros_pkgs/mujoco_ros2_control) by extensions ['colcon_pkg']
[0.483s] Level 1:colcon.colcon_core.package_identification:_identify(src/mujoco_ros_pkgs/mujoco_ros2_control) by extension 'colcon_pkg'
[0.483s] Level 1:colcon.colcon_core.package_identification:_identify(src/mujoco_ros_pkgs/mujoco_ros2_control) by extensions ['colcon_meta']
[0.483s] Level 1:colcon.colcon_core.package_identification:_identify(src/mujoco_ros_pkgs/mujoco_ros2_control) by extension 'colcon_meta'
[0.483s] Level 1:colcon.colcon_core.package_identification:_identify(src/mujoco_ros_pkgs/mujoco_ros2_control) by extensions ['ros']
[0.483s] Level 1:colcon.colcon_core.package_identification:_identify(src/mujoco_ros_pkgs/mujoco_ros2_control) by extension 'ros'
[0.485s] DEBUG:colcon.colcon_core.package_identification:Package 'src/mujoco_ros_pkgs/mujoco_ros2_control' with type 'ros.ament_cmake' and name 'mujoco_ros2_control'
[0.485s] Level 1:colcon.colcon_core.package_identification:_identify(src/mujoco_ros_pkgs/mujoco_ros2_control_system) by extensions ['ignore', 'ignore_ament_install']
[0.485s] Level 1:colcon.colcon_core.package_identification:_identify(src/mujoco_ros_pkgs/mujoco_ros2_control_system) by extension 'ignore'
[0.485s] Level 1:colcon.colcon_core.package_identification:_identify(src/mujoco_ros_pkgs/mujoco_ros2_control_system) by extension 'ignore_ament_install'
[0.485s] Level 1:colcon.colcon_core.package_identification:_identify(src/mujoco_ros_pkgs/mujoco_ros2_control_system) by extensions ['colcon_pkg']
[0.485s] Level 1:colcon.colcon_core.package_identification:_identify(src/mujoco_ros_pkgs/mujoco_ros2_control_system) by extension 'colcon_pkg'
[0.485s] Level 1:colcon.colcon_core.package_identification:_identify(src/mujoco_ros_pkgs/mujoco_ros2_control_system) by extensions ['colcon_meta']
[0.485s] Level 1:colcon.colcon_core.package_identification:_identify(src/mujoco_ros_pkgs/mujoco_ros2_control_system) by extension 'colcon_meta'
[0.486s] Level 1:colcon.colcon_core.package_identification:_identify(src/mujoco_ros_pkgs/mujoco_ros2_control_system) by extensions ['ros']
[0.486s] Level 1:colcon.colcon_core.package_identification:_identify(src/mujoco_ros_pkgs/mujoco_ros2_control_system) by extension 'ros'
[0.487s] DEBUG:colcon.colcon_core.package_identification:Package 'src/mujoco_ros_pkgs/mujoco_ros2_control_system' with type 'ros.ament_cmake' and name 'mujoco_ros2_control_system'
[0.487s] Level 1:colcon.colcon_core.package_identification:_identify(src/mujoco_ros_pkgs/mujoco_ros2_dummy_plugin) by extensions ['ignore', 'ignore_ament_install']
[0.487s] Level 1:colcon.colcon_core.package_identification:_identify(src/mujoco_ros_pkgs/mujoco_ros2_dummy_plugin) by extension 'ignore'
[0.487s] Level 1:colcon.colcon_core.package_identification:_identify(src/mujoco_ros_pkgs/mujoco_ros2_dummy_plugin) by extension 'ignore_ament_install'
[0.487s] Level 1:colcon.colcon_core.package_identification:_identify(src/mujoco_ros_pkgs/mujoco_ros2_dummy_plugin) by extensions ['colcon_pkg']
[0.487s] Level 1:colcon.colcon_core.package_identification:_identify(src/mujoco_ros_pkgs/mujoco_ros2_dummy_plugin) by extension 'colcon_pkg'
[0.487s] Level 1:colcon.colcon_core.package_identification:_identify(src/mujoco_ros_pkgs/mujoco_ros2_dummy_plugin) by extensions ['colcon_meta']
[0.487s] Level 1:colcon.colcon_core.package_identification:_identify(src/mujoco_ros_pkgs/mujoco_ros2_dummy_plugin) by extension 'colcon_meta'
[0.487s] Level 1:colcon.colcon_core.package_identification:_identify(src/mujoco_ros_pkgs/mujoco_ros2_dummy_plugin) by extensions ['ros']
[0.487s] Level 1:colcon.colcon_core.package_identification:_identify(src/mujoco_ros_pkgs/mujoco_ros2_dummy_plugin) by extension 'ros'
[0.488s] DEBUG:colcon.colcon_core.package_identification:Package 'src/mujoco_ros_pkgs/mujoco_ros2_dummy_plugin' with type 'ros.ament_cmake' and name 'mujoco_ros2_dummy_plugin'
[0.488s] Level 1:colcon.colcon_core.package_identification:_identify(src/mujoco_ros_pkgs/mujoco_ros2_sensors) by extensions ['ignore', 'ignore_ament_install']
[0.488s] Level 1:colcon.colcon_core.package_identification:_identify(src/mujoco_ros_pkgs/mujoco_ros2_sensors) by extension 'ignore'
[0.489s] Level 1:colcon.colcon_core.package_identification:_identify(src/mujoco_ros_pkgs/mujoco_ros2_sensors) by extension 'ignore_ament_install'
[0.489s] Level 1:colcon.colcon_core.package_identification:_identify(src/mujoco_ros_pkgs/mujoco_ros2_sensors) by extensions ['colcon_pkg']
[0.489s] Level 1:colcon.colcon_core.package_identification:_identify(src/mujoco_ros_pkgs/mujoco_ros2_sensors) by extension 'colcon_pkg'
[0.489s] Level 1:colcon.colcon_core.package_identification:_identify(src/mujoco_ros_pkgs/mujoco_ros2_sensors) by extensions ['colcon_meta']
[0.489s] Level 1:colcon.colcon_core.package_identification:_identify(src/mujoco_ros_pkgs/mujoco_ros2_sensors) by extension 'colcon_meta'
[0.489s] Level 1:colcon.colcon_core.package_identification:_identify(src/mujoco_ros_pkgs/mujoco_ros2_sensors) by extensions ['ros']
[0.489s] Level 1:colcon.colcon_core.package_identification:_identify(src/mujoco_ros_pkgs/mujoco_ros2_sensors) by extension 'ros'
[0.490s] DEBUG:colcon.colcon_core.package_identification:Package 'src/mujoco_ros_pkgs/mujoco_ros2_sensors' with type 'ros.ament_cmake' and name 'mujoco_ros2_sensors'
[0.490s] Level 1:colcon.colcon_core.package_identification:_identify(src/mujoco_ros_pkgs/mujoco_ros_control) by extensions ['ignore', 'ignore_ament_install']
[0.490s] Level 1:colcon.colcon_core.package_identification:_identify(src/mujoco_ros_pkgs/mujoco_ros_control) by extension 'ignore'
[0.490s] Level 1:colcon.colcon_core.package_identification:_identify(src/mujoco_ros_pkgs/mujoco_ros_control) ignored
[0.491s] Level 1:colcon.colcon_core.package_identification:_identify(src/mujoco_ros_pkgs/mujoco_ros_laser) by extensions ['ignore', 'ignore_ament_install']
[0.491s] Level 1:colcon.colcon_core.package_identification:_identify(src/mujoco_ros_pkgs/mujoco_ros_laser) by extension 'ignore'
[0.491s] Level 1:colcon.colcon_core.package_identification:_identify(src/mujoco_ros_pkgs/mujoco_ros_laser) ignored
[0.491s] Level 1:colcon.colcon_core.package_identification:_identify(src/mujoco_ros_pkgs/mujoco_ros_mocap_plugin) by extensions ['ignore', 'ignore_ament_install']
[0.491s] Level 1:colcon.colcon_core.package_identification:_identify(src/mujoco_ros_pkgs/mujoco_ros_mocap_plugin) by extension 'ignore'
[0.491s] Level 1:colcon.colcon_core.package_identification:_identify(src/mujoco_ros_pkgs/mujoco_ros_mocap_plugin) ignored
[0.491s] Level 1:colcon.colcon_core.package_identification:_identify(src/mujoco_ros_pkgs/mujoco_ros_msgs) by extensions ['ignore', 'ignore_ament_install']
[0.491s] Level 1:colcon.colcon_core.package_identification:_identify(src/mujoco_ros_pkgs/mujoco_ros_msgs) by extension 'ignore'
[0.491s] Level 1:colcon.colcon_core.package_identification:_identify(src/mujoco_ros_pkgs/mujoco_ros_msgs) by extension 'ignore_ament_install'
[0.491s] Level 1:colcon.colcon_core.package_identification:_identify(src/mujoco_ros_pkgs/mujoco_ros_msgs) by extensions ['colcon_pkg']
[0.491s] Level 1:colcon.colcon_core.package_identification:_identify(src/mujoco_ros_pkgs/mujoco_ros_msgs) by extension 'colcon_pkg'
[0.492s] Level 1:colcon.colcon_core.package_identification:_identify(src/mujoco_ros_pkgs/mujoco_ros_msgs) by extensions ['colcon_meta']
[0.492s] Level 1:colcon.colcon_core.package_identification:_identify(src/mujoco_ros_pkgs/mujoco_ros_msgs) by extension 'colcon_meta'
[0.492s] Level 1:colcon.colcon_core.package_identification:_identify(src/mujoco_ros_pkgs/mujoco_ros_msgs) by extensions ['ros']
[0.492s] Level 1:colcon.colcon_core.package_identification:_identify(src/mujoco_ros_pkgs/mujoco_ros_msgs) by extension 'ros'
[0.497s] DEBUG:colcon.colcon_core.package_identification:Package 'src/mujoco_ros_pkgs/mujoco_ros_msgs' with type 'ros.ament_cmake' and name 'mujoco_ros_msgs'
[0.497s] Level 1:colcon.colcon_core.package_identification:_identify(src/mujoco_ros_pkgs/mujoco_ros_pkgs) by extensions ['ignore', 'ignore_ament_install']
[0.497s] Level 1:colcon.colcon_core.package_identification:_identify(src/mujoco_ros_pkgs/mujoco_ros_pkgs) by extension 'ignore'
[0.497s] Level 1:colcon.colcon_core.package_identification:_identify(src/mujoco_ros_pkgs/mujoco_ros_pkgs) by extension 'ignore_ament_install'
[0.497s] Level 1:colcon.colcon_core.package_identification:_identify(src/mujoco_ros_pkgs/mujoco_ros_pkgs) by extensions ['colcon_pkg']
[0.498s] Level 1:colcon.colcon_core.package_identification:_identify(src/mujoco_ros_pkgs/mujoco_ros_pkgs) by extension 'colcon_pkg'
[0.498s] Level 1:colcon.colcon_core.package_identification:_identify(src/mujoco_ros_pkgs/mujoco_ros_pkgs) by extensions ['colcon_meta']
[0.498s] Level 1:colcon.colcon_core.package_identification:_identify(src/mujoco_ros_pkgs/mujoco_ros_pkgs) by extension 'colcon_meta'
[0.498s] Level 1:colcon.colcon_core.package_identification:_identify(src/mujoco_ros_pkgs/mujoco_ros_pkgs) by extensions ['ros']
[0.498s] Level 1:colcon.colcon_core.package_identification:_identify(src/mujoco_ros_pkgs/mujoco_ros_pkgs) by extension 'ros'
[0.501s] DEBUG:colcon.colcon_core.package_identification:Package 'src/mujoco_ros_pkgs/mujoco_ros_pkgs' with type 'ros.ament_cmake' and name 'mujoco_ros_pkgs'
[0.501s] Level 1:colcon.colcon_core.package_identification:_identify(src/mujoco_ros_pkgs/mujoco_ros_sensors) by extensions ['ignore', 'ignore_ament_install']
[0.501s] Level 1:colcon.colcon_core.package_identification:_identify(src/mujoco_ros_pkgs/mujoco_ros_sensors) by extension 'ignore'
[0.501s] Level 1:colcon.colcon_core.package_identification:_identify(src/mujoco_ros_pkgs/mujoco_ros_sensors) ignored
[0.501s] Level 1:colcon.colcon_core.package_identification:_identify(src/multi_mode_control_msgs) by extensions ['ignore', 'ignore_ament_install']
[0.501s] Level 1:colcon.colcon_core.package_identification:_identify(src/multi_mode_control_msgs) by extension 'ignore'
[0.502s] Level 1:colcon.colcon_core.package_identification:_identify(src/multi_mode_control_msgs) by extension 'ignore_ament_install'
[0.502s] Level 1:colcon.colcon_core.package_identification:_identify(src/multi_mode_control_msgs) by extensions ['colcon_pkg']
[0.502s] Level 1:colcon.colcon_core.package_identification:_identify(src/multi_mode_control_msgs) by extension 'colcon_pkg'
[0.502s] Level 1:colcon.colcon_core.package_identification:_identify(src/multi_mode_control_msgs) by extensions ['colcon_meta']
[0.502s] Level 1:colcon.colcon_core.package_identification:_identify(src/multi_mode_control_msgs) by extension 'colcon_meta'
[0.502s] Level 1:colcon.colcon_core.package_identification:_identify(src/multi_mode_control_msgs) by extensions ['ros']
[0.502s] Level 1:colcon.colcon_core.package_identification:_identify(src/multi_mode_control_msgs) by extension 'ros'
[0.503s] DEBUG:colcon.colcon_core.package_identification:Package 'src/multi_mode_control_msgs' with type 'ros.ament_cmake' and name 'multi_mode_control_msgs'
[0.503s] Level 1:colcon.colcon_core.package_identification:_identify(src/multi_mode_controller) by extensions ['ignore', 'ignore_ament_install']
[0.503s] Level 1:colcon.colcon_core.package_identification:_identify(src/multi_mode_controller) by extension 'ignore'
[0.503s] Level 1:colcon.colcon_core.package_identification:_identify(src/multi_mode_controller) by extension 'ignore_ament_install'
[0.503s] Level 1:colcon.colcon_core.package_identification:_identify(src/multi_mode_controller) by extensions ['colcon_pkg']
[0.503s] Level 1:colcon.colcon_core.package_identification:_identify(src/multi_mode_controller) by extension 'colcon_pkg'
[0.503s] Level 1:colcon.colcon_core.package_identification:_identify(src/multi_mode_controller) by extensions ['colcon_meta']
[0.503s] Level 1:colcon.colcon_core.package_identification:_identify(src/multi_mode_controller) by extension 'colcon_meta'
[0.504s] Level 1:colcon.colcon_core.package_identification:_identify(src/multi_mode_controller) by extensions ['ros']
[0.504s] Level 1:colcon.colcon_core.package_identification:_identify(src/multi_mode_controller) by extension 'ros'
[0.505s] DEBUG:colcon.colcon_core.package_identification:Package 'src/multi_mode_controller' with type 'ros.ament_cmake' and name 'multi_mode_controller'
[0.505s] Level 1:colcon.colcon_core.package_identification:_identify(src/multi_mode_controller_impl) by extensions ['ignore', 'ignore_ament_install']
[0.505s] Level 1:colcon.colcon_core.package_identification:_identify(src/multi_mode_controller_impl) by extension 'ignore'
[0.505s] Level 1:colcon.colcon_core.package_identification:_identify(src/multi_mode_controller_impl) by extension 'ignore_ament_install'
[0.505s] Level 1:colcon.colcon_core.package_identification:_identify(src/multi_mode_controller_impl) by extensions ['colcon_pkg']
[0.505s] Level 1:colcon.colcon_core.package_identification:_identify(src/multi_mode_controller_impl) by extension 'colcon_pkg'
[0.505s] Level 1:colcon.colcon_core.package_identification:_identify(src/multi_mode_controller_impl) by extensions ['colcon_meta']
[0.505s] Level 1:colcon.colcon_core.package_identification:_identify(src/multi_mode_controller_impl) by extension 'colcon_meta'
[0.505s] Level 1:colcon.colcon_core.package_identification:_identify(src/multi_mode_controller_impl) by extensions ['ros']
[0.505s] Level 1:colcon.colcon_core.package_identification:_identify(src/multi_mode_controller_impl) by extension 'ros'
[0.506s] DEBUG:colcon.colcon_core.package_identification:Package 'src/multi_mode_controller_impl' with type 'ros.ament_cmake' and name 'multi_mode_controller_impl'
[0.506s] Level 1:colcon.colcon_core.package_identification:_identify(src/panda_motion_generator_msgs) by extensions ['ignore', 'ignore_ament_install']
[0.507s] Level 1:colcon.colcon_core.package_identification:_identify(src/panda_motion_generator_msgs) by extension 'ignore'
[0.507s] Level 1:colcon.colcon_core.package_identification:_identify(src/panda_motion_generator_msgs) by extension 'ignore_ament_install'
[0.507s] Level 1:colcon.colcon_core.package_identification:_identify(src/panda_motion_generator_msgs) by extensions ['colcon_pkg']
[0.507s] Level 1:colcon.colcon_core.package_identification:_identify(src/panda_motion_generator_msgs) by extension 'colcon_pkg'
[0.507s] Level 1:colcon.colcon_core.package_identification:_identify(src/panda_motion_generator_msgs) by extensions ['colcon_meta']
[0.507s] Level 1:colcon.colcon_core.package_identification:_identify(src/panda_motion_generator_msgs) by extension 'colcon_meta'
[0.507s] Level 1:colcon.colcon_core.package_identification:_identify(src/panda_motion_generator_msgs) by extensions ['ros']
[0.507s] Level 1:colcon.colcon_core.package_identification:_identify(src/panda_motion_generator_msgs) by extension 'ros'
[0.508s] DEBUG:colcon.colcon_core.package_identification:Package 'src/panda_motion_generator_msgs' with type 'ros.ament_cmake' and name 'panda_motion_generator_msgs'
[0.508s] Level 1:colcon.colcon_core.package_identification:_identify(src/panda_motion_generators) by extensions ['ignore', 'ignore_ament_install']
[0.508s] Level 1:colcon.colcon_core.package_identification:_identify(src/panda_motion_generators) by extension 'ignore'
[0.508s] Level 1:colcon.colcon_core.package_identification:_identify(src/panda_motion_generators) by extension 'ignore_ament_install'
[0.508s] Level 1:colcon.colcon_core.package_identification:_identify(src/panda_motion_generators) by extensions ['colcon_pkg']
[0.508s] Level 1:colcon.colcon_core.package_identification:_identify(src/panda_motion_generators) by extension 'colcon_pkg'
[0.508s] Level 1:colcon.colcon_core.package_identification:_identify(src/panda_motion_generators) by extensions ['colcon_meta']
[0.508s] Level 1:colcon.colcon_core.package_identification:_identify(src/panda_motion_generators) by extension 'colcon_meta'
[0.508s] Level 1:colcon.colcon_core.package_identification:_identify(src/panda_motion_generators) by extensions ['ros']
[0.508s] Level 1:colcon.colcon_core.package_identification:_identify(src/panda_motion_generators) by extension 'ros'
[0.509s] DEBUG:colcon.colcon_core.package_identification:Package 'src/panda_motion_generators' with type 'ros.ament_cmake' and name 'panda_motion_generators'
[0.509s] Level 1:colcon.colcon_core.package_discovery:discover_packages(recursive) using defaults
[0.509s] Level 1:colcon.colcon_core.package_discovery:discover_packages(ignore) discover
[0.509s] Level 1:colcon.colcon_core.package_discovery:discover_packages(ignore) using defaults
[0.510s] Level 1:colcon.colcon_core.package_discovery:discover_packages(path) discover
[0.510s] Level 1:colcon.colcon_core.package_discovery:discover_packages(path) using defaults
[0.547s] Level 1:colcon.colcon_core.package_discovery:discover_packages(prefix_path) check parameters
[0.547s] Level 1:colcon.colcon_core.package_discovery:discover_packages(prefix_path) discover
[0.551s] DEBUG:colcon.colcon_installed_package_information.package_discovery:Found 1 installed packages in /home/herring/rzddzy/install
[0.552s] DEBUG:colcon.colcon_installed_package_information.package_discovery:Found 21 installed packages in /home/herring/rzddzy/ros2_ws/install
[0.555s] DEBUG:colcon.colcon_installed_package_information.package_discovery:Found 347 installed packages in /opt/ros/jazzy
[0.556s] Level 1:colcon.colcon_core.package_discovery:discover_packages(prefix_path) using defaults
[0.621s] Level 5:colcon.colcon_core.verb:set package 'controller' build argument 'cmake_args' from command line to 'None'
[0.622s] Level 5:colcon.colcon_core.verb:set package 'controller' build argument 'cmake_target' from command line to 'None'
[0.622s] Level 5:colcon.colcon_core.verb:set package 'controller' build argument 'cmake_target_skip_unavailable' from command line to 'False'
[0.622s] Level 5:colcon.colcon_core.verb:set package 'controller' build argument 'cmake_clean_cache' from command line to 'False'
[0.622s] Level 5:colcon.colcon_core.verb:set package 'controller' build argument 'cmake_clean_first' from command line to 'False'
[0.622s] Level 5:colcon.colcon_core.verb:set package 'controller' build argument 'cmake_force_configure' from command line to 'False'
[0.622s] Level 5:colcon.colcon_core.verb:set package 'controller' build argument 'ament_cmake_args' from command line to 'None'
[0.622s] Level 5:colcon.colcon_core.verb:set package 'controller' build argument 'catkin_cmake_args' from command line to 'None'
[0.622s] Level 5:colcon.colcon_core.verb:set package 'controller' build argument 'catkin_skip_building_tests' from command line to 'False'
[0.622s] DEBUG:colcon.colcon_core.verb:Building package 'controller' with the following arguments: {'ament_cmake_args': None, 'build_base': '/home/herring/rzddzy/ros2_ws/build/controller', 'catkin_cmake_args': None, 'catkin_skip_building_tests': False, 'cmake_args': None, 'cmake_clean_cache': False, 'cmake_clean_first': False, 'cmake_force_configure': False, 'cmake_target': None, 'cmake_target_skip_unavailable': False, 'install_base': '/home/herring/rzddzy/ros2_ws/install/controller', 'merge_install': False, 'path': '/home/herring/rzddzy/ros2_ws/src/controller', 'symlink_install': True, 'test_result_base': None}
[0.622s] Level 5:colcon.colcon_core.verb:set package 'franka_description' build argument 'cmake_args' from command line to 'None'
[0.622s] Level 5:colcon.colcon_core.verb:set package 'franka_description' build argument 'cmake_target' from command line to 'None'
[0.622s] Level 5:colcon.colcon_core.verb:set package 'franka_description' build argument 'cmake_target_skip_unavailable' from command line to 'False'
[0.622s] Level 5:colcon.colcon_core.verb:set package 'franka_description' build argument 'cmake_clean_cache' from command line to 'False'
[0.622s] Level 5:colcon.colcon_core.verb:set package 'franka_description' build argument 'cmake_clean_first' from command line to 'False'
[0.622s] Level 5:colcon.colcon_core.verb:set package 'franka_description' build argument 'cmake_force_configure' from command line to 'False'
[0.622s] Level 5:colcon.colcon_core.verb:set package 'franka_description' build argument 'ament_cmake_args' from command line to 'None'
[0.622s] Level 5:colcon.colcon_core.verb:set package 'franka_description' build argument 'catkin_cmake_args' from command line to 'None'
[0.622s] Level 5:colcon.colcon_core.verb:set package 'franka_description' build argument 'catkin_skip_building_tests' from command line to 'False'
[0.622s] DEBUG:colcon.colcon_core.verb:Building package 'franka_description' with the following arguments: {'ament_cmake_args': None, 'build_base': '/home/herring/rzddzy/ros2_ws/build/franka_description', 'catkin_cmake_args': None, 'catkin_skip_building_tests': False, 'cmake_args': None, 'cmake_clean_cache': False, 'cmake_clean_first': False, 'cmake_force_configure': False, 'cmake_target': None, 'cmake_target_skip_unavailable': False, 'install_base': '/home/herring/rzddzy/ros2_ws/install/franka_description', 'merge_install': False, 'path': '/home/herring/rzddzy/ros2_ws/src/franka_description', 'symlink_install': True, 'test_result_base': None}
[0.622s] Level 5:colcon.colcon_core.verb:set package 'franka_ik_py' build argument 'cmake_args' from command line to 'None'
[0.622s] Level 5:colcon.colcon_core.verb:set package 'franka_ik_py' build argument 'cmake_target' from command line to 'None'
[0.622s] Level 5:colcon.colcon_core.verb:set package 'franka_ik_py' build argument 'cmake_target_skip_unavailable' from command line to 'False'
[0.622s] Level 5:colcon.colcon_core.verb:set package 'franka_ik_py' build argument 'cmake_clean_cache' from command line to 'False'
[0.622s] Level 5:colcon.colcon_core.verb:set package 'franka_ik_py' build argument 'cmake_clean_first' from command line to 'False'
[0.622s] Level 5:colcon.colcon_core.verb:set package 'franka_ik_py' build argument 'cmake_force_configure' from command line to 'False'
[0.622s] Level 5:colcon.colcon_core.verb:set package 'franka_ik_py' build argument 'ament_cmake_args' from command line to 'None'
[0.622s] Level 5:colcon.colcon_core.verb:set package 'franka_ik_py' build argument 'catkin_cmake_args' from command line to 'None'
[0.622s] Level 5:colcon.colcon_core.verb:set package 'franka_ik_py' build argument 'catkin_skip_building_tests' from command line to 'False'
[0.622s] DEBUG:colcon.colcon_core.verb:Building package 'franka_ik_py' with the following arguments: {'ament_cmake_args': None, 'build_base': '/home/herring/rzddzy/ros2_ws/build/franka_ik_py', 'catkin_cmake_args': None, 'catkin_skip_building_tests': False, 'cmake_args': None, 'cmake_clean_cache': False, 'cmake_clean_first': False, 'cmake_force_configure': False, 'cmake_target': None, 'cmake_target_skip_unavailable': False, 'install_base': '/home/herring/rzddzy/ros2_ws/install/franka_ik_py', 'merge_install': False, 'path': '/home/herring/rzddzy/ros2_ws/src/franka_analytical_ik', 'symlink_install': True, 'test_result_base': None}
[0.623s] Level 5:colcon.colcon_core.verb:set package 'franka_msgs' build argument 'cmake_args' from command line to 'None'
[0.623s] Level 5:colcon.colcon_core.verb:set package 'franka_msgs' build argument 'cmake_target' from command line to 'None'
[0.623s] Level 5:colcon.colcon_core.verb:set package 'franka_msgs' build argument 'cmake_target_skip_unavailable' from command line to 'False'
[0.623s] Level 5:colcon.colcon_core.verb:set package 'franka_msgs' build argument 'cmake_clean_cache' from command line to 'False'
[0.623s] Level 5:colcon.colcon_core.verb:set package 'franka_msgs' build argument 'cmake_clean_first' from command line to 'False'
[0.623s] Level 5:colcon.colcon_core.verb:set package 'franka_msgs' build argument 'cmake_force_configure' from command line to 'False'
[0.623s] Level 5:colcon.colcon_core.verb:set package 'franka_msgs' build argument 'ament_cmake_args' from command line to 'None'
[0.623s] Level 5:colcon.colcon_core.verb:set package 'franka_msgs' build argument 'catkin_cmake_args' from command line to 'None'
[0.623s] Level 5:colcon.colcon_core.verb:set package 'franka_msgs' build argument 'catkin_skip_building_tests' from command line to 'False'
[0.623s] DEBUG:colcon.colcon_core.verb:Building package 'franka_msgs' with the following arguments: {'ament_cmake_args': None, 'build_base': '/home/herring/rzddzy/ros2_ws/build/franka_msgs', 'catkin_cmake_args': None, 'catkin_skip_building_tests': False, 'cmake_args': None, 'cmake_clean_cache': False, 'cmake_clean_first': False, 'cmake_force_configure': False, 'cmake_target': None, 'cmake_target_skip_unavailable': False, 'install_base': '/home/herring/rzddzy/ros2_ws/install/franka_msgs', 'merge_install': False, 'path': '/home/herring/rzddzy/ros2_ws/src/franka_msgs', 'symlink_install': True, 'test_result_base': None}
[0.623s] Level 5:colcon.colcon_core.verb:set package 'mujoco_ros_msgs' build argument 'cmake_args' from command line to 'None'
[0.623s] Level 5:colcon.colcon_core.verb:set package 'mujoco_ros_msgs' build argument 'cmake_target' from command line to 'None'
[0.623s] Level 5:colcon.colcon_core.verb:set package 'mujoco_ros_msgs' build argument 'cmake_target_skip_unavailable' from command line to 'False'
[0.623s] Level 5:colcon.colcon_core.verb:set package 'mujoco_ros_msgs' build argument 'cmake_clean_cache' from command line to 'False'
[0.623s] Level 5:colcon.colcon_core.verb:set package 'mujoco_ros_msgs' build argument 'cmake_clean_first' from command line to 'False'
[0.623s] Level 5:colcon.colcon_core.verb:set package 'mujoco_ros_msgs' build argument 'cmake_force_configure' from command line to 'False'
[0.623s] Level 5:colcon.colcon_core.verb:set package 'mujoco_ros_msgs' build argument 'ament_cmake_args' from command line to 'None'
[0.623s] Level 5:colcon.colcon_core.verb:set package 'mujoco_ros_msgs' build argument 'catkin_cmake_args' from command line to 'None'
[0.623s] Level 5:colcon.colcon_core.verb:set package 'mujoco_ros_msgs' build argument 'catkin_skip_building_tests' from command line to 'False'
[0.623s] DEBUG:colcon.colcon_core.verb:Building package 'mujoco_ros_msgs' with the following arguments: {'ament_cmake_args': None, 'build_base': '/home/herring/rzddzy/ros2_ws/build/mujoco_ros_msgs', 'catkin_cmake_args': None, 'catkin_skip_building_tests': False, 'cmake_args': None, 'cmake_clean_cache': False, 'cmake_clean_first': False, 'cmake_force_configure': False, 'cmake_target': None, 'cmake_target_skip_unavailable': False, 'install_base': '/home/herring/rzddzy/ros2_ws/install/mujoco_ros_msgs', 'merge_install': False, 'path': '/home/herring/rzddzy/ros2_ws/src/mujoco_ros_pkgs/mujoco_ros_msgs', 'symlink_install': True, 'test_result_base': None}
[0.623s] Level 5:colcon.colcon_core.verb:set package 'panda_motion_generator_msgs' build argument 'cmake_args' from command line to 'None'
[0.623s] Level 5:colcon.colcon_core.verb:set package 'panda_motion_generator_msgs' build argument 'cmake_target' from command line to 'None'
[0.623s] Level 5:colcon.colcon_core.verb:set package 'panda_motion_generator_msgs' build argument 'cmake_target_skip_unavailable' from command line to 'False'
[0.623s] Level 5:colcon.colcon_core.verb:set package 'panda_motion_generator_msgs' build argument 'cmake_clean_cache' from command line to 'False'
[0.623s] Level 5:colcon.colcon_core.verb:set package 'panda_motion_generator_msgs' build argument 'cmake_clean_first' from command line to 'False'
[0.623s] Level 5:colcon.colcon_core.verb:set package 'panda_motion_generator_msgs' build argument 'cmake_force_configure' from command line to 'False'
[0.623s] Level 5:colcon.colcon_core.verb:set package 'panda_motion_generator_msgs' build argument 'ament_cmake_args' from command line to 'None'
[0.623s] Level 5:colcon.colcon_core.verb:set package 'panda_motion_generator_msgs' build argument 'catkin_cmake_args' from command line to 'None'
[0.623s] Level 5:colcon.colcon_core.verb:set package 'panda_motion_generator_msgs' build argument 'catkin_skip_building_tests' from command line to 'False'
[0.623s] DEBUG:colcon.colcon_core.verb:Building package 'panda_motion_generator_msgs' with the following arguments: {'ament_cmake_args': None, 'build_base': '/home/herring/rzddzy/ros2_ws/build/panda_motion_generator_msgs', 'catkin_cmake_args': None, 'catkin_skip_building_tests': False, 'cmake_args': None, 'cmake_clean_cache': False, 'cmake_clean_first': False, 'cmake_force_configure': False, 'cmake_target': None, 'cmake_target_skip_unavailable': False, 'install_base': '/home/herring/rzddzy/ros2_ws/install/panda_motion_generator_msgs', 'merge_install': False, 'path': '/home/herring/rzddzy/ros2_ws/src/panda_motion_generator_msgs', 'symlink_install': True, 'test_result_base': None}
[0.624s] Level 5:colcon.colcon_core.verb:set package 'mujoco_ros' build argument 'cmake_args' from command line to 'None'
[0.624s] Level 5:colcon.colcon_core.verb:set package 'mujoco_ros' build argument 'cmake_target' from command line to 'None'
[0.624s] Level 5:colcon.colcon_core.verb:set package 'mujoco_ros' build argument 'cmake_target_skip_unavailable' from command line to 'False'
[0.624s] Level 5:colcon.colcon_core.verb:set package 'mujoco_ros' build argument 'cmake_clean_cache' from command line to 'False'
[0.624s] Level 5:colcon.colcon_core.verb:set package 'mujoco_ros' build argument 'cmake_clean_first' from command line to 'False'
[0.624s] Level 5:colcon.colcon_core.verb:set package 'mujoco_ros' build argument 'cmake_force_configure' from command line to 'False'
[0.624s] Level 5:colcon.colcon_core.verb:set package 'mujoco_ros' build argument 'ament_cmake_args' from command line to 'None'
[0.624s] Level 5:colcon.colcon_core.verb:set package 'mujoco_ros' build argument 'catkin_cmake_args' from command line to 'None'
[0.624s] Level 5:colcon.colcon_core.verb:set package 'mujoco_ros' build argument 'catkin_skip_building_tests' from command line to 'False'
[0.624s] DEBUG:colcon.colcon_core.verb:Building package 'mujoco_ros' with the following arguments: {'ament_cmake_args': None, 'build_base': '/home/herring/rzddzy/ros2_ws/build/mujoco_ros', 'catkin_cmake_args': None, 'catkin_skip_building_tests': False, 'cmake_args': None, 'cmake_clean_cache': False, 'cmake_clean_first': False, 'cmake_force_configure': False, 'cmake_target': None, 'cmake_target_skip_unavailable': False, 'install_base': '/home/herring/rzddzy/ros2_ws/install/mujoco_ros', 'merge_install': False, 'path': '/home/herring/rzddzy/ros2_ws/src/mujoco_ros_pkgs/mujoco_ros', 'symlink_install': True, 'test_result_base': None}
[0.624s] Level 5:colcon.colcon_core.verb:set package 'multi_mode_control_msgs' build argument 'cmake_args' from command line to 'None'
[0.624s] Level 5:colcon.colcon_core.verb:set package 'multi_mode_control_msgs' build argument 'cmake_target' from command line to 'None'
[0.624s] Level 5:colcon.colcon_core.verb:set package 'multi_mode_control_msgs' build argument 'cmake_target_skip_unavailable' from command line to 'False'
[0.624s] Level 5:colcon.colcon_core.verb:set package 'multi_mode_control_msgs' build argument 'cmake_clean_cache' from command line to 'False'
[0.624s] Level 5:colcon.colcon_core.verb:set package 'multi_mode_control_msgs' build argument 'cmake_clean_first' from command line to 'False'
[0.624s] Level 5:colcon.colcon_core.verb:set package 'multi_mode_control_msgs' build argument 'cmake_force_configure' from command line to 'False'
[0.624s] Level 5:colcon.colcon_core.verb:set package 'multi_mode_control_msgs' build argument 'ament_cmake_args' from command line to 'None'
[0.624s] Level 5:colcon.colcon_core.verb:set package 'multi_mode_control_msgs' build argument 'catkin_cmake_args' from command line to 'None'
[0.624s] Level 5:colcon.colcon_core.verb:set package 'multi_mode_control_msgs' build argument 'catkin_skip_building_tests' from command line to 'False'
[0.624s] DEBUG:colcon.colcon_core.verb:Building package 'multi_mode_control_msgs' with the following arguments: {'ament_cmake_args': None, 'build_base': '/home/herring/rzddzy/ros2_ws/build/multi_mode_control_msgs', 'catkin_cmake_args': None, 'catkin_skip_building_tests': False, 'cmake_args': None, 'cmake_clean_cache': False, 'cmake_clean_first': False, 'cmake_force_configure': False, 'cmake_target': None, 'cmake_target_skip_unavailable': False, 'install_base': '/home/herring/rzddzy/ros2_ws/install/multi_mode_control_msgs', 'merge_install': False, 'path': '/home/herring/rzddzy/ros2_ws/src/multi_mode_control_msgs', 'symlink_install': True, 'test_result_base': None}
[0.624s] Level 5:colcon.colcon_core.verb:set package 'mujoco_ros2_control' build argument 'cmake_args' from command line to 'None'
[0.624s] Level 5:colcon.colcon_core.verb:set package 'mujoco_ros2_control' build argument 'cmake_target' from command line to 'None'
[0.624s] Level 5:colcon.colcon_core.verb:set package 'mujoco_ros2_control' build argument 'cmake_target_skip_unavailable' from command line to 'False'
[0.624s] Level 5:colcon.colcon_core.verb:set package 'mujoco_ros2_control' build argument 'cmake_clean_cache' from command line to 'False'
[0.624s] Level 5:colcon.colcon_core.verb:set package 'mujoco_ros2_control' build argument 'cmake_clean_first' from command line to 'False'
[0.624s] Level 5:colcon.colcon_core.verb:set package 'mujoco_ros2_control' build argument 'cmake_force_configure' from command line to 'False'
[0.624s] Level 5:colcon.colcon_core.verb:set package 'mujoco_ros2_control' build argument 'ament_cmake_args' from command line to 'None'
[0.624s] Level 5:colcon.colcon_core.verb:set package 'mujoco_ros2_control' build argument 'catkin_cmake_args' from command line to 'None'
[0.624s] Level 5:colcon.colcon_core.verb:set package 'mujoco_ros2_control' build argument 'catkin_skip_building_tests' from command line to 'False'
[0.624s] DEBUG:colcon.colcon_core.verb:Building package 'mujoco_ros2_control' with the following arguments: {'ament_cmake_args': None, 'build_base': '/home/herring/rzddzy/ros2_ws/build/mujoco_ros2_control', 'catkin_cmake_args': None, 'catkin_skip_building_tests': False, 'cmake_args': None, 'cmake_clean_cache': False, 'cmake_clean_first': False, 'cmake_force_configure': False, 'cmake_target': None, 'cmake_target_skip_unavailable': False, 'install_base': '/home/herring/rzddzy/ros2_ws/install/mujoco_ros2_control', 'merge_install': False, 'path': '/home/herring/rzddzy/ros2_ws/src/mujoco_ros_pkgs/mujoco_ros2_control', 'symlink_install': True, 'test_result_base': None}
[0.624s] Level 5:colcon.colcon_core.verb:set package 'mujoco_ros2_dummy_plugin' build argument 'cmake_args' from command line to 'None'
[0.624s] Level 5:colcon.colcon_core.verb:set package 'mujoco_ros2_dummy_plugin' build argument 'cmake_target' from command line to 'None'
[0.624s] Level 5:colcon.colcon_core.verb:set package 'mujoco_ros2_dummy_plugin' build argument 'cmake_target_skip_unavailable' from command line to 'False'
[0.624s] Level 5:colcon.colcon_core.verb:set package 'mujoco_ros2_dummy_plugin' build argument 'cmake_clean_cache' from command line to 'False'
[0.625s] Level 5:colcon.colcon_core.verb:set package 'mujoco_ros2_dummy_plugin' build argument 'cmake_clean_first' from command line to 'False'
[0.625s] Level 5:colcon.colcon_core.verb:set package 'mujoco_ros2_dummy_plugin' build argument 'cmake_force_configure' from command line to 'False'
[0.625s] Level 5:colcon.colcon_core.verb:set package 'mujoco_ros2_dummy_plugin' build argument 'ament_cmake_args' from command line to 'None'
[0.625s] Level 5:colcon.colcon_core.verb:set package 'mujoco_ros2_dummy_plugin' build argument 'catkin_cmake_args' from command line to 'None'
[0.625s] Level 5:colcon.colcon_core.verb:set package 'mujoco_ros2_dummy_plugin' build argument 'catkin_skip_building_tests' from command line to 'False'
[0.625s] DEBUG:colcon.colcon_core.verb:Building package 'mujoco_ros2_dummy_plugin' with the following arguments: {'ament_cmake_args': None, 'build_base': '/home/herring/rzddzy/ros2_ws/build/mujoco_ros2_dummy_plugin', 'catkin_cmake_args': None, 'catkin_skip_building_tests': False, 'cmake_args': None, 'cmake_clean_cache': False, 'cmake_clean_first': False, 'cmake_force_configure': False, 'cmake_target': None, 'cmake_target_skip_unavailable': False, 'install_base': '/home/herring/rzddzy/ros2_ws/install/mujoco_ros2_dummy_plugin', 'merge_install': False, 'path': '/home/herring/rzddzy/ros2_ws/src/mujoco_ros_pkgs/mujoco_ros2_dummy_plugin', 'symlink_install': True, 'test_result_base': None}
[0.625s] Level 5:colcon.colcon_core.verb:set package 'mujoco_ros2_sensors' build argument 'cmake_args' from command line to 'None'
[0.625s] Level 5:colcon.colcon_core.verb:set package 'mujoco_ros2_sensors' build argument 'cmake_target' from command line to 'None'
[0.625s] Level 5:colcon.colcon_core.verb:set package 'mujoco_ros2_sensors' build argument 'cmake_target_skip_unavailable' from command line to 'False'
[0.625s] Level 5:colcon.colcon_core.verb:set package 'mujoco_ros2_sensors' build argument 'cmake_clean_cache' from command line to 'False'
[0.625s] Level 5:colcon.colcon_core.verb:set package 'mujoco_ros2_sensors' build argument 'cmake_clean_first' from command line to 'False'
[0.625s] Level 5:colcon.colcon_core.verb:set package 'mujoco_ros2_sensors' build argument 'cmake_force_configure' from command line to 'False'
[0.625s] Level 5:colcon.colcon_core.verb:set package 'mujoco_ros2_sensors' build argument 'ament_cmake_args' from command line to 'None'
[0.625s] Level 5:colcon.colcon_core.verb:set package 'mujoco_ros2_sensors' build argument 'catkin_cmake_args' from command line to 'None'
[0.625s] Level 5:colcon.colcon_core.verb:set package 'mujoco_ros2_sensors' build argument 'catkin_skip_building_tests' from command line to 'False'
[0.625s] DEBUG:colcon.colcon_core.verb:Building package 'mujoco_ros2_sensors' with the following arguments: {'ament_cmake_args': None, 'build_base': '/home/herring/rzddzy/ros2_ws/build/mujoco_ros2_sensors', 'catkin_cmake_args': None, 'catkin_skip_building_tests': False, 'cmake_args': None, 'cmake_clean_cache': False, 'cmake_clean_first': False, 'cmake_force_configure': False, 'cmake_target': None, 'cmake_target_skip_unavailable': False, 'install_base': '/home/herring/rzddzy/ros2_ws/install/mujoco_ros2_sensors', 'merge_install': False, 'path': '/home/herring/rzddzy/ros2_ws/src/mujoco_ros_pkgs/mujoco_ros2_sensors', 'symlink_install': True, 'test_result_base': None}
[0.625s] Level 5:colcon.colcon_core.verb:set package 'mujoco_ros_pkgs' build argument 'cmake_args' from command line to 'None'
[0.625s] Level 5:colcon.colcon_core.verb:set package 'mujoco_ros_pkgs' build argument 'cmake_target' from command line to 'None'
[0.625s] Level 5:colcon.colcon_core.verb:set package 'mujoco_ros_pkgs' build argument 'cmake_target_skip_unavailable' from command line to 'False'
[0.625s] Level 5:colcon.colcon_core.verb:set package 'mujoco_ros_pkgs' build argument 'cmake_clean_cache' from command line to 'False'
[0.625s] Level 5:colcon.colcon_core.verb:set package 'mujoco_ros_pkgs' build argument 'cmake_clean_first' from command line to 'False'
[0.625s] Level 5:colcon.colcon_core.verb:set package 'mujoco_ros_pkgs' build argument 'cmake_force_configure' from command line to 'False'
[0.625s] Level 5:colcon.colcon_core.verb:set package 'mujoco_ros_pkgs' build argument 'ament_cmake_args' from command line to 'None'
[0.625s] Level 5:colcon.colcon_core.verb:set package 'mujoco_ros_pkgs' build argument 'catkin_cmake_args' from command line to 'None'
[0.625s] Level 5:colcon.colcon_core.verb:set package 'mujoco_ros_pkgs' build argument 'catkin_skip_building_tests' from command line to 'False'
[0.625s] DEBUG:colcon.colcon_core.verb:Building package 'mujoco_ros_pkgs' with the following arguments: {'ament_cmake_args': None, 'build_base': '/home/herring/rzddzy/ros2_ws/build/mujoco_ros_pkgs', 'catkin_cmake_args': None, 'catkin_skip_building_tests': False, 'cmake_args': None, 'cmake_clean_cache': False, 'cmake_clean_first': False, 'cmake_force_configure': False, 'cmake_target': None, 'cmake_target_skip_unavailable': False, 'install_base': '/home/herring/rzddzy/ros2_ws/install/mujoco_ros_pkgs', 'merge_install': False, 'path': '/home/herring/rzddzy/ros2_ws/src/mujoco_ros_pkgs/mujoco_ros_pkgs', 'symlink_install': True, 'test_result_base': None}
[0.625s] Level 5:colcon.colcon_core.verb:set package 'franka_hardware' build argument 'cmake_args' from command line to 'None'
[0.625s] Level 5:colcon.colcon_core.verb:set package 'franka_hardware' build argument 'cmake_target' from command line to 'None'
[0.625s] Level 5:colcon.colcon_core.verb:set package 'franka_hardware' build argument 'cmake_target_skip_unavailable' from command line to 'False'
[0.625s] Level 5:colcon.colcon_core.verb:set package 'franka_hardware' build argument 'cmake_clean_cache' from command line to 'False'
[0.625s] Level 5:colcon.colcon_core.verb:set package 'franka_hardware' build argument 'cmake_clean_first' from command line to 'False'
[0.625s] Level 5:colcon.colcon_core.verb:set package 'franka_hardware' build argument 'cmake_force_configure' from command line to 'False'
[0.625s] Level 5:colcon.colcon_core.verb:set package 'franka_hardware' build argument 'ament_cmake_args' from command line to 'None'
[0.625s] Level 5:colcon.colcon_core.verb:set package 'franka_hardware' build argument 'catkin_cmake_args' from command line to 'None'
[0.625s] Level 5:colcon.colcon_core.verb:set package 'franka_hardware' build argument 'catkin_skip_building_tests' from command line to 'False'
[0.626s] DEBUG:colcon.colcon_core.verb:Building package 'franka_hardware' with the following arguments: {'ament_cmake_args': None, 'build_base': '/home/herring/rzddzy/ros2_ws/build/franka_hardware', 'catkin_cmake_args': None, 'catkin_skip_building_tests': False, 'cmake_args': None, 'cmake_clean_cache': False, 'cmake_clean_first': False, 'cmake_force_configure': False, 'cmake_target': None, 'cmake_target_skip_unavailable': False, 'install_base': '/home/herring/rzddzy/ros2_ws/install/franka_hardware', 'merge_install': False, 'path': '/home/herring/rzddzy/ros2_ws/src/franka_hardware', 'symlink_install': True, 'test_result_base': None}
[0.626s] Level 5:colcon.colcon_core.verb:set package 'mujoco_ros2_control_system' build argument 'cmake_args' from command line to 'None'
[0.626s] Level 5:colcon.colcon_core.verb:set package 'mujoco_ros2_control_system' build argument 'cmake_target' from command line to 'None'
[0.626s] Level 5:colcon.colcon_core.verb:set package 'mujoco_ros2_control_system' build argument 'cmake_target_skip_unavailable' from command line to 'False'
[0.626s] Level 5:colcon.colcon_core.verb:set package 'mujoco_ros2_control_system' build argument 'cmake_clean_cache' from command line to 'False'
[0.626s] Level 5:colcon.colcon_core.verb:set package 'mujoco_ros2_control_system' build argument 'cmake_clean_first' from command line to 'False'
[0.626s] Level 5:colcon.colcon_core.verb:set package 'mujoco_ros2_control_system' build argument 'cmake_force_configure' from command line to 'False'
[0.626s] Level 5:colcon.colcon_core.verb:set package 'mujoco_ros2_control_system' build argument 'ament_cmake_args' from command line to 'None'
[0.626s] Level 5:colcon.colcon_core.verb:set package 'mujoco_ros2_control_system' build argument 'catkin_cmake_args' from command line to 'None'
[0.626s] Level 5:colcon.colcon_core.verb:set package 'mujoco_ros2_control_system' build argument 'catkin_skip_building_tests' from command line to 'False'
[0.626s] DEBUG:colcon.colcon_core.verb:Building package 'mujoco_ros2_control_system' with the following arguments: {'ament_cmake_args': None, 'build_base': '/home/herring/rzddzy/ros2_ws/build/mujoco_ros2_control_system', 'catkin_cmake_args': None, 'catkin_skip_building_tests': False, 'cmake_args': None, 'cmake_clean_cache': False, 'cmake_clean_first': False, 'cmake_force_configure': False, 'cmake_target': None, 'cmake_target_skip_unavailable': False, 'install_base': '/home/herring/rzddzy/ros2_ws/install/mujoco_ros2_control_system', 'merge_install': False, 'path': '/home/herring/rzddzy/ros2_ws/src/mujoco_ros_pkgs/mujoco_ros2_control_system', 'symlink_install': True, 'test_result_base': None}
[0.626s] Level 5:colcon.colcon_core.verb:set package 'franka_semantic_components' build argument 'cmake_args' from command line to 'None'
[0.626s] Level 5:colcon.colcon_core.verb:set package 'franka_semantic_components' build argument 'cmake_target' from command line to 'None'
[0.626s] Level 5:colcon.colcon_core.verb:set package 'franka_semantic_components' build argument 'cmake_target_skip_unavailable' from command line to 'False'
[0.626s] Level 5:colcon.colcon_core.verb:set package 'franka_semantic_components' build argument 'cmake_clean_cache' from command line to 'False'
[0.626s] Level 5:colcon.colcon_core.verb:set package 'franka_semantic_components' build argument 'cmake_clean_first' from command line to 'False'
[0.626s] Level 5:colcon.colcon_core.verb:set package 'franka_semantic_components' build argument 'cmake_force_configure' from command line to 'False'
[0.626s] Level 5:colcon.colcon_core.verb:set package 'franka_semantic_components' build argument 'ament_cmake_args' from command line to 'None'
[0.626s] Level 5:colcon.colcon_core.verb:set package 'franka_semantic_components' build argument 'catkin_cmake_args' from command line to 'None'
[0.626s] Level 5:colcon.colcon_core.verb:set package 'franka_semantic_components' build argument 'catkin_skip_building_tests' from command line to 'False'
[0.626s] DEBUG:colcon.colcon_core.verb:Building package 'franka_semantic_components' with the following arguments: {'ament_cmake_args': None, 'build_base': '/home/herring/rzddzy/ros2_ws/build/franka_semantic_components', 'catkin_cmake_args': None, 'catkin_skip_building_tests': False, 'cmake_args': None, 'cmake_clean_cache': False, 'cmake_clean_first': False, 'cmake_force_configure': False, 'cmake_target': None, 'cmake_target_skip_unavailable': False, 'install_base': '/home/herring/rzddzy/ros2_ws/install/franka_semantic_components', 'merge_install': False, 'path': '/home/herring/rzddzy/ros2_ws/src/franka_semantic_components', 'symlink_install': True, 'test_result_base': None}
[0.626s] Level 5:colcon.colcon_core.verb:set package 'franka_example_controllers' build argument 'cmake_args' from command line to 'None'
[0.626s] Level 5:colcon.colcon_core.verb:set package 'franka_example_controllers' build argument 'cmake_target' from command line to 'None'
[0.626s] Level 5:colcon.colcon_core.verb:set package 'franka_example_controllers' build argument 'cmake_target_skip_unavailable' from command line to 'False'
[0.626s] Level 5:colcon.colcon_core.verb:set package 'franka_example_controllers' build argument 'cmake_clean_cache' from command line to 'False'
[0.626s] Level 5:colcon.colcon_core.verb:set package 'franka_example_controllers' build argument 'cmake_clean_first' from command line to 'False'
[0.626s] Level 5:colcon.colcon_core.verb:set package 'franka_example_controllers' build argument 'cmake_force_configure' from command line to 'False'
[0.626s] Level 5:colcon.colcon_core.verb:set package 'franka_example_controllers' build argument 'ament_cmake_args' from command line to 'None'
[0.626s] Level 5:colcon.colcon_core.verb:set package 'franka_example_controllers' build argument 'catkin_cmake_args' from command line to 'None'
[0.626s] Level 5:colcon.colcon_core.verb:set package 'franka_example_controllers' build argument 'catkin_skip_building_tests' from command line to 'False'
[0.626s] DEBUG:colcon.colcon_core.verb:Building package 'franka_example_controllers' with the following arguments: {'ament_cmake_args': None, 'build_base': '/home/herring/rzddzy/ros2_ws/build/franka_example_controllers', 'catkin_cmake_args': None, 'catkin_skip_building_tests': False, 'cmake_args': None, 'cmake_clean_cache': False, 'cmake_clean_first': False, 'cmake_force_configure': False, 'cmake_target': None, 'cmake_target_skip_unavailable': False, 'install_base': '/home/herring/rzddzy/ros2_ws/install/franka_example_controllers', 'merge_install': False, 'path': '/home/herring/rzddzy/ros2_ws/src/franka_example_controllers', 'symlink_install': True, 'test_result_base': None}
[0.627s] Level 5:colcon.colcon_core.verb:set package 'franka_robot_state_broadcaster' build argument 'cmake_args' from command line to 'None'
[0.627s] Level 5:colcon.colcon_core.verb:set package 'franka_robot_state_broadcaster' build argument 'cmake_target' from command line to 'None'
[0.627s] Level 5:colcon.colcon_core.verb:set package 'franka_robot_state_broadcaster' build argument 'cmake_target_skip_unavailable' from command line to 'False'
[0.627s] Level 5:colcon.colcon_core.verb:set package 'franka_robot_state_broadcaster' build argument 'cmake_clean_cache' from command line to 'False'
[0.627s] Level 5:colcon.colcon_core.verb:set package 'franka_robot_state_broadcaster' build argument 'cmake_clean_first' from command line to 'False'
[0.627s] Level 5:colcon.colcon_core.verb:set package 'franka_robot_state_broadcaster' build argument 'cmake_force_configure' from command line to 'False'
[0.627s] Level 5:colcon.colcon_core.verb:set package 'franka_robot_state_broadcaster' build argument 'ament_cmake_args' from command line to 'None'
[0.627s] Level 5:colcon.colcon_core.verb:set package 'franka_robot_state_broadcaster' build argument 'catkin_cmake_args' from command line to 'None'
[0.627s] Level 5:colcon.colcon_core.verb:set package 'franka_robot_state_broadcaster' build argument 'catkin_skip_building_tests' from command line to 'False'
[0.627s] DEBUG:colcon.colcon_core.verb:Building package 'franka_robot_state_broadcaster' with the following arguments: {'ament_cmake_args': None, 'build_base': '/home/herring/rzddzy/ros2_ws/build/franka_robot_state_broadcaster', 'catkin_cmake_args': None, 'catkin_skip_building_tests': False, 'cmake_args': None, 'cmake_clean_cache': False, 'cmake_clean_first': False, 'cmake_force_configure': False, 'cmake_target': None, 'cmake_target_skip_unavailable': False, 'install_base': '/home/herring/rzddzy/ros2_ws/install/franka_robot_state_broadcaster', 'merge_install': False, 'path': '/home/herring/rzddzy/ros2_ws/src/franka_robot_state_broadcaster', 'symlink_install': True, 'test_result_base': None}
[0.627s] Level 5:colcon.colcon_core.verb:set package 'multi_mode_controller' build argument 'cmake_args' from command line to 'None'
[0.627s] Level 5:colcon.colcon_core.verb:set package 'multi_mode_controller' build argument 'cmake_target' from command line to 'None'
[0.627s] Level 5:colcon.colcon_core.verb:set package 'multi_mode_controller' build argument 'cmake_target_skip_unavailable' from command line to 'False'
[0.627s] Level 5:colcon.colcon_core.verb:set package 'multi_mode_controller' build argument 'cmake_clean_cache' from command line to 'False'
[0.627s] Level 5:colcon.colcon_core.verb:set package 'multi_mode_controller' build argument 'cmake_clean_first' from command line to 'False'
[0.627s] Level 5:colcon.colcon_core.verb:set package 'multi_mode_controller' build argument 'cmake_force_configure' from command line to 'False'
[0.627s] Level 5:colcon.colcon_core.verb:set package 'multi_mode_controller' build argument 'ament_cmake_args' from command line to 'None'
[0.627s] Level 5:colcon.colcon_core.verb:set package 'multi_mode_controller' build argument 'catkin_cmake_args' from command line to 'None'
[0.627s] Level 5:colcon.colcon_core.verb:set package 'multi_mode_controller' build argument 'catkin_skip_building_tests' from command line to 'False'
[0.627s] DEBUG:colcon.colcon_core.verb:Building package 'multi_mode_controller' with the following arguments: {'ament_cmake_args': None, 'build_base': '/home/herring/rzddzy/ros2_ws/build/multi_mode_controller', 'catkin_cmake_args': None, 'catkin_skip_building_tests': False, 'cmake_args': None, 'cmake_clean_cache': False, 'cmake_clean_first': False, 'cmake_force_configure': False, 'cmake_target': None, 'cmake_target_skip_unavailable': False, 'install_base': '/home/herring/rzddzy/ros2_ws/install/multi_mode_controller', 'merge_install': False, 'path': '/home/herring/rzddzy/ros2_ws/src/multi_mode_controller', 'symlink_install': True, 'test_result_base': None}
[0.627s] Level 5:colcon.colcon_core.verb:set package 'multi_mode_controller_impl' build argument 'cmake_args' from command line to 'None'
[0.627s] Level 5:colcon.colcon_core.verb:set package 'multi_mode_controller_impl' build argument 'cmake_target' from command line to 'None'
[0.627s] Level 5:colcon.colcon_core.verb:set package 'multi_mode_controller_impl' build argument 'cmake_target_skip_unavailable' from command line to 'False'
[0.627s] Level 5:colcon.colcon_core.verb:set package 'multi_mode_controller_impl' build argument 'cmake_clean_cache' from command line to 'False'
[0.627s] Level 5:colcon.colcon_core.verb:set package 'multi_mode_controller_impl' build argument 'cmake_clean_first' from command line to 'False'
[0.627s] Level 5:colcon.colcon_core.verb:set package 'multi_mode_controller_impl' build argument 'cmake_force_configure' from command line to 'False'
[0.627s] Level 5:colcon.colcon_core.verb:set package 'multi_mode_controller_impl' build argument 'ament_cmake_args' from command line to 'None'
[0.627s] Level 5:colcon.colcon_core.verb:set package 'multi_mode_controller_impl' build argument 'catkin_cmake_args' from command line to 'None'
[0.627s] Level 5:colcon.colcon_core.verb:set package 'multi_mode_controller_impl' build argument 'catkin_skip_building_tests' from command line to 'False'
[0.627s] DEBUG:colcon.colcon_core.verb:Building package 'multi_mode_controller_impl' with the following arguments: {'ament_cmake_args': None, 'build_base': '/home/herring/rzddzy/ros2_ws/build/multi_mode_controller_impl', 'catkin_cmake_args': None, 'catkin_skip_building_tests': False, 'cmake_args': None, 'cmake_clean_cache': False, 'cmake_clean_first': False, 'cmake_force_configure': False, 'cmake_target': None, 'cmake_target_skip_unavailable': False, 'install_base': '/home/herring/rzddzy/ros2_ws/install/multi_mode_controller_impl', 'merge_install': False, 'path': '/home/herring/rzddzy/ros2_ws/src/multi_mode_controller_impl', 'symlink_install': True, 'test_result_base': None}
[0.627s] Level 5:colcon.colcon_core.verb:set package 'panda_motion_generators' build argument 'cmake_args' from command line to 'None'
[0.627s] Level 5:colcon.colcon_core.verb:set package 'panda_motion_generators' build argument 'cmake_target' from command line to 'None'
[0.628s] Level 5:colcon.colcon_core.verb:set package 'panda_motion_generators' build argument 'cmake_target_skip_unavailable' from command line to 'False'
[0.628s] Level 5:colcon.colcon_core.verb:set package 'panda_motion_generators' build argument 'cmake_clean_cache' from command line to 'False'
[0.628s] Level 5:colcon.colcon_core.verb:set package 'panda_motion_generators' build argument 'cmake_clean_first' from command line to 'False'
[0.628s] Level 5:colcon.colcon_core.verb:set package 'panda_motion_generators' build argument 'cmake_force_configure' from command line to 'False'
[0.628s] Level 5:colcon.colcon_core.verb:set package 'panda_motion_generators' build argument 'ament_cmake_args' from command line to 'None'
[0.628s] Level 5:colcon.colcon_core.verb:set package 'panda_motion_generators' build argument 'catkin_cmake_args' from command line to 'None'
[0.628s] Level 5:colcon.colcon_core.verb:set package 'panda_motion_generators' build argument 'catkin_skip_building_tests' from command line to 'False'
[0.628s] DEBUG:colcon.colcon_core.verb:Building package 'panda_motion_generators' with the following arguments: {'ament_cmake_args': None, 'build_base': '/home/herring/rzddzy/ros2_ws/build/panda_motion_generators', 'catkin_cmake_args': None, 'catkin_skip_building_tests': False, 'cmake_args': None, 'cmake_clean_cache': False, 'cmake_clean_first': False, 'cmake_force_configure': False, 'cmake_target': None, 'cmake_target_skip_unavailable': False, 'install_base': '/home/herring/rzddzy/ros2_ws/install/panda_motion_generators', 'merge_install': False, 'path': '/home/herring/rzddzy/ros2_ws/src/panda_motion_generators', 'symlink_install': True, 'test_result_base': None}
[0.628s] Level 5:colcon.colcon_core.verb:set package 'franka_bringup' build argument 'cmake_args' from command line to 'None'
[0.628s] Level 5:colcon.colcon_core.verb:set package 'franka_bringup' build argument 'cmake_target' from command line to 'None'
[0.628s] Level 5:colcon.colcon_core.verb:set package 'franka_bringup' build argument 'cmake_target_skip_unavailable' from command line to 'False'
[0.628s] Level 5:colcon.colcon_core.verb:set package 'franka_bringup' build argument 'cmake_clean_cache' from command line to 'False'
[0.628s] Level 5:colcon.colcon_core.verb:set package 'franka_bringup' build argument 'cmake_clean_first' from command line to 'False'
[0.628s] Level 5:colcon.colcon_core.verb:set package 'franka_bringup' build argument 'cmake_force_configure' from command line to 'False'
[0.628s] Level 5:colcon.colcon_core.verb:set package 'franka_bringup' build argument 'ament_cmake_args' from command line to 'None'
[0.628s] Level 5:colcon.colcon_core.verb:set package 'franka_bringup' build argument 'catkin_cmake_args' from command line to 'None'
[0.628s] Level 5:colcon.colcon_core.verb:set package 'franka_bringup' build argument 'catkin_skip_building_tests' from command line to 'False'
[0.628s] DEBUG:colcon.colcon_core.verb:Building package 'franka_bringup' with the following arguments: {'ament_cmake_args': None, 'build_base': '/home/herring/rzddzy/ros2_ws/build/franka_bringup', 'catkin_cmake_args': None, 'catkin_skip_building_tests': False, 'cmake_args': None, 'cmake_clean_cache': False, 'cmake_clean_first': False, 'cmake_force_configure': False, 'cmake_target': None, 'cmake_target_skip_unavailable': False, 'install_base': '/home/herring/rzddzy/ros2_ws/install/franka_bringup', 'merge_install': False, 'path': '/home/herring/rzddzy/ros2_ws/src/franka_bringup', 'symlink_install': True, 'test_result_base': None}
[0.628s] INFO:colcon.colcon_core.executor:Executing jobs using 'parallel' executor
[0.629s] DEBUG:colcon.colcon_parallel_executor.executor.parallel:run_until_complete
[0.630s] INFO:colcon.colcon_ros.task.ament_cmake.build:Building ROS package in '/home/herring/rzddzy/ros2_ws/src/mujoco_ros_pkgs/mujoco_ros_msgs' with build type 'ament_cmake'
[0.630s] INFO:colcon.colcon_cmake.task.cmake.build:Building CMake package in '/home/herring/rzddzy/ros2_ws/src/mujoco_ros_pkgs/mujoco_ros_msgs'
[0.634s] INFO:colcon.colcon_core.plugin_system:Skipping extension 'colcon_core.shell.bat': Not used on non-Windows systems
[0.634s] INFO:colcon.colcon_core.shell:Skip shell extension 'powershell' for command environment: Not usable outside of PowerShell
[0.634s] DEBUG:colcon.colcon_core.shell:Skip shell extension 'dsv' for command environment
[0.642s] INFO:colcon.colcon_ros.task.ament_cmake.build:Building ROS package in '/home/herring/rzddzy/ros2_ws/src/franka_msgs' with build type 'ament_cmake'
[0.642s] INFO:colcon.colcon_cmake.task.cmake.build:Building CMake package in '/home/herring/rzddzy/ros2_ws/src/franka_msgs'
[0.642s] INFO:colcon.colcon_core.shell:Skip shell extension 'powershell' for command environment: Not usable outside of PowerShell
[0.643s] DEBUG:colcon.colcon_core.shell:Skip shell extension 'dsv' for command environment
[0.650s] INFO:colcon.colcon_ros.task.ament_cmake.build:Building ROS package in '/home/herring/rzddzy/ros2_ws/src/franka_description' with build type 'ament_cmake'
[0.650s] INFO:colcon.colcon_cmake.task.cmake.build:Building CMake package in '/home/herring/rzddzy/ros2_ws/src/franka_description'
[0.650s] INFO:colcon.colcon_core.shell:Skip shell extension 'powershell' for command environment: Not usable outside of PowerShell
[0.651s] DEBUG:colcon.colcon_core.shell:Skip shell extension 'dsv' for command environment
[0.656s] INFO:colcon.colcon_ros.task.ament_cmake.build:Building ROS package in '/home/herring/rzddzy/ros2_ws/src/panda_motion_generator_msgs' with build type 'ament_cmake'
[0.656s] INFO:colcon.colcon_cmake.task.cmake.build:Building CMake package in '/home/herring/rzddzy/ros2_ws/src/panda_motion_generator_msgs'
[0.656s] INFO:colcon.colcon_core.shell:Skip shell extension 'powershell' for command environment: Not usable outside of PowerShell
[0.656s] DEBUG:colcon.colcon_core.shell:Skip shell extension 'dsv' for command environment
[0.664s] INFO:colcon.colcon_ros.task.ament_cmake.build:Building ROS package in '/home/herring/rzddzy/ros2_ws/src/controller' with build type 'ament_cmake'
[0.665s] INFO:colcon.colcon_cmake.task.cmake.build:Building CMake package in '/home/herring/rzddzy/ros2_ws/src/controller'
[0.665s] INFO:colcon.colcon_core.shell:Skip shell extension 'powershell' for command environment: Not usable outside of PowerShell
[0.665s] DEBUG:colcon.colcon_core.shell:Skip shell extension 'dsv' for command environment
[0.670s] INFO:colcon.colcon_core.task.python.build:Building Python package in '/home/herring/rzddzy/ros2_ws/src/franka_analytical_ik'
[0.670s] INFO:colcon.colcon_core.shell:Skip shell extension 'powershell' for command environment: Not usable outside of PowerShell
[0.670s] DEBUG:colcon.colcon_core.shell:Skip shell extension 'dsv' for command environment
[0.682s] DEBUG:colcon.colcon_core.event_handler.log_command:Invoking command in '/home/herring/rzddzy/ros2_ws/build/mujoco_ros_msgs': CMAKE_PREFIX_PATH=${CMAKE_PREFIX_PATH}:/opt/ros/jazzy DEBUGINFOD_URLS=https://debuginfod.ubuntu.com /usr/bin/cmake /home/herring/rzddzy/ros2_ws/src/mujoco_ros_pkgs/mujoco_ros_msgs -DAMENT_CMAKE_SYMLINK_INSTALL=1 -DCMAKE_INSTALL_PREFIX=/home/herring/rzddzy/ros2_ws/install/mujoco_ros_msgs
[0.685s] DEBUG:colcon.colcon_core.event_handler.log_command:Invoking command in '/home/herring/rzddzy/ros2_ws/build/franka_msgs': CMAKE_PREFIX_PATH=${CMAKE_PREFIX_PATH}:/opt/ros/jazzy DEBUGINFOD_URLS=https://debuginfod.ubuntu.com /usr/bin/cmake /home/herring/rzddzy/ros2_ws/src/franka_msgs -DAMENT_CMAKE_SYMLINK_INSTALL=1 -DCMAKE_INSTALL_PREFIX=/home/herring/rzddzy/ros2_ws/install/franka_msgs
[0.690s] DEBUG:colcon.colcon_core.event_handler.log_command:Invoking command in '/home/herring/rzddzy/ros2_ws/build/franka_description': CMAKE_PREFIX_PATH=${CMAKE_PREFIX_PATH}:/opt/ros/jazzy DEBUGINFOD_URLS=https://debuginfod.ubuntu.com /usr/bin/cmake /home/herring/rzddzy/ros2_ws/src/franka_description -DAMENT_CMAKE_SYMLINK_INSTALL=1 -DCMAKE_INSTALL_PREFIX=/home/herring/rzddzy/ros2_ws/install/franka_description
[0.692s] DEBUG:colcon.colcon_core.event_handler.log_command:Invoking command in '/home/herring/rzddzy/ros2_ws/build/panda_motion_generator_msgs': CMAKE_PREFIX_PATH=${CMAKE_PREFIX_PATH}:/opt/ros/jazzy DEBUGINFOD_URLS=https://debuginfod.ubuntu.com /usr/bin/cmake /home/herring/rzddzy/ros2_ws/src/panda_motion_generator_msgs -DAMENT_CMAKE_SYMLINK_INSTALL=1 -DCMAKE_INSTALL_PREFIX=/home/herring/rzddzy/ros2_ws/install/panda_motion_generator_msgs
[0.696s] DEBUG:colcon.colcon_core.event_handler.log_command:Invoking command in '/home/herring/rzddzy/ros2_ws/build/controller': CMAKE_PREFIX_PATH=${CMAKE_PREFIX_PATH}:/opt/ros/jazzy DEBUGINFOD_URLS=https://debuginfod.ubuntu.com /usr/bin/cmake /home/herring/rzddzy/ros2_ws/src/controller -DAMENT_CMAKE_SYMLINK_INSTALL=1 -DCMAKE_INSTALL_PREFIX=/home/herring/rzddzy/ros2_ws/install/controller
[1.251s] DEBUG:colcon.colcon_core.event_handler.log_command:Invoked command in '/home/herring/rzddzy/ros2_ws/build/franka_description' returned '0': CMAKE_PREFIX_PATH=${CMAKE_PREFIX_PATH}:/opt/ros/jazzy DEBUGINFOD_URLS=https://debuginfod.ubuntu.com /usr/bin/cmake /home/herring/rzddzy/ros2_ws/src/franka_description -DAMENT_CMAKE_SYMLINK_INSTALL=1 -DCMAKE_INSTALL_PREFIX=/home/herring/rzddzy/ros2_ws/install/franka_description
[1.253s] DEBUG:colcon.colcon_core.event_handler.log_command:Invoking command in '/home/herring/rzddzy/ros2_ws/build/franka_description': CMAKE_PREFIX_PATH=${CMAKE_PREFIX_PATH}:/opt/ros/jazzy DEBUGINFOD_URLS=https://debuginfod.ubuntu.com /usr/bin/cmake --build /home/herring/rzddzy/ros2_ws/build/franka_description -- -j28 -l28
[1.320s] DEBUG:colcon.colcon_core.event_handler.log_command:Invoked command in '/home/herring/rzddzy/ros2_ws/build/franka_description' returned '0': CMAKE_PREFIX_PATH=${CMAKE_PREFIX_PATH}:/opt/ros/jazzy DEBUGINFOD_URLS=https://debuginfod.ubuntu.com /usr/bin/cmake --build /home/herring/rzddzy/ros2_ws/build/franka_description -- -j28 -l28
[1.339s] DEBUG:colcon.colcon_core.event_handler.log_command:Invoking command in '/home/herring/rzddzy/ros2_ws/build/franka_description': CMAKE_PREFIX_PATH=${CMAKE_PREFIX_PATH}:/opt/ros/jazzy DEBUGINFOD_URLS=https://debuginfod.ubuntu.com /usr/bin/cmake --install /home/herring/rzddzy/ros2_ws/build/franka_description
[1.388s] Level 1:colcon.colcon_core.environment:create_environment_scripts_only(franka_description)
[1.390s] DEBUG:colcon.colcon_core.event_handler.log_command:Invoked command in '/home/herring/rzddzy/ros2_ws/build/franka_description' returned '0': CMAKE_PREFIX_PATH=${CMAKE_PREFIX_PATH}:/opt/ros/jazzy DEBUGINFOD_URLS=https://debuginfod.ubuntu.com /usr/bin/cmake --install /home/herring/rzddzy/ros2_ws/build/franka_description
[1.394s] Level 1:colcon.colcon_core.environment:checking '/home/herring/rzddzy/ros2_ws/install/franka_description' for CMake module files
[1.395s] Level 1:colcon.colcon_core.environment:checking '/home/herring/rzddzy/ros2_ws/install/franka_description' for CMake config files
[1.396s] Level 1:colcon.colcon_core.shell:create_environment_hook('franka_description', 'cmake_prefix_path')
[1.397s] INFO:colcon.colcon_core.shell:Creating environment hook '/home/herring/rzddzy/ros2_ws/install/franka_description/share/franka_description/hook/cmake_prefix_path.ps1'
[1.398s] INFO:colcon.colcon_core.shell:Creating environment descriptor '/home/herring/rzddzy/ros2_ws/install/franka_description/share/franka_description/hook/cmake_prefix_path.dsv'
[1.399s] INFO:colcon.colcon_core.shell:Creating environment hook '/home/herring/rzddzy/ros2_ws/install/franka_description/share/franka_description/hook/cmake_prefix_path.sh'
[1.401s] Level 1:colcon.colcon_core.environment:checking '/home/herring/rzddzy/ros2_ws/install/franka_description/bin'
[1.402s] Level 1:colcon.colcon_core.environment:checking '/home/herring/rzddzy/ros2_ws/install/franka_description/lib/pkgconfig/franka_description.pc'
[1.402s] Level 1:colcon.colcon_core.environment:checking '/home/herring/rzddzy/ros2_ws/install/franka_description/lib/python3.12/site-packages'
[1.403s] Level 1:colcon.colcon_core.environment:checking '/home/herring/rzddzy/ros2_ws/install/franka_description/bin'
[1.403s] INFO:colcon.colcon_core.shell:Creating package script '/home/herring/rzddzy/ros2_ws/install/franka_description/share/franka_description/package.ps1'
[1.405s] INFO:colcon.colcon_core.shell:Creating package descriptor '/home/herring/rzddzy/ros2_ws/install/franka_description/share/franka_description/package.dsv'
[1.406s] INFO:colcon.colcon_core.shell:Creating package script '/home/herring/rzddzy/ros2_ws/install/franka_description/share/franka_description/package.sh'
[1.407s] INFO:colcon.colcon_core.shell:Creating package script '/home/herring/rzddzy/ros2_ws/install/franka_description/share/franka_description/package.bash'
[1.407s] INFO:colcon.colcon_core.shell:Creating package script '/home/herring/rzddzy/ros2_ws/install/franka_description/share/franka_description/package.zsh'
[1.408s] Level 1:colcon.colcon_core.environment:create_file_with_runtime_dependencies(/home/herring/rzddzy/ros2_ws/install/franka_description/share/colcon-core/packages/franka_description)
[1.409s] Level 1:colcon.colcon_core.environment:create_environment_scripts_only(franka_description)
[1.409s] Level 1:colcon.colcon_core.environment:checking '/home/herring/rzddzy/ros2_ws/install/franka_description' for CMake module files
[1.410s] Level 1:colcon.colcon_core.environment:checking '/home/herring/rzddzy/ros2_ws/install/franka_description' for CMake config files
[1.410s] Level 1:colcon.colcon_core.shell:create_environment_hook('franka_description', 'cmake_prefix_path')
[1.410s] INFO:colcon.colcon_core.shell:Creating environment hook '/home/herring/rzddzy/ros2_ws/install/franka_description/share/franka_description/hook/cmake_prefix_path.ps1'
[1.411s] INFO:colcon.colcon_core.shell:Creating environment descriptor '/home/herring/rzddzy/ros2_ws/install/franka_description/share/franka_description/hook/cmake_prefix_path.dsv'
[1.411s] INFO:colcon.colcon_core.shell:Creating environment hook '/home/herring/rzddzy/ros2_ws/install/franka_description/share/franka_description/hook/cmake_prefix_path.sh'
[1.412s] Level 1:colcon.colcon_core.environment:checking '/home/herring/rzddzy/ros2_ws/install/franka_description/bin'
[1.412s] Level 1:colcon.colcon_core.environment:checking '/home/herring/rzddzy/ros2_ws/install/franka_description/lib/pkgconfig/franka_description.pc'
[1.413s] Level 1:colcon.colcon_core.environment:checking '/home/herring/rzddzy/ros2_ws/install/franka_description/lib/python3.12/site-packages'
[1.413s] Level 1:colcon.colcon_core.environment:checking '/home/herring/rzddzy/ros2_ws/install/franka_description/bin'
[1.413s] INFO:colcon.colcon_core.shell:Creating package script '/home/herring/rzddzy/ros2_ws/install/franka_description/share/franka_description/package.ps1'
[1.414s] INFO:colcon.colcon_core.shell:Creating package descriptor '/home/herring/rzddzy/ros2_ws/install/franka_description/share/franka_description/package.dsv'
[1.415s] INFO:colcon.colcon_core.shell:Creating package script '/home/herring/rzddzy/ros2_ws/install/franka_description/share/franka_description/package.sh'
[1.415s] INFO:colcon.colcon_core.shell:Creating package script '/home/herring/rzddzy/ros2_ws/install/franka_description/share/franka_description/package.bash'
[1.416s] INFO:colcon.colcon_core.shell:Creating package script '/home/herring/rzddzy/ros2_ws/install/franka_description/share/franka_description/package.zsh'
[1.416s] Level 1:colcon.colcon_core.environment:create_file_with_runtime_dependencies(/home/herring/rzddzy/ros2_ws/install/franka_description/share/colcon-core/packages/franka_description)
[1.966s] DEBUG:colcon.colcon_core.event_handler.log_command:Invoked command in '/home/herring/rzddzy/ros2_ws/build/controller' returned '0': CMAKE_PREFIX_PATH=${CMAKE_PREFIX_PATH}:/opt/ros/jazzy DEBUGINFOD_URLS=https://debuginfod.ubuntu.com /usr/bin/cmake /home/herring/rzddzy/ros2_ws/src/controller -DAMENT_CMAKE_SYMLINK_INSTALL=1 -DCMAKE_INSTALL_PREFIX=/home/herring/rzddzy/ros2_ws/install/controller
[1.969s] DEBUG:colcon.colcon_core.event_handler.log_command:Invoking command in '/home/herring/rzddzy/ros2_ws/build/controller': CMAKE_PREFIX_PATH=${CMAKE_PREFIX_PATH}:/opt/ros/jazzy DEBUGINFOD_URLS=https://debuginfod.ubuntu.com /usr/bin/cmake --build /home/herring/rzddzy/ros2_ws/build/controller -- -j28 -l28
[2.026s] DEBUG:colcon.colcon_core.event_handler.log_command:Invoking command in '/home/herring/rzddzy/ros2_ws/build/franka_ik_py': DEBUGINFOD_URLS=https://debuginfod.ubuntu.com PYTHONPATH=/home/herring/rzddzy/ros2_ws/build/franka_ik_py/prefix_override:/usr/lib/python3/dist-packages/colcon_core/task/python/colcon_distutils_commands:/home/herring/rzddzy/ros2_ws/install/franka_ik_py/lib/python3.12/site-packages:${PYTHONPATH} /usr/bin/python3 -W ignore:setup.py install is deprecated -W ignore:easy_install command is deprecated setup.py develop --editable --build-directory /home/herring/rzddzy/ros2_ws/build/franka_ik_py/build --no-deps
[2.822s] DEBUG:colcon.colcon_core.event_handler.log_command:Invoked command in '/home/herring/rzddzy/ros2_ws/build/franka_ik_py' returned '1': DEBUGINFOD_URLS=https://debuginfod.ubuntu.com PYTHONPATH=/home/herring/rzddzy/ros2_ws/build/franka_ik_py/prefix_override:/usr/lib/python3/dist-packages/colcon_core/task/python/colcon_distutils_commands:/home/herring/rzddzy/ros2_ws/install/franka_ik_py/lib/python3.12/site-packages:${PYTHONPATH} /usr/bin/python3 -W ignore:setup.py install is deprecated -W ignore:easy_install command is deprecated setup.py develop --editable --build-directory /home/herring/rzddzy/ros2_ws/build/franka_ik_py/build --no-deps
[3.441s] DEBUG:colcon.colcon_parallel_executor.executor.parallel:closing loop
[3.441s] DEBUG:colcon.colcon_parallel_executor.executor.parallel:loop closed
[3.441s] DEBUG:colcon.colcon_parallel_executor.executor.parallel:run_until_complete finished with '1'
[3.441s] DEBUG:colcon.colcon_core.event_reactor:joining thread
[3.457s] INFO:colcon.colcon_core.plugin_system:Skipping extension 'colcon_notification.desktop_notification.terminal_notifier': Not used on non-Darwin systems
[3.457s] INFO:colcon.colcon_core.plugin_system:Skipping extension 'colcon_notification.desktop_notification.win32': Not used on non-Windows systems
[3.457s] INFO:colcon.colcon_notification.desktop_notification:Sending desktop notification using 'notify2'
[3.494s] DEBUG:colcon.colcon_core.event_reactor:joined thread
[3.495s] INFO:colcon.colcon_core.shell:Creating prefix script '/home/herring/rzddzy/ros2_ws/install/local_setup.ps1'
[3.496s] INFO:colcon.colcon_core.shell:Creating prefix util module '/home/herring/rzddzy/ros2_ws/install/_local_setup_util_ps1.py'
[3.498s] INFO:colcon.colcon_core.shell:Creating prefix chain script '/home/herring/rzddzy/ros2_ws/install/setup.ps1'
[3.503s] INFO:colcon.colcon_core.shell:Creating prefix script '/home/herring/rzddzy/ros2_ws/install/local_setup.sh'
[3.504s] INFO:colcon.colcon_core.shell:Creating prefix util module '/home/herring/rzddzy/ros2_ws/install/_local_setup_util_sh.py'
[3.505s] INFO:colcon.colcon_core.shell:Creating prefix chain script '/home/herring/rzddzy/ros2_ws/install/setup.sh'
[3.509s] INFO:colcon.colcon_core.shell:Creating prefix script '/home/herring/rzddzy/ros2_ws/install/local_setup.bash'
[3.510s] INFO:colcon.colcon_core.shell:Creating prefix chain script '/home/herring/rzddzy/ros2_ws/install/setup.bash'
[3.513s] INFO:colcon.colcon_core.shell:Creating prefix script '/home/herring/rzddzy/ros2_ws/install/local_setup.zsh'
[3.514s] INFO:colcon.colcon_core.shell:Creating prefix chain script '/home/herring/rzddzy/ros2_ws/install/setup.zsh'
