[0.008s] Invoking command in '/home/herring/rzddzy/ros2_ws/build/multi_mode_control_msgs': AMENT_PREFIX_PATH=/home/herring/rzddzy/ros2_ws/install/franka_msgs:${AMENT_PREFIX_PATH} CMAKE_PREFIX_PATH=/home/herring/rzddzy/ros2_ws/install/franka_msgs:/opt/ros/jazzy/opt/sdformat_vendor:/opt/ros/jazzy/opt/gz_math_vendor:/opt/ros/jazzy/opt/gz_utils_vendor:/opt/ros/jazzy/opt/gz_tools_vendor:/opt/ros/jazzy/opt/gz_cmake_vendor:/opt/ros/jazzy DEBUGINFOD_URLS=https://debuginfod.ubuntu.com LD_LIBRARY_PATH=/home/herring/rzddzy/ros2_ws/install/franka_msgs/lib:${LD_LIBRARY_PATH} PYTHONPATH=/home/herring/rzddzy/ros2_ws/install/franka_msgs/lib/python3.12/site-packages:${PYTHONPATH} /usr/bin/cmake /home/herring/rzddzy/ros2_ws/src/multi_mode_control_msgs -DAMENT_CMAKE_SYMLINK_INSTALL=1 -DCMAKE_INSTALL_PREFIX=/home/herring/rzddzy/ros2_ws/install/multi_mode_control_msgs
[0.020s] -- Found ament_cmake: 2.5.5 (/opt/ros/jazzy/share/ament_cmake/cmake)
[0.045s] -- Found Python3: /usr/bin/python3 (found version "3.12.3") found components: Interpreter 
[0.103s] -- Override CMake install command with custom implementation using symlinks instead of copying resources
[0.108s] -- Found geometry_msgs: 5.3.6 (/opt/ros/jazzy/share/geometry_msgs/cmake)
[0.127s] -- Found rosidl_generator_c: 4.6.7 (/opt/ros/jazzy/share/rosidl_generator_c/cmake)
[0.132s] -- Found rosidl_generator_cpp: 4.6.7 (/opt/ros/jazzy/share/rosidl_generator_cpp/cmake)
[0.138s] -- Using all available rosidl_typesupport_c: rosidl_typesupport_fastrtps_c;rosidl_typesupport_introspection_c
[0.145s] -- Using all available rosidl_typesupport_cpp: rosidl_typesupport_fastrtps_cpp;rosidl_typesupport_introspection_cpp
[0.167s] -- Found franka_msgs: 0.0.0 (/home/herring/rzddzy/ros2_ws/install/franka_msgs/share/franka_msgs/cmake)
[0.221s] -- Found rosidl_default_generators: 1.6.0 (/opt/ros/jazzy/share/rosidl_default_generators/cmake)
[0.229s] -- Found rosidl_adapter: 4.6.7 (/opt/ros/jazzy/share/rosidl_adapter/cmake)
[0.513s] -- Found ament_cmake_ros: 0.12.0 (/opt/ros/jazzy/share/ament_cmake_ros/cmake)
[0.741s] -- Using all available rosidl_typesupport_c: rosidl_typesupport_fastrtps_c;rosidl_typesupport_introspection_c
[0.840s] -- Using all available rosidl_typesupport_cpp: rosidl_typesupport_fastrtps_cpp;rosidl_typesupport_introspection_cpp
[0.841s] -- Found python_cmake_module: 0.11.1 (/opt/ros/jazzy/share/python_cmake_module/cmake)
[1.053s] -- Found Python3: /usr/bin/python3 (found version "3.12.3") found components: Interpreter Development NumPy Development.Module Development.Embed 
[1.118s] -- Configuring done (1.1s)
[1.205s] -- Generating done (0.1s)
[1.219s] -- Build files have been written to: /home/herring/rzddzy/ros2_ws/build/multi_mode_control_msgs
[1.228s] Invoked command in '/home/herring/rzddzy/ros2_ws/build/multi_mode_control_msgs' returned '0': AMENT_PREFIX_PATH=/home/herring/rzddzy/ros2_ws/install/franka_msgs:${AMENT_PREFIX_PATH} CMAKE_PREFIX_PATH=/home/herring/rzddzy/ros2_ws/install/franka_msgs:/opt/ros/jazzy/opt/sdformat_vendor:/opt/ros/jazzy/opt/gz_math_vendor:/opt/ros/jazzy/opt/gz_utils_vendor:/opt/ros/jazzy/opt/gz_tools_vendor:/opt/ros/jazzy/opt/gz_cmake_vendor:/opt/ros/jazzy DEBUGINFOD_URLS=https://debuginfod.ubuntu.com LD_LIBRARY_PATH=/home/herring/rzddzy/ros2_ws/install/franka_msgs/lib:${LD_LIBRARY_PATH} PYTHONPATH=/home/herring/rzddzy/ros2_ws/install/franka_msgs/lib/python3.12/site-packages:${PYTHONPATH} /usr/bin/cmake /home/herring/rzddzy/ros2_ws/src/multi_mode_control_msgs -DAMENT_CMAKE_SYMLINK_INSTALL=1 -DCMAKE_INSTALL_PREFIX=/home/herring/rzddzy/ros2_ws/install/multi_mode_control_msgs
[1.229s] Invoking command in '/home/herring/rzddzy/ros2_ws/build/multi_mode_control_msgs': AMENT_PREFIX_PATH=/home/herring/rzddzy/ros2_ws/install/franka_msgs:${AMENT_PREFIX_PATH} CMAKE_PREFIX_PATH=/home/herring/rzddzy/ros2_ws/install/franka_msgs:/opt/ros/jazzy/opt/sdformat_vendor:/opt/ros/jazzy/opt/gz_math_vendor:/opt/ros/jazzy/opt/gz_utils_vendor:/opt/ros/jazzy/opt/gz_tools_vendor:/opt/ros/jazzy/opt/gz_cmake_vendor:/opt/ros/jazzy DEBUGINFOD_URLS=https://debuginfod.ubuntu.com LD_LIBRARY_PATH=/home/herring/rzddzy/ros2_ws/install/franka_msgs/lib:${LD_LIBRARY_PATH} PYTHONPATH=/home/herring/rzddzy/ros2_ws/install/franka_msgs/lib/python3.12/site-packages:${PYTHONPATH} /usr/bin/cmake --build /home/herring/rzddzy/ros2_ws/build/multi_mode_control_msgs -- -j28 -l28
[1.276s] [  1%] Built target multi_mode_control_msgs__rosidl_generator_type_description
[1.283s] [  1%] Built target ament_cmake_python_symlink_multi_mode_control_msgs
[1.291s] [  1%] Built target multi_mode_control_msgs__cpp
[1.326s] [ 28%] Built target multi_mode_control_msgs__rosidl_generator_c
[1.351s] [ 38%] Built target multi_mode_control_msgs__rosidl_typesupport_introspection_c
[1.358s] [ 47%] Built target multi_mode_control_msgs__rosidl_typesupport_c
[1.366s] [ 57%] Built target multi_mode_control_msgs__rosidl_typesupport_cpp
[1.372s] [ 67%] Built target multi_mode_control_msgs__rosidl_typesupport_fastrtps_cpp
[1.373s] [ 85%] Built target multi_mode_control_msgs__rosidl_typesupport_introspection_cpp
[1.373s] [ 86%] Built target multi_mode_control_msgs__rosidl_typesupport_fastrtps_c
[1.393s] [ 86%] Built target multi_mode_control_msgs
[1.410s] [ 87%] Built target multi_mode_control_msgs__py
[1.444s] [ 96%] Built target multi_mode_control_msgs__rosidl_generator_py
[1.462s] [ 97%] Built target multi_mode_control_msgs_s__rosidl_typesupport_c
[1.465s] [ 98%] Built target multi_mode_control_msgs_s__rosidl_typesupport_fastrtps_c
[1.466s] [100%] Built target multi_mode_control_msgs_s__rosidl_typesupport_introspection_c
[1.491s] running egg_info
[1.513s] writing multi_mode_control_msgs.egg-info/PKG-INFO
[1.513s] writing dependency_links to multi_mode_control_msgs.egg-info/dependency_links.txt
[1.513s] writing top-level names to multi_mode_control_msgs.egg-info/top_level.txt
[1.574s] reading manifest file 'multi_mode_control_msgs.egg-info/SOURCES.txt'
[1.575s] writing manifest file 'multi_mode_control_msgs.egg-info/SOURCES.txt'
[1.608s] [100%] Built target ament_cmake_python_build_multi_mode_control_msgs_egg
[1.619s] Invoked command in '/home/herring/rzddzy/ros2_ws/build/multi_mode_control_msgs' returned '0': AMENT_PREFIX_PATH=/home/herring/rzddzy/ros2_ws/install/franka_msgs:${AMENT_PREFIX_PATH} CMAKE_PREFIX_PATH=/home/herring/rzddzy/ros2_ws/install/franka_msgs:/opt/ros/jazzy/opt/sdformat_vendor:/opt/ros/jazzy/opt/gz_math_vendor:/opt/ros/jazzy/opt/gz_utils_vendor:/opt/ros/jazzy/opt/gz_tools_vendor:/opt/ros/jazzy/opt/gz_cmake_vendor:/opt/ros/jazzy DEBUGINFOD_URLS=https://debuginfod.ubuntu.com LD_LIBRARY_PATH=/home/herring/rzddzy/ros2_ws/install/franka_msgs/lib:${LD_LIBRARY_PATH} PYTHONPATH=/home/herring/rzddzy/ros2_ws/install/franka_msgs/lib/python3.12/site-packages:${PYTHONPATH} /usr/bin/cmake --build /home/herring/rzddzy/ros2_ws/build/multi_mode_control_msgs -- -j28 -l28
[1.621s] Invoking command in '/home/herring/rzddzy/ros2_ws/build/multi_mode_control_msgs': AMENT_PREFIX_PATH=/home/herring/rzddzy/ros2_ws/install/franka_msgs:${AMENT_PREFIX_PATH} CMAKE_PREFIX_PATH=/home/herring/rzddzy/ros2_ws/install/franka_msgs:/opt/ros/jazzy/opt/sdformat_vendor:/opt/ros/jazzy/opt/gz_math_vendor:/opt/ros/jazzy/opt/gz_utils_vendor:/opt/ros/jazzy/opt/gz_tools_vendor:/opt/ros/jazzy/opt/gz_cmake_vendor:/opt/ros/jazzy DEBUGINFOD_URLS=https://debuginfod.ubuntu.com LD_LIBRARY_PATH=/home/herring/rzddzy/ros2_ws/install/franka_msgs/lib:${LD_LIBRARY_PATH} PYTHONPATH=/home/herring/rzddzy/ros2_ws/install/franka_msgs/lib/python3.12/site-packages:${PYTHONPATH} /usr/bin/cmake --install /home/herring/rzddzy/ros2_ws/build/multi_mode_control_msgs
[1.627s] -- Install configuration: ""
[1.627s] -- Execute custom install script
[1.627s] -- Up-to-date symlink: /home/herring/rzddzy/ros2_ws/install/multi_mode_control_msgs/share/ament_index/resource_index/rosidl_interfaces/multi_mode_control_msgs
[1.628s] -- Up-to-date symlink: /home/herring/rzddzy/ros2_ws/install/multi_mode_control_msgs/share/multi_mode_control_msgs/msg/CartesianImpedanceGoal.json
[1.628s] -- Up-to-date symlink: /home/herring/rzddzy/ros2_ws/install/multi_mode_control_msgs/share/multi_mode_control_msgs/msg/DualCartesianImpedanceGoal.json
[1.628s] -- Up-to-date symlink: /home/herring/rzddzy/ros2_ws/install/multi_mode_control_msgs/share/multi_mode_control_msgs/msg/ContactThresholds.json
[1.628s] -- Up-to-date symlink: /home/herring/rzddzy/ros2_ws/install/multi_mode_control_msgs/share/multi_mode_control_msgs/msg/Controller.json
[1.628s] -- Up-to-date symlink: /home/herring/rzddzy/ros2_ws/install/multi_mode_control_msgs/share/multi_mode_control_msgs/msg/JointArray.json
[1.628s] -- Up-to-date symlink: /home/herring/rzddzy/ros2_ws/install/multi_mode_control_msgs/share/multi_mode_control_msgs/msg/JointGoal.json
[1.628s] -- Up-to-date symlink: /home/herring/rzddzy/ros2_ws/install/multi_mode_control_msgs/share/multi_mode_control_msgs/msg/VelocityGoal.json
[1.628s] -- Up-to-date symlink: /home/herring/rzddzy/ros2_ws/install/multi_mode_control_msgs/share/multi_mode_control_msgs/msg/Wrench.json
[1.628s] -- Up-to-date symlink: /home/herring/rzddzy/ros2_ws/install/multi_mode_control_msgs/share/multi_mode_control_msgs/srv/GetControllers.json
[1.628s] -- Up-to-date symlink: /home/herring/rzddzy/ros2_ws/install/multi_mode_control_msgs/share/multi_mode_control_msgs/srv/GetRobotStates.json
[1.629s] -- Up-to-date symlink: /home/herring/rzddzy/ros2_ws/install/multi_mode_control_msgs/share/multi_mode_control_msgs/srv/SetCartesianImpedance.json
[1.629s] -- Up-to-date symlink: /home/herring/rzddzy/ros2_ws/install/multi_mode_control_msgs/share/multi_mode_control_msgs/srv/SetControllers.json
[1.629s] -- Up-to-date symlink: /home/herring/rzddzy/ros2_ws/install/multi_mode_control_msgs/share/multi_mode_control_msgs/srv/SetJointImpedance.json
[1.629s] -- Up-to-date symlink: /home/herring/rzddzy/ros2_ws/install/multi_mode_control_msgs/share/multi_mode_control_msgs/srv/SetRecoveryMode.json
[1.629s] -- Up-to-date symlink: /home/herring/rzddzy/ros2_ws/install/multi_mode_control_msgs/share/multi_mode_control_msgs/srv/SetReflex.json
[1.629s] -- Up-to-date symlink: /home/herring/rzddzy/ros2_ws/install/multi_mode_control_msgs/share/multi_mode_control_msgs/srv/SetThresholds.json
[1.629s] -- Up-to-date symlink: /home/herring/rzddzy/ros2_ws/install/multi_mode_control_msgs/share/multi_mode_control_msgs/srv/SetWorldState.json
[1.630s] -- Up-to-date symlink: /home/herring/rzddzy/ros2_ws/install/multi_mode_control_msgs/include/multi_mode_control_msgs/multi_mode_control_msgs/msg/cartesian_impedance_goal.h
[1.630s] -- Up-to-date symlink: /home/herring/rzddzy/ros2_ws/install/multi_mode_control_msgs/include/multi_mode_control_msgs/multi_mode_control_msgs/msg/contact_thresholds.h
[1.630s] -- Up-to-date symlink: /home/herring/rzddzy/ros2_ws/install/multi_mode_control_msgs/include/multi_mode_control_msgs/multi_mode_control_msgs/msg/controller.h
[1.630s] -- Up-to-date symlink: /home/herring/rzddzy/ros2_ws/install/multi_mode_control_msgs/include/multi_mode_control_msgs/multi_mode_control_msgs/msg/detail/cartesian_impedance_goal__functions.h
[1.630s] -- Up-to-date symlink: /home/herring/rzddzy/ros2_ws/install/multi_mode_control_msgs/include/multi_mode_control_msgs/multi_mode_control_msgs/msg/detail/cartesian_impedance_goal__struct.h
[1.630s] -- Up-to-date symlink: /home/herring/rzddzy/ros2_ws/install/multi_mode_control_msgs/include/multi_mode_control_msgs/multi_mode_control_msgs/msg/detail/cartesian_impedance_goal__type_support.h
[1.630s] -- Up-to-date symlink: /home/herring/rzddzy/ros2_ws/install/multi_mode_control_msgs/include/multi_mode_control_msgs/multi_mode_control_msgs/msg/detail/contact_thresholds__functions.h
[1.631s] -- Up-to-date symlink: /home/herring/rzddzy/ros2_ws/install/multi_mode_control_msgs/include/multi_mode_control_msgs/multi_mode_control_msgs/msg/detail/contact_thresholds__struct.h
[1.631s] -- Up-to-date symlink: /home/herring/rzddzy/ros2_ws/install/multi_mode_control_msgs/include/multi_mode_control_msgs/multi_mode_control_msgs/msg/detail/contact_thresholds__type_support.h
[1.631s] -- Up-to-date symlink: /home/herring/rzddzy/ros2_ws/install/multi_mode_control_msgs/include/multi_mode_control_msgs/multi_mode_control_msgs/msg/detail/controller__functions.h
[1.631s] -- Up-to-date symlink: /home/herring/rzddzy/ros2_ws/install/multi_mode_control_msgs/include/multi_mode_control_msgs/multi_mode_control_msgs/msg/detail/controller__struct.h
[1.631s] -- Up-to-date symlink: /home/herring/rzddzy/ros2_ws/install/multi_mode_control_msgs/include/multi_mode_control_msgs/multi_mode_control_msgs/msg/detail/controller__type_support.h
[1.631s] -- Up-to-date symlink: /home/herring/rzddzy/ros2_ws/install/multi_mode_control_msgs/include/multi_mode_control_msgs/multi_mode_control_msgs/msg/detail/dual_cartesian_impedance_goal__functions.h
[1.631s] -- Up-to-date symlink: /home/herring/rzddzy/ros2_ws/install/multi_mode_control_msgs/include/multi_mode_control_msgs/multi_mode_control_msgs/msg/detail/dual_cartesian_impedance_goal__struct.h
[1.631s] -- Up-to-date symlink: /home/herring/rzddzy/ros2_ws/install/multi_mode_control_msgs/include/multi_mode_control_msgs/multi_mode_control_msgs/msg/detail/dual_cartesian_impedance_goal__type_support.h
[1.631s] -- Up-to-date symlink: /home/herring/rzddzy/ros2_ws/install/multi_mode_control_msgs/include/multi_mode_control_msgs/multi_mode_control_msgs/msg/detail/joint_array__functions.h
[1.632s] -- Up-to-date symlink: /home/herring/rzddzy/ros2_ws/install/multi_mode_control_msgs/include/multi_mode_control_msgs/multi_mode_control_msgs/msg/detail/joint_array__struct.h
[1.632s] -- Up-to-date symlink: /home/herring/rzddzy/ros2_ws/install/multi_mode_control_msgs/include/multi_mode_control_msgs/multi_mode_control_msgs/msg/detail/joint_array__type_support.h
[1.632s] -- Up-to-date symlink: /home/herring/rzddzy/ros2_ws/install/multi_mode_control_msgs/include/multi_mode_control_msgs/multi_mode_control_msgs/msg/detail/joint_goal__functions.h
[1.632s] -- Up-to-date symlink: /home/herring/rzddzy/ros2_ws/install/multi_mode_control_msgs/include/multi_mode_control_msgs/multi_mode_control_msgs/msg/detail/joint_goal__struct.h
[1.632s] -- Up-to-date symlink: /home/herring/rzddzy/ros2_ws/install/multi_mode_control_msgs/include/multi_mode_control_msgs/multi_mode_control_msgs/msg/detail/joint_goal__type_support.h
[1.632s] -- Up-to-date symlink: /home/herring/rzddzy/ros2_ws/install/multi_mode_control_msgs/include/multi_mode_control_msgs/multi_mode_control_msgs/msg/detail/velocity_goal__functions.h
[1.633s] -- Up-to-date symlink: /home/herring/rzddzy/ros2_ws/install/multi_mode_control_msgs/include/multi_mode_control_msgs/multi_mode_control_msgs/msg/detail/velocity_goal__struct.h
[1.634s] -- Up-to-date symlink: /home/herring/rzddzy/ros2_ws/install/multi_mode_control_msgs/include/multi_mode_control_msgs/multi_mode_control_msgs/msg/detail/velocity_goal__type_support.h
[1.634s] -- Up-to-date symlink: /home/herring/rzddzy/ros2_ws/install/multi_mode_control_msgs/include/multi_mode_control_msgs/multi_mode_control_msgs/msg/detail/wrench__functions.h
[1.634s] -- Up-to-date symlink: /home/herring/rzddzy/ros2_ws/install/multi_mode_control_msgs/include/multi_mode_control_msgs/multi_mode_control_msgs/msg/detail/wrench__struct.h
[1.634s] -- Up-to-date symlink: /home/herring/rzddzy/ros2_ws/install/multi_mode_control_msgs/include/multi_mode_control_msgs/multi_mode_control_msgs/msg/detail/wrench__type_support.h
[1.634s] -- Up-to-date symlink: /home/herring/rzddzy/ros2_ws/install/multi_mode_control_msgs/include/multi_mode_control_msgs/multi_mode_control_msgs/msg/dual_cartesian_impedance_goal.h
[1.634s] -- Up-to-date symlink: /home/herring/rzddzy/ros2_ws/install/multi_mode_control_msgs/include/multi_mode_control_msgs/multi_mode_control_msgs/msg/joint_array.h
[1.634s] -- Up-to-date symlink: /home/herring/rzddzy/ros2_ws/install/multi_mode_control_msgs/include/multi_mode_control_msgs/multi_mode_control_msgs/msg/joint_goal.h
[1.634s] -- Up-to-date symlink: /home/herring/rzddzy/ros2_ws/install/multi_mode_control_msgs/include/multi_mode_control_msgs/multi_mode_control_msgs/msg/rosidl_generator_c__visibility_control.h
[1.634s] -- Up-to-date symlink: /home/herring/rzddzy/ros2_ws/install/multi_mode_control_msgs/include/multi_mode_control_msgs/multi_mode_control_msgs/msg/velocity_goal.h
[1.634s] -- Up-to-date symlink: /home/herring/rzddzy/ros2_ws/install/multi_mode_control_msgs/include/multi_mode_control_msgs/multi_mode_control_msgs/msg/wrench.h
[1.634s] -- Up-to-date symlink: /home/herring/rzddzy/ros2_ws/install/multi_mode_control_msgs/include/multi_mode_control_msgs/multi_mode_control_msgs/srv/detail/get_controllers__functions.h
[1.634s] -- Up-to-date symlink: /home/herring/rzddzy/ros2_ws/install/multi_mode_control_msgs/include/multi_mode_control_msgs/multi_mode_control_msgs/srv/detail/get_controllers__struct.h
[1.634s] -- Up-to-date symlink: /home/herring/rzddzy/ros2_ws/install/multi_mode_control_msgs/include/multi_mode_control_msgs/multi_mode_control_msgs/srv/detail/get_controllers__type_support.h
[1.635s] -- Up-to-date symlink: /home/herring/rzddzy/ros2_ws/install/multi_mode_control_msgs/include/multi_mode_control_msgs/multi_mode_control_msgs/srv/detail/get_robot_states__functions.h
[1.635s] -- Up-to-date symlink: /home/herring/rzddzy/ros2_ws/install/multi_mode_control_msgs/include/multi_mode_control_msgs/multi_mode_control_msgs/srv/detail/get_robot_states__struct.h
[1.635s] -- Up-to-date symlink: /home/herring/rzddzy/ros2_ws/install/multi_mode_control_msgs/include/multi_mode_control_msgs/multi_mode_control_msgs/srv/detail/get_robot_states__type_support.h
[1.635s] -- Up-to-date symlink: /home/herring/rzddzy/ros2_ws/install/multi_mode_control_msgs/include/multi_mode_control_msgs/multi_mode_control_msgs/srv/detail/set_cartesian_impedance__functions.h
[1.635s] -- Up-to-date symlink: /home/herring/rzddzy/ros2_ws/install/multi_mode_control_msgs/include/multi_mode_control_msgs/multi_mode_control_msgs/srv/detail/set_cartesian_impedance__struct.h
[1.635s] -- Up-to-date symlink: /home/herring/rzddzy/ros2_ws/install/multi_mode_control_msgs/include/multi_mode_control_msgs/multi_mode_control_msgs/srv/detail/set_cartesian_impedance__type_support.h
[1.635s] -- Up-to-date symlink: /home/herring/rzddzy/ros2_ws/install/multi_mode_control_msgs/include/multi_mode_control_msgs/multi_mode_control_msgs/srv/detail/set_controllers__functions.h
[1.635s] -- Up-to-date symlink: /home/herring/rzddzy/ros2_ws/install/multi_mode_control_msgs/include/multi_mode_control_msgs/multi_mode_control_msgs/srv/detail/set_controllers__struct.h
[1.635s] -- Up-to-date symlink: /home/herring/rzddzy/ros2_ws/install/multi_mode_control_msgs/include/multi_mode_control_msgs/multi_mode_control_msgs/srv/detail/set_controllers__type_support.h
[1.635s] -- Up-to-date symlink: /home/herring/rzddzy/ros2_ws/install/multi_mode_control_msgs/include/multi_mode_control_msgs/multi_mode_control_msgs/srv/detail/set_joint_impedance__functions.h
[1.635s] -- Up-to-date symlink: /home/herring/rzddzy/ros2_ws/install/multi_mode_control_msgs/include/multi_mode_control_msgs/multi_mode_control_msgs/srv/detail/set_joint_impedance__struct.h
[1.635s] -- Up-to-date symlink: /home/herring/rzddzy/ros2_ws/install/multi_mode_control_msgs/include/multi_mode_control_msgs/multi_mode_control_msgs/srv/detail/set_joint_impedance__type_support.h
[1.635s] -- Up-to-date symlink: /home/herring/rzddzy/ros2_ws/install/multi_mode_control_msgs/include/multi_mode_control_msgs/multi_mode_control_msgs/srv/detail/set_recovery_mode__functions.h
[1.636s] -- Up-to-date symlink: /home/herring/rzddzy/ros2_ws/install/multi_mode_control_msgs/include/multi_mode_control_msgs/multi_mode_control_msgs/srv/detail/set_recovery_mode__struct.h
[1.636s] -- Up-to-date symlink: /home/herring/rzddzy/ros2_ws/install/multi_mode_control_msgs/include/multi_mode_control_msgs/multi_mode_control_msgs/srv/detail/set_recovery_mode__type_support.h
[1.636s] -- Up-to-date symlink: /home/herring/rzddzy/ros2_ws/install/multi_mode_control_msgs/include/multi_mode_control_msgs/multi_mode_control_msgs/srv/detail/set_reflex__functions.h
[1.636s] -- Up-to-date symlink: /home/herring/rzddzy/ros2_ws/install/multi_mode_control_msgs/include/multi_mode_control_msgs/multi_mode_control_msgs/srv/detail/set_reflex__struct.h
[1.636s] -- Up-to-date symlink: /home/herring/rzddzy/ros2_ws/install/multi_mode_control_msgs/include/multi_mode_control_msgs/multi_mode_control_msgs/srv/detail/set_reflex__type_support.h
[1.636s] -- Up-to-date symlink: /home/herring/rzddzy/ros2_ws/install/multi_mode_control_msgs/include/multi_mode_control_msgs/multi_mode_control_msgs/srv/detail/set_thresholds__functions.h
[1.636s] -- Up-to-date symlink: /home/herring/rzddzy/ros2_ws/install/multi_mode_control_msgs/include/multi_mode_control_msgs/multi_mode_control_msgs/srv/detail/set_thresholds__struct.h
[1.636s] -- Up-to-date symlink: /home/herring/rzddzy/ros2_ws/install/multi_mode_control_msgs/include/multi_mode_control_msgs/multi_mode_control_msgs/srv/detail/set_thresholds__type_support.h
[1.636s] -- Up-to-date symlink: /home/herring/rzddzy/ros2_ws/install/multi_mode_control_msgs/include/multi_mode_control_msgs/multi_mode_control_msgs/srv/detail/set_world_state__functions.h
[1.636s] -- Up-to-date symlink: /home/herring/rzddzy/ros2_ws/install/multi_mode_control_msgs/include/multi_mode_control_msgs/multi_mode_control_msgs/srv/detail/set_world_state__struct.h
[1.637s] -- Up-to-date symlink: /home/herring/rzddzy/ros2_ws/install/multi_mode_control_msgs/include/multi_mode_control_msgs/multi_mode_control_msgs/srv/detail/set_world_state__type_support.h
[1.637s] -- Up-to-date symlink: /home/herring/rzddzy/ros2_ws/install/multi_mode_control_msgs/include/multi_mode_control_msgs/multi_mode_control_msgs/srv/get_controllers.h
[1.637s] -- Up-to-date symlink: /home/herring/rzddzy/ros2_ws/install/multi_mode_control_msgs/include/multi_mode_control_msgs/multi_mode_control_msgs/srv/get_robot_states.h
[1.637s] -- Up-to-date symlink: /home/herring/rzddzy/ros2_ws/install/multi_mode_control_msgs/include/multi_mode_control_msgs/multi_mode_control_msgs/srv/set_cartesian_impedance.h
[1.637s] -- Up-to-date symlink: /home/herring/rzddzy/ros2_ws/install/multi_mode_control_msgs/include/multi_mode_control_msgs/multi_mode_control_msgs/srv/set_controllers.h
[1.637s] -- Up-to-date symlink: /home/herring/rzddzy/ros2_ws/install/multi_mode_control_msgs/include/multi_mode_control_msgs/multi_mode_control_msgs/srv/set_joint_impedance.h
[1.637s] -- Up-to-date symlink: /home/herring/rzddzy/ros2_ws/install/multi_mode_control_msgs/include/multi_mode_control_msgs/multi_mode_control_msgs/srv/set_recovery_mode.h
[1.637s] -- Up-to-date symlink: /home/herring/rzddzy/ros2_ws/install/multi_mode_control_msgs/include/multi_mode_control_msgs/multi_mode_control_msgs/srv/set_reflex.h
[1.637s] -- Up-to-date symlink: /home/herring/rzddzy/ros2_ws/install/multi_mode_control_msgs/include/multi_mode_control_msgs/multi_mode_control_msgs/srv/set_thresholds.h
[1.637s] -- Up-to-date symlink: /home/herring/rzddzy/ros2_ws/install/multi_mode_control_msgs/include/multi_mode_control_msgs/multi_mode_control_msgs/srv/set_world_state.h
[1.638s] -- Up-to-date symlink: /home/herring/rzddzy/ros2_ws/install/multi_mode_control_msgs/share/multi_mode_control_msgs/environment/library_path.sh
[1.638s] -- Up-to-date symlink: /home/herring/rzddzy/ros2_ws/install/multi_mode_control_msgs/share/multi_mode_control_msgs/environment/library_path.dsv
[1.639s] -- Up-to-date symlink: /home/herring/rzddzy/ros2_ws/install/multi_mode_control_msgs/include/multi_mode_control_msgs/multi_mode_control_msgs/msg/detail/cartesian_impedance_goal__rosidl_typesupport_fastrtps_c.h
[1.639s] -- Up-to-date symlink: /home/herring/rzddzy/ros2_ws/install/multi_mode_control_msgs/include/multi_mode_control_msgs/multi_mode_control_msgs/msg/detail/contact_thresholds__rosidl_typesupport_fastrtps_c.h
[1.639s] -- Up-to-date symlink: /home/herring/rzddzy/ros2_ws/install/multi_mode_control_msgs/include/multi_mode_control_msgs/multi_mode_control_msgs/msg/detail/controller__rosidl_typesupport_fastrtps_c.h
[1.639s] -- Up-to-date symlink: /home/herring/rzddzy/ros2_ws/install/multi_mode_control_msgs/include/multi_mode_control_msgs/multi_mode_control_msgs/msg/detail/dual_cartesian_impedance_goal__rosidl_typesupport_fastrtps_c.h
[1.639s] -- Up-to-date symlink: /home/herring/rzddzy/ros2_ws/install/multi_mode_control_msgs/include/multi_mode_control_msgs/multi_mode_control_msgs/msg/detail/joint_array__rosidl_typesupport_fastrtps_c.h
[1.639s] -- Up-to-date symlink: /home/herring/rzddzy/ros2_ws/install/multi_mode_control_msgs/include/multi_mode_control_msgs/multi_mode_control_msgs/msg/detail/joint_goal__rosidl_typesupport_fastrtps_c.h
[1.639s] -- Up-to-date symlink: /home/herring/rzddzy/ros2_ws/install/multi_mode_control_msgs/include/multi_mode_control_msgs/multi_mode_control_msgs/msg/detail/velocity_goal__rosidl_typesupport_fastrtps_c.h
[1.640s] -- Up-to-date symlink: /home/herring/rzddzy/ros2_ws/install/multi_mode_control_msgs/include/multi_mode_control_msgs/multi_mode_control_msgs/msg/detail/wrench__rosidl_typesupport_fastrtps_c.h
[1.640s] -- Up-to-date symlink: /home/herring/rzddzy/ros2_ws/install/multi_mode_control_msgs/include/multi_mode_control_msgs/multi_mode_control_msgs/msg/rosidl_typesupport_fastrtps_c__visibility_control.h
[1.640s] -- Up-to-date symlink: /home/herring/rzddzy/ros2_ws/install/multi_mode_control_msgs/include/multi_mode_control_msgs/multi_mode_control_msgs/srv/detail/get_controllers__rosidl_typesupport_fastrtps_c.h
[1.640s] -- Up-to-date symlink: /home/herring/rzddzy/ros2_ws/install/multi_mode_control_msgs/include/multi_mode_control_msgs/multi_mode_control_msgs/srv/detail/get_robot_states__rosidl_typesupport_fastrtps_c.h
[1.640s] -- Up-to-date symlink: /home/herring/rzddzy/ros2_ws/install/multi_mode_control_msgs/include/multi_mode_control_msgs/multi_mode_control_msgs/srv/detail/set_cartesian_impedance__rosidl_typesupport_fastrtps_c.h
[1.640s] -- Up-to-date symlink: /home/herring/rzddzy/ros2_ws/install/multi_mode_control_msgs/include/multi_mode_control_msgs/multi_mode_control_msgs/srv/detail/set_controllers__rosidl_typesupport_fastrtps_c.h
[1.640s] -- Up-to-date symlink: /home/herring/rzddzy/ros2_ws/install/multi_mode_control_msgs/include/multi_mode_control_msgs/multi_mode_control_msgs/srv/detail/set_joint_impedance__rosidl_typesupport_fastrtps_c.h
[1.640s] -- Up-to-date symlink: /home/herring/rzddzy/ros2_ws/install/multi_mode_control_msgs/include/multi_mode_control_msgs/multi_mode_control_msgs/srv/detail/set_recovery_mode__rosidl_typesupport_fastrtps_c.h
[1.640s] -- Up-to-date symlink: /home/herring/rzddzy/ros2_ws/install/multi_mode_control_msgs/include/multi_mode_control_msgs/multi_mode_control_msgs/srv/detail/set_reflex__rosidl_typesupport_fastrtps_c.h
[1.641s] -- Up-to-date symlink: /home/herring/rzddzy/ros2_ws/install/multi_mode_control_msgs/include/multi_mode_control_msgs/multi_mode_control_msgs/srv/detail/set_thresholds__rosidl_typesupport_fastrtps_c.h
[1.641s] -- Up-to-date symlink: /home/herring/rzddzy/ros2_ws/install/multi_mode_control_msgs/include/multi_mode_control_msgs/multi_mode_control_msgs/srv/detail/set_world_state__rosidl_typesupport_fastrtps_c.h
[1.642s] -- Up-to-date symlink: /home/herring/rzddzy/ros2_ws/install/multi_mode_control_msgs/include/multi_mode_control_msgs/multi_mode_control_msgs/msg/cartesian_impedance_goal.hpp
[1.642s] -- Up-to-date symlink: /home/herring/rzddzy/ros2_ws/install/multi_mode_control_msgs/include/multi_mode_control_msgs/multi_mode_control_msgs/msg/contact_thresholds.hpp
[1.642s] -- Up-to-date symlink: /home/herring/rzddzy/ros2_ws/install/multi_mode_control_msgs/include/multi_mode_control_msgs/multi_mode_control_msgs/msg/controller.hpp
[1.642s] -- Up-to-date symlink: /home/herring/rzddzy/ros2_ws/install/multi_mode_control_msgs/include/multi_mode_control_msgs/multi_mode_control_msgs/msg/detail/cartesian_impedance_goal__builder.hpp
[1.642s] -- Up-to-date symlink: /home/herring/rzddzy/ros2_ws/install/multi_mode_control_msgs/include/multi_mode_control_msgs/multi_mode_control_msgs/msg/detail/cartesian_impedance_goal__struct.hpp
[1.642s] -- Up-to-date symlink: /home/herring/rzddzy/ros2_ws/install/multi_mode_control_msgs/include/multi_mode_control_msgs/multi_mode_control_msgs/msg/detail/cartesian_impedance_goal__traits.hpp
[1.642s] -- Up-to-date symlink: /home/herring/rzddzy/ros2_ws/install/multi_mode_control_msgs/include/multi_mode_control_msgs/multi_mode_control_msgs/msg/detail/cartesian_impedance_goal__type_support.hpp
[1.643s] -- Up-to-date symlink: /home/herring/rzddzy/ros2_ws/install/multi_mode_control_msgs/include/multi_mode_control_msgs/multi_mode_control_msgs/msg/detail/contact_thresholds__builder.hpp
[1.643s] -- Up-to-date symlink: /home/herring/rzddzy/ros2_ws/install/multi_mode_control_msgs/include/multi_mode_control_msgs/multi_mode_control_msgs/msg/detail/contact_thresholds__struct.hpp
[1.643s] -- Up-to-date symlink: /home/herring/rzddzy/ros2_ws/install/multi_mode_control_msgs/include/multi_mode_control_msgs/multi_mode_control_msgs/msg/detail/contact_thresholds__traits.hpp
[1.643s] -- Up-to-date symlink: /home/herring/rzddzy/ros2_ws/install/multi_mode_control_msgs/include/multi_mode_control_msgs/multi_mode_control_msgs/msg/detail/contact_thresholds__type_support.hpp
[1.643s] -- Up-to-date symlink: /home/herring/rzddzy/ros2_ws/install/multi_mode_control_msgs/include/multi_mode_control_msgs/multi_mode_control_msgs/msg/detail/controller__builder.hpp
[1.643s] -- Up-to-date symlink: /home/herring/rzddzy/ros2_ws/install/multi_mode_control_msgs/include/multi_mode_control_msgs/multi_mode_control_msgs/msg/detail/controller__struct.hpp
[1.643s] -- Up-to-date symlink: /home/herring/rzddzy/ros2_ws/install/multi_mode_control_msgs/include/multi_mode_control_msgs/multi_mode_control_msgs/msg/detail/controller__traits.hpp
[1.643s] -- Up-to-date symlink: /home/herring/rzddzy/ros2_ws/install/multi_mode_control_msgs/include/multi_mode_control_msgs/multi_mode_control_msgs/msg/detail/controller__type_support.hpp
[1.644s] -- Up-to-date symlink: /home/herring/rzddzy/ros2_ws/install/multi_mode_control_msgs/include/multi_mode_control_msgs/multi_mode_control_msgs/msg/detail/dual_cartesian_impedance_goal__builder.hpp
[1.644s] -- Up-to-date symlink: /home/herring/rzddzy/ros2_ws/install/multi_mode_control_msgs/include/multi_mode_control_msgs/multi_mode_control_msgs/msg/detail/dual_cartesian_impedance_goal__struct.hpp
[1.644s] -- Up-to-date symlink: /home/herring/rzddzy/ros2_ws/install/multi_mode_control_msgs/include/multi_mode_control_msgs/multi_mode_control_msgs/msg/detail/dual_cartesian_impedance_goal__traits.hpp
[1.644s] -- Up-to-date symlink: /home/herring/rzddzy/ros2_ws/install/multi_mode_control_msgs/include/multi_mode_control_msgs/multi_mode_control_msgs/msg/detail/dual_cartesian_impedance_goal__type_support.hpp
[1.644s] -- Up-to-date symlink: /home/herring/rzddzy/ros2_ws/install/multi_mode_control_msgs/include/multi_mode_control_msgs/multi_mode_control_msgs/msg/detail/joint_array__builder.hpp
[1.644s] -- Up-to-date symlink: /home/herring/rzddzy/ros2_ws/install/multi_mode_control_msgs/include/multi_mode_control_msgs/multi_mode_control_msgs/msg/detail/joint_array__struct.hpp
[1.644s] -- Up-to-date symlink: /home/herring/rzddzy/ros2_ws/install/multi_mode_control_msgs/include/multi_mode_control_msgs/multi_mode_control_msgs/msg/detail/joint_array__traits.hpp
[1.644s] -- Up-to-date symlink: /home/herring/rzddzy/ros2_ws/install/multi_mode_control_msgs/include/multi_mode_control_msgs/multi_mode_control_msgs/msg/detail/joint_array__type_support.hpp
[1.644s] -- Up-to-date symlink: /home/herring/rzddzy/ros2_ws/install/multi_mode_control_msgs/include/multi_mode_control_msgs/multi_mode_control_msgs/msg/detail/joint_goal__builder.hpp
[1.645s] -- Up-to-date symlink: /home/herring/rzddzy/ros2_ws/install/multi_mode_control_msgs/include/multi_mode_control_msgs/multi_mode_control_msgs/msg/detail/joint_goal__struct.hpp
[1.645s] -- Up-to-date symlink: /home/herring/rzddzy/ros2_ws/install/multi_mode_control_msgs/include/multi_mode_control_msgs/multi_mode_control_msgs/msg/detail/joint_goal__traits.hpp
[1.645s] -- Up-to-date symlink: /home/herring/rzddzy/ros2_ws/install/multi_mode_control_msgs/include/multi_mode_control_msgs/multi_mode_control_msgs/msg/detail/joint_goal__type_support.hpp
[1.645s] -- Up-to-date symlink: /home/herring/rzddzy/ros2_ws/install/multi_mode_control_msgs/include/multi_mode_control_msgs/multi_mode_control_msgs/msg/detail/velocity_goal__builder.hpp
[1.645s] -- Up-to-date symlink: /home/herring/rzddzy/ros2_ws/install/multi_mode_control_msgs/include/multi_mode_control_msgs/multi_mode_control_msgs/msg/detail/velocity_goal__struct.hpp
[1.645s] -- Up-to-date symlink: /home/herring/rzddzy/ros2_ws/install/multi_mode_control_msgs/include/multi_mode_control_msgs/multi_mode_control_msgs/msg/detail/velocity_goal__traits.hpp
[1.645s] -- Up-to-date symlink: /home/herring/rzddzy/ros2_ws/install/multi_mode_control_msgs/include/multi_mode_control_msgs/multi_mode_control_msgs/msg/detail/velocity_goal__type_support.hpp
[1.645s] -- Up-to-date symlink: /home/herring/rzddzy/ros2_ws/install/multi_mode_control_msgs/include/multi_mode_control_msgs/multi_mode_control_msgs/msg/detail/wrench__builder.hpp
[1.645s] -- Up-to-date symlink: /home/herring/rzddzy/ros2_ws/install/multi_mode_control_msgs/include/multi_mode_control_msgs/multi_mode_control_msgs/msg/detail/wrench__struct.hpp
[1.646s] -- Up-to-date symlink: /home/herring/rzddzy/ros2_ws/install/multi_mode_control_msgs/include/multi_mode_control_msgs/multi_mode_control_msgs/msg/detail/wrench__traits.hpp
[1.646s] -- Up-to-date symlink: /home/herring/rzddzy/ros2_ws/install/multi_mode_control_msgs/include/multi_mode_control_msgs/multi_mode_control_msgs/msg/detail/wrench__type_support.hpp
[1.646s] -- Up-to-date symlink: /home/herring/rzddzy/ros2_ws/install/multi_mode_control_msgs/include/multi_mode_control_msgs/multi_mode_control_msgs/msg/dual_cartesian_impedance_goal.hpp
[1.646s] -- Up-to-date symlink: /home/herring/rzddzy/ros2_ws/install/multi_mode_control_msgs/include/multi_mode_control_msgs/multi_mode_control_msgs/msg/joint_array.hpp
[1.646s] -- Up-to-date symlink: /home/herring/rzddzy/ros2_ws/install/multi_mode_control_msgs/include/multi_mode_control_msgs/multi_mode_control_msgs/msg/joint_goal.hpp
[1.646s] -- Up-to-date symlink: /home/herring/rzddzy/ros2_ws/install/multi_mode_control_msgs/include/multi_mode_control_msgs/multi_mode_control_msgs/msg/rosidl_generator_cpp__visibility_control.hpp
[1.646s] -- Up-to-date symlink: /home/herring/rzddzy/ros2_ws/install/multi_mode_control_msgs/include/multi_mode_control_msgs/multi_mode_control_msgs/msg/velocity_goal.hpp
[1.646s] -- Up-to-date symlink: /home/herring/rzddzy/ros2_ws/install/multi_mode_control_msgs/include/multi_mode_control_msgs/multi_mode_control_msgs/msg/wrench.hpp
[1.646s] -- Up-to-date symlink: /home/herring/rzddzy/ros2_ws/install/multi_mode_control_msgs/include/multi_mode_control_msgs/multi_mode_control_msgs/srv/detail/get_controllers__builder.hpp
[1.647s] -- Up-to-date symlink: /home/herring/rzddzy/ros2_ws/install/multi_mode_control_msgs/include/multi_mode_control_msgs/multi_mode_control_msgs/srv/detail/get_controllers__struct.hpp
[1.647s] -- Up-to-date symlink: /home/herring/rzddzy/ros2_ws/install/multi_mode_control_msgs/include/multi_mode_control_msgs/multi_mode_control_msgs/srv/detail/get_controllers__traits.hpp
[1.647s] -- Up-to-date symlink: /home/herring/rzddzy/ros2_ws/install/multi_mode_control_msgs/include/multi_mode_control_msgs/multi_mode_control_msgs/srv/detail/get_controllers__type_support.hpp
[1.647s] -- Up-to-date symlink: /home/herring/rzddzy/ros2_ws/install/multi_mode_control_msgs/include/multi_mode_control_msgs/multi_mode_control_msgs/srv/detail/get_robot_states__builder.hpp
[1.647s] -- Up-to-date symlink: /home/herring/rzddzy/ros2_ws/install/multi_mode_control_msgs/include/multi_mode_control_msgs/multi_mode_control_msgs/srv/detail/get_robot_states__struct.hpp
[1.647s] -- Up-to-date symlink: /home/herring/rzddzy/ros2_ws/install/multi_mode_control_msgs/include/multi_mode_control_msgs/multi_mode_control_msgs/srv/detail/get_robot_states__traits.hpp
[1.647s] -- Up-to-date symlink: /home/herring/rzddzy/ros2_ws/install/multi_mode_control_msgs/include/multi_mode_control_msgs/multi_mode_control_msgs/srv/detail/get_robot_states__type_support.hpp
[1.647s] -- Up-to-date symlink: /home/herring/rzddzy/ros2_ws/install/multi_mode_control_msgs/include/multi_mode_control_msgs/multi_mode_control_msgs/srv/detail/set_cartesian_impedance__builder.hpp
[1.648s] -- Up-to-date symlink: /home/herring/rzddzy/ros2_ws/install/multi_mode_control_msgs/include/multi_mode_control_msgs/multi_mode_control_msgs/srv/detail/set_cartesian_impedance__struct.hpp
[1.648s] -- Up-to-date symlink: /home/herring/rzddzy/ros2_ws/install/multi_mode_control_msgs/include/multi_mode_control_msgs/multi_mode_control_msgs/srv/detail/set_cartesian_impedance__traits.hpp
[1.648s] -- Up-to-date symlink: /home/herring/rzddzy/ros2_ws/install/multi_mode_control_msgs/include/multi_mode_control_msgs/multi_mode_control_msgs/srv/detail/set_cartesian_impedance__type_support.hpp
[1.648s] -- Up-to-date symlink: /home/herring/rzddzy/ros2_ws/install/multi_mode_control_msgs/include/multi_mode_control_msgs/multi_mode_control_msgs/srv/detail/set_controllers__builder.hpp
[1.648s] -- Up-to-date symlink: /home/herring/rzddzy/ros2_ws/install/multi_mode_control_msgs/include/multi_mode_control_msgs/multi_mode_control_msgs/srv/detail/set_controllers__struct.hpp
[1.648s] -- Up-to-date symlink: /home/herring/rzddzy/ros2_ws/install/multi_mode_control_msgs/include/multi_mode_control_msgs/multi_mode_control_msgs/srv/detail/set_controllers__traits.hpp
[1.648s] -- Up-to-date symlink: /home/herring/rzddzy/ros2_ws/install/multi_mode_control_msgs/include/multi_mode_control_msgs/multi_mode_control_msgs/srv/detail/set_controllers__type_support.hpp
[1.648s] -- Up-to-date symlink: /home/herring/rzddzy/ros2_ws/install/multi_mode_control_msgs/include/multi_mode_control_msgs/multi_mode_control_msgs/srv/detail/set_joint_impedance__builder.hpp
[1.648s] -- Up-to-date symlink: /home/herring/rzddzy/ros2_ws/install/multi_mode_control_msgs/include/multi_mode_control_msgs/multi_mode_control_msgs/srv/detail/set_joint_impedance__struct.hpp
[1.649s] -- Up-to-date symlink: /home/herring/rzddzy/ros2_ws/install/multi_mode_control_msgs/include/multi_mode_control_msgs/multi_mode_control_msgs/srv/detail/set_joint_impedance__traits.hpp
[1.649s] -- Up-to-date symlink: /home/herring/rzddzy/ros2_ws/install/multi_mode_control_msgs/include/multi_mode_control_msgs/multi_mode_control_msgs/srv/detail/set_joint_impedance__type_support.hpp
[1.649s] -- Up-to-date symlink: /home/herring/rzddzy/ros2_ws/install/multi_mode_control_msgs/include/multi_mode_control_msgs/multi_mode_control_msgs/srv/detail/set_recovery_mode__builder.hpp
[1.649s] -- Up-to-date symlink: /home/herring/rzddzy/ros2_ws/install/multi_mode_control_msgs/include/multi_mode_control_msgs/multi_mode_control_msgs/srv/detail/set_recovery_mode__struct.hpp
[1.649s] -- Up-to-date symlink: /home/herring/rzddzy/ros2_ws/install/multi_mode_control_msgs/include/multi_mode_control_msgs/multi_mode_control_msgs/srv/detail/set_recovery_mode__traits.hpp
[1.649s] -- Up-to-date symlink: /home/herring/rzddzy/ros2_ws/install/multi_mode_control_msgs/include/multi_mode_control_msgs/multi_mode_control_msgs/srv/detail/set_recovery_mode__type_support.hpp
[1.649s] -- Up-to-date symlink: /home/herring/rzddzy/ros2_ws/install/multi_mode_control_msgs/include/multi_mode_control_msgs/multi_mode_control_msgs/srv/detail/set_reflex__builder.hpp
[1.649s] -- Up-to-date symlink: /home/herring/rzddzy/ros2_ws/install/multi_mode_control_msgs/include/multi_mode_control_msgs/multi_mode_control_msgs/srv/detail/set_reflex__struct.hpp
[1.649s] -- Up-to-date symlink: /home/herring/rzddzy/ros2_ws/install/multi_mode_control_msgs/include/multi_mode_control_msgs/multi_mode_control_msgs/srv/detail/set_reflex__traits.hpp
[1.649s] -- Up-to-date symlink: /home/herring/rzddzy/ros2_ws/install/multi_mode_control_msgs/include/multi_mode_control_msgs/multi_mode_control_msgs/srv/detail/set_reflex__type_support.hpp
[1.650s] -- Up-to-date symlink: /home/herring/rzddzy/ros2_ws/install/multi_mode_control_msgs/include/multi_mode_control_msgs/multi_mode_control_msgs/srv/detail/set_thresholds__builder.hpp
[1.650s] -- Up-to-date symlink: /home/herring/rzddzy/ros2_ws/install/multi_mode_control_msgs/include/multi_mode_control_msgs/multi_mode_control_msgs/srv/detail/set_thresholds__struct.hpp
[1.650s] -- Up-to-date symlink: /home/herring/rzddzy/ros2_ws/install/multi_mode_control_msgs/include/multi_mode_control_msgs/multi_mode_control_msgs/srv/detail/set_thresholds__traits.hpp
[1.650s] -- Up-to-date symlink: /home/herring/rzddzy/ros2_ws/install/multi_mode_control_msgs/include/multi_mode_control_msgs/multi_mode_control_msgs/srv/detail/set_thresholds__type_support.hpp
[1.650s] -- Up-to-date symlink: /home/herring/rzddzy/ros2_ws/install/multi_mode_control_msgs/include/multi_mode_control_msgs/multi_mode_control_msgs/srv/detail/set_world_state__builder.hpp
[1.650s] -- Up-to-date symlink: /home/herring/rzddzy/ros2_ws/install/multi_mode_control_msgs/include/multi_mode_control_msgs/multi_mode_control_msgs/srv/detail/set_world_state__struct.hpp
[1.650s] -- Up-to-date symlink: /home/herring/rzddzy/ros2_ws/install/multi_mode_control_msgs/include/multi_mode_control_msgs/multi_mode_control_msgs/srv/detail/set_world_state__traits.hpp
[1.650s] -- Up-to-date symlink: /home/herring/rzddzy/ros2_ws/install/multi_mode_control_msgs/include/multi_mode_control_msgs/multi_mode_control_msgs/srv/detail/set_world_state__type_support.hpp
[1.650s] -- Up-to-date symlink: /home/herring/rzddzy/ros2_ws/install/multi_mode_control_msgs/include/multi_mode_control_msgs/multi_mode_control_msgs/srv/get_controllers.hpp
[1.651s] -- Up-to-date symlink: /home/herring/rzddzy/ros2_ws/install/multi_mode_control_msgs/include/multi_mode_control_msgs/multi_mode_control_msgs/srv/get_robot_states.hpp
[1.651s] -- Up-to-date symlink: /home/herring/rzddzy/ros2_ws/install/multi_mode_control_msgs/include/multi_mode_control_msgs/multi_mode_control_msgs/srv/set_cartesian_impedance.hpp
[1.651s] -- Up-to-date symlink: /home/herring/rzddzy/ros2_ws/install/multi_mode_control_msgs/include/multi_mode_control_msgs/multi_mode_control_msgs/srv/set_controllers.hpp
[1.651s] -- Up-to-date symlink: /home/herring/rzddzy/ros2_ws/install/multi_mode_control_msgs/include/multi_mode_control_msgs/multi_mode_control_msgs/srv/set_joint_impedance.hpp
[1.651s] -- Up-to-date symlink: /home/herring/rzddzy/ros2_ws/install/multi_mode_control_msgs/include/multi_mode_control_msgs/multi_mode_control_msgs/srv/set_recovery_mode.hpp
[1.651s] -- Up-to-date symlink: /home/herring/rzddzy/ros2_ws/install/multi_mode_control_msgs/include/multi_mode_control_msgs/multi_mode_control_msgs/srv/set_reflex.hpp
[1.651s] -- Up-to-date symlink: /home/herring/rzddzy/ros2_ws/install/multi_mode_control_msgs/include/multi_mode_control_msgs/multi_mode_control_msgs/srv/set_thresholds.hpp
[1.651s] -- Up-to-date symlink: /home/herring/rzddzy/ros2_ws/install/multi_mode_control_msgs/include/multi_mode_control_msgs/multi_mode_control_msgs/srv/set_world_state.hpp
[1.652s] -- Up-to-date symlink: /home/herring/rzddzy/ros2_ws/install/multi_mode_control_msgs/include/multi_mode_control_msgs/multi_mode_control_msgs/msg/detail/cartesian_impedance_goal__rosidl_typesupport_fastrtps_cpp.hpp
[1.652s] -- Up-to-date symlink: /home/herring/rzddzy/ros2_ws/install/multi_mode_control_msgs/include/multi_mode_control_msgs/multi_mode_control_msgs/msg/detail/contact_thresholds__rosidl_typesupport_fastrtps_cpp.hpp
[1.653s] -- Up-to-date symlink: /home/herring/rzddzy/ros2_ws/install/multi_mode_control_msgs/include/multi_mode_control_msgs/multi_mode_control_msgs/msg/detail/controller__rosidl_typesupport_fastrtps_cpp.hpp
[1.653s] -- Up-to-date symlink: /home/herring/rzddzy/ros2_ws/install/multi_mode_control_msgs/include/multi_mode_control_msgs/multi_mode_control_msgs/msg/detail/dual_cartesian_impedance_goal__rosidl_typesupport_fastrtps_cpp.hpp
[1.653s] -- Up-to-date symlink: /home/herring/rzddzy/ros2_ws/install/multi_mode_control_msgs/include/multi_mode_control_msgs/multi_mode_control_msgs/msg/detail/joint_array__rosidl_typesupport_fastrtps_cpp.hpp
[1.653s] -- Up-to-date symlink: /home/herring/rzddzy/ros2_ws/install/multi_mode_control_msgs/include/multi_mode_control_msgs/multi_mode_control_msgs/msg/detail/joint_goal__rosidl_typesupport_fastrtps_cpp.hpp
[1.653s] -- Up-to-date symlink: /home/herring/rzddzy/ros2_ws/install/multi_mode_control_msgs/include/multi_mode_control_msgs/multi_mode_control_msgs/msg/detail/velocity_goal__rosidl_typesupport_fastrtps_cpp.hpp
[1.653s] -- Up-to-date symlink: /home/herring/rzddzy/ros2_ws/install/multi_mode_control_msgs/include/multi_mode_control_msgs/multi_mode_control_msgs/msg/detail/wrench__rosidl_typesupport_fastrtps_cpp.hpp
[1.653s] -- Up-to-date symlink: /home/herring/rzddzy/ros2_ws/install/multi_mode_control_msgs/include/multi_mode_control_msgs/multi_mode_control_msgs/msg/rosidl_typesupport_fastrtps_cpp__visibility_control.h
[1.653s] -- Up-to-date symlink: /home/herring/rzddzy/ros2_ws/install/multi_mode_control_msgs/include/multi_mode_control_msgs/multi_mode_control_msgs/srv/detail/get_controllers__rosidl_typesupport_fastrtps_cpp.hpp
[1.653s] -- Up-to-date symlink: /home/herring/rzddzy/ros2_ws/install/multi_mode_control_msgs/include/multi_mode_control_msgs/multi_mode_control_msgs/srv/detail/get_robot_states__rosidl_typesupport_fastrtps_cpp.hpp
[1.654s] -- Up-to-date symlink: /home/herring/rzddzy/ros2_ws/install/multi_mode_control_msgs/include/multi_mode_control_msgs/multi_mode_control_msgs/srv/detail/set_cartesian_impedance__rosidl_typesupport_fastrtps_cpp.hpp
[1.654s] -- Up-to-date symlink: /home/herring/rzddzy/ros2_ws/install/multi_mode_control_msgs/include/multi_mode_control_msgs/multi_mode_control_msgs/srv/detail/set_controllers__rosidl_typesupport_fastrtps_cpp.hpp
[1.654s] -- Up-to-date symlink: /home/herring/rzddzy/ros2_ws/install/multi_mode_control_msgs/include/multi_mode_control_msgs/multi_mode_control_msgs/srv/detail/set_joint_impedance__rosidl_typesupport_fastrtps_cpp.hpp
[1.654s] -- Up-to-date symlink: /home/herring/rzddzy/ros2_ws/install/multi_mode_control_msgs/include/multi_mode_control_msgs/multi_mode_control_msgs/srv/detail/set_recovery_mode__rosidl_typesupport_fastrtps_cpp.hpp
[1.654s] -- Up-to-date symlink: /home/herring/rzddzy/ros2_ws/install/multi_mode_control_msgs/include/multi_mode_control_msgs/multi_mode_control_msgs/srv/detail/set_reflex__rosidl_typesupport_fastrtps_cpp.hpp
[1.654s] -- Up-to-date symlink: /home/herring/rzddzy/ros2_ws/install/multi_mode_control_msgs/include/multi_mode_control_msgs/multi_mode_control_msgs/srv/detail/set_thresholds__rosidl_typesupport_fastrtps_cpp.hpp
[1.654s] -- Up-to-date symlink: /home/herring/rzddzy/ros2_ws/install/multi_mode_control_msgs/include/multi_mode_control_msgs/multi_mode_control_msgs/srv/detail/set_world_state__rosidl_typesupport_fastrtps_cpp.hpp
[1.655s] -- Up-to-date symlink: /home/herring/rzddzy/ros2_ws/install/multi_mode_control_msgs/include/multi_mode_control_msgs/multi_mode_control_msgs/msg/detail/cartesian_impedance_goal__rosidl_typesupport_introspection_c.h
[1.655s] -- Up-to-date symlink: /home/herring/rzddzy/ros2_ws/install/multi_mode_control_msgs/include/multi_mode_control_msgs/multi_mode_control_msgs/msg/detail/contact_thresholds__rosidl_typesupport_introspection_c.h
[1.655s] -- Up-to-date symlink: /home/herring/rzddzy/ros2_ws/install/multi_mode_control_msgs/include/multi_mode_control_msgs/multi_mode_control_msgs/msg/detail/controller__rosidl_typesupport_introspection_c.h
[1.655s] -- Up-to-date symlink: /home/herring/rzddzy/ros2_ws/install/multi_mode_control_msgs/include/multi_mode_control_msgs/multi_mode_control_msgs/msg/detail/dual_cartesian_impedance_goal__rosidl_typesupport_introspection_c.h
[1.655s] -- Up-to-date symlink: /home/herring/rzddzy/ros2_ws/install/multi_mode_control_msgs/include/multi_mode_control_msgs/multi_mode_control_msgs/msg/detail/joint_array__rosidl_typesupport_introspection_c.h
[1.655s] -- Up-to-date symlink: /home/herring/rzddzy/ros2_ws/install/multi_mode_control_msgs/include/multi_mode_control_msgs/multi_mode_control_msgs/msg/detail/joint_goal__rosidl_typesupport_introspection_c.h
[1.656s] -- Up-to-date symlink: /home/herring/rzddzy/ros2_ws/install/multi_mode_control_msgs/include/multi_mode_control_msgs/multi_mode_control_msgs/msg/detail/velocity_goal__rosidl_typesupport_introspection_c.h
[1.656s] -- Up-to-date symlink: /home/herring/rzddzy/ros2_ws/install/multi_mode_control_msgs/include/multi_mode_control_msgs/multi_mode_control_msgs/msg/detail/wrench__rosidl_typesupport_introspection_c.h
[1.656s] -- Up-to-date symlink: /home/herring/rzddzy/ros2_ws/install/multi_mode_control_msgs/include/multi_mode_control_msgs/multi_mode_control_msgs/msg/rosidl_typesupport_introspection_c__visibility_control.h
[1.656s] -- Up-to-date symlink: /home/herring/rzddzy/ros2_ws/install/multi_mode_control_msgs/include/multi_mode_control_msgs/multi_mode_control_msgs/srv/detail/get_controllers__rosidl_typesupport_introspection_c.h
[1.656s] -- Up-to-date symlink: /home/herring/rzddzy/ros2_ws/install/multi_mode_control_msgs/include/multi_mode_control_msgs/multi_mode_control_msgs/srv/detail/get_robot_states__rosidl_typesupport_introspection_c.h
[1.656s] -- Up-to-date symlink: /home/herring/rzddzy/ros2_ws/install/multi_mode_control_msgs/include/multi_mode_control_msgs/multi_mode_control_msgs/srv/detail/set_cartesian_impedance__rosidl_typesupport_introspection_c.h
[1.656s] -- Up-to-date symlink: /home/herring/rzddzy/ros2_ws/install/multi_mode_control_msgs/include/multi_mode_control_msgs/multi_mode_control_msgs/srv/detail/set_controllers__rosidl_typesupport_introspection_c.h
[1.656s] -- Up-to-date symlink: /home/herring/rzddzy/ros2_ws/install/multi_mode_control_msgs/include/multi_mode_control_msgs/multi_mode_control_msgs/srv/detail/set_joint_impedance__rosidl_typesupport_introspection_c.h
[1.656s] -- Up-to-date symlink: /home/herring/rzddzy/ros2_ws/install/multi_mode_control_msgs/include/multi_mode_control_msgs/multi_mode_control_msgs/srv/detail/set_recovery_mode__rosidl_typesupport_introspection_c.h
[1.657s] -- Up-to-date symlink: /home/herring/rzddzy/ros2_ws/install/multi_mode_control_msgs/include/multi_mode_control_msgs/multi_mode_control_msgs/srv/detail/set_reflex__rosidl_typesupport_introspection_c.h
[1.657s] -- Up-to-date symlink: /home/herring/rzddzy/ros2_ws/install/multi_mode_control_msgs/include/multi_mode_control_msgs/multi_mode_control_msgs/srv/detail/set_thresholds__rosidl_typesupport_introspection_c.h
[1.657s] -- Up-to-date symlink: /home/herring/rzddzy/ros2_ws/install/multi_mode_control_msgs/include/multi_mode_control_msgs/multi_mode_control_msgs/srv/detail/set_world_state__rosidl_typesupport_introspection_c.h
[1.657s] -- Up-to-date symlink: /home/herring/rzddzy/ros2_ws/install/multi_mode_control_msgs/include/multi_mode_control_msgs/multi_mode_control_msgs/msg/detail/cartesian_impedance_goal__rosidl_typesupport_introspection_cpp.hpp
[1.657s] -- Up-to-date symlink: /home/herring/rzddzy/ros2_ws/install/multi_mode_control_msgs/include/multi_mode_control_msgs/multi_mode_control_msgs/msg/detail/contact_thresholds__rosidl_typesupport_introspection_cpp.hpp
[1.658s] -- Up-to-date symlink: /home/herring/rzddzy/ros2_ws/install/multi_mode_control_msgs/include/multi_mode_control_msgs/multi_mode_control_msgs/msg/detail/controller__rosidl_typesupport_introspection_cpp.hpp
[1.658s] -- Up-to-date symlink: /home/herring/rzddzy/ros2_ws/install/multi_mode_control_msgs/include/multi_mode_control_msgs/multi_mode_control_msgs/msg/detail/dual_cartesian_impedance_goal__rosidl_typesupport_introspection_cpp.hpp
[1.658s] -- Up-to-date symlink: /home/herring/rzddzy/ros2_ws/install/multi_mode_control_msgs/include/multi_mode_control_msgs/multi_mode_control_msgs/msg/detail/joint_array__rosidl_typesupport_introspection_cpp.hpp
[1.658s] -- Up-to-date symlink: /home/herring/rzddzy/ros2_ws/install/multi_mode_control_msgs/include/multi_mode_control_msgs/multi_mode_control_msgs/msg/detail/joint_goal__rosidl_typesupport_introspection_cpp.hpp
[1.658s] -- Up-to-date symlink: /home/herring/rzddzy/ros2_ws/install/multi_mode_control_msgs/include/multi_mode_control_msgs/multi_mode_control_msgs/msg/detail/velocity_goal__rosidl_typesupport_introspection_cpp.hpp
[1.658s] -- Up-to-date symlink: /home/herring/rzddzy/ros2_ws/install/multi_mode_control_msgs/include/multi_mode_control_msgs/multi_mode_control_msgs/msg/detail/wrench__rosidl_typesupport_introspection_cpp.hpp
[1.658s] -- Up-to-date symlink: /home/herring/rzddzy/ros2_ws/install/multi_mode_control_msgs/include/multi_mode_control_msgs/multi_mode_control_msgs/srv/detail/get_controllers__rosidl_typesupport_introspection_cpp.hpp
[1.658s] -- Up-to-date symlink: /home/herring/rzddzy/ros2_ws/install/multi_mode_control_msgs/include/multi_mode_control_msgs/multi_mode_control_msgs/srv/detail/get_robot_states__rosidl_typesupport_introspection_cpp.hpp
[1.658s] -- Up-to-date symlink: /home/herring/rzddzy/ros2_ws/install/multi_mode_control_msgs/include/multi_mode_control_msgs/multi_mode_control_msgs/srv/detail/set_cartesian_impedance__rosidl_typesupport_introspection_cpp.hpp
[1.659s] -- Up-to-date symlink: /home/herring/rzddzy/ros2_ws/install/multi_mode_control_msgs/include/multi_mode_control_msgs/multi_mode_control_msgs/srv/detail/set_controllers__rosidl_typesupport_introspection_cpp.hpp
[1.659s] -- Up-to-date symlink: /home/herring/rzddzy/ros2_ws/install/multi_mode_control_msgs/include/multi_mode_control_msgs/multi_mode_control_msgs/srv/detail/set_joint_impedance__rosidl_typesupport_introspection_cpp.hpp
[1.659s] -- Up-to-date symlink: /home/herring/rzddzy/ros2_ws/install/multi_mode_control_msgs/include/multi_mode_control_msgs/multi_mode_control_msgs/srv/detail/set_recovery_mode__rosidl_typesupport_introspection_cpp.hpp
[1.659s] -- Up-to-date symlink: /home/herring/rzddzy/ros2_ws/install/multi_mode_control_msgs/include/multi_mode_control_msgs/multi_mode_control_msgs/srv/detail/set_reflex__rosidl_typesupport_introspection_cpp.hpp
[1.659s] -- Up-to-date symlink: /home/herring/rzddzy/ros2_ws/install/multi_mode_control_msgs/include/multi_mode_control_msgs/multi_mode_control_msgs/srv/detail/set_thresholds__rosidl_typesupport_introspection_cpp.hpp
[1.659s] -- Up-to-date symlink: /home/herring/rzddzy/ros2_ws/install/multi_mode_control_msgs/include/multi_mode_control_msgs/multi_mode_control_msgs/srv/detail/set_world_state__rosidl_typesupport_introspection_cpp.hpp
[1.659s] -- Up-to-date symlink: /home/herring/rzddzy/ros2_ws/install/multi_mode_control_msgs/share/multi_mode_control_msgs/environment/pythonpath.sh
[1.660s] -- Up-to-date symlink: /home/herring/rzddzy/ros2_ws/install/multi_mode_control_msgs/share/multi_mode_control_msgs/environment/pythonpath.dsv
[1.660s] -- Up-to-date symlink: /home/herring/rzddzy/ros2_ws/install/multi_mode_control_msgs/lib/python3.12/site-packages/multi_mode_control_msgs-0.0.0-py3.12.egg-info/PKG-INFO
[1.660s] -- Up-to-date symlink: /home/herring/rzddzy/ros2_ws/install/multi_mode_control_msgs/lib/python3.12/site-packages/multi_mode_control_msgs-0.0.0-py3.12.egg-info/SOURCES.txt
[1.660s] -- Up-to-date symlink: /home/herring/rzddzy/ros2_ws/install/multi_mode_control_msgs/lib/python3.12/site-packages/multi_mode_control_msgs-0.0.0-py3.12.egg-info/dependency_links.txt
[1.660s] -- Up-to-date symlink: /home/herring/rzddzy/ros2_ws/install/multi_mode_control_msgs/lib/python3.12/site-packages/multi_mode_control_msgs-0.0.0-py3.12.egg-info/top_level.txt
[1.661s] -- Up-to-date symlink: /home/herring/rzddzy/ros2_ws/install/multi_mode_control_msgs/lib/python3.12/site-packages/multi_mode_control_msgs/__init__.py
[1.661s] -- Up-to-date symlink: /home/herring/rzddzy/ros2_ws/install/multi_mode_control_msgs/lib/python3.12/site-packages/multi_mode_control_msgs/_multi_mode_control_msgs_s.ep.rosidl_typesupport_c.c
[1.662s] -- Up-to-date symlink: /home/herring/rzddzy/ros2_ws/install/multi_mode_control_msgs/lib/python3.12/site-packages/multi_mode_control_msgs/_multi_mode_control_msgs_s.ep.rosidl_typesupport_fastrtps_c.c
[1.662s] -- Up-to-date symlink: /home/herring/rzddzy/ros2_ws/install/multi_mode_control_msgs/lib/python3.12/site-packages/multi_mode_control_msgs/_multi_mode_control_msgs_s.ep.rosidl_typesupport_introspection_c.c
[1.662s] -- Up-to-date symlink: /home/herring/rzddzy/ros2_ws/install/multi_mode_control_msgs/lib/python3.12/site-packages/multi_mode_control_msgs/msg/__init__.py
[1.662s] -- Up-to-date symlink: /home/herring/rzddzy/ros2_ws/install/multi_mode_control_msgs/lib/python3.12/site-packages/multi_mode_control_msgs/msg/_cartesian_impedance_goal.py
[1.662s] -- Up-to-date symlink: /home/herring/rzddzy/ros2_ws/install/multi_mode_control_msgs/lib/python3.12/site-packages/multi_mode_control_msgs/msg/_cartesian_impedance_goal_s.c
[1.662s] -- Up-to-date symlink: /home/herring/rzddzy/ros2_ws/install/multi_mode_control_msgs/lib/python3.12/site-packages/multi_mode_control_msgs/msg/_contact_thresholds.py
[1.662s] -- Up-to-date symlink: /home/herring/rzddzy/ros2_ws/install/multi_mode_control_msgs/lib/python3.12/site-packages/multi_mode_control_msgs/msg/_contact_thresholds_s.c
[1.662s] -- Up-to-date symlink: /home/herring/rzddzy/ros2_ws/install/multi_mode_control_msgs/lib/python3.12/site-packages/multi_mode_control_msgs/msg/_controller.py
[1.662s] -- Up-to-date symlink: /home/herring/rzddzy/ros2_ws/install/multi_mode_control_msgs/lib/python3.12/site-packages/multi_mode_control_msgs/msg/_controller_s.c
[1.662s] -- Up-to-date symlink: /home/herring/rzddzy/ros2_ws/install/multi_mode_control_msgs/lib/python3.12/site-packages/multi_mode_control_msgs/msg/_dual_cartesian_impedance_goal.py
[1.662s] -- Up-to-date symlink: /home/herring/rzddzy/ros2_ws/install/multi_mode_control_msgs/lib/python3.12/site-packages/multi_mode_control_msgs/msg/_dual_cartesian_impedance_goal_s.c
[1.663s] -- Up-to-date symlink: /home/herring/rzddzy/ros2_ws/install/multi_mode_control_msgs/lib/python3.12/site-packages/multi_mode_control_msgs/msg/_joint_array.py
[1.663s] -- Up-to-date symlink: /home/herring/rzddzy/ros2_ws/install/multi_mode_control_msgs/lib/python3.12/site-packages/multi_mode_control_msgs/msg/_joint_array_s.c
[1.663s] -- Up-to-date symlink: /home/herring/rzddzy/ros2_ws/install/multi_mode_control_msgs/lib/python3.12/site-packages/multi_mode_control_msgs/msg/_joint_goal.py
[1.663s] -- Up-to-date symlink: /home/herring/rzddzy/ros2_ws/install/multi_mode_control_msgs/lib/python3.12/site-packages/multi_mode_control_msgs/msg/_joint_goal_s.c
[1.663s] -- Up-to-date symlink: /home/herring/rzddzy/ros2_ws/install/multi_mode_control_msgs/lib/python3.12/site-packages/multi_mode_control_msgs/msg/_velocity_goal.py
[1.663s] -- Up-to-date symlink: /home/herring/rzddzy/ros2_ws/install/multi_mode_control_msgs/lib/python3.12/site-packages/multi_mode_control_msgs/msg/_velocity_goal_s.c
[1.663s] -- Up-to-date symlink: /home/herring/rzddzy/ros2_ws/install/multi_mode_control_msgs/lib/python3.12/site-packages/multi_mode_control_msgs/msg/_wrench.py
[1.663s] -- Up-to-date symlink: /home/herring/rzddzy/ros2_ws/install/multi_mode_control_msgs/lib/python3.12/site-packages/multi_mode_control_msgs/msg/_wrench_s.c
[1.663s] -- Up-to-date symlink: /home/herring/rzddzy/ros2_ws/install/multi_mode_control_msgs/lib/python3.12/site-packages/multi_mode_control_msgs/multi_mode_control_msgs_s__rosidl_typesupport_c.so
[1.664s] -- Up-to-date symlink: /home/herring/rzddzy/ros2_ws/install/multi_mode_control_msgs/lib/python3.12/site-packages/multi_mode_control_msgs/multi_mode_control_msgs_s__rosidl_typesupport_fastrtps_c.so
[1.664s] -- Up-to-date symlink: /home/herring/rzddzy/ros2_ws/install/multi_mode_control_msgs/lib/python3.12/site-packages/multi_mode_control_msgs/multi_mode_control_msgs_s__rosidl_typesupport_introspection_c.so
[1.664s] -- Up-to-date symlink: /home/herring/rzddzy/ros2_ws/install/multi_mode_control_msgs/lib/python3.12/site-packages/multi_mode_control_msgs/srv/__init__.py
[1.664s] -- Up-to-date symlink: /home/herring/rzddzy/ros2_ws/install/multi_mode_control_msgs/lib/python3.12/site-packages/multi_mode_control_msgs/srv/_get_controllers.py
[1.664s] -- Up-to-date symlink: /home/herring/rzddzy/ros2_ws/install/multi_mode_control_msgs/lib/python3.12/site-packages/multi_mode_control_msgs/srv/_get_controllers_s.c
[1.664s] -- Up-to-date symlink: /home/herring/rzddzy/ros2_ws/install/multi_mode_control_msgs/lib/python3.12/site-packages/multi_mode_control_msgs/srv/_get_robot_states.py
[1.664s] -- Up-to-date symlink: /home/herring/rzddzy/ros2_ws/install/multi_mode_control_msgs/lib/python3.12/site-packages/multi_mode_control_msgs/srv/_get_robot_states_s.c
[1.664s] -- Up-to-date symlink: /home/herring/rzddzy/ros2_ws/install/multi_mode_control_msgs/lib/python3.12/site-packages/multi_mode_control_msgs/srv/_set_cartesian_impedance.py
[1.664s] -- Up-to-date symlink: /home/herring/rzddzy/ros2_ws/install/multi_mode_control_msgs/lib/python3.12/site-packages/multi_mode_control_msgs/srv/_set_cartesian_impedance_s.c
[1.665s] -- Up-to-date symlink: /home/herring/rzddzy/ros2_ws/install/multi_mode_control_msgs/lib/python3.12/site-packages/multi_mode_control_msgs/srv/_set_controllers.py
[1.665s] -- Up-to-date symlink: /home/herring/rzddzy/ros2_ws/install/multi_mode_control_msgs/lib/python3.12/site-packages/multi_mode_control_msgs/srv/_set_controllers_s.c
[1.665s] -- Up-to-date symlink: /home/herring/rzddzy/ros2_ws/install/multi_mode_control_msgs/lib/python3.12/site-packages/multi_mode_control_msgs/srv/_set_joint_impedance.py
[1.665s] -- Up-to-date symlink: /home/herring/rzddzy/ros2_ws/install/multi_mode_control_msgs/lib/python3.12/site-packages/multi_mode_control_msgs/srv/_set_joint_impedance_s.c
[1.665s] -- Up-to-date symlink: /home/herring/rzddzy/ros2_ws/install/multi_mode_control_msgs/lib/python3.12/site-packages/multi_mode_control_msgs/srv/_set_recovery_mode.py
[1.665s] -- Up-to-date symlink: /home/herring/rzddzy/ros2_ws/install/multi_mode_control_msgs/lib/python3.12/site-packages/multi_mode_control_msgs/srv/_set_recovery_mode_s.c
[1.665s] -- Up-to-date symlink: /home/herring/rzddzy/ros2_ws/install/multi_mode_control_msgs/lib/python3.12/site-packages/multi_mode_control_msgs/srv/_set_reflex.py
[1.665s] -- Up-to-date symlink: /home/herring/rzddzy/ros2_ws/install/multi_mode_control_msgs/lib/python3.12/site-packages/multi_mode_control_msgs/srv/_set_reflex_s.c
[1.665s] -- Up-to-date symlink: /home/herring/rzddzy/ros2_ws/install/multi_mode_control_msgs/lib/python3.12/site-packages/multi_mode_control_msgs/srv/_set_thresholds.py
[1.666s] -- Up-to-date symlink: /home/herring/rzddzy/ros2_ws/install/multi_mode_control_msgs/lib/python3.12/site-packages/multi_mode_control_msgs/srv/_set_thresholds_s.c
[1.666s] -- Up-to-date symlink: /home/herring/rzddzy/ros2_ws/install/multi_mode_control_msgs/lib/python3.12/site-packages/multi_mode_control_msgs/srv/_set_world_state.py
[1.666s] -- Up-to-date symlink: /home/herring/rzddzy/ros2_ws/install/multi_mode_control_msgs/lib/python3.12/site-packages/multi_mode_control_msgs/srv/_set_world_state_s.c
[1.666s] -- Up-to-date symlink: /home/herring/rzddzy/ros2_ws/install/multi_mode_control_msgs/lib/python3.12/site-packages/multi_mode_control_msgs/multi_mode_control_msgs_s__rosidl_typesupport_fastrtps_c.so
[1.666s] -- Up-to-date symlink: /home/herring/rzddzy/ros2_ws/install/multi_mode_control_msgs/lib/python3.12/site-packages/multi_mode_control_msgs/multi_mode_control_msgs_s__rosidl_typesupport_introspection_c.so
[1.667s] -- Up-to-date symlink: /home/herring/rzddzy/ros2_ws/install/multi_mode_control_msgs/lib/python3.12/site-packages/multi_mode_control_msgs/multi_mode_control_msgs_s__rosidl_typesupport_c.so
[1.667s] -- Up-to-date symlink: /home/herring/rzddzy/ros2_ws/install/multi_mode_control_msgs/share/multi_mode_control_msgs/msg/CartesianImpedanceGoal.idl
[1.667s] -- Up-to-date symlink: /home/herring/rzddzy/ros2_ws/install/multi_mode_control_msgs/share/multi_mode_control_msgs/msg/DualCartesianImpedanceGoal.idl
[1.667s] -- Up-to-date symlink: /home/herring/rzddzy/ros2_ws/install/multi_mode_control_msgs/share/multi_mode_control_msgs/msg/ContactThresholds.idl
[1.667s] -- Up-to-date symlink: /home/herring/rzddzy/ros2_ws/install/multi_mode_control_msgs/share/multi_mode_control_msgs/msg/Controller.idl
[1.667s] -- Up-to-date symlink: /home/herring/rzddzy/ros2_ws/install/multi_mode_control_msgs/share/multi_mode_control_msgs/msg/JointArray.idl
[1.668s] -- Up-to-date symlink: /home/herring/rzddzy/ros2_ws/install/multi_mode_control_msgs/share/multi_mode_control_msgs/msg/JointGoal.idl
[1.668s] -- Up-to-date symlink: /home/herring/rzddzy/ros2_ws/install/multi_mode_control_msgs/share/multi_mode_control_msgs/msg/VelocityGoal.idl
[1.668s] -- Up-to-date symlink: /home/herring/rzddzy/ros2_ws/install/multi_mode_control_msgs/share/multi_mode_control_msgs/msg/Wrench.idl
[1.668s] -- Up-to-date symlink: /home/herring/rzddzy/ros2_ws/install/multi_mode_control_msgs/share/multi_mode_control_msgs/srv/GetControllers.idl
[1.668s] -- Up-to-date symlink: /home/herring/rzddzy/ros2_ws/install/multi_mode_control_msgs/share/multi_mode_control_msgs/srv/GetRobotStates.idl
[1.668s] -- Up-to-date symlink: /home/herring/rzddzy/ros2_ws/install/multi_mode_control_msgs/share/multi_mode_control_msgs/srv/SetCartesianImpedance.idl
[1.668s] -- Up-to-date symlink: /home/herring/rzddzy/ros2_ws/install/multi_mode_control_msgs/share/multi_mode_control_msgs/srv/SetControllers.idl
[1.669s] -- Up-to-date symlink: /home/herring/rzddzy/ros2_ws/install/multi_mode_control_msgs/share/multi_mode_control_msgs/srv/SetJointImpedance.idl
[1.669s] -- Up-to-date symlink: /home/herring/rzddzy/ros2_ws/install/multi_mode_control_msgs/share/multi_mode_control_msgs/srv/SetRecoveryMode.idl
[1.669s] -- Up-to-date symlink: /home/herring/rzddzy/ros2_ws/install/multi_mode_control_msgs/share/multi_mode_control_msgs/srv/SetReflex.idl
[1.669s] -- Up-to-date symlink: /home/herring/rzddzy/ros2_ws/install/multi_mode_control_msgs/share/multi_mode_control_msgs/srv/SetThresholds.idl
[1.669s] -- Up-to-date symlink: /home/herring/rzddzy/ros2_ws/install/multi_mode_control_msgs/share/multi_mode_control_msgs/srv/SetWorldState.idl
[1.669s] -- Up-to-date symlink: /home/herring/rzddzy/ros2_ws/install/multi_mode_control_msgs/share/multi_mode_control_msgs/msg/CartesianImpedanceGoal.msg
[1.670s] -- Up-to-date symlink: /home/herring/rzddzy/ros2_ws/install/multi_mode_control_msgs/share/multi_mode_control_msgs/msg/DualCartesianImpedanceGoal.msg
[1.670s] -- Up-to-date symlink: /home/herring/rzddzy/ros2_ws/install/multi_mode_control_msgs/share/multi_mode_control_msgs/msg/ContactThresholds.msg
[1.670s] -- Up-to-date symlink: /home/herring/rzddzy/ros2_ws/install/multi_mode_control_msgs/share/multi_mode_control_msgs/msg/Controller.msg
[1.670s] -- Up-to-date symlink: /home/herring/rzddzy/ros2_ws/install/multi_mode_control_msgs/share/multi_mode_control_msgs/msg/JointArray.msg
[1.670s] -- Up-to-date symlink: /home/herring/rzddzy/ros2_ws/install/multi_mode_control_msgs/share/multi_mode_control_msgs/msg/JointGoal.msg
[1.670s] -- Up-to-date symlink: /home/herring/rzddzy/ros2_ws/install/multi_mode_control_msgs/share/multi_mode_control_msgs/msg/VelocityGoal.msg
[1.670s] -- Up-to-date symlink: /home/herring/rzddzy/ros2_ws/install/multi_mode_control_msgs/share/multi_mode_control_msgs/msg/Wrench.msg
[1.671s] -- Up-to-date symlink: /home/herring/rzddzy/ros2_ws/install/multi_mode_control_msgs/share/multi_mode_control_msgs/srv/GetControllers.srv
[1.671s] -- Up-to-date symlink: /home/herring/rzddzy/ros2_ws/install/multi_mode_control_msgs/share/multi_mode_control_msgs/srv/GetRobotStates.srv
[1.671s] -- Up-to-date symlink: /home/herring/rzddzy/ros2_ws/install/multi_mode_control_msgs/share/multi_mode_control_msgs/srv/SetCartesianImpedance.srv
[1.671s] -- Up-to-date symlink: /home/herring/rzddzy/ros2_ws/install/multi_mode_control_msgs/share/multi_mode_control_msgs/srv/SetControllers.srv
[1.671s] -- Up-to-date symlink: /home/herring/rzddzy/ros2_ws/install/multi_mode_control_msgs/share/multi_mode_control_msgs/srv/SetJointImpedance.srv
[1.671s] -- Up-to-date symlink: /home/herring/rzddzy/ros2_ws/install/multi_mode_control_msgs/share/multi_mode_control_msgs/srv/SetRecoveryMode.srv
[1.671s] -- Up-to-date symlink: /home/herring/rzddzy/ros2_ws/install/multi_mode_control_msgs/share/multi_mode_control_msgs/srv/SetReflex.srv
[1.672s] -- Up-to-date symlink: /home/herring/rzddzy/ros2_ws/install/multi_mode_control_msgs/share/multi_mode_control_msgs/srv/SetThresholds.srv
[1.672s] -- Up-to-date symlink: /home/herring/rzddzy/ros2_ws/install/multi_mode_control_msgs/share/multi_mode_control_msgs/srv/SetWorldState.srv
[1.672s] -- Up-to-date symlink: /home/herring/rzddzy/ros2_ws/install/multi_mode_control_msgs/share/ament_index/resource_index/package_run_dependencies/multi_mode_control_msgs
[1.672s] -- Up-to-date symlink: /home/herring/rzddzy/ros2_ws/install/multi_mode_control_msgs/share/ament_index/resource_index/parent_prefix_path/multi_mode_control_msgs
[1.672s] -- Up-to-date symlink: /home/herring/rzddzy/ros2_ws/install/multi_mode_control_msgs/share/multi_mode_control_msgs/environment/ament_prefix_path.sh
[1.672s] -- Up-to-date symlink: /home/herring/rzddzy/ros2_ws/install/multi_mode_control_msgs/share/multi_mode_control_msgs/environment/ament_prefix_path.dsv
[1.673s] -- Up-to-date symlink: /home/herring/rzddzy/ros2_ws/install/multi_mode_control_msgs/share/multi_mode_control_msgs/environment/path.sh
[1.673s] -- Up-to-date symlink: /home/herring/rzddzy/ros2_ws/install/multi_mode_control_msgs/share/multi_mode_control_msgs/environment/path.dsv
[1.673s] -- Up-to-date symlink: /home/herring/rzddzy/ros2_ws/install/multi_mode_control_msgs/share/multi_mode_control_msgs/local_setup.bash
[1.673s] -- Up-to-date symlink: /home/herring/rzddzy/ros2_ws/install/multi_mode_control_msgs/share/multi_mode_control_msgs/local_setup.sh
[1.673s] -- Up-to-date symlink: /home/herring/rzddzy/ros2_ws/install/multi_mode_control_msgs/share/multi_mode_control_msgs/local_setup.zsh
[1.673s] -- Up-to-date symlink: /home/herring/rzddzy/ros2_ws/install/multi_mode_control_msgs/share/multi_mode_control_msgs/local_setup.dsv
[1.673s] -- Symlinking: /home/herring/rzddzy/ros2_ws/install/multi_mode_control_msgs/share/multi_mode_control_msgs/package.dsv
[1.684s] -- Up-to-date symlink: /home/herring/rzddzy/ros2_ws/install/multi_mode_control_msgs/share/ament_index/resource_index/packages/multi_mode_control_msgs
[1.684s] -- Up-to-date symlink: /home/herring/rzddzy/ros2_ws/install/multi_mode_control_msgs/share/multi_mode_control_msgs/cmake/rosidl_cmake-extras.cmake
[1.684s] -- Up-to-date symlink: /home/herring/rzddzy/ros2_ws/install/multi_mode_control_msgs/share/multi_mode_control_msgs/cmake/ament_cmake_export_dependencies-extras.cmake
[1.685s] -- Up-to-date symlink: /home/herring/rzddzy/ros2_ws/install/multi_mode_control_msgs/share/multi_mode_control_msgs/cmake/ament_cmake_export_include_directories-extras.cmake
[1.685s] -- Up-to-date symlink: /home/herring/rzddzy/ros2_ws/install/multi_mode_control_msgs/share/multi_mode_control_msgs/cmake/ament_cmake_export_libraries-extras.cmake
[1.685s] -- Up-to-date symlink: /home/herring/rzddzy/ros2_ws/install/multi_mode_control_msgs/share/multi_mode_control_msgs/cmake/ament_cmake_export_targets-extras.cmake
[1.685s] -- Up-to-date symlink: /home/herring/rzddzy/ros2_ws/install/multi_mode_control_msgs/share/multi_mode_control_msgs/cmake/rosidl_cmake_export_typesupport_targets-extras.cmake
[1.685s] -- Up-to-date symlink: /home/herring/rzddzy/ros2_ws/install/multi_mode_control_msgs/share/multi_mode_control_msgs/cmake/rosidl_cmake_export_typesupport_libraries-extras.cmake
[1.685s] -- Up-to-date symlink: /home/herring/rzddzy/ros2_ws/install/multi_mode_control_msgs/share/multi_mode_control_msgs/cmake/multi_mode_control_msgsConfig.cmake
[1.685s] -- Up-to-date symlink: /home/herring/rzddzy/ros2_ws/install/multi_mode_control_msgs/share/multi_mode_control_msgs/cmake/multi_mode_control_msgsConfig-version.cmake
[1.686s] -- Up-to-date symlink: /home/herring/rzddzy/ros2_ws/install/multi_mode_control_msgs/share/multi_mode_control_msgs/package.xml
[1.686s] -- Up-to-date: /home/herring/rzddzy/ros2_ws/install/multi_mode_control_msgs/lib/libmulti_mode_control_msgs__rosidl_generator_c.so
[1.687s] -- Up-to-date: /home/herring/rzddzy/ros2_ws/install/multi_mode_control_msgs/lib/libmulti_mode_control_msgs__rosidl_typesupport_fastrtps_c.so
[1.687s] -- Up-to-date: /home/herring/rzddzy/ros2_ws/install/multi_mode_control_msgs/lib/libmulti_mode_control_msgs__rosidl_typesupport_fastrtps_cpp.so
[1.688s] -- Up-to-date: /home/herring/rzddzy/ros2_ws/install/multi_mode_control_msgs/lib/libmulti_mode_control_msgs__rosidl_typesupport_introspection_c.so
[1.689s] -- Up-to-date: /home/herring/rzddzy/ros2_ws/install/multi_mode_control_msgs/lib/libmulti_mode_control_msgs__rosidl_typesupport_c.so
[1.689s] -- Up-to-date: /home/herring/rzddzy/ros2_ws/install/multi_mode_control_msgs/lib/libmulti_mode_control_msgs__rosidl_typesupport_introspection_cpp.so
[1.690s] -- Up-to-date: /home/herring/rzddzy/ros2_ws/install/multi_mode_control_msgs/lib/libmulti_mode_control_msgs__rosidl_typesupport_cpp.so
[1.717s] Listing '/home/herring/rzddzy/ros2_ws/install/multi_mode_control_msgs/lib/python3.12/site-packages/multi_mode_control_msgs'...
[1.717s] Compiling '/home/herring/rzddzy/ros2_ws/install/multi_mode_control_msgs/lib/python3.12/site-packages/multi_mode_control_msgs/__init__.py'...
[1.717s] Listing '/home/herring/rzddzy/ros2_ws/install/multi_mode_control_msgs/lib/python3.12/site-packages/multi_mode_control_msgs/msg'...
[1.718s] Listing '/home/herring/rzddzy/ros2_ws/install/multi_mode_control_msgs/lib/python3.12/site-packages/multi_mode_control_msgs/srv'...
[1.722s] -- Up-to-date: /home/herring/rzddzy/ros2_ws/install/multi_mode_control_msgs/lib/libmulti_mode_control_msgs__rosidl_generator_py.so
[1.722s] -- Up-to-date: /home/herring/rzddzy/ros2_ws/install/multi_mode_control_msgs/share/multi_mode_control_msgs/cmake/export_multi_mode_control_msgs__rosidl_generator_cExport.cmake
[1.722s] -- Up-to-date: /home/herring/rzddzy/ros2_ws/install/multi_mode_control_msgs/share/multi_mode_control_msgs/cmake/export_multi_mode_control_msgs__rosidl_generator_cExport-noconfig.cmake
[1.722s] -- Up-to-date: /home/herring/rzddzy/ros2_ws/install/multi_mode_control_msgs/share/multi_mode_control_msgs/cmake/export_multi_mode_control_msgs__rosidl_typesupport_fastrtps_cExport.cmake
[1.722s] -- Up-to-date: /home/herring/rzddzy/ros2_ws/install/multi_mode_control_msgs/share/multi_mode_control_msgs/cmake/export_multi_mode_control_msgs__rosidl_typesupport_fastrtps_cExport-noconfig.cmake
[1.722s] -- Up-to-date: /home/herring/rzddzy/ros2_ws/install/multi_mode_control_msgs/share/multi_mode_control_msgs/cmake/export_multi_mode_control_msgs__rosidl_generator_cppExport.cmake
[1.723s] -- Up-to-date: /home/herring/rzddzy/ros2_ws/install/multi_mode_control_msgs/share/multi_mode_control_msgs/cmake/export_multi_mode_control_msgs__rosidl_typesupport_fastrtps_cppExport.cmake
[1.723s] -- Up-to-date: /home/herring/rzddzy/ros2_ws/install/multi_mode_control_msgs/share/multi_mode_control_msgs/cmake/export_multi_mode_control_msgs__rosidl_typesupport_fastrtps_cppExport-noconfig.cmake
[1.723s] -- Up-to-date: /home/herring/rzddzy/ros2_ws/install/multi_mode_control_msgs/share/multi_mode_control_msgs/cmake/multi_mode_control_msgs__rosidl_typesupport_introspection_cExport.cmake
[1.723s] -- Up-to-date: /home/herring/rzddzy/ros2_ws/install/multi_mode_control_msgs/share/multi_mode_control_msgs/cmake/multi_mode_control_msgs__rosidl_typesupport_introspection_cExport-noconfig.cmake
[1.723s] -- Up-to-date: /home/herring/rzddzy/ros2_ws/install/multi_mode_control_msgs/share/multi_mode_control_msgs/cmake/multi_mode_control_msgs__rosidl_typesupport_cExport.cmake
[1.723s] -- Up-to-date: /home/herring/rzddzy/ros2_ws/install/multi_mode_control_msgs/share/multi_mode_control_msgs/cmake/multi_mode_control_msgs__rosidl_typesupport_cExport-noconfig.cmake
[1.723s] -- Up-to-date: /home/herring/rzddzy/ros2_ws/install/multi_mode_control_msgs/share/multi_mode_control_msgs/cmake/multi_mode_control_msgs__rosidl_typesupport_introspection_cppExport.cmake
[1.723s] -- Up-to-date: /home/herring/rzddzy/ros2_ws/install/multi_mode_control_msgs/share/multi_mode_control_msgs/cmake/multi_mode_control_msgs__rosidl_typesupport_introspection_cppExport-noconfig.cmake
[1.723s] -- Up-to-date: /home/herring/rzddzy/ros2_ws/install/multi_mode_control_msgs/share/multi_mode_control_msgs/cmake/multi_mode_control_msgs__rosidl_typesupport_cppExport.cmake
[1.723s] -- Up-to-date: /home/herring/rzddzy/ros2_ws/install/multi_mode_control_msgs/share/multi_mode_control_msgs/cmake/multi_mode_control_msgs__rosidl_typesupport_cppExport-noconfig.cmake
[1.724s] -- Up-to-date: /home/herring/rzddzy/ros2_ws/install/multi_mode_control_msgs/share/multi_mode_control_msgs/cmake/export_multi_mode_control_msgs__rosidl_generator_pyExport.cmake
[1.724s] -- Up-to-date: /home/herring/rzddzy/ros2_ws/install/multi_mode_control_msgs/share/multi_mode_control_msgs/cmake/export_multi_mode_control_msgs__rosidl_generator_pyExport-noconfig.cmake
[1.727s] Invoked command in '/home/herring/rzddzy/ros2_ws/build/multi_mode_control_msgs' returned '0': AMENT_PREFIX_PATH=/home/herring/rzddzy/ros2_ws/install/franka_msgs:${AMENT_PREFIX_PATH} CMAKE_PREFIX_PATH=/home/herring/rzddzy/ros2_ws/install/franka_msgs:/opt/ros/jazzy/opt/sdformat_vendor:/opt/ros/jazzy/opt/gz_math_vendor:/opt/ros/jazzy/opt/gz_utils_vendor:/opt/ros/jazzy/opt/gz_tools_vendor:/opt/ros/jazzy/opt/gz_cmake_vendor:/opt/ros/jazzy DEBUGINFOD_URLS=https://debuginfod.ubuntu.com LD_LIBRARY_PATH=/home/herring/rzddzy/ros2_ws/install/franka_msgs/lib:${LD_LIBRARY_PATH} PYTHONPATH=/home/herring/rzddzy/ros2_ws/install/franka_msgs/lib/python3.12/site-packages:${PYTHONPATH} /usr/bin/cmake --install /home/herring/rzddzy/ros2_ws/build/multi_mode_control_msgs
