[0.019s] Invoking command in '/home/herring/rzddzy/ros2_ws/build/franka_msgs': CMAKE_PREFIX_PATH=${CMAKE_PREFIX_PATH}:/opt/ros/jazzy DEBUGINFOD_URLS=https://debuginfod.ubuntu.com /usr/bin/cmake --build /home/herring/rzddzy/ros2_ws/build/franka_msgs -- -j28 -l28
[0.092s] [  1%] Built target franka_msgs__rosidl_generator_type_description
[0.096s] [  1%] Built target ament_cmake_python_symlink_franka_msgs
[0.125s] [  1%] Built target franka_msgs__cpp
[0.141s] [ 28%] Built target franka_msgs__rosidl_generator_c
[0.176s] [ 38%] Built target franka_msgs__rosidl_typesupport_introspection_c
[0.178s] [ 47%] Built target franka_msgs__rosidl_typesupport_c
[0.182s] [ 57%] Built target franka_msgs__rosidl_typesupport_fastrtps_cpp
[0.185s] [ 73%] Built target franka_msgs__rosidl_typesupport_fastrtps_c
[0.185s] [ 77%] Built target franka_msgs__rosidl_typesupport_cpp
[0.191s] [ 86%] Built target franka_msgs__rosidl_typesupport_introspection_cpp
[0.222s] [ 86%] Built target franka_msgs
[0.254s] [ 87%] Built target franka_msgs__py
[0.289s] [ 96%] Built target franka_msgs__rosidl_generator_py
[0.304s] running egg_info
[0.319s] [ 97%] Built target franka_msgs_s__rosidl_typesupport_c
[0.320s] [ 98%] Built target franka_msgs_s__rosidl_typesupport_fastrtps_c
[0.321s] [100%] Built target franka_msgs_s__rosidl_typesupport_introspection_c
[0.335s] writing franka_msgs.egg-info/PKG-INFO
[0.335s] writing dependency_links to franka_msgs.egg-info/dependency_links.txt
[0.335s] writing top-level names to franka_msgs.egg-info/top_level.txt
[0.405s] reading manifest file 'franka_msgs.egg-info/SOURCES.txt'
[0.406s] writing manifest file 'franka_msgs.egg-info/SOURCES.txt'
[0.436s] [100%] Built target ament_cmake_python_build_franka_msgs_egg
[0.455s] Invoked command in '/home/herring/rzddzy/ros2_ws/build/franka_msgs' returned '0': CMAKE_PREFIX_PATH=${CMAKE_PREFIX_PATH}:/opt/ros/jazzy DEBUGINFOD_URLS=https://debuginfod.ubuntu.com /usr/bin/cmake --build /home/herring/rzddzy/ros2_ws/build/franka_msgs -- -j28 -l28
[0.456s] Invoking command in '/home/herring/rzddzy/ros2_ws/build/franka_msgs': CMAKE_PREFIX_PATH=${CMAKE_PREFIX_PATH}:/opt/ros/jazzy DEBUGINFOD_URLS=https://debuginfod.ubuntu.com /usr/bin/cmake --install /home/herring/rzddzy/ros2_ws/build/franka_msgs
[0.464s] -- Install configuration: ""
[0.464s] -- Execute custom install script
[0.465s] -- Up-to-date symlink: /home/herring/rzddzy/ros2_ws/install/franka_msgs/share/ament_index/resource_index/rosidl_interfaces/franka_msgs
[0.465s] -- Up-to-date symlink: /home/herring/rzddzy/ros2_ws/install/franka_msgs/share/franka_msgs/msg/GraspEpsilon.json
[0.465s] -- Up-to-date symlink: /home/herring/rzddzy/ros2_ws/install/franka_msgs/share/franka_msgs/msg/FrankaState.json
[0.465s] -- Up-to-date symlink: /home/herring/rzddzy/ros2_ws/install/franka_msgs/share/franka_msgs/msg/FrankaModel.json
[0.465s] -- Up-to-date symlink: /home/herring/rzddzy/ros2_ws/install/franka_msgs/share/franka_msgs/msg/Errors.json
[0.465s] -- Up-to-date symlink: /home/herring/rzddzy/ros2_ws/install/franka_msgs/share/franka_msgs/msg/PoseStampedArray.json
[0.465s] -- Up-to-date symlink: /home/herring/rzddzy/ros2_ws/install/franka_msgs/share/franka_msgs/action/Grasp.json
[0.465s] -- Up-to-date symlink: /home/herring/rzddzy/ros2_ws/install/franka_msgs/share/franka_msgs/action/Homing.json
[0.465s] -- Up-to-date symlink: /home/herring/rzddzy/ros2_ws/install/franka_msgs/share/franka_msgs/action/Move.json
[0.465s] -- Up-to-date symlink: /home/herring/rzddzy/ros2_ws/install/franka_msgs/share/franka_msgs/srv/ErrorRecovery.json
[0.465s] -- Up-to-date symlink: /home/herring/rzddzy/ros2_ws/install/franka_msgs/share/franka_msgs/srv/SetCartesianStiffness.json
[0.465s] -- Up-to-date symlink: /home/herring/rzddzy/ros2_ws/install/franka_msgs/share/franka_msgs/srv/SetTCPFrame.json
[0.465s] -- Up-to-date symlink: /home/herring/rzddzy/ros2_ws/install/franka_msgs/share/franka_msgs/srv/SetForceTorqueCollisionBehavior.json
[0.465s] -- Up-to-date symlink: /home/herring/rzddzy/ros2_ws/install/franka_msgs/share/franka_msgs/srv/SetFullCollisionBehavior.json
[0.465s] -- Up-to-date symlink: /home/herring/rzddzy/ros2_ws/install/franka_msgs/share/franka_msgs/srv/SetJointStiffness.json
[0.466s] -- Up-to-date symlink: /home/herring/rzddzy/ros2_ws/install/franka_msgs/share/franka_msgs/srv/SetStiffnessFrame.json
[0.466s] -- Up-to-date symlink: /home/herring/rzddzy/ros2_ws/install/franka_msgs/share/franka_msgs/srv/SetLoad.json
[0.466s] -- Up-to-date symlink: /home/herring/rzddzy/ros2_ws/install/franka_msgs/share/franka_msgs/srv/SetMujocoPoses.json
[0.467s] -- Up-to-date symlink: /home/herring/rzddzy/ros2_ws/install/franka_msgs/include/franka_msgs/franka_msgs/action/detail/grasp__functions.h
[0.467s] -- Up-to-date symlink: /home/herring/rzddzy/ros2_ws/install/franka_msgs/include/franka_msgs/franka_msgs/action/detail/grasp__struct.h
[0.467s] -- Up-to-date symlink: /home/herring/rzddzy/ros2_ws/install/franka_msgs/include/franka_msgs/franka_msgs/action/detail/grasp__type_support.h
[0.467s] -- Up-to-date symlink: /home/herring/rzddzy/ros2_ws/install/franka_msgs/include/franka_msgs/franka_msgs/action/detail/homing__functions.h
[0.467s] -- Up-to-date symlink: /home/herring/rzddzy/ros2_ws/install/franka_msgs/include/franka_msgs/franka_msgs/action/detail/homing__struct.h
[0.467s] -- Up-to-date symlink: /home/herring/rzddzy/ros2_ws/install/franka_msgs/include/franka_msgs/franka_msgs/action/detail/homing__type_support.h
[0.467s] -- Up-to-date symlink: /home/herring/rzddzy/ros2_ws/install/franka_msgs/include/franka_msgs/franka_msgs/action/detail/move__functions.h
[0.468s] -- Up-to-date symlink: /home/herring/rzddzy/ros2_ws/install/franka_msgs/include/franka_msgs/franka_msgs/action/detail/move__struct.h
[0.468s] -- Up-to-date symlink: /home/herring/rzddzy/ros2_ws/install/franka_msgs/include/franka_msgs/franka_msgs/action/detail/move__type_support.h
[0.468s] -- Up-to-date symlink: /home/herring/rzddzy/ros2_ws/install/franka_msgs/include/franka_msgs/franka_msgs/action/grasp.h
[0.468s] -- Up-to-date symlink: /home/herring/rzddzy/ros2_ws/install/franka_msgs/include/franka_msgs/franka_msgs/action/homing.h
[0.468s] -- Up-to-date symlink: /home/herring/rzddzy/ros2_ws/install/franka_msgs/include/franka_msgs/franka_msgs/action/move.h
[0.468s] -- Up-to-date symlink: /home/herring/rzddzy/ros2_ws/install/franka_msgs/include/franka_msgs/franka_msgs/msg/detail/errors__functions.h
[0.468s] -- Up-to-date symlink: /home/herring/rzddzy/ros2_ws/install/franka_msgs/include/franka_msgs/franka_msgs/msg/detail/errors__struct.h
[0.468s] -- Up-to-date symlink: /home/herring/rzddzy/ros2_ws/install/franka_msgs/include/franka_msgs/franka_msgs/msg/detail/errors__type_support.h
[0.468s] -- Up-to-date symlink: /home/herring/rzddzy/ros2_ws/install/franka_msgs/include/franka_msgs/franka_msgs/msg/detail/franka_model__functions.h
[0.468s] -- Up-to-date symlink: /home/herring/rzddzy/ros2_ws/install/franka_msgs/include/franka_msgs/franka_msgs/msg/detail/franka_model__struct.h
[0.468s] -- Up-to-date symlink: /home/herring/rzddzy/ros2_ws/install/franka_msgs/include/franka_msgs/franka_msgs/msg/detail/franka_model__type_support.h
[0.468s] -- Up-to-date symlink: /home/herring/rzddzy/ros2_ws/install/franka_msgs/include/franka_msgs/franka_msgs/msg/detail/franka_state__functions.h
[0.468s] -- Up-to-date symlink: /home/herring/rzddzy/ros2_ws/install/franka_msgs/include/franka_msgs/franka_msgs/msg/detail/franka_state__struct.h
[0.469s] -- Up-to-date symlink: /home/herring/rzddzy/ros2_ws/install/franka_msgs/include/franka_msgs/franka_msgs/msg/detail/franka_state__type_support.h
[0.469s] -- Up-to-date symlink: /home/herring/rzddzy/ros2_ws/install/franka_msgs/include/franka_msgs/franka_msgs/msg/detail/grasp_epsilon__functions.h
[0.469s] -- Up-to-date symlink: /home/herring/rzddzy/ros2_ws/install/franka_msgs/include/franka_msgs/franka_msgs/msg/detail/grasp_epsilon__struct.h
[0.469s] -- Up-to-date symlink: /home/herring/rzddzy/ros2_ws/install/franka_msgs/include/franka_msgs/franka_msgs/msg/detail/grasp_epsilon__type_support.h
[0.469s] -- Up-to-date symlink: /home/herring/rzddzy/ros2_ws/install/franka_msgs/include/franka_msgs/franka_msgs/msg/detail/pose_stamped_array__functions.h
[0.469s] -- Up-to-date symlink: /home/herring/rzddzy/ros2_ws/install/franka_msgs/include/franka_msgs/franka_msgs/msg/detail/pose_stamped_array__struct.h
[0.469s] -- Up-to-date symlink: /home/herring/rzddzy/ros2_ws/install/franka_msgs/include/franka_msgs/franka_msgs/msg/detail/pose_stamped_array__type_support.h
[0.469s] -- Up-to-date symlink: /home/herring/rzddzy/ros2_ws/install/franka_msgs/include/franka_msgs/franka_msgs/msg/errors.h
[0.469s] -- Up-to-date symlink: /home/herring/rzddzy/ros2_ws/install/franka_msgs/include/franka_msgs/franka_msgs/msg/franka_model.h
[0.470s] -- Up-to-date symlink: /home/herring/rzddzy/ros2_ws/install/franka_msgs/include/franka_msgs/franka_msgs/msg/franka_state.h
[0.470s] -- Up-to-date symlink: /home/herring/rzddzy/ros2_ws/install/franka_msgs/include/franka_msgs/franka_msgs/msg/grasp_epsilon.h
[0.470s] -- Up-to-date symlink: /home/herring/rzddzy/ros2_ws/install/franka_msgs/include/franka_msgs/franka_msgs/msg/pose_stamped_array.h
[0.470s] -- Up-to-date symlink: /home/herring/rzddzy/ros2_ws/install/franka_msgs/include/franka_msgs/franka_msgs/msg/rosidl_generator_c__visibility_control.h
[0.470s] -- Up-to-date symlink: /home/herring/rzddzy/ros2_ws/install/franka_msgs/include/franka_msgs/franka_msgs/srv/detail/error_recovery__functions.h
[0.470s] -- Up-to-date symlink: /home/herring/rzddzy/ros2_ws/install/franka_msgs/include/franka_msgs/franka_msgs/srv/detail/error_recovery__struct.h
[0.470s] -- Up-to-date symlink: /home/herring/rzddzy/ros2_ws/install/franka_msgs/include/franka_msgs/franka_msgs/srv/detail/error_recovery__type_support.h
[0.470s] -- Up-to-date symlink: /home/herring/rzddzy/ros2_ws/install/franka_msgs/include/franka_msgs/franka_msgs/srv/detail/set_cartesian_stiffness__functions.h
[0.470s] -- Up-to-date symlink: /home/herring/rzddzy/ros2_ws/install/franka_msgs/include/franka_msgs/franka_msgs/srv/detail/set_cartesian_stiffness__struct.h
[0.470s] -- Up-to-date symlink: /home/herring/rzddzy/ros2_ws/install/franka_msgs/include/franka_msgs/franka_msgs/srv/detail/set_cartesian_stiffness__type_support.h
[0.470s] -- Up-to-date symlink: /home/herring/rzddzy/ros2_ws/install/franka_msgs/include/franka_msgs/franka_msgs/srv/detail/set_force_torque_collision_behavior__functions.h
[0.470s] -- Up-to-date symlink: /home/herring/rzddzy/ros2_ws/install/franka_msgs/include/franka_msgs/franka_msgs/srv/detail/set_force_torque_collision_behavior__struct.h
[0.471s] -- Up-to-date symlink: /home/herring/rzddzy/ros2_ws/install/franka_msgs/include/franka_msgs/franka_msgs/srv/detail/set_force_torque_collision_behavior__type_support.h
[0.471s] -- Up-to-date symlink: /home/herring/rzddzy/ros2_ws/install/franka_msgs/include/franka_msgs/franka_msgs/srv/detail/set_full_collision_behavior__functions.h
[0.471s] -- Up-to-date symlink: /home/herring/rzddzy/ros2_ws/install/franka_msgs/include/franka_msgs/franka_msgs/srv/detail/set_full_collision_behavior__struct.h
[0.471s] -- Up-to-date symlink: /home/herring/rzddzy/ros2_ws/install/franka_msgs/include/franka_msgs/franka_msgs/srv/detail/set_full_collision_behavior__type_support.h
[0.471s] -- Up-to-date symlink: /home/herring/rzddzy/ros2_ws/install/franka_msgs/include/franka_msgs/franka_msgs/srv/detail/set_joint_stiffness__functions.h
[0.471s] -- Up-to-date symlink: /home/herring/rzddzy/ros2_ws/install/franka_msgs/include/franka_msgs/franka_msgs/srv/detail/set_joint_stiffness__struct.h
[0.471s] -- Up-to-date symlink: /home/herring/rzddzy/ros2_ws/install/franka_msgs/include/franka_msgs/franka_msgs/srv/detail/set_joint_stiffness__type_support.h
[0.471s] -- Up-to-date symlink: /home/herring/rzddzy/ros2_ws/install/franka_msgs/include/franka_msgs/franka_msgs/srv/detail/set_load__functions.h
[0.471s] -- Up-to-date symlink: /home/herring/rzddzy/ros2_ws/install/franka_msgs/include/franka_msgs/franka_msgs/srv/detail/set_load__struct.h
[0.471s] -- Up-to-date symlink: /home/herring/rzddzy/ros2_ws/install/franka_msgs/include/franka_msgs/franka_msgs/srv/detail/set_load__type_support.h
[0.471s] -- Up-to-date symlink: /home/herring/rzddzy/ros2_ws/install/franka_msgs/include/franka_msgs/franka_msgs/srv/detail/set_mujoco_poses__functions.h
[0.471s] -- Up-to-date symlink: /home/herring/rzddzy/ros2_ws/install/franka_msgs/include/franka_msgs/franka_msgs/srv/detail/set_mujoco_poses__struct.h
[0.471s] -- Up-to-date symlink: /home/herring/rzddzy/ros2_ws/install/franka_msgs/include/franka_msgs/franka_msgs/srv/detail/set_mujoco_poses__type_support.h
[0.471s] -- Up-to-date symlink: /home/herring/rzddzy/ros2_ws/install/franka_msgs/include/franka_msgs/franka_msgs/srv/detail/set_stiffness_frame__functions.h
[0.471s] -- Up-to-date symlink: /home/herring/rzddzy/ros2_ws/install/franka_msgs/include/franka_msgs/franka_msgs/srv/detail/set_stiffness_frame__struct.h
[0.471s] -- Up-to-date symlink: /home/herring/rzddzy/ros2_ws/install/franka_msgs/include/franka_msgs/franka_msgs/srv/detail/set_stiffness_frame__type_support.h
[0.471s] -- Up-to-date symlink: /home/herring/rzddzy/ros2_ws/install/franka_msgs/include/franka_msgs/franka_msgs/srv/detail/set_tcp_frame__functions.h
[0.472s] -- Up-to-date symlink: /home/herring/rzddzy/ros2_ws/install/franka_msgs/include/franka_msgs/franka_msgs/srv/detail/set_tcp_frame__struct.h
[0.472s] -- Up-to-date symlink: /home/herring/rzddzy/ros2_ws/install/franka_msgs/include/franka_msgs/franka_msgs/srv/detail/set_tcp_frame__type_support.h
[0.472s] -- Up-to-date symlink: /home/herring/rzddzy/ros2_ws/install/franka_msgs/include/franka_msgs/franka_msgs/srv/error_recovery.h
[0.472s] -- Up-to-date symlink: /home/herring/rzddzy/ros2_ws/install/franka_msgs/include/franka_msgs/franka_msgs/srv/set_cartesian_stiffness.h
[0.472s] -- Up-to-date symlink: /home/herring/rzddzy/ros2_ws/install/franka_msgs/include/franka_msgs/franka_msgs/srv/set_force_torque_collision_behavior.h
[0.472s] -- Up-to-date symlink: /home/herring/rzddzy/ros2_ws/install/franka_msgs/include/franka_msgs/franka_msgs/srv/set_full_collision_behavior.h
[0.472s] -- Up-to-date symlink: /home/herring/rzddzy/ros2_ws/install/franka_msgs/include/franka_msgs/franka_msgs/srv/set_joint_stiffness.h
[0.472s] -- Up-to-date symlink: /home/herring/rzddzy/ros2_ws/install/franka_msgs/include/franka_msgs/franka_msgs/srv/set_load.h
[0.472s] -- Up-to-date symlink: /home/herring/rzddzy/ros2_ws/install/franka_msgs/include/franka_msgs/franka_msgs/srv/set_mujoco_poses.h
[0.472s] -- Up-to-date symlink: /home/herring/rzddzy/ros2_ws/install/franka_msgs/include/franka_msgs/franka_msgs/srv/set_stiffness_frame.h
[0.472s] -- Up-to-date symlink: /home/herring/rzddzy/ros2_ws/install/franka_msgs/include/franka_msgs/franka_msgs/srv/set_tcp_frame.h
[0.472s] -- Up-to-date symlink: /home/herring/rzddzy/ros2_ws/install/franka_msgs/share/franka_msgs/environment/library_path.sh
[0.472s] -- Up-to-date symlink: /home/herring/rzddzy/ros2_ws/install/franka_msgs/share/franka_msgs/environment/library_path.dsv
[0.473s] -- Up-to-date symlink: /home/herring/rzddzy/ros2_ws/install/franka_msgs/include/franka_msgs/franka_msgs/action/detail/grasp__rosidl_typesupport_fastrtps_c.h
[0.473s] -- Up-to-date symlink: /home/herring/rzddzy/ros2_ws/install/franka_msgs/include/franka_msgs/franka_msgs/action/detail/homing__rosidl_typesupport_fastrtps_c.h
[0.473s] -- Up-to-date symlink: /home/herring/rzddzy/ros2_ws/install/franka_msgs/include/franka_msgs/franka_msgs/action/detail/move__rosidl_typesupport_fastrtps_c.h
[0.473s] -- Up-to-date symlink: /home/herring/rzddzy/ros2_ws/install/franka_msgs/include/franka_msgs/franka_msgs/msg/detail/errors__rosidl_typesupport_fastrtps_c.h
[0.473s] -- Up-to-date symlink: /home/herring/rzddzy/ros2_ws/install/franka_msgs/include/franka_msgs/franka_msgs/msg/detail/franka_model__rosidl_typesupport_fastrtps_c.h
[0.473s] -- Up-to-date symlink: /home/herring/rzddzy/ros2_ws/install/franka_msgs/include/franka_msgs/franka_msgs/msg/detail/franka_state__rosidl_typesupport_fastrtps_c.h
[0.474s] -- Up-to-date symlink: /home/herring/rzddzy/ros2_ws/install/franka_msgs/include/franka_msgs/franka_msgs/msg/detail/grasp_epsilon__rosidl_typesupport_fastrtps_c.h
[0.474s] -- Up-to-date symlink: /home/herring/rzddzy/ros2_ws/install/franka_msgs/include/franka_msgs/franka_msgs/msg/detail/pose_stamped_array__rosidl_typesupport_fastrtps_c.h
[0.474s] -- Up-to-date symlink: /home/herring/rzddzy/ros2_ws/install/franka_msgs/include/franka_msgs/franka_msgs/msg/rosidl_typesupport_fastrtps_c__visibility_control.h
[0.474s] -- Up-to-date symlink: /home/herring/rzddzy/ros2_ws/install/franka_msgs/include/franka_msgs/franka_msgs/srv/detail/error_recovery__rosidl_typesupport_fastrtps_c.h
[0.474s] -- Up-to-date symlink: /home/herring/rzddzy/ros2_ws/install/franka_msgs/include/franka_msgs/franka_msgs/srv/detail/set_cartesian_stiffness__rosidl_typesupport_fastrtps_c.h
[0.474s] -- Up-to-date symlink: /home/herring/rzddzy/ros2_ws/install/franka_msgs/include/franka_msgs/franka_msgs/srv/detail/set_force_torque_collision_behavior__rosidl_typesupport_fastrtps_c.h
[0.474s] -- Up-to-date symlink: /home/herring/rzddzy/ros2_ws/install/franka_msgs/include/franka_msgs/franka_msgs/srv/detail/set_full_collision_behavior__rosidl_typesupport_fastrtps_c.h
[0.474s] -- Up-to-date symlink: /home/herring/rzddzy/ros2_ws/install/franka_msgs/include/franka_msgs/franka_msgs/srv/detail/set_joint_stiffness__rosidl_typesupport_fastrtps_c.h
[0.474s] -- Up-to-date symlink: /home/herring/rzddzy/ros2_ws/install/franka_msgs/include/franka_msgs/franka_msgs/srv/detail/set_load__rosidl_typesupport_fastrtps_c.h
[0.474s] -- Up-to-date symlink: /home/herring/rzddzy/ros2_ws/install/franka_msgs/include/franka_msgs/franka_msgs/srv/detail/set_mujoco_poses__rosidl_typesupport_fastrtps_c.h
[0.474s] -- Up-to-date symlink: /home/herring/rzddzy/ros2_ws/install/franka_msgs/include/franka_msgs/franka_msgs/srv/detail/set_stiffness_frame__rosidl_typesupport_fastrtps_c.h
[0.474s] -- Up-to-date symlink: /home/herring/rzddzy/ros2_ws/install/franka_msgs/include/franka_msgs/franka_msgs/srv/detail/set_tcp_frame__rosidl_typesupport_fastrtps_c.h
[0.475s] -- Up-to-date symlink: /home/herring/rzddzy/ros2_ws/install/franka_msgs/include/franka_msgs/franka_msgs/action/detail/grasp__rosidl_typesupport_introspection_c.h
[0.475s] -- Up-to-date symlink: /home/herring/rzddzy/ros2_ws/install/franka_msgs/include/franka_msgs/franka_msgs/action/detail/homing__rosidl_typesupport_introspection_c.h
[0.475s] -- Up-to-date symlink: /home/herring/rzddzy/ros2_ws/install/franka_msgs/include/franka_msgs/franka_msgs/action/detail/move__rosidl_typesupport_introspection_c.h
[0.475s] -- Up-to-date symlink: /home/herring/rzddzy/ros2_ws/install/franka_msgs/include/franka_msgs/franka_msgs/msg/detail/errors__rosidl_typesupport_introspection_c.h
[0.475s] -- Up-to-date symlink: /home/herring/rzddzy/ros2_ws/install/franka_msgs/include/franka_msgs/franka_msgs/msg/detail/franka_model__rosidl_typesupport_introspection_c.h
[0.475s] -- Up-to-date symlink: /home/herring/rzddzy/ros2_ws/install/franka_msgs/include/franka_msgs/franka_msgs/msg/detail/franka_state__rosidl_typesupport_introspection_c.h
[0.475s] -- Up-to-date symlink: /home/herring/rzddzy/ros2_ws/install/franka_msgs/include/franka_msgs/franka_msgs/msg/detail/grasp_epsilon__rosidl_typesupport_introspection_c.h
[0.475s] -- Up-to-date symlink: /home/herring/rzddzy/ros2_ws/install/franka_msgs/include/franka_msgs/franka_msgs/msg/detail/pose_stamped_array__rosidl_typesupport_introspection_c.h
[0.476s] -- Up-to-date symlink: /home/herring/rzddzy/ros2_ws/install/franka_msgs/include/franka_msgs/franka_msgs/msg/rosidl_typesupport_introspection_c__visibility_control.h
[0.476s] -- Up-to-date symlink: /home/herring/rzddzy/ros2_ws/install/franka_msgs/include/franka_msgs/franka_msgs/srv/detail/error_recovery__rosidl_typesupport_introspection_c.h
[0.476s] -- Up-to-date symlink: /home/herring/rzddzy/ros2_ws/install/franka_msgs/include/franka_msgs/franka_msgs/srv/detail/set_cartesian_stiffness__rosidl_typesupport_introspection_c.h
[0.476s] -- Up-to-date symlink: /home/herring/rzddzy/ros2_ws/install/franka_msgs/include/franka_msgs/franka_msgs/srv/detail/set_force_torque_collision_behavior__rosidl_typesupport_introspection_c.h
[0.476s] -- Up-to-date symlink: /home/herring/rzddzy/ros2_ws/install/franka_msgs/include/franka_msgs/franka_msgs/srv/detail/set_full_collision_behavior__rosidl_typesupport_introspection_c.h
[0.476s] -- Up-to-date symlink: /home/herring/rzddzy/ros2_ws/install/franka_msgs/include/franka_msgs/franka_msgs/srv/detail/set_joint_stiffness__rosidl_typesupport_introspection_c.h
[0.476s] -- Up-to-date symlink: /home/herring/rzddzy/ros2_ws/install/franka_msgs/include/franka_msgs/franka_msgs/srv/detail/set_load__rosidl_typesupport_introspection_c.h
[0.476s] -- Up-to-date symlink: /home/herring/rzddzy/ros2_ws/install/franka_msgs/include/franka_msgs/franka_msgs/srv/detail/set_mujoco_poses__rosidl_typesupport_introspection_c.h
[0.476s] -- Up-to-date symlink: /home/herring/rzddzy/ros2_ws/install/franka_msgs/include/franka_msgs/franka_msgs/srv/detail/set_stiffness_frame__rosidl_typesupport_introspection_c.h
[0.476s] -- Up-to-date symlink: /home/herring/rzddzy/ros2_ws/install/franka_msgs/include/franka_msgs/franka_msgs/srv/detail/set_tcp_frame__rosidl_typesupport_introspection_c.h
[0.477s] -- Up-to-date symlink: /home/herring/rzddzy/ros2_ws/install/franka_msgs/include/franka_msgs/franka_msgs/action/detail/grasp__builder.hpp
[0.477s] -- Up-to-date symlink: /home/herring/rzddzy/ros2_ws/install/franka_msgs/include/franka_msgs/franka_msgs/action/detail/grasp__struct.hpp
[0.477s] -- Up-to-date symlink: /home/herring/rzddzy/ros2_ws/install/franka_msgs/include/franka_msgs/franka_msgs/action/detail/grasp__traits.hpp
[0.477s] -- Up-to-date symlink: /home/herring/rzddzy/ros2_ws/install/franka_msgs/include/franka_msgs/franka_msgs/action/detail/grasp__type_support.hpp
[0.477s] -- Up-to-date symlink: /home/herring/rzddzy/ros2_ws/install/franka_msgs/include/franka_msgs/franka_msgs/action/detail/homing__builder.hpp
[0.477s] -- Up-to-date symlink: /home/herring/rzddzy/ros2_ws/install/franka_msgs/include/franka_msgs/franka_msgs/action/detail/homing__struct.hpp
[0.477s] -- Up-to-date symlink: /home/herring/rzddzy/ros2_ws/install/franka_msgs/include/franka_msgs/franka_msgs/action/detail/homing__traits.hpp
[0.477s] -- Up-to-date symlink: /home/herring/rzddzy/ros2_ws/install/franka_msgs/include/franka_msgs/franka_msgs/action/detail/homing__type_support.hpp
[0.478s] -- Up-to-date symlink: /home/herring/rzddzy/ros2_ws/install/franka_msgs/include/franka_msgs/franka_msgs/action/detail/move__builder.hpp
[0.478s] -- Up-to-date symlink: /home/herring/rzddzy/ros2_ws/install/franka_msgs/include/franka_msgs/franka_msgs/action/detail/move__struct.hpp
[0.478s] -- Up-to-date symlink: /home/herring/rzddzy/ros2_ws/install/franka_msgs/include/franka_msgs/franka_msgs/action/detail/move__traits.hpp
[0.478s] -- Up-to-date symlink: /home/herring/rzddzy/ros2_ws/install/franka_msgs/include/franka_msgs/franka_msgs/action/detail/move__type_support.hpp
[0.478s] -- Up-to-date symlink: /home/herring/rzddzy/ros2_ws/install/franka_msgs/include/franka_msgs/franka_msgs/action/grasp.hpp
[0.478s] -- Up-to-date symlink: /home/herring/rzddzy/ros2_ws/install/franka_msgs/include/franka_msgs/franka_msgs/action/homing.hpp
[0.478s] -- Up-to-date symlink: /home/herring/rzddzy/ros2_ws/install/franka_msgs/include/franka_msgs/franka_msgs/action/move.hpp
[0.478s] -- Up-to-date symlink: /home/herring/rzddzy/ros2_ws/install/franka_msgs/include/franka_msgs/franka_msgs/msg/detail/errors__builder.hpp
[0.478s] -- Up-to-date symlink: /home/herring/rzddzy/ros2_ws/install/franka_msgs/include/franka_msgs/franka_msgs/msg/detail/errors__struct.hpp
[0.478s] -- Up-to-date symlink: /home/herring/rzddzy/ros2_ws/install/franka_msgs/include/franka_msgs/franka_msgs/msg/detail/errors__traits.hpp
[0.478s] -- Up-to-date symlink: /home/herring/rzddzy/ros2_ws/install/franka_msgs/include/franka_msgs/franka_msgs/msg/detail/errors__type_support.hpp
[0.478s] -- Up-to-date symlink: /home/herring/rzddzy/ros2_ws/install/franka_msgs/include/franka_msgs/franka_msgs/msg/detail/franka_model__builder.hpp
[0.478s] -- Up-to-date symlink: /home/herring/rzddzy/ros2_ws/install/franka_msgs/include/franka_msgs/franka_msgs/msg/detail/franka_model__struct.hpp
[0.479s] -- Up-to-date symlink: /home/herring/rzddzy/ros2_ws/install/franka_msgs/include/franka_msgs/franka_msgs/msg/detail/franka_model__traits.hpp
[0.479s] -- Up-to-date symlink: /home/herring/rzddzy/ros2_ws/install/franka_msgs/include/franka_msgs/franka_msgs/msg/detail/franka_model__type_support.hpp
[0.479s] -- Up-to-date symlink: /home/herring/rzddzy/ros2_ws/install/franka_msgs/include/franka_msgs/franka_msgs/msg/detail/franka_state__builder.hpp
[0.479s] -- Up-to-date symlink: /home/herring/rzddzy/ros2_ws/install/franka_msgs/include/franka_msgs/franka_msgs/msg/detail/franka_state__struct.hpp
[0.479s] -- Up-to-date symlink: /home/herring/rzddzy/ros2_ws/install/franka_msgs/include/franka_msgs/franka_msgs/msg/detail/franka_state__traits.hpp
[0.479s] -- Up-to-date symlink: /home/herring/rzddzy/ros2_ws/install/franka_msgs/include/franka_msgs/franka_msgs/msg/detail/franka_state__type_support.hpp
[0.479s] -- Up-to-date symlink: /home/herring/rzddzy/ros2_ws/install/franka_msgs/include/franka_msgs/franka_msgs/msg/detail/grasp_epsilon__builder.hpp
[0.479s] -- Up-to-date symlink: /home/herring/rzddzy/ros2_ws/install/franka_msgs/include/franka_msgs/franka_msgs/msg/detail/grasp_epsilon__struct.hpp
[0.479s] -- Up-to-date symlink: /home/herring/rzddzy/ros2_ws/install/franka_msgs/include/franka_msgs/franka_msgs/msg/detail/grasp_epsilon__traits.hpp
[0.479s] -- Up-to-date symlink: /home/herring/rzddzy/ros2_ws/install/franka_msgs/include/franka_msgs/franka_msgs/msg/detail/grasp_epsilon__type_support.hpp
[0.479s] -- Up-to-date symlink: /home/herring/rzddzy/ros2_ws/install/franka_msgs/include/franka_msgs/franka_msgs/msg/detail/pose_stamped_array__builder.hpp
[0.479s] -- Up-to-date symlink: /home/herring/rzddzy/ros2_ws/install/franka_msgs/include/franka_msgs/franka_msgs/msg/detail/pose_stamped_array__struct.hpp
[0.479s] -- Up-to-date symlink: /home/herring/rzddzy/ros2_ws/install/franka_msgs/include/franka_msgs/franka_msgs/msg/detail/pose_stamped_array__traits.hpp
[0.479s] -- Up-to-date symlink: /home/herring/rzddzy/ros2_ws/install/franka_msgs/include/franka_msgs/franka_msgs/msg/detail/pose_stamped_array__type_support.hpp
[0.480s] -- Up-to-date symlink: /home/herring/rzddzy/ros2_ws/install/franka_msgs/include/franka_msgs/franka_msgs/msg/errors.hpp
[0.480s] -- Up-to-date symlink: /home/herring/rzddzy/ros2_ws/install/franka_msgs/include/franka_msgs/franka_msgs/msg/franka_model.hpp
[0.480s] -- Up-to-date symlink: /home/herring/rzddzy/ros2_ws/install/franka_msgs/include/franka_msgs/franka_msgs/msg/franka_state.hpp
[0.480s] -- Up-to-date symlink: /home/herring/rzddzy/ros2_ws/install/franka_msgs/include/franka_msgs/franka_msgs/msg/grasp_epsilon.hpp
[0.480s] -- Up-to-date symlink: /home/herring/rzddzy/ros2_ws/install/franka_msgs/include/franka_msgs/franka_msgs/msg/pose_stamped_array.hpp
[0.480s] -- Up-to-date symlink: /home/herring/rzddzy/ros2_ws/install/franka_msgs/include/franka_msgs/franka_msgs/msg/rosidl_generator_cpp__visibility_control.hpp
[0.480s] -- Up-to-date symlink: /home/herring/rzddzy/ros2_ws/install/franka_msgs/include/franka_msgs/franka_msgs/srv/detail/error_recovery__builder.hpp
[0.480s] -- Up-to-date symlink: /home/herring/rzddzy/ros2_ws/install/franka_msgs/include/franka_msgs/franka_msgs/srv/detail/error_recovery__struct.hpp
[0.480s] -- Up-to-date symlink: /home/herring/rzddzy/ros2_ws/install/franka_msgs/include/franka_msgs/franka_msgs/srv/detail/error_recovery__traits.hpp
[0.480s] -- Up-to-date symlink: /home/herring/rzddzy/ros2_ws/install/franka_msgs/include/franka_msgs/franka_msgs/srv/detail/error_recovery__type_support.hpp
[0.480s] -- Up-to-date symlink: /home/herring/rzddzy/ros2_ws/install/franka_msgs/include/franka_msgs/franka_msgs/srv/detail/set_cartesian_stiffness__builder.hpp
[0.480s] -- Up-to-date symlink: /home/herring/rzddzy/ros2_ws/install/franka_msgs/include/franka_msgs/franka_msgs/srv/detail/set_cartesian_stiffness__struct.hpp
[0.481s] -- Up-to-date symlink: /home/herring/rzddzy/ros2_ws/install/franka_msgs/include/franka_msgs/franka_msgs/srv/detail/set_cartesian_stiffness__traits.hpp
[0.481s] -- Up-to-date symlink: /home/herring/rzddzy/ros2_ws/install/franka_msgs/include/franka_msgs/franka_msgs/srv/detail/set_cartesian_stiffness__type_support.hpp
[0.481s] -- Up-to-date symlink: /home/herring/rzddzy/ros2_ws/install/franka_msgs/include/franka_msgs/franka_msgs/srv/detail/set_force_torque_collision_behavior__builder.hpp
[0.481s] -- Up-to-date symlink: /home/herring/rzddzy/ros2_ws/install/franka_msgs/include/franka_msgs/franka_msgs/srv/detail/set_force_torque_collision_behavior__struct.hpp
[0.481s] -- Up-to-date symlink: /home/herring/rzddzy/ros2_ws/install/franka_msgs/include/franka_msgs/franka_msgs/srv/detail/set_force_torque_collision_behavior__traits.hpp
[0.481s] -- Up-to-date symlink: /home/herring/rzddzy/ros2_ws/install/franka_msgs/include/franka_msgs/franka_msgs/srv/detail/set_force_torque_collision_behavior__type_support.hpp
[0.481s] -- Up-to-date symlink: /home/herring/rzddzy/ros2_ws/install/franka_msgs/include/franka_msgs/franka_msgs/srv/detail/set_full_collision_behavior__builder.hpp
[0.481s] -- Up-to-date symlink: /home/herring/rzddzy/ros2_ws/install/franka_msgs/include/franka_msgs/franka_msgs/srv/detail/set_full_collision_behavior__struct.hpp
[0.482s] -- Up-to-date symlink: /home/herring/rzddzy/ros2_ws/install/franka_msgs/include/franka_msgs/franka_msgs/srv/detail/set_full_collision_behavior__traits.hpp
[0.482s] -- Up-to-date symlink: /home/herring/rzddzy/ros2_ws/install/franka_msgs/include/franka_msgs/franka_msgs/srv/detail/set_full_collision_behavior__type_support.hpp
[0.482s] -- Up-to-date symlink: /home/herring/rzddzy/ros2_ws/install/franka_msgs/include/franka_msgs/franka_msgs/srv/detail/set_joint_stiffness__builder.hpp
[0.482s] -- Up-to-date symlink: /home/herring/rzddzy/ros2_ws/install/franka_msgs/include/franka_msgs/franka_msgs/srv/detail/set_joint_stiffness__struct.hpp
[0.482s] -- Up-to-date symlink: /home/herring/rzddzy/ros2_ws/install/franka_msgs/include/franka_msgs/franka_msgs/srv/detail/set_joint_stiffness__traits.hpp
[0.482s] -- Up-to-date symlink: /home/herring/rzddzy/ros2_ws/install/franka_msgs/include/franka_msgs/franka_msgs/srv/detail/set_joint_stiffness__type_support.hpp
[0.482s] -- Up-to-date symlink: /home/herring/rzddzy/ros2_ws/install/franka_msgs/include/franka_msgs/franka_msgs/srv/detail/set_load__builder.hpp
[0.482s] -- Up-to-date symlink: /home/herring/rzddzy/ros2_ws/install/franka_msgs/include/franka_msgs/franka_msgs/srv/detail/set_load__struct.hpp
[0.482s] -- Up-to-date symlink: /home/herring/rzddzy/ros2_ws/install/franka_msgs/include/franka_msgs/franka_msgs/srv/detail/set_load__traits.hpp
[0.482s] -- Up-to-date symlink: /home/herring/rzddzy/ros2_ws/install/franka_msgs/include/franka_msgs/franka_msgs/srv/detail/set_load__type_support.hpp
[0.482s] -- Up-to-date symlink: /home/herring/rzddzy/ros2_ws/install/franka_msgs/include/franka_msgs/franka_msgs/srv/detail/set_mujoco_poses__builder.hpp
[0.482s] -- Up-to-date symlink: /home/herring/rzddzy/ros2_ws/install/franka_msgs/include/franka_msgs/franka_msgs/srv/detail/set_mujoco_poses__struct.hpp
[0.482s] -- Up-to-date symlink: /home/herring/rzddzy/ros2_ws/install/franka_msgs/include/franka_msgs/franka_msgs/srv/detail/set_mujoco_poses__traits.hpp
[0.482s] -- Up-to-date symlink: /home/herring/rzddzy/ros2_ws/install/franka_msgs/include/franka_msgs/franka_msgs/srv/detail/set_mujoco_poses__type_support.hpp
[0.482s] -- Up-to-date symlink: /home/herring/rzddzy/ros2_ws/install/franka_msgs/include/franka_msgs/franka_msgs/srv/detail/set_stiffness_frame__builder.hpp
[0.482s] -- Up-to-date symlink: /home/herring/rzddzy/ros2_ws/install/franka_msgs/include/franka_msgs/franka_msgs/srv/detail/set_stiffness_frame__struct.hpp
[0.483s] -- Up-to-date symlink: /home/herring/rzddzy/ros2_ws/install/franka_msgs/include/franka_msgs/franka_msgs/srv/detail/set_stiffness_frame__traits.hpp
[0.483s] -- Up-to-date symlink: /home/herring/rzddzy/ros2_ws/install/franka_msgs/include/franka_msgs/franka_msgs/srv/detail/set_stiffness_frame__type_support.hpp
[0.483s] -- Up-to-date symlink: /home/herring/rzddzy/ros2_ws/install/franka_msgs/include/franka_msgs/franka_msgs/srv/detail/set_tcp_frame__builder.hpp
[0.483s] -- Up-to-date symlink: /home/herring/rzddzy/ros2_ws/install/franka_msgs/include/franka_msgs/franka_msgs/srv/detail/set_tcp_frame__struct.hpp
[0.483s] -- Up-to-date symlink: /home/herring/rzddzy/ros2_ws/install/franka_msgs/include/franka_msgs/franka_msgs/srv/detail/set_tcp_frame__traits.hpp
[0.483s] -- Up-to-date symlink: /home/herring/rzddzy/ros2_ws/install/franka_msgs/include/franka_msgs/franka_msgs/srv/detail/set_tcp_frame__type_support.hpp
[0.483s] -- Up-to-date symlink: /home/herring/rzddzy/ros2_ws/install/franka_msgs/include/franka_msgs/franka_msgs/srv/error_recovery.hpp
[0.483s] -- Up-to-date symlink: /home/herring/rzddzy/ros2_ws/install/franka_msgs/include/franka_msgs/franka_msgs/srv/set_cartesian_stiffness.hpp
[0.483s] -- Up-to-date symlink: /home/herring/rzddzy/ros2_ws/install/franka_msgs/include/franka_msgs/franka_msgs/srv/set_force_torque_collision_behavior.hpp
[0.483s] -- Up-to-date symlink: /home/herring/rzddzy/ros2_ws/install/franka_msgs/include/franka_msgs/franka_msgs/srv/set_full_collision_behavior.hpp
[0.483s] -- Up-to-date symlink: /home/herring/rzddzy/ros2_ws/install/franka_msgs/include/franka_msgs/franka_msgs/srv/set_joint_stiffness.hpp
[0.483s] -- Up-to-date symlink: /home/herring/rzddzy/ros2_ws/install/franka_msgs/include/franka_msgs/franka_msgs/srv/set_load.hpp
[0.483s] -- Up-to-date symlink: /home/herring/rzddzy/ros2_ws/install/franka_msgs/include/franka_msgs/franka_msgs/srv/set_mujoco_poses.hpp
[0.483s] -- Up-to-date symlink: /home/herring/rzddzy/ros2_ws/install/franka_msgs/include/franka_msgs/franka_msgs/srv/set_stiffness_frame.hpp
[0.484s] -- Up-to-date symlink: /home/herring/rzddzy/ros2_ws/install/franka_msgs/include/franka_msgs/franka_msgs/srv/set_tcp_frame.hpp
[0.485s] -- Up-to-date symlink: /home/herring/rzddzy/ros2_ws/install/franka_msgs/include/franka_msgs/franka_msgs/action/detail/grasp__rosidl_typesupport_fastrtps_cpp.hpp
[0.485s] -- Up-to-date symlink: /home/herring/rzddzy/ros2_ws/install/franka_msgs/include/franka_msgs/franka_msgs/action/detail/homing__rosidl_typesupport_fastrtps_cpp.hpp
[0.485s] -- Up-to-date symlink: /home/herring/rzddzy/ros2_ws/install/franka_msgs/include/franka_msgs/franka_msgs/action/detail/move__rosidl_typesupport_fastrtps_cpp.hpp
[0.486s] -- Up-to-date symlink: /home/herring/rzddzy/ros2_ws/install/franka_msgs/include/franka_msgs/franka_msgs/msg/detail/errors__rosidl_typesupport_fastrtps_cpp.hpp
[0.486s] -- Up-to-date symlink: /home/herring/rzddzy/ros2_ws/install/franka_msgs/include/franka_msgs/franka_msgs/msg/detail/franka_model__rosidl_typesupport_fastrtps_cpp.hpp
[0.486s] -- Up-to-date symlink: /home/herring/rzddzy/ros2_ws/install/franka_msgs/include/franka_msgs/franka_msgs/msg/detail/franka_state__rosidl_typesupport_fastrtps_cpp.hpp
[0.486s] -- Up-to-date symlink: /home/herring/rzddzy/ros2_ws/install/franka_msgs/include/franka_msgs/franka_msgs/msg/detail/grasp_epsilon__rosidl_typesupport_fastrtps_cpp.hpp
[0.486s] -- Up-to-date symlink: /home/herring/rzddzy/ros2_ws/install/franka_msgs/include/franka_msgs/franka_msgs/msg/detail/pose_stamped_array__rosidl_typesupport_fastrtps_cpp.hpp
[0.486s] -- Up-to-date symlink: /home/herring/rzddzy/ros2_ws/install/franka_msgs/include/franka_msgs/franka_msgs/msg/rosidl_typesupport_fastrtps_cpp__visibility_control.h
[0.486s] -- Up-to-date symlink: /home/herring/rzddzy/ros2_ws/install/franka_msgs/include/franka_msgs/franka_msgs/srv/detail/error_recovery__rosidl_typesupport_fastrtps_cpp.hpp
[0.486s] -- Up-to-date symlink: /home/herring/rzddzy/ros2_ws/install/franka_msgs/include/franka_msgs/franka_msgs/srv/detail/set_cartesian_stiffness__rosidl_typesupport_fastrtps_cpp.hpp
[0.487s] -- Up-to-date symlink: /home/herring/rzddzy/ros2_ws/install/franka_msgs/include/franka_msgs/franka_msgs/srv/detail/set_force_torque_collision_behavior__rosidl_typesupport_fastrtps_cpp.hpp
[0.487s] -- Up-to-date symlink: /home/herring/rzddzy/ros2_ws/install/franka_msgs/include/franka_msgs/franka_msgs/srv/detail/set_full_collision_behavior__rosidl_typesupport_fastrtps_cpp.hpp
[0.487s] -- Up-to-date symlink: /home/herring/rzddzy/ros2_ws/install/franka_msgs/include/franka_msgs/franka_msgs/srv/detail/set_joint_stiffness__rosidl_typesupport_fastrtps_cpp.hpp
[0.487s] -- Up-to-date symlink: /home/herring/rzddzy/ros2_ws/install/franka_msgs/include/franka_msgs/franka_msgs/srv/detail/set_load__rosidl_typesupport_fastrtps_cpp.hpp
[0.487s] -- Up-to-date symlink: /home/herring/rzddzy/ros2_ws/install/franka_msgs/include/franka_msgs/franka_msgs/srv/detail/set_mujoco_poses__rosidl_typesupport_fastrtps_cpp.hpp
[0.488s] -- Up-to-date symlink: /home/herring/rzddzy/ros2_ws/install/franka_msgs/include/franka_msgs/franka_msgs/srv/detail/set_stiffness_frame__rosidl_typesupport_fastrtps_cpp.hpp
[0.488s] -- Up-to-date symlink: /home/herring/rzddzy/ros2_ws/install/franka_msgs/include/franka_msgs/franka_msgs/srv/detail/set_tcp_frame__rosidl_typesupport_fastrtps_cpp.hpp
[0.488s] -- Up-to-date symlink: /home/herring/rzddzy/ros2_ws/install/franka_msgs/include/franka_msgs/franka_msgs/action/detail/grasp__rosidl_typesupport_introspection_cpp.hpp
[0.488s] -- Up-to-date symlink: /home/herring/rzddzy/ros2_ws/install/franka_msgs/include/franka_msgs/franka_msgs/action/detail/homing__rosidl_typesupport_introspection_cpp.hpp
[0.488s] -- Up-to-date symlink: /home/herring/rzddzy/ros2_ws/install/franka_msgs/include/franka_msgs/franka_msgs/action/detail/move__rosidl_typesupport_introspection_cpp.hpp
[0.488s] -- Up-to-date symlink: /home/herring/rzddzy/ros2_ws/install/franka_msgs/include/franka_msgs/franka_msgs/msg/detail/errors__rosidl_typesupport_introspection_cpp.hpp
[0.489s] -- Up-to-date symlink: /home/herring/rzddzy/ros2_ws/install/franka_msgs/include/franka_msgs/franka_msgs/msg/detail/franka_model__rosidl_typesupport_introspection_cpp.hpp
[0.489s] -- Up-to-date symlink: /home/herring/rzddzy/ros2_ws/install/franka_msgs/include/franka_msgs/franka_msgs/msg/detail/franka_state__rosidl_typesupport_introspection_cpp.hpp
[0.489s] -- Up-to-date symlink: /home/herring/rzddzy/ros2_ws/install/franka_msgs/include/franka_msgs/franka_msgs/msg/detail/grasp_epsilon__rosidl_typesupport_introspection_cpp.hpp
[0.489s] -- Up-to-date symlink: /home/herring/rzddzy/ros2_ws/install/franka_msgs/include/franka_msgs/franka_msgs/msg/detail/pose_stamped_array__rosidl_typesupport_introspection_cpp.hpp
[0.489s] -- Up-to-date symlink: /home/herring/rzddzy/ros2_ws/install/franka_msgs/include/franka_msgs/franka_msgs/srv/detail/error_recovery__rosidl_typesupport_introspection_cpp.hpp
[0.489s] -- Up-to-date symlink: /home/herring/rzddzy/ros2_ws/install/franka_msgs/include/franka_msgs/franka_msgs/srv/detail/set_cartesian_stiffness__rosidl_typesupport_introspection_cpp.hpp
[0.489s] -- Up-to-date symlink: /home/herring/rzddzy/ros2_ws/install/franka_msgs/include/franka_msgs/franka_msgs/srv/detail/set_force_torque_collision_behavior__rosidl_typesupport_introspection_cpp.hpp
[0.489s] -- Up-to-date symlink: /home/herring/rzddzy/ros2_ws/install/franka_msgs/include/franka_msgs/franka_msgs/srv/detail/set_full_collision_behavior__rosidl_typesupport_introspection_cpp.hpp
[0.490s] -- Up-to-date symlink: /home/herring/rzddzy/ros2_ws/install/franka_msgs/include/franka_msgs/franka_msgs/srv/detail/set_joint_stiffness__rosidl_typesupport_introspection_cpp.hpp
[0.490s] -- Up-to-date symlink: /home/herring/rzddzy/ros2_ws/install/franka_msgs/include/franka_msgs/franka_msgs/srv/detail/set_load__rosidl_typesupport_introspection_cpp.hpp
[0.490s] -- Up-to-date symlink: /home/herring/rzddzy/ros2_ws/install/franka_msgs/include/franka_msgs/franka_msgs/srv/detail/set_mujoco_poses__rosidl_typesupport_introspection_cpp.hpp
[0.490s] -- Up-to-date symlink: /home/herring/rzddzy/ros2_ws/install/franka_msgs/include/franka_msgs/franka_msgs/srv/detail/set_stiffness_frame__rosidl_typesupport_introspection_cpp.hpp
[0.490s] -- Up-to-date symlink: /home/herring/rzddzy/ros2_ws/install/franka_msgs/include/franka_msgs/franka_msgs/srv/detail/set_tcp_frame__rosidl_typesupport_introspection_cpp.hpp
[0.491s] -- Up-to-date symlink: /home/herring/rzddzy/ros2_ws/install/franka_msgs/share/franka_msgs/environment/pythonpath.sh
[0.491s] -- Up-to-date symlink: /home/herring/rzddzy/ros2_ws/install/franka_msgs/share/franka_msgs/environment/pythonpath.dsv
[0.491s] -- Up-to-date symlink: /home/herring/rzddzy/ros2_ws/install/franka_msgs/lib/python3.12/site-packages/franka_msgs-0.0.0-py3.12.egg-info/PKG-INFO
[0.491s] -- Up-to-date symlink: /home/herring/rzddzy/ros2_ws/install/franka_msgs/lib/python3.12/site-packages/franka_msgs-0.0.0-py3.12.egg-info/SOURCES.txt
[0.491s] -- Up-to-date symlink: /home/herring/rzddzy/ros2_ws/install/franka_msgs/lib/python3.12/site-packages/franka_msgs-0.0.0-py3.12.egg-info/dependency_links.txt
[0.491s] -- Up-to-date symlink: /home/herring/rzddzy/ros2_ws/install/franka_msgs/lib/python3.12/site-packages/franka_msgs-0.0.0-py3.12.egg-info/top_level.txt
[0.491s] -- Up-to-date symlink: /home/herring/rzddzy/ros2_ws/install/franka_msgs/lib/python3.12/site-packages/franka_msgs/__init__.py
[0.491s] -- Up-to-date symlink: /home/herring/rzddzy/ros2_ws/install/franka_msgs/lib/python3.12/site-packages/franka_msgs/_franka_msgs_s.ep.rosidl_typesupport_c.c
[0.491s] -- Up-to-date symlink: /home/herring/rzddzy/ros2_ws/install/franka_msgs/lib/python3.12/site-packages/franka_msgs/_franka_msgs_s.ep.rosidl_typesupport_fastrtps_c.c
[0.491s] -- Up-to-date symlink: /home/herring/rzddzy/ros2_ws/install/franka_msgs/lib/python3.12/site-packages/franka_msgs/_franka_msgs_s.ep.rosidl_typesupport_introspection_c.c
[0.491s] -- Up-to-date symlink: /home/herring/rzddzy/ros2_ws/install/franka_msgs/lib/python3.12/site-packages/franka_msgs/action/__init__.py
[0.491s] -- Up-to-date symlink: /home/herring/rzddzy/ros2_ws/install/franka_msgs/lib/python3.12/site-packages/franka_msgs/action/_grasp.py
[0.491s] -- Up-to-date symlink: /home/herring/rzddzy/ros2_ws/install/franka_msgs/lib/python3.12/site-packages/franka_msgs/action/_grasp_s.c
[0.491s] -- Up-to-date symlink: /home/herring/rzddzy/ros2_ws/install/franka_msgs/lib/python3.12/site-packages/franka_msgs/action/_homing.py
[0.491s] -- Up-to-date symlink: /home/herring/rzddzy/ros2_ws/install/franka_msgs/lib/python3.12/site-packages/franka_msgs/action/_homing_s.c
[0.492s] -- Up-to-date symlink: /home/herring/rzddzy/ros2_ws/install/franka_msgs/lib/python3.12/site-packages/franka_msgs/action/_move.py
[0.492s] -- Up-to-date symlink: /home/herring/rzddzy/ros2_ws/install/franka_msgs/lib/python3.12/site-packages/franka_msgs/action/_move_s.c
[0.492s] -- Up-to-date symlink: /home/herring/rzddzy/ros2_ws/install/franka_msgs/lib/python3.12/site-packages/franka_msgs/franka_msgs_s__rosidl_typesupport_c.so
[0.492s] -- Up-to-date symlink: /home/herring/rzddzy/ros2_ws/install/franka_msgs/lib/python3.12/site-packages/franka_msgs/franka_msgs_s__rosidl_typesupport_fastrtps_c.so
[0.492s] -- Up-to-date symlink: /home/herring/rzddzy/ros2_ws/install/franka_msgs/lib/python3.12/site-packages/franka_msgs/franka_msgs_s__rosidl_typesupport_introspection_c.so
[0.492s] -- Up-to-date symlink: /home/herring/rzddzy/ros2_ws/install/franka_msgs/lib/python3.12/site-packages/franka_msgs/msg/__init__.py
[0.492s] -- Up-to-date symlink: /home/herring/rzddzy/ros2_ws/install/franka_msgs/lib/python3.12/site-packages/franka_msgs/msg/_errors.py
[0.492s] -- Up-to-date symlink: /home/herring/rzddzy/ros2_ws/install/franka_msgs/lib/python3.12/site-packages/franka_msgs/msg/_errors_s.c
[0.492s] -- Up-to-date symlink: /home/herring/rzddzy/ros2_ws/install/franka_msgs/lib/python3.12/site-packages/franka_msgs/msg/_franka_model.py
[0.492s] -- Up-to-date symlink: /home/herring/rzddzy/ros2_ws/install/franka_msgs/lib/python3.12/site-packages/franka_msgs/msg/_franka_model_s.c
[0.492s] -- Up-to-date symlink: /home/herring/rzddzy/ros2_ws/install/franka_msgs/lib/python3.12/site-packages/franka_msgs/msg/_franka_state.py
[0.492s] -- Up-to-date symlink: /home/herring/rzddzy/ros2_ws/install/franka_msgs/lib/python3.12/site-packages/franka_msgs/msg/_franka_state_s.c
[0.492s] -- Up-to-date symlink: /home/herring/rzddzy/ros2_ws/install/franka_msgs/lib/python3.12/site-packages/franka_msgs/msg/_grasp_epsilon.py
[0.492s] -- Up-to-date symlink: /home/herring/rzddzy/ros2_ws/install/franka_msgs/lib/python3.12/site-packages/franka_msgs/msg/_grasp_epsilon_s.c
[0.492s] -- Up-to-date symlink: /home/herring/rzddzy/ros2_ws/install/franka_msgs/lib/python3.12/site-packages/franka_msgs/msg/_pose_stamped_array.py
[0.492s] -- Up-to-date symlink: /home/herring/rzddzy/ros2_ws/install/franka_msgs/lib/python3.12/site-packages/franka_msgs/msg/_pose_stamped_array_s.c
[0.492s] -- Up-to-date symlink: /home/herring/rzddzy/ros2_ws/install/franka_msgs/lib/python3.12/site-packages/franka_msgs/srv/__init__.py
[0.492s] -- Up-to-date symlink: /home/herring/rzddzy/ros2_ws/install/franka_msgs/lib/python3.12/site-packages/franka_msgs/srv/_error_recovery.py
[0.492s] -- Up-to-date symlink: /home/herring/rzddzy/ros2_ws/install/franka_msgs/lib/python3.12/site-packages/franka_msgs/srv/_error_recovery_s.c
[0.493s] -- Up-to-date symlink: /home/herring/rzddzy/ros2_ws/install/franka_msgs/lib/python3.12/site-packages/franka_msgs/srv/_set_cartesian_stiffness.py
[0.493s] -- Up-to-date symlink: /home/herring/rzddzy/ros2_ws/install/franka_msgs/lib/python3.12/site-packages/franka_msgs/srv/_set_cartesian_stiffness_s.c
[0.493s] -- Up-to-date symlink: /home/herring/rzddzy/ros2_ws/install/franka_msgs/lib/python3.12/site-packages/franka_msgs/srv/_set_force_torque_collision_behavior.py
[0.493s] -- Up-to-date symlink: /home/herring/rzddzy/ros2_ws/install/franka_msgs/lib/python3.12/site-packages/franka_msgs/srv/_set_force_torque_collision_behavior_s.c
[0.493s] -- Up-to-date symlink: /home/herring/rzddzy/ros2_ws/install/franka_msgs/lib/python3.12/site-packages/franka_msgs/srv/_set_full_collision_behavior.py
[0.493s] -- Up-to-date symlink: /home/herring/rzddzy/ros2_ws/install/franka_msgs/lib/python3.12/site-packages/franka_msgs/srv/_set_full_collision_behavior_s.c
[0.493s] -- Up-to-date symlink: /home/herring/rzddzy/ros2_ws/install/franka_msgs/lib/python3.12/site-packages/franka_msgs/srv/_set_joint_stiffness.py
[0.493s] -- Up-to-date symlink: /home/herring/rzddzy/ros2_ws/install/franka_msgs/lib/python3.12/site-packages/franka_msgs/srv/_set_joint_stiffness_s.c
[0.493s] -- Up-to-date symlink: /home/herring/rzddzy/ros2_ws/install/franka_msgs/lib/python3.12/site-packages/franka_msgs/srv/_set_load.py
[0.493s] -- Up-to-date symlink: /home/herring/rzddzy/ros2_ws/install/franka_msgs/lib/python3.12/site-packages/franka_msgs/srv/_set_load_s.c
[0.493s] -- Up-to-date symlink: /home/herring/rzddzy/ros2_ws/install/franka_msgs/lib/python3.12/site-packages/franka_msgs/srv/_set_mujoco_poses.py
[0.493s] -- Up-to-date symlink: /home/herring/rzddzy/ros2_ws/install/franka_msgs/lib/python3.12/site-packages/franka_msgs/srv/_set_mujoco_poses_s.c
[0.493s] -- Up-to-date symlink: /home/herring/rzddzy/ros2_ws/install/franka_msgs/lib/python3.12/site-packages/franka_msgs/srv/_set_stiffness_frame.py
[0.493s] -- Up-to-date symlink: /home/herring/rzddzy/ros2_ws/install/franka_msgs/lib/python3.12/site-packages/franka_msgs/srv/_set_stiffness_frame_s.c
[0.493s] -- Up-to-date symlink: /home/herring/rzddzy/ros2_ws/install/franka_msgs/lib/python3.12/site-packages/franka_msgs/srv/_set_tcp_frame.py
[0.493s] -- Up-to-date symlink: /home/herring/rzddzy/ros2_ws/install/franka_msgs/lib/python3.12/site-packages/franka_msgs/srv/_set_tcp_frame_s.c
[0.493s] -- Up-to-date symlink: /home/herring/rzddzy/ros2_ws/install/franka_msgs/lib/python3.12/site-packages/franka_msgs/franka_msgs_s__rosidl_typesupport_fastrtps_c.so
[0.493s] -- Up-to-date symlink: /home/herring/rzddzy/ros2_ws/install/franka_msgs/lib/python3.12/site-packages/franka_msgs/franka_msgs_s__rosidl_typesupport_introspection_c.so
[0.493s] -- Up-to-date symlink: /home/herring/rzddzy/ros2_ws/install/franka_msgs/lib/python3.12/site-packages/franka_msgs/franka_msgs_s__rosidl_typesupport_c.so
[0.493s] -- Up-to-date symlink: /home/herring/rzddzy/ros2_ws/install/franka_msgs/share/franka_msgs/msg/GraspEpsilon.idl
[0.494s] -- Up-to-date symlink: /home/herring/rzddzy/ros2_ws/install/franka_msgs/share/franka_msgs/msg/FrankaState.idl
[0.494s] -- Up-to-date symlink: /home/herring/rzddzy/ros2_ws/install/franka_msgs/share/franka_msgs/msg/FrankaModel.idl
[0.494s] -- Up-to-date symlink: /home/herring/rzddzy/ros2_ws/install/franka_msgs/share/franka_msgs/msg/Errors.idl
[0.494s] -- Up-to-date symlink: /home/herring/rzddzy/ros2_ws/install/franka_msgs/share/franka_msgs/msg/PoseStampedArray.idl
[0.494s] -- Up-to-date symlink: /home/herring/rzddzy/ros2_ws/install/franka_msgs/share/franka_msgs/action/Grasp.idl
[0.494s] -- Up-to-date symlink: /home/herring/rzddzy/ros2_ws/install/franka_msgs/share/franka_msgs/action/Homing.idl
[0.494s] -- Up-to-date symlink: /home/herring/rzddzy/ros2_ws/install/franka_msgs/share/franka_msgs/action/Move.idl
[0.494s] -- Up-to-date symlink: /home/herring/rzddzy/ros2_ws/install/franka_msgs/share/franka_msgs/srv/ErrorRecovery.idl
[0.494s] -- Up-to-date symlink: /home/herring/rzddzy/ros2_ws/install/franka_msgs/share/franka_msgs/srv/SetCartesianStiffness.idl
[0.494s] -- Up-to-date symlink: /home/herring/rzddzy/ros2_ws/install/franka_msgs/share/franka_msgs/srv/SetTCPFrame.idl
[0.494s] -- Up-to-date symlink: /home/herring/rzddzy/ros2_ws/install/franka_msgs/share/franka_msgs/srv/SetForceTorqueCollisionBehavior.idl
[0.495s] -- Up-to-date symlink: /home/herring/rzddzy/ros2_ws/install/franka_msgs/share/franka_msgs/srv/SetFullCollisionBehavior.idl
[0.495s] -- Up-to-date symlink: /home/herring/rzddzy/ros2_ws/install/franka_msgs/share/franka_msgs/srv/SetJointStiffness.idl
[0.495s] -- Up-to-date symlink: /home/herring/rzddzy/ros2_ws/install/franka_msgs/share/franka_msgs/srv/SetStiffnessFrame.idl
[0.495s] -- Up-to-date symlink: /home/herring/rzddzy/ros2_ws/install/franka_msgs/share/franka_msgs/srv/SetLoad.idl
[0.495s] -- Up-to-date symlink: /home/herring/rzddzy/ros2_ws/install/franka_msgs/share/franka_msgs/srv/SetMujocoPoses.idl
[0.495s] -- Up-to-date symlink: /home/herring/rzddzy/ros2_ws/install/franka_msgs/share/franka_msgs/msg/GraspEpsilon.msg
[0.495s] -- Up-to-date symlink: /home/herring/rzddzy/ros2_ws/install/franka_msgs/share/franka_msgs/msg/FrankaState.msg
[0.495s] -- Up-to-date symlink: /home/herring/rzddzy/ros2_ws/install/franka_msgs/share/franka_msgs/msg/FrankaModel.msg
[0.495s] -- Up-to-date symlink: /home/herring/rzddzy/ros2_ws/install/franka_msgs/share/franka_msgs/msg/Errors.msg
[0.496s] -- Up-to-date symlink: /home/herring/rzddzy/ros2_ws/install/franka_msgs/share/franka_msgs/msg/PoseStampedArray.msg
[0.496s] -- Up-to-date symlink: /home/herring/rzddzy/ros2_ws/install/franka_msgs/share/franka_msgs/action/Grasp.action
[0.496s] -- Up-to-date symlink: /home/herring/rzddzy/ros2_ws/install/franka_msgs/share/franka_msgs/action/Homing.action
[0.496s] -- Up-to-date symlink: /home/herring/rzddzy/ros2_ws/install/franka_msgs/share/franka_msgs/action/Move.action
[0.496s] -- Up-to-date symlink: /home/herring/rzddzy/ros2_ws/install/franka_msgs/share/franka_msgs/srv/ErrorRecovery.srv
[0.496s] -- Up-to-date symlink: /home/herring/rzddzy/ros2_ws/install/franka_msgs/share/franka_msgs/srv/SetCartesianStiffness.srv
[0.497s] -- Up-to-date symlink: /home/herring/rzddzy/ros2_ws/install/franka_msgs/share/franka_msgs/srv/SetTCPFrame.srv
[0.497s] -- Up-to-date symlink: /home/herring/rzddzy/ros2_ws/install/franka_msgs/share/franka_msgs/srv/SetForceTorqueCollisionBehavior.srv
[0.497s] -- Up-to-date symlink: /home/herring/rzddzy/ros2_ws/install/franka_msgs/share/franka_msgs/srv/SetFullCollisionBehavior.srv
[0.497s] -- Up-to-date symlink: /home/herring/rzddzy/ros2_ws/install/franka_msgs/share/franka_msgs/srv/SetJointStiffness.srv
[0.497s] -- Up-to-date symlink: /home/herring/rzddzy/ros2_ws/install/franka_msgs/share/franka_msgs/srv/SetStiffnessFrame.srv
[0.497s] -- Up-to-date symlink: /home/herring/rzddzy/ros2_ws/install/franka_msgs/share/franka_msgs/srv/SetLoad.srv
[0.497s] -- Up-to-date symlink: /home/herring/rzddzy/ros2_ws/install/franka_msgs/share/franka_msgs/srv/SetMujocoPoses.srv
[0.497s] -- Up-to-date symlink: /home/herring/rzddzy/ros2_ws/install/franka_msgs/share/ament_index/resource_index/package_run_dependencies/franka_msgs
[0.498s] -- Up-to-date symlink: /home/herring/rzddzy/ros2_ws/install/franka_msgs/share/ament_index/resource_index/parent_prefix_path/franka_msgs
[0.498s] -- Up-to-date symlink: /home/herring/rzddzy/ros2_ws/install/franka_msgs/share/franka_msgs/environment/ament_prefix_path.sh
[0.498s] -- Up-to-date symlink: /home/herring/rzddzy/ros2_ws/install/franka_msgs/share/franka_msgs/environment/ament_prefix_path.dsv
[0.498s] -- Up-to-date symlink: /home/herring/rzddzy/ros2_ws/install/franka_msgs/share/franka_msgs/environment/path.sh
[0.498s] -- Up-to-date symlink: /home/herring/rzddzy/ros2_ws/install/franka_msgs/share/franka_msgs/environment/path.dsv
[0.498s] -- Up-to-date symlink: /home/herring/rzddzy/ros2_ws/install/franka_msgs/share/franka_msgs/local_setup.bash
[0.498s] -- Up-to-date symlink: /home/herring/rzddzy/ros2_ws/install/franka_msgs/share/franka_msgs/local_setup.sh
[0.498s] -- Up-to-date symlink: /home/herring/rzddzy/ros2_ws/install/franka_msgs/share/franka_msgs/local_setup.zsh
[0.498s] -- Up-to-date symlink: /home/herring/rzddzy/ros2_ws/install/franka_msgs/share/franka_msgs/local_setup.dsv
[0.499s] -- Symlinking: /home/herring/rzddzy/ros2_ws/install/franka_msgs/share/franka_msgs/package.dsv
[0.508s] -- Up-to-date symlink: /home/herring/rzddzy/ros2_ws/install/franka_msgs/share/ament_index/resource_index/packages/franka_msgs
[0.508s] -- Up-to-date symlink: /home/herring/rzddzy/ros2_ws/install/franka_msgs/share/franka_msgs/cmake/rosidl_cmake-extras.cmake
[0.508s] -- Up-to-date symlink: /home/herring/rzddzy/ros2_ws/install/franka_msgs/share/franka_msgs/cmake/ament_cmake_export_dependencies-extras.cmake
[0.508s] -- Up-to-date symlink: /home/herring/rzddzy/ros2_ws/install/franka_msgs/share/franka_msgs/cmake/ament_cmake_export_include_directories-extras.cmake
[0.508s] -- Up-to-date symlink: /home/herring/rzddzy/ros2_ws/install/franka_msgs/share/franka_msgs/cmake/ament_cmake_export_libraries-extras.cmake
[0.509s] -- Up-to-date symlink: /home/herring/rzddzy/ros2_ws/install/franka_msgs/share/franka_msgs/cmake/ament_cmake_export_targets-extras.cmake
[0.509s] -- Up-to-date symlink: /home/herring/rzddzy/ros2_ws/install/franka_msgs/share/franka_msgs/cmake/rosidl_cmake_export_typesupport_targets-extras.cmake
[0.509s] -- Up-to-date symlink: /home/herring/rzddzy/ros2_ws/install/franka_msgs/share/franka_msgs/cmake/rosidl_cmake_export_typesupport_libraries-extras.cmake
[0.509s] -- Up-to-date symlink: /home/herring/rzddzy/ros2_ws/install/franka_msgs/share/franka_msgs/cmake/franka_msgsConfig.cmake
[0.509s] -- Up-to-date symlink: /home/herring/rzddzy/ros2_ws/install/franka_msgs/share/franka_msgs/cmake/franka_msgsConfig-version.cmake
[0.509s] -- Up-to-date symlink: /home/herring/rzddzy/ros2_ws/install/franka_msgs/share/franka_msgs/package.xml
[0.509s] -- Up-to-date: /home/herring/rzddzy/ros2_ws/install/franka_msgs/lib/libfranka_msgs__rosidl_generator_c.so
[0.510s] -- Up-to-date: /home/herring/rzddzy/ros2_ws/install/franka_msgs/lib/libfranka_msgs__rosidl_typesupport_fastrtps_c.so
[0.510s] -- Up-to-date: /home/herring/rzddzy/ros2_ws/install/franka_msgs/lib/libfranka_msgs__rosidl_typesupport_introspection_c.so
[0.510s] -- Up-to-date: /home/herring/rzddzy/ros2_ws/install/franka_msgs/lib/libfranka_msgs__rosidl_typesupport_c.so
[0.510s] -- Up-to-date: /home/herring/rzddzy/ros2_ws/install/franka_msgs/lib/libfranka_msgs__rosidl_typesupport_fastrtps_cpp.so
[0.510s] -- Up-to-date: /home/herring/rzddzy/ros2_ws/install/franka_msgs/lib/libfranka_msgs__rosidl_typesupport_introspection_cpp.so
[0.510s] -- Up-to-date: /home/herring/rzddzy/ros2_ws/install/franka_msgs/lib/libfranka_msgs__rosidl_typesupport_cpp.so
[0.551s] Listing '/home/herring/rzddzy/ros2_ws/install/franka_msgs/lib/python3.12/site-packages/franka_msgs'...
[0.551s] Listing '/home/herring/rzddzy/ros2_ws/install/franka_msgs/lib/python3.12/site-packages/franka_msgs/action'...
[0.551s] Listing '/home/herring/rzddzy/ros2_ws/install/franka_msgs/lib/python3.12/site-packages/franka_msgs/msg'...
[0.551s] Listing '/home/herring/rzddzy/ros2_ws/install/franka_msgs/lib/python3.12/site-packages/franka_msgs/srv'...
[0.555s] -- Up-to-date: /home/herring/rzddzy/ros2_ws/install/franka_msgs/lib/libfranka_msgs__rosidl_generator_py.so
[0.555s] -- Up-to-date: /home/herring/rzddzy/ros2_ws/install/franka_msgs/share/franka_msgs/cmake/export_franka_msgs__rosidl_generator_cExport.cmake
[0.555s] -- Up-to-date: /home/herring/rzddzy/ros2_ws/install/franka_msgs/share/franka_msgs/cmake/export_franka_msgs__rosidl_generator_cExport-noconfig.cmake
[0.556s] -- Up-to-date: /home/herring/rzddzy/ros2_ws/install/franka_msgs/share/franka_msgs/cmake/export_franka_msgs__rosidl_typesupport_fastrtps_cExport.cmake
[0.556s] -- Up-to-date: /home/herring/rzddzy/ros2_ws/install/franka_msgs/share/franka_msgs/cmake/export_franka_msgs__rosidl_typesupport_fastrtps_cExport-noconfig.cmake
[0.556s] -- Up-to-date: /home/herring/rzddzy/ros2_ws/install/franka_msgs/share/franka_msgs/cmake/franka_msgs__rosidl_typesupport_introspection_cExport.cmake
[0.556s] -- Up-to-date: /home/herring/rzddzy/ros2_ws/install/franka_msgs/share/franka_msgs/cmake/franka_msgs__rosidl_typesupport_introspection_cExport-noconfig.cmake
[0.556s] -- Up-to-date: /home/herring/rzddzy/ros2_ws/install/franka_msgs/share/franka_msgs/cmake/franka_msgs__rosidl_typesupport_cExport.cmake
[0.556s] -- Up-to-date: /home/herring/rzddzy/ros2_ws/install/franka_msgs/share/franka_msgs/cmake/franka_msgs__rosidl_typesupport_cExport-noconfig.cmake
[0.556s] -- Up-to-date: /home/herring/rzddzy/ros2_ws/install/franka_msgs/share/franka_msgs/cmake/export_franka_msgs__rosidl_generator_cppExport.cmake
[0.556s] -- Up-to-date: /home/herring/rzddzy/ros2_ws/install/franka_msgs/share/franka_msgs/cmake/export_franka_msgs__rosidl_typesupport_fastrtps_cppExport.cmake
[0.557s] -- Up-to-date: /home/herring/rzddzy/ros2_ws/install/franka_msgs/share/franka_msgs/cmake/export_franka_msgs__rosidl_typesupport_fastrtps_cppExport-noconfig.cmake
[0.557s] -- Up-to-date: /home/herring/rzddzy/ros2_ws/install/franka_msgs/share/franka_msgs/cmake/franka_msgs__rosidl_typesupport_introspection_cppExport.cmake
[0.557s] -- Up-to-date: /home/herring/rzddzy/ros2_ws/install/franka_msgs/share/franka_msgs/cmake/franka_msgs__rosidl_typesupport_introspection_cppExport-noconfig.cmake
[0.557s] -- Up-to-date: /home/herring/rzddzy/ros2_ws/install/franka_msgs/share/franka_msgs/cmake/franka_msgs__rosidl_typesupport_cppExport.cmake
[0.557s] -- Up-to-date: /home/herring/rzddzy/ros2_ws/install/franka_msgs/share/franka_msgs/cmake/franka_msgs__rosidl_typesupport_cppExport-noconfig.cmake
[0.557s] -- Up-to-date: /home/herring/rzddzy/ros2_ws/install/franka_msgs/share/franka_msgs/cmake/export_franka_msgs__rosidl_generator_pyExport.cmake
[0.557s] -- Up-to-date: /home/herring/rzddzy/ros2_ws/install/franka_msgs/share/franka_msgs/cmake/export_franka_msgs__rosidl_generator_pyExport-noconfig.cmake
[0.559s] Invoked command in '/home/herring/rzddzy/ros2_ws/build/franka_msgs' returned '0': CMAKE_PREFIX_PATH=${CMAKE_PREFIX_PATH}:/opt/ros/jazzy DEBUGINFOD_URLS=https://debuginfod.ubuntu.com /usr/bin/cmake --install /home/herring/rzddzy/ros2_ws/build/franka_msgs
