[0.010s] Invoking command in '/home/herring/rzddzy/ros2_ws/build/panda_motion_generator_msgs': CMAKE_PREFIX_PATH=${CMAKE_PREFIX_PATH}:/opt/ros/jazzy DEBUGINFOD_URLS=https://debuginfod.ubuntu.com /usr/bin/cmake /home/herring/rzddzy/ros2_ws/src/panda_motion_generator_msgs -DMUJOCO_DIR=/home/herring/.mujoco/mujoco-3.2.0 -DBUILD_TESTING=OFF -DAMENT_CMAKE_SYMLINK_INSTALL=1 -DCMAKE_INSTALL_PREFIX=/home/herring/rzddzy/ros2_ws/install/panda_motion_generator_msgs
[0.023s] -- Found ament_cmake: 2.5.5 (/opt/ros/jazzy/share/ament_cmake/cmake)
[0.048s] -- Found Python3: /usr/bin/python3 (found version "3.12.3") found components: Interpreter 
[0.106s] -- Override CMake install command with custom implementation using symlinks instead of copying resources
[0.112s] -- Found geometry_msgs: 5.3.6 (/opt/ros/jazzy/share/geometry_msgs/cmake)
[0.137s] -- Found rosidl_generator_c: 4.6.7 (/opt/ros/jazzy/share/rosidl_generator_c/cmake)
[0.145s] -- Found rosidl_generator_cpp: 4.6.7 (/opt/ros/jazzy/share/rosidl_generator_cpp/cmake)
[0.156s] -- Using all available rosidl_typesupport_c: rosidl_typesupport_fastrtps_c;rosidl_typesupport_introspection_c
[0.167s] -- Using all available rosidl_typesupport_cpp: rosidl_typesupport_fastrtps_cpp;rosidl_typesupport_introspection_cpp
[0.192s] -- Found rosidl_default_generators: 1.6.0 (/opt/ros/jazzy/share/rosidl_default_generators/cmake)
[0.197s] -- Found rosidl_adapter: 4.6.7 (/opt/ros/jazzy/share/rosidl_adapter/cmake)
[0.485s] -- Found ament_cmake_ros: 0.12.0 (/opt/ros/jazzy/share/ament_cmake_ros/cmake)
[0.691s] -- Using all available rosidl_typesupport_c: rosidl_typesupport_fastrtps_c;rosidl_typesupport_introspection_c
[0.767s] -- Using all available rosidl_typesupport_cpp: rosidl_typesupport_fastrtps_cpp;rosidl_typesupport_introspection_cpp
[0.767s] -- Found python_cmake_module: 0.11.1 (/opt/ros/jazzy/share/python_cmake_module/cmake)
[0.960s] -- Found Python3: /usr/bin/python3 (found version "3.12.3") found components: Interpreter Development NumPy Development.Module Development.Embed 
[0.989s] -- Configuring done (1.0s)
[1.021s] -- Generating done (0.0s)
[1.029s] -- Build files have been written to: /home/herring/rzddzy/ros2_ws/build/panda_motion_generator_msgs
[1.035s] Invoked command in '/home/herring/rzddzy/ros2_ws/build/panda_motion_generator_msgs' returned '0': CMAKE_PREFIX_PATH=${CMAKE_PREFIX_PATH}:/opt/ros/jazzy DEBUGINFOD_URLS=https://debuginfod.ubuntu.com /usr/bin/cmake /home/herring/rzddzy/ros2_ws/src/panda_motion_generator_msgs -DMUJOCO_DIR=/home/herring/.mujoco/mujoco-3.2.0 -DBUILD_TESTING=OFF -DAMENT_CMAKE_SYMLINK_INSTALL=1 -DCMAKE_INSTALL_PREFIX=/home/herring/rzddzy/ros2_ws/install/panda_motion_generator_msgs
[1.036s] Invoking command in '/home/herring/rzddzy/ros2_ws/build/panda_motion_generator_msgs': CMAKE_PREFIX_PATH=${CMAKE_PREFIX_PATH}:/opt/ros/jazzy DEBUGINFOD_URLS=https://debuginfod.ubuntu.com /usr/bin/cmake --build /home/herring/rzddzy/ros2_ws/build/panda_motion_generator_msgs -- -j28 -l28
[1.083s] [  1%] Built target panda_motion_generator_msgs__rosidl_generator_type_description
[1.092s] [  1%] Built target ament_cmake_python_symlink_panda_motion_generator_msgs
[1.100s] [  2%] Built target panda_motion_generator_msgs__cpp
[1.107s] [ 25%] Built target panda_motion_generator_msgs__rosidl_generator_c
[1.132s] [ 35%] Built target panda_motion_generator_msgs__rosidl_typesupport_cpp
[1.135s] [ 44%] Built target panda_motion_generator_msgs__rosidl_typesupport_fastrtps_c
[1.136s] [ 54%] Built target panda_motion_generator_msgs__rosidl_typesupport_c
[1.137s] [ 63%] Built target panda_motion_generator_msgs__rosidl_typesupport_introspection_c
[1.140s] [ 72%] Built target panda_motion_generator_msgs__rosidl_typesupport_introspection_cpp
[1.143s] [ 82%] Built target panda_motion_generator_msgs__rosidl_typesupport_fastrtps_cpp
[1.162s] [ 82%] Built target panda_motion_generator_msgs
[1.184s] [ 83%] Built target panda_motion_generator_msgs__py
[1.237s] [ 91%] Built target panda_motion_generator_msgs__rosidl_generator_py
[1.243s] running egg_info
[1.256s] writing panda_motion_generator_msgs.egg-info/PKG-INFO
[1.256s] writing dependency_links to panda_motion_generator_msgs.egg-info/dependency_links.txt
[1.256s] writing top-level names to panda_motion_generator_msgs.egg-info/top_level.txt
[1.262s] [ 94%] Built target panda_motion_generator_msgs_s__rosidl_typesupport_fastrtps_c
[1.266s] [ 97%] Built target panda_motion_generator_msgs_s__rosidl_typesupport_introspection_c
[1.267s] [100%] Built target panda_motion_generator_msgs_s__rosidl_typesupport_c
[1.292s] reading manifest file 'panda_motion_generator_msgs.egg-info/SOURCES.txt'
[1.292s] writing manifest file 'panda_motion_generator_msgs.egg-info/SOURCES.txt'
[1.316s] [100%] Built target ament_cmake_python_build_panda_motion_generator_msgs_egg
[1.330s] Invoked command in '/home/herring/rzddzy/ros2_ws/build/panda_motion_generator_msgs' returned '0': CMAKE_PREFIX_PATH=${CMAKE_PREFIX_PATH}:/opt/ros/jazzy DEBUGINFOD_URLS=https://debuginfod.ubuntu.com /usr/bin/cmake --build /home/herring/rzddzy/ros2_ws/build/panda_motion_generator_msgs -- -j28 -l28
[1.332s] Invoking command in '/home/herring/rzddzy/ros2_ws/build/panda_motion_generator_msgs': CMAKE_PREFIX_PATH=${CMAKE_PREFIX_PATH}:/opt/ros/jazzy DEBUGINFOD_URLS=https://debuginfod.ubuntu.com /usr/bin/cmake --install /home/herring/rzddzy/ros2_ws/build/panda_motion_generator_msgs
[1.338s] -- Install configuration: ""
[1.338s] -- Execute custom install script
[1.339s] -- Up-to-date symlink: /home/herring/rzddzy/ros2_ws/install/panda_motion_generator_msgs/share/ament_index/resource_index/rosidl_interfaces/panda_motion_generator_msgs
[1.339s] -- Up-to-date symlink: /home/herring/rzddzy/ros2_ws/install/panda_motion_generator_msgs/share/panda_motion_generator_msgs/msg/JointPose.json
[1.339s] -- Up-to-date symlink: /home/herring/rzddzy/ros2_ws/install/panda_motion_generator_msgs/share/panda_motion_generator_msgs/msg/SetTimeScaling.json
[1.339s] -- Up-to-date symlink: /home/herring/rzddzy/ros2_ws/install/panda_motion_generator_msgs/share/panda_motion_generator_msgs/msg/SimpleActionResult.json
[1.339s] -- Up-to-date symlink: /home/herring/rzddzy/ros2_ws/install/panda_motion_generator_msgs/share/panda_motion_generator_msgs/action/CartesianViaMotion.json
[1.339s] -- Up-to-date symlink: /home/herring/rzddzy/ros2_ws/install/panda_motion_generator_msgs/share/panda_motion_generator_msgs/action/JointViaMotion.json
[1.340s] -- Up-to-date symlink: /home/herring/rzddzy/ros2_ws/install/panda_motion_generator_msgs/include/panda_motion_generator_msgs/panda_motion_generator_msgs/action/cartesian_via_motion.h
[1.340s] -- Up-to-date symlink: /home/herring/rzddzy/ros2_ws/install/panda_motion_generator_msgs/include/panda_motion_generator_msgs/panda_motion_generator_msgs/action/detail/cartesian_via_motion__functions.h
[1.340s] -- Up-to-date symlink: /home/herring/rzddzy/ros2_ws/install/panda_motion_generator_msgs/include/panda_motion_generator_msgs/panda_motion_generator_msgs/action/detail/cartesian_via_motion__struct.h
[1.340s] -- Up-to-date symlink: /home/herring/rzddzy/ros2_ws/install/panda_motion_generator_msgs/include/panda_motion_generator_msgs/panda_motion_generator_msgs/action/detail/cartesian_via_motion__type_support.h
[1.340s] -- Up-to-date symlink: /home/herring/rzddzy/ros2_ws/install/panda_motion_generator_msgs/include/panda_motion_generator_msgs/panda_motion_generator_msgs/action/detail/joint_via_motion__functions.h
[1.340s] -- Up-to-date symlink: /home/herring/rzddzy/ros2_ws/install/panda_motion_generator_msgs/include/panda_motion_generator_msgs/panda_motion_generator_msgs/action/detail/joint_via_motion__struct.h
[1.341s] -- Up-to-date symlink: /home/herring/rzddzy/ros2_ws/install/panda_motion_generator_msgs/include/panda_motion_generator_msgs/panda_motion_generator_msgs/action/detail/joint_via_motion__type_support.h
[1.341s] -- Up-to-date symlink: /home/herring/rzddzy/ros2_ws/install/panda_motion_generator_msgs/include/panda_motion_generator_msgs/panda_motion_generator_msgs/action/joint_via_motion.h
[1.341s] -- Up-to-date symlink: /home/herring/rzddzy/ros2_ws/install/panda_motion_generator_msgs/include/panda_motion_generator_msgs/panda_motion_generator_msgs/msg/detail/joint_pose__functions.h
[1.341s] -- Up-to-date symlink: /home/herring/rzddzy/ros2_ws/install/panda_motion_generator_msgs/include/panda_motion_generator_msgs/panda_motion_generator_msgs/msg/detail/joint_pose__struct.h
[1.341s] -- Up-to-date symlink: /home/herring/rzddzy/ros2_ws/install/panda_motion_generator_msgs/include/panda_motion_generator_msgs/panda_motion_generator_msgs/msg/detail/joint_pose__type_support.h
[1.341s] -- Up-to-date symlink: /home/herring/rzddzy/ros2_ws/install/panda_motion_generator_msgs/include/panda_motion_generator_msgs/panda_motion_generator_msgs/msg/detail/set_time_scaling__functions.h
[1.341s] -- Up-to-date symlink: /home/herring/rzddzy/ros2_ws/install/panda_motion_generator_msgs/include/panda_motion_generator_msgs/panda_motion_generator_msgs/msg/detail/set_time_scaling__struct.h
[1.342s] -- Up-to-date symlink: /home/herring/rzddzy/ros2_ws/install/panda_motion_generator_msgs/include/panda_motion_generator_msgs/panda_motion_generator_msgs/msg/detail/set_time_scaling__type_support.h
[1.342s] -- Up-to-date symlink: /home/herring/rzddzy/ros2_ws/install/panda_motion_generator_msgs/include/panda_motion_generator_msgs/panda_motion_generator_msgs/msg/detail/simple_action_result__functions.h
[1.342s] -- Up-to-date symlink: /home/herring/rzddzy/ros2_ws/install/panda_motion_generator_msgs/include/panda_motion_generator_msgs/panda_motion_generator_msgs/msg/detail/simple_action_result__struct.h
[1.342s] -- Up-to-date symlink: /home/herring/rzddzy/ros2_ws/install/panda_motion_generator_msgs/include/panda_motion_generator_msgs/panda_motion_generator_msgs/msg/detail/simple_action_result__type_support.h
[1.342s] -- Up-to-date symlink: /home/herring/rzddzy/ros2_ws/install/panda_motion_generator_msgs/include/panda_motion_generator_msgs/panda_motion_generator_msgs/msg/joint_pose.h
[1.342s] -- Up-to-date symlink: /home/herring/rzddzy/ros2_ws/install/panda_motion_generator_msgs/include/panda_motion_generator_msgs/panda_motion_generator_msgs/msg/rosidl_generator_c__visibility_control.h
[1.342s] -- Up-to-date symlink: /home/herring/rzddzy/ros2_ws/install/panda_motion_generator_msgs/include/panda_motion_generator_msgs/panda_motion_generator_msgs/msg/set_time_scaling.h
[1.342s] -- Up-to-date symlink: /home/herring/rzddzy/ros2_ws/install/panda_motion_generator_msgs/include/panda_motion_generator_msgs/panda_motion_generator_msgs/msg/simple_action_result.h
[1.343s] -- Up-to-date symlink: /home/herring/rzddzy/ros2_ws/install/panda_motion_generator_msgs/share/panda_motion_generator_msgs/environment/library_path.sh
[1.343s] -- Up-to-date symlink: /home/herring/rzddzy/ros2_ws/install/panda_motion_generator_msgs/share/panda_motion_generator_msgs/environment/library_path.dsv
[1.343s] -- Up-to-date symlink: /home/herring/rzddzy/ros2_ws/install/panda_motion_generator_msgs/include/panda_motion_generator_msgs/panda_motion_generator_msgs/action/detail/cartesian_via_motion__rosidl_typesupport_fastrtps_c.h
[1.343s] -- Up-to-date symlink: /home/herring/rzddzy/ros2_ws/install/panda_motion_generator_msgs/include/panda_motion_generator_msgs/panda_motion_generator_msgs/action/detail/joint_via_motion__rosidl_typesupport_fastrtps_c.h
[1.343s] -- Up-to-date symlink: /home/herring/rzddzy/ros2_ws/install/panda_motion_generator_msgs/include/panda_motion_generator_msgs/panda_motion_generator_msgs/msg/detail/joint_pose__rosidl_typesupport_fastrtps_c.h
[1.343s] -- Up-to-date symlink: /home/herring/rzddzy/ros2_ws/install/panda_motion_generator_msgs/include/panda_motion_generator_msgs/panda_motion_generator_msgs/msg/detail/set_time_scaling__rosidl_typesupport_fastrtps_c.h
[1.343s] -- Up-to-date symlink: /home/herring/rzddzy/ros2_ws/install/panda_motion_generator_msgs/include/panda_motion_generator_msgs/panda_motion_generator_msgs/msg/detail/simple_action_result__rosidl_typesupport_fastrtps_c.h
[1.344s] -- Up-to-date symlink: /home/herring/rzddzy/ros2_ws/install/panda_motion_generator_msgs/include/panda_motion_generator_msgs/panda_motion_generator_msgs/msg/rosidl_typesupport_fastrtps_c__visibility_control.h
[1.344s] -- Up-to-date symlink: /home/herring/rzddzy/ros2_ws/install/panda_motion_generator_msgs/include/panda_motion_generator_msgs/panda_motion_generator_msgs/action/cartesian_via_motion.hpp
[1.344s] -- Up-to-date symlink: /home/herring/rzddzy/ros2_ws/install/panda_motion_generator_msgs/include/panda_motion_generator_msgs/panda_motion_generator_msgs/action/detail/cartesian_via_motion__builder.hpp
[1.344s] -- Up-to-date symlink: /home/herring/rzddzy/ros2_ws/install/panda_motion_generator_msgs/include/panda_motion_generator_msgs/panda_motion_generator_msgs/action/detail/cartesian_via_motion__struct.hpp
[1.344s] -- Up-to-date symlink: /home/herring/rzddzy/ros2_ws/install/panda_motion_generator_msgs/include/panda_motion_generator_msgs/panda_motion_generator_msgs/action/detail/cartesian_via_motion__traits.hpp
[1.344s] -- Up-to-date symlink: /home/herring/rzddzy/ros2_ws/install/panda_motion_generator_msgs/include/panda_motion_generator_msgs/panda_motion_generator_msgs/action/detail/cartesian_via_motion__type_support.hpp
[1.344s] -- Up-to-date symlink: /home/herring/rzddzy/ros2_ws/install/panda_motion_generator_msgs/include/panda_motion_generator_msgs/panda_motion_generator_msgs/action/detail/joint_via_motion__builder.hpp
[1.345s] -- Up-to-date symlink: /home/herring/rzddzy/ros2_ws/install/panda_motion_generator_msgs/include/panda_motion_generator_msgs/panda_motion_generator_msgs/action/detail/joint_via_motion__struct.hpp
[1.345s] -- Up-to-date symlink: /home/herring/rzddzy/ros2_ws/install/panda_motion_generator_msgs/include/panda_motion_generator_msgs/panda_motion_generator_msgs/action/detail/joint_via_motion__traits.hpp
[1.345s] -- Up-to-date symlink: /home/herring/rzddzy/ros2_ws/install/panda_motion_generator_msgs/include/panda_motion_generator_msgs/panda_motion_generator_msgs/action/detail/joint_via_motion__type_support.hpp
[1.345s] -- Up-to-date symlink: /home/herring/rzddzy/ros2_ws/install/panda_motion_generator_msgs/include/panda_motion_generator_msgs/panda_motion_generator_msgs/action/joint_via_motion.hpp
[1.345s] -- Up-to-date symlink: /home/herring/rzddzy/ros2_ws/install/panda_motion_generator_msgs/include/panda_motion_generator_msgs/panda_motion_generator_msgs/msg/detail/joint_pose__builder.hpp
[1.346s] -- Up-to-date symlink: /home/herring/rzddzy/ros2_ws/install/panda_motion_generator_msgs/include/panda_motion_generator_msgs/panda_motion_generator_msgs/msg/detail/joint_pose__struct.hpp
[1.346s] -- Up-to-date symlink: /home/herring/rzddzy/ros2_ws/install/panda_motion_generator_msgs/include/panda_motion_generator_msgs/panda_motion_generator_msgs/msg/detail/joint_pose__traits.hpp
[1.346s] -- Up-to-date symlink: /home/herring/rzddzy/ros2_ws/install/panda_motion_generator_msgs/include/panda_motion_generator_msgs/panda_motion_generator_msgs/msg/detail/joint_pose__type_support.hpp
[1.346s] -- Up-to-date symlink: /home/herring/rzddzy/ros2_ws/install/panda_motion_generator_msgs/include/panda_motion_generator_msgs/panda_motion_generator_msgs/msg/detail/set_time_scaling__builder.hpp
[1.346s] -- Up-to-date symlink: /home/herring/rzddzy/ros2_ws/install/panda_motion_generator_msgs/include/panda_motion_generator_msgs/panda_motion_generator_msgs/msg/detail/set_time_scaling__struct.hpp
[1.346s] -- Up-to-date symlink: /home/herring/rzddzy/ros2_ws/install/panda_motion_generator_msgs/include/panda_motion_generator_msgs/panda_motion_generator_msgs/msg/detail/set_time_scaling__traits.hpp
[1.346s] -- Up-to-date symlink: /home/herring/rzddzy/ros2_ws/install/panda_motion_generator_msgs/include/panda_motion_generator_msgs/panda_motion_generator_msgs/msg/detail/set_time_scaling__type_support.hpp
[1.347s] -- Up-to-date symlink: /home/herring/rzddzy/ros2_ws/install/panda_motion_generator_msgs/include/panda_motion_generator_msgs/panda_motion_generator_msgs/msg/detail/simple_action_result__builder.hpp
[1.347s] -- Up-to-date symlink: /home/herring/rzddzy/ros2_ws/install/panda_motion_generator_msgs/include/panda_motion_generator_msgs/panda_motion_generator_msgs/msg/detail/simple_action_result__struct.hpp
[1.347s] -- Up-to-date symlink: /home/herring/rzddzy/ros2_ws/install/panda_motion_generator_msgs/include/panda_motion_generator_msgs/panda_motion_generator_msgs/msg/detail/simple_action_result__traits.hpp
[1.347s] -- Up-to-date symlink: /home/herring/rzddzy/ros2_ws/install/panda_motion_generator_msgs/include/panda_motion_generator_msgs/panda_motion_generator_msgs/msg/detail/simple_action_result__type_support.hpp
[1.347s] -- Up-to-date symlink: /home/herring/rzddzy/ros2_ws/install/panda_motion_generator_msgs/include/panda_motion_generator_msgs/panda_motion_generator_msgs/msg/joint_pose.hpp
[1.347s] -- Up-to-date symlink: /home/herring/rzddzy/ros2_ws/install/panda_motion_generator_msgs/include/panda_motion_generator_msgs/panda_motion_generator_msgs/msg/rosidl_generator_cpp__visibility_control.hpp
[1.347s] -- Up-to-date symlink: /home/herring/rzddzy/ros2_ws/install/panda_motion_generator_msgs/include/panda_motion_generator_msgs/panda_motion_generator_msgs/msg/set_time_scaling.hpp
[1.347s] -- Up-to-date symlink: /home/herring/rzddzy/ros2_ws/install/panda_motion_generator_msgs/include/panda_motion_generator_msgs/panda_motion_generator_msgs/msg/simple_action_result.hpp
[1.348s] -- Up-to-date symlink: /home/herring/rzddzy/ros2_ws/install/panda_motion_generator_msgs/include/panda_motion_generator_msgs/panda_motion_generator_msgs/action/detail/cartesian_via_motion__rosidl_typesupport_fastrtps_cpp.hpp
[1.348s] -- Up-to-date symlink: /home/herring/rzddzy/ros2_ws/install/panda_motion_generator_msgs/include/panda_motion_generator_msgs/panda_motion_generator_msgs/action/detail/joint_via_motion__rosidl_typesupport_fastrtps_cpp.hpp
[1.348s] -- Up-to-date symlink: /home/herring/rzddzy/ros2_ws/install/panda_motion_generator_msgs/include/panda_motion_generator_msgs/panda_motion_generator_msgs/msg/detail/joint_pose__rosidl_typesupport_fastrtps_cpp.hpp
[1.348s] -- Up-to-date symlink: /home/herring/rzddzy/ros2_ws/install/panda_motion_generator_msgs/include/panda_motion_generator_msgs/panda_motion_generator_msgs/msg/detail/set_time_scaling__rosidl_typesupport_fastrtps_cpp.hpp
[1.348s] -- Up-to-date symlink: /home/herring/rzddzy/ros2_ws/install/panda_motion_generator_msgs/include/panda_motion_generator_msgs/panda_motion_generator_msgs/msg/detail/simple_action_result__rosidl_typesupport_fastrtps_cpp.hpp
[1.348s] -- Up-to-date symlink: /home/herring/rzddzy/ros2_ws/install/panda_motion_generator_msgs/include/panda_motion_generator_msgs/panda_motion_generator_msgs/msg/rosidl_typesupport_fastrtps_cpp__visibility_control.h
[1.348s] -- Up-to-date symlink: /home/herring/rzddzy/ros2_ws/install/panda_motion_generator_msgs/include/panda_motion_generator_msgs/panda_motion_generator_msgs/action/detail/cartesian_via_motion__rosidl_typesupport_introspection_c.h
[1.349s] -- Up-to-date symlink: /home/herring/rzddzy/ros2_ws/install/panda_motion_generator_msgs/include/panda_motion_generator_msgs/panda_motion_generator_msgs/action/detail/joint_via_motion__rosidl_typesupport_introspection_c.h
[1.349s] -- Up-to-date symlink: /home/herring/rzddzy/ros2_ws/install/panda_motion_generator_msgs/include/panda_motion_generator_msgs/panda_motion_generator_msgs/msg/detail/joint_pose__rosidl_typesupport_introspection_c.h
[1.349s] -- Up-to-date symlink: /home/herring/rzddzy/ros2_ws/install/panda_motion_generator_msgs/include/panda_motion_generator_msgs/panda_motion_generator_msgs/msg/detail/set_time_scaling__rosidl_typesupport_introspection_c.h
[1.349s] -- Up-to-date symlink: /home/herring/rzddzy/ros2_ws/install/panda_motion_generator_msgs/include/panda_motion_generator_msgs/panda_motion_generator_msgs/msg/detail/simple_action_result__rosidl_typesupport_introspection_c.h
[1.349s] -- Up-to-date symlink: /home/herring/rzddzy/ros2_ws/install/panda_motion_generator_msgs/include/panda_motion_generator_msgs/panda_motion_generator_msgs/msg/rosidl_typesupport_introspection_c__visibility_control.h
[1.349s] -- Up-to-date symlink: /home/herring/rzddzy/ros2_ws/install/panda_motion_generator_msgs/include/panda_motion_generator_msgs/panda_motion_generator_msgs/action/detail/cartesian_via_motion__rosidl_typesupport_introspection_cpp.hpp
[1.350s] -- Up-to-date symlink: /home/herring/rzddzy/ros2_ws/install/panda_motion_generator_msgs/include/panda_motion_generator_msgs/panda_motion_generator_msgs/action/detail/joint_via_motion__rosidl_typesupport_introspection_cpp.hpp
[1.350s] -- Up-to-date symlink: /home/herring/rzddzy/ros2_ws/install/panda_motion_generator_msgs/include/panda_motion_generator_msgs/panda_motion_generator_msgs/msg/detail/joint_pose__rosidl_typesupport_introspection_cpp.hpp
[1.350s] -- Up-to-date symlink: /home/herring/rzddzy/ros2_ws/install/panda_motion_generator_msgs/include/panda_motion_generator_msgs/panda_motion_generator_msgs/msg/detail/set_time_scaling__rosidl_typesupport_introspection_cpp.hpp
[1.350s] -- Up-to-date symlink: /home/herring/rzddzy/ros2_ws/install/panda_motion_generator_msgs/include/panda_motion_generator_msgs/panda_motion_generator_msgs/msg/detail/simple_action_result__rosidl_typesupport_introspection_cpp.hpp
[1.350s] -- Up-to-date symlink: /home/herring/rzddzy/ros2_ws/install/panda_motion_generator_msgs/share/panda_motion_generator_msgs/environment/pythonpath.sh
[1.350s] -- Up-to-date symlink: /home/herring/rzddzy/ros2_ws/install/panda_motion_generator_msgs/share/panda_motion_generator_msgs/environment/pythonpath.dsv
[1.350s] -- Up-to-date symlink: /home/herring/rzddzy/ros2_ws/install/panda_motion_generator_msgs/lib/python3.12/site-packages/panda_motion_generator_msgs-0.0.0-py3.12.egg-info/PKG-INFO
[1.351s] -- Up-to-date symlink: /home/herring/rzddzy/ros2_ws/install/panda_motion_generator_msgs/lib/python3.12/site-packages/panda_motion_generator_msgs-0.0.0-py3.12.egg-info/SOURCES.txt
[1.351s] -- Up-to-date symlink: /home/herring/rzddzy/ros2_ws/install/panda_motion_generator_msgs/lib/python3.12/site-packages/panda_motion_generator_msgs-0.0.0-py3.12.egg-info/dependency_links.txt
[1.351s] -- Up-to-date symlink: /home/herring/rzddzy/ros2_ws/install/panda_motion_generator_msgs/lib/python3.12/site-packages/panda_motion_generator_msgs-0.0.0-py3.12.egg-info/top_level.txt
[1.351s] -- Up-to-date symlink: /home/herring/rzddzy/ros2_ws/install/panda_motion_generator_msgs/lib/python3.12/site-packages/panda_motion_generator_msgs/__init__.py
[1.351s] -- Up-to-date symlink: /home/herring/rzddzy/ros2_ws/install/panda_motion_generator_msgs/lib/python3.12/site-packages/panda_motion_generator_msgs/_panda_motion_generator_msgs_s.ep.rosidl_typesupport_c.c
[1.351s] -- Up-to-date symlink: /home/herring/rzddzy/ros2_ws/install/panda_motion_generator_msgs/lib/python3.12/site-packages/panda_motion_generator_msgs/_panda_motion_generator_msgs_s.ep.rosidl_typesupport_fastrtps_c.c
[1.352s] -- Up-to-date symlink: /home/herring/rzddzy/ros2_ws/install/panda_motion_generator_msgs/lib/python3.12/site-packages/panda_motion_generator_msgs/_panda_motion_generator_msgs_s.ep.rosidl_typesupport_introspection_c.c
[1.352s] -- Up-to-date symlink: /home/herring/rzddzy/ros2_ws/install/panda_motion_generator_msgs/lib/python3.12/site-packages/panda_motion_generator_msgs/action/__init__.py
[1.352s] -- Up-to-date symlink: /home/herring/rzddzy/ros2_ws/install/panda_motion_generator_msgs/lib/python3.12/site-packages/panda_motion_generator_msgs/action/_cartesian_via_motion.py
[1.352s] -- Up-to-date symlink: /home/herring/rzddzy/ros2_ws/install/panda_motion_generator_msgs/lib/python3.12/site-packages/panda_motion_generator_msgs/action/_cartesian_via_motion_s.c
[1.352s] -- Up-to-date symlink: /home/herring/rzddzy/ros2_ws/install/panda_motion_generator_msgs/lib/python3.12/site-packages/panda_motion_generator_msgs/action/_joint_via_motion.py
[1.352s] -- Up-to-date symlink: /home/herring/rzddzy/ros2_ws/install/panda_motion_generator_msgs/lib/python3.12/site-packages/panda_motion_generator_msgs/action/_joint_via_motion_s.c
[1.352s] -- Up-to-date symlink: /home/herring/rzddzy/ros2_ws/install/panda_motion_generator_msgs/lib/python3.12/site-packages/panda_motion_generator_msgs/msg/__init__.py
[1.353s] -- Up-to-date symlink: /home/herring/rzddzy/ros2_ws/install/panda_motion_generator_msgs/lib/python3.12/site-packages/panda_motion_generator_msgs/msg/_joint_pose.py
[1.353s] -- Up-to-date symlink: /home/herring/rzddzy/ros2_ws/install/panda_motion_generator_msgs/lib/python3.12/site-packages/panda_motion_generator_msgs/msg/_joint_pose_s.c
[1.353s] -- Up-to-date symlink: /home/herring/rzddzy/ros2_ws/install/panda_motion_generator_msgs/lib/python3.12/site-packages/panda_motion_generator_msgs/msg/_set_time_scaling.py
[1.353s] -- Up-to-date symlink: /home/herring/rzddzy/ros2_ws/install/panda_motion_generator_msgs/lib/python3.12/site-packages/panda_motion_generator_msgs/msg/_set_time_scaling_s.c
[1.353s] -- Up-to-date symlink: /home/herring/rzddzy/ros2_ws/install/panda_motion_generator_msgs/lib/python3.12/site-packages/panda_motion_generator_msgs/msg/_simple_action_result.py
[1.353s] -- Up-to-date symlink: /home/herring/rzddzy/ros2_ws/install/panda_motion_generator_msgs/lib/python3.12/site-packages/panda_motion_generator_msgs/msg/_simple_action_result_s.c
[1.353s] -- Up-to-date symlink: /home/herring/rzddzy/ros2_ws/install/panda_motion_generator_msgs/lib/python3.12/site-packages/panda_motion_generator_msgs/panda_motion_generator_msgs_s__rosidl_typesupport_c.so
[1.354s] -- Up-to-date symlink: /home/herring/rzddzy/ros2_ws/install/panda_motion_generator_msgs/lib/python3.12/site-packages/panda_motion_generator_msgs/panda_motion_generator_msgs_s__rosidl_typesupport_fastrtps_c.so
[1.354s] -- Up-to-date symlink: /home/herring/rzddzy/ros2_ws/install/panda_motion_generator_msgs/lib/python3.12/site-packages/panda_motion_generator_msgs/panda_motion_generator_msgs_s__rosidl_typesupport_introspection_c.so
[1.354s] -- Up-to-date symlink: /home/herring/rzddzy/ros2_ws/install/panda_motion_generator_msgs/lib/python3.12/site-packages/panda_motion_generator_msgs/panda_motion_generator_msgs_s__rosidl_typesupport_fastrtps_c.so
[1.354s] -- Up-to-date symlink: /home/herring/rzddzy/ros2_ws/install/panda_motion_generator_msgs/lib/python3.12/site-packages/panda_motion_generator_msgs/panda_motion_generator_msgs_s__rosidl_typesupport_introspection_c.so
[1.354s] -- Up-to-date symlink: /home/herring/rzddzy/ros2_ws/install/panda_motion_generator_msgs/lib/python3.12/site-packages/panda_motion_generator_msgs/panda_motion_generator_msgs_s__rosidl_typesupport_c.so
[1.354s] -- Up-to-date symlink: /home/herring/rzddzy/ros2_ws/install/panda_motion_generator_msgs/share/panda_motion_generator_msgs/msg/JointPose.idl
[1.355s] -- Up-to-date symlink: /home/herring/rzddzy/ros2_ws/install/panda_motion_generator_msgs/share/panda_motion_generator_msgs/msg/SetTimeScaling.idl
[1.355s] -- Up-to-date symlink: /home/herring/rzddzy/ros2_ws/install/panda_motion_generator_msgs/share/panda_motion_generator_msgs/msg/SimpleActionResult.idl
[1.355s] -- Up-to-date symlink: /home/herring/rzddzy/ros2_ws/install/panda_motion_generator_msgs/share/panda_motion_generator_msgs/action/CartesianViaMotion.idl
[1.355s] -- Up-to-date symlink: /home/herring/rzddzy/ros2_ws/install/panda_motion_generator_msgs/share/panda_motion_generator_msgs/action/JointViaMotion.idl
[1.355s] -- Up-to-date symlink: /home/herring/rzddzy/ros2_ws/install/panda_motion_generator_msgs/share/panda_motion_generator_msgs/msg/JointPose.msg
[1.355s] -- Up-to-date symlink: /home/herring/rzddzy/ros2_ws/install/panda_motion_generator_msgs/share/panda_motion_generator_msgs/msg/SetTimeScaling.msg
[1.355s] -- Up-to-date symlink: /home/herring/rzddzy/ros2_ws/install/panda_motion_generator_msgs/share/panda_motion_generator_msgs/msg/SimpleActionResult.msg
[1.355s] -- Up-to-date symlink: /home/herring/rzddzy/ros2_ws/install/panda_motion_generator_msgs/share/panda_motion_generator_msgs/action/CartesianViaMotion.action
[1.356s] -- Up-to-date symlink: /home/herring/rzddzy/ros2_ws/install/panda_motion_generator_msgs/share/panda_motion_generator_msgs/action/JointViaMotion.action
[1.356s] -- Up-to-date symlink: /home/herring/rzddzy/ros2_ws/install/panda_motion_generator_msgs/share/ament_index/resource_index/package_run_dependencies/panda_motion_generator_msgs
[1.356s] -- Up-to-date symlink: /home/herring/rzddzy/ros2_ws/install/panda_motion_generator_msgs/share/ament_index/resource_index/parent_prefix_path/panda_motion_generator_msgs
[1.356s] -- Up-to-date symlink: /home/herring/rzddzy/ros2_ws/install/panda_motion_generator_msgs/share/panda_motion_generator_msgs/environment/ament_prefix_path.sh
[1.356s] -- Up-to-date symlink: /home/herring/rzddzy/ros2_ws/install/panda_motion_generator_msgs/share/panda_motion_generator_msgs/environment/ament_prefix_path.dsv
[1.356s] -- Up-to-date symlink: /home/herring/rzddzy/ros2_ws/install/panda_motion_generator_msgs/share/panda_motion_generator_msgs/environment/path.sh
[1.356s] -- Up-to-date symlink: /home/herring/rzddzy/ros2_ws/install/panda_motion_generator_msgs/share/panda_motion_generator_msgs/environment/path.dsv
[1.356s] -- Up-to-date symlink: /home/herring/rzddzy/ros2_ws/install/panda_motion_generator_msgs/share/panda_motion_generator_msgs/local_setup.bash
[1.356s] -- Up-to-date symlink: /home/herring/rzddzy/ros2_ws/install/panda_motion_generator_msgs/share/panda_motion_generator_msgs/local_setup.sh
[1.356s] -- Up-to-date symlink: /home/herring/rzddzy/ros2_ws/install/panda_motion_generator_msgs/share/panda_motion_generator_msgs/local_setup.zsh
[1.357s] -- Up-to-date symlink: /home/herring/rzddzy/ros2_ws/install/panda_motion_generator_msgs/share/panda_motion_generator_msgs/local_setup.dsv
[1.357s] -- Symlinking: /home/herring/rzddzy/ros2_ws/install/panda_motion_generator_msgs/share/panda_motion_generator_msgs/package.dsv
[1.364s] -- Up-to-date symlink: /home/herring/rzddzy/ros2_ws/install/panda_motion_generator_msgs/share/ament_index/resource_index/packages/panda_motion_generator_msgs
[1.364s] -- Up-to-date symlink: /home/herring/rzddzy/ros2_ws/install/panda_motion_generator_msgs/share/panda_motion_generator_msgs/cmake/rosidl_cmake-extras.cmake
[1.364s] -- Up-to-date symlink: /home/herring/rzddzy/ros2_ws/install/panda_motion_generator_msgs/share/panda_motion_generator_msgs/cmake/ament_cmake_export_dependencies-extras.cmake
[1.364s] -- Up-to-date symlink: /home/herring/rzddzy/ros2_ws/install/panda_motion_generator_msgs/share/panda_motion_generator_msgs/cmake/ament_cmake_export_include_directories-extras.cmake
[1.365s] -- Up-to-date symlink: /home/herring/rzddzy/ros2_ws/install/panda_motion_generator_msgs/share/panda_motion_generator_msgs/cmake/ament_cmake_export_libraries-extras.cmake
[1.365s] -- Up-to-date symlink: /home/herring/rzddzy/ros2_ws/install/panda_motion_generator_msgs/share/panda_motion_generator_msgs/cmake/ament_cmake_export_targets-extras.cmake
[1.365s] -- Up-to-date symlink: /home/herring/rzddzy/ros2_ws/install/panda_motion_generator_msgs/share/panda_motion_generator_msgs/cmake/rosidl_cmake_export_typesupport_targets-extras.cmake
[1.365s] -- Up-to-date symlink: /home/herring/rzddzy/ros2_ws/install/panda_motion_generator_msgs/share/panda_motion_generator_msgs/cmake/rosidl_cmake_export_typesupport_libraries-extras.cmake
[1.365s] -- Up-to-date symlink: /home/herring/rzddzy/ros2_ws/install/panda_motion_generator_msgs/share/panda_motion_generator_msgs/cmake/panda_motion_generator_msgsConfig.cmake
[1.365s] -- Up-to-date symlink: /home/herring/rzddzy/ros2_ws/install/panda_motion_generator_msgs/share/panda_motion_generator_msgs/cmake/panda_motion_generator_msgsConfig-version.cmake
[1.365s] -- Up-to-date symlink: /home/herring/rzddzy/ros2_ws/install/panda_motion_generator_msgs/share/panda_motion_generator_msgs/package.xml
[1.365s] -- Up-to-date: /home/herring/rzddzy/ros2_ws/install/panda_motion_generator_msgs/lib/libpanda_motion_generator_msgs__rosidl_generator_c.so
[1.366s] -- Up-to-date: /home/herring/rzddzy/ros2_ws/install/panda_motion_generator_msgs/lib/libpanda_motion_generator_msgs__rosidl_typesupport_fastrtps_c.so
[1.366s] -- Up-to-date: /home/herring/rzddzy/ros2_ws/install/panda_motion_generator_msgs/lib/libpanda_motion_generator_msgs__rosidl_typesupport_fastrtps_cpp.so
[1.366s] -- Up-to-date: /home/herring/rzddzy/ros2_ws/install/panda_motion_generator_msgs/lib/libpanda_motion_generator_msgs__rosidl_typesupport_introspection_c.so
[1.366s] -- Up-to-date: /home/herring/rzddzy/ros2_ws/install/panda_motion_generator_msgs/lib/libpanda_motion_generator_msgs__rosidl_typesupport_c.so
[1.366s] -- Up-to-date: /home/herring/rzddzy/ros2_ws/install/panda_motion_generator_msgs/lib/libpanda_motion_generator_msgs__rosidl_typesupport_introspection_cpp.so
[1.366s] -- Up-to-date: /home/herring/rzddzy/ros2_ws/install/panda_motion_generator_msgs/lib/libpanda_motion_generator_msgs__rosidl_typesupport_cpp.so
[1.408s] Listing '/home/herring/rzddzy/ros2_ws/install/panda_motion_generator_msgs/lib/python3.12/site-packages/panda_motion_generator_msgs'...
[1.408s] Compiling '/home/herring/rzddzy/ros2_ws/install/panda_motion_generator_msgs/lib/python3.12/site-packages/panda_motion_generator_msgs/__init__.py'...
[1.408s] Listing '/home/herring/rzddzy/ros2_ws/install/panda_motion_generator_msgs/lib/python3.12/site-packages/panda_motion_generator_msgs/action'...
[1.408s] Listing '/home/herring/rzddzy/ros2_ws/install/panda_motion_generator_msgs/lib/python3.12/site-packages/panda_motion_generator_msgs/msg'...
[1.414s] -- Up-to-date: /home/herring/rzddzy/ros2_ws/install/panda_motion_generator_msgs/lib/libpanda_motion_generator_msgs__rosidl_generator_py.so
[1.415s] -- Up-to-date: /home/herring/rzddzy/ros2_ws/install/panda_motion_generator_msgs/share/panda_motion_generator_msgs/cmake/export_panda_motion_generator_msgs__rosidl_generator_cExport.cmake
[1.415s] -- Up-to-date: /home/herring/rzddzy/ros2_ws/install/panda_motion_generator_msgs/share/panda_motion_generator_msgs/cmake/export_panda_motion_generator_msgs__rosidl_generator_cExport-noconfig.cmake
[1.415s] -- Up-to-date: /home/herring/rzddzy/ros2_ws/install/panda_motion_generator_msgs/share/panda_motion_generator_msgs/cmake/export_panda_motion_generator_msgs__rosidl_typesupport_fastrtps_cExport.cmake
[1.415s] -- Up-to-date: /home/herring/rzddzy/ros2_ws/install/panda_motion_generator_msgs/share/panda_motion_generator_msgs/cmake/export_panda_motion_generator_msgs__rosidl_typesupport_fastrtps_cExport-noconfig.cmake
[1.415s] -- Up-to-date: /home/herring/rzddzy/ros2_ws/install/panda_motion_generator_msgs/share/panda_motion_generator_msgs/cmake/export_panda_motion_generator_msgs__rosidl_generator_cppExport.cmake
[1.415s] -- Up-to-date: /home/herring/rzddzy/ros2_ws/install/panda_motion_generator_msgs/share/panda_motion_generator_msgs/cmake/export_panda_motion_generator_msgs__rosidl_typesupport_fastrtps_cppExport.cmake
[1.415s] -- Up-to-date: /home/herring/rzddzy/ros2_ws/install/panda_motion_generator_msgs/share/panda_motion_generator_msgs/cmake/export_panda_motion_generator_msgs__rosidl_typesupport_fastrtps_cppExport-noconfig.cmake
[1.415s] -- Up-to-date: /home/herring/rzddzy/ros2_ws/install/panda_motion_generator_msgs/share/panda_motion_generator_msgs/cmake/panda_motion_generator_msgs__rosidl_typesupport_introspection_cExport.cmake
[1.416s] -- Up-to-date: /home/herring/rzddzy/ros2_ws/install/panda_motion_generator_msgs/share/panda_motion_generator_msgs/cmake/panda_motion_generator_msgs__rosidl_typesupport_introspection_cExport-noconfig.cmake
[1.416s] -- Up-to-date: /home/herring/rzddzy/ros2_ws/install/panda_motion_generator_msgs/share/panda_motion_generator_msgs/cmake/panda_motion_generator_msgs__rosidl_typesupport_cExport.cmake
[1.416s] -- Up-to-date: /home/herring/rzddzy/ros2_ws/install/panda_motion_generator_msgs/share/panda_motion_generator_msgs/cmake/panda_motion_generator_msgs__rosidl_typesupport_cExport-noconfig.cmake
[1.416s] -- Up-to-date: /home/herring/rzddzy/ros2_ws/install/panda_motion_generator_msgs/share/panda_motion_generator_msgs/cmake/panda_motion_generator_msgs__rosidl_typesupport_introspection_cppExport.cmake
[1.416s] -- Up-to-date: /home/herring/rzddzy/ros2_ws/install/panda_motion_generator_msgs/share/panda_motion_generator_msgs/cmake/panda_motion_generator_msgs__rosidl_typesupport_introspection_cppExport-noconfig.cmake
[1.416s] -- Up-to-date: /home/herring/rzddzy/ros2_ws/install/panda_motion_generator_msgs/share/panda_motion_generator_msgs/cmake/panda_motion_generator_msgs__rosidl_typesupport_cppExport.cmake
[1.416s] -- Up-to-date: /home/herring/rzddzy/ros2_ws/install/panda_motion_generator_msgs/share/panda_motion_generator_msgs/cmake/panda_motion_generator_msgs__rosidl_typesupport_cppExport-noconfig.cmake
[1.416s] -- Up-to-date: /home/herring/rzddzy/ros2_ws/install/panda_motion_generator_msgs/share/panda_motion_generator_msgs/cmake/export_panda_motion_generator_msgs__rosidl_generator_pyExport.cmake
[1.416s] -- Up-to-date: /home/herring/rzddzy/ros2_ws/install/panda_motion_generator_msgs/share/panda_motion_generator_msgs/cmake/export_panda_motion_generator_msgs__rosidl_generator_pyExport-noconfig.cmake
[1.418s] Invoked command in '/home/herring/rzddzy/ros2_ws/build/panda_motion_generator_msgs' returned '0': CMAKE_PREFIX_PATH=${CMAKE_PREFIX_PATH}:/opt/ros/jazzy DEBUGINFOD_URLS=https://debuginfod.ubuntu.com /usr/bin/cmake --install /home/herring/rzddzy/ros2_ws/build/panda_motion_generator_msgs
