[0.006s] Invoking command in '/home/herring/rzddzy/build/mujoco_ros_pkgs': AMENT_PREFIX_PATH=/home/herring/rzddzy/install/mujoco_ros:/home/herring/rzddzy/install/mujoco_ros_msgs:${AMENT_PREFIX_PATH} CMAKE_PREFIX_PATH=/home/herring/rzddzy/install/mujoco_ros:/home/herring/rzddzy/install/mujoco_ros_msgs:/opt/ros/jazzy/opt/sdformat_vendor:/opt/ros/jazzy/opt/gz_math_vendor:/opt/ros/jazzy/opt/gz_utils_vendor:/opt/ros/jazzy/opt/gz_tools_vendor:/opt/ros/jazzy/opt/gz_cmake_vendor:/opt/ros/jazzy DEBUGINFOD_URLS=https://debuginfod.ubuntu.com LD_LIBRARY_PATH=/home/herring/rzddzy/install/mujoco_ros/lib:/home/herring/rzddzy/install/mujoco_ros_msgs/lib:${LD_LIBRARY_PATH} PYTHONPATH=/home/herring/rzddzy/install/mujoco_ros_msgs/lib/python3.12/site-packages:${PYTHONPATH} /usr/bin/cmake --build /home/herring/rzddzy/build/mujoco_ros_pkgs -- -j28 -l28
[0.043s] Invoked command in '/home/herring/rzddzy/build/mujoco_ros_pkgs' returned '0': AMENT_PREFIX_PATH=/home/herring/rzddzy/install/mujoco_ros:/home/herring/rzddzy/install/mujoco_ros_msgs:${AMENT_PREFIX_PATH} CMAKE_PREFIX_PATH=/home/herring/rzddzy/install/mujoco_ros:/home/herring/rzddzy/install/mujoco_ros_msgs:/opt/ros/jazzy/opt/sdformat_vendor:/opt/ros/jazzy/opt/gz_math_vendor:/opt/ros/jazzy/opt/gz_utils_vendor:/opt/ros/jazzy/opt/gz_tools_vendor:/opt/ros/jazzy/opt/gz_cmake_vendor:/opt/ros/jazzy DEBUGINFOD_URLS=https://debuginfod.ubuntu.com LD_LIBRARY_PATH=/home/herring/rzddzy/install/mujoco_ros/lib:/home/herring/rzddzy/install/mujoco_ros_msgs/lib:${LD_LIBRARY_PATH} PYTHONPATH=/home/herring/rzddzy/install/mujoco_ros_msgs/lib/python3.12/site-packages:${PYTHONPATH} /usr/bin/cmake --build /home/herring/rzddzy/build/mujoco_ros_pkgs -- -j28 -l28
[0.044s] Invoking command in '/home/herring/rzddzy/build/mujoco_ros_pkgs': AMENT_PREFIX_PATH=/home/herring/rzddzy/install/mujoco_ros:/home/herring/rzddzy/install/mujoco_ros_msgs:${AMENT_PREFIX_PATH} CMAKE_PREFIX_PATH=/home/herring/rzddzy/install/mujoco_ros:/home/herring/rzddzy/install/mujoco_ros_msgs:/opt/ros/jazzy/opt/sdformat_vendor:/opt/ros/jazzy/opt/gz_math_vendor:/opt/ros/jazzy/opt/gz_utils_vendor:/opt/ros/jazzy/opt/gz_tools_vendor:/opt/ros/jazzy/opt/gz_cmake_vendor:/opt/ros/jazzy DEBUGINFOD_URLS=https://debuginfod.ubuntu.com LD_LIBRARY_PATH=/home/herring/rzddzy/install/mujoco_ros/lib:/home/herring/rzddzy/install/mujoco_ros_msgs/lib:${LD_LIBRARY_PATH} PYTHONPATH=/home/herring/rzddzy/install/mujoco_ros_msgs/lib/python3.12/site-packages:${PYTHONPATH} /usr/bin/cmake --install /home/herring/rzddzy/build/mujoco_ros_pkgs
[0.050s] -- Install configuration: ""
[0.050s] -- Execute custom install script
[0.050s] -- Up-to-date symlink: /home/herring/rzddzy/install/mujoco_ros_pkgs/share/ament_index/resource_index/package_run_dependencies/mujoco_ros_pkgs
[0.050s] -- Up-to-date symlink: /home/herring/rzddzy/install/mujoco_ros_pkgs/share/ament_index/resource_index/parent_prefix_path/mujoco_ros_pkgs
[0.051s] -- Up-to-date symlink: /home/herring/rzddzy/install/mujoco_ros_pkgs/share/mujoco_ros_pkgs/environment/ament_prefix_path.sh
[0.051s] -- Up-to-date symlink: /home/herring/rzddzy/install/mujoco_ros_pkgs/share/mujoco_ros_pkgs/environment/ament_prefix_path.dsv
[0.051s] -- Up-to-date symlink: /home/herring/rzddzy/install/mujoco_ros_pkgs/share/mujoco_ros_pkgs/environment/path.sh
[0.051s] -- Up-to-date symlink: /home/herring/rzddzy/install/mujoco_ros_pkgs/share/mujoco_ros_pkgs/environment/path.dsv
[0.051s] -- Up-to-date symlink: /home/herring/rzddzy/install/mujoco_ros_pkgs/share/mujoco_ros_pkgs/local_setup.bash
[0.051s] -- Up-to-date symlink: /home/herring/rzddzy/install/mujoco_ros_pkgs/share/mujoco_ros_pkgs/local_setup.sh
[0.052s] -- Up-to-date symlink: /home/herring/rzddzy/install/mujoco_ros_pkgs/share/mujoco_ros_pkgs/local_setup.zsh
[0.052s] -- Up-to-date symlink: /home/herring/rzddzy/install/mujoco_ros_pkgs/share/mujoco_ros_pkgs/local_setup.dsv
[0.052s] -- Symlinking: /home/herring/rzddzy/install/mujoco_ros_pkgs/share/mujoco_ros_pkgs/package.dsv
[0.061s] -- Up-to-date symlink: /home/herring/rzddzy/install/mujoco_ros_pkgs/share/ament_index/resource_index/packages/mujoco_ros_pkgs
[0.061s] -- Up-to-date symlink: /home/herring/rzddzy/install/mujoco_ros_pkgs/share/mujoco_ros_pkgs/cmake/mujoco_ros_pkgsConfig.cmake
[0.061s] -- Up-to-date symlink: /home/herring/rzddzy/install/mujoco_ros_pkgs/share/mujoco_ros_pkgs/cmake/mujoco_ros_pkgsConfig-version.cmake
[0.061s] -- Up-to-date symlink: /home/herring/rzddzy/install/mujoco_ros_pkgs/share/mujoco_ros_pkgs/package.xml
[0.063s] Invoked command in '/home/herring/rzddzy/build/mujoco_ros_pkgs' returned '0': AMENT_PREFIX_PATH=/home/herring/rzddzy/install/mujoco_ros:/home/herring/rzddzy/install/mujoco_ros_msgs:${AMENT_PREFIX_PATH} CMAKE_PREFIX_PATH=/home/herring/rzddzy/install/mujoco_ros:/home/herring/rzddzy/install/mujoco_ros_msgs:/opt/ros/jazzy/opt/sdformat_vendor:/opt/ros/jazzy/opt/gz_math_vendor:/opt/ros/jazzy/opt/gz_utils_vendor:/opt/ros/jazzy/opt/gz_tools_vendor:/opt/ros/jazzy/opt/gz_cmake_vendor:/opt/ros/jazzy DEBUGINFOD_URLS=https://debuginfod.ubuntu.com LD_LIBRARY_PATH=/home/herring/rzddzy/install/mujoco_ros/lib:/home/herring/rzddzy/install/mujoco_ros_msgs/lib:${LD_LIBRARY_PATH} PYTHONPATH=/home/herring/rzddzy/install/mujoco_ros_msgs/lib/python3.12/site-packages:${PYTHONPATH} /usr/bin/cmake --install /home/herring/rzddzy/build/mujoco_ros_pkgs
