[0.010s] Invoking command in '/home/herring/rzddzy/ros2_ws/build/panda_motion_generator_msgs': CMAKE_PREFIX_PATH=${CMAKE_PREFIX_PATH}:/opt/ros/jazzy DEBUGINFOD_URLS=https://debuginfod.ubuntu.com /usr/bin/cmake /home/herring/rzddzy/ros2_ws/src/panda_motion_generator_msgs -DMUJOCO_DIR=/home/herring/.mujoco/mujoco-3.2.0 -DAMENT_CMAKE_SYMLINK_INSTALL=1 -DCMAKE_INSTALL_PREFIX=/home/herring/rzddzy/ros2_ws/install/panda_motion_generator_msgs
[0.021s] -- Found ament_cmake: 2.5.5 (/opt/ros/jazzy/share/ament_cmake/cmake)
[0.044s] -- Found Python3: /usr/bin/python3 (found version "3.12.3") found components: Interpreter 
[0.109s] -- Override CMake install command with custom implementation using symlinks instead of copying resources
[0.115s] -- Found geometry_msgs: 5.3.6 (/opt/ros/jazzy/share/geometry_msgs/cmake)
[0.139s] -- Found rosidl_generator_c: 4.6.7 (/opt/ros/jazzy/share/rosidl_generator_c/cmake)
[0.147s] -- Found rosidl_generator_cpp: 4.6.7 (/opt/ros/jazzy/share/rosidl_generator_cpp/cmake)
[0.158s] -- Using all available rosidl_typesupport_c: rosidl_typesupport_fastrtps_c;rosidl_typesupport_introspection_c
[0.170s] -- Using all available rosidl_typesupport_cpp: rosidl_typesupport_fastrtps_cpp;rosidl_typesupport_introspection_cpp
[0.212s] -- Found rosidl_default_generators: 1.6.0 (/opt/ros/jazzy/share/rosidl_default_generators/cmake)
[0.218s] -- Found rosidl_adapter: 4.6.7 (/opt/ros/jazzy/share/rosidl_adapter/cmake)
[0.481s] -- Found ament_cmake_ros: 0.12.0 (/opt/ros/jazzy/share/ament_cmake_ros/cmake)
[0.716s] -- Using all available rosidl_typesupport_c: rosidl_typesupport_fastrtps_c;rosidl_typesupport_introspection_c
[0.788s] -- Using all available rosidl_typesupport_cpp: rosidl_typesupport_fastrtps_cpp;rosidl_typesupport_introspection_cpp
[0.789s] -- Found python_cmake_module: 0.11.1 (/opt/ros/jazzy/share/python_cmake_module/cmake)
[0.959s] -- Found Python3: /usr/bin/python3 (found version "3.12.3") found components: Interpreter Development NumPy Development.Module Development.Embed 
[0.980s] -- Found ament_lint_auto: 0.17.4 (/opt/ros/jazzy/share/ament_lint_auto/cmake)
[0.985s] -- Added test 'lint_cmake' to check CMake code style
[0.985s] -- Added test 'xmllint' to check XML markup files
[0.987s] -- Configuring done (1.0s)
[1.016s] -- Generating done (0.0s)
[1.018s] [33mCMake Warning:
[1.018s]   Manually-specified variables were not used by the project:
[1.018s] 
[1.018s]     MUJOCO_DIR
[1.019s] 
[1.019s] [0m
[1.024s] -- Build files have been written to: /home/herring/rzddzy/ros2_ws/build/panda_motion_generator_msgs
[1.030s] Invoked command in '/home/herring/rzddzy/ros2_ws/build/panda_motion_generator_msgs' returned '0': CMAKE_PREFIX_PATH=${CMAKE_PREFIX_PATH}:/opt/ros/jazzy DEBUGINFOD_URLS=https://debuginfod.ubuntu.com /usr/bin/cmake /home/herring/rzddzy/ros2_ws/src/panda_motion_generator_msgs -DMUJOCO_DIR=/home/herring/.mujoco/mujoco-3.2.0 -DAMENT_CMAKE_SYMLINK_INSTALL=1 -DCMAKE_INSTALL_PREFIX=/home/herring/rzddzy/ros2_ws/install/panda_motion_generator_msgs
[1.031s] Invoking command in '/home/herring/rzddzy/ros2_ws/build/panda_motion_generator_msgs': CMAKE_PREFIX_PATH=${CMAKE_PREFIX_PATH}:/opt/ros/jazzy DEBUGINFOD_URLS=https://debuginfod.ubuntu.com /usr/bin/cmake --build /home/herring/rzddzy/ros2_ws/build/panda_motion_generator_msgs -- -j28 -l28
[1.075s] [  1%] Built target panda_motion_generator_msgs__rosidl_generator_type_description
[1.084s] [  1%] Built target ament_cmake_python_symlink_panda_motion_generator_msgs
[1.094s] [  2%] Built target panda_motion_generator_msgs__cpp
[1.101s] [ 25%] Built target panda_motion_generator_msgs__rosidl_generator_c
[1.129s] [ 35%] Built target panda_motion_generator_msgs__rosidl_typesupport_introspection_cpp
[1.130s] [ 44%] Built target panda_motion_generator_msgs__rosidl_typesupport_fastrtps_cpp
[1.131s] [ 54%] Built target panda_motion_generator_msgs__rosidl_typesupport_c
[1.131s] [ 63%] Built target panda_motion_generator_msgs__rosidl_typesupport_introspection_c
[1.132s] [ 72%] Built target panda_motion_generator_msgs__rosidl_typesupport_cpp
[1.134s] [ 82%] Built target panda_motion_generator_msgs__rosidl_typesupport_fastrtps_c
[1.153s] [ 82%] Built target panda_motion_generator_msgs
[1.173s] [ 83%] Built target panda_motion_generator_msgs__py
[1.194s] [ 91%] Built target panda_motion_generator_msgs__rosidl_generator_py
[1.213s] [ 94%] Built target panda_motion_generator_msgs_s__rosidl_typesupport_fastrtps_c
[1.215s] [ 97%] Built target panda_motion_generator_msgs_s__rosidl_typesupport_c
[1.216s] [100%] Built target panda_motion_generator_msgs_s__rosidl_typesupport_introspection_c
[1.299s] running egg_info
[1.313s] writing panda_motion_generator_msgs.egg-info/PKG-INFO
[1.313s] writing dependency_links to panda_motion_generator_msgs.egg-info/dependency_links.txt
[1.313s] writing top-level names to panda_motion_generator_msgs.egg-info/top_level.txt
[1.342s] reading manifest file 'panda_motion_generator_msgs.egg-info/SOURCES.txt'
[1.342s] writing manifest file 'panda_motion_generator_msgs.egg-info/SOURCES.txt'
[1.362s] [100%] Built target ament_cmake_python_build_panda_motion_generator_msgs_egg
[1.374s] Invoked command in '/home/herring/rzddzy/ros2_ws/build/panda_motion_generator_msgs' returned '0': CMAKE_PREFIX_PATH=${CMAKE_PREFIX_PATH}:/opt/ros/jazzy DEBUGINFOD_URLS=https://debuginfod.ubuntu.com /usr/bin/cmake --build /home/herring/rzddzy/ros2_ws/build/panda_motion_generator_msgs -- -j28 -l28
[1.375s] Invoking command in '/home/herring/rzddzy/ros2_ws/build/panda_motion_generator_msgs': CMAKE_PREFIX_PATH=${CMAKE_PREFIX_PATH}:/opt/ros/jazzy DEBUGINFOD_URLS=https://debuginfod.ubuntu.com /usr/bin/cmake --install /home/herring/rzddzy/ros2_ws/build/panda_motion_generator_msgs
[1.380s] -- Install configuration: ""
[1.380s] -- Execute custom install script
[1.380s] -- Up-to-date symlink: /home/herring/rzddzy/ros2_ws/install/panda_motion_generator_msgs/share/ament_index/resource_index/rosidl_interfaces/panda_motion_generator_msgs
[1.380s] -- Up-to-date symlink: /home/herring/rzddzy/ros2_ws/install/panda_motion_generator_msgs/share/panda_motion_generator_msgs/msg/JointPose.json
[1.381s] -- Up-to-date symlink: /home/herring/rzddzy/ros2_ws/install/panda_motion_generator_msgs/share/panda_motion_generator_msgs/msg/SetTimeScaling.json
[1.381s] -- Up-to-date symlink: /home/herring/rzddzy/ros2_ws/install/panda_motion_generator_msgs/share/panda_motion_generator_msgs/msg/SimpleActionResult.json
[1.381s] -- Up-to-date symlink: /home/herring/rzddzy/ros2_ws/install/panda_motion_generator_msgs/share/panda_motion_generator_msgs/action/CartesianViaMotion.json
[1.381s] -- Up-to-date symlink: /home/herring/rzddzy/ros2_ws/install/panda_motion_generator_msgs/share/panda_motion_generator_msgs/action/JointViaMotion.json
[1.381s] -- Up-to-date symlink: /home/herring/rzddzy/ros2_ws/install/panda_motion_generator_msgs/include/panda_motion_generator_msgs/panda_motion_generator_msgs/action/cartesian_via_motion.h
[1.381s] -- Up-to-date symlink: /home/herring/rzddzy/ros2_ws/install/panda_motion_generator_msgs/include/panda_motion_generator_msgs/panda_motion_generator_msgs/action/detail/cartesian_via_motion__functions.h
[1.381s] -- Up-to-date symlink: /home/herring/rzddzy/ros2_ws/install/panda_motion_generator_msgs/include/panda_motion_generator_msgs/panda_motion_generator_msgs/action/detail/cartesian_via_motion__struct.h
[1.381s] -- Up-to-date symlink: /home/herring/rzddzy/ros2_ws/install/panda_motion_generator_msgs/include/panda_motion_generator_msgs/panda_motion_generator_msgs/action/detail/cartesian_via_motion__type_support.h
[1.381s] -- Up-to-date symlink: /home/herring/rzddzy/ros2_ws/install/panda_motion_generator_msgs/include/panda_motion_generator_msgs/panda_motion_generator_msgs/action/detail/joint_via_motion__functions.h
[1.381s] -- Up-to-date symlink: /home/herring/rzddzy/ros2_ws/install/panda_motion_generator_msgs/include/panda_motion_generator_msgs/panda_motion_generator_msgs/action/detail/joint_via_motion__struct.h
[1.382s] -- Up-to-date symlink: /home/herring/rzddzy/ros2_ws/install/panda_motion_generator_msgs/include/panda_motion_generator_msgs/panda_motion_generator_msgs/action/detail/joint_via_motion__type_support.h
[1.382s] -- Up-to-date symlink: /home/herring/rzddzy/ros2_ws/install/panda_motion_generator_msgs/include/panda_motion_generator_msgs/panda_motion_generator_msgs/action/joint_via_motion.h
[1.382s] -- Up-to-date symlink: /home/herring/rzddzy/ros2_ws/install/panda_motion_generator_msgs/include/panda_motion_generator_msgs/panda_motion_generator_msgs/msg/detail/joint_pose__functions.h
[1.382s] -- Up-to-date symlink: /home/herring/rzddzy/ros2_ws/install/panda_motion_generator_msgs/include/panda_motion_generator_msgs/panda_motion_generator_msgs/msg/detail/joint_pose__struct.h
[1.382s] -- Up-to-date symlink: /home/herring/rzddzy/ros2_ws/install/panda_motion_generator_msgs/include/panda_motion_generator_msgs/panda_motion_generator_msgs/msg/detail/joint_pose__type_support.h
[1.382s] -- Up-to-date symlink: /home/herring/rzddzy/ros2_ws/install/panda_motion_generator_msgs/include/panda_motion_generator_msgs/panda_motion_generator_msgs/msg/detail/set_time_scaling__functions.h
[1.382s] -- Up-to-date symlink: /home/herring/rzddzy/ros2_ws/install/panda_motion_generator_msgs/include/panda_motion_generator_msgs/panda_motion_generator_msgs/msg/detail/set_time_scaling__struct.h
[1.382s] -- Up-to-date symlink: /home/herring/rzddzy/ros2_ws/install/panda_motion_generator_msgs/include/panda_motion_generator_msgs/panda_motion_generator_msgs/msg/detail/set_time_scaling__type_support.h
[1.382s] -- Up-to-date symlink: /home/herring/rzddzy/ros2_ws/install/panda_motion_generator_msgs/include/panda_motion_generator_msgs/panda_motion_generator_msgs/msg/detail/simple_action_result__functions.h
[1.382s] -- Up-to-date symlink: /home/herring/rzddzy/ros2_ws/install/panda_motion_generator_msgs/include/panda_motion_generator_msgs/panda_motion_generator_msgs/msg/detail/simple_action_result__struct.h
[1.382s] -- Up-to-date symlink: /home/herring/rzddzy/ros2_ws/install/panda_motion_generator_msgs/include/panda_motion_generator_msgs/panda_motion_generator_msgs/msg/detail/simple_action_result__type_support.h
[1.382s] -- Up-to-date symlink: /home/herring/rzddzy/ros2_ws/install/panda_motion_generator_msgs/include/panda_motion_generator_msgs/panda_motion_generator_msgs/msg/joint_pose.h
[1.382s] -- Up-to-date symlink: /home/herring/rzddzy/ros2_ws/install/panda_motion_generator_msgs/include/panda_motion_generator_msgs/panda_motion_generator_msgs/msg/rosidl_generator_c__visibility_control.h
[1.382s] -- Up-to-date symlink: /home/herring/rzddzy/ros2_ws/install/panda_motion_generator_msgs/include/panda_motion_generator_msgs/panda_motion_generator_msgs/msg/set_time_scaling.h
[1.382s] -- Up-to-date symlink: /home/herring/rzddzy/ros2_ws/install/panda_motion_generator_msgs/include/panda_motion_generator_msgs/panda_motion_generator_msgs/msg/simple_action_result.h
[1.382s] -- Up-to-date symlink: /home/herring/rzddzy/ros2_ws/install/panda_motion_generator_msgs/share/panda_motion_generator_msgs/environment/library_path.sh
[1.382s] -- Up-to-date symlink: /home/herring/rzddzy/ros2_ws/install/panda_motion_generator_msgs/share/panda_motion_generator_msgs/environment/library_path.dsv
[1.383s] -- Up-to-date symlink: /home/herring/rzddzy/ros2_ws/install/panda_motion_generator_msgs/include/panda_motion_generator_msgs/panda_motion_generator_msgs/action/detail/cartesian_via_motion__rosidl_typesupport_fastrtps_c.h
[1.383s] -- Up-to-date symlink: /home/herring/rzddzy/ros2_ws/install/panda_motion_generator_msgs/include/panda_motion_generator_msgs/panda_motion_generator_msgs/action/detail/joint_via_motion__rosidl_typesupport_fastrtps_c.h
[1.383s] -- Up-to-date symlink: /home/herring/rzddzy/ros2_ws/install/panda_motion_generator_msgs/include/panda_motion_generator_msgs/panda_motion_generator_msgs/msg/detail/joint_pose__rosidl_typesupport_fastrtps_c.h
[1.383s] -- Up-to-date symlink: /home/herring/rzddzy/ros2_ws/install/panda_motion_generator_msgs/include/panda_motion_generator_msgs/panda_motion_generator_msgs/msg/detail/set_time_scaling__rosidl_typesupport_fastrtps_c.h
[1.383s] -- Up-to-date symlink: /home/herring/rzddzy/ros2_ws/install/panda_motion_generator_msgs/include/panda_motion_generator_msgs/panda_motion_generator_msgs/msg/detail/simple_action_result__rosidl_typesupport_fastrtps_c.h
[1.383s] -- Up-to-date symlink: /home/herring/rzddzy/ros2_ws/install/panda_motion_generator_msgs/include/panda_motion_generator_msgs/panda_motion_generator_msgs/msg/rosidl_typesupport_fastrtps_c__visibility_control.h
[1.383s] -- Up-to-date symlink: /home/herring/rzddzy/ros2_ws/install/panda_motion_generator_msgs/include/panda_motion_generator_msgs/panda_motion_generator_msgs/action/cartesian_via_motion.hpp
[1.383s] -- Up-to-date symlink: /home/herring/rzddzy/ros2_ws/install/panda_motion_generator_msgs/include/panda_motion_generator_msgs/panda_motion_generator_msgs/action/detail/cartesian_via_motion__builder.hpp
[1.383s] -- Up-to-date symlink: /home/herring/rzddzy/ros2_ws/install/panda_motion_generator_msgs/include/panda_motion_generator_msgs/panda_motion_generator_msgs/action/detail/cartesian_via_motion__struct.hpp
[1.383s] -- Up-to-date symlink: /home/herring/rzddzy/ros2_ws/install/panda_motion_generator_msgs/include/panda_motion_generator_msgs/panda_motion_generator_msgs/action/detail/cartesian_via_motion__traits.hpp
[1.383s] -- Up-to-date symlink: /home/herring/rzddzy/ros2_ws/install/panda_motion_generator_msgs/include/panda_motion_generator_msgs/panda_motion_generator_msgs/action/detail/cartesian_via_motion__type_support.hpp
[1.384s] -- Up-to-date symlink: /home/herring/rzddzy/ros2_ws/install/panda_motion_generator_msgs/include/panda_motion_generator_msgs/panda_motion_generator_msgs/action/detail/joint_via_motion__builder.hpp
[1.384s] -- Up-to-date symlink: /home/herring/rzddzy/ros2_ws/install/panda_motion_generator_msgs/include/panda_motion_generator_msgs/panda_motion_generator_msgs/action/detail/joint_via_motion__struct.hpp
[1.384s] -- Up-to-date symlink: /home/herring/rzddzy/ros2_ws/install/panda_motion_generator_msgs/include/panda_motion_generator_msgs/panda_motion_generator_msgs/action/detail/joint_via_motion__traits.hpp
[1.384s] -- Up-to-date symlink: /home/herring/rzddzy/ros2_ws/install/panda_motion_generator_msgs/include/panda_motion_generator_msgs/panda_motion_generator_msgs/action/detail/joint_via_motion__type_support.hpp
[1.384s] -- Up-to-date symlink: /home/herring/rzddzy/ros2_ws/install/panda_motion_generator_msgs/include/panda_motion_generator_msgs/panda_motion_generator_msgs/action/joint_via_motion.hpp
[1.384s] -- Up-to-date symlink: /home/herring/rzddzy/ros2_ws/install/panda_motion_generator_msgs/include/panda_motion_generator_msgs/panda_motion_generator_msgs/msg/detail/joint_pose__builder.hpp
[1.384s] -- Up-to-date symlink: /home/herring/rzddzy/ros2_ws/install/panda_motion_generator_msgs/include/panda_motion_generator_msgs/panda_motion_generator_msgs/msg/detail/joint_pose__struct.hpp
[1.384s] -- Up-to-date symlink: /home/herring/rzddzy/ros2_ws/install/panda_motion_generator_msgs/include/panda_motion_generator_msgs/panda_motion_generator_msgs/msg/detail/joint_pose__traits.hpp
[1.384s] -- Up-to-date symlink: /home/herring/rzddzy/ros2_ws/install/panda_motion_generator_msgs/include/panda_motion_generator_msgs/panda_motion_generator_msgs/msg/detail/joint_pose__type_support.hpp
[1.384s] -- Up-to-date symlink: /home/herring/rzddzy/ros2_ws/install/panda_motion_generator_msgs/include/panda_motion_generator_msgs/panda_motion_generator_msgs/msg/detail/set_time_scaling__builder.hpp
[1.384s] -- Up-to-date symlink: /home/herring/rzddzy/ros2_ws/install/panda_motion_generator_msgs/include/panda_motion_generator_msgs/panda_motion_generator_msgs/msg/detail/set_time_scaling__struct.hpp
[1.384s] -- Up-to-date symlink: /home/herring/rzddzy/ros2_ws/install/panda_motion_generator_msgs/include/panda_motion_generator_msgs/panda_motion_generator_msgs/msg/detail/set_time_scaling__traits.hpp
[1.384s] -- Up-to-date symlink: /home/herring/rzddzy/ros2_ws/install/panda_motion_generator_msgs/include/panda_motion_generator_msgs/panda_motion_generator_msgs/msg/detail/set_time_scaling__type_support.hpp
[1.384s] -- Up-to-date symlink: /home/herring/rzddzy/ros2_ws/install/panda_motion_generator_msgs/include/panda_motion_generator_msgs/panda_motion_generator_msgs/msg/detail/simple_action_result__builder.hpp
[1.384s] -- Up-to-date symlink: /home/herring/rzddzy/ros2_ws/install/panda_motion_generator_msgs/include/panda_motion_generator_msgs/panda_motion_generator_msgs/msg/detail/simple_action_result__struct.hpp
[1.384s] -- Up-to-date symlink: /home/herring/rzddzy/ros2_ws/install/panda_motion_generator_msgs/include/panda_motion_generator_msgs/panda_motion_generator_msgs/msg/detail/simple_action_result__traits.hpp
[1.384s] -- Up-to-date symlink: /home/herring/rzddzy/ros2_ws/install/panda_motion_generator_msgs/include/panda_motion_generator_msgs/panda_motion_generator_msgs/msg/detail/simple_action_result__type_support.hpp
[1.384s] -- Up-to-date symlink: /home/herring/rzddzy/ros2_ws/install/panda_motion_generator_msgs/include/panda_motion_generator_msgs/panda_motion_generator_msgs/msg/joint_pose.hpp
[1.384s] -- Up-to-date symlink: /home/herring/rzddzy/ros2_ws/install/panda_motion_generator_msgs/include/panda_motion_generator_msgs/panda_motion_generator_msgs/msg/rosidl_generator_cpp__visibility_control.hpp
[1.385s] -- Up-to-date symlink: /home/herring/rzddzy/ros2_ws/install/panda_motion_generator_msgs/include/panda_motion_generator_msgs/panda_motion_generator_msgs/msg/set_time_scaling.hpp
[1.385s] -- Up-to-date symlink: /home/herring/rzddzy/ros2_ws/install/panda_motion_generator_msgs/include/panda_motion_generator_msgs/panda_motion_generator_msgs/msg/simple_action_result.hpp
[1.385s] -- Up-to-date symlink: /home/herring/rzddzy/ros2_ws/install/panda_motion_generator_msgs/include/panda_motion_generator_msgs/panda_motion_generator_msgs/action/detail/cartesian_via_motion__rosidl_typesupport_fastrtps_cpp.hpp
[1.385s] -- Up-to-date symlink: /home/herring/rzddzy/ros2_ws/install/panda_motion_generator_msgs/include/panda_motion_generator_msgs/panda_motion_generator_msgs/action/detail/joint_via_motion__rosidl_typesupport_fastrtps_cpp.hpp
[1.385s] -- Up-to-date symlink: /home/herring/rzddzy/ros2_ws/install/panda_motion_generator_msgs/include/panda_motion_generator_msgs/panda_motion_generator_msgs/msg/detail/joint_pose__rosidl_typesupport_fastrtps_cpp.hpp
[1.385s] -- Up-to-date symlink: /home/herring/rzddzy/ros2_ws/install/panda_motion_generator_msgs/include/panda_motion_generator_msgs/panda_motion_generator_msgs/msg/detail/set_time_scaling__rosidl_typesupport_fastrtps_cpp.hpp
[1.385s] -- Up-to-date symlink: /home/herring/rzddzy/ros2_ws/install/panda_motion_generator_msgs/include/panda_motion_generator_msgs/panda_motion_generator_msgs/msg/detail/simple_action_result__rosidl_typesupport_fastrtps_cpp.hpp
[1.385s] -- Up-to-date symlink: /home/herring/rzddzy/ros2_ws/install/panda_motion_generator_msgs/include/panda_motion_generator_msgs/panda_motion_generator_msgs/msg/rosidl_typesupport_fastrtps_cpp__visibility_control.h
[1.385s] -- Up-to-date symlink: /home/herring/rzddzy/ros2_ws/install/panda_motion_generator_msgs/include/panda_motion_generator_msgs/panda_motion_generator_msgs/action/detail/cartesian_via_motion__rosidl_typesupport_introspection_c.h
[1.385s] -- Up-to-date symlink: /home/herring/rzddzy/ros2_ws/install/panda_motion_generator_msgs/include/panda_motion_generator_msgs/panda_motion_generator_msgs/action/detail/joint_via_motion__rosidl_typesupport_introspection_c.h
[1.386s] -- Up-to-date symlink: /home/herring/rzddzy/ros2_ws/install/panda_motion_generator_msgs/include/panda_motion_generator_msgs/panda_motion_generator_msgs/msg/detail/joint_pose__rosidl_typesupport_introspection_c.h
[1.386s] -- Up-to-date symlink: /home/herring/rzddzy/ros2_ws/install/panda_motion_generator_msgs/include/panda_motion_generator_msgs/panda_motion_generator_msgs/msg/detail/set_time_scaling__rosidl_typesupport_introspection_c.h
[1.386s] -- Up-to-date symlink: /home/herring/rzddzy/ros2_ws/install/panda_motion_generator_msgs/include/panda_motion_generator_msgs/panda_motion_generator_msgs/msg/detail/simple_action_result__rosidl_typesupport_introspection_c.h
[1.386s] -- Up-to-date symlink: /home/herring/rzddzy/ros2_ws/install/panda_motion_generator_msgs/include/panda_motion_generator_msgs/panda_motion_generator_msgs/msg/rosidl_typesupport_introspection_c__visibility_control.h
[1.386s] -- Up-to-date symlink: /home/herring/rzddzy/ros2_ws/install/panda_motion_generator_msgs/include/panda_motion_generator_msgs/panda_motion_generator_msgs/action/detail/cartesian_via_motion__rosidl_typesupport_introspection_cpp.hpp
[1.386s] -- Up-to-date symlink: /home/herring/rzddzy/ros2_ws/install/panda_motion_generator_msgs/include/panda_motion_generator_msgs/panda_motion_generator_msgs/action/detail/joint_via_motion__rosidl_typesupport_introspection_cpp.hpp
[1.386s] -- Up-to-date symlink: /home/herring/rzddzy/ros2_ws/install/panda_motion_generator_msgs/include/panda_motion_generator_msgs/panda_motion_generator_msgs/msg/detail/joint_pose__rosidl_typesupport_introspection_cpp.hpp
[1.386s] -- Up-to-date symlink: /home/herring/rzddzy/ros2_ws/install/panda_motion_generator_msgs/include/panda_motion_generator_msgs/panda_motion_generator_msgs/msg/detail/set_time_scaling__rosidl_typesupport_introspection_cpp.hpp
[1.386s] -- Up-to-date symlink: /home/herring/rzddzy/ros2_ws/install/panda_motion_generator_msgs/include/panda_motion_generator_msgs/panda_motion_generator_msgs/msg/detail/simple_action_result__rosidl_typesupport_introspection_cpp.hpp
[1.386s] -- Up-to-date symlink: /home/herring/rzddzy/ros2_ws/install/panda_motion_generator_msgs/share/panda_motion_generator_msgs/environment/pythonpath.sh
[1.386s] -- Up-to-date symlink: /home/herring/rzddzy/ros2_ws/install/panda_motion_generator_msgs/share/panda_motion_generator_msgs/environment/pythonpath.dsv
[1.386s] -- Up-to-date symlink: /home/herring/rzddzy/ros2_ws/install/panda_motion_generator_msgs/lib/python3.12/site-packages/panda_motion_generator_msgs-0.0.0-py3.12.egg-info/PKG-INFO
[1.387s] -- Up-to-date symlink: /home/herring/rzddzy/ros2_ws/install/panda_motion_generator_msgs/lib/python3.12/site-packages/panda_motion_generator_msgs-0.0.0-py3.12.egg-info/SOURCES.txt
[1.387s] -- Up-to-date symlink: /home/herring/rzddzy/ros2_ws/install/panda_motion_generator_msgs/lib/python3.12/site-packages/panda_motion_generator_msgs-0.0.0-py3.12.egg-info/dependency_links.txt
[1.387s] -- Up-to-date symlink: /home/herring/rzddzy/ros2_ws/install/panda_motion_generator_msgs/lib/python3.12/site-packages/panda_motion_generator_msgs-0.0.0-py3.12.egg-info/top_level.txt
[1.387s] -- Up-to-date symlink: /home/herring/rzddzy/ros2_ws/install/panda_motion_generator_msgs/lib/python3.12/site-packages/panda_motion_generator_msgs/__init__.py
[1.387s] -- Up-to-date symlink: /home/herring/rzddzy/ros2_ws/install/panda_motion_generator_msgs/lib/python3.12/site-packages/panda_motion_generator_msgs/_panda_motion_generator_msgs_s.ep.rosidl_typesupport_c.c
[1.387s] -- Up-to-date symlink: /home/herring/rzddzy/ros2_ws/install/panda_motion_generator_msgs/lib/python3.12/site-packages/panda_motion_generator_msgs/_panda_motion_generator_msgs_s.ep.rosidl_typesupport_fastrtps_c.c
[1.388s] -- Up-to-date symlink: /home/herring/rzddzy/ros2_ws/install/panda_motion_generator_msgs/lib/python3.12/site-packages/panda_motion_generator_msgs/_panda_motion_generator_msgs_s.ep.rosidl_typesupport_introspection_c.c
[1.388s] -- Up-to-date symlink: /home/herring/rzddzy/ros2_ws/install/panda_motion_generator_msgs/lib/python3.12/site-packages/panda_motion_generator_msgs/action/__init__.py
[1.388s] -- Up-to-date symlink: /home/herring/rzddzy/ros2_ws/install/panda_motion_generator_msgs/lib/python3.12/site-packages/panda_motion_generator_msgs/action/_cartesian_via_motion.py
[1.388s] -- Up-to-date symlink: /home/herring/rzddzy/ros2_ws/install/panda_motion_generator_msgs/lib/python3.12/site-packages/panda_motion_generator_msgs/action/_cartesian_via_motion_s.c
[1.388s] -- Up-to-date symlink: /home/herring/rzddzy/ros2_ws/install/panda_motion_generator_msgs/lib/python3.12/site-packages/panda_motion_generator_msgs/action/_joint_via_motion.py
[1.388s] -- Up-to-date symlink: /home/herring/rzddzy/ros2_ws/install/panda_motion_generator_msgs/lib/python3.12/site-packages/panda_motion_generator_msgs/action/_joint_via_motion_s.c
[1.388s] -- Up-to-date symlink: /home/herring/rzddzy/ros2_ws/install/panda_motion_generator_msgs/lib/python3.12/site-packages/panda_motion_generator_msgs/msg/__init__.py
[1.388s] -- Up-to-date symlink: /home/herring/rzddzy/ros2_ws/install/panda_motion_generator_msgs/lib/python3.12/site-packages/panda_motion_generator_msgs/msg/_joint_pose.py
[1.388s] -- Up-to-date symlink: /home/herring/rzddzy/ros2_ws/install/panda_motion_generator_msgs/lib/python3.12/site-packages/panda_motion_generator_msgs/msg/_joint_pose_s.c
[1.388s] -- Up-to-date symlink: /home/herring/rzddzy/ros2_ws/install/panda_motion_generator_msgs/lib/python3.12/site-packages/panda_motion_generator_msgs/msg/_set_time_scaling.py
[1.388s] -- Up-to-date symlink: /home/herring/rzddzy/ros2_ws/install/panda_motion_generator_msgs/lib/python3.12/site-packages/panda_motion_generator_msgs/msg/_set_time_scaling_s.c
[1.388s] -- Up-to-date symlink: /home/herring/rzddzy/ros2_ws/install/panda_motion_generator_msgs/lib/python3.12/site-packages/panda_motion_generator_msgs/msg/_simple_action_result.py
[1.388s] -- Up-to-date symlink: /home/herring/rzddzy/ros2_ws/install/panda_motion_generator_msgs/lib/python3.12/site-packages/panda_motion_generator_msgs/msg/_simple_action_result_s.c
[1.388s] -- Up-to-date symlink: /home/herring/rzddzy/ros2_ws/install/panda_motion_generator_msgs/lib/python3.12/site-packages/panda_motion_generator_msgs/panda_motion_generator_msgs_s__rosidl_typesupport_c.so
[1.388s] -- Up-to-date symlink: /home/herring/rzddzy/ros2_ws/install/panda_motion_generator_msgs/lib/python3.12/site-packages/panda_motion_generator_msgs/panda_motion_generator_msgs_s__rosidl_typesupport_fastrtps_c.so
[1.388s] -- Up-to-date symlink: /home/herring/rzddzy/ros2_ws/install/panda_motion_generator_msgs/lib/python3.12/site-packages/panda_motion_generator_msgs/panda_motion_generator_msgs_s__rosidl_typesupport_introspection_c.so
[1.388s] -- Up-to-date symlink: /home/herring/rzddzy/ros2_ws/install/panda_motion_generator_msgs/lib/python3.12/site-packages/panda_motion_generator_msgs/panda_motion_generator_msgs_s__rosidl_typesupport_fastrtps_c.so
[1.388s] -- Up-to-date symlink: /home/herring/rzddzy/ros2_ws/install/panda_motion_generator_msgs/lib/python3.12/site-packages/panda_motion_generator_msgs/panda_motion_generator_msgs_s__rosidl_typesupport_introspection_c.so
[1.388s] -- Up-to-date symlink: /home/herring/rzddzy/ros2_ws/install/panda_motion_generator_msgs/lib/python3.12/site-packages/panda_motion_generator_msgs/panda_motion_generator_msgs_s__rosidl_typesupport_c.so
[1.389s] -- Up-to-date symlink: /home/herring/rzddzy/ros2_ws/install/panda_motion_generator_msgs/share/panda_motion_generator_msgs/msg/JointPose.idl
[1.389s] -- Up-to-date symlink: /home/herring/rzddzy/ros2_ws/install/panda_motion_generator_msgs/share/panda_motion_generator_msgs/msg/SetTimeScaling.idl
[1.389s] -- Up-to-date symlink: /home/herring/rzddzy/ros2_ws/install/panda_motion_generator_msgs/share/panda_motion_generator_msgs/msg/SimpleActionResult.idl
[1.389s] -- Up-to-date symlink: /home/herring/rzddzy/ros2_ws/install/panda_motion_generator_msgs/share/panda_motion_generator_msgs/action/CartesianViaMotion.idl
[1.389s] -- Up-to-date symlink: /home/herring/rzddzy/ros2_ws/install/panda_motion_generator_msgs/share/panda_motion_generator_msgs/action/JointViaMotion.idl
[1.389s] -- Up-to-date symlink: /home/herring/rzddzy/ros2_ws/install/panda_motion_generator_msgs/share/panda_motion_generator_msgs/msg/JointPose.msg
[1.389s] -- Up-to-date symlink: /home/herring/rzddzy/ros2_ws/install/panda_motion_generator_msgs/share/panda_motion_generator_msgs/msg/SetTimeScaling.msg
[1.389s] -- Up-to-date symlink: /home/herring/rzddzy/ros2_ws/install/panda_motion_generator_msgs/share/panda_motion_generator_msgs/msg/SimpleActionResult.msg
[1.389s] -- Up-to-date symlink: /home/herring/rzddzy/ros2_ws/install/panda_motion_generator_msgs/share/panda_motion_generator_msgs/action/CartesianViaMotion.action
[1.389s] -- Up-to-date symlink: /home/herring/rzddzy/ros2_ws/install/panda_motion_generator_msgs/share/panda_motion_generator_msgs/action/JointViaMotion.action
[1.389s] -- Up-to-date symlink: /home/herring/rzddzy/ros2_ws/install/panda_motion_generator_msgs/share/ament_index/resource_index/package_run_dependencies/panda_motion_generator_msgs
[1.389s] -- Up-to-date symlink: /home/herring/rzddzy/ros2_ws/install/panda_motion_generator_msgs/share/ament_index/resource_index/parent_prefix_path/panda_motion_generator_msgs
[1.389s] -- Up-to-date symlink: /home/herring/rzddzy/ros2_ws/install/panda_motion_generator_msgs/share/panda_motion_generator_msgs/environment/ament_prefix_path.sh
[1.390s] -- Up-to-date symlink: /home/herring/rzddzy/ros2_ws/install/panda_motion_generator_msgs/share/panda_motion_generator_msgs/environment/ament_prefix_path.dsv
[1.390s] -- Up-to-date symlink: /home/herring/rzddzy/ros2_ws/install/panda_motion_generator_msgs/share/panda_motion_generator_msgs/environment/path.sh
[1.390s] -- Up-to-date symlink: /home/herring/rzddzy/ros2_ws/install/panda_motion_generator_msgs/share/panda_motion_generator_msgs/environment/path.dsv
[1.390s] -- Up-to-date symlink: /home/herring/rzddzy/ros2_ws/install/panda_motion_generator_msgs/share/panda_motion_generator_msgs/local_setup.bash
[1.390s] -- Up-to-date symlink: /home/herring/rzddzy/ros2_ws/install/panda_motion_generator_msgs/share/panda_motion_generator_msgs/local_setup.sh
[1.390s] -- Up-to-date symlink: /home/herring/rzddzy/ros2_ws/install/panda_motion_generator_msgs/share/panda_motion_generator_msgs/local_setup.zsh
[1.390s] -- Up-to-date symlink: /home/herring/rzddzy/ros2_ws/install/panda_motion_generator_msgs/share/panda_motion_generator_msgs/local_setup.dsv
[1.390s] -- Symlinking: /home/herring/rzddzy/ros2_ws/install/panda_motion_generator_msgs/share/panda_motion_generator_msgs/package.dsv
[1.399s] -- Up-to-date symlink: /home/herring/rzddzy/ros2_ws/install/panda_motion_generator_msgs/share/ament_index/resource_index/packages/panda_motion_generator_msgs
[1.399s] -- Up-to-date symlink: /home/herring/rzddzy/ros2_ws/install/panda_motion_generator_msgs/share/panda_motion_generator_msgs/cmake/rosidl_cmake-extras.cmake
[1.399s] -- Up-to-date symlink: /home/herring/rzddzy/ros2_ws/install/panda_motion_generator_msgs/share/panda_motion_generator_msgs/cmake/ament_cmake_export_dependencies-extras.cmake
[1.399s] -- Up-to-date symlink: /home/herring/rzddzy/ros2_ws/install/panda_motion_generator_msgs/share/panda_motion_generator_msgs/cmake/ament_cmake_export_include_directories-extras.cmake
[1.399s] -- Up-to-date symlink: /home/herring/rzddzy/ros2_ws/install/panda_motion_generator_msgs/share/panda_motion_generator_msgs/cmake/ament_cmake_export_libraries-extras.cmake
[1.399s] -- Up-to-date symlink: /home/herring/rzddzy/ros2_ws/install/panda_motion_generator_msgs/share/panda_motion_generator_msgs/cmake/ament_cmake_export_targets-extras.cmake
[1.400s] -- Up-to-date symlink: /home/herring/rzddzy/ros2_ws/install/panda_motion_generator_msgs/share/panda_motion_generator_msgs/cmake/rosidl_cmake_export_typesupport_targets-extras.cmake
[1.400s] -- Up-to-date symlink: /home/herring/rzddzy/ros2_ws/install/panda_motion_generator_msgs/share/panda_motion_generator_msgs/cmake/rosidl_cmake_export_typesupport_libraries-extras.cmake
[1.400s] -- Up-to-date symlink: /home/herring/rzddzy/ros2_ws/install/panda_motion_generator_msgs/share/panda_motion_generator_msgs/cmake/panda_motion_generator_msgsConfig.cmake
[1.400s] -- Up-to-date symlink: /home/herring/rzddzy/ros2_ws/install/panda_motion_generator_msgs/share/panda_motion_generator_msgs/cmake/panda_motion_generator_msgsConfig-version.cmake
[1.400s] -- Up-to-date symlink: /home/herring/rzddzy/ros2_ws/install/panda_motion_generator_msgs/share/panda_motion_generator_msgs/package.xml
[1.400s] -- Up-to-date: /home/herring/rzddzy/ros2_ws/install/panda_motion_generator_msgs/lib/libpanda_motion_generator_msgs__rosidl_generator_c.so
[1.400s] -- Up-to-date: /home/herring/rzddzy/ros2_ws/install/panda_motion_generator_msgs/lib/libpanda_motion_generator_msgs__rosidl_typesupport_fastrtps_c.so
[1.401s] -- Up-to-date: /home/herring/rzddzy/ros2_ws/install/panda_motion_generator_msgs/lib/libpanda_motion_generator_msgs__rosidl_typesupport_fastrtps_cpp.so
[1.401s] -- Up-to-date: /home/herring/rzddzy/ros2_ws/install/panda_motion_generator_msgs/lib/libpanda_motion_generator_msgs__rosidl_typesupport_introspection_c.so
[1.401s] -- Up-to-date: /home/herring/rzddzy/ros2_ws/install/panda_motion_generator_msgs/lib/libpanda_motion_generator_msgs__rosidl_typesupport_c.so
[1.401s] -- Up-to-date: /home/herring/rzddzy/ros2_ws/install/panda_motion_generator_msgs/lib/libpanda_motion_generator_msgs__rosidl_typesupport_introspection_cpp.so
[1.401s] -- Up-to-date: /home/herring/rzddzy/ros2_ws/install/panda_motion_generator_msgs/lib/libpanda_motion_generator_msgs__rosidl_typesupport_cpp.so
[1.435s] Listing '/home/herring/rzddzy/ros2_ws/install/panda_motion_generator_msgs/lib/python3.12/site-packages/panda_motion_generator_msgs'...
[1.435s] Compiling '/home/herring/rzddzy/ros2_ws/install/panda_motion_generator_msgs/lib/python3.12/site-packages/panda_motion_generator_msgs/__init__.py'...
[1.435s] Listing '/home/herring/rzddzy/ros2_ws/install/panda_motion_generator_msgs/lib/python3.12/site-packages/panda_motion_generator_msgs/action'...
[1.435s] Listing '/home/herring/rzddzy/ros2_ws/install/panda_motion_generator_msgs/lib/python3.12/site-packages/panda_motion_generator_msgs/msg'...
[1.441s] -- Up-to-date: /home/herring/rzddzy/ros2_ws/install/panda_motion_generator_msgs/lib/libpanda_motion_generator_msgs__rosidl_generator_py.so
[1.441s] -- Up-to-date: /home/herring/rzddzy/ros2_ws/install/panda_motion_generator_msgs/share/panda_motion_generator_msgs/cmake/export_panda_motion_generator_msgs__rosidl_generator_cExport.cmake
[1.441s] -- Up-to-date: /home/herring/rzddzy/ros2_ws/install/panda_motion_generator_msgs/share/panda_motion_generator_msgs/cmake/export_panda_motion_generator_msgs__rosidl_generator_cExport-noconfig.cmake
[1.441s] -- Up-to-date: /home/herring/rzddzy/ros2_ws/install/panda_motion_generator_msgs/share/panda_motion_generator_msgs/cmake/export_panda_motion_generator_msgs__rosidl_typesupport_fastrtps_cExport.cmake
[1.441s] -- Up-to-date: /home/herring/rzddzy/ros2_ws/install/panda_motion_generator_msgs/share/panda_motion_generator_msgs/cmake/export_panda_motion_generator_msgs__rosidl_typesupport_fastrtps_cExport-noconfig.cmake
[1.441s] -- Up-to-date: /home/herring/rzddzy/ros2_ws/install/panda_motion_generator_msgs/share/panda_motion_generator_msgs/cmake/export_panda_motion_generator_msgs__rosidl_generator_cppExport.cmake
[1.441s] -- Up-to-date: /home/herring/rzddzy/ros2_ws/install/panda_motion_generator_msgs/share/panda_motion_generator_msgs/cmake/export_panda_motion_generator_msgs__rosidl_typesupport_fastrtps_cppExport.cmake
[1.441s] -- Up-to-date: /home/herring/rzddzy/ros2_ws/install/panda_motion_generator_msgs/share/panda_motion_generator_msgs/cmake/export_panda_motion_generator_msgs__rosidl_typesupport_fastrtps_cppExport-noconfig.cmake
[1.441s] -- Up-to-date: /home/herring/rzddzy/ros2_ws/install/panda_motion_generator_msgs/share/panda_motion_generator_msgs/cmake/panda_motion_generator_msgs__rosidl_typesupport_introspection_cExport.cmake
[1.441s] -- Up-to-date: /home/herring/rzddzy/ros2_ws/install/panda_motion_generator_msgs/share/panda_motion_generator_msgs/cmake/panda_motion_generator_msgs__rosidl_typesupport_introspection_cExport-noconfig.cmake
[1.441s] -- Up-to-date: /home/herring/rzddzy/ros2_ws/install/panda_motion_generator_msgs/share/panda_motion_generator_msgs/cmake/panda_motion_generator_msgs__rosidl_typesupport_cExport.cmake
[1.441s] -- Up-to-date: /home/herring/rzddzy/ros2_ws/install/panda_motion_generator_msgs/share/panda_motion_generator_msgs/cmake/panda_motion_generator_msgs__rosidl_typesupport_cExport-noconfig.cmake
[1.441s] -- Up-to-date: /home/herring/rzddzy/ros2_ws/install/panda_motion_generator_msgs/share/panda_motion_generator_msgs/cmake/panda_motion_generator_msgs__rosidl_typesupport_introspection_cppExport.cmake
[1.442s] -- Up-to-date: /home/herring/rzddzy/ros2_ws/install/panda_motion_generator_msgs/share/panda_motion_generator_msgs/cmake/panda_motion_generator_msgs__rosidl_typesupport_introspection_cppExport-noconfig.cmake
[1.442s] -- Up-to-date: /home/herring/rzddzy/ros2_ws/install/panda_motion_generator_msgs/share/panda_motion_generator_msgs/cmake/panda_motion_generator_msgs__rosidl_typesupport_cppExport.cmake
[1.442s] -- Up-to-date: /home/herring/rzddzy/ros2_ws/install/panda_motion_generator_msgs/share/panda_motion_generator_msgs/cmake/panda_motion_generator_msgs__rosidl_typesupport_cppExport-noconfig.cmake
[1.442s] -- Up-to-date: /home/herring/rzddzy/ros2_ws/install/panda_motion_generator_msgs/share/panda_motion_generator_msgs/cmake/export_panda_motion_generator_msgs__rosidl_generator_pyExport.cmake
[1.442s] -- Up-to-date: /home/herring/rzddzy/ros2_ws/install/panda_motion_generator_msgs/share/panda_motion_generator_msgs/cmake/export_panda_motion_generator_msgs__rosidl_generator_pyExport-noconfig.cmake
[1.444s] Invoked command in '/home/herring/rzddzy/ros2_ws/build/panda_motion_generator_msgs' returned '0': CMAKE_PREFIX_PATH=${CMAKE_PREFIX_PATH}:/opt/ros/jazzy DEBUGINFOD_URLS=https://debuginfod.ubuntu.com /usr/bin/cmake --install /home/herring/rzddzy/ros2_ws/build/panda_motion_generator_msgs
