[0.006s] Invoking command in '/home/herring/rzddzy/ros2_ws/build/controller': AMENT_PREFIX_PATH=/home/herring/rzddzy/ros2_ws/install/cplus_dev:${AMENT_PREFIX_PATH} CMAKE_PREFIX_PATH=/home/herring/rzddzy/ros2_ws/install/cplus_dev:/opt/ros/jazzy/opt/sdformat_vendor:/opt/ros/jazzy/opt/gz_math_vendor:/opt/ros/jazzy/opt/gz_utils_vendor:/opt/ros/jazzy/opt/gz_tools_vendor:/opt/ros/jazzy/opt/gz_cmake_vendor:/opt/ros/jazzy DEBUGINFOD_URLS=https://debuginfod.ubuntu.com LD_LIBRARY_PATH=/home/herring/rzddzy/ros2_ws/install/cplus_dev/lib:${LD_LIBRARY_PATH} /usr/bin/cmake --build /home/herring/rzddzy/ros2_ws/build/controller -- -j28 -l28
[0.057s] [ 25%] Built target gbp_mpc_controller
[0.058s] [ 62%] Built target buffer_controller
[0.060s] [100%] Built target ssa_controller
[0.068s] Invoked command in '/home/herring/rzddzy/ros2_ws/build/controller' returned '0': AMENT_PREFIX_PATH=/home/herring/rzddzy/ros2_ws/install/cplus_dev:${AMENT_PREFIX_PATH} CMAKE_PREFIX_PATH=/home/herring/rzddzy/ros2_ws/install/cplus_dev:/opt/ros/jazzy/opt/sdformat_vendor:/opt/ros/jazzy/opt/gz_math_vendor:/opt/ros/jazzy/opt/gz_utils_vendor:/opt/ros/jazzy/opt/gz_tools_vendor:/opt/ros/jazzy/opt/gz_cmake_vendor:/opt/ros/jazzy DEBUGINFOD_URLS=https://debuginfod.ubuntu.com LD_LIBRARY_PATH=/home/herring/rzddzy/ros2_ws/install/cplus_dev/lib:${LD_LIBRARY_PATH} /usr/bin/cmake --build /home/herring/rzddzy/ros2_ws/build/controller -- -j28 -l28
[0.069s] Invoking command in '/home/herring/rzddzy/ros2_ws/build/controller': AMENT_PREFIX_PATH=/home/herring/rzddzy/ros2_ws/install/cplus_dev:${AMENT_PREFIX_PATH} CMAKE_PREFIX_PATH=/home/herring/rzddzy/ros2_ws/install/cplus_dev:/opt/ros/jazzy/opt/sdformat_vendor:/opt/ros/jazzy/opt/gz_math_vendor:/opt/ros/jazzy/opt/gz_utils_vendor:/opt/ros/jazzy/opt/gz_tools_vendor:/opt/ros/jazzy/opt/gz_cmake_vendor:/opt/ros/jazzy DEBUGINFOD_URLS=https://debuginfod.ubuntu.com LD_LIBRARY_PATH=/home/herring/rzddzy/ros2_ws/install/cplus_dev/lib:${LD_LIBRARY_PATH} /usr/bin/cmake --install /home/herring/rzddzy/ros2_ws/build/controller
[0.075s] -- Install configuration: "Release"
[0.075s] -- Execute custom install script
[0.075s] -- Up-to-date symlink: /home/herring/rzddzy/ros2_ws/install/controller/lib/controller/buffer_controller
[0.075s] -- Up-to-date symlink: /home/herring/rzddzy/ros2_ws/install/controller/lib/controller/ssa_controller
[0.075s] -- Up-to-date symlink: /home/herring/rzddzy/ros2_ws/install/controller/lib/controller/gbp_mpc_controller
[0.075s] -- Up-to-date symlink: /home/herring/rzddzy/ros2_ws/install/controller/share/controller/config/MRGBP.yaml
[0.075s] -- Up-to-date symlink: /home/herring/rzddzy/ros2_ws/install/controller/share/controller/config/franka_sphere.yaml
[0.076s] -- Up-to-date symlink: /home/herring/rzddzy/ros2_ws/install/controller/share/controller/config/gbp_mpc_params.yaml
[0.076s] -- Up-to-date symlink: /home/herring/rzddzy/ros2_ws/install/controller/share/ament_index/resource_index/package_run_dependencies/controller
[0.076s] -- Up-to-date symlink: /home/herring/rzddzy/ros2_ws/install/controller/share/ament_index/resource_index/parent_prefix_path/controller
[0.076s] -- Up-to-date symlink: /home/herring/rzddzy/ros2_ws/install/controller/share/controller/environment/ament_prefix_path.sh
[0.076s] -- Up-to-date symlink: /home/herring/rzddzy/ros2_ws/install/controller/share/controller/environment/ament_prefix_path.dsv
[0.076s] -- Up-to-date symlink: /home/herring/rzddzy/ros2_ws/install/controller/share/controller/environment/path.sh
[0.076s] -- Up-to-date symlink: /home/herring/rzddzy/ros2_ws/install/controller/share/controller/environment/path.dsv
[0.076s] -- Up-to-date symlink: /home/herring/rzddzy/ros2_ws/install/controller/share/controller/local_setup.bash
[0.076s] -- Up-to-date symlink: /home/herring/rzddzy/ros2_ws/install/controller/share/controller/local_setup.sh
[0.076s] -- Up-to-date symlink: /home/herring/rzddzy/ros2_ws/install/controller/share/controller/local_setup.zsh
[0.076s] -- Up-to-date symlink: /home/herring/rzddzy/ros2_ws/install/controller/share/controller/local_setup.dsv
[0.076s] -- Symlinking: /home/herring/rzddzy/ros2_ws/install/controller/share/controller/package.dsv
[0.081s] -- Up-to-date symlink: /home/herring/rzddzy/ros2_ws/install/controller/share/ament_index/resource_index/packages/controller
[0.081s] -- Up-to-date symlink: /home/herring/rzddzy/ros2_ws/install/controller/share/controller/cmake/controllerConfig.cmake
[0.082s] -- Up-to-date symlink: /home/herring/rzddzy/ros2_ws/install/controller/share/controller/cmake/controllerConfig-version.cmake
[0.082s] -- Up-to-date symlink: /home/herring/rzddzy/ros2_ws/install/controller/share/controller/package.xml
[0.082s] -- Up-to-date: /home/herring/rzddzy/ros2_ws/install/controller/include/controller
[0.082s] -- Up-to-date: /home/herring/rzddzy/ros2_ws/install/controller/include/controller/controller
[0.082s] -- Up-to-date: /home/herring/rzddzy/ros2_ws/install/controller/include/controller/controller/buffer_controller.h
[0.083s] Invoked command in '/home/herring/rzddzy/ros2_ws/build/controller' returned '0': AMENT_PREFIX_PATH=/home/herring/rzddzy/ros2_ws/install/cplus_dev:${AMENT_PREFIX_PATH} CMAKE_PREFIX_PATH=/home/herring/rzddzy/ros2_ws/install/cplus_dev:/opt/ros/jazzy/opt/sdformat_vendor:/opt/ros/jazzy/opt/gz_math_vendor:/opt/ros/jazzy/opt/gz_utils_vendor:/opt/ros/jazzy/opt/gz_tools_vendor:/opt/ros/jazzy/opt/gz_cmake_vendor:/opt/ros/jazzy DEBUGINFOD_URLS=https://debuginfod.ubuntu.com LD_LIBRARY_PATH=/home/herring/rzddzy/ros2_ws/install/cplus_dev/lib:${LD_LIBRARY_PATH} /usr/bin/cmake --install /home/herring/rzddzy/ros2_ws/build/controller
