-- The C compiler identification is GNU 13.3.0
-- The CXX compiler identification is GNU 13.3.0
-- Detecting C compiler ABI info
-- Detecting C compiler ABI info - done
-- Check for working C compiler: /usr/bin/cc - skipped
-- Detecting C compile features
-- Detecting C compile features - done
-- Detecting CXX compiler ABI info
-- Detecting CXX compiler ABI info - done
-- Check for working CXX compiler: /usr/bin/c++ - skipped
-- Detecting CXX compile features
-- Detecting CXX compile features - done
-- Found ament_cmake: 2.5.5 (/opt/ros/jazzy/share/ament_cmake/cmake)
-- Found Python3: /usr/bin/python3 (found version "3.12.3") found components: Interpreter 
-- Override CMake install command with custom implementation using symlinks instead of copying resources
-- Found rosidl_default_generators: 1.6.0 (/opt/ros/jazzy/share/rosidl_default_generators/cmake)
-- Using all available rosidl_typesupport_c: rosidl_typesupport_fastrtps_c;rosidl_typesupport_introspection_c
-- Using all available rosidl_typesupport_cpp: rosidl_typesupport_fastrtps_cpp;rosidl_typesupport_introspection_cpp
-- Found rosidl_adapter: 4.6.7 (/opt/ros/jazzy/share/rosidl_adapter/cmake)
-- Found std_msgs: 5.3.6 (/opt/ros/jazzy/share/std_msgs/cmake)
-- Found geometry_msgs: 5.3.6 (/opt/ros/jazzy/share/geometry_msgs/cmake)
-- Found action_msgs: 2.0.3 (/opt/ros/jazzy/share/action_msgs/cmake)
-- Found ament_cmake_ros: 0.12.0 (/opt/ros/jazzy/share/ament_cmake_ros/cmake)
-- Using all available rosidl_typesupport_c: rosidl_typesupport_fastrtps_c;rosidl_typesupport_introspection_c
-- Using all available rosidl_typesupport_cpp: rosidl_typesupport_fastrtps_cpp;rosidl_typesupport_introspection_cpp
-- Found python_cmake_module: 0.11.1 (/opt/ros/jazzy/share/python_cmake_module/cmake)
-- Found PythonExtra: /usr/bin/python3  
-- Found Python3: /usr/bin/python3 (found version "3.12.3") found components: Interpreter Development NumPy Development.Module Development.Embed 
-- Found ament_lint_auto: 0.17.4 (/opt/ros/jazzy/share/ament_lint_auto/cmake)
-- Added test 'copyright' to check source files copyright and LICENSE
-- Added test 'lint_cmake' to check CMake code style
-- Added test 'xmllint' to check XML markup files
-- Configuring done (3.4s)
-- Generating done (0.1s)
-- Build files have been written to: /home/herring/rzddzy/build/franka_msgs
[  1%] [34m[1mGenerating type hashes for ROS interfaces[0m
[  1%] Built target ament_cmake_python_symlink_franka_msgs
running egg_info
creating franka_msgs.egg-info
writing franka_msgs.egg-info/PKG-INFO
writing dependency_links to franka_msgs.egg-info/dependency_links.txt
writing top-level names to franka_msgs.egg-info/top_level.txt
writing manifest file 'franka_msgs.egg-info/SOURCES.txt'
reading manifest file 'franka_msgs.egg-info/SOURCES.txt'
writing manifest file 'franka_msgs.egg-info/SOURCES.txt'
[  1%] Built target ament_cmake_python_build_franka_msgs_egg
[  1%] Built target franka_msgs__rosidl_generator_type_description
[  1%] [34m[1mGenerating C code for ROS interfaces[0m
[  1%] [34m[1mGenerating C++ code for ROS interfaces[0m
[  1%] Built target franka_msgs__cpp
[  2%] [32mBuilding C object CMakeFiles/franka_msgs__rosidl_generator_c.dir/rosidl_generator_c/franka_msgs/msg/detail/grasp_epsilon__description.c.o[0m
[  3%] [32mBuilding C object CMakeFiles/franka_msgs__rosidl_generator_c.dir/rosidl_generator_c/franka_msgs/msg/detail/franka_state__functions.c.o[0m
[  4%] [32mBuilding C object CMakeFiles/franka_msgs__rosidl_generator_c.dir/rosidl_generator_c/franka_msgs/msg/detail/grasp_epsilon__type_support.c.o[0m
[  4%] [32mBuilding C object CMakeFiles/franka_msgs__rosidl_generator_c.dir/rosidl_generator_c/franka_msgs/msg/detail/franka_model__functions.c.o[0m
[  5%] [32mBuilding C object CMakeFiles/franka_msgs__rosidl_generator_c.dir/rosidl_generator_c/franka_msgs/msg/detail/franka_model__description.c.o[0m
[  5%] [32mBuilding C object CMakeFiles/franka_msgs__rosidl_generator_c.dir/rosidl_generator_c/franka_msgs/msg/detail/errors__description.c.o[0m
[  6%] [32mBuilding C object CMakeFiles/franka_msgs__rosidl_generator_c.dir/rosidl_generator_c/franka_msgs/msg/detail/franka_model__type_support.c.o[0m
[  7%] [32mBuilding C object CMakeFiles/franka_msgs__rosidl_generator_c.dir/rosidl_generator_c/franka_msgs/msg/detail/errors__functions.c.o[0m
[  7%] [32mBuilding C object CMakeFiles/franka_msgs__rosidl_generator_c.dir/rosidl_generator_c/franka_msgs/msg/detail/grasp_epsilon__functions.c.o[0m
[  7%] [32mBuilding C object CMakeFiles/franka_msgs__rosidl_generator_c.dir/rosidl_generator_c/franka_msgs/msg/detail/franka_state__type_support.c.o[0m
[  7%] [32mBuilding C object CMakeFiles/franka_msgs__rosidl_generator_c.dir/rosidl_generator_c/franka_msgs/msg/detail/franka_state__description.c.o[0m
[  7%] [32mBuilding C object CMakeFiles/franka_msgs__rosidl_generator_c.dir/rosidl_generator_c/franka_msgs/msg/detail/errors__type_support.c.o[0m
[  8%] [32mBuilding C object CMakeFiles/franka_msgs__rosidl_generator_c.dir/rosidl_generator_c/franka_msgs/action/detail/grasp__functions.c.o[0m
[  9%] [32mBuilding C object CMakeFiles/franka_msgs__rosidl_generator_c.dir/rosidl_generator_c/franka_msgs/msg/detail/pose_stamped_array__description.c.o[0m
[  9%] [32mBuilding C object CMakeFiles/franka_msgs__rosidl_generator_c.dir/rosidl_generator_c/franka_msgs/action/detail/grasp__description.c.o[0m
[ 10%] [32mBuilding C object CMakeFiles/franka_msgs__rosidl_generator_c.dir/rosidl_generator_c/franka_msgs/msg/detail/pose_stamped_array__type_support.c.o[0m
[ 11%] [32mBuilding C object CMakeFiles/franka_msgs__rosidl_generator_c.dir/rosidl_generator_c/franka_msgs/action/detail/homing__type_support.c.o[0m
[ 11%] [32mBuilding C object CMakeFiles/franka_msgs__rosidl_generator_c.dir/rosidl_generator_c/franka_msgs/action/detail/grasp__type_support.c.o[0m
[ 12%] [32mBuilding C object CMakeFiles/franka_msgs__rosidl_generator_c.dir/rosidl_generator_c/franka_msgs/action/detail/homing__functions.c.o[0m
[ 12%] [32mBuilding C object CMakeFiles/franka_msgs__rosidl_generator_c.dir/rosidl_generator_c/franka_msgs/action/detail/homing__description.c.o[0m
[ 12%] [32mBuilding C object CMakeFiles/franka_msgs__rosidl_generator_c.dir/rosidl_generator_c/franka_msgs/action/detail/move__description.c.o[0m
[ 12%] [32mBuilding C object CMakeFiles/franka_msgs__rosidl_generator_c.dir/rosidl_generator_c/franka_msgs/msg/detail/pose_stamped_array__functions.c.o[0m
[ 13%] [32mBuilding C object CMakeFiles/franka_msgs__rosidl_generator_c.dir/rosidl_generator_c/franka_msgs/action/detail/move__functions.c.o[0m
[ 13%] [32mBuilding C object CMakeFiles/franka_msgs__rosidl_generator_c.dir/rosidl_generator_c/franka_msgs/srv/detail/error_recovery__functions.c.o[0m
[ 14%] [32mBuilding C object CMakeFiles/franka_msgs__rosidl_generator_c.dir/rosidl_generator_c/franka_msgs/srv/detail/error_recovery__type_support.c.o[0m
[ 15%] [32mBuilding C object CMakeFiles/franka_msgs__rosidl_generator_c.dir/rosidl_generator_c/franka_msgs/srv/detail/error_recovery__description.c.o[0m
[ 15%] [32mBuilding C object CMakeFiles/franka_msgs__rosidl_generator_c.dir/rosidl_generator_c/franka_msgs/action/detail/move__type_support.c.o[0m
[ 15%] [32mBuilding C object CMakeFiles/franka_msgs__rosidl_generator_c.dir/rosidl_generator_c/franka_msgs/srv/detail/set_cartesian_stiffness__description.c.o[0m
[ 16%] [32mBuilding C object CMakeFiles/franka_msgs__rosidl_generator_c.dir/rosidl_generator_c/franka_msgs/srv/detail/set_cartesian_stiffness__functions.c.o[0m
[ 17%] [32mBuilding C object CMakeFiles/franka_msgs__rosidl_generator_c.dir/rosidl_generator_c/franka_msgs/srv/detail/set_cartesian_stiffness__type_support.c.o[0m
[ 17%] [32mBuilding C object CMakeFiles/franka_msgs__rosidl_generator_c.dir/rosidl_generator_c/franka_msgs/srv/detail/set_tcp_frame__description.c.o[0m
[ 18%] [32mBuilding C object CMakeFiles/franka_msgs__rosidl_generator_c.dir/rosidl_generator_c/franka_msgs/srv/detail/set_tcp_frame__functions.c.o[0m
[ 19%] [32mBuilding C object CMakeFiles/franka_msgs__rosidl_generator_c.dir/rosidl_generator_c/franka_msgs/srv/detail/set_force_torque_collision_behavior__description.c.o[0m
[ 19%] [32mBuilding C object CMakeFiles/franka_msgs__rosidl_generator_c.dir/rosidl_generator_c/franka_msgs/srv/detail/set_tcp_frame__type_support.c.o[0m
[ 19%] [32mBuilding C object CMakeFiles/franka_msgs__rosidl_generator_c.dir/rosidl_generator_c/franka_msgs/srv/detail/set_force_torque_collision_behavior__functions.c.o[0m
[ 19%] [32mBuilding C object CMakeFiles/franka_msgs__rosidl_generator_c.dir/rosidl_generator_c/franka_msgs/srv/detail/set_full_collision_behavior__description.c.o[0m
[ 20%] [32mBuilding C object CMakeFiles/franka_msgs__rosidl_generator_c.dir/rosidl_generator_c/franka_msgs/srv/detail/set_force_torque_collision_behavior__type_support.c.o[0m
[ 21%] [32mBuilding C object CMakeFiles/franka_msgs__rosidl_generator_c.dir/rosidl_generator_c/franka_msgs/srv/detail/set_full_collision_behavior__functions.c.o[0m
[ 22%] [32mBuilding C object CMakeFiles/franka_msgs__rosidl_generator_c.dir/rosidl_generator_c/franka_msgs/srv/detail/set_joint_stiffness__description.c.o[0m
[ 22%] [32mBuilding C object CMakeFiles/franka_msgs__rosidl_generator_c.dir/rosidl_generator_c/franka_msgs/srv/detail/set_full_collision_behavior__type_support.c.o[0m
[ 23%] [32mBuilding C object CMakeFiles/franka_msgs__rosidl_generator_c.dir/rosidl_generator_c/franka_msgs/srv/detail/set_stiffness_frame__functions.c.o[0m
[ 23%] [32mBuilding C object CMakeFiles/franka_msgs__rosidl_generator_c.dir/rosidl_generator_c/franka_msgs/srv/detail/set_load__functions.c.o[0m
[ 24%] [32mBuilding C object CMakeFiles/franka_msgs__rosidl_generator_c.dir/rosidl_generator_c/franka_msgs/srv/detail/set_joint_stiffness__type_support.c.o[0m
[ 24%] [32mBuilding C object CMakeFiles/franka_msgs__rosidl_generator_c.dir/rosidl_generator_c/franka_msgs/srv/detail/set_stiffness_frame__description.c.o[0m
[ 24%] [32mBuilding C object CMakeFiles/franka_msgs__rosidl_generator_c.dir/rosidl_generator_c/franka_msgs/srv/detail/set_joint_stiffness__functions.c.o[0m
[ 25%] [32mBuilding C object CMakeFiles/franka_msgs__rosidl_generator_c.dir/rosidl_generator_c/franka_msgs/srv/detail/set_load__description.c.o[0m
[ 25%] [32mBuilding C object CMakeFiles/franka_msgs__rosidl_generator_c.dir/rosidl_generator_c/franka_msgs/srv/detail/set_stiffness_frame__type_support.c.o[0m
[ 25%] [32mBuilding C object CMakeFiles/franka_msgs__rosidl_generator_c.dir/rosidl_generator_c/franka_msgs/srv/detail/set_mujoco_poses__description.c.o[0m
[ 26%] [32mBuilding C object CMakeFiles/franka_msgs__rosidl_generator_c.dir/rosidl_generator_c/franka_msgs/srv/detail/set_mujoco_poses__functions.c.o[0m
[ 27%] [32mBuilding C object CMakeFiles/franka_msgs__rosidl_generator_c.dir/rosidl_generator_c/franka_msgs/srv/detail/set_load__type_support.c.o[0m
[ 27%] [32mBuilding C object CMakeFiles/franka_msgs__rosidl_generator_c.dir/rosidl_generator_c/franka_msgs/srv/detail/set_mujoco_poses__type_support.c.o[0m
[ 28%] [32m[1mLinking C shared library libfranka_msgs__rosidl_generator_c.so[0m
[ 28%] Built target franka_msgs__rosidl_generator_c
[ 28%] [34m[1mGenerating C type support dispatch for ROS interfaces[0m
[ 31%] [34m[1mGenerating C++ type support for eProsima Fast-RTPS[0m
[ 31%] [34m[1mGenerating C type support for eProsima Fast-RTPS[0m
[ 31%] [34m[1mGenerating C++ type support dispatch for ROS interfaces[0m
[ 31%] [34m[1mGenerating C introspection for ROS interfaces[0m
[ 31%] [34m[1mGenerating C++ introspection for ROS interfaces[0m
[ 32%] [32mBuilding CXX object CMakeFiles/franka_msgs__rosidl_typesupport_c.dir/rosidl_typesupport_c/franka_msgs/msg/grasp_epsilon__type_support.cpp.o[0m
[ 32%] [32mBuilding CXX object CMakeFiles/franka_msgs__rosidl_typesupport_c.dir/rosidl_typesupport_c/franka_msgs/msg/franka_state__type_support.cpp.o[0m
[ 32%] [32mBuilding CXX object CMakeFiles/franka_msgs__rosidl_typesupport_c.dir/rosidl_typesupport_c/franka_msgs/msg/errors__type_support.cpp.o[0m
[ 32%] [32mBuilding CXX object CMakeFiles/franka_msgs__rosidl_typesupport_c.dir/rosidl_typesupport_c/franka_msgs/action/grasp__type_support.cpp.o[0m
[ 33%] [32mBuilding CXX object CMakeFiles/franka_msgs__rosidl_typesupport_c.dir/rosidl_typesupport_c/franka_msgs/msg/pose_stamped_array__type_support.cpp.o[0m
[ 33%] [32mBuilding CXX object CMakeFiles/franka_msgs__rosidl_typesupport_c.dir/rosidl_typesupport_c/franka_msgs/action/move__type_support.cpp.o[0m
[ 33%] [32mBuilding CXX object CMakeFiles/franka_msgs__rosidl_typesupport_c.dir/rosidl_typesupport_c/franka_msgs/srv/set_cartesian_stiffness__type_support.cpp.o[0m
[ 34%] [32mBuilding CXX object CMakeFiles/franka_msgs__rosidl_typesupport_c.dir/rosidl_typesupport_c/franka_msgs/action/homing__type_support.cpp.o[0m
[ 35%] [32mBuilding CXX object CMakeFiles/franka_msgs__rosidl_typesupport_c.dir/rosidl_typesupport_c/franka_msgs/msg/franka_model__type_support.cpp.o[0m
[ 36%] [32mBuilding CXX object CMakeFiles/franka_msgs__rosidl_typesupport_c.dir/rosidl_typesupport_c/franka_msgs/srv/error_recovery__type_support.cpp.o[0m
[ 37%] [32mBuilding CXX object CMakeFiles/franka_msgs__rosidl_typesupport_c.dir/rosidl_typesupport_c/franka_msgs/srv/set_full_collision_behavior__type_support.cpp.o[0m
[ 38%] [32mBuilding CXX object CMakeFiles/franka_msgs__rosidl_typesupport_c.dir/rosidl_typesupport_c/franka_msgs/srv/set_tcp_frame__type_support.cpp.o[0m
[ 38%] [32mBuilding CXX object CMakeFiles/franka_msgs__rosidl_typesupport_c.dir/rosidl_typesupport_c/franka_msgs/srv/set_joint_stiffness__type_support.cpp.o[0m
[ 39%] [32mBuilding CXX object CMakeFiles/franka_msgs__rosidl_typesupport_c.dir/rosidl_typesupport_c/franka_msgs/srv/set_stiffness_frame__type_support.cpp.o[0m
[ 38%] [32mBuilding CXX object CMakeFiles/franka_msgs__rosidl_typesupport_c.dir/rosidl_typesupport_c/franka_msgs/srv/set_force_torque_collision_behavior__type_support.cpp.o[0m
[ 39%] [32mBuilding CXX object CMakeFiles/franka_msgs__rosidl_typesupport_c.dir/rosidl_typesupport_c/franka_msgs/srv/set_load__type_support.cpp.o[0m
[ 40%] [32mBuilding CXX object CMakeFiles/franka_msgs__rosidl_typesupport_c.dir/rosidl_typesupport_c/franka_msgs/srv/set_mujoco_poses__type_support.cpp.o[0m
[ 40%] [32m[1mLinking CXX shared library libfranka_msgs__rosidl_typesupport_c.so[0m
[ 40%] Built target franka_msgs__rosidl_typesupport_c
[ 41%] [32mBuilding CXX object CMakeFiles/franka_msgs__rosidl_typesupport_introspection_cpp.dir/rosidl_typesupport_introspection_cpp/franka_msgs/msg/detail/grasp_epsilon__type_support.cpp.o[0m
[ 41%] [32mBuilding CXX object CMakeFiles/franka_msgs__rosidl_typesupport_introspection_cpp.dir/rosidl_typesupport_introspection_cpp/franka_msgs/msg/detail/franka_state__type_support.cpp.o[0m
[ 42%] [32mBuilding CXX object CMakeFiles/franka_msgs__rosidl_typesupport_introspection_cpp.dir/rosidl_typesupport_introspection_cpp/franka_msgs/msg/detail/franka_model__type_support.cpp.o[0m
[ 43%] [32mBuilding CXX object CMakeFiles/franka_msgs__rosidl_typesupport_introspection_cpp.dir/rosidl_typesupport_introspection_cpp/franka_msgs/action/detail/homing__type_support.cpp.o[0m
[ 43%] [32mBuilding CXX object CMakeFiles/franka_msgs__rosidl_typesupport_introspection_cpp.dir/rosidl_typesupport_introspection_cpp/franka_msgs/msg/detail/errors__type_support.cpp.o[0m
[ 43%] [32mBuilding CXX object CMakeFiles/franka_msgs__rosidl_typesupport_introspection_cpp.dir/rosidl_typesupport_introspection_cpp/franka_msgs/action/detail/grasp__type_support.cpp.o[0m
[ 43%] [32mBuilding CXX object CMakeFiles/franka_msgs__rosidl_typesupport_introspection_cpp.dir/rosidl_typesupport_introspection_cpp/franka_msgs/srv/detail/set_cartesian_stiffness__type_support.cpp.o[0m
[ 45%] [32mBuilding CXX object CMakeFiles/franka_msgs__rosidl_typesupport_introspection_cpp.dir/rosidl_typesupport_introspection_cpp/franka_msgs/srv/detail/set_tcp_frame__type_support.cpp.o[0m
[ 45%] [32mBuilding CXX object CMakeFiles/franka_msgs__rosidl_typesupport_introspection_cpp.dir/rosidl_typesupport_introspection_cpp/franka_msgs/action/detail/move__type_support.cpp.o[0m
[ 45%] [32mBuilding CXX object CMakeFiles/franka_msgs__rosidl_typesupport_introspection_cpp.dir/rosidl_typesupport_introspection_cpp/franka_msgs/srv/detail/error_recovery__type_support.cpp.o[0m
[ 45%] [32mBuilding CXX object CMakeFiles/franka_msgs__rosidl_typesupport_introspection_cpp.dir/rosidl_typesupport_introspection_cpp/franka_msgs/srv/detail/set_force_torque_collision_behavior__type_support.cpp.o[0m
[ 45%] [32mBuilding CXX object CMakeFiles/franka_msgs__rosidl_typesupport_introspection_cpp.dir/rosidl_typesupport_introspection_cpp/franka_msgs/srv/detail/set_joint_stiffness__type_support.cpp.o[0m
[ 46%] [32mBuilding CXX object CMakeFiles/franka_msgs__rosidl_typesupport_introspection_cpp.dir/rosidl_typesupport_introspection_cpp/franka_msgs/srv/detail/set_mujoco_poses__type_support.cpp.o[0m
[ 47%] [32mBuilding CXX object CMakeFiles/franka_msgs__rosidl_typesupport_introspection_cpp.dir/rosidl_typesupport_introspection_cpp/franka_msgs/msg/detail/pose_stamped_array__type_support.cpp.o[0m
[ 47%] [32mBuilding CXX object CMakeFiles/franka_msgs__rosidl_typesupport_introspection_cpp.dir/rosidl_typesupport_introspection_cpp/franka_msgs/srv/detail/set_load__type_support.cpp.o[0m
[ 48%] [32mBuilding CXX object CMakeFiles/franka_msgs__rosidl_typesupport_introspection_cpp.dir/rosidl_typesupport_introspection_cpp/franka_msgs/srv/detail/set_full_collision_behavior__type_support.cpp.o[0m
[ 49%] [32mBuilding CXX object CMakeFiles/franka_msgs__rosidl_typesupport_introspection_cpp.dir/rosidl_typesupport_introspection_cpp/franka_msgs/srv/detail/set_stiffness_frame__type_support.cpp.o[0m
[ 49%] [32mBuilding CXX object CMakeFiles/franka_msgs__rosidl_typesupport_cpp.dir/rosidl_typesupport_cpp/franka_msgs/msg/errors__type_support.cpp.o[0m
[ 50%] [32mBuilding CXX object CMakeFiles/franka_msgs__rosidl_typesupport_cpp.dir/rosidl_typesupport_cpp/franka_msgs/msg/grasp_epsilon__type_support.cpp.o[0m
[ 50%] [32mBuilding CXX object CMakeFiles/franka_msgs__rosidl_typesupport_cpp.dir/rosidl_typesupport_cpp/franka_msgs/msg/pose_stamped_array__type_support.cpp.o[0m
[ 51%] [32mBuilding CXX object CMakeFiles/franka_msgs__rosidl_typesupport_cpp.dir/rosidl_typesupport_cpp/franka_msgs/msg/franka_model__type_support.cpp.o[0m
[ 52%] [32mBuilding CXX object CMakeFiles/franka_msgs__rosidl_typesupport_cpp.dir/rosidl_typesupport_cpp/franka_msgs/msg/franka_state__type_support.cpp.o[0m
[ 52%] [32mBuilding CXX object CMakeFiles/franka_msgs__rosidl_typesupport_cpp.dir/rosidl_typesupport_cpp/franka_msgs/action/grasp__type_support.cpp.o[0m
[ 53%] [32mBuilding CXX object CMakeFiles/franka_msgs__rosidl_typesupport_cpp.dir/rosidl_typesupport_cpp/franka_msgs/action/homing__type_support.cpp.o[0m
[ 53%] [32mBuilding CXX object CMakeFiles/franka_msgs__rosidl_typesupport_cpp.dir/rosidl_typesupport_cpp/franka_msgs/action/move__type_support.cpp.o[0m
[ 54%] [32mBuilding C object CMakeFiles/franka_msgs__rosidl_typesupport_introspection_c.dir/rosidl_typesupport_introspection_c/franka_msgs/msg/detail/grasp_epsilon__type_support.c.o[0m
[ 54%] [32mBuilding C object CMakeFiles/franka_msgs__rosidl_typesupport_introspection_c.dir/rosidl_typesupport_introspection_c/franka_msgs/msg/detail/franka_state__type_support.c.o[0m
[ 55%] [32mBuilding C object CMakeFiles/franka_msgs__rosidl_typesupport_introspection_c.dir/rosidl_typesupport_introspection_c/franka_msgs/msg/detail/franka_model__type_support.c.o[0m
[ 55%] [32mBuilding C object CMakeFiles/franka_msgs__rosidl_typesupport_introspection_c.dir/rosidl_typesupport_introspection_c/franka_msgs/msg/detail/errors__type_support.c.o[0m
[ 56%] [32mBuilding C object CMakeFiles/franka_msgs__rosidl_typesupport_introspection_c.dir/rosidl_typesupport_introspection_c/franka_msgs/msg/detail/pose_stamped_array__type_support.c.o[0m
[ 56%] [32mBuilding C object CMakeFiles/franka_msgs__rosidl_typesupport_introspection_c.dir/rosidl_typesupport_introspection_c/franka_msgs/action/detail/grasp__type_support.c.o[0m
[ 57%] [32mBuilding C object CMakeFiles/franka_msgs__rosidl_typesupport_introspection_c.dir/rosidl_typesupport_introspection_c/franka_msgs/action/detail/homing__type_support.c.o[0m
[ 57%] [32mBuilding C object CMakeFiles/franka_msgs__rosidl_typesupport_introspection_c.dir/rosidl_typesupport_introspection_c/franka_msgs/action/detail/move__type_support.c.o[0m
[ 58%] [32mBuilding C object CMakeFiles/franka_msgs__rosidl_typesupport_introspection_c.dir/rosidl_typesupport_introspection_c/franka_msgs/srv/detail/error_recovery__type_support.c.o[0m
[ 59%] [32mBuilding CXX object CMakeFiles/franka_msgs__rosidl_typesupport_cpp.dir/rosidl_typesupport_cpp/franka_msgs/srv/error_recovery__type_support.cpp.o[0m
[ 59%] [32mBuilding CXX object CMakeFiles/franka_msgs__rosidl_typesupport_cpp.dir/rosidl_typesupport_cpp/franka_msgs/srv/set_cartesian_stiffness__type_support.cpp.o[0m
[ 60%] [32mBuilding CXX object CMakeFiles/franka_msgs__rosidl_typesupport_cpp.dir/rosidl_typesupport_cpp/franka_msgs/srv/set_tcp_frame__type_support.cpp.o[0m
[ 60%] [32mBuilding CXX object CMakeFiles/franka_msgs__rosidl_typesupport_cpp.dir/rosidl_typesupport_cpp/franka_msgs/srv/set_force_torque_collision_behavior__type_support.cpp.o[0m
[ 61%] [32mBuilding CXX object CMakeFiles/franka_msgs__rosidl_typesupport_cpp.dir/rosidl_typesupport_cpp/franka_msgs/srv/set_full_collision_behavior__type_support.cpp.o[0m
[ 61%] [32mBuilding C object CMakeFiles/franka_msgs__rosidl_typesupport_introspection_c.dir/rosidl_typesupport_introspection_c/franka_msgs/srv/detail/set_cartesian_stiffness__type_support.c.o[0m
[ 62%] [32mBuilding C object CMakeFiles/franka_msgs__rosidl_typesupport_introspection_c.dir/rosidl_typesupport_introspection_c/franka_msgs/srv/detail/set_tcp_frame__type_support.c.o[0m
[ 62%] [32mBuilding CXX object CMakeFiles/franka_msgs__rosidl_typesupport_cpp.dir/rosidl_typesupport_cpp/franka_msgs/srv/set_joint_stiffness__type_support.cpp.o[0m
[ 63%] [32mBuilding CXX object CMakeFiles/franka_msgs__rosidl_typesupport_cpp.dir/rosidl_typesupport_cpp/franka_msgs/srv/set_stiffness_frame__type_support.cpp.o[0m
[ 63%] [32mBuilding CXX object CMakeFiles/franka_msgs__rosidl_typesupport_cpp.dir/rosidl_typesupport_cpp/franka_msgs/srv/set_load__type_support.cpp.o[0m
[ 64%] [32mBuilding C object CMakeFiles/franka_msgs__rosidl_typesupport_introspection_c.dir/rosidl_typesupport_introspection_c/franka_msgs/srv/detail/set_force_torque_collision_behavior__type_support.c.o[0m
[ 64%] [32mBuilding C object CMakeFiles/franka_msgs__rosidl_typesupport_introspection_c.dir/rosidl_typesupport_introspection_c/franka_msgs/srv/detail/set_full_collision_behavior__type_support.c.o[0m
[ 65%] [32mBuilding CXX object CMakeFiles/franka_msgs__rosidl_typesupport_cpp.dir/rosidl_typesupport_cpp/franka_msgs/srv/set_mujoco_poses__type_support.cpp.o[0m
[ 66%] [32mBuilding C object CMakeFiles/franka_msgs__rosidl_typesupport_introspection_c.dir/rosidl_typesupport_introspection_c/franka_msgs/srv/detail/set_joint_stiffness__type_support.c.o[0m
[ 66%] [32mBuilding C object CMakeFiles/franka_msgs__rosidl_typesupport_introspection_c.dir/rosidl_typesupport_introspection_c/franka_msgs/srv/detail/set_stiffness_frame__type_support.c.o[0m
[ 67%] [32mBuilding C object CMakeFiles/franka_msgs__rosidl_typesupport_introspection_c.dir/rosidl_typesupport_introspection_c/franka_msgs/srv/detail/set_load__type_support.c.o[0m
[ 67%] [32mBuilding C object CMakeFiles/franka_msgs__rosidl_typesupport_introspection_c.dir/rosidl_typesupport_introspection_c/franka_msgs/srv/detail/set_mujoco_poses__type_support.c.o[0m
[ 67%] [32mBuilding CXX object CMakeFiles/franka_msgs__rosidl_typesupport_fastrtps_c.dir/rosidl_typesupport_fastrtps_c/franka_msgs/msg/detail/grasp_epsilon__type_support_c.cpp.o[0m
[ 67%] [32mBuilding CXX object CMakeFiles/franka_msgs__rosidl_typesupport_fastrtps_c.dir/rosidl_typesupport_fastrtps_c/franka_msgs/msg/detail/pose_stamped_array__type_support_c.cpp.o[0m
[ 68%] [32mBuilding CXX object CMakeFiles/franka_msgs__rosidl_typesupport_fastrtps_c.dir/rosidl_typesupport_fastrtps_c/franka_msgs/msg/detail/errors__type_support_c.cpp.o[0m
[ 68%] [32mBuilding CXX object CMakeFiles/franka_msgs__rosidl_typesupport_fastrtps_c.dir/rosidl_typesupport_fastrtps_c/franka_msgs/msg/detail/franka_model__type_support_c.cpp.o[0m
[ 69%] [32mBuilding CXX object CMakeFiles/franka_msgs__rosidl_typesupport_fastrtps_c.dir/rosidl_typesupport_fastrtps_c/franka_msgs/msg/detail/franka_state__type_support_c.cpp.o[0m
[ 70%] [32mBuilding CXX object CMakeFiles/franka_msgs__rosidl_typesupport_fastrtps_c.dir/rosidl_typesupport_fastrtps_c/franka_msgs/action/detail/move__type_support_c.cpp.o[0m
[ 71%] [32mBuilding CXX object CMakeFiles/franka_msgs__rosidl_typesupport_fastrtps_c.dir/rosidl_typesupport_fastrtps_c/franka_msgs/action/detail/grasp__type_support_c.cpp.o[0m
[ 71%] [32mBuilding CXX object CMakeFiles/franka_msgs__rosidl_typesupport_fastrtps_c.dir/rosidl_typesupport_fastrtps_c/franka_msgs/action/detail/homing__type_support_c.cpp.o[0m
[ 71%] [32mBuilding CXX object CMakeFiles/franka_msgs__rosidl_typesupport_fastrtps_c.dir/rosidl_typesupport_fastrtps_c/franka_msgs/srv/detail/error_recovery__type_support_c.cpp.o[0m
[ 72%] [32m[1mLinking C shared library libfranka_msgs__rosidl_typesupport_introspection_c.so[0m
[ 73%] [32mBuilding CXX object CMakeFiles/franka_msgs__rosidl_typesupport_fastrtps_c.dir/rosidl_typesupport_fastrtps_c/franka_msgs/srv/detail/set_cartesian_stiffness__type_support_c.cpp.o[0m
[ 73%] [32mBuilding CXX object CMakeFiles/franka_msgs__rosidl_typesupport_fastrtps_cpp.dir/rosidl_typesupport_fastrtps_cpp/franka_msgs/msg/detail/dds_fastrtps/grasp_epsilon__type_support.cpp.o[0m
[ 74%] [32mBuilding CXX object CMakeFiles/franka_msgs__rosidl_typesupport_fastrtps_cpp.dir/rosidl_typesupport_fastrtps_cpp/franka_msgs/msg/detail/dds_fastrtps/franka_state__type_support.cpp.o[0m
[ 74%] [32mBuilding CXX object CMakeFiles/franka_msgs__rosidl_typesupport_fastrtps_c.dir/rosidl_typesupport_fastrtps_c/franka_msgs/srv/detail/set_tcp_frame__type_support_c.cpp.o[0m
[ 74%] Built target franka_msgs__rosidl_typesupport_introspection_c
[ 74%] [32mBuilding CXX object CMakeFiles/franka_msgs__rosidl_typesupport_fastrtps_cpp.dir/rosidl_typesupport_fastrtps_cpp/franka_msgs/msg/detail/dds_fastrtps/franka_model__type_support.cpp.o[0m
[ 75%] [32mBuilding CXX object CMakeFiles/franka_msgs__rosidl_typesupport_fastrtps_cpp.dir/rosidl_typesupport_fastrtps_cpp/franka_msgs/msg/detail/dds_fastrtps/errors__type_support.cpp.o[0m
[ 75%] [32m[1mLinking CXX shared library libfranka_msgs__rosidl_typesupport_introspection_cpp.so[0m
[ 76%] [32mBuilding CXX object CMakeFiles/franka_msgs__rosidl_typesupport_fastrtps_c.dir/rosidl_typesupport_fastrtps_c/franka_msgs/srv/detail/set_force_torque_collision_behavior__type_support_c.cpp.o[0m
[ 77%] [32mBuilding CXX object CMakeFiles/franka_msgs__rosidl_typesupport_fastrtps_cpp.dir/rosidl_typesupport_fastrtps_cpp/franka_msgs/msg/detail/dds_fastrtps/pose_stamped_array__type_support.cpp.o[0m
[ 77%] [32mBuilding CXX object CMakeFiles/franka_msgs__rosidl_typesupport_fastrtps_cpp.dir/rosidl_typesupport_fastrtps_cpp/franka_msgs/action/detail/dds_fastrtps/grasp__type_support.cpp.o[0m
[ 77%] [32mBuilding CXX object CMakeFiles/franka_msgs__rosidl_typesupport_fastrtps_cpp.dir/rosidl_typesupport_fastrtps_cpp/franka_msgs/action/detail/dds_fastrtps/homing__type_support.cpp.o[0m
[ 78%] [32mBuilding CXX object CMakeFiles/franka_msgs__rosidl_typesupport_fastrtps_cpp.dir/rosidl_typesupport_fastrtps_cpp/franka_msgs/action/detail/dds_fastrtps/move__type_support.cpp.o[0m
[ 78%] [32mBuilding CXX object CMakeFiles/franka_msgs__rosidl_typesupport_fastrtps_cpp.dir/rosidl_typesupport_fastrtps_cpp/franka_msgs/srv/detail/dds_fastrtps/error_recovery__type_support.cpp.o[0m
[ 79%] [32mBuilding CXX object CMakeFiles/franka_msgs__rosidl_typesupport_fastrtps_cpp.dir/rosidl_typesupport_fastrtps_cpp/franka_msgs/srv/detail/dds_fastrtps/set_cartesian_stiffness__type_support.cpp.o[0m
[ 79%] [32mBuilding CXX object CMakeFiles/franka_msgs__rosidl_typesupport_fastrtps_cpp.dir/rosidl_typesupport_fastrtps_cpp/franka_msgs/srv/detail/dds_fastrtps/set_tcp_frame__type_support.cpp.o[0m
[ 79%] Built target franka_msgs__rosidl_typesupport_introspection_cpp
[ 80%] [32mBuilding CXX object CMakeFiles/franka_msgs__rosidl_typesupport_fastrtps_cpp.dir/rosidl_typesupport_fastrtps_cpp/franka_msgs/srv/detail/dds_fastrtps/set_force_torque_collision_behavior__type_support.cpp.o[0m
[ 80%] [32mBuilding CXX object CMakeFiles/franka_msgs__rosidl_typesupport_fastrtps_cpp.dir/rosidl_typesupport_fastrtps_cpp/franka_msgs/srv/detail/dds_fastrtps/set_full_collision_behavior__type_support.cpp.o[0m
[ 80%] [32mBuilding CXX object CMakeFiles/franka_msgs__rosidl_typesupport_fastrtps_c.dir/rosidl_typesupport_fastrtps_c/franka_msgs/srv/detail/set_full_collision_behavior__type_support_c.cpp.o[0m
[ 81%] [32mBuilding CXX object CMakeFiles/franka_msgs__rosidl_typesupport_fastrtps_c.dir/rosidl_typesupport_fastrtps_c/franka_msgs/srv/detail/set_joint_stiffness__type_support_c.cpp.o[0m
[ 81%] [32mBuilding CXX object CMakeFiles/franka_msgs__rosidl_typesupport_fastrtps_c.dir/rosidl_typesupport_fastrtps_c/franka_msgs/srv/detail/set_stiffness_frame__type_support_c.cpp.o[0m
[ 81%] [32m[1mLinking CXX shared library libfranka_msgs__rosidl_typesupport_cpp.so[0m
[ 82%] [32mBuilding CXX object CMakeFiles/franka_msgs__rosidl_typesupport_fastrtps_c.dir/rosidl_typesupport_fastrtps_c/franka_msgs/srv/detail/set_load__type_support_c.cpp.o[0m
[ 83%] [32mBuilding CXX object CMakeFiles/franka_msgs__rosidl_typesupport_fastrtps_c.dir/rosidl_typesupport_fastrtps_c/franka_msgs/srv/detail/set_mujoco_poses__type_support_c.cpp.o[0m
[ 84%] [32mBuilding CXX object CMakeFiles/franka_msgs__rosidl_typesupport_fastrtps_cpp.dir/rosidl_typesupport_fastrtps_cpp/franka_msgs/srv/detail/dds_fastrtps/set_joint_stiffness__type_support.cpp.o[0m
[ 84%] [32mBuilding CXX object CMakeFiles/franka_msgs__rosidl_typesupport_fastrtps_cpp.dir/rosidl_typesupport_fastrtps_cpp/franka_msgs/srv/detail/dds_fastrtps/set_stiffness_frame__type_support.cpp.o[0m
[ 85%] [32mBuilding CXX object CMakeFiles/franka_msgs__rosidl_typesupport_fastrtps_cpp.dir/rosidl_typesupport_fastrtps_cpp/franka_msgs/srv/detail/dds_fastrtps/set_load__type_support.cpp.o[0m
[ 85%] [32mBuilding CXX object CMakeFiles/franka_msgs__rosidl_typesupport_fastrtps_cpp.dir/rosidl_typesupport_fastrtps_cpp/franka_msgs/srv/detail/dds_fastrtps/set_mujoco_poses__type_support.cpp.o[0m
[ 85%] Built target franka_msgs__rosidl_typesupport_cpp
[ 85%] [32m[1mLinking CXX shared library libfranka_msgs__rosidl_typesupport_fastrtps_c.so[0m
[ 85%] Built target franka_msgs__rosidl_typesupport_fastrtps_c
[ 86%] [32m[1mLinking CXX shared library libfranka_msgs__rosidl_typesupport_fastrtps_cpp.so[0m
[ 86%] Built target franka_msgs__rosidl_typesupport_fastrtps_cpp
[ 86%] Built target franka_msgs
[ 87%] [34m[1mGenerating Python code for ROS interfaces[0m
[ 87%] Built target franka_msgs__py
[ 87%] [32mBuilding C object CMakeFiles/franka_msgs__rosidl_generator_py.dir/rosidl_generator_py/franka_msgs/msg/_pose_stamped_array_s.c.o[0m
[ 88%] [32mBuilding C object CMakeFiles/franka_msgs__rosidl_generator_py.dir/rosidl_generator_py/franka_msgs/action/_move_s.c.o[0m
[ 88%] [32mBuilding C object CMakeFiles/franka_msgs__rosidl_generator_py.dir/rosidl_generator_py/franka_msgs/action/_homing_s.c.o[0m
[ 88%] [32mBuilding C object CMakeFiles/franka_msgs__rosidl_generator_py.dir/rosidl_generator_py/franka_msgs/msg/_grasp_epsilon_s.c.o[0m
[ 88%] [32mBuilding C object CMakeFiles/franka_msgs__rosidl_generator_py.dir/rosidl_generator_py/franka_msgs/msg/_franka_model_s.c.o[0m
[ 89%] [32mBuilding C object CMakeFiles/franka_msgs__rosidl_generator_py.dir/rosidl_generator_py/franka_msgs/action/_grasp_s.c.o[0m
[ 89%] [32mBuilding C object CMakeFiles/franka_msgs__rosidl_generator_py.dir/rosidl_generator_py/franka_msgs/srv/_error_recovery_s.c.o[0m
[ 90%] [32mBuilding C object CMakeFiles/franka_msgs__rosidl_generator_py.dir/rosidl_generator_py/franka_msgs/msg/_errors_s.c.o[0m
[ 91%] [32mBuilding C object CMakeFiles/franka_msgs__rosidl_generator_py.dir/rosidl_generator_py/franka_msgs/srv/_set_stiffness_frame_s.c.o[0m
[ 92%] [32mBuilding C object CMakeFiles/franka_msgs__rosidl_generator_py.dir/rosidl_generator_py/franka_msgs/msg/_franka_state_s.c.o[0m
[ 92%] [32mBuilding C object CMakeFiles/franka_msgs__rosidl_generator_py.dir/rosidl_generator_py/franka_msgs/srv/_set_load_s.c.o[0m
[ 93%] [32mBuilding C object CMakeFiles/franka_msgs__rosidl_generator_py.dir/rosidl_generator_py/franka_msgs/srv/_set_cartesian_stiffness_s.c.o[0m
[ 94%] [32mBuilding C object CMakeFiles/franka_msgs__rosidl_generator_py.dir/rosidl_generator_py/franka_msgs/srv/_set_force_torque_collision_behavior_s.c.o[0m
[ 94%] [32mBuilding C object CMakeFiles/franka_msgs__rosidl_generator_py.dir/rosidl_generator_py/franka_msgs/srv/_set_joint_stiffness_s.c.o[0m
[ 94%] [32mBuilding C object CMakeFiles/franka_msgs__rosidl_generator_py.dir/rosidl_generator_py/franka_msgs/srv/_set_tcp_frame_s.c.o[0m
[ 95%] [32mBuilding C object CMakeFiles/franka_msgs__rosidl_generator_py.dir/rosidl_generator_py/franka_msgs/srv/_set_mujoco_poses_s.c.o[0m
[ 96%] [32mBuilding C object CMakeFiles/franka_msgs__rosidl_generator_py.dir/rosidl_generator_py/franka_msgs/srv/_set_full_collision_behavior_s.c.o[0m
[ 96%] [32m[1mLinking C shared library libfranka_msgs__rosidl_generator_py.so[0m
[ 96%] Built target franka_msgs__rosidl_generator_py
[ 97%] [32mBuilding C object CMakeFiles/franka_msgs_s__rosidl_typesupport_fastrtps_c.dir/rosidl_generator_py/franka_msgs/_franka_msgs_s.ep.rosidl_typesupport_fastrtps_c.c.o[0m
[ 98%] [32mBuilding C object CMakeFiles/franka_msgs_s__rosidl_typesupport_introspection_c.dir/rosidl_generator_py/franka_msgs/_franka_msgs_s.ep.rosidl_typesupport_introspection_c.c.o[0m
[ 99%] [32mBuilding C object CMakeFiles/franka_msgs_s__rosidl_typesupport_c.dir/rosidl_generator_py/franka_msgs/_franka_msgs_s.ep.rosidl_typesupport_c.c.o[0m
[ 99%] [32m[1mLinking C shared module rosidl_generator_py/franka_msgs/franka_msgs_s__rosidl_typesupport_fastrtps_c.so[0m
[ 99%] [32m[1mLinking C shared module rosidl_generator_py/franka_msgs/franka_msgs_s__rosidl_typesupport_c.so[0m
[100%] [32m[1mLinking C shared module rosidl_generator_py/franka_msgs/franka_msgs_s__rosidl_typesupport_introspection_c.so[0m
[100%] Built target franka_msgs_s__rosidl_typesupport_c
[100%] Built target franka_msgs_s__rosidl_typesupport_fastrtps_c
[100%] Built target franka_msgs_s__rosidl_typesupport_introspection_c
-- Install configuration: ""
-- Execute custom install script
-- Symlinking: /home/herring/rzddzy/install/franka_msgs/share/ament_index/resource_index/rosidl_interfaces/franka_msgs
-- Symlinking: /home/herring/rzddzy/install/franka_msgs/share/franka_msgs/msg/GraspEpsilon.json
-- Symlinking: /home/herring/rzddzy/install/franka_msgs/share/franka_msgs/msg/FrankaState.json
-- Symlinking: /home/herring/rzddzy/install/franka_msgs/share/franka_msgs/msg/FrankaModel.json
-- Symlinking: /home/herring/rzddzy/install/franka_msgs/share/franka_msgs/msg/Errors.json
-- Symlinking: /home/herring/rzddzy/install/franka_msgs/share/franka_msgs/msg/PoseStampedArray.json
-- Symlinking: /home/herring/rzddzy/install/franka_msgs/share/franka_msgs/action/Grasp.json
-- Symlinking: /home/herring/rzddzy/install/franka_msgs/share/franka_msgs/action/Homing.json
-- Symlinking: /home/herring/rzddzy/install/franka_msgs/share/franka_msgs/action/Move.json
-- Symlinking: /home/herring/rzddzy/install/franka_msgs/share/franka_msgs/srv/ErrorRecovery.json
-- Symlinking: /home/herring/rzddzy/install/franka_msgs/share/franka_msgs/srv/SetCartesianStiffness.json
-- Symlinking: /home/herring/rzddzy/install/franka_msgs/share/franka_msgs/srv/SetTCPFrame.json
-- Symlinking: /home/herring/rzddzy/install/franka_msgs/share/franka_msgs/srv/SetForceTorqueCollisionBehavior.json
-- Symlinking: /home/herring/rzddzy/install/franka_msgs/share/franka_msgs/srv/SetFullCollisionBehavior.json
-- Symlinking: /home/herring/rzddzy/install/franka_msgs/share/franka_msgs/srv/SetJointStiffness.json
-- Symlinking: /home/herring/rzddzy/install/franka_msgs/share/franka_msgs/srv/SetStiffnessFrame.json
-- Symlinking: /home/herring/rzddzy/install/franka_msgs/share/franka_msgs/srv/SetLoad.json
-- Symlinking: /home/herring/rzddzy/install/franka_msgs/share/franka_msgs/srv/SetMujocoPoses.json
-- Symlinking: /home/herring/rzddzy/install/franka_msgs/include/franka_msgs/franka_msgs/action/detail/grasp__functions.h
-- Symlinking: /home/herring/rzddzy/install/franka_msgs/include/franka_msgs/franka_msgs/action/detail/grasp__struct.h
-- Symlinking: /home/herring/rzddzy/install/franka_msgs/include/franka_msgs/franka_msgs/action/detail/grasp__type_support.h
-- Symlinking: /home/herring/rzddzy/install/franka_msgs/include/franka_msgs/franka_msgs/action/detail/homing__functions.h
-- Symlinking: /home/herring/rzddzy/install/franka_msgs/include/franka_msgs/franka_msgs/action/detail/homing__struct.h
-- Symlinking: /home/herring/rzddzy/install/franka_msgs/include/franka_msgs/franka_msgs/action/detail/homing__type_support.h
-- Symlinking: /home/herring/rzddzy/install/franka_msgs/include/franka_msgs/franka_msgs/action/detail/move__functions.h
-- Symlinking: /home/herring/rzddzy/install/franka_msgs/include/franka_msgs/franka_msgs/action/detail/move__struct.h
-- Symlinking: /home/herring/rzddzy/install/franka_msgs/include/franka_msgs/franka_msgs/action/detail/move__type_support.h
-- Symlinking: /home/herring/rzddzy/install/franka_msgs/include/franka_msgs/franka_msgs/action/grasp.h
-- Symlinking: /home/herring/rzddzy/install/franka_msgs/include/franka_msgs/franka_msgs/action/homing.h
-- Symlinking: /home/herring/rzddzy/install/franka_msgs/include/franka_msgs/franka_msgs/action/move.h
-- Symlinking: /home/herring/rzddzy/install/franka_msgs/include/franka_msgs/franka_msgs/msg/detail/errors__functions.h
-- Symlinking: /home/herring/rzddzy/install/franka_msgs/include/franka_msgs/franka_msgs/msg/detail/errors__struct.h
-- Symlinking: /home/herring/rzddzy/install/franka_msgs/include/franka_msgs/franka_msgs/msg/detail/errors__type_support.h
-- Symlinking: /home/herring/rzddzy/install/franka_msgs/include/franka_msgs/franka_msgs/msg/detail/franka_model__functions.h
-- Symlinking: /home/herring/rzddzy/install/franka_msgs/include/franka_msgs/franka_msgs/msg/detail/franka_model__struct.h
-- Symlinking: /home/herring/rzddzy/install/franka_msgs/include/franka_msgs/franka_msgs/msg/detail/franka_model__type_support.h
-- Symlinking: /home/herring/rzddzy/install/franka_msgs/include/franka_msgs/franka_msgs/msg/detail/franka_state__functions.h
-- Symlinking: /home/herring/rzddzy/install/franka_msgs/include/franka_msgs/franka_msgs/msg/detail/franka_state__struct.h
-- Symlinking: /home/herring/rzddzy/install/franka_msgs/include/franka_msgs/franka_msgs/msg/detail/franka_state__type_support.h
-- Symlinking: /home/herring/rzddzy/install/franka_msgs/include/franka_msgs/franka_msgs/msg/detail/grasp_epsilon__functions.h
-- Symlinking: /home/herring/rzddzy/install/franka_msgs/include/franka_msgs/franka_msgs/msg/detail/grasp_epsilon__struct.h
-- Symlinking: /home/herring/rzddzy/install/franka_msgs/include/franka_msgs/franka_msgs/msg/detail/grasp_epsilon__type_support.h
-- Symlinking: /home/herring/rzddzy/install/franka_msgs/include/franka_msgs/franka_msgs/msg/detail/pose_stamped_array__functions.h
-- Symlinking: /home/herring/rzddzy/install/franka_msgs/include/franka_msgs/franka_msgs/msg/detail/pose_stamped_array__struct.h
-- Symlinking: /home/herring/rzddzy/install/franka_msgs/include/franka_msgs/franka_msgs/msg/detail/pose_stamped_array__type_support.h
-- Symlinking: /home/herring/rzddzy/install/franka_msgs/include/franka_msgs/franka_msgs/msg/errors.h
-- Symlinking: /home/herring/rzddzy/install/franka_msgs/include/franka_msgs/franka_msgs/msg/franka_model.h
-- Symlinking: /home/herring/rzddzy/install/franka_msgs/include/franka_msgs/franka_msgs/msg/franka_state.h
-- Symlinking: /home/herring/rzddzy/install/franka_msgs/include/franka_msgs/franka_msgs/msg/grasp_epsilon.h
-- Symlinking: /home/herring/rzddzy/install/franka_msgs/include/franka_msgs/franka_msgs/msg/pose_stamped_array.h
-- Symlinking: /home/herring/rzddzy/install/franka_msgs/include/franka_msgs/franka_msgs/msg/rosidl_generator_c__visibility_control.h
-- Symlinking: /home/herring/rzddzy/install/franka_msgs/include/franka_msgs/franka_msgs/srv/detail/error_recovery__functions.h
-- Symlinking: /home/herring/rzddzy/install/franka_msgs/include/franka_msgs/franka_msgs/srv/detail/error_recovery__struct.h
-- Symlinking: /home/herring/rzddzy/install/franka_msgs/include/franka_msgs/franka_msgs/srv/detail/error_recovery__type_support.h
-- Symlinking: /home/herring/rzddzy/install/franka_msgs/include/franka_msgs/franka_msgs/srv/detail/set_cartesian_stiffness__functions.h
-- Symlinking: /home/herring/rzddzy/install/franka_msgs/include/franka_msgs/franka_msgs/srv/detail/set_cartesian_stiffness__struct.h
-- Symlinking: /home/herring/rzddzy/install/franka_msgs/include/franka_msgs/franka_msgs/srv/detail/set_cartesian_stiffness__type_support.h
-- Symlinking: /home/herring/rzddzy/install/franka_msgs/include/franka_msgs/franka_msgs/srv/detail/set_force_torque_collision_behavior__functions.h
-- Symlinking: /home/herring/rzddzy/install/franka_msgs/include/franka_msgs/franka_msgs/srv/detail/set_force_torque_collision_behavior__struct.h
-- Symlinking: /home/herring/rzddzy/install/franka_msgs/include/franka_msgs/franka_msgs/srv/detail/set_force_torque_collision_behavior__type_support.h
-- Symlinking: /home/herring/rzddzy/install/franka_msgs/include/franka_msgs/franka_msgs/srv/detail/set_full_collision_behavior__functions.h
-- Symlinking: /home/herring/rzddzy/install/franka_msgs/include/franka_msgs/franka_msgs/srv/detail/set_full_collision_behavior__struct.h
-- Symlinking: /home/herring/rzddzy/install/franka_msgs/include/franka_msgs/franka_msgs/srv/detail/set_full_collision_behavior__type_support.h
-- Symlinking: /home/herring/rzddzy/install/franka_msgs/include/franka_msgs/franka_msgs/srv/detail/set_joint_stiffness__functions.h
-- Symlinking: /home/herring/rzddzy/install/franka_msgs/include/franka_msgs/franka_msgs/srv/detail/set_joint_stiffness__struct.h
-- Symlinking: /home/herring/rzddzy/install/franka_msgs/include/franka_msgs/franka_msgs/srv/detail/set_joint_stiffness__type_support.h
-- Symlinking: /home/herring/rzddzy/install/franka_msgs/include/franka_msgs/franka_msgs/srv/detail/set_load__functions.h
-- Symlinking: /home/herring/rzddzy/install/franka_msgs/include/franka_msgs/franka_msgs/srv/detail/set_load__struct.h
-- Symlinking: /home/herring/rzddzy/install/franka_msgs/include/franka_msgs/franka_msgs/srv/detail/set_load__type_support.h
-- Symlinking: /home/herring/rzddzy/install/franka_msgs/include/franka_msgs/franka_msgs/srv/detail/set_mujoco_poses__functions.h
-- Symlinking: /home/herring/rzddzy/install/franka_msgs/include/franka_msgs/franka_msgs/srv/detail/set_mujoco_poses__struct.h
-- Symlinking: /home/herring/rzddzy/install/franka_msgs/include/franka_msgs/franka_msgs/srv/detail/set_mujoco_poses__type_support.h
-- Symlinking: /home/herring/rzddzy/install/franka_msgs/include/franka_msgs/franka_msgs/srv/detail/set_stiffness_frame__functions.h
-- Symlinking: /home/herring/rzddzy/install/franka_msgs/include/franka_msgs/franka_msgs/srv/detail/set_stiffness_frame__struct.h
-- Symlinking: /home/herring/rzddzy/install/franka_msgs/include/franka_msgs/franka_msgs/srv/detail/set_stiffness_frame__type_support.h
-- Symlinking: /home/herring/rzddzy/install/franka_msgs/include/franka_msgs/franka_msgs/srv/detail/set_tcp_frame__functions.h
-- Symlinking: /home/herring/rzddzy/install/franka_msgs/include/franka_msgs/franka_msgs/srv/detail/set_tcp_frame__struct.h
-- Symlinking: /home/herring/rzddzy/install/franka_msgs/include/franka_msgs/franka_msgs/srv/detail/set_tcp_frame__type_support.h
-- Symlinking: /home/herring/rzddzy/install/franka_msgs/include/franka_msgs/franka_msgs/srv/error_recovery.h
-- Symlinking: /home/herring/rzddzy/install/franka_msgs/include/franka_msgs/franka_msgs/srv/set_cartesian_stiffness.h
-- Symlinking: /home/herring/rzddzy/install/franka_msgs/include/franka_msgs/franka_msgs/srv/set_force_torque_collision_behavior.h
-- Symlinking: /home/herring/rzddzy/install/franka_msgs/include/franka_msgs/franka_msgs/srv/set_full_collision_behavior.h
-- Symlinking: /home/herring/rzddzy/install/franka_msgs/include/franka_msgs/franka_msgs/srv/set_joint_stiffness.h
-- Symlinking: /home/herring/rzddzy/install/franka_msgs/include/franka_msgs/franka_msgs/srv/set_load.h
-- Symlinking: /home/herring/rzddzy/install/franka_msgs/include/franka_msgs/franka_msgs/srv/set_mujoco_poses.h
-- Symlinking: /home/herring/rzddzy/install/franka_msgs/include/franka_msgs/franka_msgs/srv/set_stiffness_frame.h
-- Symlinking: /home/herring/rzddzy/install/franka_msgs/include/franka_msgs/franka_msgs/srv/set_tcp_frame.h
-- Symlinking: /home/herring/rzddzy/install/franka_msgs/share/franka_msgs/environment/library_path.sh
-- Symlinking: /home/herring/rzddzy/install/franka_msgs/share/franka_msgs/environment/library_path.dsv
-- Symlinking: /home/herring/rzddzy/install/franka_msgs/include/franka_msgs/franka_msgs/action/detail/grasp__rosidl_typesupport_fastrtps_c.h
-- Symlinking: /home/herring/rzddzy/install/franka_msgs/include/franka_msgs/franka_msgs/action/detail/homing__rosidl_typesupport_fastrtps_c.h
-- Symlinking: /home/herring/rzddzy/install/franka_msgs/include/franka_msgs/franka_msgs/action/detail/move__rosidl_typesupport_fastrtps_c.h
-- Symlinking: /home/herring/rzddzy/install/franka_msgs/include/franka_msgs/franka_msgs/msg/detail/errors__rosidl_typesupport_fastrtps_c.h
-- Symlinking: /home/herring/rzddzy/install/franka_msgs/include/franka_msgs/franka_msgs/msg/detail/franka_model__rosidl_typesupport_fastrtps_c.h
-- Symlinking: /home/herring/rzddzy/install/franka_msgs/include/franka_msgs/franka_msgs/msg/detail/franka_state__rosidl_typesupport_fastrtps_c.h
-- Symlinking: /home/herring/rzddzy/install/franka_msgs/include/franka_msgs/franka_msgs/msg/detail/grasp_epsilon__rosidl_typesupport_fastrtps_c.h
-- Symlinking: /home/herring/rzddzy/install/franka_msgs/include/franka_msgs/franka_msgs/msg/detail/pose_stamped_array__rosidl_typesupport_fastrtps_c.h
-- Symlinking: /home/herring/rzddzy/install/franka_msgs/include/franka_msgs/franka_msgs/msg/rosidl_typesupport_fastrtps_c__visibility_control.h
-- Symlinking: /home/herring/rzddzy/install/franka_msgs/include/franka_msgs/franka_msgs/srv/detail/error_recovery__rosidl_typesupport_fastrtps_c.h
-- Symlinking: /home/herring/rzddzy/install/franka_msgs/include/franka_msgs/franka_msgs/srv/detail/set_cartesian_stiffness__rosidl_typesupport_fastrtps_c.h
-- Symlinking: /home/herring/rzddzy/install/franka_msgs/include/franka_msgs/franka_msgs/srv/detail/set_force_torque_collision_behavior__rosidl_typesupport_fastrtps_c.h
-- Symlinking: /home/herring/rzddzy/install/franka_msgs/include/franka_msgs/franka_msgs/srv/detail/set_full_collision_behavior__rosidl_typesupport_fastrtps_c.h
-- Symlinking: /home/herring/rzddzy/install/franka_msgs/include/franka_msgs/franka_msgs/srv/detail/set_joint_stiffness__rosidl_typesupport_fastrtps_c.h
-- Symlinking: /home/herring/rzddzy/install/franka_msgs/include/franka_msgs/franka_msgs/srv/detail/set_load__rosidl_typesupport_fastrtps_c.h
-- Symlinking: /home/herring/rzddzy/install/franka_msgs/include/franka_msgs/franka_msgs/srv/detail/set_mujoco_poses__rosidl_typesupport_fastrtps_c.h
-- Symlinking: /home/herring/rzddzy/install/franka_msgs/include/franka_msgs/franka_msgs/srv/detail/set_stiffness_frame__rosidl_typesupport_fastrtps_c.h
-- Symlinking: /home/herring/rzddzy/install/franka_msgs/include/franka_msgs/franka_msgs/srv/detail/set_tcp_frame__rosidl_typesupport_fastrtps_c.h
-- Symlinking: /home/herring/rzddzy/install/franka_msgs/include/franka_msgs/franka_msgs/action/detail/grasp__rosidl_typesupport_introspection_c.h
-- Symlinking: /home/herring/rzddzy/install/franka_msgs/include/franka_msgs/franka_msgs/action/detail/homing__rosidl_typesupport_introspection_c.h
-- Symlinking: /home/herring/rzddzy/install/franka_msgs/include/franka_msgs/franka_msgs/action/detail/move__rosidl_typesupport_introspection_c.h
-- Symlinking: /home/herring/rzddzy/install/franka_msgs/include/franka_msgs/franka_msgs/msg/detail/errors__rosidl_typesupport_introspection_c.h
-- Symlinking: /home/herring/rzddzy/install/franka_msgs/include/franka_msgs/franka_msgs/msg/detail/franka_model__rosidl_typesupport_introspection_c.h
-- Symlinking: /home/herring/rzddzy/install/franka_msgs/include/franka_msgs/franka_msgs/msg/detail/franka_state__rosidl_typesupport_introspection_c.h
-- Symlinking: /home/herring/rzddzy/install/franka_msgs/include/franka_msgs/franka_msgs/msg/detail/grasp_epsilon__rosidl_typesupport_introspection_c.h
-- Symlinking: /home/herring/rzddzy/install/franka_msgs/include/franka_msgs/franka_msgs/msg/detail/pose_stamped_array__rosidl_typesupport_introspection_c.h
-- Symlinking: /home/herring/rzddzy/install/franka_msgs/include/franka_msgs/franka_msgs/msg/rosidl_typesupport_introspection_c__visibility_control.h
-- Symlinking: /home/herring/rzddzy/install/franka_msgs/include/franka_msgs/franka_msgs/srv/detail/error_recovery__rosidl_typesupport_introspection_c.h
-- Symlinking: /home/herring/rzddzy/install/franka_msgs/include/franka_msgs/franka_msgs/srv/detail/set_cartesian_stiffness__rosidl_typesupport_introspection_c.h
-- Symlinking: /home/herring/rzddzy/install/franka_msgs/include/franka_msgs/franka_msgs/srv/detail/set_force_torque_collision_behavior__rosidl_typesupport_introspection_c.h
-- Symlinking: /home/herring/rzddzy/install/franka_msgs/include/franka_msgs/franka_msgs/srv/detail/set_full_collision_behavior__rosidl_typesupport_introspection_c.h
-- Symlinking: /home/herring/rzddzy/install/franka_msgs/include/franka_msgs/franka_msgs/srv/detail/set_joint_stiffness__rosidl_typesupport_introspection_c.h
-- Symlinking: /home/herring/rzddzy/install/franka_msgs/include/franka_msgs/franka_msgs/srv/detail/set_load__rosidl_typesupport_introspection_c.h
-- Symlinking: /home/herring/rzddzy/install/franka_msgs/include/franka_msgs/franka_msgs/srv/detail/set_mujoco_poses__rosidl_typesupport_introspection_c.h
-- Symlinking: /home/herring/rzddzy/install/franka_msgs/include/franka_msgs/franka_msgs/srv/detail/set_stiffness_frame__rosidl_typesupport_introspection_c.h
-- Symlinking: /home/herring/rzddzy/install/franka_msgs/include/franka_msgs/franka_msgs/srv/detail/set_tcp_frame__rosidl_typesupport_introspection_c.h
-- Symlinking: /home/herring/rzddzy/install/franka_msgs/include/franka_msgs/franka_msgs/action/detail/grasp__builder.hpp
-- Symlinking: /home/herring/rzddzy/install/franka_msgs/include/franka_msgs/franka_msgs/action/detail/grasp__struct.hpp
-- Symlinking: /home/herring/rzddzy/install/franka_msgs/include/franka_msgs/franka_msgs/action/detail/grasp__traits.hpp
-- Symlinking: /home/herring/rzddzy/install/franka_msgs/include/franka_msgs/franka_msgs/action/detail/grasp__type_support.hpp
-- Symlinking: /home/herring/rzddzy/install/franka_msgs/include/franka_msgs/franka_msgs/action/detail/homing__builder.hpp
-- Symlinking: /home/herring/rzddzy/install/franka_msgs/include/franka_msgs/franka_msgs/action/detail/homing__struct.hpp
-- Symlinking: /home/herring/rzddzy/install/franka_msgs/include/franka_msgs/franka_msgs/action/detail/homing__traits.hpp
-- Symlinking: /home/herring/rzddzy/install/franka_msgs/include/franka_msgs/franka_msgs/action/detail/homing__type_support.hpp
-- Symlinking: /home/herring/rzddzy/install/franka_msgs/include/franka_msgs/franka_msgs/action/detail/move__builder.hpp
-- Symlinking: /home/herring/rzddzy/install/franka_msgs/include/franka_msgs/franka_msgs/action/detail/move__struct.hpp
-- Symlinking: /home/herring/rzddzy/install/franka_msgs/include/franka_msgs/franka_msgs/action/detail/move__traits.hpp
-- Symlinking: /home/herring/rzddzy/install/franka_msgs/include/franka_msgs/franka_msgs/action/detail/move__type_support.hpp
-- Symlinking: /home/herring/rzddzy/install/franka_msgs/include/franka_msgs/franka_msgs/action/grasp.hpp
-- Symlinking: /home/herring/rzddzy/install/franka_msgs/include/franka_msgs/franka_msgs/action/homing.hpp
-- Symlinking: /home/herring/rzddzy/install/franka_msgs/include/franka_msgs/franka_msgs/action/move.hpp
-- Symlinking: /home/herring/rzddzy/install/franka_msgs/include/franka_msgs/franka_msgs/msg/detail/errors__builder.hpp
-- Symlinking: /home/herring/rzddzy/install/franka_msgs/include/franka_msgs/franka_msgs/msg/detail/errors__struct.hpp
-- Symlinking: /home/herring/rzddzy/install/franka_msgs/include/franka_msgs/franka_msgs/msg/detail/errors__traits.hpp
-- Symlinking: /home/herring/rzddzy/install/franka_msgs/include/franka_msgs/franka_msgs/msg/detail/errors__type_support.hpp
-- Symlinking: /home/herring/rzddzy/install/franka_msgs/include/franka_msgs/franka_msgs/msg/detail/franka_model__builder.hpp
-- Symlinking: /home/herring/rzddzy/install/franka_msgs/include/franka_msgs/franka_msgs/msg/detail/franka_model__struct.hpp
-- Symlinking: /home/herring/rzddzy/install/franka_msgs/include/franka_msgs/franka_msgs/msg/detail/franka_model__traits.hpp
-- Symlinking: /home/herring/rzddzy/install/franka_msgs/include/franka_msgs/franka_msgs/msg/detail/franka_model__type_support.hpp
-- Symlinking: /home/herring/rzddzy/install/franka_msgs/include/franka_msgs/franka_msgs/msg/detail/franka_state__builder.hpp
-- Symlinking: /home/herring/rzddzy/install/franka_msgs/include/franka_msgs/franka_msgs/msg/detail/franka_state__struct.hpp
-- Symlinking: /home/herring/rzddzy/install/franka_msgs/include/franka_msgs/franka_msgs/msg/detail/franka_state__traits.hpp
-- Symlinking: /home/herring/rzddzy/install/franka_msgs/include/franka_msgs/franka_msgs/msg/detail/franka_state__type_support.hpp
-- Symlinking: /home/herring/rzddzy/install/franka_msgs/include/franka_msgs/franka_msgs/msg/detail/grasp_epsilon__builder.hpp
-- Symlinking: /home/herring/rzddzy/install/franka_msgs/include/franka_msgs/franka_msgs/msg/detail/grasp_epsilon__struct.hpp
-- Symlinking: /home/herring/rzddzy/install/franka_msgs/include/franka_msgs/franka_msgs/msg/detail/grasp_epsilon__traits.hpp
-- Symlinking: /home/herring/rzddzy/install/franka_msgs/include/franka_msgs/franka_msgs/msg/detail/grasp_epsilon__type_support.hpp
-- Symlinking: /home/herring/rzddzy/install/franka_msgs/include/franka_msgs/franka_msgs/msg/detail/pose_stamped_array__builder.hpp
-- Symlinking: /home/herring/rzddzy/install/franka_msgs/include/franka_msgs/franka_msgs/msg/detail/pose_stamped_array__struct.hpp
-- Symlinking: /home/herring/rzddzy/install/franka_msgs/include/franka_msgs/franka_msgs/msg/detail/pose_stamped_array__traits.hpp
-- Symlinking: /home/herring/rzddzy/install/franka_msgs/include/franka_msgs/franka_msgs/msg/detail/pose_stamped_array__type_support.hpp
-- Symlinking: /home/herring/rzddzy/install/franka_msgs/include/franka_msgs/franka_msgs/msg/errors.hpp
-- Symlinking: /home/herring/rzddzy/install/franka_msgs/include/franka_msgs/franka_msgs/msg/franka_model.hpp
-- Symlinking: /home/herring/rzddzy/install/franka_msgs/include/franka_msgs/franka_msgs/msg/franka_state.hpp
-- Symlinking: /home/herring/rzddzy/install/franka_msgs/include/franka_msgs/franka_msgs/msg/grasp_epsilon.hpp
-- Symlinking: /home/herring/rzddzy/install/franka_msgs/include/franka_msgs/franka_msgs/msg/pose_stamped_array.hpp
-- Symlinking: /home/herring/rzddzy/install/franka_msgs/include/franka_msgs/franka_msgs/msg/rosidl_generator_cpp__visibility_control.hpp
-- Symlinking: /home/herring/rzddzy/install/franka_msgs/include/franka_msgs/franka_msgs/srv/detail/error_recovery__builder.hpp
-- Symlinking: /home/herring/rzddzy/install/franka_msgs/include/franka_msgs/franka_msgs/srv/detail/error_recovery__struct.hpp
-- Symlinking: /home/herring/rzddzy/install/franka_msgs/include/franka_msgs/franka_msgs/srv/detail/error_recovery__traits.hpp
-- Symlinking: /home/herring/rzddzy/install/franka_msgs/include/franka_msgs/franka_msgs/srv/detail/error_recovery__type_support.hpp
-- Symlinking: /home/herring/rzddzy/install/franka_msgs/include/franka_msgs/franka_msgs/srv/detail/set_cartesian_stiffness__builder.hpp
-- Symlinking: /home/herring/rzddzy/install/franka_msgs/include/franka_msgs/franka_msgs/srv/detail/set_cartesian_stiffness__struct.hpp
-- Symlinking: /home/herring/rzddzy/install/franka_msgs/include/franka_msgs/franka_msgs/srv/detail/set_cartesian_stiffness__traits.hpp
-- Symlinking: /home/herring/rzddzy/install/franka_msgs/include/franka_msgs/franka_msgs/srv/detail/set_cartesian_stiffness__type_support.hpp
-- Symlinking: /home/herring/rzddzy/install/franka_msgs/include/franka_msgs/franka_msgs/srv/detail/set_force_torque_collision_behavior__builder.hpp
-- Symlinking: /home/herring/rzddzy/install/franka_msgs/include/franka_msgs/franka_msgs/srv/detail/set_force_torque_collision_behavior__struct.hpp
-- Symlinking: /home/herring/rzddzy/install/franka_msgs/include/franka_msgs/franka_msgs/srv/detail/set_force_torque_collision_behavior__traits.hpp
-- Symlinking: /home/herring/rzddzy/install/franka_msgs/include/franka_msgs/franka_msgs/srv/detail/set_force_torque_collision_behavior__type_support.hpp
-- Symlinking: /home/herring/rzddzy/install/franka_msgs/include/franka_msgs/franka_msgs/srv/detail/set_full_collision_behavior__builder.hpp
-- Symlinking: /home/herring/rzddzy/install/franka_msgs/include/franka_msgs/franka_msgs/srv/detail/set_full_collision_behavior__struct.hpp
-- Symlinking: /home/herring/rzddzy/install/franka_msgs/include/franka_msgs/franka_msgs/srv/detail/set_full_collision_behavior__traits.hpp
-- Symlinking: /home/herring/rzddzy/install/franka_msgs/include/franka_msgs/franka_msgs/srv/detail/set_full_collision_behavior__type_support.hpp
-- Symlinking: /home/herring/rzddzy/install/franka_msgs/include/franka_msgs/franka_msgs/srv/detail/set_joint_stiffness__builder.hpp
-- Symlinking: /home/herring/rzddzy/install/franka_msgs/include/franka_msgs/franka_msgs/srv/detail/set_joint_stiffness__struct.hpp
-- Symlinking: /home/herring/rzddzy/install/franka_msgs/include/franka_msgs/franka_msgs/srv/detail/set_joint_stiffness__traits.hpp
-- Symlinking: /home/herring/rzddzy/install/franka_msgs/include/franka_msgs/franka_msgs/srv/detail/set_joint_stiffness__type_support.hpp
-- Symlinking: /home/herring/rzddzy/install/franka_msgs/include/franka_msgs/franka_msgs/srv/detail/set_load__builder.hpp
-- Symlinking: /home/herring/rzddzy/install/franka_msgs/include/franka_msgs/franka_msgs/srv/detail/set_load__struct.hpp
-- Symlinking: /home/herring/rzddzy/install/franka_msgs/include/franka_msgs/franka_msgs/srv/detail/set_load__traits.hpp
-- Symlinking: /home/herring/rzddzy/install/franka_msgs/include/franka_msgs/franka_msgs/srv/detail/set_load__type_support.hpp
-- Symlinking: /home/herring/rzddzy/install/franka_msgs/include/franka_msgs/franka_msgs/srv/detail/set_mujoco_poses__builder.hpp
-- Symlinking: /home/herring/rzddzy/install/franka_msgs/include/franka_msgs/franka_msgs/srv/detail/set_mujoco_poses__struct.hpp
-- Symlinking: /home/herring/rzddzy/install/franka_msgs/include/franka_msgs/franka_msgs/srv/detail/set_mujoco_poses__traits.hpp
-- Symlinking: /home/herring/rzddzy/install/franka_msgs/include/franka_msgs/franka_msgs/srv/detail/set_mujoco_poses__type_support.hpp
-- Symlinking: /home/herring/rzddzy/install/franka_msgs/include/franka_msgs/franka_msgs/srv/detail/set_stiffness_frame__builder.hpp
-- Symlinking: /home/herring/rzddzy/install/franka_msgs/include/franka_msgs/franka_msgs/srv/detail/set_stiffness_frame__struct.hpp
-- Symlinking: /home/herring/rzddzy/install/franka_msgs/include/franka_msgs/franka_msgs/srv/detail/set_stiffness_frame__traits.hpp
-- Symlinking: /home/herring/rzddzy/install/franka_msgs/include/franka_msgs/franka_msgs/srv/detail/set_stiffness_frame__type_support.hpp
-- Symlinking: /home/herring/rzddzy/install/franka_msgs/include/franka_msgs/franka_msgs/srv/detail/set_tcp_frame__builder.hpp
-- Symlinking: /home/herring/rzddzy/install/franka_msgs/include/franka_msgs/franka_msgs/srv/detail/set_tcp_frame__struct.hpp
-- Symlinking: /home/herring/rzddzy/install/franka_msgs/include/franka_msgs/franka_msgs/srv/detail/set_tcp_frame__traits.hpp
-- Symlinking: /home/herring/rzddzy/install/franka_msgs/include/franka_msgs/franka_msgs/srv/detail/set_tcp_frame__type_support.hpp
-- Symlinking: /home/herring/rzddzy/install/franka_msgs/include/franka_msgs/franka_msgs/srv/error_recovery.hpp
-- Symlinking: /home/herring/rzddzy/install/franka_msgs/include/franka_msgs/franka_msgs/srv/set_cartesian_stiffness.hpp
-- Symlinking: /home/herring/rzddzy/install/franka_msgs/include/franka_msgs/franka_msgs/srv/set_force_torque_collision_behavior.hpp
-- Symlinking: /home/herring/rzddzy/install/franka_msgs/include/franka_msgs/franka_msgs/srv/set_full_collision_behavior.hpp
-- Symlinking: /home/herring/rzddzy/install/franka_msgs/include/franka_msgs/franka_msgs/srv/set_joint_stiffness.hpp
-- Symlinking: /home/herring/rzddzy/install/franka_msgs/include/franka_msgs/franka_msgs/srv/set_load.hpp
-- Symlinking: /home/herring/rzddzy/install/franka_msgs/include/franka_msgs/franka_msgs/srv/set_mujoco_poses.hpp
-- Symlinking: /home/herring/rzddzy/install/franka_msgs/include/franka_msgs/franka_msgs/srv/set_stiffness_frame.hpp
-- Symlinking: /home/herring/rzddzy/install/franka_msgs/include/franka_msgs/franka_msgs/srv/set_tcp_frame.hpp
-- Symlinking: /home/herring/rzddzy/install/franka_msgs/include/franka_msgs/franka_msgs/action/detail/grasp__rosidl_typesupport_fastrtps_cpp.hpp
-- Symlinking: /home/herring/rzddzy/install/franka_msgs/include/franka_msgs/franka_msgs/action/detail/homing__rosidl_typesupport_fastrtps_cpp.hpp
-- Symlinking: /home/herring/rzddzy/install/franka_msgs/include/franka_msgs/franka_msgs/action/detail/move__rosidl_typesupport_fastrtps_cpp.hpp
-- Symlinking: /home/herring/rzddzy/install/franka_msgs/include/franka_msgs/franka_msgs/msg/detail/errors__rosidl_typesupport_fastrtps_cpp.hpp
-- Symlinking: /home/herring/rzddzy/install/franka_msgs/include/franka_msgs/franka_msgs/msg/detail/franka_model__rosidl_typesupport_fastrtps_cpp.hpp
-- Symlinking: /home/herring/rzddzy/install/franka_msgs/include/franka_msgs/franka_msgs/msg/detail/franka_state__rosidl_typesupport_fastrtps_cpp.hpp
-- Symlinking: /home/herring/rzddzy/install/franka_msgs/include/franka_msgs/franka_msgs/msg/detail/grasp_epsilon__rosidl_typesupport_fastrtps_cpp.hpp
-- Symlinking: /home/herring/rzddzy/install/franka_msgs/include/franka_msgs/franka_msgs/msg/detail/pose_stamped_array__rosidl_typesupport_fastrtps_cpp.hpp
-- Symlinking: /home/herring/rzddzy/install/franka_msgs/include/franka_msgs/franka_msgs/msg/rosidl_typesupport_fastrtps_cpp__visibility_control.h
-- Symlinking: /home/herring/rzddzy/install/franka_msgs/include/franka_msgs/franka_msgs/srv/detail/error_recovery__rosidl_typesupport_fastrtps_cpp.hpp
-- Symlinking: /home/herring/rzddzy/install/franka_msgs/include/franka_msgs/franka_msgs/srv/detail/set_cartesian_stiffness__rosidl_typesupport_fastrtps_cpp.hpp
-- Symlinking: /home/herring/rzddzy/install/franka_msgs/include/franka_msgs/franka_msgs/srv/detail/set_force_torque_collision_behavior__rosidl_typesupport_fastrtps_cpp.hpp
-- Symlinking: /home/herring/rzddzy/install/franka_msgs/include/franka_msgs/franka_msgs/srv/detail/set_full_collision_behavior__rosidl_typesupport_fastrtps_cpp.hpp
-- Symlinking: /home/herring/rzddzy/install/franka_msgs/include/franka_msgs/franka_msgs/srv/detail/set_joint_stiffness__rosidl_typesupport_fastrtps_cpp.hpp
-- Symlinking: /home/herring/rzddzy/install/franka_msgs/include/franka_msgs/franka_msgs/srv/detail/set_load__rosidl_typesupport_fastrtps_cpp.hpp
-- Symlinking: /home/herring/rzddzy/install/franka_msgs/include/franka_msgs/franka_msgs/srv/detail/set_mujoco_poses__rosidl_typesupport_fastrtps_cpp.hpp
-- Symlinking: /home/herring/rzddzy/install/franka_msgs/include/franka_msgs/franka_msgs/srv/detail/set_stiffness_frame__rosidl_typesupport_fastrtps_cpp.hpp
-- Symlinking: /home/herring/rzddzy/install/franka_msgs/include/franka_msgs/franka_msgs/srv/detail/set_tcp_frame__rosidl_typesupport_fastrtps_cpp.hpp
-- Symlinking: /home/herring/rzddzy/install/franka_msgs/include/franka_msgs/franka_msgs/action/detail/grasp__rosidl_typesupport_introspection_cpp.hpp
-- Symlinking: /home/herring/rzddzy/install/franka_msgs/include/franka_msgs/franka_msgs/action/detail/homing__rosidl_typesupport_introspection_cpp.hpp
-- Symlinking: /home/herring/rzddzy/install/franka_msgs/include/franka_msgs/franka_msgs/action/detail/move__rosidl_typesupport_introspection_cpp.hpp
-- Symlinking: /home/herring/rzddzy/install/franka_msgs/include/franka_msgs/franka_msgs/msg/detail/errors__rosidl_typesupport_introspection_cpp.hpp
-- Symlinking: /home/herring/rzddzy/install/franka_msgs/include/franka_msgs/franka_msgs/msg/detail/franka_model__rosidl_typesupport_introspection_cpp.hpp
-- Symlinking: /home/herring/rzddzy/install/franka_msgs/include/franka_msgs/franka_msgs/msg/detail/franka_state__rosidl_typesupport_introspection_cpp.hpp
-- Symlinking: /home/herring/rzddzy/install/franka_msgs/include/franka_msgs/franka_msgs/msg/detail/grasp_epsilon__rosidl_typesupport_introspection_cpp.hpp
-- Symlinking: /home/herring/rzddzy/install/franka_msgs/include/franka_msgs/franka_msgs/msg/detail/pose_stamped_array__rosidl_typesupport_introspection_cpp.hpp
-- Symlinking: /home/herring/rzddzy/install/franka_msgs/include/franka_msgs/franka_msgs/srv/detail/error_recovery__rosidl_typesupport_introspection_cpp.hpp
-- Symlinking: /home/herring/rzddzy/install/franka_msgs/include/franka_msgs/franka_msgs/srv/detail/set_cartesian_stiffness__rosidl_typesupport_introspection_cpp.hpp
-- Symlinking: /home/herring/rzddzy/install/franka_msgs/include/franka_msgs/franka_msgs/srv/detail/set_force_torque_collision_behavior__rosidl_typesupport_introspection_cpp.hpp
-- Symlinking: /home/herring/rzddzy/install/franka_msgs/include/franka_msgs/franka_msgs/srv/detail/set_full_collision_behavior__rosidl_typesupport_introspection_cpp.hpp
-- Symlinking: /home/herring/rzddzy/install/franka_msgs/include/franka_msgs/franka_msgs/srv/detail/set_joint_stiffness__rosidl_typesupport_introspection_cpp.hpp
-- Symlinking: /home/herring/rzddzy/install/franka_msgs/include/franka_msgs/franka_msgs/srv/detail/set_load__rosidl_typesupport_introspection_cpp.hpp
-- Symlinking: /home/herring/rzddzy/install/franka_msgs/include/franka_msgs/franka_msgs/srv/detail/set_mujoco_poses__rosidl_typesupport_introspection_cpp.hpp
-- Symlinking: /home/herring/rzddzy/install/franka_msgs/include/franka_msgs/franka_msgs/srv/detail/set_stiffness_frame__rosidl_typesupport_introspection_cpp.hpp
-- Symlinking: /home/herring/rzddzy/install/franka_msgs/include/franka_msgs/franka_msgs/srv/detail/set_tcp_frame__rosidl_typesupport_introspection_cpp.hpp
-- Symlinking: /home/herring/rzddzy/install/franka_msgs/share/franka_msgs/environment/pythonpath.sh
-- Symlinking: /home/herring/rzddzy/install/franka_msgs/share/franka_msgs/environment/pythonpath.dsv
-- Symlinking: /home/herring/rzddzy/install/franka_msgs/lib/python3.12/site-packages/franka_msgs-0.0.0-py3.12.egg-info/PKG-INFO
-- Symlinking: /home/herring/rzddzy/install/franka_msgs/lib/python3.12/site-packages/franka_msgs-0.0.0-py3.12.egg-info/SOURCES.txt
-- Symlinking: /home/herring/rzddzy/install/franka_msgs/lib/python3.12/site-packages/franka_msgs-0.0.0-py3.12.egg-info/dependency_links.txt
-- Symlinking: /home/herring/rzddzy/install/franka_msgs/lib/python3.12/site-packages/franka_msgs-0.0.0-py3.12.egg-info/top_level.txt
-- Symlinking: /home/herring/rzddzy/install/franka_msgs/lib/python3.12/site-packages/franka_msgs/__init__.py
-- Symlinking: /home/herring/rzddzy/install/franka_msgs/lib/python3.12/site-packages/franka_msgs/_franka_msgs_s.ep.rosidl_typesupport_c.c
-- Symlinking: /home/herring/rzddzy/install/franka_msgs/lib/python3.12/site-packages/franka_msgs/_franka_msgs_s.ep.rosidl_typesupport_fastrtps_c.c
-- Symlinking: /home/herring/rzddzy/install/franka_msgs/lib/python3.12/site-packages/franka_msgs/_franka_msgs_s.ep.rosidl_typesupport_introspection_c.c
-- Symlinking: /home/herring/rzddzy/install/franka_msgs/lib/python3.12/site-packages/franka_msgs/action/__init__.py
-- Symlinking: /home/herring/rzddzy/install/franka_msgs/lib/python3.12/site-packages/franka_msgs/action/_grasp.py
-- Symlinking: /home/herring/rzddzy/install/franka_msgs/lib/python3.12/site-packages/franka_msgs/action/_grasp_s.c
-- Symlinking: /home/herring/rzddzy/install/franka_msgs/lib/python3.12/site-packages/franka_msgs/action/_homing.py
-- Symlinking: /home/herring/rzddzy/install/franka_msgs/lib/python3.12/site-packages/franka_msgs/action/_homing_s.c
-- Symlinking: /home/herring/rzddzy/install/franka_msgs/lib/python3.12/site-packages/franka_msgs/action/_move.py
-- Symlinking: /home/herring/rzddzy/install/franka_msgs/lib/python3.12/site-packages/franka_msgs/action/_move_s.c
-- Symlinking: /home/herring/rzddzy/install/franka_msgs/lib/python3.12/site-packages/franka_msgs/franka_msgs_s__rosidl_typesupport_c.so
-- Symlinking: /home/herring/rzddzy/install/franka_msgs/lib/python3.12/site-packages/franka_msgs/franka_msgs_s__rosidl_typesupport_fastrtps_c.so
-- Symlinking: /home/herring/rzddzy/install/franka_msgs/lib/python3.12/site-packages/franka_msgs/franka_msgs_s__rosidl_typesupport_introspection_c.so
-- Symlinking: /home/herring/rzddzy/install/franka_msgs/lib/python3.12/site-packages/franka_msgs/msg/__init__.py
-- Symlinking: /home/herring/rzddzy/install/franka_msgs/lib/python3.12/site-packages/franka_msgs/msg/_errors.py
-- Symlinking: /home/herring/rzddzy/install/franka_msgs/lib/python3.12/site-packages/franka_msgs/msg/_errors_s.c
-- Symlinking: /home/herring/rzddzy/install/franka_msgs/lib/python3.12/site-packages/franka_msgs/msg/_franka_model.py
-- Symlinking: /home/herring/rzddzy/install/franka_msgs/lib/python3.12/site-packages/franka_msgs/msg/_franka_model_s.c
-- Symlinking: /home/herring/rzddzy/install/franka_msgs/lib/python3.12/site-packages/franka_msgs/msg/_franka_state.py
-- Symlinking: /home/herring/rzddzy/install/franka_msgs/lib/python3.12/site-packages/franka_msgs/msg/_franka_state_s.c
-- Symlinking: /home/herring/rzddzy/install/franka_msgs/lib/python3.12/site-packages/franka_msgs/msg/_grasp_epsilon.py
-- Symlinking: /home/herring/rzddzy/install/franka_msgs/lib/python3.12/site-packages/franka_msgs/msg/_grasp_epsilon_s.c
-- Symlinking: /home/herring/rzddzy/install/franka_msgs/lib/python3.12/site-packages/franka_msgs/msg/_pose_stamped_array.py
-- Symlinking: /home/herring/rzddzy/install/franka_msgs/lib/python3.12/site-packages/franka_msgs/msg/_pose_stamped_array_s.c
-- Symlinking: /home/herring/rzddzy/install/franka_msgs/lib/python3.12/site-packages/franka_msgs/srv/__init__.py
-- Symlinking: /home/herring/rzddzy/install/franka_msgs/lib/python3.12/site-packages/franka_msgs/srv/_error_recovery.py
-- Symlinking: /home/herring/rzddzy/install/franka_msgs/lib/python3.12/site-packages/franka_msgs/srv/_error_recovery_s.c
-- Symlinking: /home/herring/rzddzy/install/franka_msgs/lib/python3.12/site-packages/franka_msgs/srv/_set_cartesian_stiffness.py
-- Symlinking: /home/herring/rzddzy/install/franka_msgs/lib/python3.12/site-packages/franka_msgs/srv/_set_cartesian_stiffness_s.c
-- Symlinking: /home/herring/rzddzy/install/franka_msgs/lib/python3.12/site-packages/franka_msgs/srv/_set_force_torque_collision_behavior.py
-- Symlinking: /home/herring/rzddzy/install/franka_msgs/lib/python3.12/site-packages/franka_msgs/srv/_set_force_torque_collision_behavior_s.c
-- Symlinking: /home/herring/rzddzy/install/franka_msgs/lib/python3.12/site-packages/franka_msgs/srv/_set_full_collision_behavior.py
-- Symlinking: /home/herring/rzddzy/install/franka_msgs/lib/python3.12/site-packages/franka_msgs/srv/_set_full_collision_behavior_s.c
-- Symlinking: /home/herring/rzddzy/install/franka_msgs/lib/python3.12/site-packages/franka_msgs/srv/_set_joint_stiffness.py
-- Symlinking: /home/herring/rzddzy/install/franka_msgs/lib/python3.12/site-packages/franka_msgs/srv/_set_joint_stiffness_s.c
-- Symlinking: /home/herring/rzddzy/install/franka_msgs/lib/python3.12/site-packages/franka_msgs/srv/_set_load.py
-- Symlinking: /home/herring/rzddzy/install/franka_msgs/lib/python3.12/site-packages/franka_msgs/srv/_set_load_s.c
-- Symlinking: /home/herring/rzddzy/install/franka_msgs/lib/python3.12/site-packages/franka_msgs/srv/_set_mujoco_poses.py
-- Symlinking: /home/herring/rzddzy/install/franka_msgs/lib/python3.12/site-packages/franka_msgs/srv/_set_mujoco_poses_s.c
-- Symlinking: /home/herring/rzddzy/install/franka_msgs/lib/python3.12/site-packages/franka_msgs/srv/_set_stiffness_frame.py
-- Symlinking: /home/herring/rzddzy/install/franka_msgs/lib/python3.12/site-packages/franka_msgs/srv/_set_stiffness_frame_s.c
-- Symlinking: /home/herring/rzddzy/install/franka_msgs/lib/python3.12/site-packages/franka_msgs/srv/_set_tcp_frame.py
-- Symlinking: /home/herring/rzddzy/install/franka_msgs/lib/python3.12/site-packages/franka_msgs/srv/_set_tcp_frame_s.c
-- Up-to-date symlink: /home/herring/rzddzy/install/franka_msgs/lib/python3.12/site-packages/franka_msgs/franka_msgs_s__rosidl_typesupport_fastrtps_c.so
-- Up-to-date symlink: /home/herring/rzddzy/install/franka_msgs/lib/python3.12/site-packages/franka_msgs/franka_msgs_s__rosidl_typesupport_introspection_c.so
-- Up-to-date symlink: /home/herring/rzddzy/install/franka_msgs/lib/python3.12/site-packages/franka_msgs/franka_msgs_s__rosidl_typesupport_c.so
-- Symlinking: /home/herring/rzddzy/install/franka_msgs/share/franka_msgs/msg/GraspEpsilon.idl
-- Symlinking: /home/herring/rzddzy/install/franka_msgs/share/franka_msgs/msg/FrankaState.idl
-- Symlinking: /home/herring/rzddzy/install/franka_msgs/share/franka_msgs/msg/FrankaModel.idl
-- Symlinking: /home/herring/rzddzy/install/franka_msgs/share/franka_msgs/msg/Errors.idl
-- Symlinking: /home/herring/rzddzy/install/franka_msgs/share/franka_msgs/msg/PoseStampedArray.idl
-- Symlinking: /home/herring/rzddzy/install/franka_msgs/share/franka_msgs/action/Grasp.idl
-- Symlinking: /home/herring/rzddzy/install/franka_msgs/share/franka_msgs/action/Homing.idl
-- Symlinking: /home/herring/rzddzy/install/franka_msgs/share/franka_msgs/action/Move.idl
-- Symlinking: /home/herring/rzddzy/install/franka_msgs/share/franka_msgs/srv/ErrorRecovery.idl
-- Symlinking: /home/herring/rzddzy/install/franka_msgs/share/franka_msgs/srv/SetCartesianStiffness.idl
-- Symlinking: /home/herring/rzddzy/install/franka_msgs/share/franka_msgs/srv/SetTCPFrame.idl
-- Symlinking: /home/herring/rzddzy/install/franka_msgs/share/franka_msgs/srv/SetForceTorqueCollisionBehavior.idl
-- Symlinking: /home/herring/rzddzy/install/franka_msgs/share/franka_msgs/srv/SetFullCollisionBehavior.idl
-- Symlinking: /home/herring/rzddzy/install/franka_msgs/share/franka_msgs/srv/SetJointStiffness.idl
-- Symlinking: /home/herring/rzddzy/install/franka_msgs/share/franka_msgs/srv/SetStiffnessFrame.idl
-- Symlinking: /home/herring/rzddzy/install/franka_msgs/share/franka_msgs/srv/SetLoad.idl
-- Symlinking: /home/herring/rzddzy/install/franka_msgs/share/franka_msgs/srv/SetMujocoPoses.idl
-- Symlinking: /home/herring/rzddzy/install/franka_msgs/share/franka_msgs/msg/GraspEpsilon.msg
-- Symlinking: /home/herring/rzddzy/install/franka_msgs/share/franka_msgs/msg/FrankaState.msg
-- Symlinking: /home/herring/rzddzy/install/franka_msgs/share/franka_msgs/msg/FrankaModel.msg
-- Symlinking: /home/herring/rzddzy/install/franka_msgs/share/franka_msgs/msg/Errors.msg
-- Symlinking: /home/herring/rzddzy/install/franka_msgs/share/franka_msgs/msg/PoseStampedArray.msg
-- Symlinking: /home/herring/rzddzy/install/franka_msgs/share/franka_msgs/action/Grasp.action
-- Symlinking: /home/herring/rzddzy/install/franka_msgs/share/franka_msgs/action/Homing.action
-- Symlinking: /home/herring/rzddzy/install/franka_msgs/share/franka_msgs/action/Move.action
-- Symlinking: /home/herring/rzddzy/install/franka_msgs/share/franka_msgs/srv/ErrorRecovery.srv
-- Symlinking: /home/herring/rzddzy/install/franka_msgs/share/franka_msgs/srv/SetCartesianStiffness.srv
-- Symlinking: /home/herring/rzddzy/install/franka_msgs/share/franka_msgs/srv/SetTCPFrame.srv
-- Symlinking: /home/herring/rzddzy/install/franka_msgs/share/franka_msgs/srv/SetForceTorqueCollisionBehavior.srv
-- Symlinking: /home/herring/rzddzy/install/franka_msgs/share/franka_msgs/srv/SetFullCollisionBehavior.srv
-- Symlinking: /home/herring/rzddzy/install/franka_msgs/share/franka_msgs/srv/SetJointStiffness.srv
-- Symlinking: /home/herring/rzddzy/install/franka_msgs/share/franka_msgs/srv/SetStiffnessFrame.srv
-- Symlinking: /home/herring/rzddzy/install/franka_msgs/share/franka_msgs/srv/SetLoad.srv
-- Symlinking: /home/herring/rzddzy/install/franka_msgs/share/franka_msgs/srv/SetMujocoPoses.srv
-- Symlinking: /home/herring/rzddzy/install/franka_msgs/share/ament_index/resource_index/package_run_dependencies/franka_msgs
-- Symlinking: /home/herring/rzddzy/install/franka_msgs/share/ament_index/resource_index/parent_prefix_path/franka_msgs
-- Symlinking: /home/herring/rzddzy/install/franka_msgs/share/franka_msgs/environment/ament_prefix_path.sh
-- Symlinking: /home/herring/rzddzy/install/franka_msgs/share/franka_msgs/environment/ament_prefix_path.dsv
-- Symlinking: /home/herring/rzddzy/install/franka_msgs/share/franka_msgs/environment/path.sh
-- Symlinking: /home/herring/rzddzy/install/franka_msgs/share/franka_msgs/environment/path.dsv
-- Symlinking: /home/herring/rzddzy/install/franka_msgs/share/franka_msgs/local_setup.bash
-- Symlinking: /home/herring/rzddzy/install/franka_msgs/share/franka_msgs/local_setup.sh
-- Symlinking: /home/herring/rzddzy/install/franka_msgs/share/franka_msgs/local_setup.zsh
-- Symlinking: /home/herring/rzddzy/install/franka_msgs/share/franka_msgs/local_setup.dsv
-- Symlinking: /home/herring/rzddzy/install/franka_msgs/share/franka_msgs/package.dsv
-- Symlinking: /home/herring/rzddzy/install/franka_msgs/share/ament_index/resource_index/packages/franka_msgs
-- Symlinking: /home/herring/rzddzy/install/franka_msgs/share/franka_msgs/cmake/rosidl_cmake-extras.cmake
-- Symlinking: /home/herring/rzddzy/install/franka_msgs/share/franka_msgs/cmake/ament_cmake_export_dependencies-extras.cmake
-- Symlinking: /home/herring/rzddzy/install/franka_msgs/share/franka_msgs/cmake/ament_cmake_export_include_directories-extras.cmake
-- Symlinking: /home/herring/rzddzy/install/franka_msgs/share/franka_msgs/cmake/ament_cmake_export_libraries-extras.cmake
-- Symlinking: /home/herring/rzddzy/install/franka_msgs/share/franka_msgs/cmake/ament_cmake_export_targets-extras.cmake
-- Symlinking: /home/herring/rzddzy/install/franka_msgs/share/franka_msgs/cmake/rosidl_cmake_export_typesupport_targets-extras.cmake
-- Symlinking: /home/herring/rzddzy/install/franka_msgs/share/franka_msgs/cmake/rosidl_cmake_export_typesupport_libraries-extras.cmake
-- Symlinking: /home/herring/rzddzy/install/franka_msgs/share/franka_msgs/cmake/franka_msgsConfig.cmake
-- Symlinking: /home/herring/rzddzy/install/franka_msgs/share/franka_msgs/cmake/franka_msgsConfig-version.cmake
-- Symlinking: /home/herring/rzddzy/install/franka_msgs/share/franka_msgs/package.xml
-- Installing: /home/herring/rzddzy/install/franka_msgs/lib/libfranka_msgs__rosidl_generator_c.so
-- Set non-toolchain portion of runtime path of "/home/herring/rzddzy/install/franka_msgs/lib/libfranka_msgs__rosidl_generator_c.so" to ""
-- Installing: /home/herring/rzddzy/install/franka_msgs/lib/libfranka_msgs__rosidl_typesupport_fastrtps_c.so
-- Set non-toolchain portion of runtime path of "/home/herring/rzddzy/install/franka_msgs/lib/libfranka_msgs__rosidl_typesupport_fastrtps_c.so" to ""
-- Installing: /home/herring/rzddzy/install/franka_msgs/lib/libfranka_msgs__rosidl_typesupport_introspection_c.so
-- Set non-toolchain portion of runtime path of "/home/herring/rzddzy/install/franka_msgs/lib/libfranka_msgs__rosidl_typesupport_introspection_c.so" to ""
-- Installing: /home/herring/rzddzy/install/franka_msgs/lib/libfranka_msgs__rosidl_typesupport_c.so
-- Set non-toolchain portion of runtime path of "/home/herring/rzddzy/install/franka_msgs/lib/libfranka_msgs__rosidl_typesupport_c.so" to ""
-- Installing: /home/herring/rzddzy/install/franka_msgs/lib/libfranka_msgs__rosidl_typesupport_fastrtps_cpp.so
-- Set non-toolchain portion of runtime path of "/home/herring/rzddzy/install/franka_msgs/lib/libfranka_msgs__rosidl_typesupport_fastrtps_cpp.so" to ""
-- Installing: /home/herring/rzddzy/install/franka_msgs/lib/libfranka_msgs__rosidl_typesupport_introspection_cpp.so
-- Set non-toolchain portion of runtime path of "/home/herring/rzddzy/install/franka_msgs/lib/libfranka_msgs__rosidl_typesupport_introspection_cpp.so" to ""
-- Installing: /home/herring/rzddzy/install/franka_msgs/lib/libfranka_msgs__rosidl_typesupport_cpp.so
-- Set non-toolchain portion of runtime path of "/home/herring/rzddzy/install/franka_msgs/lib/libfranka_msgs__rosidl_typesupport_cpp.so" to ""
Listing '/home/herring/rzddzy/install/franka_msgs/lib/python3.12/site-packages/franka_msgs'...
Compiling '/home/herring/rzddzy/install/franka_msgs/lib/python3.12/site-packages/franka_msgs/__init__.py'...
Listing '/home/herring/rzddzy/install/franka_msgs/lib/python3.12/site-packages/franka_msgs/action'...
Compiling '/home/herring/rzddzy/install/franka_msgs/lib/python3.12/site-packages/franka_msgs/action/__init__.py'...
Compiling '/home/herring/rzddzy/install/franka_msgs/lib/python3.12/site-packages/franka_msgs/action/_grasp.py'...
Compiling '/home/herring/rzddzy/install/franka_msgs/lib/python3.12/site-packages/franka_msgs/action/_homing.py'...
Compiling '/home/herring/rzddzy/install/franka_msgs/lib/python3.12/site-packages/franka_msgs/action/_move.py'...
Listing '/home/herring/rzddzy/install/franka_msgs/lib/python3.12/site-packages/franka_msgs/msg'...
Compiling '/home/herring/rzddzy/install/franka_msgs/lib/python3.12/site-packages/franka_msgs/msg/__init__.py'...
Compiling '/home/herring/rzddzy/install/franka_msgs/lib/python3.12/site-packages/franka_msgs/msg/_errors.py'...
Compiling '/home/herring/rzddzy/install/franka_msgs/lib/python3.12/site-packages/franka_msgs/msg/_franka_model.py'...
Compiling '/home/herring/rzddzy/install/franka_msgs/lib/python3.12/site-packages/franka_msgs/msg/_franka_state.py'...
Compiling '/home/herring/rzddzy/install/franka_msgs/lib/python3.12/site-packages/franka_msgs/msg/_grasp_epsilon.py'...
Compiling '/home/herring/rzddzy/install/franka_msgs/lib/python3.12/site-packages/franka_msgs/msg/_pose_stamped_array.py'...
Listing '/home/herring/rzddzy/install/franka_msgs/lib/python3.12/site-packages/franka_msgs/srv'...
Compiling '/home/herring/rzddzy/install/franka_msgs/lib/python3.12/site-packages/franka_msgs/srv/__init__.py'...
Compiling '/home/herring/rzddzy/install/franka_msgs/lib/python3.12/site-packages/franka_msgs/srv/_error_recovery.py'...
Compiling '/home/herring/rzddzy/install/franka_msgs/lib/python3.12/site-packages/franka_msgs/srv/_set_cartesian_stiffness.py'...
Compiling '/home/herring/rzddzy/install/franka_msgs/lib/python3.12/site-packages/franka_msgs/srv/_set_force_torque_collision_behavior.py'...
Compiling '/home/herring/rzddzy/install/franka_msgs/lib/python3.12/site-packages/franka_msgs/srv/_set_full_collision_behavior.py'...
Compiling '/home/herring/rzddzy/install/franka_msgs/lib/python3.12/site-packages/franka_msgs/srv/_set_joint_stiffness.py'...
Compiling '/home/herring/rzddzy/install/franka_msgs/lib/python3.12/site-packages/franka_msgs/srv/_set_load.py'...
Compiling '/home/herring/rzddzy/install/franka_msgs/lib/python3.12/site-packages/franka_msgs/srv/_set_mujoco_poses.py'...
Compiling '/home/herring/rzddzy/install/franka_msgs/lib/python3.12/site-packages/franka_msgs/srv/_set_stiffness_frame.py'...
Compiling '/home/herring/rzddzy/install/franka_msgs/lib/python3.12/site-packages/franka_msgs/srv/_set_tcp_frame.py'...
-- Installing: /home/herring/rzddzy/install/franka_msgs/lib/libfranka_msgs__rosidl_generator_py.so
-- Set non-toolchain portion of runtime path of "/home/herring/rzddzy/install/franka_msgs/lib/libfranka_msgs__rosidl_generator_py.so" to ""
-- Installing: /home/herring/rzddzy/install/franka_msgs/share/franka_msgs/cmake/export_franka_msgs__rosidl_generator_cExport.cmake
-- Installing: /home/herring/rzddzy/install/franka_msgs/share/franka_msgs/cmake/export_franka_msgs__rosidl_generator_cExport-noconfig.cmake
-- Installing: /home/herring/rzddzy/install/franka_msgs/share/franka_msgs/cmake/export_franka_msgs__rosidl_typesupport_fastrtps_cExport.cmake
-- Installing: /home/herring/rzddzy/install/franka_msgs/share/franka_msgs/cmake/export_franka_msgs__rosidl_typesupport_fastrtps_cExport-noconfig.cmake
-- Installing: /home/herring/rzddzy/install/franka_msgs/share/franka_msgs/cmake/franka_msgs__rosidl_typesupport_introspection_cExport.cmake
-- Installing: /home/herring/rzddzy/install/franka_msgs/share/franka_msgs/cmake/franka_msgs__rosidl_typesupport_introspection_cExport-noconfig.cmake
-- Installing: /home/herring/rzddzy/install/franka_msgs/share/franka_msgs/cmake/franka_msgs__rosidl_typesupport_cExport.cmake
-- Installing: /home/herring/rzddzy/install/franka_msgs/share/franka_msgs/cmake/franka_msgs__rosidl_typesupport_cExport-noconfig.cmake
-- Installing: /home/herring/rzddzy/install/franka_msgs/share/franka_msgs/cmake/export_franka_msgs__rosidl_generator_cppExport.cmake
-- Installing: /home/herring/rzddzy/install/franka_msgs/share/franka_msgs/cmake/export_franka_msgs__rosidl_typesupport_fastrtps_cppExport.cmake
-- Installing: /home/herring/rzddzy/install/franka_msgs/share/franka_msgs/cmake/export_franka_msgs__rosidl_typesupport_fastrtps_cppExport-noconfig.cmake
-- Installing: /home/herring/rzddzy/install/franka_msgs/share/franka_msgs/cmake/franka_msgs__rosidl_typesupport_introspection_cppExport.cmake
-- Installing: /home/herring/rzddzy/install/franka_msgs/share/franka_msgs/cmake/franka_msgs__rosidl_typesupport_introspection_cppExport-noconfig.cmake
-- Installing: /home/herring/rzddzy/install/franka_msgs/share/franka_msgs/cmake/franka_msgs__rosidl_typesupport_cppExport.cmake
-- Installing: /home/herring/rzddzy/install/franka_msgs/share/franka_msgs/cmake/franka_msgs__rosidl_typesupport_cppExport-noconfig.cmake
-- Installing: /home/herring/rzddzy/install/franka_msgs/share/franka_msgs/cmake/export_franka_msgs__rosidl_generator_pyExport.cmake
-- Installing: /home/herring/rzddzy/install/franka_msgs/share/franka_msgs/cmake/export_franka_msgs__rosidl_generator_pyExport-noconfig.cmake
