[0.006s] Invoking command in '/home/herring/rzddzy/ros2_ws/build/mujoco_ros': AMENT_PREFIX_PATH=/home/herring/rzddzy/ros2_ws/install/mujoco_ros_msgs:${AMENT_PREFIX_PATH} CMAKE_PREFIX_PATH=/home/herring/rzddzy/ros2_ws/install/mujoco_ros_msgs:/opt/ros/jazzy/opt/sdformat_vendor:/opt/ros/jazzy/opt/gz_math_vendor:/opt/ros/jazzy/opt/gz_utils_vendor:/opt/ros/jazzy/opt/gz_tools_vendor:/opt/ros/jazzy/opt/gz_cmake_vendor:/opt/ros/jazzy DEBUGINFOD_URLS=https://debuginfod.ubuntu.com LD_LIBRARY_PATH=/home/herring/rzddzy/ros2_ws/install/mujoco_ros_msgs/lib:${LD_LIBRARY_PATH} PYTHONPATH=/home/herring/rzddzy/ros2_ws/install/mujoco_ros_msgs/lib/python3.12/site-packages:${PYTHONPATH} /usr/bin/cmake /home/herring/rzddzy/ros2_ws/src/mujoco_ros_pkgs/mujoco_ros -DAMENT_CMAKE_SYMLINK_INSTALL=1 -DCMAKE_INSTALL_PREFIX=/home/herring/rzddzy/ros2_ws/install/mujoco_ros
[0.018s] -- CMAKE_BUILD_TYPE not set. Defaulting to 'Release'.
[0.019s] -- Found ament_cmake: 2.5.5 (/opt/ros/jazzy/share/ament_cmake/cmake)
[0.194s] -- Override CMake install command with custom implementation using symlinks instead of copying resources
[0.200s] -- Found rclcpp: 28.1.16 (/opt/ros/jazzy/share/rclcpp/cmake)
[0.226s] -- Found rosidl_generator_c: 4.6.7 (/opt/ros/jazzy/share/rosidl_generator_c/cmake)
[0.234s] -- Found rosidl_generator_cpp: 4.6.7 (/opt/ros/jazzy/share/rosidl_generator_cpp/cmake)
[0.245s] -- Using all available rosidl_typesupport_c: rosidl_typesupport_fastrtps_c;rosidl_typesupport_introspection_c
[0.257s] -- Using all available rosidl_typesupport_cpp: rosidl_typesupport_fastrtps_cpp;rosidl_typesupport_introspection_cpp
[0.320s] -- Found rmw_implementation_cmake: 7.3.3 (/opt/ros/jazzy/share/rmw_implementation_cmake/cmake)
[0.321s] -- Found rmw_fastrtps_cpp: 8.4.3 (/opt/ros/jazzy/share/rmw_fastrtps_cpp/cmake)
[0.376s] -- Using RMW implementation 'rmw_fastrtps_cpp' as default
[0.411s] -- Found rclcpp_lifecycle: 28.1.16 (/opt/ros/jazzy/share/rclcpp_lifecycle/cmake)
[0.427s] -- Found pluginlib: 5.4.4 (/opt/ros/jazzy/share/pluginlib/cmake)
[0.433s] -- Found tf2: 0.36.19 (/opt/ros/jazzy/share/tf2/cmake)
[0.453s] -- Found tf2_ros: 0.36.19 (/opt/ros/jazzy/share/tf2_ros/cmake)
[0.516s] -- Found image_transport: 5.1.7 (/opt/ros/jazzy/share/image_transport/cmake)
[0.532s] -- Found camera_info_manager: 5.1.7 (/opt/ros/jazzy/share/camera_info_manager/cmake)
[0.534s] -- Setting yaml-cpp_DIR to: '/opt/ros/jazzy/share/yaml_cpp_vendor/cmake/../../../opt/yaml_cpp_vendor/share/cmake/yaml-cpp'
[0.537s] -- Found tf2_geometry_msgs: 0.36.19 (/opt/ros/jazzy/share/tf2_geometry_msgs/cmake)
[0.539s] -- Found eigen3_cmake_module: 0.3.0 (/opt/ros/jazzy/share/eigen3_cmake_module/cmake)
[0.540s] -- Ensuring Eigen3 include directory is part of orocos-kdl CMake target
[0.541s] -- Found mujoco_ros_msgs: 0.9.0 (/home/herring/rzddzy/ros2_ws/install/mujoco_ros_msgs/share/mujoco_ros_msgs/cmake)
[0.542s] [0mCMake Deprecation Warning at /opt/ros/jazzy/share/actionlib_msgs/cmake/actionlib_msgsConfig.cmake:31 (message):
[0.542s]   Package 'actionlib_msgs' is deprecated (This package will be removed in a
[0.542s]   future ROS distro, once the ROS 1 bridge supports actions.)
[0.542s] Call Stack (most recent call first):
[0.542s]   /home/herring/rzddzy/ros2_ws/install/mujoco_ros_msgs/share/mujoco_ros_msgs/cmake/ament_cmake_export_dependencies-extras.cmake:21 (find_package)
[0.542s]   /home/herring/rzddzy/ros2_ws/install/mujoco_ros_msgs/share/mujoco_ros_msgs/cmake/mujoco_ros_msgsConfig.cmake:41 (include)
[0.542s]   CMakeLists.txt:62 (find_package)
[0.542s] 
[0.542s] [0m
[0.578s] -- Found std_srvs: 5.3.6 (/opt/ros/jazzy/share/std_srvs/cmake)
[0.593s] -- Can't identify catkin workspace root directory, neither did user provide one, using default config
[0.593s] [33mCMake Warning at cmake/CompilerCache.cmake:33 (message):
[0.593s]   ccache is enabled but was not found.  Not using it
[0.594s] Call Stack (most recent call first):
[0.594s]   cmake/CompilerCache.cmake:44 (_configure_ccache)
[0.594s]   cmake/CompilerCache.cmake:44 (cmake_language)
[0.594s]   cmake/ProjectOption.cmake:61 (configure_compiler_cache)
[0.594s]   CMakeLists.txt:70 (configure_project_option)
[0.594s] 
[0.594s] [0m
[0.599s] -- Looking for MuJoCo tar install ...
[0.602s] [31mCMake Error at cmake/Findmujoco.cmake:50 (message):
[0.602s]   Failed to find mujoco (MUJOCO_DIR=)
[0.602s] Call Stack (most recent call first):
[0.602s]   CMakeLists.txt:90 (find_package)
[0.602s] 
[0.602s] [0m
[0.602s] -- Configuring incomplete, errors occurred!
[0.607s] Invoked command in '/home/herring/rzddzy/ros2_ws/build/mujoco_ros' returned '1': AMENT_PREFIX_PATH=/home/herring/rzddzy/ros2_ws/install/mujoco_ros_msgs:${AMENT_PREFIX_PATH} CMAKE_PREFIX_PATH=/home/herring/rzddzy/ros2_ws/install/mujoco_ros_msgs:/opt/ros/jazzy/opt/sdformat_vendor:/opt/ros/jazzy/opt/gz_math_vendor:/opt/ros/jazzy/opt/gz_utils_vendor:/opt/ros/jazzy/opt/gz_tools_vendor:/opt/ros/jazzy/opt/gz_cmake_vendor:/opt/ros/jazzy DEBUGINFOD_URLS=https://debuginfod.ubuntu.com LD_LIBRARY_PATH=/home/herring/rzddzy/ros2_ws/install/mujoco_ros_msgs/lib:${LD_LIBRARY_PATH} PYTHONPATH=/home/herring/rzddzy/ros2_ws/install/mujoco_ros_msgs/lib/python3.12/site-packages:${PYTHONPATH} /usr/bin/cmake /home/herring/rzddzy/ros2_ws/src/mujoco_ros_pkgs/mujoco_ros -DAMENT_CMAKE_SYMLINK_INSTALL=1 -DCMAKE_INSTALL_PREFIX=/home/herring/rzddzy/ros2_ws/install/mujoco_ros
