[0.011s] Invoking command in '/home/herring/rzddzy/build/mujoco_ros': CMAKE_PREFIX_PATH=/home/herring/rzddzy/install/mujoco_ros_msgs:/home/herring/rzddzy/install/panda_motion_generators:/home/herring/rzddzy/install/panda_motion_generator_msgs:/home/herring/rzddzy/install/franka_bringup:/home/herring/rzddzy/install/multi_mode_controller_impl:/home/herring/rzddzy/install/multi_mode_controller:/home/herring/rzddzy/install/franka_example_controllers:/home/herring/rzddzy/install/multi_mode_control_msgs:/home/herring/rzddzy/install/mujoco_ros_pkgs:/home/herring/rzddzy/install/mujoco_ros2_sensors:/home/herring/rzddzy/install/mujoco_ros2_dummy_plugin:/home/herring/rzddzy/install/mujoco_ros2_control_system:/home/herring/rzddzy/install/franka_robot_state_broadcaster:/home/herring/rzddzy/install/franka_semantic_components:/home/herring/rzddzy/install/franka_hardware:/home/herring/rzddzy/install/mujoco_ros2_control:/home/herring/rzddzy/install/mujoco_ros:/home/herring/rzddzy/install/franka_msgs:/home/herring/rzddzy/install/franka_description:/home/herring/rzddzy/install/controller:/home/herring/rzddzy/install/cplus_dev:/home/herring/rzddzy/ros2_ws/install/panda_motion_generators:/home/herring/rzddzy/ros2_ws/install/panda_motion_generator_msgs:/home/herring/rzddzy/ros2_ws/install/franka_bringup:/home/herring/rzddzy/ros2_ws/install/multi_mode_controller_impl:/home/herring/rzddzy/ros2_ws/install/multi_mode_controller:/home/herring/rzddzy/ros2_ws/install/franka_example_controllers:/home/herring/rzddzy/ros2_ws/install/multi_mode_control_msgs:/home/herring/rzddzy/ros2_ws/install/mujoco_ros_pkgs:/home/herring/rzddzy/ros2_ws/install/mujoco_ros2_sensors:/home/herring/rzddzy/ros2_ws/install/mujoco_ros2_dummy_plugin:/home/herring/rzddzy/ros2_ws/install/mujoco_ros2_control_system:/home/herring/rzddzy/ros2_ws/install/franka_robot_state_broadcaster:/home/herring/rzddzy/ros2_ws/install/franka_semantic_components:/home/herring/rzddzy/ros2_ws/install/franka_hardware:/home/herring/rzddzy/ros2_ws/install/mujoco_ros2_control:/home/herring/rzddzy/ros2_ws/install/mujoco_ros:/home/herring/rzddzy/ros2_ws/install/mujoco_ros_msgs:/home/herring/rzddzy/ros2_ws/install/franka_msgs:/home/herring/rzddzy/ros2_ws/install/franka_description:/home/herring/rzddzy/ros2_ws/install/controller:/home/herring/rzddzy/ros2_ws/install/cplus_dev:/opt/ros/jazzy/opt/sdformat_vendor:/opt/ros/jazzy/opt/gz_math_vendor:/opt/ros/jazzy/opt/gz_utils_vendor:/opt/ros/jazzy/opt/gz_tools_vendor:/opt/ros/jazzy/opt/gz_cmake_vendor:/opt/ros/jazzy DEBUGINFOD_URLS=https://debuginfod.ubuntu.com LD_LIBRARY_PATH=/home/herring/rzddzy/install/mujoco_ros_msgs/lib:/home/herring/rzddzy/install/panda_motion_generators/lib:/home/herring/rzddzy/install/panda_motion_generator_msgs/lib:/home/herring/rzddzy/install/multi_mode_controller_impl/lib:/home/herring/rzddzy/install/multi_mode_controller/lib:/home/herring/rzddzy/install/franka_example_controllers/lib:/home/herring/rzddzy/install/multi_mode_control_msgs/lib:/home/herring/rzddzy/install/mujoco_ros2_sensors/lib:/home/herring/rzddzy/install/mujoco_ros2_dummy_plugin/lib:/home/herring/rzddzy/install/mujoco_ros2_control_system/lib:/home/herring/rzddzy/install/franka_robot_state_broadcaster/lib:/home/herring/rzddzy/install/franka_semantic_components/lib:/home/herring/rzddzy/install/franka_hardware/lib:/home/herring/rzddzy/install/mujoco_ros2_control/lib:/home/herring/rzddzy/install/mujoco_ros/lib:/home/herring/rzddzy/install/franka_msgs/lib:/home/herring/rzddzy/install/cplus_dev/lib:/home/herring/rzddzy/ros2_ws/install/panda_motion_generators/lib:/home/herring/rzddzy/ros2_ws/install/panda_motion_generator_msgs/lib:/home/herring/rzddzy/ros2_ws/install/multi_mode_controller_impl/lib:/home/herring/rzddzy/ros2_ws/install/multi_mode_controller/lib:/home/herring/rzddzy/ros2_ws/install/franka_example_controllers/lib:/home/herring/rzddzy/ros2_ws/install/multi_mode_control_msgs/lib:/home/herring/rzddzy/ros2_ws/install/mujoco_ros2_sensors/lib:/home/herring/rzddzy/ros2_ws/install/mujoco_ros2_dummy_plugin/lib:/home/herring/rzddzy/ros2_ws/install/mujoco_ros2_control_system/lib:/home/herring/rzddzy/ros2_ws/install/franka_robot_state_broadcaster/lib:/home/herring/rzddzy/ros2_ws/install/franka_semantic_components/lib:/home/herring/rzddzy/ros2_ws/install/franka_hardware/lib:/home/herring/rzddzy/ros2_ws/install/mujoco_ros2_control/lib:/home/herring/rzddzy/ros2_ws/install/mujoco_ros/lib:/home/herring/rzddzy/ros2_ws/install/mujoco_ros_msgs/lib:/home/herring/rzddzy/ros2_ws/install/franka_msgs/lib:/home/herring/rzddzy/ros2_ws/install/cplus_dev/lib:/opt/ros/jazzy/opt/sdformat_vendor/lib:/opt/ros/jazzy/opt/rviz_ogre_vendor/lib:/opt/ros/jazzy/lib/x86_64-linux-gnu:/opt/ros/jazzy/opt/gz_math_vendor/lib:/opt/ros/jazzy/opt/gz_utils_vendor/lib:/opt/ros/jazzy/opt/gz_tools_vendor/lib:/opt/ros/jazzy/opt/gz_cmake_vendor/lib:/opt/ros/jazzy/lib PYTHONPATH=/home/herring/rzddzy/install/mujoco_ros_msgs/lib/python3.12/site-packages:/home/herring/rzddzy/install/panda_motion_generator_msgs/lib/python3.12/site-packages:/home/herring/rzddzy/install/multi_mode_control_msgs/lib/python3.12/site-packages:/home/herring/rzddzy/install/franka_msgs/lib/python3.12/site-packages:/home/herring/rzddzy/build/franka_ik_py:/home/herring/rzddzy/install/franka_ik_py/lib/python3.12/site-packages:/home/herring/rzddzy/ros2_ws/install/panda_motion_generator_msgs/lib/python3.12/site-packages:/home/herring/rzddzy/ros2_ws/install/multi_mode_control_msgs/lib/python3.12/site-packages:/home/herring/rzddzy/ros2_ws/install/mujoco_ros_msgs/lib/python3.12/site-packages:/home/herring/rzddzy/ros2_ws/install/franka_msgs/lib/python3.12/site-packages:/home/herring/rzddzy/ros2_ws/build/franka_ik_py:/home/herring/rzddzy/ros2_ws/install/franka_ik_py/lib/python3.12/site-packages:/opt/ros/jazzy/lib/python3.12/site-packages /usr/bin/cmake --build /home/herring/rzddzy/build/mujoco_ros -- -j28 -l28
[0.044s] -- CMAKE_BUILD_TYPE not set. Defaulting to 'Release'.
[0.046s] -- Found ament_cmake: 2.5.5 (/opt/ros/jazzy/share/ament_cmake/cmake)
[0.237s] -- Override CMake install command with custom implementation using symlinks instead of copying resources
[0.247s] -- Found rclcpp: 28.1.16 (/opt/ros/jazzy/share/rclcpp/cmake)
[0.280s] -- Found rosidl_generator_c: 4.6.7 (/opt/ros/jazzy/share/rosidl_generator_c/cmake)
[0.288s] -- Found rosidl_generator_cpp: 4.6.7 (/opt/ros/jazzy/share/rosidl_generator_cpp/cmake)
[0.299s] -- Using all available rosidl_typesupport_c: rosidl_typesupport_fastrtps_c;rosidl_typesupport_introspection_c
[0.312s] -- Using all available rosidl_typesupport_cpp: rosidl_typesupport_fastrtps_cpp;rosidl_typesupport_introspection_cpp
[0.368s] -- Found rmw_implementation_cmake: 7.3.3 (/opt/ros/jazzy/share/rmw_implementation_cmake/cmake)
[0.371s] -- Found rmw_fastrtps_cpp: 8.4.3 (/opt/ros/jazzy/share/rmw_fastrtps_cpp/cmake)
[0.430s] -- Using RMW implementation 'rmw_fastrtps_cpp' as default
[0.488s] -- Found rclcpp_lifecycle: 28.1.16 (/opt/ros/jazzy/share/rclcpp_lifecycle/cmake)
[0.512s] -- Found pluginlib: 5.4.4 (/opt/ros/jazzy/share/pluginlib/cmake)
[0.521s] -- Found tf2: 0.36.19 (/opt/ros/jazzy/share/tf2/cmake)
[0.550s] -- Found tf2_ros: 0.36.19 (/opt/ros/jazzy/share/tf2_ros/cmake)
[0.647s] -- Found image_transport: 5.1.7 (/opt/ros/jazzy/share/image_transport/cmake)
[0.670s] -- Found camera_info_manager: 5.1.7 (/opt/ros/jazzy/share/camera_info_manager/cmake)
[0.673s] -- Setting yaml-cpp_DIR to: '/opt/ros/jazzy/share/yaml_cpp_vendor/cmake/../../../opt/yaml_cpp_vendor/share/cmake/yaml-cpp'
[0.678s] -- Found tf2_geometry_msgs: 0.36.19 (/opt/ros/jazzy/share/tf2_geometry_msgs/cmake)
[0.681s] -- Found eigen3_cmake_module: 0.3.0 (/opt/ros/jazzy/share/eigen3_cmake_module/cmake)
[0.682s] -- Ensuring Eigen3 include directory is part of orocos-kdl CMake target
[0.684s] -- Found mujoco_ros_msgs: 0.9.0 (/home/herring/rzddzy/install/mujoco_ros_msgs/share/mujoco_ros_msgs/cmake)
[0.686s] [0mCMake Deprecation Warning at /opt/ros/jazzy/share/actionlib_msgs/cmake/actionlib_msgsConfig.cmake:31 (message):
[0.686s]   Package 'actionlib_msgs' is deprecated (This package will be removed in a
[0.686s]   future ROS distro, once the ROS 1 bridge supports actions.)
[0.686s] Call Stack (most recent call first):
[0.686s]   /home/herring/rzddzy/install/mujoco_ros_msgs/share/mujoco_ros_msgs/cmake/ament_cmake_export_dependencies-extras.cmake:21 (find_package)
[0.686s]   /home/herring/rzddzy/install/mujoco_ros_msgs/share/mujoco_ros_msgs/cmake/mujoco_ros_msgsConfig.cmake:41 (include)
[0.686s]   CMakeLists.txt:62 (find_package)
[0.686s] 
[0.687s] [0m
[0.736s] -- Found std_srvs: 5.3.6 (/opt/ros/jazzy/share/std_srvs/cmake)
[0.757s] -- Can't identify catkin workspace root directory, neither did user provide one, using default config
[0.757s] [33mCMake Warning at cmake/CompilerCache.cmake:33 (message):
[0.758s]   ccache is enabled but was not found.  Not using it
[0.758s] Call Stack (most recent call first):
[0.758s]   cmake/CompilerCache.cmake:44 (_configure_ccache)
[0.758s]   cmake/CompilerCache.cmake:44 (cmake_language)
[0.758s]   cmake/ProjectOption.cmake:61 (configure_compiler_cache)
[0.758s]   CMakeLists.txt:70 (configure_project_option)
[0.758s] 
[0.758s] [0m
[0.758s] -- Looking for MuJoCo tar install ...
[0.761s] [0mMuJoCo tar install found, but version can not be detected. If experiencing errors check that version 3.2.0 or a newer, compatible version is installed[0m
[0.761s] -- GLFW3 found. GUI and offscreen rendering available.
[0.761s] -- configured RENDERING_BACKEND: GLFW
[0.851s] -- Configuring done (0.8s)
[0.876s] -- Generating done (0.0s)
[0.881s] -- Build files have been written to: /home/herring/rzddzy/build/mujoco_ros
[0.922s] [  4%] Built target lodepng
[0.924s] [  8%] [34m[1mGenerating include/mujoco_ros/render_backend.hpp, always_rebuild_backend[0m
[0.924s] [ 13%] [34m[1mGenerating include/mujoco_ros/ros_version.hpp, always_rebuild_ros[0m
[0.946s] [ 26%] Built target platform_ui_adapter
[0.957s] [ 34%] [34m[1mGenerating render backend header[0m
[0.957s] [ 34%] [34m[1mGenerating ROS version header[0m
[0.966s] [ 34%] Built target ros_version_h
[0.969s] [ 34%] Built target render_backend_h
[1.046s] [ 39%] [32mBuilding CXX object src/CMakeFiles/mujoco_ros.dir/main.cpp.o[0m
[1.048s] [ 43%] [32mBuilding CXX object src/CMakeFiles/mujoco_ros.dir/ros_two/parameter_interface.cpp.o[0m
[1.049s] [ 47%] [32mBuilding CXX object src/CMakeFiles/mujoco_ros.dir/mujoco_env.cpp.o[0m
[1.050s] [ 52%] [32mBuilding CXX object src/CMakeFiles/mujoco_ros.dir/ros_two/ros_api.cpp.o[0m
[1.051s] [ 56%] [32mBuilding CXX object src/CMakeFiles/mujoco_ros.dir/loading.cpp.o[0m
[1.052s] [ 60%] [32mBuilding CXX object src/CMakeFiles/mujoco_ros.dir/ros_two/plugin_utils.cpp.o[0m
[1.053s] [ 65%] [32mBuilding CXX object src/CMakeFiles/mujoco_ros.dir/physics.cpp.o[0m
[1.053s] [ 69%] [32mBuilding CXX object src/CMakeFiles/mujoco_ros.dir/offscreen_camera.cpp.o[0m
[1.054s] [ 73%] [32mBuilding CXX object src/CMakeFiles/mujoco_ros.dir/interface.cpp.o[0m
[1.054s] [ 78%] [32mBuilding CXX object src/CMakeFiles/mujoco_ros.dir/offscreen_rendering.cpp.o[0m
[1.055s] [ 82%] [32mBuilding CXX object src/CMakeFiles/mujoco_ros.dir/viewer.cpp.o[0m
[1.055s] [ 86%] [32mBuilding CXX object src/CMakeFiles/mujoco_ros.dir/threading.cpp.o[0m
[17.424s] [ 91%] [32m[1mLinking CXX shared library libmujoco_ros.so[0m
[17.534s] [ 91%] Built target mujoco_ros
[17.573s] [ 95%] [32mBuilding CXX object src/CMakeFiles/mujoco_node.dir/main.cpp.o[0m
[21.427s] [100%] [32m[1mLinking CXX executable mujoco_node[0m
[21.512s] [100%] Built target mujoco_node
[21.523s] Invoked command in '/home/herring/rzddzy/build/mujoco_ros' returned '0': CMAKE_PREFIX_PATH=/home/herring/rzddzy/install/mujoco_ros_msgs:/home/herring/rzddzy/install/panda_motion_generators:/home/herring/rzddzy/install/panda_motion_generator_msgs:/home/herring/rzddzy/install/franka_bringup:/home/herring/rzddzy/install/multi_mode_controller_impl:/home/herring/rzddzy/install/multi_mode_controller:/home/herring/rzddzy/install/franka_example_controllers:/home/herring/rzddzy/install/multi_mode_control_msgs:/home/herring/rzddzy/install/mujoco_ros_pkgs:/home/herring/rzddzy/install/mujoco_ros2_sensors:/home/herring/rzddzy/install/mujoco_ros2_dummy_plugin:/home/herring/rzddzy/install/mujoco_ros2_control_system:/home/herring/rzddzy/install/franka_robot_state_broadcaster:/home/herring/rzddzy/install/franka_semantic_components:/home/herring/rzddzy/install/franka_hardware:/home/herring/rzddzy/install/mujoco_ros2_control:/home/herring/rzddzy/install/mujoco_ros:/home/herring/rzddzy/install/franka_msgs:/home/herring/rzddzy/install/franka_description:/home/herring/rzddzy/install/controller:/home/herring/rzddzy/install/cplus_dev:/home/herring/rzddzy/ros2_ws/install/panda_motion_generators:/home/herring/rzddzy/ros2_ws/install/panda_motion_generator_msgs:/home/herring/rzddzy/ros2_ws/install/franka_bringup:/home/herring/rzddzy/ros2_ws/install/multi_mode_controller_impl:/home/herring/rzddzy/ros2_ws/install/multi_mode_controller:/home/herring/rzddzy/ros2_ws/install/franka_example_controllers:/home/herring/rzddzy/ros2_ws/install/multi_mode_control_msgs:/home/herring/rzddzy/ros2_ws/install/mujoco_ros_pkgs:/home/herring/rzddzy/ros2_ws/install/mujoco_ros2_sensors:/home/herring/rzddzy/ros2_ws/install/mujoco_ros2_dummy_plugin:/home/herring/rzddzy/ros2_ws/install/mujoco_ros2_control_system:/home/herring/rzddzy/ros2_ws/install/franka_robot_state_broadcaster:/home/herring/rzddzy/ros2_ws/install/franka_semantic_components:/home/herring/rzddzy/ros2_ws/install/franka_hardware:/home/herring/rzddzy/ros2_ws/install/mujoco_ros2_control:/home/herring/rzddzy/ros2_ws/install/mujoco_ros:/home/herring/rzddzy/ros2_ws/install/mujoco_ros_msgs:/home/herring/rzddzy/ros2_ws/install/franka_msgs:/home/herring/rzddzy/ros2_ws/install/franka_description:/home/herring/rzddzy/ros2_ws/install/controller:/home/herring/rzddzy/ros2_ws/install/cplus_dev:/opt/ros/jazzy/opt/sdformat_vendor:/opt/ros/jazzy/opt/gz_math_vendor:/opt/ros/jazzy/opt/gz_utils_vendor:/opt/ros/jazzy/opt/gz_tools_vendor:/opt/ros/jazzy/opt/gz_cmake_vendor:/opt/ros/jazzy DEBUGINFOD_URLS=https://debuginfod.ubuntu.com LD_LIBRARY_PATH=/home/herring/rzddzy/install/mujoco_ros_msgs/lib:/home/herring/rzddzy/install/panda_motion_generators/lib:/home/herring/rzddzy/install/panda_motion_generator_msgs/lib:/home/herring/rzddzy/install/multi_mode_controller_impl/lib:/home/herring/rzddzy/install/multi_mode_controller/lib:/home/herring/rzddzy/install/franka_example_controllers/lib:/home/herring/rzddzy/install/multi_mode_control_msgs/lib:/home/herring/rzddzy/install/mujoco_ros2_sensors/lib:/home/herring/rzddzy/install/mujoco_ros2_dummy_plugin/lib:/home/herring/rzddzy/install/mujoco_ros2_control_system/lib:/home/herring/rzddzy/install/franka_robot_state_broadcaster/lib:/home/herring/rzddzy/install/franka_semantic_components/lib:/home/herring/rzddzy/install/franka_hardware/lib:/home/herring/rzddzy/install/mujoco_ros2_control/lib:/home/herring/rzddzy/install/mujoco_ros/lib:/home/herring/rzddzy/install/franka_msgs/lib:/home/herring/rzddzy/install/cplus_dev/lib:/home/herring/rzddzy/ros2_ws/install/panda_motion_generators/lib:/home/herring/rzddzy/ros2_ws/install/panda_motion_generator_msgs/lib:/home/herring/rzddzy/ros2_ws/install/multi_mode_controller_impl/lib:/home/herring/rzddzy/ros2_ws/install/multi_mode_controller/lib:/home/herring/rzddzy/ros2_ws/install/franka_example_controllers/lib:/home/herring/rzddzy/ros2_ws/install/multi_mode_control_msgs/lib:/home/herring/rzddzy/ros2_ws/install/mujoco_ros2_sensors/lib:/home/herring/rzddzy/ros2_ws/install/mujoco_ros2_dummy_plugin/lib:/home/herring/rzddzy/ros2_ws/install/mujoco_ros2_control_system/lib:/home/herring/rzddzy/ros2_ws/install/franka_robot_state_broadcaster/lib:/home/herring/rzddzy/ros2_ws/install/franka_semantic_components/lib:/home/herring/rzddzy/ros2_ws/install/franka_hardware/lib:/home/herring/rzddzy/ros2_ws/install/mujoco_ros2_control/lib:/home/herring/rzddzy/ros2_ws/install/mujoco_ros/lib:/home/herring/rzddzy/ros2_ws/install/mujoco_ros_msgs/lib:/home/herring/rzddzy/ros2_ws/install/franka_msgs/lib:/home/herring/rzddzy/ros2_ws/install/cplus_dev/lib:/opt/ros/jazzy/opt/sdformat_vendor/lib:/opt/ros/jazzy/opt/rviz_ogre_vendor/lib:/opt/ros/jazzy/lib/x86_64-linux-gnu:/opt/ros/jazzy/opt/gz_math_vendor/lib:/opt/ros/jazzy/opt/gz_utils_vendor/lib:/opt/ros/jazzy/opt/gz_tools_vendor/lib:/opt/ros/jazzy/opt/gz_cmake_vendor/lib:/opt/ros/jazzy/lib PYTHONPATH=/home/herring/rzddzy/install/mujoco_ros_msgs/lib/python3.12/site-packages:/home/herring/rzddzy/install/panda_motion_generator_msgs/lib/python3.12/site-packages:/home/herring/rzddzy/install/multi_mode_control_msgs/lib/python3.12/site-packages:/home/herring/rzddzy/install/franka_msgs/lib/python3.12/site-packages:/home/herring/rzddzy/build/franka_ik_py:/home/herring/rzddzy/install/franka_ik_py/lib/python3.12/site-packages:/home/herring/rzddzy/ros2_ws/install/panda_motion_generator_msgs/lib/python3.12/site-packages:/home/herring/rzddzy/ros2_ws/install/multi_mode_control_msgs/lib/python3.12/site-packages:/home/herring/rzddzy/ros2_ws/install/mujoco_ros_msgs/lib/python3.12/site-packages:/home/herring/rzddzy/ros2_ws/install/franka_msgs/lib/python3.12/site-packages:/home/herring/rzddzy/ros2_ws/build/franka_ik_py:/home/herring/rzddzy/ros2_ws/install/franka_ik_py/lib/python3.12/site-packages:/opt/ros/jazzy/lib/python3.12/site-packages /usr/bin/cmake --build /home/herring/rzddzy/build/mujoco_ros -- -j28 -l28
[21.524s] Invoking command in '/home/herring/rzddzy/build/mujoco_ros': CMAKE_PREFIX_PATH=/home/herring/rzddzy/install/mujoco_ros_msgs:/home/herring/rzddzy/install/panda_motion_generators:/home/herring/rzddzy/install/panda_motion_generator_msgs:/home/herring/rzddzy/install/franka_bringup:/home/herring/rzddzy/install/multi_mode_controller_impl:/home/herring/rzddzy/install/multi_mode_controller:/home/herring/rzddzy/install/franka_example_controllers:/home/herring/rzddzy/install/multi_mode_control_msgs:/home/herring/rzddzy/install/mujoco_ros_pkgs:/home/herring/rzddzy/install/mujoco_ros2_sensors:/home/herring/rzddzy/install/mujoco_ros2_dummy_plugin:/home/herring/rzddzy/install/mujoco_ros2_control_system:/home/herring/rzddzy/install/franka_robot_state_broadcaster:/home/herring/rzddzy/install/franka_semantic_components:/home/herring/rzddzy/install/franka_hardware:/home/herring/rzddzy/install/mujoco_ros2_control:/home/herring/rzddzy/install/mujoco_ros:/home/herring/rzddzy/install/franka_msgs:/home/herring/rzddzy/install/franka_description:/home/herring/rzddzy/install/controller:/home/herring/rzddzy/install/cplus_dev:/home/herring/rzddzy/ros2_ws/install/panda_motion_generators:/home/herring/rzddzy/ros2_ws/install/panda_motion_generator_msgs:/home/herring/rzddzy/ros2_ws/install/franka_bringup:/home/herring/rzddzy/ros2_ws/install/multi_mode_controller_impl:/home/herring/rzddzy/ros2_ws/install/multi_mode_controller:/home/herring/rzddzy/ros2_ws/install/franka_example_controllers:/home/herring/rzddzy/ros2_ws/install/multi_mode_control_msgs:/home/herring/rzddzy/ros2_ws/install/mujoco_ros_pkgs:/home/herring/rzddzy/ros2_ws/install/mujoco_ros2_sensors:/home/herring/rzddzy/ros2_ws/install/mujoco_ros2_dummy_plugin:/home/herring/rzddzy/ros2_ws/install/mujoco_ros2_control_system:/home/herring/rzddzy/ros2_ws/install/franka_robot_state_broadcaster:/home/herring/rzddzy/ros2_ws/install/franka_semantic_components:/home/herring/rzddzy/ros2_ws/install/franka_hardware:/home/herring/rzddzy/ros2_ws/install/mujoco_ros2_control:/home/herring/rzddzy/ros2_ws/install/mujoco_ros:/home/herring/rzddzy/ros2_ws/install/mujoco_ros_msgs:/home/herring/rzddzy/ros2_ws/install/franka_msgs:/home/herring/rzddzy/ros2_ws/install/franka_description:/home/herring/rzddzy/ros2_ws/install/controller:/home/herring/rzddzy/ros2_ws/install/cplus_dev:/opt/ros/jazzy/opt/sdformat_vendor:/opt/ros/jazzy/opt/gz_math_vendor:/opt/ros/jazzy/opt/gz_utils_vendor:/opt/ros/jazzy/opt/gz_tools_vendor:/opt/ros/jazzy/opt/gz_cmake_vendor:/opt/ros/jazzy DEBUGINFOD_URLS=https://debuginfod.ubuntu.com LD_LIBRARY_PATH=/home/herring/rzddzy/install/mujoco_ros_msgs/lib:/home/herring/rzddzy/install/panda_motion_generators/lib:/home/herring/rzddzy/install/panda_motion_generator_msgs/lib:/home/herring/rzddzy/install/multi_mode_controller_impl/lib:/home/herring/rzddzy/install/multi_mode_controller/lib:/home/herring/rzddzy/install/franka_example_controllers/lib:/home/herring/rzddzy/install/multi_mode_control_msgs/lib:/home/herring/rzddzy/install/mujoco_ros2_sensors/lib:/home/herring/rzddzy/install/mujoco_ros2_dummy_plugin/lib:/home/herring/rzddzy/install/mujoco_ros2_control_system/lib:/home/herring/rzddzy/install/franka_robot_state_broadcaster/lib:/home/herring/rzddzy/install/franka_semantic_components/lib:/home/herring/rzddzy/install/franka_hardware/lib:/home/herring/rzddzy/install/mujoco_ros2_control/lib:/home/herring/rzddzy/install/mujoco_ros/lib:/home/herring/rzddzy/install/franka_msgs/lib:/home/herring/rzddzy/install/cplus_dev/lib:/home/herring/rzddzy/ros2_ws/install/panda_motion_generators/lib:/home/herring/rzddzy/ros2_ws/install/panda_motion_generator_msgs/lib:/home/herring/rzddzy/ros2_ws/install/multi_mode_controller_impl/lib:/home/herring/rzddzy/ros2_ws/install/multi_mode_controller/lib:/home/herring/rzddzy/ros2_ws/install/franka_example_controllers/lib:/home/herring/rzddzy/ros2_ws/install/multi_mode_control_msgs/lib:/home/herring/rzddzy/ros2_ws/install/mujoco_ros2_sensors/lib:/home/herring/rzddzy/ros2_ws/install/mujoco_ros2_dummy_plugin/lib:/home/herring/rzddzy/ros2_ws/install/mujoco_ros2_control_system/lib:/home/herring/rzddzy/ros2_ws/install/franka_robot_state_broadcaster/lib:/home/herring/rzddzy/ros2_ws/install/franka_semantic_components/lib:/home/herring/rzddzy/ros2_ws/install/franka_hardware/lib:/home/herring/rzddzy/ros2_ws/install/mujoco_ros2_control/lib:/home/herring/rzddzy/ros2_ws/install/mujoco_ros/lib:/home/herring/rzddzy/ros2_ws/install/mujoco_ros_msgs/lib:/home/herring/rzddzy/ros2_ws/install/franka_msgs/lib:/home/herring/rzddzy/ros2_ws/install/cplus_dev/lib:/opt/ros/jazzy/opt/sdformat_vendor/lib:/opt/ros/jazzy/opt/rviz_ogre_vendor/lib:/opt/ros/jazzy/lib/x86_64-linux-gnu:/opt/ros/jazzy/opt/gz_math_vendor/lib:/opt/ros/jazzy/opt/gz_utils_vendor/lib:/opt/ros/jazzy/opt/gz_tools_vendor/lib:/opt/ros/jazzy/opt/gz_cmake_vendor/lib:/opt/ros/jazzy/lib PYTHONPATH=/home/herring/rzddzy/install/mujoco_ros_msgs/lib/python3.12/site-packages:/home/herring/rzddzy/install/panda_motion_generator_msgs/lib/python3.12/site-packages:/home/herring/rzddzy/install/multi_mode_control_msgs/lib/python3.12/site-packages:/home/herring/rzddzy/install/franka_msgs/lib/python3.12/site-packages:/home/herring/rzddzy/build/franka_ik_py:/home/herring/rzddzy/install/franka_ik_py/lib/python3.12/site-packages:/home/herring/rzddzy/ros2_ws/install/panda_motion_generator_msgs/lib/python3.12/site-packages:/home/herring/rzddzy/ros2_ws/install/multi_mode_control_msgs/lib/python3.12/site-packages:/home/herring/rzddzy/ros2_ws/install/mujoco_ros_msgs/lib/python3.12/site-packages:/home/herring/rzddzy/ros2_ws/install/franka_msgs/lib/python3.12/site-packages:/home/herring/rzddzy/ros2_ws/build/franka_ik_py:/home/herring/rzddzy/ros2_ws/install/franka_ik_py/lib/python3.12/site-packages:/opt/ros/jazzy/lib/python3.12/site-packages /usr/bin/cmake --install /home/herring/rzddzy/build/mujoco_ros
[21.532s] -- Install configuration: "Release"
[21.532s] -- Execute custom install script
[21.532s] -- Up-to-date symlink: /home/herring/rzddzy/install/mujoco_ros/include/mujoco_ros/render_backend.hpp
[21.533s] -- Up-to-date symlink: /home/herring/rzddzy/install/mujoco_ros/include/mujoco_ros/ros_version.hpp
[21.533s] -- Up-to-date symlink: /home/herring/rzddzy/install/mujoco_ros/include//mujoco_ros/array_safety.h
[21.533s] -- Up-to-date symlink: /home/herring/rzddzy/install/mujoco_ros/include//mujoco_ros/common_types.hpp
[21.533s] -- Up-to-date symlink: /home/herring/rzddzy/install/mujoco_ros/include//mujoco_ros/glfw_adapter.h
[21.533s] -- Up-to-date symlink: /home/herring/rzddzy/install/mujoco_ros/include//mujoco_ros/glfw_dispatch.h
[21.533s] -- Up-to-date symlink: /home/herring/rzddzy/install/mujoco_ros/include//mujoco_ros/lodepng.h
[21.533s] -- Up-to-date symlink: /home/herring/rzddzy/install/mujoco_ros/include//mujoco_ros/logging.hpp
[21.534s] -- Up-to-date symlink: /home/herring/rzddzy/install/mujoco_ros/include//mujoco_ros/mujoco_env.hpp
[21.534s] -- Up-to-date symlink: /home/herring/rzddzy/install/mujoco_ros/include//mujoco_ros/offscreen_camera.hpp
[21.534s] -- Up-to-date symlink: /home/herring/rzddzy/install/mujoco_ros/include//mujoco_ros/platform_ui_adapter.h
[21.534s] -- Up-to-date symlink: /home/herring/rzddzy/install/mujoco_ros/include//mujoco_ros/ros_one/plugin_utils.hpp
[21.534s] -- Up-to-date symlink: /home/herring/rzddzy/install/mujoco_ros/include//mujoco_ros/ros_one/ros_api.hpp
[21.534s] -- Up-to-date symlink: /home/herring/rzddzy/install/mujoco_ros/include//mujoco_ros/ros_two/plugin_utils.hpp
[21.534s] -- Up-to-date symlink: /home/herring/rzddzy/install/mujoco_ros/include//mujoco_ros/ros_two/ros_api.hpp
[21.535s] -- Up-to-date symlink: /home/herring/rzddzy/install/mujoco_ros/include//mujoco_ros/util.hpp
[21.535s] -- Up-to-date symlink: /home/herring/rzddzy/install/mujoco_ros/include//mujoco_ros/viewer.hpp
[21.535s] -- Up-to-date symlink: /home/herring/rzddzy/install/mujoco_ros/share/mujoco_ros/launch/launch_server.launch
[21.535s] -- Up-to-date symlink: /home/herring/rzddzy/install/mujoco_ros/share/mujoco_ros/config/initial_joint_states.yaml
[21.535s] -- Up-to-date symlink: /home/herring/rzddzy/install/mujoco_ros/share/mujoco_ros/config/rosconsole.config
[21.535s] -- Up-to-date symlink: /home/herring/rzddzy/install/mujoco_ros/share/mujoco_ros/assets/pendulum_world.xml
[21.535s] -- Up-to-date symlink: /home/herring/rzddzy/install/mujoco_ros/lib/mujoco_ros/mujoco_node
[21.536s] -- Up-to-date symlink: /home/herring/rzddzy/install/mujoco_ros/share/ament_index/resource_index/package_run_dependencies/mujoco_ros
[21.536s] -- Up-to-date symlink: /home/herring/rzddzy/install/mujoco_ros/share/ament_index/resource_index/parent_prefix_path/mujoco_ros
[21.536s] -- Up-to-date symlink: /home/herring/rzddzy/install/mujoco_ros/share/mujoco_ros/environment/ament_prefix_path.sh
[21.536s] -- Up-to-date symlink: /home/herring/rzddzy/install/mujoco_ros/share/mujoco_ros/environment/ament_prefix_path.dsv
[21.536s] -- Up-to-date symlink: /home/herring/rzddzy/install/mujoco_ros/share/mujoco_ros/environment/path.sh
[21.536s] -- Up-to-date symlink: /home/herring/rzddzy/install/mujoco_ros/share/mujoco_ros/environment/path.dsv
[21.536s] -- Up-to-date symlink: /home/herring/rzddzy/install/mujoco_ros/share/mujoco_ros/local_setup.bash
[21.536s] -- Up-to-date symlink: /home/herring/rzddzy/install/mujoco_ros/share/mujoco_ros/local_setup.sh
[21.537s] -- Up-to-date symlink: /home/herring/rzddzy/install/mujoco_ros/share/mujoco_ros/local_setup.zsh
[21.537s] -- Up-to-date symlink: /home/herring/rzddzy/install/mujoco_ros/share/mujoco_ros/local_setup.dsv
[21.537s] -- Symlinking: /home/herring/rzddzy/install/mujoco_ros/share/mujoco_ros/package.dsv
[21.543s] -- Up-to-date symlink: /home/herring/rzddzy/install/mujoco_ros/share/ament_index/resource_index/packages/mujoco_ros
[21.544s] -- Up-to-date symlink: /home/herring/rzddzy/install/mujoco_ros/share/mujoco_ros/cmake/ament_cmake_export_include_directories-extras.cmake
[21.544s] -- Up-to-date symlink: /home/herring/rzddzy/install/mujoco_ros/share/mujoco_ros/cmake/ament_cmake_export_dependencies-extras.cmake
[21.544s] -- Up-to-date symlink: /home/herring/rzddzy/install/mujoco_ros/share/mujoco_ros/cmake/mujoco_rosConfig.cmake
[21.544s] -- Up-to-date symlink: /home/herring/rzddzy/install/mujoco_ros/share/mujoco_ros/cmake/mujoco_rosConfig-version.cmake
[21.544s] -- Up-to-date symlink: /home/herring/rzddzy/install/mujoco_ros/share/mujoco_ros/package.xml
[21.544s] -- Installing: /home/herring/rzddzy/install/mujoco_ros/lib/libmujoco_ros.so
[21.546s] -- Set non-toolchain portion of runtime path of "/home/herring/rzddzy/install/mujoco_ros/lib/libmujoco_ros.so" to ""
[21.547s] Invoked command in '/home/herring/rzddzy/build/mujoco_ros' returned '0': CMAKE_PREFIX_PATH=/home/herring/rzddzy/install/mujoco_ros_msgs:/home/herring/rzddzy/install/panda_motion_generators:/home/herring/rzddzy/install/panda_motion_generator_msgs:/home/herring/rzddzy/install/franka_bringup:/home/herring/rzddzy/install/multi_mode_controller_impl:/home/herring/rzddzy/install/multi_mode_controller:/home/herring/rzddzy/install/franka_example_controllers:/home/herring/rzddzy/install/multi_mode_control_msgs:/home/herring/rzddzy/install/mujoco_ros_pkgs:/home/herring/rzddzy/install/mujoco_ros2_sensors:/home/herring/rzddzy/install/mujoco_ros2_dummy_plugin:/home/herring/rzddzy/install/mujoco_ros2_control_system:/home/herring/rzddzy/install/franka_robot_state_broadcaster:/home/herring/rzddzy/install/franka_semantic_components:/home/herring/rzddzy/install/franka_hardware:/home/herring/rzddzy/install/mujoco_ros2_control:/home/herring/rzddzy/install/mujoco_ros:/home/herring/rzddzy/install/franka_msgs:/home/herring/rzddzy/install/franka_description:/home/herring/rzddzy/install/controller:/home/herring/rzddzy/install/cplus_dev:/home/herring/rzddzy/ros2_ws/install/panda_motion_generators:/home/herring/rzddzy/ros2_ws/install/panda_motion_generator_msgs:/home/herring/rzddzy/ros2_ws/install/franka_bringup:/home/herring/rzddzy/ros2_ws/install/multi_mode_controller_impl:/home/herring/rzddzy/ros2_ws/install/multi_mode_controller:/home/herring/rzddzy/ros2_ws/install/franka_example_controllers:/home/herring/rzddzy/ros2_ws/install/multi_mode_control_msgs:/home/herring/rzddzy/ros2_ws/install/mujoco_ros_pkgs:/home/herring/rzddzy/ros2_ws/install/mujoco_ros2_sensors:/home/herring/rzddzy/ros2_ws/install/mujoco_ros2_dummy_plugin:/home/herring/rzddzy/ros2_ws/install/mujoco_ros2_control_system:/home/herring/rzddzy/ros2_ws/install/franka_robot_state_broadcaster:/home/herring/rzddzy/ros2_ws/install/franka_semantic_components:/home/herring/rzddzy/ros2_ws/install/franka_hardware:/home/herring/rzddzy/ros2_ws/install/mujoco_ros2_control:/home/herring/rzddzy/ros2_ws/install/mujoco_ros:/home/herring/rzddzy/ros2_ws/install/mujoco_ros_msgs:/home/herring/rzddzy/ros2_ws/install/franka_msgs:/home/herring/rzddzy/ros2_ws/install/franka_description:/home/herring/rzddzy/ros2_ws/install/controller:/home/herring/rzddzy/ros2_ws/install/cplus_dev:/opt/ros/jazzy/opt/sdformat_vendor:/opt/ros/jazzy/opt/gz_math_vendor:/opt/ros/jazzy/opt/gz_utils_vendor:/opt/ros/jazzy/opt/gz_tools_vendor:/opt/ros/jazzy/opt/gz_cmake_vendor:/opt/ros/jazzy DEBUGINFOD_URLS=https://debuginfod.ubuntu.com LD_LIBRARY_PATH=/home/herring/rzddzy/install/mujoco_ros_msgs/lib:/home/herring/rzddzy/install/panda_motion_generators/lib:/home/herring/rzddzy/install/panda_motion_generator_msgs/lib:/home/herring/rzddzy/install/multi_mode_controller_impl/lib:/home/herring/rzddzy/install/multi_mode_controller/lib:/home/herring/rzddzy/install/franka_example_controllers/lib:/home/herring/rzddzy/install/multi_mode_control_msgs/lib:/home/herring/rzddzy/install/mujoco_ros2_sensors/lib:/home/herring/rzddzy/install/mujoco_ros2_dummy_plugin/lib:/home/herring/rzddzy/install/mujoco_ros2_control_system/lib:/home/herring/rzddzy/install/franka_robot_state_broadcaster/lib:/home/herring/rzddzy/install/franka_semantic_components/lib:/home/herring/rzddzy/install/franka_hardware/lib:/home/herring/rzddzy/install/mujoco_ros2_control/lib:/home/herring/rzddzy/install/mujoco_ros/lib:/home/herring/rzddzy/install/franka_msgs/lib:/home/herring/rzddzy/install/cplus_dev/lib:/home/herring/rzddzy/ros2_ws/install/panda_motion_generators/lib:/home/herring/rzddzy/ros2_ws/install/panda_motion_generator_msgs/lib:/home/herring/rzddzy/ros2_ws/install/multi_mode_controller_impl/lib:/home/herring/rzddzy/ros2_ws/install/multi_mode_controller/lib:/home/herring/rzddzy/ros2_ws/install/franka_example_controllers/lib:/home/herring/rzddzy/ros2_ws/install/multi_mode_control_msgs/lib:/home/herring/rzddzy/ros2_ws/install/mujoco_ros2_sensors/lib:/home/herring/rzddzy/ros2_ws/install/mujoco_ros2_dummy_plugin/lib:/home/herring/rzddzy/ros2_ws/install/mujoco_ros2_control_system/lib:/home/herring/rzddzy/ros2_ws/install/franka_robot_state_broadcaster/lib:/home/herring/rzddzy/ros2_ws/install/franka_semantic_components/lib:/home/herring/rzddzy/ros2_ws/install/franka_hardware/lib:/home/herring/rzddzy/ros2_ws/install/mujoco_ros2_control/lib:/home/herring/rzddzy/ros2_ws/install/mujoco_ros/lib:/home/herring/rzddzy/ros2_ws/install/mujoco_ros_msgs/lib:/home/herring/rzddzy/ros2_ws/install/franka_msgs/lib:/home/herring/rzddzy/ros2_ws/install/cplus_dev/lib:/opt/ros/jazzy/opt/sdformat_vendor/lib:/opt/ros/jazzy/opt/rviz_ogre_vendor/lib:/opt/ros/jazzy/lib/x86_64-linux-gnu:/opt/ros/jazzy/opt/gz_math_vendor/lib:/opt/ros/jazzy/opt/gz_utils_vendor/lib:/opt/ros/jazzy/opt/gz_tools_vendor/lib:/opt/ros/jazzy/opt/gz_cmake_vendor/lib:/opt/ros/jazzy/lib PYTHONPATH=/home/herring/rzddzy/install/mujoco_ros_msgs/lib/python3.12/site-packages:/home/herring/rzddzy/install/panda_motion_generator_msgs/lib/python3.12/site-packages:/home/herring/rzddzy/install/multi_mode_control_msgs/lib/python3.12/site-packages:/home/herring/rzddzy/install/franka_msgs/lib/python3.12/site-packages:/home/herring/rzddzy/build/franka_ik_py:/home/herring/rzddzy/install/franka_ik_py/lib/python3.12/site-packages:/home/herring/rzddzy/ros2_ws/install/panda_motion_generator_msgs/lib/python3.12/site-packages:/home/herring/rzddzy/ros2_ws/install/multi_mode_control_msgs/lib/python3.12/site-packages:/home/herring/rzddzy/ros2_ws/install/mujoco_ros_msgs/lib/python3.12/site-packages:/home/herring/rzddzy/ros2_ws/install/franka_msgs/lib/python3.12/site-packages:/home/herring/rzddzy/ros2_ws/build/franka_ik_py:/home/herring/rzddzy/ros2_ws/install/franka_ik_py/lib/python3.12/site-packages:/opt/ros/jazzy/lib/python3.12/site-packages /usr/bin/cmake --install /home/herring/rzddzy/build/mujoco_ros
