-- The C compiler identification is GNU 13.3.0
-- The CXX compiler identification is GNU 13.3.0
-- Detecting C compiler ABI info
-- Detecting C compiler ABI info - done
-- Check for working C compiler: /usr/bin/cc - skipped
-- Detecting C compile features
-- Detecting C compile features - done
-- Detecting CXX compiler ABI info
-- Detecting CXX compiler ABI info - done
-- Check for working CXX compiler: /usr/bin/c++ - skipped
-- Detecting CXX compile features
-- Detecting CXX compile features - done
-- Found ament_cmake: 2.5.5 (/opt/ros/jazzy/share/ament_cmake/cmake)
-- Found Python3: /usr/bin/python3 (found version "3.12.3") found components: Interpreter 
-- Override CMake install command with custom implementation using symlinks instead of copying resources
-- Found ament_lint_auto: 0.17.4 (/opt/ros/jazzy/share/ament_lint_auto/cmake)
-- Added test 'copyright' to check source files copyright and LICENSE
-- Added test 'flake8' to check Python code syntax and style conventions
-- Configured 'flake8' exclude dirs and/or files: 
-- Added test 'lint_cmake' to check CMake code style
-- Added test 'pep257' to check Python code against some of the docstring style conventions in PEP 257
-- Added test 'xmllint' to check XML markup files
-- Configuring done (0.5s)
-- Generating done (0.0s)
-- Build files have been written to: /home/herring/rzddzy/build/franka_bringup
-- Install configuration: ""
-- Execute custom install script
-- Symlinking: /home/herring/rzddzy/install/franka_bringup/share/franka_bringup/config/mixed/mixed_dual_multimode.yaml
-- Symlinking: /home/herring/rzddzy/install/franka_bringup/share/franka_bringup/config/mixed/mixed_quad_multimode.yaml
-- Symlinking: /home/herring/rzddzy/install/franka_bringup/share/franka_bringup/config/real/dual_controllers.yaml
-- Symlinking: /home/herring/rzddzy/install/franka_bringup/share/franka_bringup/config/real/dual_multimode.yaml
-- Symlinking: /home/herring/rzddzy/install/franka_bringup/share/franka_bringup/config/real/single_controllers.yaml
-- Symlinking: /home/herring/rzddzy/install/franka_bringup/share/franka_bringup/config/real/single_multimode.yaml
-- Symlinking: /home/herring/rzddzy/install/franka_bringup/share/franka_bringup/config/sim/dual_sim_controllers.yaml
-- Symlinking: /home/herring/rzddzy/install/franka_bringup/share/franka_bringup/config/sim/dual_sim_controllers_rl.yaml
-- Symlinking: /home/herring/rzddzy/install/franka_bringup/share/franka_bringup/config/sim/single_sim_controllers.yaml
-- Symlinking: /home/herring/rzddzy/install/franka_bringup/share/franka_bringup/launch/mixed/__pycache__/mixed_dual_multimode_franka.launch.cpython-312.pyc
-- Symlinking: /home/herring/rzddzy/install/franka_bringup/share/franka_bringup/launch/mixed/__pycache__/mixed_quad_multimode_franka.launch.cpython-312.pyc
-- Symlinking: /home/herring/rzddzy/install/franka_bringup/share/franka_bringup/launch/mixed/mixed_dual_multimode_franka.launch.py
-- Symlinking: /home/herring/rzddzy/install/franka_bringup/share/franka_bringup/launch/mixed/mixed_quad_multimode_franka.launch.py
-- Symlinking: /home/herring/rzddzy/install/franka_bringup/share/franka_bringup/launch/real/__pycache__/dual_multimode_franka.launch.cpython-312.pyc
-- Symlinking: /home/herring/rzddzy/install/franka_bringup/share/franka_bringup/launch/real/__pycache__/single_multimode_franka.launch.cpython-312.pyc
-- Symlinking: /home/herring/rzddzy/install/franka_bringup/share/franka_bringup/launch/real/dual_franka.launch.py
-- Symlinking: /home/herring/rzddzy/install/franka_bringup/share/franka_bringup/launch/real/dual_multimode_franka.launch.py
-- Symlinking: /home/herring/rzddzy/install/franka_bringup/share/franka_bringup/launch/real/franka.launch.py
-- Symlinking: /home/herring/rzddzy/install/franka_bringup/share/franka_bringup/launch/real/multimode_franka.launch.py
-- Symlinking: /home/herring/rzddzy/install/franka_bringup/share/franka_bringup/launch/real/single_multimode_franka.launch.py
-- Symlinking: /home/herring/rzddzy/install/franka_bringup/share/franka_bringup/launch/sim/__pycache__/dual_franka_sim.launch.cpython-312.pyc
-- Symlinking: /home/herring/rzddzy/install/franka_bringup/share/franka_bringup/launch/sim/__pycache__/franka_sim.launch.cpython-312.pyc
-- Symlinking: /home/herring/rzddzy/install/franka_bringup/share/franka_bringup/launch/sim/__pycache__/single_franka_sim.launch.cpython-312.pyc
-- Symlinking: /home/herring/rzddzy/install/franka_bringup/share/franka_bringup/launch/sim/dual_franka_sim.launch.py
-- Symlinking: /home/herring/rzddzy/install/franka_bringup/share/franka_bringup/launch/sim/franka_sim.launch.py
-- Symlinking: /home/herring/rzddzy/install/franka_bringup/share/franka_bringup/launch/sim/launch_mujoco_ros_server.launch
-- Symlinking: /home/herring/rzddzy/install/franka_bringup/share/franka_bringup/launch/sim/single_franka_sim.launch.py
-- Symlinking: /home/herring/rzddzy/install/franka_bringup/lib/franka_bringup/robot_description_topic_publisher.py
-- Symlinking: /home/herring/rzddzy/install/franka_bringup/lib/franka_bringup/mock_vision_node.py
-- Symlinking: /home/herring/rzddzy/install/franka_bringup/lib/franka_bringup/pick_and_place.py
-- Symlinking: /home/herring/rzddzy/install/franka_bringup/lib/franka_bringup/yolo_vision_node.py
-- Symlinking: /home/herring/rzddzy/install/franka_bringup/lib/franka_bringup/generate_scene.py
-- Symlinking: /home/herring/rzddzy/install/franka_bringup/share/ament_index/resource_index/package_run_dependencies/franka_bringup
-- Symlinking: /home/herring/rzddzy/install/franka_bringup/share/ament_index/resource_index/parent_prefix_path/franka_bringup
-- Symlinking: /home/herring/rzddzy/install/franka_bringup/share/franka_bringup/environment/ament_prefix_path.sh
-- Symlinking: /home/herring/rzddzy/install/franka_bringup/share/franka_bringup/environment/ament_prefix_path.dsv
-- Symlinking: /home/herring/rzddzy/install/franka_bringup/share/franka_bringup/environment/path.sh
-- Symlinking: /home/herring/rzddzy/install/franka_bringup/share/franka_bringup/environment/path.dsv
-- Symlinking: /home/herring/rzddzy/install/franka_bringup/share/franka_bringup/local_setup.bash
-- Symlinking: /home/herring/rzddzy/install/franka_bringup/share/franka_bringup/local_setup.sh
-- Symlinking: /home/herring/rzddzy/install/franka_bringup/share/franka_bringup/local_setup.zsh
-- Symlinking: /home/herring/rzddzy/install/franka_bringup/share/franka_bringup/local_setup.dsv
-- Symlinking: /home/herring/rzddzy/install/franka_bringup/share/franka_bringup/package.dsv
-- Symlinking: /home/herring/rzddzy/install/franka_bringup/share/ament_index/resource_index/packages/franka_bringup
-- Symlinking: /home/herring/rzddzy/install/franka_bringup/share/franka_bringup/cmake/franka_bringupConfig.cmake
-- Symlinking: /home/herring/rzddzy/install/franka_bringup/share/franka_bringup/cmake/franka_bringupConfig-version.cmake
-- Symlinking: /home/herring/rzddzy/install/franka_bringup/share/franka_bringup/package.xml
