[0.024s] Invoking command in '/home/herring/rzddzy/build/franka_bringup': AMENT_PREFIX_PATH=/home/herring/rzddzy/install/multi_mode_controller_impl:/home/herring/rzddzy/install/multi_mode_controller:/home/herring/rzddzy/install/franka_robot_state_broadcaster:/home/herring/rzddzy/install/franka_semantic_components:/home/herring/rzddzy/install/franka_hardware:/home/herring/rzddzy/install/mujoco_ros2_control:/home/herring/rzddzy/install/multi_mode_control_msgs:/home/herring/rzddzy/install/mujoco_ros:/home/herring/rzddzy/install/mujoco_ros_msgs:/home/herring/rzddzy/install/franka_msgs:/home/herring/rzddzy/install/franka_description:${AMENT_PREFIX_PATH} CMAKE_PREFIX_PATH=/home/herring/rzddzy/install/multi_mode_controller_impl:/home/herring/rzddzy/install/multi_mode_controller:/home/herring/rzddzy/install/franka_robot_state_broadcaster:/home/herring/rzddzy/install/franka_semantic_components:/home/herring/rzddzy/install/franka_hardware:/home/herring/rzddzy/install/mujoco_ros2_control:/home/herring/rzddzy/install/multi_mode_control_msgs:/home/herring/rzddzy/install/mujoco_ros:/home/herring/rzddzy/install/mujoco_ros_msgs:/home/herring/rzddzy/install/franka_msgs:/home/herring/rzddzy/install/franka_description:/opt/ros/jazzy/opt/sdformat_vendor:/opt/ros/jazzy/opt/gz_math_vendor:/opt/ros/jazzy/opt/gz_utils_vendor:/opt/ros/jazzy/opt/gz_tools_vendor:/opt/ros/jazzy/opt/gz_cmake_vendor:/opt/ros/jazzy DEBUGINFOD_URLS=https://debuginfod.ubuntu.com LD_LIBRARY_PATH=/home/herring/rzddzy/install/multi_mode_controller_impl/lib:/home/herring/rzddzy/install/multi_mode_controller/lib:/home/herring/rzddzy/install/franka_robot_state_broadcaster/lib:/home/herring/rzddzy/install/franka_semantic_components/lib:/home/herring/rzddzy/install/franka_hardware/lib:/home/herring/rzddzy/install/mujoco_ros2_control/lib:/home/herring/rzddzy/install/multi_mode_control_msgs/lib:/home/herring/rzddzy/install/mujoco_ros/lib:/home/herring/rzddzy/install/mujoco_ros_msgs/lib:/home/herring/rzddzy/install/franka_msgs/lib:${LD_LIBRARY_PATH} PYTHONPATH=/home/herring/rzddzy/install/multi_mode_control_msgs/lib/python3.12/site-packages:/home/herring/rzddzy/install/mujoco_ros_msgs/lib/python3.12/site-packages:/home/herring/rzddzy/install/franka_msgs/lib/python3.12/site-packages:${PYTHONPATH} /usr/bin/cmake /home/herring/rzddzy/ros2_ws/src/franka_bringup -DAMENT_CMAKE_SYMLINK_INSTALL=1 -DCMAKE_INSTALL_PREFIX=/home/herring/rzddzy/install/franka_bringup
[0.062s] -- The C compiler identification is GNU 13.3.0
[0.098s] -- The CXX compiler identification is GNU 13.3.0
[0.111s] -- Detecting C compiler ABI info
[0.179s] -- Detecting C compiler ABI info - done
[0.188s] -- Check for working C compiler: /usr/bin/cc - skipped
[0.188s] -- Detecting C compile features
[0.189s] -- Detecting C compile features - done
[0.197s] -- Detecting CXX compiler ABI info
[0.278s] -- Detecting CXX compiler ABI info - done
[0.288s] -- Check for working CXX compiler: /usr/bin/c++ - skipped
[0.288s] -- Detecting CXX compile features
[0.289s] -- Detecting CXX compile features - done
[0.291s] -- Found ament_cmake: 2.5.5 (/opt/ros/jazzy/share/ament_cmake/cmake)
[0.402s] -- Found Python3: /usr/bin/python3 (found version "3.12.3") found components: Interpreter 
[0.458s] -- Override CMake install command with custom implementation using symlinks instead of copying resources
[0.492s] -- Found ament_lint_auto: 0.17.4 (/opt/ros/jazzy/share/ament_lint_auto/cmake)
[0.559s] -- Added test 'copyright' to check source files copyright and LICENSE
[0.563s] -- Added test 'flake8' to check Python code syntax and style conventions
[0.563s] -- Configured 'flake8' exclude dirs and/or files: 
[0.563s] -- Added test 'lint_cmake' to check CMake code style
[0.564s] -- Added test 'pep257' to check Python code against some of the docstring style conventions in PEP 257
[0.566s] -- Added test 'xmllint' to check XML markup files
[0.567s] -- Configuring done (0.5s)
[0.569s] -- Generating done (0.0s)
[0.569s] -- Build files have been written to: /home/herring/rzddzy/build/franka_bringup
[0.573s] Invoked command in '/home/herring/rzddzy/build/franka_bringup' returned '0': AMENT_PREFIX_PATH=/home/herring/rzddzy/install/multi_mode_controller_impl:/home/herring/rzddzy/install/multi_mode_controller:/home/herring/rzddzy/install/franka_robot_state_broadcaster:/home/herring/rzddzy/install/franka_semantic_components:/home/herring/rzddzy/install/franka_hardware:/home/herring/rzddzy/install/mujoco_ros2_control:/home/herring/rzddzy/install/multi_mode_control_msgs:/home/herring/rzddzy/install/mujoco_ros:/home/herring/rzddzy/install/mujoco_ros_msgs:/home/herring/rzddzy/install/franka_msgs:/home/herring/rzddzy/install/franka_description:${AMENT_PREFIX_PATH} CMAKE_PREFIX_PATH=/home/herring/rzddzy/install/multi_mode_controller_impl:/home/herring/rzddzy/install/multi_mode_controller:/home/herring/rzddzy/install/franka_robot_state_broadcaster:/home/herring/rzddzy/install/franka_semantic_components:/home/herring/rzddzy/install/franka_hardware:/home/herring/rzddzy/install/mujoco_ros2_control:/home/herring/rzddzy/install/multi_mode_control_msgs:/home/herring/rzddzy/install/mujoco_ros:/home/herring/rzddzy/install/mujoco_ros_msgs:/home/herring/rzddzy/install/franka_msgs:/home/herring/rzddzy/install/franka_description:/opt/ros/jazzy/opt/sdformat_vendor:/opt/ros/jazzy/opt/gz_math_vendor:/opt/ros/jazzy/opt/gz_utils_vendor:/opt/ros/jazzy/opt/gz_tools_vendor:/opt/ros/jazzy/opt/gz_cmake_vendor:/opt/ros/jazzy DEBUGINFOD_URLS=https://debuginfod.ubuntu.com LD_LIBRARY_PATH=/home/herring/rzddzy/install/multi_mode_controller_impl/lib:/home/herring/rzddzy/install/multi_mode_controller/lib:/home/herring/rzddzy/install/franka_robot_state_broadcaster/lib:/home/herring/rzddzy/install/franka_semantic_components/lib:/home/herring/rzddzy/install/franka_hardware/lib:/home/herring/rzddzy/install/mujoco_ros2_control/lib:/home/herring/rzddzy/install/multi_mode_control_msgs/lib:/home/herring/rzddzy/install/mujoco_ros/lib:/home/herring/rzddzy/install/mujoco_ros_msgs/lib:/home/herring/rzddzy/install/franka_msgs/lib:${LD_LIBRARY_PATH} PYTHONPATH=/home/herring/rzddzy/install/multi_mode_control_msgs/lib/python3.12/site-packages:/home/herring/rzddzy/install/mujoco_ros_msgs/lib/python3.12/site-packages:/home/herring/rzddzy/install/franka_msgs/lib/python3.12/site-packages:${PYTHONPATH} /usr/bin/cmake /home/herring/rzddzy/ros2_ws/src/franka_bringup -DAMENT_CMAKE_SYMLINK_INSTALL=1 -DCMAKE_INSTALL_PREFIX=/home/herring/rzddzy/install/franka_bringup
[0.573s] Invoking command in '/home/herring/rzddzy/build/franka_bringup': AMENT_PREFIX_PATH=/home/herring/rzddzy/install/multi_mode_controller_impl:/home/herring/rzddzy/install/multi_mode_controller:/home/herring/rzddzy/install/franka_robot_state_broadcaster:/home/herring/rzddzy/install/franka_semantic_components:/home/herring/rzddzy/install/franka_hardware:/home/herring/rzddzy/install/mujoco_ros2_control:/home/herring/rzddzy/install/multi_mode_control_msgs:/home/herring/rzddzy/install/mujoco_ros:/home/herring/rzddzy/install/mujoco_ros_msgs:/home/herring/rzddzy/install/franka_msgs:/home/herring/rzddzy/install/franka_description:${AMENT_PREFIX_PATH} CMAKE_PREFIX_PATH=/home/herring/rzddzy/install/multi_mode_controller_impl:/home/herring/rzddzy/install/multi_mode_controller:/home/herring/rzddzy/install/franka_robot_state_broadcaster:/home/herring/rzddzy/install/franka_semantic_components:/home/herring/rzddzy/install/franka_hardware:/home/herring/rzddzy/install/mujoco_ros2_control:/home/herring/rzddzy/install/multi_mode_control_msgs:/home/herring/rzddzy/install/mujoco_ros:/home/herring/rzddzy/install/mujoco_ros_msgs:/home/herring/rzddzy/install/franka_msgs:/home/herring/rzddzy/install/franka_description:/opt/ros/jazzy/opt/sdformat_vendor:/opt/ros/jazzy/opt/gz_math_vendor:/opt/ros/jazzy/opt/gz_utils_vendor:/opt/ros/jazzy/opt/gz_tools_vendor:/opt/ros/jazzy/opt/gz_cmake_vendor:/opt/ros/jazzy DEBUGINFOD_URLS=https://debuginfod.ubuntu.com LD_LIBRARY_PATH=/home/herring/rzddzy/install/multi_mode_controller_impl/lib:/home/herring/rzddzy/install/multi_mode_controller/lib:/home/herring/rzddzy/install/franka_robot_state_broadcaster/lib:/home/herring/rzddzy/install/franka_semantic_components/lib:/home/herring/rzddzy/install/franka_hardware/lib:/home/herring/rzddzy/install/mujoco_ros2_control/lib:/home/herring/rzddzy/install/multi_mode_control_msgs/lib:/home/herring/rzddzy/install/mujoco_ros/lib:/home/herring/rzddzy/install/mujoco_ros_msgs/lib:/home/herring/rzddzy/install/franka_msgs/lib:${LD_LIBRARY_PATH} PYTHONPATH=/home/herring/rzddzy/install/multi_mode_control_msgs/lib/python3.12/site-packages:/home/herring/rzddzy/install/mujoco_ros_msgs/lib/python3.12/site-packages:/home/herring/rzddzy/install/franka_msgs/lib/python3.12/site-packages:${PYTHONPATH} /usr/bin/cmake --build /home/herring/rzddzy/build/franka_bringup -- -j28 -l28
[0.601s] Invoked command in '/home/herring/rzddzy/build/franka_bringup' returned '0': AMENT_PREFIX_PATH=/home/herring/rzddzy/install/multi_mode_controller_impl:/home/herring/rzddzy/install/multi_mode_controller:/home/herring/rzddzy/install/franka_robot_state_broadcaster:/home/herring/rzddzy/install/franka_semantic_components:/home/herring/rzddzy/install/franka_hardware:/home/herring/rzddzy/install/mujoco_ros2_control:/home/herring/rzddzy/install/multi_mode_control_msgs:/home/herring/rzddzy/install/mujoco_ros:/home/herring/rzddzy/install/mujoco_ros_msgs:/home/herring/rzddzy/install/franka_msgs:/home/herring/rzddzy/install/franka_description:${AMENT_PREFIX_PATH} CMAKE_PREFIX_PATH=/home/herring/rzddzy/install/multi_mode_controller_impl:/home/herring/rzddzy/install/multi_mode_controller:/home/herring/rzddzy/install/franka_robot_state_broadcaster:/home/herring/rzddzy/install/franka_semantic_components:/home/herring/rzddzy/install/franka_hardware:/home/herring/rzddzy/install/mujoco_ros2_control:/home/herring/rzddzy/install/multi_mode_control_msgs:/home/herring/rzddzy/install/mujoco_ros:/home/herring/rzddzy/install/mujoco_ros_msgs:/home/herring/rzddzy/install/franka_msgs:/home/herring/rzddzy/install/franka_description:/opt/ros/jazzy/opt/sdformat_vendor:/opt/ros/jazzy/opt/gz_math_vendor:/opt/ros/jazzy/opt/gz_utils_vendor:/opt/ros/jazzy/opt/gz_tools_vendor:/opt/ros/jazzy/opt/gz_cmake_vendor:/opt/ros/jazzy DEBUGINFOD_URLS=https://debuginfod.ubuntu.com LD_LIBRARY_PATH=/home/herring/rzddzy/install/multi_mode_controller_impl/lib:/home/herring/rzddzy/install/multi_mode_controller/lib:/home/herring/rzddzy/install/franka_robot_state_broadcaster/lib:/home/herring/rzddzy/install/franka_semantic_components/lib:/home/herring/rzddzy/install/franka_hardware/lib:/home/herring/rzddzy/install/mujoco_ros2_control/lib:/home/herring/rzddzy/install/multi_mode_control_msgs/lib:/home/herring/rzddzy/install/mujoco_ros/lib:/home/herring/rzddzy/install/mujoco_ros_msgs/lib:/home/herring/rzddzy/install/franka_msgs/lib:${LD_LIBRARY_PATH} PYTHONPATH=/home/herring/rzddzy/install/multi_mode_control_msgs/lib/python3.12/site-packages:/home/herring/rzddzy/install/mujoco_ros_msgs/lib/python3.12/site-packages:/home/herring/rzddzy/install/franka_msgs/lib/python3.12/site-packages:${PYTHONPATH} /usr/bin/cmake --build /home/herring/rzddzy/build/franka_bringup -- -j28 -l28
[0.602s] Invoking command in '/home/herring/rzddzy/build/franka_bringup': AMENT_PREFIX_PATH=/home/herring/rzddzy/install/multi_mode_controller_impl:/home/herring/rzddzy/install/multi_mode_controller:/home/herring/rzddzy/install/franka_robot_state_broadcaster:/home/herring/rzddzy/install/franka_semantic_components:/home/herring/rzddzy/install/franka_hardware:/home/herring/rzddzy/install/mujoco_ros2_control:/home/herring/rzddzy/install/multi_mode_control_msgs:/home/herring/rzddzy/install/mujoco_ros:/home/herring/rzddzy/install/mujoco_ros_msgs:/home/herring/rzddzy/install/franka_msgs:/home/herring/rzddzy/install/franka_description:${AMENT_PREFIX_PATH} CMAKE_PREFIX_PATH=/home/herring/rzddzy/install/multi_mode_controller_impl:/home/herring/rzddzy/install/multi_mode_controller:/home/herring/rzddzy/install/franka_robot_state_broadcaster:/home/herring/rzddzy/install/franka_semantic_components:/home/herring/rzddzy/install/franka_hardware:/home/herring/rzddzy/install/mujoco_ros2_control:/home/herring/rzddzy/install/multi_mode_control_msgs:/home/herring/rzddzy/install/mujoco_ros:/home/herring/rzddzy/install/mujoco_ros_msgs:/home/herring/rzddzy/install/franka_msgs:/home/herring/rzddzy/install/franka_description:/opt/ros/jazzy/opt/sdformat_vendor:/opt/ros/jazzy/opt/gz_math_vendor:/opt/ros/jazzy/opt/gz_utils_vendor:/opt/ros/jazzy/opt/gz_tools_vendor:/opt/ros/jazzy/opt/gz_cmake_vendor:/opt/ros/jazzy DEBUGINFOD_URLS=https://debuginfod.ubuntu.com LD_LIBRARY_PATH=/home/herring/rzddzy/install/multi_mode_controller_impl/lib:/home/herring/rzddzy/install/multi_mode_controller/lib:/home/herring/rzddzy/install/franka_robot_state_broadcaster/lib:/home/herring/rzddzy/install/franka_semantic_components/lib:/home/herring/rzddzy/install/franka_hardware/lib:/home/herring/rzddzy/install/mujoco_ros2_control/lib:/home/herring/rzddzy/install/multi_mode_control_msgs/lib:/home/herring/rzddzy/install/mujoco_ros/lib:/home/herring/rzddzy/install/mujoco_ros_msgs/lib:/home/herring/rzddzy/install/franka_msgs/lib:${LD_LIBRARY_PATH} PYTHONPATH=/home/herring/rzddzy/install/multi_mode_control_msgs/lib/python3.12/site-packages:/home/herring/rzddzy/install/mujoco_ros_msgs/lib/python3.12/site-packages:/home/herring/rzddzy/install/franka_msgs/lib/python3.12/site-packages:${PYTHONPATH} /usr/bin/cmake --install /home/herring/rzddzy/build/franka_bringup
[0.608s] -- Install configuration: ""
[0.608s] -- Execute custom install script
[0.608s] -- Symlinking: /home/herring/rzddzy/install/franka_bringup/share/franka_bringup/config/mixed/mixed_dual_multimode.yaml
[0.614s] -- Symlinking: /home/herring/rzddzy/install/franka_bringup/share/franka_bringup/config/mixed/mixed_quad_multimode.yaml
[0.621s] -- Symlinking: /home/herring/rzddzy/install/franka_bringup/share/franka_bringup/config/real/dual_controllers.yaml
[0.630s] -- Symlinking: /home/herring/rzddzy/install/franka_bringup/share/franka_bringup/config/real/dual_multimode.yaml
[0.637s] -- Symlinking: /home/herring/rzddzy/install/franka_bringup/share/franka_bringup/config/real/single_controllers.yaml
[0.643s] -- Symlinking: /home/herring/rzddzy/install/franka_bringup/share/franka_bringup/config/real/single_multimode.yaml
[0.648s] -- Symlinking: /home/herring/rzddzy/install/franka_bringup/share/franka_bringup/config/sim/dual_sim_controllers.yaml
[0.655s] -- Symlinking: /home/herring/rzddzy/install/franka_bringup/share/franka_bringup/config/sim/dual_sim_controllers_rl.yaml
[0.663s] -- Symlinking: /home/herring/rzddzy/install/franka_bringup/share/franka_bringup/config/sim/single_sim_controllers.yaml
[0.673s] -- Symlinking: /home/herring/rzddzy/install/franka_bringup/share/franka_bringup/launch/mixed/__pycache__/mixed_dual_multimode_franka.launch.cpython-312.pyc
[0.682s] -- Symlinking: /home/herring/rzddzy/install/franka_bringup/share/franka_bringup/launch/mixed/__pycache__/mixed_quad_multimode_franka.launch.cpython-312.pyc
[0.690s] -- Symlinking: /home/herring/rzddzy/install/franka_bringup/share/franka_bringup/launch/mixed/mixed_dual_multimode_franka.launch.py
[0.697s] -- Symlinking: /home/herring/rzddzy/install/franka_bringup/share/franka_bringup/launch/mixed/mixed_quad_multimode_franka.launch.py
[0.706s] -- Symlinking: /home/herring/rzddzy/install/franka_bringup/share/franka_bringup/launch/real/__pycache__/dual_multimode_franka.launch.cpython-312.pyc
[0.713s] -- Symlinking: /home/herring/rzddzy/install/franka_bringup/share/franka_bringup/launch/real/__pycache__/single_multimode_franka.launch.cpython-312.pyc
[0.719s] -- Symlinking: /home/herring/rzddzy/install/franka_bringup/share/franka_bringup/launch/real/dual_franka.launch.py
[0.727s] -- Symlinking: /home/herring/rzddzy/install/franka_bringup/share/franka_bringup/launch/real/dual_multimode_franka.launch.py
[0.733s] -- Symlinking: /home/herring/rzddzy/install/franka_bringup/share/franka_bringup/launch/real/franka.launch.py
[0.739s] -- Symlinking: /home/herring/rzddzy/install/franka_bringup/share/franka_bringup/launch/real/multimode_franka.launch.py
[0.746s] -- Symlinking: /home/herring/rzddzy/install/franka_bringup/share/franka_bringup/launch/real/single_multimode_franka.launch.py
[0.753s] -- Symlinking: /home/herring/rzddzy/install/franka_bringup/share/franka_bringup/launch/sim/__pycache__/dual_franka_sim.launch.cpython-312.pyc
[0.760s] -- Symlinking: /home/herring/rzddzy/install/franka_bringup/share/franka_bringup/launch/sim/__pycache__/franka_sim.launch.cpython-312.pyc
[0.769s] -- Symlinking: /home/herring/rzddzy/install/franka_bringup/share/franka_bringup/launch/sim/__pycache__/single_franka_sim.launch.cpython-312.pyc
[0.776s] -- Symlinking: /home/herring/rzddzy/install/franka_bringup/share/franka_bringup/launch/sim/dual_franka_sim.launch.py
[0.783s] -- Symlinking: /home/herring/rzddzy/install/franka_bringup/share/franka_bringup/launch/sim/franka_sim.launch.py
[0.788s] -- Symlinking: /home/herring/rzddzy/install/franka_bringup/share/franka_bringup/launch/sim/launch_mujoco_ros_server.launch
[0.795s] -- Symlinking: /home/herring/rzddzy/install/franka_bringup/share/franka_bringup/launch/sim/single_franka_sim.launch.py
[0.801s] -- Symlinking: /home/herring/rzddzy/install/franka_bringup/lib/franka_bringup/robot_description_topic_publisher.py
[0.808s] -- Symlinking: /home/herring/rzddzy/install/franka_bringup/lib/franka_bringup/mock_vision_node.py
[0.814s] -- Symlinking: /home/herring/rzddzy/install/franka_bringup/lib/franka_bringup/pick_and_place.py
[0.820s] -- Symlinking: /home/herring/rzddzy/install/franka_bringup/lib/franka_bringup/yolo_vision_node.py
[0.829s] -- Symlinking: /home/herring/rzddzy/install/franka_bringup/lib/franka_bringup/generate_scene.py
[0.836s] -- Symlinking: /home/herring/rzddzy/install/franka_bringup/share/ament_index/resource_index/package_run_dependencies/franka_bringup
[0.843s] -- Symlinking: /home/herring/rzddzy/install/franka_bringup/share/ament_index/resource_index/parent_prefix_path/franka_bringup
[0.852s] -- Symlinking: /home/herring/rzddzy/install/franka_bringup/share/franka_bringup/environment/ament_prefix_path.sh
[0.859s] -- Symlinking: /home/herring/rzddzy/install/franka_bringup/share/franka_bringup/environment/ament_prefix_path.dsv
[0.865s] -- Symlinking: /home/herring/rzddzy/install/franka_bringup/share/franka_bringup/environment/path.sh
[0.872s] -- Symlinking: /home/herring/rzddzy/install/franka_bringup/share/franka_bringup/environment/path.dsv
[0.879s] -- Symlinking: /home/herring/rzddzy/install/franka_bringup/share/franka_bringup/local_setup.bash
[0.887s] -- Symlinking: /home/herring/rzddzy/install/franka_bringup/share/franka_bringup/local_setup.sh
[0.894s] -- Symlinking: /home/herring/rzddzy/install/franka_bringup/share/franka_bringup/local_setup.zsh
[0.900s] -- Symlinking: /home/herring/rzddzy/install/franka_bringup/share/franka_bringup/local_setup.dsv
[0.905s] -- Symlinking: /home/herring/rzddzy/install/franka_bringup/share/franka_bringup/package.dsv
[0.912s] -- Symlinking: /home/herring/rzddzy/install/franka_bringup/share/ament_index/resource_index/packages/franka_bringup
[0.918s] -- Symlinking: /home/herring/rzddzy/install/franka_bringup/share/franka_bringup/cmake/franka_bringupConfig.cmake
[0.925s] -- Symlinking: /home/herring/rzddzy/install/franka_bringup/share/franka_bringup/cmake/franka_bringupConfig-version.cmake
[0.931s] -- Symlinking: /home/herring/rzddzy/install/franka_bringup/share/franka_bringup/package.xml
[0.937s] Invoked command in '/home/herring/rzddzy/build/franka_bringup' returned '0': AMENT_PREFIX_PATH=/home/herring/rzddzy/install/multi_mode_controller_impl:/home/herring/rzddzy/install/multi_mode_controller:/home/herring/rzddzy/install/franka_robot_state_broadcaster:/home/herring/rzddzy/install/franka_semantic_components:/home/herring/rzddzy/install/franka_hardware:/home/herring/rzddzy/install/mujoco_ros2_control:/home/herring/rzddzy/install/multi_mode_control_msgs:/home/herring/rzddzy/install/mujoco_ros:/home/herring/rzddzy/install/mujoco_ros_msgs:/home/herring/rzddzy/install/franka_msgs:/home/herring/rzddzy/install/franka_description:${AMENT_PREFIX_PATH} CMAKE_PREFIX_PATH=/home/herring/rzddzy/install/multi_mode_controller_impl:/home/herring/rzddzy/install/multi_mode_controller:/home/herring/rzddzy/install/franka_robot_state_broadcaster:/home/herring/rzddzy/install/franka_semantic_components:/home/herring/rzddzy/install/franka_hardware:/home/herring/rzddzy/install/mujoco_ros2_control:/home/herring/rzddzy/install/multi_mode_control_msgs:/home/herring/rzddzy/install/mujoco_ros:/home/herring/rzddzy/install/mujoco_ros_msgs:/home/herring/rzddzy/install/franka_msgs:/home/herring/rzddzy/install/franka_description:/opt/ros/jazzy/opt/sdformat_vendor:/opt/ros/jazzy/opt/gz_math_vendor:/opt/ros/jazzy/opt/gz_utils_vendor:/opt/ros/jazzy/opt/gz_tools_vendor:/opt/ros/jazzy/opt/gz_cmake_vendor:/opt/ros/jazzy DEBUGINFOD_URLS=https://debuginfod.ubuntu.com LD_LIBRARY_PATH=/home/herring/rzddzy/install/multi_mode_controller_impl/lib:/home/herring/rzddzy/install/multi_mode_controller/lib:/home/herring/rzddzy/install/franka_robot_state_broadcaster/lib:/home/herring/rzddzy/install/franka_semantic_components/lib:/home/herring/rzddzy/install/franka_hardware/lib:/home/herring/rzddzy/install/mujoco_ros2_control/lib:/home/herring/rzddzy/install/multi_mode_control_msgs/lib:/home/herring/rzddzy/install/mujoco_ros/lib:/home/herring/rzddzy/install/mujoco_ros_msgs/lib:/home/herring/rzddzy/install/franka_msgs/lib:${LD_LIBRARY_PATH} PYTHONPATH=/home/herring/rzddzy/install/multi_mode_control_msgs/lib/python3.12/site-packages:/home/herring/rzddzy/install/mujoco_ros_msgs/lib/python3.12/site-packages:/home/herring/rzddzy/install/franka_msgs/lib/python3.12/site-packages:${PYTHONPATH} /usr/bin/cmake --install /home/herring/rzddzy/build/franka_bringup
