-- Found ament_cmake: 2.5.5 (/opt/ros/jazzy/share/ament_cmake/cmake)
-- Override CMake install command with custom implementation using symlinks instead of copying resources
-- Found rclcpp: 28.1.16 (/opt/ros/jazzy/share/rclcpp/cmake)
-- Found rosidl_generator_c: 4.6.7 (/opt/ros/jazzy/share/rosidl_generator_c/cmake)
-- Found rosidl_generator_cpp: 4.6.7 (/opt/ros/jazzy/share/rosidl_generator_cpp/cmake)
-- Using all available rosidl_typesupport_c: rosidl_typesupport_fastrtps_c;rosidl_typesupport_introspection_c
-- Using all available rosidl_typesupport_cpp: rosidl_typesupport_fastrtps_cpp;rosidl_typesupport_introspection_cpp
-- Found rmw_implementation_cmake: 7.3.3 (/opt/ros/jazzy/share/rmw_implementation_cmake/cmake)
-- Found rmw_fastrtps_cpp: 8.4.3 (/opt/ros/jazzy/share/rmw_fastrtps_cpp/cmake)
-- Using RMW implementation 'rmw_fastrtps_cpp' as default
-- Found std_msgs: 5.3.6 (/opt/ros/jazzy/share/std_msgs/cmake)
-- Found geometry_msgs: 5.3.6 (/opt/ros/jazzy/share/geometry_msgs/cmake)
-- Found sensor_msgs: 5.3.6 (/opt/ros/jazzy/share/sensor_msgs/cmake)
-- Found trajectory_msgs: 5.3.6 (/opt/ros/jazzy/share/trajectory_msgs/cmake)
-- Found visualization_msgs: 5.3.6 (/opt/ros/jazzy/share/visualization_msgs/cmake)
-- Found cplus_dev: 0.0.0 (/home/herring/rzddzy/ros2_ws/install/cplus_dev/share/cplus_dev/cmake)
-- Configuring done (1.1s)
-- Generating done (0.1s)
-- Build files have been written to: /home/herring/rzddzy/ros2_ws/build/controller
[ 37%] Built target buffer_controller
[ 50%] [32mBuilding CXX object CMakeFiles/gbp_mpc_controller.dir/src/gbp_mpc_controller.cpp.o[0m
[01m[K/home/herring/rzddzy/ros2_ws/src/controller/src/gbp_mpc_controller.cpp:20:10:[m[K [01;31m[Kfatal error: [m[KRobot_classes/RobotDescription.h: 没有那个文件或目录
   20 | #include [01;31m[K"Robot_classes/RobotDescription.h"[m[K
      |          [01;31m[K^~~~~~~~~~~~~~~~~~~~~~~~~~~~~~~~~~[m[K
compilation terminated.
gmake[2]: *** [CMakeFiles/gbp_mpc_controller.dir/build.make:76：CMakeFiles/gbp_mpc_controller.dir/src/gbp_mpc_controller.cpp.o] 错误 1
gmake[1]: *** [CMakeFiles/Makefile2:193：CMakeFiles/gbp_mpc_controller.dir/all] 错误 2
gmake: *** [Makefile:146：all] 错误 2
