[0.051s] DEBUG:colcon:Command line arguments: ['/usr/bin/colcon', 'build', '--packages-select', 'franka_bringup']
[0.051s] DEBUG:colcon:Parsed command line arguments: Namespace(log_base=None, log_level=None, verb_name='build', build_base='build', install_base='install', merge_install=False, symlink_install=False, test_result_base=None, continue_on_error=False, executor='parallel', parallel_workers=28, event_handlers=None, ignore_user_meta=False, metas=['./colcon.meta'], base_paths=['.'], packages_ignore=None, packages_ignore_regex=None, paths=None, packages_up_to=None, packages_up_to_regex=None, packages_above=None, packages_above_and_dependencies=None, packages_above_depth=None, packages_select_by_dep=None, packages_skip_by_dep=None, packages_skip_up_to=None, packages_select_build_failed=False, packages_skip_build_finished=False, packages_select_test_failures=False, packages_skip_test_passed=False, packages_select=['franka_bringup'], packages_skip=None, packages_select_regex=None, packages_skip_regex=None, packages_start=None, packages_end=None, allow_overriding=[], cmake_args=None, cmake_target=None, cmake_target_skip_unavailable=False, cmake_clean_cache=False, cmake_clean_first=False, cmake_force_configure=False, ament_cmake_args=None, catkin_cmake_args=None, catkin_skip_building_tests=False, verb_parser=<colcon_defaults.argument_parser.defaults.DefaultArgumentsDecorator object at 0x7373bf3a4a70>, verb_extension=<colcon_core.verb.build.BuildVerb object at 0x7373bf4dac60>, main=<bound method BuildVerb.main of <colcon_core.verb.build.BuildVerb object at 0x7373bf4dac60>>)
[0.071s] Level 1:colcon.colcon_core.package_discovery:discover_packages(colcon_meta) check parameters
[0.071s] Level 1:colcon.colcon_core.package_discovery:discover_packages(recursive) check parameters
[0.071s] Level 1:colcon.colcon_core.package_discovery:discover_packages(ignore) check parameters
[0.071s] Level 1:colcon.colcon_core.package_discovery:discover_packages(path) check parameters
[0.071s] Level 1:colcon.colcon_core.package_discovery:discover_packages(colcon_meta) discover
[0.071s] Level 1:colcon.colcon_core.package_discovery:discover_packages(recursive) discover
[0.071s] INFO:colcon.colcon_core.package_discovery:Crawling recursively for packages in '/home/herring/rzddzy/ros2_ws'
[0.072s] Level 1:colcon.colcon_core.package_identification:_identify(.) by extensions ['ignore', 'ignore_ament_install']
[0.072s] Level 1:colcon.colcon_core.package_identification:_identify(.) by extension 'ignore'
[0.072s] Level 1:colcon.colcon_core.package_identification:_identify(.) by extension 'ignore_ament_install'
[0.072s] Level 1:colcon.colcon_core.package_identification:_identify(.) by extensions ['colcon_pkg']
[0.072s] Level 1:colcon.colcon_core.package_identification:_identify(.) by extension 'colcon_pkg'
[0.072s] Level 1:colcon.colcon_core.package_identification:_identify(.) by extensions ['colcon_meta']
[0.072s] Level 1:colcon.colcon_core.package_identification:_identify(.) by extension 'colcon_meta'
[0.072s] Level 1:colcon.colcon_core.package_identification:_identify(.) by extensions ['ros']
[0.072s] Level 1:colcon.colcon_core.package_identification:_identify(.) by extension 'ros'
[0.085s] Level 1:colcon.colcon_core.package_identification:_identify(.) by extensions ['cmake', 'python']
[0.086s] Level 1:colcon.colcon_core.package_identification:_identify(.) by extension 'cmake'
[0.086s] Level 1:colcon.colcon_core.package_identification:_identify(.) by extension 'python'
[0.086s] Level 1:colcon.colcon_core.package_identification:_identify(.) by extensions ['python_setup_py']
[0.086s] Level 1:colcon.colcon_core.package_identification:_identify(.) by extension 'python_setup_py'
[0.086s] Level 1:colcon.colcon_core.package_identification:_identify(build) by extensions ['ignore', 'ignore_ament_install']
[0.086s] Level 1:colcon.colcon_core.package_identification:_identify(build) by extension 'ignore'
[0.086s] Level 1:colcon.colcon_core.package_identification:_identify(build) ignored
[0.086s] Level 1:colcon.colcon_core.package_identification:_identify(install) by extensions ['ignore', 'ignore_ament_install']
[0.086s] Level 1:colcon.colcon_core.package_identification:_identify(install) by extension 'ignore'
[0.086s] Level 1:colcon.colcon_core.package_identification:_identify(install) ignored
[0.086s] Level 1:colcon.colcon_core.package_identification:_identify(log) by extensions ['ignore', 'ignore_ament_install']
[0.086s] Level 1:colcon.colcon_core.package_identification:_identify(log) by extension 'ignore'
[0.086s] Level 1:colcon.colcon_core.package_identification:_identify(log) ignored
[0.086s] Level 1:colcon.colcon_core.package_identification:_identify(src) by extensions ['ignore', 'ignore_ament_install']
[0.086s] Level 1:colcon.colcon_core.package_identification:_identify(src) by extension 'ignore'
[0.086s] Level 1:colcon.colcon_core.package_identification:_identify(src) by extension 'ignore_ament_install'
[0.086s] Level 1:colcon.colcon_core.package_identification:_identify(src) by extensions ['colcon_pkg']
[0.086s] Level 1:colcon.colcon_core.package_identification:_identify(src) by extension 'colcon_pkg'
[0.086s] Level 1:colcon.colcon_core.package_identification:_identify(src) by extensions ['colcon_meta']
[0.086s] Level 1:colcon.colcon_core.package_identification:_identify(src) by extension 'colcon_meta'
[0.086s] Level 1:colcon.colcon_core.package_identification:_identify(src) by extensions ['ros']
[0.086s] Level 1:colcon.colcon_core.package_identification:_identify(src) by extension 'ros'
[0.086s] Level 1:colcon.colcon_core.package_identification:_identify(src) by extensions ['cmake', 'python']
[0.086s] Level 1:colcon.colcon_core.package_identification:_identify(src) by extension 'cmake'
[0.086s] Level 1:colcon.colcon_core.package_identification:_identify(src) by extension 'python'
[0.086s] Level 1:colcon.colcon_core.package_identification:_identify(src) by extensions ['python_setup_py']
[0.086s] Level 1:colcon.colcon_core.package_identification:_identify(src) by extension 'python_setup_py'
[0.086s] Level 1:colcon.colcon_core.package_identification:_identify(src/controller) by extensions ['ignore', 'ignore_ament_install']
[0.086s] Level 1:colcon.colcon_core.package_identification:_identify(src/controller) by extension 'ignore'
[0.086s] Level 1:colcon.colcon_core.package_identification:_identify(src/controller) by extension 'ignore_ament_install'
[0.086s] Level 1:colcon.colcon_core.package_identification:_identify(src/controller) by extensions ['colcon_pkg']
[0.086s] Level 1:colcon.colcon_core.package_identification:_identify(src/controller) by extension 'colcon_pkg'
[0.086s] Level 1:colcon.colcon_core.package_identification:_identify(src/controller) by extensions ['colcon_meta']
[0.087s] Level 1:colcon.colcon_core.package_identification:_identify(src/controller) by extension 'colcon_meta'
[0.087s] Level 1:colcon.colcon_core.package_identification:_identify(src/controller) by extensions ['ros']
[0.087s] Level 1:colcon.colcon_core.package_identification:_identify(src/controller) by extension 'ros'
[0.088s] DEBUG:colcon.colcon_core.package_identification:Package 'src/controller' with type 'ros.ament_cmake' and name 'controller'
[0.089s] Level 1:colcon.colcon_core.package_identification:_identify(src/franka_analytical_ik) by extensions ['ignore', 'ignore_ament_install']
[0.089s] Level 1:colcon.colcon_core.package_identification:_identify(src/franka_analytical_ik) by extension 'ignore'
[0.089s] Level 1:colcon.colcon_core.package_identification:_identify(src/franka_analytical_ik) by extension 'ignore_ament_install'
[0.089s] Level 1:colcon.colcon_core.package_identification:_identify(src/franka_analytical_ik) by extensions ['colcon_pkg']
[0.089s] Level 1:colcon.colcon_core.package_identification:_identify(src/franka_analytical_ik) by extension 'colcon_pkg'
[0.089s] Level 1:colcon.colcon_core.package_identification:_identify(src/franka_analytical_ik) by extensions ['colcon_meta']
[0.089s] Level 1:colcon.colcon_core.package_identification:_identify(src/franka_analytical_ik) by extension 'colcon_meta'
[0.089s] Level 1:colcon.colcon_core.package_identification:_identify(src/franka_analytical_ik) by extensions ['ros']
[0.089s] Level 1:colcon.colcon_core.package_identification:_identify(src/franka_analytical_ik) by extension 'ros'
[0.089s] Level 1:colcon.colcon_core.package_identification:_identify(src/franka_analytical_ik) by extensions ['cmake', 'python']
[0.089s] Level 1:colcon.colcon_core.package_identification:_identify(src/franka_analytical_ik) by extension 'cmake'
[0.089s] Level 1:colcon.colcon_core.package_identification:_identify(src/franka_analytical_ik) by extension 'python'
[0.089s] Level 1:colcon.colcon_core.package_identification:_identify(src/franka_analytical_ik) by extensions ['python_setup_py']
[0.089s] Level 1:colcon.colcon_core.package_identification:_identify(src/franka_analytical_ik) by extension 'python_setup_py'
[0.202s] DEBUG:colcon.colcon_core.package_identification:Package 'src/franka_analytical_ik' with type 'python' and name 'franka_ik_py'
[0.202s] Level 1:colcon.colcon_core.package_identification:_identify(src/franka_bringup) by extensions ['ignore', 'ignore_ament_install']
[0.203s] Level 1:colcon.colcon_core.package_identification:_identify(src/franka_bringup) by extension 'ignore'
[0.203s] Level 1:colcon.colcon_core.package_identification:_identify(src/franka_bringup) by extension 'ignore_ament_install'
[0.203s] Level 1:colcon.colcon_core.package_identification:_identify(src/franka_bringup) by extensions ['colcon_pkg']
[0.203s] Level 1:colcon.colcon_core.package_identification:_identify(src/franka_bringup) by extension 'colcon_pkg'
[0.203s] Level 1:colcon.colcon_core.package_identification:_identify(src/franka_bringup) by extensions ['colcon_meta']
[0.203s] Level 1:colcon.colcon_core.package_identification:_identify(src/franka_bringup) by extension 'colcon_meta'
[0.203s] Level 1:colcon.colcon_core.package_identification:_identify(src/franka_bringup) by extensions ['ros']
[0.203s] Level 1:colcon.colcon_core.package_identification:_identify(src/franka_bringup) by extension 'ros'
[0.203s] DEBUG:colcon.colcon_core.package_identification:Package 'src/franka_bringup' with type 'ros.ament_cmake' and name 'franka_bringup'
[0.203s] Level 1:colcon.colcon_core.package_identification:_identify(src/franka_description) by extensions ['ignore', 'ignore_ament_install']
[0.203s] Level 1:colcon.colcon_core.package_identification:_identify(src/franka_description) by extension 'ignore'
[0.203s] Level 1:colcon.colcon_core.package_identification:_identify(src/franka_description) by extension 'ignore_ament_install'
[0.203s] Level 1:colcon.colcon_core.package_identification:_identify(src/franka_description) by extensions ['colcon_pkg']
[0.203s] Level 1:colcon.colcon_core.package_identification:_identify(src/franka_description) by extension 'colcon_pkg'
[0.203s] Level 1:colcon.colcon_core.package_identification:_identify(src/franka_description) by extensions ['colcon_meta']
[0.203s] Level 1:colcon.colcon_core.package_identification:_identify(src/franka_description) by extension 'colcon_meta'
[0.203s] Level 1:colcon.colcon_core.package_identification:_identify(src/franka_description) by extensions ['ros']
[0.203s] Level 1:colcon.colcon_core.package_identification:_identify(src/franka_description) by extension 'ros'
[0.204s] DEBUG:colcon.colcon_core.package_identification:Package 'src/franka_description' with type 'ros.ament_cmake' and name 'franka_description'
[0.204s] Level 1:colcon.colcon_core.package_identification:_identify(src/franka_example_controllers) by extensions ['ignore', 'ignore_ament_install']
[0.204s] Level 1:colcon.colcon_core.package_identification:_identify(src/franka_example_controllers) by extension 'ignore'
[0.204s] Level 1:colcon.colcon_core.package_identification:_identify(src/franka_example_controllers) by extension 'ignore_ament_install'
[0.204s] Level 1:colcon.colcon_core.package_identification:_identify(src/franka_example_controllers) by extensions ['colcon_pkg']
[0.204s] Level 1:colcon.colcon_core.package_identification:_identify(src/franka_example_controllers) by extension 'colcon_pkg'
[0.204s] Level 1:colcon.colcon_core.package_identification:_identify(src/franka_example_controllers) by extensions ['colcon_meta']
[0.204s] Level 1:colcon.colcon_core.package_identification:_identify(src/franka_example_controllers) by extension 'colcon_meta'
[0.204s] Level 1:colcon.colcon_core.package_identification:_identify(src/franka_example_controllers) by extensions ['ros']
[0.204s] Level 1:colcon.colcon_core.package_identification:_identify(src/franka_example_controllers) by extension 'ros'
[0.204s] DEBUG:colcon.colcon_core.package_identification:Package 'src/franka_example_controllers' with type 'ros.ament_cmake' and name 'franka_example_controllers'
[0.204s] Level 1:colcon.colcon_core.package_identification:_identify(src/franka_hardware) by extensions ['ignore', 'ignore_ament_install']
[0.205s] Level 1:colcon.colcon_core.package_identification:_identify(src/franka_hardware) by extension 'ignore'
[0.205s] Level 1:colcon.colcon_core.package_identification:_identify(src/franka_hardware) by extension 'ignore_ament_install'
[0.205s] Level 1:colcon.colcon_core.package_identification:_identify(src/franka_hardware) by extensions ['colcon_pkg']
[0.205s] Level 1:colcon.colcon_core.package_identification:_identify(src/franka_hardware) by extension 'colcon_pkg'
[0.205s] Level 1:colcon.colcon_core.package_identification:_identify(src/franka_hardware) by extensions ['colcon_meta']
[0.205s] Level 1:colcon.colcon_core.package_identification:_identify(src/franka_hardware) by extension 'colcon_meta'
[0.205s] Level 1:colcon.colcon_core.package_identification:_identify(src/franka_hardware) by extensions ['ros']
[0.205s] Level 1:colcon.colcon_core.package_identification:_identify(src/franka_hardware) by extension 'ros'
[0.205s] DEBUG:colcon.colcon_core.package_identification:Package 'src/franka_hardware' with type 'ros.ament_cmake' and name 'franka_hardware'
[0.205s] Level 1:colcon.colcon_core.package_identification:_identify(src/franka_msgs) by extensions ['ignore', 'ignore_ament_install']
[0.205s] Level 1:colcon.colcon_core.package_identification:_identify(src/franka_msgs) by extension 'ignore'
[0.205s] Level 1:colcon.colcon_core.package_identification:_identify(src/franka_msgs) by extension 'ignore_ament_install'
[0.205s] Level 1:colcon.colcon_core.package_identification:_identify(src/franka_msgs) by extensions ['colcon_pkg']
[0.205s] Level 1:colcon.colcon_core.package_identification:_identify(src/franka_msgs) by extension 'colcon_pkg'
[0.205s] Level 1:colcon.colcon_core.package_identification:_identify(src/franka_msgs) by extensions ['colcon_meta']
[0.205s] Level 1:colcon.colcon_core.package_identification:_identify(src/franka_msgs) by extension 'colcon_meta'
[0.205s] Level 1:colcon.colcon_core.package_identification:_identify(src/franka_msgs) by extensions ['ros']
[0.205s] Level 1:colcon.colcon_core.package_identification:_identify(src/franka_msgs) by extension 'ros'
[0.206s] DEBUG:colcon.colcon_core.package_identification:Package 'src/franka_msgs' with type 'ros.ament_cmake' and name 'franka_msgs'
[0.206s] Level 1:colcon.colcon_core.package_identification:_identify(src/franka_robot_state_broadcaster) by extensions ['ignore', 'ignore_ament_install']
[0.206s] Level 1:colcon.colcon_core.package_identification:_identify(src/franka_robot_state_broadcaster) by extension 'ignore'
[0.206s] Level 1:colcon.colcon_core.package_identification:_identify(src/franka_robot_state_broadcaster) by extension 'ignore_ament_install'
[0.206s] Level 1:colcon.colcon_core.package_identification:_identify(src/franka_robot_state_broadcaster) by extensions ['colcon_pkg']
[0.206s] Level 1:colcon.colcon_core.package_identification:_identify(src/franka_robot_state_broadcaster) by extension 'colcon_pkg'
[0.206s] Level 1:colcon.colcon_core.package_identification:_identify(src/franka_robot_state_broadcaster) by extensions ['colcon_meta']
[0.206s] Level 1:colcon.colcon_core.package_identification:_identify(src/franka_robot_state_broadcaster) by extension 'colcon_meta'
[0.206s] Level 1:colcon.colcon_core.package_identification:_identify(src/franka_robot_state_broadcaster) by extensions ['ros']
[0.206s] Level 1:colcon.colcon_core.package_identification:_identify(src/franka_robot_state_broadcaster) by extension 'ros'
[0.207s] DEBUG:colcon.colcon_core.package_identification:Package 'src/franka_robot_state_broadcaster' with type 'ros.ament_cmake' and name 'franka_robot_state_broadcaster'
[0.207s] Level 1:colcon.colcon_core.package_identification:_identify(src/franka_semantic_components) by extensions ['ignore', 'ignore_ament_install']
[0.207s] Level 1:colcon.colcon_core.package_identification:_identify(src/franka_semantic_components) by extension 'ignore'
[0.207s] Level 1:colcon.colcon_core.package_identification:_identify(src/franka_semantic_components) by extension 'ignore_ament_install'
[0.207s] Level 1:colcon.colcon_core.package_identification:_identify(src/franka_semantic_components) by extensions ['colcon_pkg']
[0.207s] Level 1:colcon.colcon_core.package_identification:_identify(src/franka_semantic_components) by extension 'colcon_pkg'
[0.207s] Level 1:colcon.colcon_core.package_identification:_identify(src/franka_semantic_components) by extensions ['colcon_meta']
[0.207s] Level 1:colcon.colcon_core.package_identification:_identify(src/franka_semantic_components) by extension 'colcon_meta'
[0.207s] Level 1:colcon.colcon_core.package_identification:_identify(src/franka_semantic_components) by extensions ['ros']
[0.207s] Level 1:colcon.colcon_core.package_identification:_identify(src/franka_semantic_components) by extension 'ros'
[0.208s] DEBUG:colcon.colcon_core.package_identification:Package 'src/franka_semantic_components' with type 'ros.ament_cmake' and name 'franka_semantic_components'
[0.208s] Level 1:colcon.colcon_core.package_identification:_identify(src/mujoco_ros_pkgs) by extensions ['ignore', 'ignore_ament_install']
[0.208s] Level 1:colcon.colcon_core.package_identification:_identify(src/mujoco_ros_pkgs) by extension 'ignore'
[0.208s] Level 1:colcon.colcon_core.package_identification:_identify(src/mujoco_ros_pkgs) by extension 'ignore_ament_install'
[0.208s] Level 1:colcon.colcon_core.package_identification:_identify(src/mujoco_ros_pkgs) by extensions ['colcon_pkg']
[0.208s] Level 1:colcon.colcon_core.package_identification:_identify(src/mujoco_ros_pkgs) by extension 'colcon_pkg'
[0.208s] Level 1:colcon.colcon_core.package_identification:_identify(src/mujoco_ros_pkgs) by extensions ['colcon_meta']
[0.208s] Level 1:colcon.colcon_core.package_identification:_identify(src/mujoco_ros_pkgs) by extension 'colcon_meta'
[0.208s] Level 1:colcon.colcon_core.package_identification:_identify(src/mujoco_ros_pkgs) by extensions ['ros']
[0.208s] Level 1:colcon.colcon_core.package_identification:_identify(src/mujoco_ros_pkgs) by extension 'ros'
[0.208s] Level 1:colcon.colcon_core.package_identification:_identify(src/mujoco_ros_pkgs) by extensions ['cmake', 'python']
[0.208s] Level 1:colcon.colcon_core.package_identification:_identify(src/mujoco_ros_pkgs) by extension 'cmake'
[0.208s] Level 1:colcon.colcon_core.package_identification:_identify(src/mujoco_ros_pkgs) by extension 'python'
[0.208s] Level 1:colcon.colcon_core.package_identification:_identify(src/mujoco_ros_pkgs) by extensions ['python_setup_py']
[0.208s] Level 1:colcon.colcon_core.package_identification:_identify(src/mujoco_ros_pkgs) by extension 'python_setup_py'
[0.208s] Level 1:colcon.colcon_core.package_identification:_identify(src/mujoco_ros_pkgs/mujoco_ros) by extensions ['ignore', 'ignore_ament_install']
[0.208s] Level 1:colcon.colcon_core.package_identification:_identify(src/mujoco_ros_pkgs/mujoco_ros) by extension 'ignore'
[0.208s] Level 1:colcon.colcon_core.package_identification:_identify(src/mujoco_ros_pkgs/mujoco_ros) by extension 'ignore_ament_install'
[0.208s] Level 1:colcon.colcon_core.package_identification:_identify(src/mujoco_ros_pkgs/mujoco_ros) by extensions ['colcon_pkg']
[0.208s] Level 1:colcon.colcon_core.package_identification:_identify(src/mujoco_ros_pkgs/mujoco_ros) by extension 'colcon_pkg'
[0.208s] Level 1:colcon.colcon_core.package_identification:_identify(src/mujoco_ros_pkgs/mujoco_ros) by extensions ['colcon_meta']
[0.208s] Level 1:colcon.colcon_core.package_identification:_identify(src/mujoco_ros_pkgs/mujoco_ros) by extension 'colcon_meta'
[0.208s] Level 1:colcon.colcon_core.package_identification:_identify(src/mujoco_ros_pkgs/mujoco_ros) by extensions ['ros']
[0.208s] Level 1:colcon.colcon_core.package_identification:_identify(src/mujoco_ros_pkgs/mujoco_ros) by extension 'ros'
[0.212s] DEBUG:colcon.colcon_core.package_identification:Package 'src/mujoco_ros_pkgs/mujoco_ros' with type 'ros.ament_cmake' and name 'mujoco_ros'
[0.212s] Level 1:colcon.colcon_core.package_identification:_identify(src/mujoco_ros_pkgs/mujoco_ros2_control) by extensions ['ignore', 'ignore_ament_install']
[0.212s] Level 1:colcon.colcon_core.package_identification:_identify(src/mujoco_ros_pkgs/mujoco_ros2_control) by extension 'ignore'
[0.212s] Level 1:colcon.colcon_core.package_identification:_identify(src/mujoco_ros_pkgs/mujoco_ros2_control) by extension 'ignore_ament_install'
[0.212s] Level 1:colcon.colcon_core.package_identification:_identify(src/mujoco_ros_pkgs/mujoco_ros2_control) by extensions ['colcon_pkg']
[0.212s] Level 1:colcon.colcon_core.package_identification:_identify(src/mujoco_ros_pkgs/mujoco_ros2_control) by extension 'colcon_pkg'
[0.212s] Level 1:colcon.colcon_core.package_identification:_identify(src/mujoco_ros_pkgs/mujoco_ros2_control) by extensions ['colcon_meta']
[0.212s] Level 1:colcon.colcon_core.package_identification:_identify(src/mujoco_ros_pkgs/mujoco_ros2_control) by extension 'colcon_meta'
[0.212s] Level 1:colcon.colcon_core.package_identification:_identify(src/mujoco_ros_pkgs/mujoco_ros2_control) by extensions ['ros']
[0.212s] Level 1:colcon.colcon_core.package_identification:_identify(src/mujoco_ros_pkgs/mujoco_ros2_control) by extension 'ros'
[0.213s] DEBUG:colcon.colcon_core.package_identification:Package 'src/mujoco_ros_pkgs/mujoco_ros2_control' with type 'ros.ament_cmake' and name 'mujoco_ros2_control'
[0.213s] Level 1:colcon.colcon_core.package_identification:_identify(src/mujoco_ros_pkgs/mujoco_ros2_control_system) by extensions ['ignore', 'ignore_ament_install']
[0.213s] Level 1:colcon.colcon_core.package_identification:_identify(src/mujoco_ros_pkgs/mujoco_ros2_control_system) by extension 'ignore'
[0.213s] Level 1:colcon.colcon_core.package_identification:_identify(src/mujoco_ros_pkgs/mujoco_ros2_control_system) by extension 'ignore_ament_install'
[0.213s] Level 1:colcon.colcon_core.package_identification:_identify(src/mujoco_ros_pkgs/mujoco_ros2_control_system) by extensions ['colcon_pkg']
[0.213s] Level 1:colcon.colcon_core.package_identification:_identify(src/mujoco_ros_pkgs/mujoco_ros2_control_system) by extension 'colcon_pkg'
[0.213s] Level 1:colcon.colcon_core.package_identification:_identify(src/mujoco_ros_pkgs/mujoco_ros2_control_system) by extensions ['colcon_meta']
[0.213s] Level 1:colcon.colcon_core.package_identification:_identify(src/mujoco_ros_pkgs/mujoco_ros2_control_system) by extension 'colcon_meta'
[0.213s] Level 1:colcon.colcon_core.package_identification:_identify(src/mujoco_ros_pkgs/mujoco_ros2_control_system) by extensions ['ros']
[0.213s] Level 1:colcon.colcon_core.package_identification:_identify(src/mujoco_ros_pkgs/mujoco_ros2_control_system) by extension 'ros'
[0.213s] DEBUG:colcon.colcon_core.package_identification:Package 'src/mujoco_ros_pkgs/mujoco_ros2_control_system' with type 'ros.ament_cmake' and name 'mujoco_ros2_control_system'
[0.213s] Level 1:colcon.colcon_core.package_identification:_identify(src/mujoco_ros_pkgs/mujoco_ros2_dummy_plugin) by extensions ['ignore', 'ignore_ament_install']
[0.213s] Level 1:colcon.colcon_core.package_identification:_identify(src/mujoco_ros_pkgs/mujoco_ros2_dummy_plugin) by extension 'ignore'
[0.213s] Level 1:colcon.colcon_core.package_identification:_identify(src/mujoco_ros_pkgs/mujoco_ros2_dummy_plugin) by extension 'ignore_ament_install'
[0.213s] Level 1:colcon.colcon_core.package_identification:_identify(src/mujoco_ros_pkgs/mujoco_ros2_dummy_plugin) by extensions ['colcon_pkg']
[0.213s] Level 1:colcon.colcon_core.package_identification:_identify(src/mujoco_ros_pkgs/mujoco_ros2_dummy_plugin) by extension 'colcon_pkg'
[0.213s] Level 1:colcon.colcon_core.package_identification:_identify(src/mujoco_ros_pkgs/mujoco_ros2_dummy_plugin) by extensions ['colcon_meta']
[0.214s] Level 1:colcon.colcon_core.package_identification:_identify(src/mujoco_ros_pkgs/mujoco_ros2_dummy_plugin) by extension 'colcon_meta'
[0.214s] Level 1:colcon.colcon_core.package_identification:_identify(src/mujoco_ros_pkgs/mujoco_ros2_dummy_plugin) by extensions ['ros']
[0.214s] Level 1:colcon.colcon_core.package_identification:_identify(src/mujoco_ros_pkgs/mujoco_ros2_dummy_plugin) by extension 'ros'
[0.214s] DEBUG:colcon.colcon_core.package_identification:Package 'src/mujoco_ros_pkgs/mujoco_ros2_dummy_plugin' with type 'ros.ament_cmake' and name 'mujoco_ros2_dummy_plugin'
[0.214s] Level 1:colcon.colcon_core.package_identification:_identify(src/mujoco_ros_pkgs/mujoco_ros2_sensors) by extensions ['ignore', 'ignore_ament_install']
[0.214s] Level 1:colcon.colcon_core.package_identification:_identify(src/mujoco_ros_pkgs/mujoco_ros2_sensors) by extension 'ignore'
[0.214s] Level 1:colcon.colcon_core.package_identification:_identify(src/mujoco_ros_pkgs/mujoco_ros2_sensors) by extension 'ignore_ament_install'
[0.214s] Level 1:colcon.colcon_core.package_identification:_identify(src/mujoco_ros_pkgs/mujoco_ros2_sensors) by extensions ['colcon_pkg']
[0.214s] Level 1:colcon.colcon_core.package_identification:_identify(src/mujoco_ros_pkgs/mujoco_ros2_sensors) by extension 'colcon_pkg'
[0.214s] Level 1:colcon.colcon_core.package_identification:_identify(src/mujoco_ros_pkgs/mujoco_ros2_sensors) by extensions ['colcon_meta']
[0.214s] Level 1:colcon.colcon_core.package_identification:_identify(src/mujoco_ros_pkgs/mujoco_ros2_sensors) by extension 'colcon_meta'
[0.214s] Level 1:colcon.colcon_core.package_identification:_identify(src/mujoco_ros_pkgs/mujoco_ros2_sensors) by extensions ['ros']
[0.214s] Level 1:colcon.colcon_core.package_identification:_identify(src/mujoco_ros_pkgs/mujoco_ros2_sensors) by extension 'ros'
[0.214s] DEBUG:colcon.colcon_core.package_identification:Package 'src/mujoco_ros_pkgs/mujoco_ros2_sensors' with type 'ros.ament_cmake' and name 'mujoco_ros2_sensors'
[0.215s] Level 1:colcon.colcon_core.package_identification:_identify(src/mujoco_ros_pkgs/mujoco_ros_control) by extensions ['ignore', 'ignore_ament_install']
[0.215s] Level 1:colcon.colcon_core.package_identification:_identify(src/mujoco_ros_pkgs/mujoco_ros_control) by extension 'ignore'
[0.215s] Level 1:colcon.colcon_core.package_identification:_identify(src/mujoco_ros_pkgs/mujoco_ros_control) ignored
[0.215s] Level 1:colcon.colcon_core.package_identification:_identify(src/mujoco_ros_pkgs/mujoco_ros_laser) by extensions ['ignore', 'ignore_ament_install']
[0.215s] Level 1:colcon.colcon_core.package_identification:_identify(src/mujoco_ros_pkgs/mujoco_ros_laser) by extension 'ignore'
[0.215s] Level 1:colcon.colcon_core.package_identification:_identify(src/mujoco_ros_pkgs/mujoco_ros_laser) ignored
[0.215s] Level 1:colcon.colcon_core.package_identification:_identify(src/mujoco_ros_pkgs/mujoco_ros_mocap_plugin) by extensions ['ignore', 'ignore_ament_install']
[0.215s] Level 1:colcon.colcon_core.package_identification:_identify(src/mujoco_ros_pkgs/mujoco_ros_mocap_plugin) by extension 'ignore'
[0.215s] Level 1:colcon.colcon_core.package_identification:_identify(src/mujoco_ros_pkgs/mujoco_ros_mocap_plugin) ignored
[0.215s] Level 1:colcon.colcon_core.package_identification:_identify(src/mujoco_ros_pkgs/mujoco_ros_msgs) by extensions ['ignore', 'ignore_ament_install']
[0.215s] Level 1:colcon.colcon_core.package_identification:_identify(src/mujoco_ros_pkgs/mujoco_ros_msgs) by extension 'ignore'
[0.215s] Level 1:colcon.colcon_core.package_identification:_identify(src/mujoco_ros_pkgs/mujoco_ros_msgs) by extension 'ignore_ament_install'
[0.215s] Level 1:colcon.colcon_core.package_identification:_identify(src/mujoco_ros_pkgs/mujoco_ros_msgs) by extensions ['colcon_pkg']
[0.215s] Level 1:colcon.colcon_core.package_identification:_identify(src/mujoco_ros_pkgs/mujoco_ros_msgs) by extension 'colcon_pkg'
[0.215s] Level 1:colcon.colcon_core.package_identification:_identify(src/mujoco_ros_pkgs/mujoco_ros_msgs) by extensions ['colcon_meta']
[0.215s] Level 1:colcon.colcon_core.package_identification:_identify(src/mujoco_ros_pkgs/mujoco_ros_msgs) by extension 'colcon_meta'
[0.215s] Level 1:colcon.colcon_core.package_identification:_identify(src/mujoco_ros_pkgs/mujoco_ros_msgs) by extensions ['ros']
[0.215s] Level 1:colcon.colcon_core.package_identification:_identify(src/mujoco_ros_pkgs/mujoco_ros_msgs) by extension 'ros'
[0.217s] DEBUG:colcon.colcon_core.package_identification:Package 'src/mujoco_ros_pkgs/mujoco_ros_msgs' with type 'ros.ament_cmake' and name 'mujoco_ros_msgs'
[0.217s] Level 1:colcon.colcon_core.package_identification:_identify(src/mujoco_ros_pkgs/mujoco_ros_pkgs) by extensions ['ignore', 'ignore_ament_install']
[0.217s] Level 1:colcon.colcon_core.package_identification:_identify(src/mujoco_ros_pkgs/mujoco_ros_pkgs) by extension 'ignore'
[0.217s] Level 1:colcon.colcon_core.package_identification:_identify(src/mujoco_ros_pkgs/mujoco_ros_pkgs) by extension 'ignore_ament_install'
[0.217s] Level 1:colcon.colcon_core.package_identification:_identify(src/mujoco_ros_pkgs/mujoco_ros_pkgs) by extensions ['colcon_pkg']
[0.217s] Level 1:colcon.colcon_core.package_identification:_identify(src/mujoco_ros_pkgs/mujoco_ros_pkgs) by extension 'colcon_pkg'
[0.217s] Level 1:colcon.colcon_core.package_identification:_identify(src/mujoco_ros_pkgs/mujoco_ros_pkgs) by extensions ['colcon_meta']
[0.217s] Level 1:colcon.colcon_core.package_identification:_identify(src/mujoco_ros_pkgs/mujoco_ros_pkgs) by extension 'colcon_meta'
[0.217s] Level 1:colcon.colcon_core.package_identification:_identify(src/mujoco_ros_pkgs/mujoco_ros_pkgs) by extensions ['ros']
[0.217s] Level 1:colcon.colcon_core.package_identification:_identify(src/mujoco_ros_pkgs/mujoco_ros_pkgs) by extension 'ros'
[0.218s] DEBUG:colcon.colcon_core.package_identification:Package 'src/mujoco_ros_pkgs/mujoco_ros_pkgs' with type 'ros.ament_cmake' and name 'mujoco_ros_pkgs'
[0.218s] Level 1:colcon.colcon_core.package_identification:_identify(src/mujoco_ros_pkgs/mujoco_ros_sensors) by extensions ['ignore', 'ignore_ament_install']
[0.218s] Level 1:colcon.colcon_core.package_identification:_identify(src/mujoco_ros_pkgs/mujoco_ros_sensors) by extension 'ignore'
[0.218s] Level 1:colcon.colcon_core.package_identification:_identify(src/mujoco_ros_pkgs/mujoco_ros_sensors) ignored
[0.218s] Level 1:colcon.colcon_core.package_identification:_identify(src/multi_mode_control_msgs) by extensions ['ignore', 'ignore_ament_install']
[0.218s] Level 1:colcon.colcon_core.package_identification:_identify(src/multi_mode_control_msgs) by extension 'ignore'
[0.218s] Level 1:colcon.colcon_core.package_identification:_identify(src/multi_mode_control_msgs) by extension 'ignore_ament_install'
[0.218s] Level 1:colcon.colcon_core.package_identification:_identify(src/multi_mode_control_msgs) by extensions ['colcon_pkg']
[0.218s] Level 1:colcon.colcon_core.package_identification:_identify(src/multi_mode_control_msgs) by extension 'colcon_pkg'
[0.218s] Level 1:colcon.colcon_core.package_identification:_identify(src/multi_mode_control_msgs) by extensions ['colcon_meta']
[0.218s] Level 1:colcon.colcon_core.package_identification:_identify(src/multi_mode_control_msgs) by extension 'colcon_meta'
[0.218s] Level 1:colcon.colcon_core.package_identification:_identify(src/multi_mode_control_msgs) by extensions ['ros']
[0.218s] Level 1:colcon.colcon_core.package_identification:_identify(src/multi_mode_control_msgs) by extension 'ros'
[0.218s] DEBUG:colcon.colcon_core.package_identification:Package 'src/multi_mode_control_msgs' with type 'ros.ament_cmake' and name 'multi_mode_control_msgs'
[0.219s] Level 1:colcon.colcon_core.package_identification:_identify(src/multi_mode_controller) by extensions ['ignore', 'ignore_ament_install']
[0.219s] Level 1:colcon.colcon_core.package_identification:_identify(src/multi_mode_controller) by extension 'ignore'
[0.219s] Level 1:colcon.colcon_core.package_identification:_identify(src/multi_mode_controller) by extension 'ignore_ament_install'
[0.219s] Level 1:colcon.colcon_core.package_identification:_identify(src/multi_mode_controller) by extensions ['colcon_pkg']
[0.219s] Level 1:colcon.colcon_core.package_identification:_identify(src/multi_mode_controller) by extension 'colcon_pkg'
[0.219s] Level 1:colcon.colcon_core.package_identification:_identify(src/multi_mode_controller) by extensions ['colcon_meta']
[0.219s] Level 1:colcon.colcon_core.package_identification:_identify(src/multi_mode_controller) by extension 'colcon_meta'
[0.219s] Level 1:colcon.colcon_core.package_identification:_identify(src/multi_mode_controller) by extensions ['ros']
[0.219s] Level 1:colcon.colcon_core.package_identification:_identify(src/multi_mode_controller) by extension 'ros'
[0.219s] DEBUG:colcon.colcon_core.package_identification:Package 'src/multi_mode_controller' with type 'ros.ament_cmake' and name 'multi_mode_controller'
[0.219s] Level 1:colcon.colcon_core.package_identification:_identify(src/multi_mode_controller_impl) by extensions ['ignore', 'ignore_ament_install']
[0.219s] Level 1:colcon.colcon_core.package_identification:_identify(src/multi_mode_controller_impl) by extension 'ignore'
[0.219s] Level 1:colcon.colcon_core.package_identification:_identify(src/multi_mode_controller_impl) by extension 'ignore_ament_install'
[0.219s] Level 1:colcon.colcon_core.package_identification:_identify(src/multi_mode_controller_impl) by extensions ['colcon_pkg']
[0.219s] Level 1:colcon.colcon_core.package_identification:_identify(src/multi_mode_controller_impl) by extension 'colcon_pkg'
[0.219s] Level 1:colcon.colcon_core.package_identification:_identify(src/multi_mode_controller_impl) by extensions ['colcon_meta']
[0.219s] Level 1:colcon.colcon_core.package_identification:_identify(src/multi_mode_controller_impl) by extension 'colcon_meta'
[0.219s] Level 1:colcon.colcon_core.package_identification:_identify(src/multi_mode_controller_impl) by extensions ['ros']
[0.219s] Level 1:colcon.colcon_core.package_identification:_identify(src/multi_mode_controller_impl) by extension 'ros'
[0.220s] DEBUG:colcon.colcon_core.package_identification:Package 'src/multi_mode_controller_impl' with type 'ros.ament_cmake' and name 'multi_mode_controller_impl'
[0.220s] Level 1:colcon.colcon_core.package_identification:_identify(src/panda_motion_generator_msgs) by extensions ['ignore', 'ignore_ament_install']
[0.220s] Level 1:colcon.colcon_core.package_identification:_identify(src/panda_motion_generator_msgs) by extension 'ignore'
[0.220s] Level 1:colcon.colcon_core.package_identification:_identify(src/panda_motion_generator_msgs) by extension 'ignore_ament_install'
[0.220s] Level 1:colcon.colcon_core.package_identification:_identify(src/panda_motion_generator_msgs) by extensions ['colcon_pkg']
[0.220s] Level 1:colcon.colcon_core.package_identification:_identify(src/panda_motion_generator_msgs) by extension 'colcon_pkg'
[0.220s] Level 1:colcon.colcon_core.package_identification:_identify(src/panda_motion_generator_msgs) by extensions ['colcon_meta']
[0.220s] Level 1:colcon.colcon_core.package_identification:_identify(src/panda_motion_generator_msgs) by extension 'colcon_meta'
[0.220s] Level 1:colcon.colcon_core.package_identification:_identify(src/panda_motion_generator_msgs) by extensions ['ros']
[0.220s] Level 1:colcon.colcon_core.package_identification:_identify(src/panda_motion_generator_msgs) by extension 'ros'
[0.220s] DEBUG:colcon.colcon_core.package_identification:Package 'src/panda_motion_generator_msgs' with type 'ros.ament_cmake' and name 'panda_motion_generator_msgs'
[0.220s] Level 1:colcon.colcon_core.package_identification:_identify(src/panda_motion_generators) by extensions ['ignore', 'ignore_ament_install']
[0.220s] Level 1:colcon.colcon_core.package_identification:_identify(src/panda_motion_generators) by extension 'ignore'
[0.220s] Level 1:colcon.colcon_core.package_identification:_identify(src/panda_motion_generators) by extension 'ignore_ament_install'
[0.220s] Level 1:colcon.colcon_core.package_identification:_identify(src/panda_motion_generators) by extensions ['colcon_pkg']
[0.220s] Level 1:colcon.colcon_core.package_identification:_identify(src/panda_motion_generators) by extension 'colcon_pkg'
[0.220s] Level 1:colcon.colcon_core.package_identification:_identify(src/panda_motion_generators) by extensions ['colcon_meta']
[0.220s] Level 1:colcon.colcon_core.package_identification:_identify(src/panda_motion_generators) by extension 'colcon_meta'
[0.220s] Level 1:colcon.colcon_core.package_identification:_identify(src/panda_motion_generators) by extensions ['ros']
[0.220s] Level 1:colcon.colcon_core.package_identification:_identify(src/panda_motion_generators) by extension 'ros'
[0.221s] DEBUG:colcon.colcon_core.package_identification:Package 'src/panda_motion_generators' with type 'ros.ament_cmake' and name 'panda_motion_generators'
[0.221s] Level 1:colcon.colcon_core.package_discovery:discover_packages(recursive) using defaults
[0.221s] Level 1:colcon.colcon_core.package_discovery:discover_packages(ignore) discover
[0.221s] Level 1:colcon.colcon_core.package_discovery:discover_packages(ignore) using defaults
[0.221s] Level 1:colcon.colcon_core.package_discovery:discover_packages(path) discover
[0.221s] Level 1:colcon.colcon_core.package_discovery:discover_packages(path) using defaults
[0.233s] INFO:colcon.colcon_core.package_selection:Skipping not selected package 'controller' in 'src/controller'
[0.233s] INFO:colcon.colcon_core.package_selection:Skipping not selected package 'franka_description' in 'src/franka_description'
[0.233s] INFO:colcon.colcon_core.package_selection:Skipping not selected package 'franka_ik_py' in 'src/franka_analytical_ik'
[0.233s] INFO:colcon.colcon_core.package_selection:Skipping not selected package 'franka_msgs' in 'src/franka_msgs'
[0.233s] INFO:colcon.colcon_core.package_selection:Skipping not selected package 'mujoco_ros_msgs' in 'src/mujoco_ros_pkgs/mujoco_ros_msgs'
[0.234s] INFO:colcon.colcon_core.package_selection:Skipping not selected package 'panda_motion_generator_msgs' in 'src/panda_motion_generator_msgs'
[0.234s] INFO:colcon.colcon_core.package_selection:Skipping not selected package 'mujoco_ros' in 'src/mujoco_ros_pkgs/mujoco_ros'
[0.234s] INFO:colcon.colcon_core.package_selection:Skipping not selected package 'multi_mode_control_msgs' in 'src/multi_mode_control_msgs'
[0.234s] INFO:colcon.colcon_core.package_selection:Skipping not selected package 'mujoco_ros2_control' in 'src/mujoco_ros_pkgs/mujoco_ros2_control'
[0.234s] INFO:colcon.colcon_core.package_selection:Skipping not selected package 'mujoco_ros2_dummy_plugin' in 'src/mujoco_ros_pkgs/mujoco_ros2_dummy_plugin'
[0.234s] INFO:colcon.colcon_core.package_selection:Skipping not selected package 'mujoco_ros2_sensors' in 'src/mujoco_ros_pkgs/mujoco_ros2_sensors'
[0.234s] INFO:colcon.colcon_core.package_selection:Skipping not selected package 'mujoco_ros_pkgs' in 'src/mujoco_ros_pkgs/mujoco_ros_pkgs'
[0.234s] INFO:colcon.colcon_core.package_selection:Skipping not selected package 'franka_hardware' in 'src/franka_hardware'
[0.234s] INFO:colcon.colcon_core.package_selection:Skipping not selected package 'mujoco_ros2_control_system' in 'src/mujoco_ros_pkgs/mujoco_ros2_control_system'
[0.234s] INFO:colcon.colcon_core.package_selection:Skipping not selected package 'franka_semantic_components' in 'src/franka_semantic_components'
[0.234s] INFO:colcon.colcon_core.package_selection:Skipping not selected package 'franka_example_controllers' in 'src/franka_example_controllers'
[0.234s] INFO:colcon.colcon_core.package_selection:Skipping not selected package 'franka_robot_state_broadcaster' in 'src/franka_robot_state_broadcaster'
[0.234s] INFO:colcon.colcon_core.package_selection:Skipping not selected package 'multi_mode_controller' in 'src/multi_mode_controller'
[0.234s] INFO:colcon.colcon_core.package_selection:Skipping not selected package 'multi_mode_controller_impl' in 'src/multi_mode_controller_impl'
[0.234s] INFO:colcon.colcon_core.package_selection:Skipping not selected package 'panda_motion_generators' in 'src/panda_motion_generators'
[0.234s] Level 1:colcon.colcon_core.package_discovery:discover_packages(prefix_path) check parameters
[0.234s] Level 1:colcon.colcon_core.package_discovery:discover_packages(prefix_path) discover
[0.235s] DEBUG:colcon.colcon_installed_package_information.package_discovery:Found 347 installed packages in /opt/ros/jazzy
[0.236s] Level 1:colcon.colcon_core.package_discovery:discover_packages(prefix_path) using defaults
[0.262s] Level 5:colcon.colcon_core.verb:set package 'franka_bringup' build argument 'cmake_args' from command line to 'None'
[0.262s] Level 5:colcon.colcon_core.verb:set package 'franka_bringup' build argument 'cmake_target' from command line to 'None'
[0.262s] Level 5:colcon.colcon_core.verb:set package 'franka_bringup' build argument 'cmake_target_skip_unavailable' from command line to 'False'
[0.262s] Level 5:colcon.colcon_core.verb:set package 'franka_bringup' build argument 'cmake_clean_cache' from command line to 'False'
[0.262s] Level 5:colcon.colcon_core.verb:set package 'franka_bringup' build argument 'cmake_clean_first' from command line to 'False'
[0.262s] Level 5:colcon.colcon_core.verb:set package 'franka_bringup' build argument 'cmake_force_configure' from command line to 'False'
[0.262s] Level 5:colcon.colcon_core.verb:set package 'franka_bringup' build argument 'ament_cmake_args' from command line to 'None'
[0.262s] Level 5:colcon.colcon_core.verb:set package 'franka_bringup' build argument 'catkin_cmake_args' from command line to 'None'
[0.262s] Level 5:colcon.colcon_core.verb:set package 'franka_bringup' build argument 'catkin_skip_building_tests' from command line to 'False'
[0.262s] DEBUG:colcon.colcon_core.verb:Building package 'franka_bringup' with the following arguments: {'ament_cmake_args': None, 'build_base': '/home/herring/rzddzy/ros2_ws/build/franka_bringup', 'catkin_cmake_args': None, 'catkin_skip_building_tests': False, 'cmake_args': None, 'cmake_clean_cache': False, 'cmake_clean_first': False, 'cmake_force_configure': False, 'cmake_target': None, 'cmake_target_skip_unavailable': False, 'install_base': '/home/herring/rzddzy/ros2_ws/install/franka_bringup', 'merge_install': False, 'path': '/home/herring/rzddzy/ros2_ws/src/franka_bringup', 'symlink_install': False, 'test_result_base': None}
[0.262s] INFO:colcon.colcon_core.executor:Executing jobs using 'parallel' executor
[0.263s] DEBUG:colcon.colcon_parallel_executor.executor.parallel:run_until_complete
[0.263s] INFO:colcon.colcon_ros.task.ament_cmake.build:Building ROS package in '/home/herring/rzddzy/ros2_ws/src/franka_bringup' with build type 'ament_cmake'
[0.263s] INFO:colcon.colcon_cmake.task.cmake.build:Building CMake package in '/home/herring/rzddzy/ros2_ws/src/franka_bringup'
[0.264s] INFO:colcon.colcon_core.plugin_system:Skipping extension 'colcon_core.shell.bat': Not used on non-Windows systems
[0.264s] INFO:colcon.colcon_core.shell:Skip shell extension 'powershell' for command environment: Not usable outside of PowerShell
[0.264s] DEBUG:colcon.colcon_core.shell:Skip shell extension 'dsv' for command environment
[0.288s] DEBUG:colcon.colcon_core.event_handler.log_command:Invoking command in '/home/herring/rzddzy/ros2_ws/build/franka_bringup': AMENT_PREFIX_PATH=/home/herring/rzddzy/ros2_ws/install/multi_mode_controller_impl:/home/herring/rzddzy/ros2_ws/install/multi_mode_controller:/home/herring/rzddzy/ros2_ws/install/franka_robot_state_broadcaster:/home/herring/rzddzy/ros2_ws/install/franka_semantic_components:/home/herring/rzddzy/ros2_ws/install/franka_hardware:/home/herring/rzddzy/ros2_ws/install/mujoco_ros2_control:/home/herring/rzddzy/ros2_ws/install/multi_mode_control_msgs:/home/herring/rzddzy/ros2_ws/install/mujoco_ros:/home/herring/rzddzy/ros2_ws/install/mujoco_ros_msgs:/home/herring/rzddzy/ros2_ws/install/franka_msgs:/home/herring/rzddzy/ros2_ws/install/franka_description:${AMENT_PREFIX_PATH} CMAKE_PREFIX_PATH=/home/herring/rzddzy/ros2_ws/install/multi_mode_controller_impl:/home/herring/rzddzy/ros2_ws/install/multi_mode_controller:/home/herring/rzddzy/ros2_ws/install/franka_robot_state_broadcaster:/home/herring/rzddzy/ros2_ws/install/franka_semantic_components:/home/herring/rzddzy/ros2_ws/install/franka_hardware:/home/herring/rzddzy/ros2_ws/install/mujoco_ros2_control:/home/herring/rzddzy/ros2_ws/install/multi_mode_control_msgs:/home/herring/rzddzy/ros2_ws/install/mujoco_ros:/home/herring/rzddzy/ros2_ws/install/mujoco_ros_msgs:/home/herring/rzddzy/ros2_ws/install/franka_msgs:/home/herring/rzddzy/ros2_ws/install/franka_description:/opt/ros/jazzy/opt/sdformat_vendor:/opt/ros/jazzy/opt/gz_math_vendor:/opt/ros/jazzy/opt/gz_utils_vendor:/opt/ros/jazzy/opt/gz_tools_vendor:/opt/ros/jazzy/opt/gz_cmake_vendor:/opt/ros/jazzy DEBUGINFOD_URLS=https://debuginfod.ubuntu.com LD_LIBRARY_PATH=/home/herring/rzddzy/ros2_ws/install/multi_mode_controller_impl/lib:/home/herring/rzddzy/ros2_ws/install/multi_mode_controller/lib:/home/herring/rzddzy/ros2_ws/install/franka_robot_state_broadcaster/lib:/home/herring/rzddzy/ros2_ws/install/franka_semantic_components/lib:/home/herring/rzddzy/ros2_ws/install/franka_hardware/lib:/home/herring/rzddzy/ros2_ws/install/mujoco_ros2_control/lib:/home/herring/rzddzy/ros2_ws/install/multi_mode_control_msgs/lib:/home/herring/rzddzy/ros2_ws/install/mujoco_ros/lib:/home/herring/rzddzy/ros2_ws/install/mujoco_ros_msgs/lib:/home/herring/rzddzy/ros2_ws/install/franka_msgs/lib:${LD_LIBRARY_PATH} PYTHONPATH=/home/herring/rzddzy/ros2_ws/install/multi_mode_control_msgs/lib/python3.12/site-packages:/home/herring/rzddzy/ros2_ws/install/mujoco_ros_msgs/lib/python3.12/site-packages:/home/herring/rzddzy/ros2_ws/install/franka_msgs/lib/python3.12/site-packages:${PYTHONPATH} /usr/bin/cmake --build /home/herring/rzddzy/ros2_ws/build/franka_bringup -- -j28 -l28
[0.322s] DEBUG:colcon.colcon_core.event_handler.log_command:Invoked command in '/home/herring/rzddzy/ros2_ws/build/franka_bringup' returned '0': AMENT_PREFIX_PATH=/home/herring/rzddzy/ros2_ws/install/multi_mode_controller_impl:/home/herring/rzddzy/ros2_ws/install/multi_mode_controller:/home/herring/rzddzy/ros2_ws/install/franka_robot_state_broadcaster:/home/herring/rzddzy/ros2_ws/install/franka_semantic_components:/home/herring/rzddzy/ros2_ws/install/franka_hardware:/home/herring/rzddzy/ros2_ws/install/mujoco_ros2_control:/home/herring/rzddzy/ros2_ws/install/multi_mode_control_msgs:/home/herring/rzddzy/ros2_ws/install/mujoco_ros:/home/herring/rzddzy/ros2_ws/install/mujoco_ros_msgs:/home/herring/rzddzy/ros2_ws/install/franka_msgs:/home/herring/rzddzy/ros2_ws/install/franka_description:${AMENT_PREFIX_PATH} CMAKE_PREFIX_PATH=/home/herring/rzddzy/ros2_ws/install/multi_mode_controller_impl:/home/herring/rzddzy/ros2_ws/install/multi_mode_controller:/home/herring/rzddzy/ros2_ws/install/franka_robot_state_broadcaster:/home/herring/rzddzy/ros2_ws/install/franka_semantic_components:/home/herring/rzddzy/ros2_ws/install/franka_hardware:/home/herring/rzddzy/ros2_ws/install/mujoco_ros2_control:/home/herring/rzddzy/ros2_ws/install/multi_mode_control_msgs:/home/herring/rzddzy/ros2_ws/install/mujoco_ros:/home/herring/rzddzy/ros2_ws/install/mujoco_ros_msgs:/home/herring/rzddzy/ros2_ws/install/franka_msgs:/home/herring/rzddzy/ros2_ws/install/franka_description:/opt/ros/jazzy/opt/sdformat_vendor:/opt/ros/jazzy/opt/gz_math_vendor:/opt/ros/jazzy/opt/gz_utils_vendor:/opt/ros/jazzy/opt/gz_tools_vendor:/opt/ros/jazzy/opt/gz_cmake_vendor:/opt/ros/jazzy DEBUGINFOD_URLS=https://debuginfod.ubuntu.com LD_LIBRARY_PATH=/home/herring/rzddzy/ros2_ws/install/multi_mode_controller_impl/lib:/home/herring/rzddzy/ros2_ws/install/multi_mode_controller/lib:/home/herring/rzddzy/ros2_ws/install/franka_robot_state_broadcaster/lib:/home/herring/rzddzy/ros2_ws/install/franka_semantic_components/lib:/home/herring/rzddzy/ros2_ws/install/franka_hardware/lib:/home/herring/rzddzy/ros2_ws/install/mujoco_ros2_control/lib:/home/herring/rzddzy/ros2_ws/install/multi_mode_control_msgs/lib:/home/herring/rzddzy/ros2_ws/install/mujoco_ros/lib:/home/herring/rzddzy/ros2_ws/install/mujoco_ros_msgs/lib:/home/herring/rzddzy/ros2_ws/install/franka_msgs/lib:${LD_LIBRARY_PATH} PYTHONPATH=/home/herring/rzddzy/ros2_ws/install/multi_mode_control_msgs/lib/python3.12/site-packages:/home/herring/rzddzy/ros2_ws/install/mujoco_ros_msgs/lib/python3.12/site-packages:/home/herring/rzddzy/ros2_ws/install/franka_msgs/lib/python3.12/site-packages:${PYTHONPATH} /usr/bin/cmake --build /home/herring/rzddzy/ros2_ws/build/franka_bringup -- -j28 -l28
[0.331s] DEBUG:colcon.colcon_core.event_handler.log_command:Invoking command in '/home/herring/rzddzy/ros2_ws/build/franka_bringup': AMENT_PREFIX_PATH=/home/herring/rzddzy/ros2_ws/install/multi_mode_controller_impl:/home/herring/rzddzy/ros2_ws/install/multi_mode_controller:/home/herring/rzddzy/ros2_ws/install/franka_robot_state_broadcaster:/home/herring/rzddzy/ros2_ws/install/franka_semantic_components:/home/herring/rzddzy/ros2_ws/install/franka_hardware:/home/herring/rzddzy/ros2_ws/install/mujoco_ros2_control:/home/herring/rzddzy/ros2_ws/install/multi_mode_control_msgs:/home/herring/rzddzy/ros2_ws/install/mujoco_ros:/home/herring/rzddzy/ros2_ws/install/mujoco_ros_msgs:/home/herring/rzddzy/ros2_ws/install/franka_msgs:/home/herring/rzddzy/ros2_ws/install/franka_description:${AMENT_PREFIX_PATH} CMAKE_PREFIX_PATH=/home/herring/rzddzy/ros2_ws/install/multi_mode_controller_impl:/home/herring/rzddzy/ros2_ws/install/multi_mode_controller:/home/herring/rzddzy/ros2_ws/install/franka_robot_state_broadcaster:/home/herring/rzddzy/ros2_ws/install/franka_semantic_components:/home/herring/rzddzy/ros2_ws/install/franka_hardware:/home/herring/rzddzy/ros2_ws/install/mujoco_ros2_control:/home/herring/rzddzy/ros2_ws/install/multi_mode_control_msgs:/home/herring/rzddzy/ros2_ws/install/mujoco_ros:/home/herring/rzddzy/ros2_ws/install/mujoco_ros_msgs:/home/herring/rzddzy/ros2_ws/install/franka_msgs:/home/herring/rzddzy/ros2_ws/install/franka_description:/opt/ros/jazzy/opt/sdformat_vendor:/opt/ros/jazzy/opt/gz_math_vendor:/opt/ros/jazzy/opt/gz_utils_vendor:/opt/ros/jazzy/opt/gz_tools_vendor:/opt/ros/jazzy/opt/gz_cmake_vendor:/opt/ros/jazzy DEBUGINFOD_URLS=https://debuginfod.ubuntu.com LD_LIBRARY_PATH=/home/herring/rzddzy/ros2_ws/install/multi_mode_controller_impl/lib:/home/herring/rzddzy/ros2_ws/install/multi_mode_controller/lib:/home/herring/rzddzy/ros2_ws/install/franka_robot_state_broadcaster/lib:/home/herring/rzddzy/ros2_ws/install/franka_semantic_components/lib:/home/herring/rzddzy/ros2_ws/install/franka_hardware/lib:/home/herring/rzddzy/ros2_ws/install/mujoco_ros2_control/lib:/home/herring/rzddzy/ros2_ws/install/multi_mode_control_msgs/lib:/home/herring/rzddzy/ros2_ws/install/mujoco_ros/lib:/home/herring/rzddzy/ros2_ws/install/mujoco_ros_msgs/lib:/home/herring/rzddzy/ros2_ws/install/franka_msgs/lib:${LD_LIBRARY_PATH} PYTHONPATH=/home/herring/rzddzy/ros2_ws/install/multi_mode_control_msgs/lib/python3.12/site-packages:/home/herring/rzddzy/ros2_ws/install/mujoco_ros_msgs/lib/python3.12/site-packages:/home/herring/rzddzy/ros2_ws/install/franka_msgs/lib/python3.12/site-packages:${PYTHONPATH} /usr/bin/cmake --install /home/herring/rzddzy/ros2_ws/build/franka_bringup
[0.354s] Level 1:colcon.colcon_core.environment:create_environment_scripts_only(franka_bringup)
[0.355s] DEBUG:colcon.colcon_core.event_handler.log_command:Invoked command in '/home/herring/rzddzy/ros2_ws/build/franka_bringup' returned '0': AMENT_PREFIX_PATH=/home/herring/rzddzy/ros2_ws/install/multi_mode_controller_impl:/home/herring/rzddzy/ros2_ws/install/multi_mode_controller:/home/herring/rzddzy/ros2_ws/install/franka_robot_state_broadcaster:/home/herring/rzddzy/ros2_ws/install/franka_semantic_components:/home/herring/rzddzy/ros2_ws/install/franka_hardware:/home/herring/rzddzy/ros2_ws/install/mujoco_ros2_control:/home/herring/rzddzy/ros2_ws/install/multi_mode_control_msgs:/home/herring/rzddzy/ros2_ws/install/mujoco_ros:/home/herring/rzddzy/ros2_ws/install/mujoco_ros_msgs:/home/herring/rzddzy/ros2_ws/install/franka_msgs:/home/herring/rzddzy/ros2_ws/install/franka_description:${AMENT_PREFIX_PATH} CMAKE_PREFIX_PATH=/home/herring/rzddzy/ros2_ws/install/multi_mode_controller_impl:/home/herring/rzddzy/ros2_ws/install/multi_mode_controller:/home/herring/rzddzy/ros2_ws/install/franka_robot_state_broadcaster:/home/herring/rzddzy/ros2_ws/install/franka_semantic_components:/home/herring/rzddzy/ros2_ws/install/franka_hardware:/home/herring/rzddzy/ros2_ws/install/mujoco_ros2_control:/home/herring/rzddzy/ros2_ws/install/multi_mode_control_msgs:/home/herring/rzddzy/ros2_ws/install/mujoco_ros:/home/herring/rzddzy/ros2_ws/install/mujoco_ros_msgs:/home/herring/rzddzy/ros2_ws/install/franka_msgs:/home/herring/rzddzy/ros2_ws/install/franka_description:/opt/ros/jazzy/opt/sdformat_vendor:/opt/ros/jazzy/opt/gz_math_vendor:/opt/ros/jazzy/opt/gz_utils_vendor:/opt/ros/jazzy/opt/gz_tools_vendor:/opt/ros/jazzy/opt/gz_cmake_vendor:/opt/ros/jazzy DEBUGINFOD_URLS=https://debuginfod.ubuntu.com LD_LIBRARY_PATH=/home/herring/rzddzy/ros2_ws/install/multi_mode_controller_impl/lib:/home/herring/rzddzy/ros2_ws/install/multi_mode_controller/lib:/home/herring/rzddzy/ros2_ws/install/franka_robot_state_broadcaster/lib:/home/herring/rzddzy/ros2_ws/install/franka_semantic_components/lib:/home/herring/rzddzy/ros2_ws/install/franka_hardware/lib:/home/herring/rzddzy/ros2_ws/install/mujoco_ros2_control/lib:/home/herring/rzddzy/ros2_ws/install/multi_mode_control_msgs/lib:/home/herring/rzddzy/ros2_ws/install/mujoco_ros/lib:/home/herring/rzddzy/ros2_ws/install/mujoco_ros_msgs/lib:/home/herring/rzddzy/ros2_ws/install/franka_msgs/lib:${LD_LIBRARY_PATH} PYTHONPATH=/home/herring/rzddzy/ros2_ws/install/multi_mode_control_msgs/lib/python3.12/site-packages:/home/herring/rzddzy/ros2_ws/install/mujoco_ros_msgs/lib/python3.12/site-packages:/home/herring/rzddzy/ros2_ws/install/franka_msgs/lib/python3.12/site-packages:${PYTHONPATH} /usr/bin/cmake --install /home/herring/rzddzy/ros2_ws/build/franka_bringup
[0.357s] Level 1:colcon.colcon_core.environment:checking '/home/herring/rzddzy/ros2_ws/install/franka_bringup' for CMake module files
[0.357s] Level 1:colcon.colcon_core.environment:checking '/home/herring/rzddzy/ros2_ws/install/franka_bringup' for CMake config files
[0.358s] Level 1:colcon.colcon_core.shell:create_environment_hook('franka_bringup', 'cmake_prefix_path')
[0.358s] INFO:colcon.colcon_core.shell:Creating environment hook '/home/herring/rzddzy/ros2_ws/install/franka_bringup/share/franka_bringup/hook/cmake_prefix_path.ps1'
[0.359s] INFO:colcon.colcon_core.shell:Creating environment descriptor '/home/herring/rzddzy/ros2_ws/install/franka_bringup/share/franka_bringup/hook/cmake_prefix_path.dsv'
[0.359s] INFO:colcon.colcon_core.shell:Creating environment hook '/home/herring/rzddzy/ros2_ws/install/franka_bringup/share/franka_bringup/hook/cmake_prefix_path.sh'
[0.360s] Level 1:colcon.colcon_core.environment:checking '/home/herring/rzddzy/ros2_ws/install/franka_bringup/lib'
[0.360s] Level 1:colcon.colcon_core.environment:checking '/home/herring/rzddzy/ros2_ws/install/franka_bringup/bin'
[0.360s] Level 1:colcon.colcon_core.environment:checking '/home/herring/rzddzy/ros2_ws/install/franka_bringup/lib/pkgconfig/franka_bringup.pc'
[0.360s] Level 1:colcon.colcon_core.environment:checking '/home/herring/rzddzy/ros2_ws/install/franka_bringup/lib/python3.12/site-packages'
[0.360s] Level 1:colcon.colcon_core.environment:checking '/home/herring/rzddzy/ros2_ws/install/franka_bringup/bin'
[0.361s] INFO:colcon.colcon_core.shell:Creating package script '/home/herring/rzddzy/ros2_ws/install/franka_bringup/share/franka_bringup/package.ps1'
[0.361s] INFO:colcon.colcon_core.shell:Creating package descriptor '/home/herring/rzddzy/ros2_ws/install/franka_bringup/share/franka_bringup/package.dsv'
[0.362s] INFO:colcon.colcon_core.shell:Creating package script '/home/herring/rzddzy/ros2_ws/install/franka_bringup/share/franka_bringup/package.sh'
[0.362s] INFO:colcon.colcon_core.shell:Creating package script '/home/herring/rzddzy/ros2_ws/install/franka_bringup/share/franka_bringup/package.bash'
[0.363s] INFO:colcon.colcon_core.shell:Creating package script '/home/herring/rzddzy/ros2_ws/install/franka_bringup/share/franka_bringup/package.zsh'
[0.363s] Level 1:colcon.colcon_core.environment:create_file_with_runtime_dependencies(/home/herring/rzddzy/ros2_ws/install/franka_bringup/share/colcon-core/packages/franka_bringup)
[0.364s] Level 1:colcon.colcon_core.environment:create_environment_scripts_only(franka_bringup)
[0.364s] Level 1:colcon.colcon_core.environment:checking '/home/herring/rzddzy/ros2_ws/install/franka_bringup' for CMake module files
[0.364s] Level 1:colcon.colcon_core.environment:checking '/home/herring/rzddzy/ros2_ws/install/franka_bringup' for CMake config files
[0.365s] Level 1:colcon.colcon_core.shell:create_environment_hook('franka_bringup', 'cmake_prefix_path')
[0.365s] INFO:colcon.colcon_core.shell:Creating environment hook '/home/herring/rzddzy/ros2_ws/install/franka_bringup/share/franka_bringup/hook/cmake_prefix_path.ps1'
[0.365s] INFO:colcon.colcon_core.shell:Creating environment descriptor '/home/herring/rzddzy/ros2_ws/install/franka_bringup/share/franka_bringup/hook/cmake_prefix_path.dsv'
[0.365s] INFO:colcon.colcon_core.shell:Creating environment hook '/home/herring/rzddzy/ros2_ws/install/franka_bringup/share/franka_bringup/hook/cmake_prefix_path.sh'
[0.366s] Level 1:colcon.colcon_core.environment:checking '/home/herring/rzddzy/ros2_ws/install/franka_bringup/lib'
[0.366s] Level 1:colcon.colcon_core.environment:checking '/home/herring/rzddzy/ros2_ws/install/franka_bringup/bin'
[0.366s] Level 1:colcon.colcon_core.environment:checking '/home/herring/rzddzy/ros2_ws/install/franka_bringup/lib/pkgconfig/franka_bringup.pc'
[0.366s] Level 1:colcon.colcon_core.environment:checking '/home/herring/rzddzy/ros2_ws/install/franka_bringup/lib/python3.12/site-packages'
[0.367s] Level 1:colcon.colcon_core.environment:checking '/home/herring/rzddzy/ros2_ws/install/franka_bringup/bin'
[0.367s] INFO:colcon.colcon_core.shell:Creating package script '/home/herring/rzddzy/ros2_ws/install/franka_bringup/share/franka_bringup/package.ps1'
[0.367s] INFO:colcon.colcon_core.shell:Creating package descriptor '/home/herring/rzddzy/ros2_ws/install/franka_bringup/share/franka_bringup/package.dsv'
[0.368s] INFO:colcon.colcon_core.shell:Creating package script '/home/herring/rzddzy/ros2_ws/install/franka_bringup/share/franka_bringup/package.sh'
[0.368s] INFO:colcon.colcon_core.shell:Creating package script '/home/herring/rzddzy/ros2_ws/install/franka_bringup/share/franka_bringup/package.bash'
[0.368s] INFO:colcon.colcon_core.shell:Creating package script '/home/herring/rzddzy/ros2_ws/install/franka_bringup/share/franka_bringup/package.zsh'
[0.369s] Level 1:colcon.colcon_core.environment:create_file_with_runtime_dependencies(/home/herring/rzddzy/ros2_ws/install/franka_bringup/share/colcon-core/packages/franka_bringup)
[0.369s] DEBUG:colcon.colcon_parallel_executor.executor.parallel:closing loop
[0.369s] DEBUG:colcon.colcon_parallel_executor.executor.parallel:loop closed
[0.369s] DEBUG:colcon.colcon_parallel_executor.executor.parallel:run_until_complete finished with '0'
[0.369s] DEBUG:colcon.colcon_core.event_reactor:joining thread
[0.374s] INFO:colcon.colcon_core.plugin_system:Skipping extension 'colcon_notification.desktop_notification.terminal_notifier': Not used on non-Darwin systems
[0.374s] INFO:colcon.colcon_core.plugin_system:Skipping extension 'colcon_notification.desktop_notification.win32': Not used on non-Windows systems
[0.374s] INFO:colcon.colcon_notification.desktop_notification:Sending desktop notification using 'notify2'
[0.384s] DEBUG:colcon.colcon_core.event_reactor:joined thread
[0.385s] INFO:colcon.colcon_core.shell:Creating prefix script '/home/herring/rzddzy/ros2_ws/install/local_setup.ps1'
[0.385s] INFO:colcon.colcon_core.shell:Creating prefix util module '/home/herring/rzddzy/ros2_ws/install/_local_setup_util_ps1.py'
[0.386s] INFO:colcon.colcon_core.shell:Creating prefix chain script '/home/herring/rzddzy/ros2_ws/install/setup.ps1'
[0.387s] INFO:colcon.colcon_core.shell:Creating prefix script '/home/herring/rzddzy/ros2_ws/install/local_setup.sh'
[0.387s] INFO:colcon.colcon_core.shell:Creating prefix util module '/home/herring/rzddzy/ros2_ws/install/_local_setup_util_sh.py'
[0.388s] INFO:colcon.colcon_core.shell:Creating prefix chain script '/home/herring/rzddzy/ros2_ws/install/setup.sh'
[0.389s] INFO:colcon.colcon_core.shell:Creating prefix script '/home/herring/rzddzy/ros2_ws/install/local_setup.bash'
[0.389s] INFO:colcon.colcon_core.shell:Creating prefix chain script '/home/herring/rzddzy/ros2_ws/install/setup.bash'
[0.390s] INFO:colcon.colcon_core.shell:Creating prefix script '/home/herring/rzddzy/ros2_ws/install/local_setup.zsh'
[0.390s] INFO:colcon.colcon_core.shell:Creating prefix chain script '/home/herring/rzddzy/ros2_ws/install/setup.zsh'
