[0.015s] Invoking command in '/home/herring/rzddzy/build/franka_robot_state_broadcaster': AMENT_PREFIX_PATH=/home/herring/rzddzy/install/franka_semantic_components:/home/herring/rzddzy/install/franka_hardware:/home/herring/rzddzy/install/mujoco_ros2_control:/home/herring/rzddzy/install/mujoco_ros:/home/herring/rzddzy/install/mujoco_ros_msgs:/home/herring/rzddzy/install/franka_msgs:${AMENT_PREFIX_PATH} CMAKE_PREFIX_PATH=/home/herring/rzddzy/install/franka_semantic_components:/home/herring/rzddzy/install/franka_hardware:/home/herring/rzddzy/install/mujoco_ros2_control:/home/herring/rzddzy/install/mujoco_ros:/home/herring/rzddzy/install/mujoco_ros_msgs:/home/herring/rzddzy/install/franka_msgs:/opt/ros/jazzy/opt/sdformat_vendor:/opt/ros/jazzy/opt/gz_math_vendor:/opt/ros/jazzy/opt/gz_utils_vendor:/opt/ros/jazzy/opt/gz_tools_vendor:/opt/ros/jazzy/opt/gz_cmake_vendor:/opt/ros/jazzy DEBUGINFOD_URLS=https://debuginfod.ubuntu.com LD_LIBRARY_PATH=/home/herring/rzddzy/install/franka_semantic_components/lib:/home/herring/rzddzy/install/franka_hardware/lib:/home/herring/rzddzy/install/mujoco_ros2_control/lib:/home/herring/rzddzy/install/mujoco_ros/lib:/home/herring/rzddzy/install/mujoco_ros_msgs/lib:/home/herring/rzddzy/install/franka_msgs/lib:${LD_LIBRARY_PATH} PYTHONPATH=/home/herring/rzddzy/install/mujoco_ros_msgs/lib/python3.12/site-packages:/home/herring/rzddzy/install/franka_msgs/lib/python3.12/site-packages:${PYTHONPATH} /usr/bin/cmake /home/herring/rzddzy/ros2_ws/src/franka_robot_state_broadcaster -DAMENT_CMAKE_SYMLINK_INSTALL=1 -DCMAKE_INSTALL_PREFIX=/home/herring/rzddzy/install/franka_robot_state_broadcaster
[0.063s] -- The C compiler identification is GNU 13.3.0
[0.109s] -- The CXX compiler identification is GNU 13.3.0
[0.122s] -- Detecting C compiler ABI info
[0.206s] -- Detecting C compiler ABI info - done
[0.216s] -- Check for working C compiler: /usr/bin/cc - skipped
[0.216s] -- Detecting C compile features
[0.216s] -- Detecting C compile features - done
[0.225s] -- Detecting CXX compiler ABI info
[0.319s] -- Detecting CXX compiler ABI info - done
[0.329s] -- Check for working CXX compiler: /usr/bin/c++ - skipped
[0.329s] -- Detecting CXX compile features
[0.329s] -- Detecting CXX compile features - done
[0.332s] -- Found ament_cmake: 2.5.5 (/opt/ros/jazzy/share/ament_cmake/cmake)
[0.455s] -- Found Python3: /usr/bin/python3 (found version "3.12.3") found components: Interpreter 
[0.502s] -- Override CMake install command with custom implementation using symlinks instead of copying resources
[0.525s] -- Found builtin_interfaces: 2.0.3 (/opt/ros/jazzy/share/builtin_interfaces/cmake)
[0.551s] -- Found rosidl_generator_c: 4.6.7 (/opt/ros/jazzy/share/rosidl_generator_c/cmake)
[0.560s] -- Found rosidl_generator_cpp: 4.6.7 (/opt/ros/jazzy/share/rosidl_generator_cpp/cmake)
[0.571s] -- Using all available rosidl_typesupport_c: rosidl_typesupport_fastrtps_c;rosidl_typesupport_introspection_c
[0.582s] -- Using all available rosidl_typesupport_cpp: rosidl_typesupport_fastrtps_cpp;rosidl_typesupport_introspection_cpp
[0.593s] -- Found control_msgs: 5.7.0 (/opt/ros/jazzy/share/control_msgs/cmake)
[0.695s] -- Found controller_interface: 4.42.2 (/opt/ros/jazzy/share/controller_interface/cmake)
[0.724s] -- Found TinyXML2 via Config file: /usr/lib/x86_64-linux-gnu/cmake/tinyxml2
[0.754s] -- Found rmw_implementation_cmake: 7.3.3 (/opt/ros/jazzy/share/rmw_implementation_cmake/cmake)
[0.756s] -- Found rmw_fastrtps_cpp: 8.4.3 (/opt/ros/jazzy/share/rmw_fastrtps_cpp/cmake)
[0.771s] -- Found TinyXML2 via Config file: /usr/lib/x86_64-linux-gnu/cmake/tinyxml2
[0.825s] -- Found OpenSSL: /usr/lib/x86_64-linux-gnu/libcrypto.so (found version "3.0.13")  
[0.828s] -- Found TinyXML2 via Config file: /usr/lib/x86_64-linux-gnu/cmake/tinyxml2
[0.841s] -- Found FastRTPS: /opt/ros/jazzy/include (Required is at least version "2.13") 
[0.843s] -- Found TinyXML2 via Config file: /usr/lib/x86_64-linux-gnu/cmake/tinyxml2
[0.851s] -- Found TinyXML2 via Config file: /usr/lib/x86_64-linux-gnu/cmake/tinyxml2
[0.861s] -- Using RMW implementation 'rmw_fastrtps_cpp' as default
[1.086s] -- Found controller_manager: 4.42.2 (/opt/ros/jazzy/share/controller_manager/cmake)
[1.207s] -- Found franka_msgs: 0.0.0 (/home/herring/rzddzy/install/franka_msgs/share/franka_msgs/cmake)
[1.243s] -- Found franka_semantic_components: 0.0.0 (/home/herring/rzddzy/install/franka_semantic_components/share/franka_semantic_components/cmake)
[1.249s] -- Found Threads: TRUE  
[1.335s] -- Setting yaml-cpp_DIR to: '/opt/ros/jazzy/share/yaml_cpp_vendor/cmake/../../../opt/yaml_cpp_vendor/share/cmake/yaml-cpp'
[1.347s] -- Found eigen3_cmake_module: 0.3.0 (/opt/ros/jazzy/share/eigen3_cmake_module/cmake)
[1.348s] -- Found Eigen3: TRUE (found version "3.4.0") 
[1.348s] -- Ensuring Eigen3 include directory is part of orocos-kdl CMake target
[1.352s] [0mCMake Deprecation Warning at /opt/ros/jazzy/share/actionlib_msgs/cmake/actionlib_msgsConfig.cmake:31 (message):
[1.352s]   Package 'actionlib_msgs' is deprecated (This package will be removed in a
[1.352s]   future ROS distro, once the ROS 1 bridge supports actions.)
[1.352s] Call Stack (most recent call first):
[1.352s]   /home/herring/rzddzy/install/mujoco_ros_msgs/share/mujoco_ros_msgs/cmake/ament_cmake_export_dependencies-extras.cmake:21 (find_package)
[1.352s]   /home/herring/rzddzy/install/mujoco_ros_msgs/share/mujoco_ros_msgs/cmake/mujoco_ros_msgsConfig.cmake:41 (include)
[1.352s]   /home/herring/rzddzy/install/mujoco_ros/share/mujoco_ros/cmake/ament_cmake_export_dependencies-extras.cmake:21 (find_package)
[1.352s]   /home/herring/rzddzy/install/mujoco_ros/share/mujoco_ros/cmake/mujoco_rosConfig.cmake:41 (include)
[1.352s]   /home/herring/rzddzy/install/mujoco_ros2_control/share/mujoco_ros2_control/cmake/ament_cmake_export_dependencies-extras.cmake:21 (find_package)
[1.353s]   /home/herring/rzddzy/install/mujoco_ros2_control/share/mujoco_ros2_control/cmake/mujoco_ros2_controlConfig.cmake:41 (include)
[1.353s]   /home/herring/rzddzy/install/franka_hardware/share/franka_hardware/cmake/ament_cmake_export_dependencies-extras.cmake:21 (find_package)
[1.353s]   /home/herring/rzddzy/install/franka_hardware/share/franka_hardware/cmake/franka_hardwareConfig.cmake:41 (include)
[1.353s]   /home/herring/rzddzy/install/franka_semantic_components/share/franka_semantic_components/cmake/ament_cmake_export_dependencies-extras.cmake:21 (find_package)
[1.353s]   /home/herring/rzddzy/install/franka_semantic_components/share/franka_semantic_components/cmake/franka_semantic_componentsConfig.cmake:41 (include)
[1.353s]   CMakeLists.txt:32 (find_package)
[1.353s] 
[1.353s] [0m
[1.455s] -- Found ament_lint_auto: 0.17.4 (/opt/ros/jazzy/share/ament_lint_auto/cmake)
[1.535s] -- Configuring done (1.5s)
[1.562s] -- Generating done (0.0s)
[1.566s] -- Build files have been written to: /home/herring/rzddzy/build/franka_robot_state_broadcaster
[1.574s] Invoked command in '/home/herring/rzddzy/build/franka_robot_state_broadcaster' returned '0': AMENT_PREFIX_PATH=/home/herring/rzddzy/install/franka_semantic_components:/home/herring/rzddzy/install/franka_hardware:/home/herring/rzddzy/install/mujoco_ros2_control:/home/herring/rzddzy/install/mujoco_ros:/home/herring/rzddzy/install/mujoco_ros_msgs:/home/herring/rzddzy/install/franka_msgs:${AMENT_PREFIX_PATH} CMAKE_PREFIX_PATH=/home/herring/rzddzy/install/franka_semantic_components:/home/herring/rzddzy/install/franka_hardware:/home/herring/rzddzy/install/mujoco_ros2_control:/home/herring/rzddzy/install/mujoco_ros:/home/herring/rzddzy/install/mujoco_ros_msgs:/home/herring/rzddzy/install/franka_msgs:/opt/ros/jazzy/opt/sdformat_vendor:/opt/ros/jazzy/opt/gz_math_vendor:/opt/ros/jazzy/opt/gz_utils_vendor:/opt/ros/jazzy/opt/gz_tools_vendor:/opt/ros/jazzy/opt/gz_cmake_vendor:/opt/ros/jazzy DEBUGINFOD_URLS=https://debuginfod.ubuntu.com LD_LIBRARY_PATH=/home/herring/rzddzy/install/franka_semantic_components/lib:/home/herring/rzddzy/install/franka_hardware/lib:/home/herring/rzddzy/install/mujoco_ros2_control/lib:/home/herring/rzddzy/install/mujoco_ros/lib:/home/herring/rzddzy/install/mujoco_ros_msgs/lib:/home/herring/rzddzy/install/franka_msgs/lib:${LD_LIBRARY_PATH} PYTHONPATH=/home/herring/rzddzy/install/mujoco_ros_msgs/lib/python3.12/site-packages:/home/herring/rzddzy/install/franka_msgs/lib/python3.12/site-packages:${PYTHONPATH} /usr/bin/cmake /home/herring/rzddzy/ros2_ws/src/franka_robot_state_broadcaster -DAMENT_CMAKE_SYMLINK_INSTALL=1 -DCMAKE_INSTALL_PREFIX=/home/herring/rzddzy/install/franka_robot_state_broadcaster
[1.575s] Invoking command in '/home/herring/rzddzy/build/franka_robot_state_broadcaster': AMENT_PREFIX_PATH=/home/herring/rzddzy/install/franka_semantic_components:/home/herring/rzddzy/install/franka_hardware:/home/herring/rzddzy/install/mujoco_ros2_control:/home/herring/rzddzy/install/mujoco_ros:/home/herring/rzddzy/install/mujoco_ros_msgs:/home/herring/rzddzy/install/franka_msgs:${AMENT_PREFIX_PATH} CMAKE_PREFIX_PATH=/home/herring/rzddzy/install/franka_semantic_components:/home/herring/rzddzy/install/franka_hardware:/home/herring/rzddzy/install/mujoco_ros2_control:/home/herring/rzddzy/install/mujoco_ros:/home/herring/rzddzy/install/mujoco_ros_msgs:/home/herring/rzddzy/install/franka_msgs:/opt/ros/jazzy/opt/sdformat_vendor:/opt/ros/jazzy/opt/gz_math_vendor:/opt/ros/jazzy/opt/gz_utils_vendor:/opt/ros/jazzy/opt/gz_tools_vendor:/opt/ros/jazzy/opt/gz_cmake_vendor:/opt/ros/jazzy DEBUGINFOD_URLS=https://debuginfod.ubuntu.com LD_LIBRARY_PATH=/home/herring/rzddzy/install/franka_semantic_components/lib:/home/herring/rzddzy/install/franka_hardware/lib:/home/herring/rzddzy/install/mujoco_ros2_control/lib:/home/herring/rzddzy/install/mujoco_ros/lib:/home/herring/rzddzy/install/mujoco_ros_msgs/lib:/home/herring/rzddzy/install/franka_msgs/lib:${LD_LIBRARY_PATH} PYTHONPATH=/home/herring/rzddzy/install/mujoco_ros_msgs/lib/python3.12/site-packages:/home/herring/rzddzy/install/franka_msgs/lib/python3.12/site-packages:${PYTHONPATH} /usr/bin/cmake --build /home/herring/rzddzy/build/franka_robot_state_broadcaster -- -j28 -l28
[1.626s] [ 20%] [34m[1mRunning `/opt/ros/jazzy/bin/generate_parameter_library_cpp /home/herring/rzddzy/build/franka_robot_state_broadcaster/include/franka_robot_state_broadcaster/franka_robot_state_broadcaster_parameters.hpp /home/herring/rzddzy/ros2_ws/src/franka_robot_state_broadcaster/src/franka_robot_state_broadcaster_parameters.yaml `[0m
[1.940s] [ 40%] [34m[1mCreating deprecated header file /home/herring/rzddzy/build/franka_robot_state_broadcaster/include/franka_robot_state_broadcaster_parameters.hpp[0m
[1.955s] [ 40%] Built target franka_robot_state_broadcaster_parameters
[1.977s] [ 80%] [32mBuilding CXX object CMakeFiles/franka_robot_state_broadcaster.dir/src/franka_robot_state_broadcaster.cpp.o[0m
[1.978s] [ 80%] [32mBuilding CXX object CMakeFiles/franka_robot_state_broadcaster.dir/src/franka_robot_model_broadcaster.cpp.o[0m
[11.174s] [100%] [32m[1mLinking CXX shared library libfranka_robot_state_broadcaster.so[0m
[11.675s] [100%] Built target franka_robot_state_broadcaster
[11.691s] Invoked command in '/home/herring/rzddzy/build/franka_robot_state_broadcaster' returned '0': AMENT_PREFIX_PATH=/home/herring/rzddzy/install/franka_semantic_components:/home/herring/rzddzy/install/franka_hardware:/home/herring/rzddzy/install/mujoco_ros2_control:/home/herring/rzddzy/install/mujoco_ros:/home/herring/rzddzy/install/mujoco_ros_msgs:/home/herring/rzddzy/install/franka_msgs:${AMENT_PREFIX_PATH} CMAKE_PREFIX_PATH=/home/herring/rzddzy/install/franka_semantic_components:/home/herring/rzddzy/install/franka_hardware:/home/herring/rzddzy/install/mujoco_ros2_control:/home/herring/rzddzy/install/mujoco_ros:/home/herring/rzddzy/install/mujoco_ros_msgs:/home/herring/rzddzy/install/franka_msgs:/opt/ros/jazzy/opt/sdformat_vendor:/opt/ros/jazzy/opt/gz_math_vendor:/opt/ros/jazzy/opt/gz_utils_vendor:/opt/ros/jazzy/opt/gz_tools_vendor:/opt/ros/jazzy/opt/gz_cmake_vendor:/opt/ros/jazzy DEBUGINFOD_URLS=https://debuginfod.ubuntu.com LD_LIBRARY_PATH=/home/herring/rzddzy/install/franka_semantic_components/lib:/home/herring/rzddzy/install/franka_hardware/lib:/home/herring/rzddzy/install/mujoco_ros2_control/lib:/home/herring/rzddzy/install/mujoco_ros/lib:/home/herring/rzddzy/install/mujoco_ros_msgs/lib:/home/herring/rzddzy/install/franka_msgs/lib:${LD_LIBRARY_PATH} PYTHONPATH=/home/herring/rzddzy/install/mujoco_ros_msgs/lib/python3.12/site-packages:/home/herring/rzddzy/install/franka_msgs/lib/python3.12/site-packages:${PYTHONPATH} /usr/bin/cmake --build /home/herring/rzddzy/build/franka_robot_state_broadcaster -- -j28 -l28
[11.693s] Invoking command in '/home/herring/rzddzy/build/franka_robot_state_broadcaster': AMENT_PREFIX_PATH=/home/herring/rzddzy/install/franka_semantic_components:/home/herring/rzddzy/install/franka_hardware:/home/herring/rzddzy/install/mujoco_ros2_control:/home/herring/rzddzy/install/mujoco_ros:/home/herring/rzddzy/install/mujoco_ros_msgs:/home/herring/rzddzy/install/franka_msgs:${AMENT_PREFIX_PATH} CMAKE_PREFIX_PATH=/home/herring/rzddzy/install/franka_semantic_components:/home/herring/rzddzy/install/franka_hardware:/home/herring/rzddzy/install/mujoco_ros2_control:/home/herring/rzddzy/install/mujoco_ros:/home/herring/rzddzy/install/mujoco_ros_msgs:/home/herring/rzddzy/install/franka_msgs:/opt/ros/jazzy/opt/sdformat_vendor:/opt/ros/jazzy/opt/gz_math_vendor:/opt/ros/jazzy/opt/gz_utils_vendor:/opt/ros/jazzy/opt/gz_tools_vendor:/opt/ros/jazzy/opt/gz_cmake_vendor:/opt/ros/jazzy DEBUGINFOD_URLS=https://debuginfod.ubuntu.com LD_LIBRARY_PATH=/home/herring/rzddzy/install/franka_semantic_components/lib:/home/herring/rzddzy/install/franka_hardware/lib:/home/herring/rzddzy/install/mujoco_ros2_control/lib:/home/herring/rzddzy/install/mujoco_ros/lib:/home/herring/rzddzy/install/mujoco_ros_msgs/lib:/home/herring/rzddzy/install/franka_msgs/lib:${LD_LIBRARY_PATH} PYTHONPATH=/home/herring/rzddzy/install/mujoco_ros_msgs/lib/python3.12/site-packages:/home/herring/rzddzy/install/franka_msgs/lib/python3.12/site-packages:${PYTHONPATH} /usr/bin/cmake --install /home/herring/rzddzy/build/franka_robot_state_broadcaster
[11.700s] -- Install configuration: ""
[11.700s] -- Execute custom install script
[11.701s] -- Symlinking: /home/herring/rzddzy/install/franka_robot_state_broadcaster/include/franka_robot_state_broadcaster/franka_robot_state_broadcaster_parameters.hpp
[11.715s] -- Symlinking: /home/herring/rzddzy/install/franka_robot_state_broadcaster/share/franka_robot_state_broadcaster//franka_robot_state_broadcaster.xml
[11.728s] -- Symlinking: /home/herring/rzddzy/install/franka_robot_state_broadcaster/lib/libfranka_robot_state_broadcaster.so
[11.742s] -- Symlinking: /home/herring/rzddzy/install/franka_robot_state_broadcaster/include/franka_robot_state_broadcaster/franka_robot_model_broadcaster.hpp
[11.750s] -- Symlinking: /home/herring/rzddzy/install/franka_robot_state_broadcaster/include/franka_robot_state_broadcaster/franka_robot_state_broadcaster.hpp
[11.764s] -- Symlinking: /home/herring/rzddzy/install/franka_robot_state_broadcaster/share/franka_robot_state_broadcaster/environment/library_path.sh
[11.778s] -- Symlinking: /home/herring/rzddzy/install/franka_robot_state_broadcaster/share/franka_robot_state_broadcaster/environment/library_path.dsv
[11.787s] -- Symlinking: /home/herring/rzddzy/install/franka_robot_state_broadcaster/share/ament_index/resource_index/package_run_dependencies/franka_robot_state_broadcaster
[11.796s] -- Symlinking: /home/herring/rzddzy/install/franka_robot_state_broadcaster/share/ament_index/resource_index/parent_prefix_path/franka_robot_state_broadcaster
[11.805s] -- Symlinking: /home/herring/rzddzy/install/franka_robot_state_broadcaster/share/franka_robot_state_broadcaster/environment/ament_prefix_path.sh
[11.818s] -- Symlinking: /home/herring/rzddzy/install/franka_robot_state_broadcaster/share/franka_robot_state_broadcaster/environment/ament_prefix_path.dsv
[11.832s] -- Symlinking: /home/herring/rzddzy/install/franka_robot_state_broadcaster/share/franka_robot_state_broadcaster/environment/path.sh
[11.846s] -- Symlinking: /home/herring/rzddzy/install/franka_robot_state_broadcaster/share/franka_robot_state_broadcaster/environment/path.dsv
[11.859s] -- Symlinking: /home/herring/rzddzy/install/franka_robot_state_broadcaster/share/franka_robot_state_broadcaster/local_setup.bash
[11.868s] -- Symlinking: /home/herring/rzddzy/install/franka_robot_state_broadcaster/share/franka_robot_state_broadcaster/local_setup.sh
[11.881s] -- Symlinking: /home/herring/rzddzy/install/franka_robot_state_broadcaster/share/franka_robot_state_broadcaster/local_setup.zsh
[11.890s] -- Symlinking: /home/herring/rzddzy/install/franka_robot_state_broadcaster/share/franka_robot_state_broadcaster/local_setup.dsv
[11.904s] -- Symlinking: /home/herring/rzddzy/install/franka_robot_state_broadcaster/share/franka_robot_state_broadcaster/package.dsv
[11.913s] -- Symlinking: /home/herring/rzddzy/install/franka_robot_state_broadcaster/share/ament_index/resource_index/packages/franka_robot_state_broadcaster
[11.927s] -- Symlinking: /home/herring/rzddzy/install/franka_robot_state_broadcaster/share/ament_index/resource_index/controller_interface__pluginlib__plugin/franka_robot_state_broadcaster
[11.941s] -- Symlinking: /home/herring/rzddzy/install/franka_robot_state_broadcaster/share/franka_robot_state_broadcaster/cmake/ament_cmake_export_dependencies-extras.cmake
[11.955s] -- Symlinking: /home/herring/rzddzy/install/franka_robot_state_broadcaster/share/franka_robot_state_broadcaster/cmake/ament_cmake_export_include_directories-extras.cmake
[11.969s] -- Symlinking: /home/herring/rzddzy/install/franka_robot_state_broadcaster/share/franka_robot_state_broadcaster/cmake/ament_cmake_export_libraries-extras.cmake
[11.983s] -- Symlinking: /home/herring/rzddzy/install/franka_robot_state_broadcaster/share/franka_robot_state_broadcaster/cmake/franka_robot_state_broadcasterConfig.cmake
[11.993s] -- Symlinking: /home/herring/rzddzy/install/franka_robot_state_broadcaster/share/franka_robot_state_broadcaster/cmake/franka_robot_state_broadcasterConfig-version.cmake
[12.007s] -- Symlinking: /home/herring/rzddzy/install/franka_robot_state_broadcaster/share/franka_robot_state_broadcaster/package.xml
[12.023s] Invoked command in '/home/herring/rzddzy/build/franka_robot_state_broadcaster' returned '0': AMENT_PREFIX_PATH=/home/herring/rzddzy/install/franka_semantic_components:/home/herring/rzddzy/install/franka_hardware:/home/herring/rzddzy/install/mujoco_ros2_control:/home/herring/rzddzy/install/mujoco_ros:/home/herring/rzddzy/install/mujoco_ros_msgs:/home/herring/rzddzy/install/franka_msgs:${AMENT_PREFIX_PATH} CMAKE_PREFIX_PATH=/home/herring/rzddzy/install/franka_semantic_components:/home/herring/rzddzy/install/franka_hardware:/home/herring/rzddzy/install/mujoco_ros2_control:/home/herring/rzddzy/install/mujoco_ros:/home/herring/rzddzy/install/mujoco_ros_msgs:/home/herring/rzddzy/install/franka_msgs:/opt/ros/jazzy/opt/sdformat_vendor:/opt/ros/jazzy/opt/gz_math_vendor:/opt/ros/jazzy/opt/gz_utils_vendor:/opt/ros/jazzy/opt/gz_tools_vendor:/opt/ros/jazzy/opt/gz_cmake_vendor:/opt/ros/jazzy DEBUGINFOD_URLS=https://debuginfod.ubuntu.com LD_LIBRARY_PATH=/home/herring/rzddzy/install/franka_semantic_components/lib:/home/herring/rzddzy/install/franka_hardware/lib:/home/herring/rzddzy/install/mujoco_ros2_control/lib:/home/herring/rzddzy/install/mujoco_ros/lib:/home/herring/rzddzy/install/mujoco_ros_msgs/lib:/home/herring/rzddzy/install/franka_msgs/lib:${LD_LIBRARY_PATH} PYTHONPATH=/home/herring/rzddzy/install/mujoco_ros_msgs/lib/python3.12/site-packages:/home/herring/rzddzy/install/franka_msgs/lib/python3.12/site-packages:${PYTHONPATH} /usr/bin/cmake --install /home/herring/rzddzy/build/franka_robot_state_broadcaster
