[ 50%] [32mBuilding CXX object CMakeFiles/mujoco_ros2_control_system.dir/src/mujoco_ros2_control_system.cpp.o[0m
[100%] [32m[1mLinking CXX shared library libmujoco_ros2_control_system.so[0m
[100%] Built target mujoco_ros2_control_system
-- Install configuration: ""
-- Execute custom install script
-- Symlinking: /home/herring/rzddzy/install/mujoco_ros2_control_system/share/mujoco_ros2_control_system//plugins.xml
-- Symlinking: /home/herring/rzddzy/install/mujoco_ros2_control_system/include/mujoco_ros2_control_system/mujoco_ros2_control_system.hpp
-- Symlinking: /home/herring/rzddzy/install/mujoco_ros2_control_system/include/mujoco_ros2_control_system/visibility_control.h
-- Symlinking: /home/herring/rzddzy/install/mujoco_ros2_control_system/share/mujoco_ros2_control_system/environment/library_path.sh
-- Symlinking: /home/herring/rzddzy/install/mujoco_ros2_control_system/share/mujoco_ros2_control_system/environment/library_path.dsv
-- Symlinking: /home/herring/rzddzy/install/mujoco_ros2_control_system/share/ament_index/resource_index/package_run_dependencies/mujoco_ros2_control_system
-- Symlinking: /home/herring/rzddzy/install/mujoco_ros2_control_system/share/ament_index/resource_index/parent_prefix_path/mujoco_ros2_control_system
-- Symlinking: /home/herring/rzddzy/install/mujoco_ros2_control_system/share/mujoco_ros2_control_system/environment/ament_prefix_path.sh
-- Symlinking: /home/herring/rzddzy/install/mujoco_ros2_control_system/share/mujoco_ros2_control_system/environment/ament_prefix_path.dsv
-- Symlinking: /home/herring/rzddzy/install/mujoco_ros2_control_system/share/mujoco_ros2_control_system/environment/path.sh
-- Symlinking: /home/herring/rzddzy/install/mujoco_ros2_control_system/share/mujoco_ros2_control_system/environment/path.dsv
-- Symlinking: /home/herring/rzddzy/install/mujoco_ros2_control_system/share/mujoco_ros2_control_system/local_setup.bash
-- Symlinking: /home/herring/rzddzy/install/mujoco_ros2_control_system/share/mujoco_ros2_control_system/local_setup.sh
-- Symlinking: /home/herring/rzddzy/install/mujoco_ros2_control_system/share/mujoco_ros2_control_system/local_setup.zsh
-- Symlinking: /home/herring/rzddzy/install/mujoco_ros2_control_system/share/mujoco_ros2_control_system/local_setup.dsv
-- Symlinking: /home/herring/rzddzy/install/mujoco_ros2_control_system/share/mujoco_ros2_control_system/package.dsv
-- Symlinking: /home/herring/rzddzy/install/mujoco_ros2_control_system/share/ament_index/resource_index/packages/mujoco_ros2_control_system
-- Symlinking: /home/herring/rzddzy/install/mujoco_ros2_control_system/share/ament_index/resource_index/mujoco_ros2_control__pluginlib__plugin/mujoco_ros2_control_system
-- Symlinking: /home/herring/rzddzy/install/mujoco_ros2_control_system/share/mujoco_ros2_control_system/cmake/ament_cmake_export_include_directories-extras.cmake
-- Symlinking: /home/herring/rzddzy/install/mujoco_ros2_control_system/share/mujoco_ros2_control_system/cmake/ament_cmake_export_libraries-extras.cmake
-- Symlinking: /home/herring/rzddzy/install/mujoco_ros2_control_system/share/mujoco_ros2_control_system/cmake/ament_cmake_export_targets-extras.cmake
-- Symlinking: /home/herring/rzddzy/install/mujoco_ros2_control_system/share/mujoco_ros2_control_system/cmake/mujoco_ros2_control_systemConfig.cmake
-- Symlinking: /home/herring/rzddzy/install/mujoco_ros2_control_system/share/mujoco_ros2_control_system/cmake/mujoco_ros2_control_systemConfig-version.cmake
-- Symlinking: /home/herring/rzddzy/install/mujoco_ros2_control_system/share/mujoco_ros2_control_system/package.xml
-- Installing: /home/herring/rzddzy/install/mujoco_ros2_control_system/lib/libmujoco_ros2_control_system.so
-- Set non-toolchain portion of runtime path of "/home/herring/rzddzy/install/mujoco_ros2_control_system/lib/libmujoco_ros2_control_system.so" to ""
-- Installing: /home/herring/rzddzy/install/mujoco_ros2_control_system/share/mujoco_ros2_control_system/cmake/export_mujoco_ros2_control_systemExport.cmake
-- Installing: /home/herring/rzddzy/install/mujoco_ros2_control_system/share/mujoco_ros2_control_system/cmake/export_mujoco_ros2_control_systemExport-noconfig.cmake
