[0.019s] Invoking command in '/home/herring/rzddzy/build/panda_motion_generator_msgs': CMAKE_PREFIX_PATH=${CMAKE_PREFIX_PATH}:/opt/ros/jazzy DEBUGINFOD_URLS=https://debuginfod.ubuntu.com /usr/bin/cmake --build /home/herring/rzddzy/build/panda_motion_generator_msgs -- -j28 -l28
[0.073s] [  1%] Built target panda_motion_generator_msgs__rosidl_generator_type_description
[0.080s] [  1%] Built target ament_cmake_python_symlink_panda_motion_generator_msgs
[0.089s] [  2%] Built target panda_motion_generator_msgs__cpp
[0.097s] [ 25%] Built target panda_motion_generator_msgs__rosidl_generator_c
[0.119s] [ 35%] Built target panda_motion_generator_msgs__rosidl_typesupport_introspection_c
[0.120s] [ 44%] Built target panda_motion_generator_msgs__rosidl_typesupport_cpp
[0.122s] [ 54%] Built target panda_motion_generator_msgs__rosidl_typesupport_c
[0.124s] [ 63%] Built target panda_motion_generator_msgs__rosidl_typesupport_fastrtps_c
[0.124s] [ 72%] Built target panda_motion_generator_msgs__rosidl_typesupport_fastrtps_cpp
[0.128s] [ 82%] Built target panda_motion_generator_msgs__rosidl_typesupport_introspection_cpp
[0.151s] [ 82%] Built target panda_motion_generator_msgs
[0.176s] [ 83%] Built target panda_motion_generator_msgs__py
[0.200s] [ 91%] Built target panda_motion_generator_msgs__rosidl_generator_py
[0.218s] [ 94%] Built target panda_motion_generator_msgs_s__rosidl_typesupport_c
[0.220s] [ 97%] Built target panda_motion_generator_msgs_s__rosidl_typesupport_fastrtps_c
[0.222s] [100%] Built target panda_motion_generator_msgs_s__rosidl_typesupport_introspection_c
[0.299s] running egg_info
[0.310s] writing panda_motion_generator_msgs.egg-info/PKG-INFO
[0.311s] writing dependency_links to panda_motion_generator_msgs.egg-info/dependency_links.txt
[0.311s] writing top-level names to panda_motion_generator_msgs.egg-info/top_level.txt
[0.349s] reading manifest file 'panda_motion_generator_msgs.egg-info/SOURCES.txt'
[0.352s] writing manifest file 'panda_motion_generator_msgs.egg-info/SOURCES.txt'
[0.402s] [100%] Built target ament_cmake_python_build_panda_motion_generator_msgs_egg
[0.409s] Invoked command in '/home/herring/rzddzy/build/panda_motion_generator_msgs' returned '0': CMAKE_PREFIX_PATH=${CMAKE_PREFIX_PATH}:/opt/ros/jazzy DEBUGINFOD_URLS=https://debuginfod.ubuntu.com /usr/bin/cmake --build /home/herring/rzddzy/build/panda_motion_generator_msgs -- -j28 -l28
[0.409s] Invoking command in '/home/herring/rzddzy/build/panda_motion_generator_msgs': CMAKE_PREFIX_PATH=${CMAKE_PREFIX_PATH}:/opt/ros/jazzy DEBUGINFOD_URLS=https://debuginfod.ubuntu.com /usr/bin/cmake --install /home/herring/rzddzy/build/panda_motion_generator_msgs
[0.410s] -- Install configuration: ""
[0.410s] -- Execute custom install script
[0.410s] -- Up-to-date symlink: /home/herring/rzddzy/install/panda_motion_generator_msgs/share/ament_index/resource_index/rosidl_interfaces/panda_motion_generator_msgs
[0.410s] -- Up-to-date symlink: /home/herring/rzddzy/install/panda_motion_generator_msgs/share/panda_motion_generator_msgs/msg/JointPose.json
[0.410s] -- Up-to-date symlink: /home/herring/rzddzy/install/panda_motion_generator_msgs/share/panda_motion_generator_msgs/msg/SetTimeScaling.json
[0.410s] -- Up-to-date symlink: /home/herring/rzddzy/install/panda_motion_generator_msgs/share/panda_motion_generator_msgs/msg/SimpleActionResult.json
[0.410s] -- Up-to-date symlink: /home/herring/rzddzy/install/panda_motion_generator_msgs/share/panda_motion_generator_msgs/action/CartesianViaMotion.json
[0.410s] -- Up-to-date symlink: /home/herring/rzddzy/install/panda_motion_generator_msgs/share/panda_motion_generator_msgs/action/JointViaMotion.json
[0.410s] -- Up-to-date symlink: /home/herring/rzddzy/install/panda_motion_generator_msgs/include/panda_motion_generator_msgs/panda_motion_generator_msgs/action/cartesian_via_motion.h
[0.411s] -- Up-to-date symlink: /home/herring/rzddzy/install/panda_motion_generator_msgs/include/panda_motion_generator_msgs/panda_motion_generator_msgs/action/detail/cartesian_via_motion__functions.h
[0.411s] -- Up-to-date symlink: /home/herring/rzddzy/install/panda_motion_generator_msgs/include/panda_motion_generator_msgs/panda_motion_generator_msgs/action/detail/cartesian_via_motion__struct.h
[0.411s] -- Up-to-date symlink: /home/herring/rzddzy/install/panda_motion_generator_msgs/include/panda_motion_generator_msgs/panda_motion_generator_msgs/action/detail/cartesian_via_motion__type_support.h
[0.411s] -- Up-to-date symlink: /home/herring/rzddzy/install/panda_motion_generator_msgs/include/panda_motion_generator_msgs/panda_motion_generator_msgs/action/detail/joint_via_motion__functions.h
[0.411s] -- Up-to-date symlink: /home/herring/rzddzy/install/panda_motion_generator_msgs/include/panda_motion_generator_msgs/panda_motion_generator_msgs/action/detail/joint_via_motion__struct.h
[0.411s] -- Up-to-date symlink: /home/herring/rzddzy/install/panda_motion_generator_msgs/include/panda_motion_generator_msgs/panda_motion_generator_msgs/action/detail/joint_via_motion__type_support.h
[0.411s] -- Up-to-date symlink: /home/herring/rzddzy/install/panda_motion_generator_msgs/include/panda_motion_generator_msgs/panda_motion_generator_msgs/action/joint_via_motion.h
[0.411s] -- Up-to-date symlink: /home/herring/rzddzy/install/panda_motion_generator_msgs/include/panda_motion_generator_msgs/panda_motion_generator_msgs/msg/detail/joint_pose__functions.h
[0.411s] -- Up-to-date symlink: /home/herring/rzddzy/install/panda_motion_generator_msgs/include/panda_motion_generator_msgs/panda_motion_generator_msgs/msg/detail/joint_pose__struct.h
[0.411s] -- Up-to-date symlink: /home/herring/rzddzy/install/panda_motion_generator_msgs/include/panda_motion_generator_msgs/panda_motion_generator_msgs/msg/detail/joint_pose__type_support.h
[0.411s] -- Up-to-date symlink: /home/herring/rzddzy/install/panda_motion_generator_msgs/include/panda_motion_generator_msgs/panda_motion_generator_msgs/msg/detail/set_time_scaling__functions.h
[0.411s] -- Up-to-date symlink: /home/herring/rzddzy/install/panda_motion_generator_msgs/include/panda_motion_generator_msgs/panda_motion_generator_msgs/msg/detail/set_time_scaling__struct.h
[0.411s] -- Up-to-date symlink: /home/herring/rzddzy/install/panda_motion_generator_msgs/include/panda_motion_generator_msgs/panda_motion_generator_msgs/msg/detail/set_time_scaling__type_support.h
[0.411s] -- Up-to-date symlink: /home/herring/rzddzy/install/panda_motion_generator_msgs/include/panda_motion_generator_msgs/panda_motion_generator_msgs/msg/detail/simple_action_result__functions.h
[0.411s] -- Up-to-date symlink: /home/herring/rzddzy/install/panda_motion_generator_msgs/include/panda_motion_generator_msgs/panda_motion_generator_msgs/msg/detail/simple_action_result__struct.h
[0.411s] -- Up-to-date symlink: /home/herring/rzddzy/install/panda_motion_generator_msgs/include/panda_motion_generator_msgs/panda_motion_generator_msgs/msg/detail/simple_action_result__type_support.h
[0.411s] -- Up-to-date symlink: /home/herring/rzddzy/install/panda_motion_generator_msgs/include/panda_motion_generator_msgs/panda_motion_generator_msgs/msg/joint_pose.h
[0.411s] -- Up-to-date symlink: /home/herring/rzddzy/install/panda_motion_generator_msgs/include/panda_motion_generator_msgs/panda_motion_generator_msgs/msg/rosidl_generator_c__visibility_control.h
[0.411s] -- Up-to-date symlink: /home/herring/rzddzy/install/panda_motion_generator_msgs/include/panda_motion_generator_msgs/panda_motion_generator_msgs/msg/set_time_scaling.h
[0.411s] -- Up-to-date symlink: /home/herring/rzddzy/install/panda_motion_generator_msgs/include/panda_motion_generator_msgs/panda_motion_generator_msgs/msg/simple_action_result.h
[0.411s] -- Up-to-date symlink: /home/herring/rzddzy/install/panda_motion_generator_msgs/share/panda_motion_generator_msgs/environment/library_path.sh
[0.411s] -- Up-to-date symlink: /home/herring/rzddzy/install/panda_motion_generator_msgs/share/panda_motion_generator_msgs/environment/library_path.dsv
[0.411s] -- Up-to-date symlink: /home/herring/rzddzy/install/panda_motion_generator_msgs/include/panda_motion_generator_msgs/panda_motion_generator_msgs/action/detail/cartesian_via_motion__rosidl_typesupport_fastrtps_c.h
[0.411s] -- Up-to-date symlink: /home/herring/rzddzy/install/panda_motion_generator_msgs/include/panda_motion_generator_msgs/panda_motion_generator_msgs/action/detail/joint_via_motion__rosidl_typesupport_fastrtps_c.h
[0.412s] -- Up-to-date symlink: /home/herring/rzddzy/install/panda_motion_generator_msgs/include/panda_motion_generator_msgs/panda_motion_generator_msgs/msg/detail/joint_pose__rosidl_typesupport_fastrtps_c.h
[0.412s] -- Up-to-date symlink: /home/herring/rzddzy/install/panda_motion_generator_msgs/include/panda_motion_generator_msgs/panda_motion_generator_msgs/msg/detail/set_time_scaling__rosidl_typesupport_fastrtps_c.h
[0.412s] -- Up-to-date symlink: /home/herring/rzddzy/install/panda_motion_generator_msgs/include/panda_motion_generator_msgs/panda_motion_generator_msgs/msg/detail/simple_action_result__rosidl_typesupport_fastrtps_c.h
[0.412s] -- Up-to-date symlink: /home/herring/rzddzy/install/panda_motion_generator_msgs/include/panda_motion_generator_msgs/panda_motion_generator_msgs/msg/rosidl_typesupport_fastrtps_c__visibility_control.h
[0.412s] -- Up-to-date symlink: /home/herring/rzddzy/install/panda_motion_generator_msgs/include/panda_motion_generator_msgs/panda_motion_generator_msgs/action/cartesian_via_motion.hpp
[0.412s] -- Up-to-date symlink: /home/herring/rzddzy/install/panda_motion_generator_msgs/include/panda_motion_generator_msgs/panda_motion_generator_msgs/action/detail/cartesian_via_motion__builder.hpp
[0.412s] -- Up-to-date symlink: /home/herring/rzddzy/install/panda_motion_generator_msgs/include/panda_motion_generator_msgs/panda_motion_generator_msgs/action/detail/cartesian_via_motion__struct.hpp
[0.412s] -- Up-to-date symlink: /home/herring/rzddzy/install/panda_motion_generator_msgs/include/panda_motion_generator_msgs/panda_motion_generator_msgs/action/detail/cartesian_via_motion__traits.hpp
[0.412s] -- Up-to-date symlink: /home/herring/rzddzy/install/panda_motion_generator_msgs/include/panda_motion_generator_msgs/panda_motion_generator_msgs/action/detail/cartesian_via_motion__type_support.hpp
[0.412s] -- Up-to-date symlink: /home/herring/rzddzy/install/panda_motion_generator_msgs/include/panda_motion_generator_msgs/panda_motion_generator_msgs/action/detail/joint_via_motion__builder.hpp
[0.412s] -- Up-to-date symlink: /home/herring/rzddzy/install/panda_motion_generator_msgs/include/panda_motion_generator_msgs/panda_motion_generator_msgs/action/detail/joint_via_motion__struct.hpp
[0.412s] -- Up-to-date symlink: /home/herring/rzddzy/install/panda_motion_generator_msgs/include/panda_motion_generator_msgs/panda_motion_generator_msgs/action/detail/joint_via_motion__traits.hpp
[0.412s] -- Up-to-date symlink: /home/herring/rzddzy/install/panda_motion_generator_msgs/include/panda_motion_generator_msgs/panda_motion_generator_msgs/action/detail/joint_via_motion__type_support.hpp
[0.412s] -- Up-to-date symlink: /home/herring/rzddzy/install/panda_motion_generator_msgs/include/panda_motion_generator_msgs/panda_motion_generator_msgs/action/joint_via_motion.hpp
[0.412s] -- Up-to-date symlink: /home/herring/rzddzy/install/panda_motion_generator_msgs/include/panda_motion_generator_msgs/panda_motion_generator_msgs/msg/detail/joint_pose__builder.hpp
[0.412s] -- Up-to-date symlink: /home/herring/rzddzy/install/panda_motion_generator_msgs/include/panda_motion_generator_msgs/panda_motion_generator_msgs/msg/detail/joint_pose__struct.hpp
[0.412s] -- Up-to-date symlink: /home/herring/rzddzy/install/panda_motion_generator_msgs/include/panda_motion_generator_msgs/panda_motion_generator_msgs/msg/detail/joint_pose__traits.hpp
[0.412s] -- Up-to-date symlink: /home/herring/rzddzy/install/panda_motion_generator_msgs/include/panda_motion_generator_msgs/panda_motion_generator_msgs/msg/detail/joint_pose__type_support.hpp
[0.412s] -- Up-to-date symlink: /home/herring/rzddzy/install/panda_motion_generator_msgs/include/panda_motion_generator_msgs/panda_motion_generator_msgs/msg/detail/set_time_scaling__builder.hpp
[0.412s] -- Up-to-date symlink: /home/herring/rzddzy/install/panda_motion_generator_msgs/include/panda_motion_generator_msgs/panda_motion_generator_msgs/msg/detail/set_time_scaling__struct.hpp
[0.412s] -- Up-to-date symlink: /home/herring/rzddzy/install/panda_motion_generator_msgs/include/panda_motion_generator_msgs/panda_motion_generator_msgs/msg/detail/set_time_scaling__traits.hpp
[0.412s] -- Up-to-date symlink: /home/herring/rzddzy/install/panda_motion_generator_msgs/include/panda_motion_generator_msgs/panda_motion_generator_msgs/msg/detail/set_time_scaling__type_support.hpp
[0.412s] -- Up-to-date symlink: /home/herring/rzddzy/install/panda_motion_generator_msgs/include/panda_motion_generator_msgs/panda_motion_generator_msgs/msg/detail/simple_action_result__builder.hpp
[0.413s] -- Up-to-date symlink: /home/herring/rzddzy/install/panda_motion_generator_msgs/include/panda_motion_generator_msgs/panda_motion_generator_msgs/msg/detail/simple_action_result__struct.hpp
[0.413s] -- Up-to-date symlink: /home/herring/rzddzy/install/panda_motion_generator_msgs/include/panda_motion_generator_msgs/panda_motion_generator_msgs/msg/detail/simple_action_result__traits.hpp
[0.413s] -- Up-to-date symlink: /home/herring/rzddzy/install/panda_motion_generator_msgs/include/panda_motion_generator_msgs/panda_motion_generator_msgs/msg/detail/simple_action_result__type_support.hpp
[0.413s] -- Up-to-date symlink: /home/herring/rzddzy/install/panda_motion_generator_msgs/include/panda_motion_generator_msgs/panda_motion_generator_msgs/msg/joint_pose.hpp
[0.413s] -- Up-to-date symlink: /home/herring/rzddzy/install/panda_motion_generator_msgs/include/panda_motion_generator_msgs/panda_motion_generator_msgs/msg/rosidl_generator_cpp__visibility_control.hpp
[0.413s] -- Up-to-date symlink: /home/herring/rzddzy/install/panda_motion_generator_msgs/include/panda_motion_generator_msgs/panda_motion_generator_msgs/msg/set_time_scaling.hpp
[0.413s] -- Up-to-date symlink: /home/herring/rzddzy/install/panda_motion_generator_msgs/include/panda_motion_generator_msgs/panda_motion_generator_msgs/msg/simple_action_result.hpp
[0.413s] -- Up-to-date symlink: /home/herring/rzddzy/install/panda_motion_generator_msgs/include/panda_motion_generator_msgs/panda_motion_generator_msgs/action/detail/cartesian_via_motion__rosidl_typesupport_fastrtps_cpp.hpp
[0.413s] -- Up-to-date symlink: /home/herring/rzddzy/install/panda_motion_generator_msgs/include/panda_motion_generator_msgs/panda_motion_generator_msgs/action/detail/joint_via_motion__rosidl_typesupport_fastrtps_cpp.hpp
[0.413s] -- Up-to-date symlink: /home/herring/rzddzy/install/panda_motion_generator_msgs/include/panda_motion_generator_msgs/panda_motion_generator_msgs/msg/detail/joint_pose__rosidl_typesupport_fastrtps_cpp.hpp
[0.413s] -- Up-to-date symlink: /home/herring/rzddzy/install/panda_motion_generator_msgs/include/panda_motion_generator_msgs/panda_motion_generator_msgs/msg/detail/set_time_scaling__rosidl_typesupport_fastrtps_cpp.hpp
[0.413s] -- Up-to-date symlink: /home/herring/rzddzy/install/panda_motion_generator_msgs/include/panda_motion_generator_msgs/panda_motion_generator_msgs/msg/detail/simple_action_result__rosidl_typesupport_fastrtps_cpp.hpp
[0.413s] -- Up-to-date symlink: /home/herring/rzddzy/install/panda_motion_generator_msgs/include/panda_motion_generator_msgs/panda_motion_generator_msgs/msg/rosidl_typesupport_fastrtps_cpp__visibility_control.h
[0.413s] -- Up-to-date symlink: /home/herring/rzddzy/install/panda_motion_generator_msgs/include/panda_motion_generator_msgs/panda_motion_generator_msgs/action/detail/cartesian_via_motion__rosidl_typesupport_introspection_c.h
[0.413s] -- Up-to-date symlink: /home/herring/rzddzy/install/panda_motion_generator_msgs/include/panda_motion_generator_msgs/panda_motion_generator_msgs/action/detail/joint_via_motion__rosidl_typesupport_introspection_c.h
[0.413s] -- Up-to-date symlink: /home/herring/rzddzy/install/panda_motion_generator_msgs/include/panda_motion_generator_msgs/panda_motion_generator_msgs/msg/detail/joint_pose__rosidl_typesupport_introspection_c.h
[0.413s] -- Up-to-date symlink: /home/herring/rzddzy/install/panda_motion_generator_msgs/include/panda_motion_generator_msgs/panda_motion_generator_msgs/msg/detail/set_time_scaling__rosidl_typesupport_introspection_c.h
[0.413s] -- Up-to-date symlink: /home/herring/rzddzy/install/panda_motion_generator_msgs/include/panda_motion_generator_msgs/panda_motion_generator_msgs/msg/detail/simple_action_result__rosidl_typesupport_introspection_c.h
[0.413s] -- Up-to-date symlink: /home/herring/rzddzy/install/panda_motion_generator_msgs/include/panda_motion_generator_msgs/panda_motion_generator_msgs/msg/rosidl_typesupport_introspection_c__visibility_control.h
[0.413s] -- Up-to-date symlink: /home/herring/rzddzy/install/panda_motion_generator_msgs/include/panda_motion_generator_msgs/panda_motion_generator_msgs/action/detail/cartesian_via_motion__rosidl_typesupport_introspection_cpp.hpp
[0.413s] -- Up-to-date symlink: /home/herring/rzddzy/install/panda_motion_generator_msgs/include/panda_motion_generator_msgs/panda_motion_generator_msgs/action/detail/joint_via_motion__rosidl_typesupport_introspection_cpp.hpp
[0.414s] -- Up-to-date symlink: /home/herring/rzddzy/install/panda_motion_generator_msgs/include/panda_motion_generator_msgs/panda_motion_generator_msgs/msg/detail/joint_pose__rosidl_typesupport_introspection_cpp.hpp
[0.414s] -- Up-to-date symlink: /home/herring/rzddzy/install/panda_motion_generator_msgs/include/panda_motion_generator_msgs/panda_motion_generator_msgs/msg/detail/set_time_scaling__rosidl_typesupport_introspection_cpp.hpp
[0.414s] -- Up-to-date symlink: /home/herring/rzddzy/install/panda_motion_generator_msgs/include/panda_motion_generator_msgs/panda_motion_generator_msgs/msg/detail/simple_action_result__rosidl_typesupport_introspection_cpp.hpp
[0.414s] -- Up-to-date symlink: /home/herring/rzddzy/install/panda_motion_generator_msgs/share/panda_motion_generator_msgs/environment/pythonpath.sh
[0.414s] -- Up-to-date symlink: /home/herring/rzddzy/install/panda_motion_generator_msgs/share/panda_motion_generator_msgs/environment/pythonpath.dsv
[0.414s] -- Up-to-date symlink: /home/herring/rzddzy/install/panda_motion_generator_msgs/lib/python3.12/site-packages/panda_motion_generator_msgs-0.0.0-py3.12.egg-info/PKG-INFO
[0.414s] -- Up-to-date symlink: /home/herring/rzddzy/install/panda_motion_generator_msgs/lib/python3.12/site-packages/panda_motion_generator_msgs-0.0.0-py3.12.egg-info/SOURCES.txt
[0.414s] -- Up-to-date symlink: /home/herring/rzddzy/install/panda_motion_generator_msgs/lib/python3.12/site-packages/panda_motion_generator_msgs-0.0.0-py3.12.egg-info/dependency_links.txt
[0.414s] -- Up-to-date symlink: /home/herring/rzddzy/install/panda_motion_generator_msgs/lib/python3.12/site-packages/panda_motion_generator_msgs-0.0.0-py3.12.egg-info/top_level.txt
[0.414s] -- Up-to-date symlink: /home/herring/rzddzy/install/panda_motion_generator_msgs/lib/python3.12/site-packages/panda_motion_generator_msgs/__init__.py
[0.414s] -- Up-to-date symlink: /home/herring/rzddzy/install/panda_motion_generator_msgs/lib/python3.12/site-packages/panda_motion_generator_msgs/_panda_motion_generator_msgs_s.ep.rosidl_typesupport_c.c
[0.414s] -- Up-to-date symlink: /home/herring/rzddzy/install/panda_motion_generator_msgs/lib/python3.12/site-packages/panda_motion_generator_msgs/_panda_motion_generator_msgs_s.ep.rosidl_typesupport_fastrtps_c.c
[0.414s] -- Up-to-date symlink: /home/herring/rzddzy/install/panda_motion_generator_msgs/lib/python3.12/site-packages/panda_motion_generator_msgs/_panda_motion_generator_msgs_s.ep.rosidl_typesupport_introspection_c.c
[0.414s] -- Up-to-date symlink: /home/herring/rzddzy/install/panda_motion_generator_msgs/lib/python3.12/site-packages/panda_motion_generator_msgs/action/__init__.py
[0.414s] -- Up-to-date symlink: /home/herring/rzddzy/install/panda_motion_generator_msgs/lib/python3.12/site-packages/panda_motion_generator_msgs/action/_cartesian_via_motion.py
[0.414s] -- Up-to-date symlink: /home/herring/rzddzy/install/panda_motion_generator_msgs/lib/python3.12/site-packages/panda_motion_generator_msgs/action/_cartesian_via_motion_s.c
[0.414s] -- Up-to-date symlink: /home/herring/rzddzy/install/panda_motion_generator_msgs/lib/python3.12/site-packages/panda_motion_generator_msgs/action/_joint_via_motion.py
[0.414s] -- Up-to-date symlink: /home/herring/rzddzy/install/panda_motion_generator_msgs/lib/python3.12/site-packages/panda_motion_generator_msgs/action/_joint_via_motion_s.c
[0.414s] -- Up-to-date symlink: /home/herring/rzddzy/install/panda_motion_generator_msgs/lib/python3.12/site-packages/panda_motion_generator_msgs/msg/__init__.py
[0.415s] -- Up-to-date symlink: /home/herring/rzddzy/install/panda_motion_generator_msgs/lib/python3.12/site-packages/panda_motion_generator_msgs/msg/_joint_pose.py
[0.415s] -- Up-to-date symlink: /home/herring/rzddzy/install/panda_motion_generator_msgs/lib/python3.12/site-packages/panda_motion_generator_msgs/msg/_joint_pose_s.c
[0.415s] -- Up-to-date symlink: /home/herring/rzddzy/install/panda_motion_generator_msgs/lib/python3.12/site-packages/panda_motion_generator_msgs/msg/_set_time_scaling.py
[0.415s] -- Up-to-date symlink: /home/herring/rzddzy/install/panda_motion_generator_msgs/lib/python3.12/site-packages/panda_motion_generator_msgs/msg/_set_time_scaling_s.c
[0.415s] -- Up-to-date symlink: /home/herring/rzddzy/install/panda_motion_generator_msgs/lib/python3.12/site-packages/panda_motion_generator_msgs/msg/_simple_action_result.py
[0.415s] -- Up-to-date symlink: /home/herring/rzddzy/install/panda_motion_generator_msgs/lib/python3.12/site-packages/panda_motion_generator_msgs/msg/_simple_action_result_s.c
[0.415s] -- Up-to-date symlink: /home/herring/rzddzy/install/panda_motion_generator_msgs/lib/python3.12/site-packages/panda_motion_generator_msgs/panda_motion_generator_msgs_s__rosidl_typesupport_c.so
[0.415s] -- Up-to-date symlink: /home/herring/rzddzy/install/panda_motion_generator_msgs/lib/python3.12/site-packages/panda_motion_generator_msgs/panda_motion_generator_msgs_s__rosidl_typesupport_fastrtps_c.so
[0.415s] -- Up-to-date symlink: /home/herring/rzddzy/install/panda_motion_generator_msgs/lib/python3.12/site-packages/panda_motion_generator_msgs/panda_motion_generator_msgs_s__rosidl_typesupport_introspection_c.so
[0.416s] -- Up-to-date symlink: /home/herring/rzddzy/install/panda_motion_generator_msgs/lib/python3.12/site-packages/panda_motion_generator_msgs/panda_motion_generator_msgs_s__rosidl_typesupport_fastrtps_c.so
[0.416s] -- Up-to-date symlink: /home/herring/rzddzy/install/panda_motion_generator_msgs/lib/python3.12/site-packages/panda_motion_generator_msgs/panda_motion_generator_msgs_s__rosidl_typesupport_introspection_c.so
[0.416s] -- Up-to-date symlink: /home/herring/rzddzy/install/panda_motion_generator_msgs/lib/python3.12/site-packages/panda_motion_generator_msgs/panda_motion_generator_msgs_s__rosidl_typesupport_c.so
[0.416s] -- Up-to-date symlink: /home/herring/rzddzy/install/panda_motion_generator_msgs/share/panda_motion_generator_msgs/msg/JointPose.idl
[0.416s] -- Up-to-date symlink: /home/herring/rzddzy/install/panda_motion_generator_msgs/share/panda_motion_generator_msgs/msg/SetTimeScaling.idl
[0.416s] -- Up-to-date symlink: /home/herring/rzddzy/install/panda_motion_generator_msgs/share/panda_motion_generator_msgs/msg/SimpleActionResult.idl
[0.417s] -- Up-to-date symlink: /home/herring/rzddzy/install/panda_motion_generator_msgs/share/panda_motion_generator_msgs/action/CartesianViaMotion.idl
[0.417s] -- Up-to-date symlink: /home/herring/rzddzy/install/panda_motion_generator_msgs/share/panda_motion_generator_msgs/action/JointViaMotion.idl
[0.417s] -- Up-to-date symlink: /home/herring/rzddzy/install/panda_motion_generator_msgs/share/panda_motion_generator_msgs/msg/JointPose.msg
[0.417s] -- Up-to-date symlink: /home/herring/rzddzy/install/panda_motion_generator_msgs/share/panda_motion_generator_msgs/msg/SetTimeScaling.msg
[0.417s] -- Up-to-date symlink: /home/herring/rzddzy/install/panda_motion_generator_msgs/share/panda_motion_generator_msgs/msg/SimpleActionResult.msg
[0.417s] -- Up-to-date symlink: /home/herring/rzddzy/install/panda_motion_generator_msgs/share/panda_motion_generator_msgs/action/CartesianViaMotion.action
[0.418s] -- Up-to-date symlink: /home/herring/rzddzy/install/panda_motion_generator_msgs/share/panda_motion_generator_msgs/action/JointViaMotion.action
[0.418s] -- Up-to-date symlink: /home/herring/rzddzy/install/panda_motion_generator_msgs/share/ament_index/resource_index/package_run_dependencies/panda_motion_generator_msgs
[0.418s] -- Up-to-date symlink: /home/herring/rzddzy/install/panda_motion_generator_msgs/share/ament_index/resource_index/parent_prefix_path/panda_motion_generator_msgs
[0.418s] -- Up-to-date symlink: /home/herring/rzddzy/install/panda_motion_generator_msgs/share/panda_motion_generator_msgs/environment/ament_prefix_path.sh
[0.418s] -- Up-to-date symlink: /home/herring/rzddzy/install/panda_motion_generator_msgs/share/panda_motion_generator_msgs/environment/ament_prefix_path.dsv
[0.418s] -- Up-to-date symlink: /home/herring/rzddzy/install/panda_motion_generator_msgs/share/panda_motion_generator_msgs/environment/path.sh
[0.418s] -- Up-to-date symlink: /home/herring/rzddzy/install/panda_motion_generator_msgs/share/panda_motion_generator_msgs/environment/path.dsv
[0.419s] -- Up-to-date symlink: /home/herring/rzddzy/install/panda_motion_generator_msgs/share/panda_motion_generator_msgs/local_setup.bash
[0.419s] -- Up-to-date symlink: /home/herring/rzddzy/install/panda_motion_generator_msgs/share/panda_motion_generator_msgs/local_setup.sh
[0.419s] -- Up-to-date symlink: /home/herring/rzddzy/install/panda_motion_generator_msgs/share/panda_motion_generator_msgs/local_setup.zsh
[0.419s] -- Up-to-date symlink: /home/herring/rzddzy/install/panda_motion_generator_msgs/share/panda_motion_generator_msgs/local_setup.dsv
[0.419s] -- Symlinking: /home/herring/rzddzy/install/panda_motion_generator_msgs/share/panda_motion_generator_msgs/package.dsv
[0.431s] -- Up-to-date symlink: /home/herring/rzddzy/install/panda_motion_generator_msgs/share/ament_index/resource_index/packages/panda_motion_generator_msgs
[0.431s] -- Up-to-date symlink: /home/herring/rzddzy/install/panda_motion_generator_msgs/share/panda_motion_generator_msgs/cmake/rosidl_cmake-extras.cmake
[0.431s] -- Up-to-date symlink: /home/herring/rzddzy/install/panda_motion_generator_msgs/share/panda_motion_generator_msgs/cmake/ament_cmake_export_dependencies-extras.cmake
[0.431s] -- Up-to-date symlink: /home/herring/rzddzy/install/panda_motion_generator_msgs/share/panda_motion_generator_msgs/cmake/ament_cmake_export_include_directories-extras.cmake
[0.432s] -- Up-to-date symlink: /home/herring/rzddzy/install/panda_motion_generator_msgs/share/panda_motion_generator_msgs/cmake/ament_cmake_export_libraries-extras.cmake
[0.432s] -- Up-to-date symlink: /home/herring/rzddzy/install/panda_motion_generator_msgs/share/panda_motion_generator_msgs/cmake/ament_cmake_export_targets-extras.cmake
[0.432s] -- Up-to-date symlink: /home/herring/rzddzy/install/panda_motion_generator_msgs/share/panda_motion_generator_msgs/cmake/rosidl_cmake_export_typesupport_targets-extras.cmake
[0.432s] -- Up-to-date symlink: /home/herring/rzddzy/install/panda_motion_generator_msgs/share/panda_motion_generator_msgs/cmake/rosidl_cmake_export_typesupport_libraries-extras.cmake
[0.432s] -- Up-to-date symlink: /home/herring/rzddzy/install/panda_motion_generator_msgs/share/panda_motion_generator_msgs/cmake/panda_motion_generator_msgsConfig.cmake
[0.432s] -- Up-to-date symlink: /home/herring/rzddzy/install/panda_motion_generator_msgs/share/panda_motion_generator_msgs/cmake/panda_motion_generator_msgsConfig-version.cmake
[0.432s] -- Up-to-date symlink: /home/herring/rzddzy/install/panda_motion_generator_msgs/share/panda_motion_generator_msgs/package.xml
[0.432s] -- Up-to-date: /home/herring/rzddzy/install/panda_motion_generator_msgs/lib/libpanda_motion_generator_msgs__rosidl_generator_c.so
[0.433s] -- Up-to-date: /home/herring/rzddzy/install/panda_motion_generator_msgs/lib/libpanda_motion_generator_msgs__rosidl_typesupport_fastrtps_c.so
[0.433s] -- Up-to-date: /home/herring/rzddzy/install/panda_motion_generator_msgs/lib/libpanda_motion_generator_msgs__rosidl_typesupport_fastrtps_cpp.so
[0.433s] -- Up-to-date: /home/herring/rzddzy/install/panda_motion_generator_msgs/lib/libpanda_motion_generator_msgs__rosidl_typesupport_introspection_c.so
[0.433s] -- Up-to-date: /home/herring/rzddzy/install/panda_motion_generator_msgs/lib/libpanda_motion_generator_msgs__rosidl_typesupport_c.so
[0.433s] -- Up-to-date: /home/herring/rzddzy/install/panda_motion_generator_msgs/lib/libpanda_motion_generator_msgs__rosidl_typesupport_introspection_cpp.so
[0.433s] -- Up-to-date: /home/herring/rzddzy/install/panda_motion_generator_msgs/lib/libpanda_motion_generator_msgs__rosidl_typesupport_cpp.so
[0.464s] Listing '/home/herring/rzddzy/install/panda_motion_generator_msgs/lib/python3.12/site-packages/panda_motion_generator_msgs'...
[0.464s] Listing '/home/herring/rzddzy/install/panda_motion_generator_msgs/lib/python3.12/site-packages/panda_motion_generator_msgs/action'...
[0.464s] Listing '/home/herring/rzddzy/install/panda_motion_generator_msgs/lib/python3.12/site-packages/panda_motion_generator_msgs/msg'...
[0.468s] -- Up-to-date: /home/herring/rzddzy/install/panda_motion_generator_msgs/lib/libpanda_motion_generator_msgs__rosidl_generator_py.so
[0.468s] -- Up-to-date: /home/herring/rzddzy/install/panda_motion_generator_msgs/share/panda_motion_generator_msgs/cmake/export_panda_motion_generator_msgs__rosidl_generator_cExport.cmake
[0.468s] -- Up-to-date: /home/herring/rzddzy/install/panda_motion_generator_msgs/share/panda_motion_generator_msgs/cmake/export_panda_motion_generator_msgs__rosidl_generator_cExport-noconfig.cmake
[0.468s] -- Up-to-date: /home/herring/rzddzy/install/panda_motion_generator_msgs/share/panda_motion_generator_msgs/cmake/export_panda_motion_generator_msgs__rosidl_typesupport_fastrtps_cExport.cmake
[0.469s] -- Up-to-date: /home/herring/rzddzy/install/panda_motion_generator_msgs/share/panda_motion_generator_msgs/cmake/export_panda_motion_generator_msgs__rosidl_typesupport_fastrtps_cExport-noconfig.cmake
[0.469s] -- Up-to-date: /home/herring/rzddzy/install/panda_motion_generator_msgs/share/panda_motion_generator_msgs/cmake/export_panda_motion_generator_msgs__rosidl_generator_cppExport.cmake
[0.469s] -- Up-to-date: /home/herring/rzddzy/install/panda_motion_generator_msgs/share/panda_motion_generator_msgs/cmake/export_panda_motion_generator_msgs__rosidl_typesupport_fastrtps_cppExport.cmake
[0.469s] -- Up-to-date: /home/herring/rzddzy/install/panda_motion_generator_msgs/share/panda_motion_generator_msgs/cmake/export_panda_motion_generator_msgs__rosidl_typesupport_fastrtps_cppExport-noconfig.cmake
[0.469s] -- Up-to-date: /home/herring/rzddzy/install/panda_motion_generator_msgs/share/panda_motion_generator_msgs/cmake/panda_motion_generator_msgs__rosidl_typesupport_introspection_cExport.cmake
[0.469s] -- Up-to-date: /home/herring/rzddzy/install/panda_motion_generator_msgs/share/panda_motion_generator_msgs/cmake/panda_motion_generator_msgs__rosidl_typesupport_introspection_cExport-noconfig.cmake
[0.469s] -- Up-to-date: /home/herring/rzddzy/install/panda_motion_generator_msgs/share/panda_motion_generator_msgs/cmake/panda_motion_generator_msgs__rosidl_typesupport_cExport.cmake
[0.469s] -- Up-to-date: /home/herring/rzddzy/install/panda_motion_generator_msgs/share/panda_motion_generator_msgs/cmake/panda_motion_generator_msgs__rosidl_typesupport_cExport-noconfig.cmake
[0.469s] -- Up-to-date: /home/herring/rzddzy/install/panda_motion_generator_msgs/share/panda_motion_generator_msgs/cmake/panda_motion_generator_msgs__rosidl_typesupport_introspection_cppExport.cmake
[0.469s] -- Up-to-date: /home/herring/rzddzy/install/panda_motion_generator_msgs/share/panda_motion_generator_msgs/cmake/panda_motion_generator_msgs__rosidl_typesupport_introspection_cppExport-noconfig.cmake
[0.469s] -- Up-to-date: /home/herring/rzddzy/install/panda_motion_generator_msgs/share/panda_motion_generator_msgs/cmake/panda_motion_generator_msgs__rosidl_typesupport_cppExport.cmake
[0.469s] -- Up-to-date: /home/herring/rzddzy/install/panda_motion_generator_msgs/share/panda_motion_generator_msgs/cmake/panda_motion_generator_msgs__rosidl_typesupport_cppExport-noconfig.cmake
[0.469s] -- Up-to-date: /home/herring/rzddzy/install/panda_motion_generator_msgs/share/panda_motion_generator_msgs/cmake/export_panda_motion_generator_msgs__rosidl_generator_pyExport.cmake
[0.469s] -- Up-to-date: /home/herring/rzddzy/install/panda_motion_generator_msgs/share/panda_motion_generator_msgs/cmake/export_panda_motion_generator_msgs__rosidl_generator_pyExport-noconfig.cmake
[0.485s] Invoked command in '/home/herring/rzddzy/build/panda_motion_generator_msgs' returned '0': CMAKE_PREFIX_PATH=${CMAKE_PREFIX_PATH}:/opt/ros/jazzy DEBUGINFOD_URLS=https://debuginfod.ubuntu.com /usr/bin/cmake --install /home/herring/rzddzy/build/panda_motion_generator_msgs
