-- The C compiler identification is GNU 13.3.0
-- The CXX compiler identification is GNU 13.3.0
-- Detecting C compiler ABI info
-- Detecting C compiler ABI info - done
-- Check for working C compiler: /usr/bin/cc - skipped
-- Detecting C compile features
-- Detecting C compile features - done
-- Detecting CXX compiler ABI info
-- Detecting CXX compiler ABI info - done
-- Check for working CXX compiler: /usr/bin/c++ - skipped
-- Detecting CXX compile features
-- Detecting CXX compile features - done
-- Setting build type to 'Release' as none was specified.
-- Found ament_cmake: 2.5.5 (/opt/ros/jazzy/share/ament_cmake/cmake)
-- Found Python3: /usr/bin/python3 (found version "3.12.3") found components: Interpreter 
-- Override CMake install command with custom implementation using symlinks instead of copying resources
-- Found builtin_interfaces: 2.0.3 (/opt/ros/jazzy/share/builtin_interfaces/cmake)
-- Found rosidl_generator_c: 4.6.7 (/opt/ros/jazzy/share/rosidl_generator_c/cmake)
-- Found rosidl_generator_cpp: 4.6.7 (/opt/ros/jazzy/share/rosidl_generator_cpp/cmake)
-- Using all available rosidl_typesupport_c: rosidl_typesupport_fastrtps_c;rosidl_typesupport_introspection_c
-- Using all available rosidl_typesupport_cpp: rosidl_typesupport_fastrtps_cpp;rosidl_typesupport_introspection_cpp
-- Found control_msgs: 5.7.0 (/opt/ros/jazzy/share/control_msgs/cmake)
-- Found multi_mode_control_msgs: 0.0.0 (/home/herring/rzddzy/ros2_ws/install/multi_mode_control_msgs/share/multi_mode_control_msgs/cmake)
-- Found controller_interface: 4.42.2 (/opt/ros/jazzy/share/controller_interface/cmake)
-- Found TinyXML2 via Config file: /usr/lib/x86_64-linux-gnu/cmake/tinyxml2
-- Found rmw_implementation_cmake: 7.3.3 (/opt/ros/jazzy/share/rmw_implementation_cmake/cmake)
-- Found rmw_fastrtps_cpp: 8.4.3 (/opt/ros/jazzy/share/rmw_fastrtps_cpp/cmake)
-- Found TinyXML2 via Config file: /usr/lib/x86_64-linux-gnu/cmake/tinyxml2
-- Found OpenSSL: /usr/lib/x86_64-linux-gnu/libcrypto.so (found version "3.0.13")  
-- Found TinyXML2 via Config file: /usr/lib/x86_64-linux-gnu/cmake/tinyxml2
-- Found FastRTPS: /opt/ros/jazzy/include (Required is at least version "2.13") 
-- Found TinyXML2 via Config file: /usr/lib/x86_64-linux-gnu/cmake/tinyxml2
-- Found TinyXML2 via Config file: /usr/lib/x86_64-linux-gnu/cmake/tinyxml2
-- Using RMW implementation 'rmw_fastrtps_cpp' as default
-- Found controller_manager: 4.42.2 (/opt/ros/jazzy/share/controller_manager/cmake)
-- Found franka_semantic_components: 0.0.0 (/home/herring/rzddzy/ros2_ws/install/franka_semantic_components/share/franka_semantic_components/cmake)
-- Found Threads: TRUE  
-- Setting yaml-cpp_DIR to: '/opt/ros/jazzy/share/yaml_cpp_vendor/cmake/../../../opt/yaml_cpp_vendor/share/cmake/yaml-cpp'
-- Found eigen3_cmake_module: 0.3.0 (/opt/ros/jazzy/share/eigen3_cmake_module/cmake)
-- Found Eigen3: TRUE (found version "3.4.0") 
-- Ensuring Eigen3 include directory is part of orocos-kdl CMake target
-- Configuring done (1.3s)
-- Generating done (0.0s)
-- Build files have been written to: /home/herring/rzddzy/ros2_ws/build/multi_mode_controller
[  5%] [32mBuilding C object CMakeFiles/openGJK.dir/src/openGJK.c.o[0m
[ 10%] [32mBuilding CXX object CMakeFiles/synchronous_client.dir/src/synchronous_client.cpp.o[0m
[ 15%] [32m[1mLinking C static library libopenGJK.a[0m
[ 15%] Built target openGJK
[ 20%] [32mBuilding CXX object CMakeFiles/multi_mode_controller.dir/src/controller_factory.cpp.o[0m
[ 25%] [32mBuilding CXX object CMakeFiles/multi_mode_controller.dir/src/robot_data.cpp.o[0m
[ 30%] [32mBuilding CXX object CMakeFiles/multi_mode_controller.dir/src/comless_panda_cartesian_impedance_controller.cpp.o[0m
[ 35%] [32mBuilding CXX object CMakeFiles/multi_mode_controller.dir/src/redundancy_resolution.cpp.o[0m
[ 40%] [32mBuilding CXX object CMakeFiles/multi_mode_controller.dir/src/panda_cartesian_impedance_controller.cpp.o[0m
[ 50%] [32mBuilding CXX object CMakeFiles/multi_mode_controller.dir/src/panda_joint_velocity_controller.cpp.o[0m
[ 50%] [32mBuilding CXX object CMakeFiles/multi_mode_controller.dir/src/comless_dual_cartesian_impedance_controller.cpp.o[0m
[ 55%] [32mBuilding CXX object CMakeFiles/multi_mode_controller.dir/src/des_coupled_dual_cartesian_impedance_controller.cpp.o[0m
[ 70%] [32mBuilding CXX object CMakeFiles/multi_mode_controller.dir/src/comless_panda_joint_impedance_controller.cpp.o[0m
[ 70%] [32mBuilding CXX object CMakeFiles/multi_mode_controller.dir/src/comless_dual_joint_impedance_controller.cpp.o[0m
[ 70%] [32mBuilding CXX object CMakeFiles/multi_mode_controller.dir/src/comless_coupled_dual_cartesian_impedance_controller.cpp.o[0m
[ 75%] [32mBuilding CXX object CMakeFiles/multi_mode_controller.dir/src/panda_joint_impedance_controller.cpp.o[0m
[ 80%] [32mBuilding CXX object CMakeFiles/multi_mode_controller.dir/src/dual_cartesian_impedance_controller.cpp.o[0m
[ 90%] [32mBuilding CXX object CMakeFiles/multi_mode_controller.dir/src/twin_cartesian_impedance_controller.cpp.o[0m
[ 90%] [32mBuilding CXX object CMakeFiles/multi_mode_controller.dir/src/twin_joint_impedance_controller.cpp.o[0m
[ 95%] [32m[1mLinking CXX shared library libsynchronous_client.so[0m
[ 95%] Built target synchronous_client
[100%] [32m[1mLinking CXX shared library libmulti_mode_controller.so[0m
[100%] Built target multi_mode_controller
-- Install configuration: "Release"
-- Execute custom install script
-- Symlinking: /home/herring/rzddzy/ros2_ws/install/multi_mode_controller/lib/libopenGJK.a
-- Symlinking: /home/herring/rzddzy/ros2_ws/install/multi_mode_controller/lib/libmulti_mode_controller.so
-- Symlinking: /home/herring/rzddzy/ros2_ws/install/multi_mode_controller/include/multi_mode_controller/base/panda_controller_base.h
-- Symlinking: /home/herring/rzddzy/ros2_ws/install/multi_mode_controller/include/multi_mode_controller/base/panda_controller_interface.h
-- Symlinking: /home/herring/rzddzy/ros2_ws/install/multi_mode_controller/include/multi_mode_controller/base/panda_controller_ros_interface.h
-- Symlinking: /home/herring/rzddzy/ros2_ws/install/multi_mode_controller/include/multi_mode_controller/base/switch_engine.h
-- Symlinking: /home/herring/rzddzy/ros2_ws/install/multi_mode_controller/include/multi_mode_controller/base/switch_engine_interface.h
-- Symlinking: /home/herring/rzddzy/ros2_ws/install/multi_mode_controller/include/multi_mode_controller/controllers/comless_coupled_dual_cartesian_impedance_controller.h
-- Symlinking: /home/herring/rzddzy/ros2_ws/install/multi_mode_controller/include/multi_mode_controller/controllers/comless_dual_cartesian_impedance_controller.h
-- Symlinking: /home/herring/rzddzy/ros2_ws/install/multi_mode_controller/include/multi_mode_controller/controllers/comless_dual_joint_impedance_controller.h
-- Symlinking: /home/herring/rzddzy/ros2_ws/install/multi_mode_controller/include/multi_mode_controller/controllers/comless_panda_cartesian_impedance_controller.h
-- Symlinking: /home/herring/rzddzy/ros2_ws/install/multi_mode_controller/include/multi_mode_controller/controllers/comless_panda_joint_impedance_controller.h
-- Symlinking: /home/herring/rzddzy/ros2_ws/install/multi_mode_controller/include/multi_mode_controller/controllers/des_coupled_dual_cartesian_impedance_controller.h
-- Symlinking: /home/herring/rzddzy/ros2_ws/install/multi_mode_controller/include/multi_mode_controller/controllers/dual_cartesian_impedance_controller.h
-- Symlinking: /home/herring/rzddzy/ros2_ws/install/multi_mode_controller/include/multi_mode_controller/controllers/panda_cartesian_impedance_controller.h
-- Symlinking: /home/herring/rzddzy/ros2_ws/install/multi_mode_controller/include/multi_mode_controller/controllers/panda_joint_impedance_controller.h
-- Symlinking: /home/herring/rzddzy/ros2_ws/install/multi_mode_controller/include/multi_mode_controller/controllers/panda_joint_velocity_controller.h
-- Symlinking: /home/herring/rzddzy/ros2_ws/install/multi_mode_controller/include/multi_mode_controller/controllers/twin_cartesian_impedance_controller.h
-- Symlinking: /home/herring/rzddzy/ros2_ws/install/multi_mode_controller/include/multi_mode_controller/controllers/twin_joint_impedance_controller.h
-- Symlinking: /home/herring/rzddzy/ros2_ws/install/multi_mode_controller/include/multi_mode_controller/utils/buffered.h
-- Symlinking: /home/herring/rzddzy/ros2_ws/install/multi_mode_controller/include/multi_mode_controller/utils/controller_factory.h
-- Symlinking: /home/herring/rzddzy/ros2_ws/install/multi_mode_controller/include/multi_mode_controller/utils/conversions.h
-- Symlinking: /home/herring/rzddzy/ros2_ws/install/multi_mode_controller/include/multi_mode_controller/utils/damping_design.h
-- Symlinking: /home/herring/rzddzy/ros2_ws/install/multi_mode_controller/include/multi_mode_controller/utils/factory.h
-- Symlinking: /home/herring/rzddzy/ros2_ws/install/multi_mode_controller/include/multi_mode_controller/utils/get_robot_state_msg.h
-- Symlinking: /home/herring/rzddzy/ros2_ws/install/multi_mode_controller/include/multi_mode_controller/utils/nullspace_projection.h
-- Symlinking: /home/herring/rzddzy/ros2_ws/install/multi_mode_controller/include/multi_mode_controller/utils/openGJK.h
-- Symlinking: /home/herring/rzddzy/ros2_ws/install/multi_mode_controller/include/multi_mode_controller/utils/panda_limits.h
-- Symlinking: /home/herring/rzddzy/ros2_ws/install/multi_mode_controller/include/multi_mode_controller/utils/redundancy_resolution.h
-- Symlinking: /home/herring/rzddzy/ros2_ws/install/multi_mode_controller/include/multi_mode_controller/utils/robot_data.h
-- Symlinking: /home/herring/rzddzy/ros2_ws/install/multi_mode_controller/include/multi_mode_controller/utils/sync_service_client.hpp
-- Symlinking: /home/herring/rzddzy/ros2_ws/install/multi_mode_controller/include/multi_mode_controller/utils/synchronous_client.h
-- Symlinking: /home/herring/rzddzy/ros2_ws/install/multi_mode_controller/include/multi_mode_controller/utils/type_name.h
-- Symlinking: /home/herring/rzddzy/ros2_ws/install/multi_mode_controller/lib/libsynchronous_client.so
-- Symlinking: /home/herring/rzddzy/ros2_ws/install/multi_mode_controller/share/multi_mode_controller/environment/library_path.sh
-- Symlinking: /home/herring/rzddzy/ros2_ws/install/multi_mode_controller/share/multi_mode_controller/environment/library_path.dsv
-- Symlinking: /home/herring/rzddzy/ros2_ws/install/multi_mode_controller/share/ament_index/resource_index/package_run_dependencies/multi_mode_controller
-- Symlinking: /home/herring/rzddzy/ros2_ws/install/multi_mode_controller/share/ament_index/resource_index/parent_prefix_path/multi_mode_controller
-- Symlinking: /home/herring/rzddzy/ros2_ws/install/multi_mode_controller/share/multi_mode_controller/environment/ament_prefix_path.sh
-- Symlinking: /home/herring/rzddzy/ros2_ws/install/multi_mode_controller/share/multi_mode_controller/environment/ament_prefix_path.dsv
-- Symlinking: /home/herring/rzddzy/ros2_ws/install/multi_mode_controller/share/multi_mode_controller/environment/path.sh
-- Symlinking: /home/herring/rzddzy/ros2_ws/install/multi_mode_controller/share/multi_mode_controller/environment/path.dsv
-- Symlinking: /home/herring/rzddzy/ros2_ws/install/multi_mode_controller/share/multi_mode_controller/local_setup.bash
-- Symlinking: /home/herring/rzddzy/ros2_ws/install/multi_mode_controller/share/multi_mode_controller/local_setup.sh
-- Symlinking: /home/herring/rzddzy/ros2_ws/install/multi_mode_controller/share/multi_mode_controller/local_setup.zsh
-- Symlinking: /home/herring/rzddzy/ros2_ws/install/multi_mode_controller/share/multi_mode_controller/local_setup.dsv
-- Symlinking: /home/herring/rzddzy/ros2_ws/install/multi_mode_controller/share/multi_mode_controller/package.dsv
-- Symlinking: /home/herring/rzddzy/ros2_ws/install/multi_mode_controller/share/ament_index/resource_index/packages/multi_mode_controller
-- Symlinking: /home/herring/rzddzy/ros2_ws/install/multi_mode_controller/share/multi_mode_controller/cmake/ament_cmake_export_include_directories-extras.cmake
-- Symlinking: /home/herring/rzddzy/ros2_ws/install/multi_mode_controller/share/multi_mode_controller/cmake/ament_cmake_export_libraries-extras.cmake
-- Symlinking: /home/herring/rzddzy/ros2_ws/install/multi_mode_controller/share/multi_mode_controller/cmake/ament_cmake_export_dependencies-extras.cmake
-- Symlinking: /home/herring/rzddzy/ros2_ws/install/multi_mode_controller/share/multi_mode_controller/cmake/multi_mode_controllerConfig.cmake
-- Symlinking: /home/herring/rzddzy/ros2_ws/install/multi_mode_controller/share/multi_mode_controller/cmake/multi_mode_controllerConfig-version.cmake
-- Symlinking: /home/herring/rzddzy/ros2_ws/install/multi_mode_controller/share/multi_mode_controller/package.xml
