-- Found ament_cmake: 2.5.5 (/opt/ros/jazzy/share/ament_cmake/cmake)
-- Override CMake install command with custom implementation using symlinks instead of copying resources
-- Found franka_hardware: 0.0.0 (/home/herring/rzddzy/ros2_ws/install/franka_hardware/share/franka_hardware/cmake)
-- Found rosidl_generator_c: 4.6.7 (/opt/ros/jazzy/share/rosidl_generator_c/cmake)
-- Found rosidl_generator_cpp: 4.6.7 (/opt/ros/jazzy/share/rosidl_generator_cpp/cmake)
-- Using all available rosidl_typesupport_c: rosidl_typesupport_fastrtps_c;rosidl_typesupport_introspection_c
-- Using all available rosidl_typesupport_cpp: rosidl_typesupport_fastrtps_cpp;rosidl_typesupport_introspection_cpp
-- Found TinyXML2 via Config file: /usr/lib/x86_64-linux-gnu/cmake/tinyxml2
-- Found rmw_implementation_cmake: 7.3.3 (/opt/ros/jazzy/share/rmw_implementation_cmake/cmake)
-- Found rmw_fastrtps_cpp: 8.4.3 (/opt/ros/jazzy/share/rmw_fastrtps_cpp/cmake)
-- Found TinyXML2 via Config file: /usr/lib/x86_64-linux-gnu/cmake/tinyxml2
-- Found TinyXML2 via Config file: /usr/lib/x86_64-linux-gnu/cmake/tinyxml2
-- Found TinyXML2 via Config file: /usr/lib/x86_64-linux-gnu/cmake/tinyxml2
-- Found TinyXML2 via Config file: /usr/lib/x86_64-linux-gnu/cmake/tinyxml2
-- Using RMW implementation 'rmw_fastrtps_cpp' as default
-- Setting yaml-cpp_DIR to: '/opt/ros/jazzy/share/yaml_cpp_vendor/cmake/../../../opt/yaml_cpp_vendor/share/cmake/yaml-cpp'
-- Found eigen3_cmake_module: 0.3.0 (/opt/ros/jazzy/share/eigen3_cmake_module/cmake)
-- Ensuring Eigen3 include directory is part of orocos-kdl CMake target
-- Found franka_msgs: 0.0.0 (/home/herring/rzddzy/ros2_ws/install/franka_msgs/share/franka_msgs/cmake)
-- Configuring done (0.8s)
-- Generating done (0.0s)
-- Build files have been written to: /home/herring/rzddzy/ros2_ws/build/franka_semantic_components
[ 33%] [32m[1mLinking CXX shared library libfranka_semantic_components.so[0m
[100%] Built target franka_semantic_components
-- Install configuration: ""
-- Execute custom install script
-- Up-to-date symlink: /home/herring/rzddzy/ros2_ws/install/franka_semantic_components/lib/libfranka_semantic_components.so
-- Up-to-date symlink: /home/herring/rzddzy/ros2_ws/install/franka_semantic_components/include/franka_semantic_components/franka_robot_model.hpp
-- Up-to-date symlink: /home/herring/rzddzy/ros2_ws/install/franka_semantic_components/include/franka_semantic_components/franka_robot_state.hpp
-- Up-to-date symlink: /home/herring/rzddzy/ros2_ws/install/franka_semantic_components/share/franka_semantic_components/environment/library_path.sh
-- Up-to-date symlink: /home/herring/rzddzy/ros2_ws/install/franka_semantic_components/share/franka_semantic_components/environment/library_path.dsv
-- Up-to-date symlink: /home/herring/rzddzy/ros2_ws/install/franka_semantic_components/share/ament_index/resource_index/package_run_dependencies/franka_semantic_components
-- Up-to-date symlink: /home/herring/rzddzy/ros2_ws/install/franka_semantic_components/share/ament_index/resource_index/parent_prefix_path/franka_semantic_components
-- Up-to-date symlink: /home/herring/rzddzy/ros2_ws/install/franka_semantic_components/share/franka_semantic_components/environment/ament_prefix_path.sh
-- Up-to-date symlink: /home/herring/rzddzy/ros2_ws/install/franka_semantic_components/share/franka_semantic_components/environment/ament_prefix_path.dsv
-- Up-to-date symlink: /home/herring/rzddzy/ros2_ws/install/franka_semantic_components/share/franka_semantic_components/environment/path.sh
-- Up-to-date symlink: /home/herring/rzddzy/ros2_ws/install/franka_semantic_components/share/franka_semantic_components/environment/path.dsv
-- Up-to-date symlink: /home/herring/rzddzy/ros2_ws/install/franka_semantic_components/share/franka_semantic_components/local_setup.bash
-- Up-to-date symlink: /home/herring/rzddzy/ros2_ws/install/franka_semantic_components/share/franka_semantic_components/local_setup.sh
-- Up-to-date symlink: /home/herring/rzddzy/ros2_ws/install/franka_semantic_components/share/franka_semantic_components/local_setup.zsh
-- Up-to-date symlink: /home/herring/rzddzy/ros2_ws/install/franka_semantic_components/share/franka_semantic_components/local_setup.dsv
-- Symlinking: /home/herring/rzddzy/ros2_ws/install/franka_semantic_components/share/franka_semantic_components/package.dsv
-- Up-to-date symlink: /home/herring/rzddzy/ros2_ws/install/franka_semantic_components/share/ament_index/resource_index/packages/franka_semantic_components
-- Up-to-date symlink: /home/herring/rzddzy/ros2_ws/install/franka_semantic_components/share/franka_semantic_components/cmake/ament_cmake_export_include_directories-extras.cmake
-- Up-to-date symlink: /home/herring/rzddzy/ros2_ws/install/franka_semantic_components/share/franka_semantic_components/cmake/ament_cmake_export_libraries-extras.cmake
-- Up-to-date symlink: /home/herring/rzddzy/ros2_ws/install/franka_semantic_components/share/franka_semantic_components/cmake/ament_cmake_export_dependencies-extras.cmake
-- Up-to-date symlink: /home/herring/rzddzy/ros2_ws/install/franka_semantic_components/share/franka_semantic_components/cmake/franka_semantic_componentsConfig.cmake
-- Up-to-date symlink: /home/herring/rzddzy/ros2_ws/install/franka_semantic_components/share/franka_semantic_components/cmake/franka_semantic_componentsConfig-version.cmake
-- Up-to-date symlink: /home/herring/rzddzy/ros2_ws/install/franka_semantic_components/share/franka_semantic_components/package.xml
