[0.100s] DEBUG:colcon:Command line arguments: ['/usr/bin/colcon', 'build', '--packages-select', 'franka_analytical_ik', '--symlink-install']
[0.100s] DEBUG:colcon:Parsed command line arguments: Namespace(log_base=None, log_level=None, verb_name='build', build_base='build', install_base='install', merge_install=False, symlink_install=True, test_result_base=None, continue_on_error=False, executor='parallel', parallel_workers=28, event_handlers=None, ignore_user_meta=False, metas=['./colcon.meta'], base_paths=['.'], packages_ignore=None, packages_ignore_regex=None, paths=None, packages_up_to=None, packages_up_to_regex=None, packages_above=None, packages_above_and_dependencies=None, packages_above_depth=None, packages_select_by_dep=None, packages_skip_by_dep=None, packages_skip_up_to=None, packages_select_build_failed=False, packages_skip_build_finished=False, packages_select_test_failures=False, packages_skip_test_passed=False, packages_select=['franka_analytical_ik'], packages_skip=None, packages_select_regex=None, packages_skip_regex=None, packages_start=None, packages_end=None, allow_overriding=[], cmake_args=None, cmake_target=None, cmake_target_skip_unavailable=False, cmake_clean_cache=False, cmake_clean_first=False, cmake_force_configure=False, ament_cmake_args=None, catkin_cmake_args=None, catkin_skip_building_tests=False, verb_parser=<colcon_defaults.argument_parser.defaults.DefaultArgumentsDecorator object at 0x7f14ead5abd0>, verb_extension=<colcon_core.verb.build.BuildVerb object at 0x7f14eae8ec00>, main=<bound method BuildVerb.main of <colcon_core.verb.build.BuildVerb object at 0x7f14eae8ec00>>)
[0.139s] Level 1:colcon.colcon_core.package_discovery:discover_packages(colcon_meta) check parameters
[0.140s] Level 1:colcon.colcon_core.package_discovery:discover_packages(recursive) check parameters
[0.140s] Level 1:colcon.colcon_core.package_discovery:discover_packages(ignore) check parameters
[0.140s] Level 1:colcon.colcon_core.package_discovery:discover_packages(path) check parameters
[0.140s] Level 1:colcon.colcon_core.package_discovery:discover_packages(colcon_meta) discover
[0.140s] Level 1:colcon.colcon_core.package_discovery:discover_packages(recursive) discover
[0.140s] INFO:colcon.colcon_core.package_discovery:Crawling recursively for packages in '/home/herring/rzddzy/ros2_ws'
[0.140s] Level 1:colcon.colcon_core.package_identification:_identify(.) by extensions ['ignore', 'ignore_ament_install']
[0.140s] Level 1:colcon.colcon_core.package_identification:_identify(.) by extension 'ignore'
[0.140s] Level 1:colcon.colcon_core.package_identification:_identify(.) by extension 'ignore_ament_install'
[0.140s] Level 1:colcon.colcon_core.package_identification:_identify(.) by extensions ['colcon_pkg']
[0.140s] Level 1:colcon.colcon_core.package_identification:_identify(.) by extension 'colcon_pkg'
[0.140s] Level 1:colcon.colcon_core.package_identification:_identify(.) by extensions ['colcon_meta']
[0.140s] Level 1:colcon.colcon_core.package_identification:_identify(.) by extension 'colcon_meta'
[0.140s] Level 1:colcon.colcon_core.package_identification:_identify(.) by extensions ['ros']
[0.140s] Level 1:colcon.colcon_core.package_identification:_identify(.) by extension 'ros'
[0.164s] Level 1:colcon.colcon_core.package_identification:_identify(.) by extensions ['cmake', 'python']
[0.164s] Level 1:colcon.colcon_core.package_identification:_identify(.) by extension 'cmake'
[0.164s] Level 1:colcon.colcon_core.package_identification:_identify(.) by extension 'python'
[0.164s] Level 1:colcon.colcon_core.package_identification:_identify(.) by extensions ['python_setup_py']
[0.164s] Level 1:colcon.colcon_core.package_identification:_identify(.) by extension 'python_setup_py'
[0.164s] Level 1:colcon.colcon_core.package_identification:_identify(build) by extensions ['ignore', 'ignore_ament_install']
[0.165s] Level 1:colcon.colcon_core.package_identification:_identify(build) by extension 'ignore'
[0.165s] Level 1:colcon.colcon_core.package_identification:_identify(build) ignored
[0.165s] Level 1:colcon.colcon_core.package_identification:_identify(install) by extensions ['ignore', 'ignore_ament_install']
[0.165s] Level 1:colcon.colcon_core.package_identification:_identify(install) by extension 'ignore'
[0.165s] Level 1:colcon.colcon_core.package_identification:_identify(install) ignored
[0.165s] Level 1:colcon.colcon_core.package_identification:_identify(log) by extensions ['ignore', 'ignore_ament_install']
[0.165s] Level 1:colcon.colcon_core.package_identification:_identify(log) by extension 'ignore'
[0.165s] Level 1:colcon.colcon_core.package_identification:_identify(log) ignored
[0.165s] Level 1:colcon.colcon_core.package_identification:_identify(src) by extensions ['ignore', 'ignore_ament_install']
[0.165s] Level 1:colcon.colcon_core.package_identification:_identify(src) by extension 'ignore'
[0.165s] Level 1:colcon.colcon_core.package_identification:_identify(src) by extension 'ignore_ament_install'
[0.165s] Level 1:colcon.colcon_core.package_identification:_identify(src) by extensions ['colcon_pkg']
[0.165s] Level 1:colcon.colcon_core.package_identification:_identify(src) by extension 'colcon_pkg'
[0.165s] Level 1:colcon.colcon_core.package_identification:_identify(src) by extensions ['colcon_meta']
[0.165s] Level 1:colcon.colcon_core.package_identification:_identify(src) by extension 'colcon_meta'
[0.165s] Level 1:colcon.colcon_core.package_identification:_identify(src) by extensions ['ros']
[0.165s] Level 1:colcon.colcon_core.package_identification:_identify(src) by extension 'ros'
[0.165s] Level 1:colcon.colcon_core.package_identification:_identify(src) by extensions ['cmake', 'python']
[0.165s] Level 1:colcon.colcon_core.package_identification:_identify(src) by extension 'cmake'
[0.166s] Level 1:colcon.colcon_core.package_identification:_identify(src) by extension 'python'
[0.166s] Level 1:colcon.colcon_core.package_identification:_identify(src) by extensions ['python_setup_py']
[0.166s] Level 1:colcon.colcon_core.package_identification:_identify(src) by extension 'python_setup_py'
[0.166s] Level 1:colcon.colcon_core.package_identification:_identify(src/controller) by extensions ['ignore', 'ignore_ament_install']
[0.166s] Level 1:colcon.colcon_core.package_identification:_identify(src/controller) by extension 'ignore'
[0.166s] Level 1:colcon.colcon_core.package_identification:_identify(src/controller) by extension 'ignore_ament_install'
[0.166s] Level 1:colcon.colcon_core.package_identification:_identify(src/controller) by extensions ['colcon_pkg']
[0.166s] Level 1:colcon.colcon_core.package_identification:_identify(src/controller) by extension 'colcon_pkg'
[0.166s] Level 1:colcon.colcon_core.package_identification:_identify(src/controller) by extensions ['colcon_meta']
[0.166s] Level 1:colcon.colcon_core.package_identification:_identify(src/controller) by extension 'colcon_meta'
[0.166s] Level 1:colcon.colcon_core.package_identification:_identify(src/controller) by extensions ['ros']
[0.166s] Level 1:colcon.colcon_core.package_identification:_identify(src/controller) by extension 'ros'
[0.169s] DEBUG:colcon.colcon_core.package_identification:Package 'src/controller' with type 'ros.ament_cmake' and name 'controller'
[0.169s] Level 1:colcon.colcon_core.package_identification:_identify(src/franka_analytical_ik) by extensions ['ignore', 'ignore_ament_install']
[0.169s] Level 1:colcon.colcon_core.package_identification:_identify(src/franka_analytical_ik) by extension 'ignore'
[0.170s] Level 1:colcon.colcon_core.package_identification:_identify(src/franka_analytical_ik) by extension 'ignore_ament_install'
[0.170s] Level 1:colcon.colcon_core.package_identification:_identify(src/franka_analytical_ik) by extensions ['colcon_pkg']
[0.170s] Level 1:colcon.colcon_core.package_identification:_identify(src/franka_analytical_ik) by extension 'colcon_pkg'
[0.170s] Level 1:colcon.colcon_core.package_identification:_identify(src/franka_analytical_ik) by extensions ['colcon_meta']
[0.170s] Level 1:colcon.colcon_core.package_identification:_identify(src/franka_analytical_ik) by extension 'colcon_meta'
[0.170s] Level 1:colcon.colcon_core.package_identification:_identify(src/franka_analytical_ik) by extensions ['ros']
[0.170s] Level 1:colcon.colcon_core.package_identification:_identify(src/franka_analytical_ik) by extension 'ros'
[0.170s] Level 1:colcon.colcon_core.package_identification:_identify(src/franka_analytical_ik) by extensions ['cmake', 'python']
[0.170s] Level 1:colcon.colcon_core.package_identification:_identify(src/franka_analytical_ik) by extension 'cmake'
[0.170s] Level 1:colcon.colcon_core.package_identification:_identify(src/franka_analytical_ik) by extension 'python'
[0.170s] Level 1:colcon.colcon_core.package_identification:_identify(src/franka_analytical_ik) by extensions ['python_setup_py']
[0.170s] Level 1:colcon.colcon_core.package_identification:_identify(src/franka_analytical_ik) by extension 'python_setup_py'
[0.366s] DEBUG:colcon.colcon_core.package_identification:Package 'src/franka_analytical_ik' with type 'python' and name 'franka_ik_py'
[0.367s] Level 1:colcon.colcon_core.package_identification:_identify(src/franka_bringup) by extensions ['ignore', 'ignore_ament_install']
[0.367s] Level 1:colcon.colcon_core.package_identification:_identify(src/franka_bringup) by extension 'ignore'
[0.367s] Level 1:colcon.colcon_core.package_identification:_identify(src/franka_bringup) by extension 'ignore_ament_install'
[0.367s] Level 1:colcon.colcon_core.package_identification:_identify(src/franka_bringup) by extensions ['colcon_pkg']
[0.367s] Level 1:colcon.colcon_core.package_identification:_identify(src/franka_bringup) by extension 'colcon_pkg'
[0.367s] Level 1:colcon.colcon_core.package_identification:_identify(src/franka_bringup) by extensions ['colcon_meta']
[0.367s] Level 1:colcon.colcon_core.package_identification:_identify(src/franka_bringup) by extension 'colcon_meta'
[0.367s] Level 1:colcon.colcon_core.package_identification:_identify(src/franka_bringup) by extensions ['ros']
[0.367s] Level 1:colcon.colcon_core.package_identification:_identify(src/franka_bringup) by extension 'ros'
[0.368s] DEBUG:colcon.colcon_core.package_identification:Package 'src/franka_bringup' with type 'ros.ament_cmake' and name 'franka_bringup'
[0.369s] Level 1:colcon.colcon_core.package_identification:_identify(src/franka_description) by extensions ['ignore', 'ignore_ament_install']
[0.369s] Level 1:colcon.colcon_core.package_identification:_identify(src/franka_description) by extension 'ignore'
[0.369s] Level 1:colcon.colcon_core.package_identification:_identify(src/franka_description) by extension 'ignore_ament_install'
[0.369s] Level 1:colcon.colcon_core.package_identification:_identify(src/franka_description) by extensions ['colcon_pkg']
[0.369s] Level 1:colcon.colcon_core.package_identification:_identify(src/franka_description) by extension 'colcon_pkg'
[0.369s] Level 1:colcon.colcon_core.package_identification:_identify(src/franka_description) by extensions ['colcon_meta']
[0.369s] Level 1:colcon.colcon_core.package_identification:_identify(src/franka_description) by extension 'colcon_meta'
[0.369s] Level 1:colcon.colcon_core.package_identification:_identify(src/franka_description) by extensions ['ros']
[0.369s] Level 1:colcon.colcon_core.package_identification:_identify(src/franka_description) by extension 'ros'
[0.370s] DEBUG:colcon.colcon_core.package_identification:Package 'src/franka_description' with type 'ros.ament_cmake' and name 'franka_description'
[0.370s] Level 1:colcon.colcon_core.package_identification:_identify(src/franka_example_controllers) by extensions ['ignore', 'ignore_ament_install']
[0.370s] Level 1:colcon.colcon_core.package_identification:_identify(src/franka_example_controllers) by extension 'ignore'
[0.370s] Level 1:colcon.colcon_core.package_identification:_identify(src/franka_example_controllers) by extension 'ignore_ament_install'
[0.370s] Level 1:colcon.colcon_core.package_identification:_identify(src/franka_example_controllers) by extensions ['colcon_pkg']
[0.370s] Level 1:colcon.colcon_core.package_identification:_identify(src/franka_example_controllers) by extension 'colcon_pkg'
[0.370s] Level 1:colcon.colcon_core.package_identification:_identify(src/franka_example_controllers) by extensions ['colcon_meta']
[0.371s] Level 1:colcon.colcon_core.package_identification:_identify(src/franka_example_controllers) by extension 'colcon_meta'
[0.371s] Level 1:colcon.colcon_core.package_identification:_identify(src/franka_example_controllers) by extensions ['ros']
[0.371s] Level 1:colcon.colcon_core.package_identification:_identify(src/franka_example_controllers) by extension 'ros'
[0.372s] DEBUG:colcon.colcon_core.package_identification:Package 'src/franka_example_controllers' with type 'ros.ament_cmake' and name 'franka_example_controllers'
[0.372s] Level 1:colcon.colcon_core.package_identification:_identify(src/franka_hardware) by extensions ['ignore', 'ignore_ament_install']
[0.372s] Level 1:colcon.colcon_core.package_identification:_identify(src/franka_hardware) by extension 'ignore'
[0.372s] Level 1:colcon.colcon_core.package_identification:_identify(src/franka_hardware) by extension 'ignore_ament_install'
[0.372s] Level 1:colcon.colcon_core.package_identification:_identify(src/franka_hardware) by extensions ['colcon_pkg']
[0.372s] Level 1:colcon.colcon_core.package_identification:_identify(src/franka_hardware) by extension 'colcon_pkg'
[0.372s] Level 1:colcon.colcon_core.package_identification:_identify(src/franka_hardware) by extensions ['colcon_meta']
[0.372s] Level 1:colcon.colcon_core.package_identification:_identify(src/franka_hardware) by extension 'colcon_meta'
[0.373s] Level 1:colcon.colcon_core.package_identification:_identify(src/franka_hardware) by extensions ['ros']
[0.373s] Level 1:colcon.colcon_core.package_identification:_identify(src/franka_hardware) by extension 'ros'
[0.374s] DEBUG:colcon.colcon_core.package_identification:Package 'src/franka_hardware' with type 'ros.ament_cmake' and name 'franka_hardware'
[0.374s] Level 1:colcon.colcon_core.package_identification:_identify(src/franka_msgs) by extensions ['ignore', 'ignore_ament_install']
[0.374s] Level 1:colcon.colcon_core.package_identification:_identify(src/franka_msgs) by extension 'ignore'
[0.374s] Level 1:colcon.colcon_core.package_identification:_identify(src/franka_msgs) by extension 'ignore_ament_install'
[0.374s] Level 1:colcon.colcon_core.package_identification:_identify(src/franka_msgs) by extensions ['colcon_pkg']
[0.374s] Level 1:colcon.colcon_core.package_identification:_identify(src/franka_msgs) by extension 'colcon_pkg'
[0.374s] Level 1:colcon.colcon_core.package_identification:_identify(src/franka_msgs) by extensions ['colcon_meta']
[0.374s] Level 1:colcon.colcon_core.package_identification:_identify(src/franka_msgs) by extension 'colcon_meta'
[0.374s] Level 1:colcon.colcon_core.package_identification:_identify(src/franka_msgs) by extensions ['ros']
[0.374s] Level 1:colcon.colcon_core.package_identification:_identify(src/franka_msgs) by extension 'ros'
[0.376s] DEBUG:colcon.colcon_core.package_identification:Package 'src/franka_msgs' with type 'ros.ament_cmake' and name 'franka_msgs'
[0.376s] Level 1:colcon.colcon_core.package_identification:_identify(src/franka_robot_state_broadcaster) by extensions ['ignore', 'ignore_ament_install']
[0.376s] Level 1:colcon.colcon_core.package_identification:_identify(src/franka_robot_state_broadcaster) by extension 'ignore'
[0.376s] Level 1:colcon.colcon_core.package_identification:_identify(src/franka_robot_state_broadcaster) by extension 'ignore_ament_install'
[0.376s] Level 1:colcon.colcon_core.package_identification:_identify(src/franka_robot_state_broadcaster) by extensions ['colcon_pkg']
[0.376s] Level 1:colcon.colcon_core.package_identification:_identify(src/franka_robot_state_broadcaster) by extension 'colcon_pkg'
[0.376s] Level 1:colcon.colcon_core.package_identification:_identify(src/franka_robot_state_broadcaster) by extensions ['colcon_meta']
[0.376s] Level 1:colcon.colcon_core.package_identification:_identify(src/franka_robot_state_broadcaster) by extension 'colcon_meta'
[0.376s] Level 1:colcon.colcon_core.package_identification:_identify(src/franka_robot_state_broadcaster) by extensions ['ros']
[0.376s] Level 1:colcon.colcon_core.package_identification:_identify(src/franka_robot_state_broadcaster) by extension 'ros'
[0.378s] DEBUG:colcon.colcon_core.package_identification:Package 'src/franka_robot_state_broadcaster' with type 'ros.ament_cmake' and name 'franka_robot_state_broadcaster'
[0.378s] Level 1:colcon.colcon_core.package_identification:_identify(src/franka_semantic_components) by extensions ['ignore', 'ignore_ament_install']
[0.378s] Level 1:colcon.colcon_core.package_identification:_identify(src/franka_semantic_components) by extension 'ignore'
[0.378s] Level 1:colcon.colcon_core.package_identification:_identify(src/franka_semantic_components) by extension 'ignore_ament_install'
[0.378s] Level 1:colcon.colcon_core.package_identification:_identify(src/franka_semantic_components) by extensions ['colcon_pkg']
[0.378s] Level 1:colcon.colcon_core.package_identification:_identify(src/franka_semantic_components) by extension 'colcon_pkg'
[0.378s] Level 1:colcon.colcon_core.package_identification:_identify(src/franka_semantic_components) by extensions ['colcon_meta']
[0.378s] Level 1:colcon.colcon_core.package_identification:_identify(src/franka_semantic_components) by extension 'colcon_meta'
[0.378s] Level 1:colcon.colcon_core.package_identification:_identify(src/franka_semantic_components) by extensions ['ros']
[0.378s] Level 1:colcon.colcon_core.package_identification:_identify(src/franka_semantic_components) by extension 'ros'
[0.379s] DEBUG:colcon.colcon_core.package_identification:Package 'src/franka_semantic_components' with type 'ros.ament_cmake' and name 'franka_semantic_components'
[0.380s] Level 1:colcon.colcon_core.package_identification:_identify(src/mujoco_ros_pkgs) by extensions ['ignore', 'ignore_ament_install']
[0.380s] Level 1:colcon.colcon_core.package_identification:_identify(src/mujoco_ros_pkgs) by extension 'ignore'
[0.380s] Level 1:colcon.colcon_core.package_identification:_identify(src/mujoco_ros_pkgs) by extension 'ignore_ament_install'
[0.380s] Level 1:colcon.colcon_core.package_identification:_identify(src/mujoco_ros_pkgs) by extensions ['colcon_pkg']
[0.380s] Level 1:colcon.colcon_core.package_identification:_identify(src/mujoco_ros_pkgs) by extension 'colcon_pkg'
[0.380s] Level 1:colcon.colcon_core.package_identification:_identify(src/mujoco_ros_pkgs) by extensions ['colcon_meta']
[0.380s] Level 1:colcon.colcon_core.package_identification:_identify(src/mujoco_ros_pkgs) by extension 'colcon_meta'
[0.380s] Level 1:colcon.colcon_core.package_identification:_identify(src/mujoco_ros_pkgs) by extensions ['ros']
[0.380s] Level 1:colcon.colcon_core.package_identification:_identify(src/mujoco_ros_pkgs) by extension 'ros'
[0.380s] Level 1:colcon.colcon_core.package_identification:_identify(src/mujoco_ros_pkgs) by extensions ['cmake', 'python']
[0.380s] Level 1:colcon.colcon_core.package_identification:_identify(src/mujoco_ros_pkgs) by extension 'cmake'
[0.380s] Level 1:colcon.colcon_core.package_identification:_identify(src/mujoco_ros_pkgs) by extension 'python'
[0.380s] Level 1:colcon.colcon_core.package_identification:_identify(src/mujoco_ros_pkgs) by extensions ['python_setup_py']
[0.380s] Level 1:colcon.colcon_core.package_identification:_identify(src/mujoco_ros_pkgs) by extension 'python_setup_py'
[0.381s] Level 1:colcon.colcon_core.package_identification:_identify(src/mujoco_ros_pkgs/mujoco_ros) by extensions ['ignore', 'ignore_ament_install']
[0.381s] Level 1:colcon.colcon_core.package_identification:_identify(src/mujoco_ros_pkgs/mujoco_ros) by extension 'ignore'
[0.381s] Level 1:colcon.colcon_core.package_identification:_identify(src/mujoco_ros_pkgs/mujoco_ros) by extension 'ignore_ament_install'
[0.381s] Level 1:colcon.colcon_core.package_identification:_identify(src/mujoco_ros_pkgs/mujoco_ros) by extensions ['colcon_pkg']
[0.381s] Level 1:colcon.colcon_core.package_identification:_identify(src/mujoco_ros_pkgs/mujoco_ros) by extension 'colcon_pkg'
[0.381s] Level 1:colcon.colcon_core.package_identification:_identify(src/mujoco_ros_pkgs/mujoco_ros) by extensions ['colcon_meta']
[0.381s] Level 1:colcon.colcon_core.package_identification:_identify(src/mujoco_ros_pkgs/mujoco_ros) by extension 'colcon_meta'
[0.381s] Level 1:colcon.colcon_core.package_identification:_identify(src/mujoco_ros_pkgs/mujoco_ros) by extensions ['ros']
[0.381s] Level 1:colcon.colcon_core.package_identification:_identify(src/mujoco_ros_pkgs/mujoco_ros) by extension 'ros'
[0.388s] DEBUG:colcon.colcon_core.package_identification:Package 'src/mujoco_ros_pkgs/mujoco_ros' with type 'ros.ament_cmake' and name 'mujoco_ros'
[0.388s] Level 1:colcon.colcon_core.package_identification:_identify(src/mujoco_ros_pkgs/mujoco_ros2_control) by extensions ['ignore', 'ignore_ament_install']
[0.388s] Level 1:colcon.colcon_core.package_identification:_identify(src/mujoco_ros_pkgs/mujoco_ros2_control) by extension 'ignore'
[0.388s] Level 1:colcon.colcon_core.package_identification:_identify(src/mujoco_ros_pkgs/mujoco_ros2_control) by extension 'ignore_ament_install'
[0.389s] Level 1:colcon.colcon_core.package_identification:_identify(src/mujoco_ros_pkgs/mujoco_ros2_control) by extensions ['colcon_pkg']
[0.389s] Level 1:colcon.colcon_core.package_identification:_identify(src/mujoco_ros_pkgs/mujoco_ros2_control) by extension 'colcon_pkg'
[0.389s] Level 1:colcon.colcon_core.package_identification:_identify(src/mujoco_ros_pkgs/mujoco_ros2_control) by extensions ['colcon_meta']
[0.389s] Level 1:colcon.colcon_core.package_identification:_identify(src/mujoco_ros_pkgs/mujoco_ros2_control) by extension 'colcon_meta'
[0.389s] Level 1:colcon.colcon_core.package_identification:_identify(src/mujoco_ros_pkgs/mujoco_ros2_control) by extensions ['ros']
[0.389s] Level 1:colcon.colcon_core.package_identification:_identify(src/mujoco_ros_pkgs/mujoco_ros2_control) by extension 'ros'
[0.390s] DEBUG:colcon.colcon_core.package_identification:Package 'src/mujoco_ros_pkgs/mujoco_ros2_control' with type 'ros.ament_cmake' and name 'mujoco_ros2_control'
[0.391s] Level 1:colcon.colcon_core.package_identification:_identify(src/mujoco_ros_pkgs/mujoco_ros2_control_system) by extensions ['ignore', 'ignore_ament_install']
[0.391s] Level 1:colcon.colcon_core.package_identification:_identify(src/mujoco_ros_pkgs/mujoco_ros2_control_system) by extension 'ignore'
[0.391s] Level 1:colcon.colcon_core.package_identification:_identify(src/mujoco_ros_pkgs/mujoco_ros2_control_system) by extension 'ignore_ament_install'
[0.391s] Level 1:colcon.colcon_core.package_identification:_identify(src/mujoco_ros_pkgs/mujoco_ros2_control_system) by extensions ['colcon_pkg']
[0.391s] Level 1:colcon.colcon_core.package_identification:_identify(src/mujoco_ros_pkgs/mujoco_ros2_control_system) by extension 'colcon_pkg'
[0.391s] Level 1:colcon.colcon_core.package_identification:_identify(src/mujoco_ros_pkgs/mujoco_ros2_control_system) by extensions ['colcon_meta']
[0.391s] Level 1:colcon.colcon_core.package_identification:_identify(src/mujoco_ros_pkgs/mujoco_ros2_control_system) by extension 'colcon_meta'
[0.392s] Level 1:colcon.colcon_core.package_identification:_identify(src/mujoco_ros_pkgs/mujoco_ros2_control_system) by extensions ['ros']
[0.392s] Level 1:colcon.colcon_core.package_identification:_identify(src/mujoco_ros_pkgs/mujoco_ros2_control_system) by extension 'ros'
[0.393s] DEBUG:colcon.colcon_core.package_identification:Package 'src/mujoco_ros_pkgs/mujoco_ros2_control_system' with type 'ros.ament_cmake' and name 'mujoco_ros2_control_system'
[0.393s] Level 1:colcon.colcon_core.package_identification:_identify(src/mujoco_ros_pkgs/mujoco_ros2_dummy_plugin) by extensions ['ignore', 'ignore_ament_install']
[0.393s] Level 1:colcon.colcon_core.package_identification:_identify(src/mujoco_ros_pkgs/mujoco_ros2_dummy_plugin) by extension 'ignore'
[0.393s] Level 1:colcon.colcon_core.package_identification:_identify(src/mujoco_ros_pkgs/mujoco_ros2_dummy_plugin) by extension 'ignore_ament_install'
[0.393s] Level 1:colcon.colcon_core.package_identification:_identify(src/mujoco_ros_pkgs/mujoco_ros2_dummy_plugin) by extensions ['colcon_pkg']
[0.393s] Level 1:colcon.colcon_core.package_identification:_identify(src/mujoco_ros_pkgs/mujoco_ros2_dummy_plugin) by extension 'colcon_pkg'
[0.393s] Level 1:colcon.colcon_core.package_identification:_identify(src/mujoco_ros_pkgs/mujoco_ros2_dummy_plugin) by extensions ['colcon_meta']
[0.393s] Level 1:colcon.colcon_core.package_identification:_identify(src/mujoco_ros_pkgs/mujoco_ros2_dummy_plugin) by extension 'colcon_meta'
[0.393s] Level 1:colcon.colcon_core.package_identification:_identify(src/mujoco_ros_pkgs/mujoco_ros2_dummy_plugin) by extensions ['ros']
[0.393s] Level 1:colcon.colcon_core.package_identification:_identify(src/mujoco_ros_pkgs/mujoco_ros2_dummy_plugin) by extension 'ros'
[0.394s] DEBUG:colcon.colcon_core.package_identification:Package 'src/mujoco_ros_pkgs/mujoco_ros2_dummy_plugin' with type 'ros.ament_cmake' and name 'mujoco_ros2_dummy_plugin'
[0.395s] Level 1:colcon.colcon_core.package_identification:_identify(src/mujoco_ros_pkgs/mujoco_ros2_sensors) by extensions ['ignore', 'ignore_ament_install']
[0.395s] Level 1:colcon.colcon_core.package_identification:_identify(src/mujoco_ros_pkgs/mujoco_ros2_sensors) by extension 'ignore'
[0.395s] Level 1:colcon.colcon_core.package_identification:_identify(src/mujoco_ros_pkgs/mujoco_ros2_sensors) by extension 'ignore_ament_install'
[0.395s] Level 1:colcon.colcon_core.package_identification:_identify(src/mujoco_ros_pkgs/mujoco_ros2_sensors) by extensions ['colcon_pkg']
[0.395s] Level 1:colcon.colcon_core.package_identification:_identify(src/mujoco_ros_pkgs/mujoco_ros2_sensors) by extension 'colcon_pkg'
[0.395s] Level 1:colcon.colcon_core.package_identification:_identify(src/mujoco_ros_pkgs/mujoco_ros2_sensors) by extensions ['colcon_meta']
[0.395s] Level 1:colcon.colcon_core.package_identification:_identify(src/mujoco_ros_pkgs/mujoco_ros2_sensors) by extension 'colcon_meta'
[0.395s] Level 1:colcon.colcon_core.package_identification:_identify(src/mujoco_ros_pkgs/mujoco_ros2_sensors) by extensions ['ros']
[0.395s] Level 1:colcon.colcon_core.package_identification:_identify(src/mujoco_ros_pkgs/mujoco_ros2_sensors) by extension 'ros'
[0.396s] DEBUG:colcon.colcon_core.package_identification:Package 'src/mujoco_ros_pkgs/mujoco_ros2_sensors' with type 'ros.ament_cmake' and name 'mujoco_ros2_sensors'
[0.397s] Level 1:colcon.colcon_core.package_identification:_identify(src/mujoco_ros_pkgs/mujoco_ros_control) by extensions ['ignore', 'ignore_ament_install']
[0.397s] Level 1:colcon.colcon_core.package_identification:_identify(src/mujoco_ros_pkgs/mujoco_ros_control) by extension 'ignore'
[0.397s] Level 1:colcon.colcon_core.package_identification:_identify(src/mujoco_ros_pkgs/mujoco_ros_control) ignored
[0.397s] Level 1:colcon.colcon_core.package_identification:_identify(src/mujoco_ros_pkgs/mujoco_ros_laser) by extensions ['ignore', 'ignore_ament_install']
[0.397s] Level 1:colcon.colcon_core.package_identification:_identify(src/mujoco_ros_pkgs/mujoco_ros_laser) by extension 'ignore'
[0.397s] Level 1:colcon.colcon_core.package_identification:_identify(src/mujoco_ros_pkgs/mujoco_ros_laser) ignored
[0.397s] Level 1:colcon.colcon_core.package_identification:_identify(src/mujoco_ros_pkgs/mujoco_ros_mocap_plugin) by extensions ['ignore', 'ignore_ament_install']
[0.397s] Level 1:colcon.colcon_core.package_identification:_identify(src/mujoco_ros_pkgs/mujoco_ros_mocap_plugin) by extension 'ignore'
[0.397s] Level 1:colcon.colcon_core.package_identification:_identify(src/mujoco_ros_pkgs/mujoco_ros_mocap_plugin) ignored
[0.398s] Level 1:colcon.colcon_core.package_identification:_identify(src/mujoco_ros_pkgs/mujoco_ros_msgs) by extensions ['ignore', 'ignore_ament_install']
[0.398s] Level 1:colcon.colcon_core.package_identification:_identify(src/mujoco_ros_pkgs/mujoco_ros_msgs) by extension 'ignore'
[0.398s] Level 1:colcon.colcon_core.package_identification:_identify(src/mujoco_ros_pkgs/mujoco_ros_msgs) by extension 'ignore_ament_install'
[0.398s] Level 1:colcon.colcon_core.package_identification:_identify(src/mujoco_ros_pkgs/mujoco_ros_msgs) by extensions ['colcon_pkg']
[0.398s] Level 1:colcon.colcon_core.package_identification:_identify(src/mujoco_ros_pkgs/mujoco_ros_msgs) by extension 'colcon_pkg'
[0.398s] Level 1:colcon.colcon_core.package_identification:_identify(src/mujoco_ros_pkgs/mujoco_ros_msgs) by extensions ['colcon_meta']
[0.398s] Level 1:colcon.colcon_core.package_identification:_identify(src/mujoco_ros_pkgs/mujoco_ros_msgs) by extension 'colcon_meta'
[0.398s] Level 1:colcon.colcon_core.package_identification:_identify(src/mujoco_ros_pkgs/mujoco_ros_msgs) by extensions ['ros']
[0.398s] Level 1:colcon.colcon_core.package_identification:_identify(src/mujoco_ros_pkgs/mujoco_ros_msgs) by extension 'ros'
[0.404s] DEBUG:colcon.colcon_core.package_identification:Package 'src/mujoco_ros_pkgs/mujoco_ros_msgs' with type 'ros.ament_cmake' and name 'mujoco_ros_msgs'
[0.404s] Level 1:colcon.colcon_core.package_identification:_identify(src/mujoco_ros_pkgs/mujoco_ros_pkgs) by extensions ['ignore', 'ignore_ament_install']
[0.404s] Level 1:colcon.colcon_core.package_identification:_identify(src/mujoco_ros_pkgs/mujoco_ros_pkgs) by extension 'ignore'
[0.404s] Level 1:colcon.colcon_core.package_identification:_identify(src/mujoco_ros_pkgs/mujoco_ros_pkgs) by extension 'ignore_ament_install'
[0.404s] Level 1:colcon.colcon_core.package_identification:_identify(src/mujoco_ros_pkgs/mujoco_ros_pkgs) by extensions ['colcon_pkg']
[0.404s] Level 1:colcon.colcon_core.package_identification:_identify(src/mujoco_ros_pkgs/mujoco_ros_pkgs) by extension 'colcon_pkg'
[0.404s] Level 1:colcon.colcon_core.package_identification:_identify(src/mujoco_ros_pkgs/mujoco_ros_pkgs) by extensions ['colcon_meta']
[0.404s] Level 1:colcon.colcon_core.package_identification:_identify(src/mujoco_ros_pkgs/mujoco_ros_pkgs) by extension 'colcon_meta'
[0.404s] Level 1:colcon.colcon_core.package_identification:_identify(src/mujoco_ros_pkgs/mujoco_ros_pkgs) by extensions ['ros']
[0.404s] Level 1:colcon.colcon_core.package_identification:_identify(src/mujoco_ros_pkgs/mujoco_ros_pkgs) by extension 'ros'
[0.406s] DEBUG:colcon.colcon_core.package_identification:Package 'src/mujoco_ros_pkgs/mujoco_ros_pkgs' with type 'ros.ament_cmake' and name 'mujoco_ros_pkgs'
[0.406s] Level 1:colcon.colcon_core.package_identification:_identify(src/mujoco_ros_pkgs/mujoco_ros_sensors) by extensions ['ignore', 'ignore_ament_install']
[0.407s] Level 1:colcon.colcon_core.package_identification:_identify(src/mujoco_ros_pkgs/mujoco_ros_sensors) by extension 'ignore'
[0.407s] Level 1:colcon.colcon_core.package_identification:_identify(src/mujoco_ros_pkgs/mujoco_ros_sensors) ignored
[0.407s] Level 1:colcon.colcon_core.package_identification:_identify(src/multi_mode_control_msgs) by extensions ['ignore', 'ignore_ament_install']
[0.407s] Level 1:colcon.colcon_core.package_identification:_identify(src/multi_mode_control_msgs) by extension 'ignore'
[0.407s] Level 1:colcon.colcon_core.package_identification:_identify(src/multi_mode_control_msgs) by extension 'ignore_ament_install'
[0.407s] Level 1:colcon.colcon_core.package_identification:_identify(src/multi_mode_control_msgs) by extensions ['colcon_pkg']
[0.407s] Level 1:colcon.colcon_core.package_identification:_identify(src/multi_mode_control_msgs) by extension 'colcon_pkg'
[0.407s] Level 1:colcon.colcon_core.package_identification:_identify(src/multi_mode_control_msgs) by extensions ['colcon_meta']
[0.407s] Level 1:colcon.colcon_core.package_identification:_identify(src/multi_mode_control_msgs) by extension 'colcon_meta'
[0.407s] Level 1:colcon.colcon_core.package_identification:_identify(src/multi_mode_control_msgs) by extensions ['ros']
[0.407s] Level 1:colcon.colcon_core.package_identification:_identify(src/multi_mode_control_msgs) by extension 'ros'
[0.408s] DEBUG:colcon.colcon_core.package_identification:Package 'src/multi_mode_control_msgs' with type 'ros.ament_cmake' and name 'multi_mode_control_msgs'
[0.408s] Level 1:colcon.colcon_core.package_identification:_identify(src/multi_mode_controller) by extensions ['ignore', 'ignore_ament_install']
[0.408s] Level 1:colcon.colcon_core.package_identification:_identify(src/multi_mode_controller) by extension 'ignore'
[0.408s] Level 1:colcon.colcon_core.package_identification:_identify(src/multi_mode_controller) by extension 'ignore_ament_install'
[0.408s] Level 1:colcon.colcon_core.package_identification:_identify(src/multi_mode_controller) by extensions ['colcon_pkg']
[0.408s] Level 1:colcon.colcon_core.package_identification:_identify(src/multi_mode_controller) by extension 'colcon_pkg'
[0.408s] Level 1:colcon.colcon_core.package_identification:_identify(src/multi_mode_controller) by extensions ['colcon_meta']
[0.408s] Level 1:colcon.colcon_core.package_identification:_identify(src/multi_mode_controller) by extension 'colcon_meta'
[0.408s] Level 1:colcon.colcon_core.package_identification:_identify(src/multi_mode_controller) by extensions ['ros']
[0.408s] Level 1:colcon.colcon_core.package_identification:_identify(src/multi_mode_controller) by extension 'ros'
[0.409s] DEBUG:colcon.colcon_core.package_identification:Package 'src/multi_mode_controller' with type 'ros.ament_cmake' and name 'multi_mode_controller'
[0.409s] Level 1:colcon.colcon_core.package_identification:_identify(src/multi_mode_controller_impl) by extensions ['ignore', 'ignore_ament_install']
[0.409s] Level 1:colcon.colcon_core.package_identification:_identify(src/multi_mode_controller_impl) by extension 'ignore'
[0.409s] Level 1:colcon.colcon_core.package_identification:_identify(src/multi_mode_controller_impl) by extension 'ignore_ament_install'
[0.409s] Level 1:colcon.colcon_core.package_identification:_identify(src/multi_mode_controller_impl) by extensions ['colcon_pkg']
[0.409s] Level 1:colcon.colcon_core.package_identification:_identify(src/multi_mode_controller_impl) by extension 'colcon_pkg'
[0.409s] Level 1:colcon.colcon_core.package_identification:_identify(src/multi_mode_controller_impl) by extensions ['colcon_meta']
[0.409s] Level 1:colcon.colcon_core.package_identification:_identify(src/multi_mode_controller_impl) by extension 'colcon_meta'
[0.409s] Level 1:colcon.colcon_core.package_identification:_identify(src/multi_mode_controller_impl) by extensions ['ros']
[0.409s] Level 1:colcon.colcon_core.package_identification:_identify(src/multi_mode_controller_impl) by extension 'ros'
[0.410s] DEBUG:colcon.colcon_core.package_identification:Package 'src/multi_mode_controller_impl' with type 'ros.ament_cmake' and name 'multi_mode_controller_impl'
[0.410s] Level 1:colcon.colcon_core.package_identification:_identify(src/panda_motion_generator_msgs) by extensions ['ignore', 'ignore_ament_install']
[0.410s] Level 1:colcon.colcon_core.package_identification:_identify(src/panda_motion_generator_msgs) by extension 'ignore'
[0.410s] Level 1:colcon.colcon_core.package_identification:_identify(src/panda_motion_generator_msgs) by extension 'ignore_ament_install'
[0.410s] Level 1:colcon.colcon_core.package_identification:_identify(src/panda_motion_generator_msgs) by extensions ['colcon_pkg']
[0.410s] Level 1:colcon.colcon_core.package_identification:_identify(src/panda_motion_generator_msgs) by extension 'colcon_pkg'
[0.410s] Level 1:colcon.colcon_core.package_identification:_identify(src/panda_motion_generator_msgs) by extensions ['colcon_meta']
[0.410s] Level 1:colcon.colcon_core.package_identification:_identify(src/panda_motion_generator_msgs) by extension 'colcon_meta'
[0.410s] Level 1:colcon.colcon_core.package_identification:_identify(src/panda_motion_generator_msgs) by extensions ['ros']
[0.410s] Level 1:colcon.colcon_core.package_identification:_identify(src/panda_motion_generator_msgs) by extension 'ros'
[0.410s] DEBUG:colcon.colcon_core.package_identification:Package 'src/panda_motion_generator_msgs' with type 'ros.ament_cmake' and name 'panda_motion_generator_msgs'
[0.411s] Level 1:colcon.colcon_core.package_identification:_identify(src/panda_motion_generators) by extensions ['ignore', 'ignore_ament_install']
[0.411s] Level 1:colcon.colcon_core.package_identification:_identify(src/panda_motion_generators) by extension 'ignore'
[0.411s] Level 1:colcon.colcon_core.package_identification:_identify(src/panda_motion_generators) by extension 'ignore_ament_install'
[0.411s] Level 1:colcon.colcon_core.package_identification:_identify(src/panda_motion_generators) by extensions ['colcon_pkg']
[0.411s] Level 1:colcon.colcon_core.package_identification:_identify(src/panda_motion_generators) by extension 'colcon_pkg'
[0.411s] Level 1:colcon.colcon_core.package_identification:_identify(src/panda_motion_generators) by extensions ['colcon_meta']
[0.411s] Level 1:colcon.colcon_core.package_identification:_identify(src/panda_motion_generators) by extension 'colcon_meta'
[0.411s] Level 1:colcon.colcon_core.package_identification:_identify(src/panda_motion_generators) by extensions ['ros']
[0.411s] Level 1:colcon.colcon_core.package_identification:_identify(src/panda_motion_generators) by extension 'ros'
[0.411s] DEBUG:colcon.colcon_core.package_identification:Package 'src/panda_motion_generators' with type 'ros.ament_cmake' and name 'panda_motion_generators'
[0.412s] Level 1:colcon.colcon_core.package_discovery:discover_packages(recursive) using defaults
[0.412s] Level 1:colcon.colcon_core.package_discovery:discover_packages(ignore) discover
[0.412s] Level 1:colcon.colcon_core.package_discovery:discover_packages(ignore) using defaults
[0.412s] Level 1:colcon.colcon_core.package_discovery:discover_packages(path) discover
[0.412s] Level 1:colcon.colcon_core.package_discovery:discover_packages(path) using defaults
[0.412s] WARNING:colcon.colcon_core.package_selection:ignoring unknown package 'franka_analytical_ik' in --packages-select
[0.440s] INFO:colcon.colcon_core.package_selection:Skipping not selected package 'controller' in 'src/controller'
[0.440s] INFO:colcon.colcon_core.package_selection:Skipping not selected package 'franka_description' in 'src/franka_description'
[0.440s] INFO:colcon.colcon_core.package_selection:Skipping not selected package 'franka_ik_py' in 'src/franka_analytical_ik'
[0.440s] INFO:colcon.colcon_core.package_selection:Skipping not selected package 'franka_msgs' in 'src/franka_msgs'
[0.440s] INFO:colcon.colcon_core.package_selection:Skipping not selected package 'mujoco_ros_msgs' in 'src/mujoco_ros_pkgs/mujoco_ros_msgs'
[0.440s] INFO:colcon.colcon_core.package_selection:Skipping not selected package 'panda_motion_generator_msgs' in 'src/panda_motion_generator_msgs'
[0.440s] INFO:colcon.colcon_core.package_selection:Skipping not selected package 'mujoco_ros' in 'src/mujoco_ros_pkgs/mujoco_ros'
[0.440s] INFO:colcon.colcon_core.package_selection:Skipping not selected package 'multi_mode_control_msgs' in 'src/multi_mode_control_msgs'
[0.440s] INFO:colcon.colcon_core.package_selection:Skipping not selected package 'mujoco_ros2_control' in 'src/mujoco_ros_pkgs/mujoco_ros2_control'
[0.440s] INFO:colcon.colcon_core.package_selection:Skipping not selected package 'mujoco_ros2_dummy_plugin' in 'src/mujoco_ros_pkgs/mujoco_ros2_dummy_plugin'
[0.440s] INFO:colcon.colcon_core.package_selection:Skipping not selected package 'mujoco_ros2_sensors' in 'src/mujoco_ros_pkgs/mujoco_ros2_sensors'
[0.440s] INFO:colcon.colcon_core.package_selection:Skipping not selected package 'mujoco_ros_pkgs' in 'src/mujoco_ros_pkgs/mujoco_ros_pkgs'
[0.440s] INFO:colcon.colcon_core.package_selection:Skipping not selected package 'franka_hardware' in 'src/franka_hardware'
[0.440s] INFO:colcon.colcon_core.package_selection:Skipping not selected package 'mujoco_ros2_control_system' in 'src/mujoco_ros_pkgs/mujoco_ros2_control_system'
[0.440s] INFO:colcon.colcon_core.package_selection:Skipping not selected package 'franka_semantic_components' in 'src/franka_semantic_components'
[0.440s] INFO:colcon.colcon_core.package_selection:Skipping not selected package 'franka_example_controllers' in 'src/franka_example_controllers'
[0.440s] INFO:colcon.colcon_core.package_selection:Skipping not selected package 'franka_robot_state_broadcaster' in 'src/franka_robot_state_broadcaster'
[0.440s] INFO:colcon.colcon_core.package_selection:Skipping not selected package 'multi_mode_controller' in 'src/multi_mode_controller'
[0.440s] INFO:colcon.colcon_core.package_selection:Skipping not selected package 'multi_mode_controller_impl' in 'src/multi_mode_controller_impl'
[0.440s] INFO:colcon.colcon_core.package_selection:Skipping not selected package 'panda_motion_generators' in 'src/panda_motion_generators'
[0.440s] INFO:colcon.colcon_core.package_selection:Skipping not selected package 'franka_bringup' in 'src/franka_bringup'
[0.440s] Level 1:colcon.colcon_core.package_discovery:discover_packages(prefix_path) check parameters
[0.441s] Level 1:colcon.colcon_core.package_discovery:discover_packages(prefix_path) discover
[0.443s] DEBUG:colcon.colcon_installed_package_information.package_discovery:Found 347 installed packages in /opt/ros/jazzy
[0.444s] Level 1:colcon.colcon_core.package_discovery:discover_packages(prefix_path) using defaults
[0.504s] INFO:colcon.colcon_core.executor:Executing jobs using 'parallel' executor
[0.506s] DEBUG:colcon.colcon_parallel_executor.executor.parallel:run_until_complete
[0.506s] DEBUG:colcon.colcon_parallel_executor.executor.parallel:closing loop
[0.507s] DEBUG:colcon.colcon_parallel_executor.executor.parallel:loop closed
[0.507s] DEBUG:colcon.colcon_parallel_executor.executor.parallel:run_until_complete finished with '0'
[0.507s] DEBUG:colcon.colcon_core.event_reactor:joining thread
[0.517s] INFO:colcon.colcon_core.plugin_system:Skipping extension 'colcon_notification.desktop_notification.terminal_notifier': Not used on non-Darwin systems
[0.517s] INFO:colcon.colcon_core.plugin_system:Skipping extension 'colcon_notification.desktop_notification.win32': Not used on non-Windows systems
[0.517s] INFO:colcon.colcon_notification.desktop_notification:Sending desktop notification using 'notify2'
[0.542s] DEBUG:colcon.colcon_core.event_reactor:joined thread
[0.544s] INFO:colcon.colcon_core.plugin_system:Skipping extension 'colcon_core.shell.bat': Not used on non-Windows systems
[0.544s] INFO:colcon.colcon_core.shell:Creating prefix script '/home/herring/rzddzy/ros2_ws/install/local_setup.ps1'
[0.545s] INFO:colcon.colcon_core.shell:Creating prefix util module '/home/herring/rzddzy/ros2_ws/install/_local_setup_util_ps1.py'
[0.547s] INFO:colcon.colcon_core.shell:Creating prefix chain script '/home/herring/rzddzy/ros2_ws/install/setup.ps1'
[0.547s] INFO:colcon.colcon_core.shell:Creating prefix script '/home/herring/rzddzy/ros2_ws/install/local_setup.sh'
[0.548s] INFO:colcon.colcon_core.shell:Creating prefix util module '/home/herring/rzddzy/ros2_ws/install/_local_setup_util_sh.py'
[0.548s] INFO:colcon.colcon_core.shell:Creating prefix chain script '/home/herring/rzddzy/ros2_ws/install/setup.sh'
[0.549s] INFO:colcon.colcon_core.shell:Creating prefix script '/home/herring/rzddzy/ros2_ws/install/local_setup.bash'
[0.550s] INFO:colcon.colcon_core.shell:Creating prefix chain script '/home/herring/rzddzy/ros2_ws/install/setup.bash'
[0.551s] INFO:colcon.colcon_core.shell:Creating prefix script '/home/herring/rzddzy/ros2_ws/install/local_setup.zsh'
[0.551s] INFO:colcon.colcon_core.shell:Creating prefix chain script '/home/herring/rzddzy/ros2_ws/install/setup.zsh'
