[0.012s] Invoking command in '/home/herring/rzddzy/ros2_ws/build/mujoco_ros': CMAKE_PREFIX_PATH=/home/herring/rzddzy/ros2_ws/install/mujoco_ros_msgs:/home/herring/rzddzy/ros2_ws/install/panda_motion_generators:/home/herring/rzddzy/ros2_ws/install/panda_motion_generator_msgs:/home/herring/rzddzy/ros2_ws/install/franka_bringup:/home/herring/rzddzy/ros2_ws/install/multi_mode_controller_impl:/home/herring/rzddzy/ros2_ws/install/multi_mode_controller:/home/herring/rzddzy/ros2_ws/install/franka_example_controllers:/home/herring/rzddzy/ros2_ws/install/multi_mode_control_msgs:/home/herring/rzddzy/ros2_ws/install/mujoco_ros_pkgs:/home/herring/rzddzy/ros2_ws/install/mujoco_ros2_sensors:/home/herring/rzddzy/ros2_ws/install/mujoco_ros2_dummy_plugin:/home/herring/rzddzy/ros2_ws/install/mujoco_ros2_control_system:/home/herring/rzddzy/ros2_ws/install/franka_robot_state_broadcaster:/home/herring/rzddzy/ros2_ws/install/franka_semantic_components:/home/herring/rzddzy/ros2_ws/install/franka_hardware:/home/herring/rzddzy/ros2_ws/install/mujoco_ros2_control:/home/herring/rzddzy/ros2_ws/install/mujoco_ros:/home/herring/rzddzy/ros2_ws/install/franka_msgs:/home/herring/rzddzy/ros2_ws/install/franka_description:/home/herring/rzddzy/ros2_ws/install/controller:/home/herring/rzddzy/ros2_ws/install/cplus_dev:/opt/ros/jazzy/opt/sdformat_vendor:/opt/ros/jazzy/opt/gz_math_vendor:/opt/ros/jazzy/opt/gz_utils_vendor:/opt/ros/jazzy/opt/gz_tools_vendor:/opt/ros/jazzy/opt/gz_cmake_vendor:/opt/ros/jazzy DEBUGINFOD_URLS=https://debuginfod.ubuntu.com LD_LIBRARY_PATH=/home/herring/rzddzy/ros2_ws/install/mujoco_ros_msgs/lib:/home/herring/rzddzy/ros2_ws/install/panda_motion_generators/lib:/home/herring/rzddzy/ros2_ws/install/panda_motion_generator_msgs/lib:/home/herring/rzddzy/ros2_ws/install/multi_mode_controller_impl/lib:/home/herring/rzddzy/ros2_ws/install/multi_mode_controller/lib:/home/herring/rzddzy/ros2_ws/install/franka_example_controllers/lib:/home/herring/rzddzy/ros2_ws/install/multi_mode_control_msgs/lib:/home/herring/rzddzy/ros2_ws/install/mujoco_ros2_sensors/lib:/home/herring/rzddzy/ros2_ws/install/mujoco_ros2_dummy_plugin/lib:/home/herring/rzddzy/ros2_ws/install/mujoco_ros2_control_system/lib:/home/herring/rzddzy/ros2_ws/install/franka_robot_state_broadcaster/lib:/home/herring/rzddzy/ros2_ws/install/franka_semantic_components/lib:/home/herring/rzddzy/ros2_ws/install/franka_hardware/lib:/home/herring/rzddzy/ros2_ws/install/mujoco_ros2_control/lib:/home/herring/rzddzy/ros2_ws/install/mujoco_ros/lib:/home/herring/rzddzy/ros2_ws/install/franka_msgs/lib:/home/herring/rzddzy/ros2_ws/install/cplus_dev/lib:/opt/ros/jazzy/opt/sdformat_vendor/lib:/opt/ros/jazzy/opt/rviz_ogre_vendor/lib:/opt/ros/jazzy/lib/x86_64-linux-gnu:/opt/ros/jazzy/opt/gz_math_vendor/lib:/opt/ros/jazzy/opt/gz_utils_vendor/lib:/opt/ros/jazzy/opt/gz_tools_vendor/lib:/opt/ros/jazzy/opt/gz_cmake_vendor/lib:/opt/ros/jazzy/lib PYTHONPATH=/home/herring/rzddzy/ros2_ws/install/mujoco_ros_msgs/lib/python3.12/site-packages:/home/herring/rzddzy/ros2_ws/install/panda_motion_generator_msgs/lib/python3.12/site-packages:/home/herring/rzddzy/ros2_ws/install/multi_mode_control_msgs/lib/python3.12/site-packages:/home/herring/rzddzy/ros2_ws/install/franka_msgs/lib/python3.12/site-packages:/opt/ros/jazzy/lib/python3.12/site-packages /usr/bin/cmake /home/herring/rzddzy/ros2_ws/src/mujoco_ros_pkgs/mujoco_ros -DMUJOCO_DIR=/home/herring/.mujoco/mujoco-3.2.0 -DAMENT_CMAKE_SYMLINK_INSTALL=1 -DCMAKE_INSTALL_PREFIX=/home/herring/rzddzy/ros2_ws/install/mujoco_ros
[0.024s] -- CMAKE_BUILD_TYPE not set. Defaulting to 'Release'.
[0.026s] -- Found ament_cmake: 2.5.5 (/opt/ros/jazzy/share/ament_cmake/cmake)
[0.214s] -- Override CMake install command with custom implementation using symlinks instead of copying resources
[0.219s] -- Found rclcpp: 28.1.16 (/opt/ros/jazzy/share/rclcpp/cmake)
[0.243s] -- Found rosidl_generator_c: 4.6.7 (/opt/ros/jazzy/share/rosidl_generator_c/cmake)
[0.250s] -- Found rosidl_generator_cpp: 4.6.7 (/opt/ros/jazzy/share/rosidl_generator_cpp/cmake)
[0.259s] -- Using all available rosidl_typesupport_c: rosidl_typesupport_fastrtps_c;rosidl_typesupport_introspection_c
[0.269s] -- Using all available rosidl_typesupport_cpp: rosidl_typesupport_fastrtps_cpp;rosidl_typesupport_introspection_cpp
[0.314s] -- Found rmw_implementation_cmake: 7.3.3 (/opt/ros/jazzy/share/rmw_implementation_cmake/cmake)
[0.316s] -- Found rmw_fastrtps_cpp: 8.4.3 (/opt/ros/jazzy/share/rmw_fastrtps_cpp/cmake)
[0.377s] -- Using RMW implementation 'rmw_fastrtps_cpp' as default
[0.425s] -- Found rclcpp_lifecycle: 28.1.16 (/opt/ros/jazzy/share/rclcpp_lifecycle/cmake)
[0.446s] -- Found pluginlib: 5.4.4 (/opt/ros/jazzy/share/pluginlib/cmake)
[0.454s] -- Found tf2: 0.36.19 (/opt/ros/jazzy/share/tf2/cmake)
[0.479s] -- Found tf2_ros: 0.36.19 (/opt/ros/jazzy/share/tf2_ros/cmake)
[0.558s] -- Found image_transport: 5.1.7 (/opt/ros/jazzy/share/image_transport/cmake)
[0.579s] -- Found camera_info_manager: 5.1.7 (/opt/ros/jazzy/share/camera_info_manager/cmake)
[0.582s] -- Setting yaml-cpp_DIR to: '/opt/ros/jazzy/share/yaml_cpp_vendor/cmake/../../../opt/yaml_cpp_vendor/share/cmake/yaml-cpp'
[0.588s] -- Found tf2_geometry_msgs: 0.36.19 (/opt/ros/jazzy/share/tf2_geometry_msgs/cmake)
[0.590s] -- Found eigen3_cmake_module: 0.3.0 (/opt/ros/jazzy/share/eigen3_cmake_module/cmake)
[0.591s] -- Ensuring Eigen3 include directory is part of orocos-kdl CMake target
[0.593s] -- Found mujoco_ros_msgs: 0.9.0 (/home/herring/rzddzy/ros2_ws/install/mujoco_ros_msgs/share/mujoco_ros_msgs/cmake)
[0.595s] [0mCMake Deprecation Warning at /opt/ros/jazzy/share/actionlib_msgs/cmake/actionlib_msgsConfig.cmake:31 (message):
[0.595s]   Package 'actionlib_msgs' is deprecated (This package will be removed in a
[0.595s]   future ROS distro, once the ROS 1 bridge supports actions.)
[0.595s] Call Stack (most recent call first):
[0.595s]   /home/herring/rzddzy/ros2_ws/install/mujoco_ros_msgs/share/mujoco_ros_msgs/cmake/ament_cmake_export_dependencies-extras.cmake:21 (find_package)
[0.595s]   /home/herring/rzddzy/ros2_ws/install/mujoco_ros_msgs/share/mujoco_ros_msgs/cmake/mujoco_ros_msgsConfig.cmake:41 (include)
[0.595s]   CMakeLists.txt:62 (find_package)
[0.595s] 
[0.595s] [0m
[0.643s] -- Found std_srvs: 5.3.6 (/opt/ros/jazzy/share/std_srvs/cmake)
[0.662s] [33mCMake Warning at cmake/CompilerCache.cmake:33 (message):
[0.662s]   ccache is enabled but was not found.  Not using it
[0.662s] Call Stack (most recent call first):
[0.662s]   cmake/CompilerCache.cmake:44 (_configure_ccache)
[0.662s]   cmake/CompilerCache.cmake:44 (cmake_language)
[0.662s]   cmake/ProjectOption.cmake:61 (configure_compiler_cache)
[0.662s]   CMakeLists.txt:70 (configure_project_option)
[0.663s] 
[0.663s] [0m
[0.663s] -- Can't identify catkin workspace root directory, neither did user provide one, using default config
[0.663s] -- Looking for MuJoCo tar install ...
[0.666s] [0mMuJoCo tar install found, but version can not be detected. If experiencing errors check that version 3.2.0 or a newer, compatible version is installed[0m
[0.669s] -- GLFW3 found. GUI and offscreen rendering available.
[0.669s] -- configured RENDERING_BACKEND: GLFW
[0.679s] [33mCMake Warning at /opt/ros/jazzy/share/ament_cmake_export_include_directories/cmake/ament_export_include_directories.cmake:44 (message):
[0.679s]   ament_export_include_directories() package 'mujoco_ros' exports the include
[0.679s]   directory '/home/herring/rzddzy/ros2_ws/build/mujoco_ros/include' which
[0.679s]   doesn't exist
[0.679s] Call Stack (most recent call first):
[0.679s]   CMakeLists.txt:260 (ament_export_include_directories)
[0.679s] 
[0.679s] [0m
[0.757s] -- Configuring done (0.7s)
[0.780s] -- Generating done (0.0s)
[0.785s] -- Build files have been written to: /home/herring/rzddzy/ros2_ws/build/mujoco_ros
[0.793s] Invoked command in '/home/herring/rzddzy/ros2_ws/build/mujoco_ros' returned '0': CMAKE_PREFIX_PATH=/home/herring/rzddzy/ros2_ws/install/mujoco_ros_msgs:/home/herring/rzddzy/ros2_ws/install/panda_motion_generators:/home/herring/rzddzy/ros2_ws/install/panda_motion_generator_msgs:/home/herring/rzddzy/ros2_ws/install/franka_bringup:/home/herring/rzddzy/ros2_ws/install/multi_mode_controller_impl:/home/herring/rzddzy/ros2_ws/install/multi_mode_controller:/home/herring/rzddzy/ros2_ws/install/franka_example_controllers:/home/herring/rzddzy/ros2_ws/install/multi_mode_control_msgs:/home/herring/rzddzy/ros2_ws/install/mujoco_ros_pkgs:/home/herring/rzddzy/ros2_ws/install/mujoco_ros2_sensors:/home/herring/rzddzy/ros2_ws/install/mujoco_ros2_dummy_plugin:/home/herring/rzddzy/ros2_ws/install/mujoco_ros2_control_system:/home/herring/rzddzy/ros2_ws/install/franka_robot_state_broadcaster:/home/herring/rzddzy/ros2_ws/install/franka_semantic_components:/home/herring/rzddzy/ros2_ws/install/franka_hardware:/home/herring/rzddzy/ros2_ws/install/mujoco_ros2_control:/home/herring/rzddzy/ros2_ws/install/mujoco_ros:/home/herring/rzddzy/ros2_ws/install/franka_msgs:/home/herring/rzddzy/ros2_ws/install/franka_description:/home/herring/rzddzy/ros2_ws/install/controller:/home/herring/rzddzy/ros2_ws/install/cplus_dev:/opt/ros/jazzy/opt/sdformat_vendor:/opt/ros/jazzy/opt/gz_math_vendor:/opt/ros/jazzy/opt/gz_utils_vendor:/opt/ros/jazzy/opt/gz_tools_vendor:/opt/ros/jazzy/opt/gz_cmake_vendor:/opt/ros/jazzy DEBUGINFOD_URLS=https://debuginfod.ubuntu.com LD_LIBRARY_PATH=/home/herring/rzddzy/ros2_ws/install/mujoco_ros_msgs/lib:/home/herring/rzddzy/ros2_ws/install/panda_motion_generators/lib:/home/herring/rzddzy/ros2_ws/install/panda_motion_generator_msgs/lib:/home/herring/rzddzy/ros2_ws/install/multi_mode_controller_impl/lib:/home/herring/rzddzy/ros2_ws/install/multi_mode_controller/lib:/home/herring/rzddzy/ros2_ws/install/franka_example_controllers/lib:/home/herring/rzddzy/ros2_ws/install/multi_mode_control_msgs/lib:/home/herring/rzddzy/ros2_ws/install/mujoco_ros2_sensors/lib:/home/herring/rzddzy/ros2_ws/install/mujoco_ros2_dummy_plugin/lib:/home/herring/rzddzy/ros2_ws/install/mujoco_ros2_control_system/lib:/home/herring/rzddzy/ros2_ws/install/franka_robot_state_broadcaster/lib:/home/herring/rzddzy/ros2_ws/install/franka_semantic_components/lib:/home/herring/rzddzy/ros2_ws/install/franka_hardware/lib:/home/herring/rzddzy/ros2_ws/install/mujoco_ros2_control/lib:/home/herring/rzddzy/ros2_ws/install/mujoco_ros/lib:/home/herring/rzddzy/ros2_ws/install/franka_msgs/lib:/home/herring/rzddzy/ros2_ws/install/cplus_dev/lib:/opt/ros/jazzy/opt/sdformat_vendor/lib:/opt/ros/jazzy/opt/rviz_ogre_vendor/lib:/opt/ros/jazzy/lib/x86_64-linux-gnu:/opt/ros/jazzy/opt/gz_math_vendor/lib:/opt/ros/jazzy/opt/gz_utils_vendor/lib:/opt/ros/jazzy/opt/gz_tools_vendor/lib:/opt/ros/jazzy/opt/gz_cmake_vendor/lib:/opt/ros/jazzy/lib PYTHONPATH=/home/herring/rzddzy/ros2_ws/install/mujoco_ros_msgs/lib/python3.12/site-packages:/home/herring/rzddzy/ros2_ws/install/panda_motion_generator_msgs/lib/python3.12/site-packages:/home/herring/rzddzy/ros2_ws/install/multi_mode_control_msgs/lib/python3.12/site-packages:/home/herring/rzddzy/ros2_ws/install/franka_msgs/lib/python3.12/site-packages:/opt/ros/jazzy/lib/python3.12/site-packages /usr/bin/cmake /home/herring/rzddzy/ros2_ws/src/mujoco_ros_pkgs/mujoco_ros -DMUJOCO_DIR=/home/herring/.mujoco/mujoco-3.2.0 -DAMENT_CMAKE_SYMLINK_INSTALL=1 -DCMAKE_INSTALL_PREFIX=/home/herring/rzddzy/ros2_ws/install/mujoco_ros
[0.794s] Invoking command in '/home/herring/rzddzy/ros2_ws/build/mujoco_ros': CMAKE_PREFIX_PATH=/home/herring/rzddzy/ros2_ws/install/mujoco_ros_msgs:/home/herring/rzddzy/ros2_ws/install/panda_motion_generators:/home/herring/rzddzy/ros2_ws/install/panda_motion_generator_msgs:/home/herring/rzddzy/ros2_ws/install/franka_bringup:/home/herring/rzddzy/ros2_ws/install/multi_mode_controller_impl:/home/herring/rzddzy/ros2_ws/install/multi_mode_controller:/home/herring/rzddzy/ros2_ws/install/franka_example_controllers:/home/herring/rzddzy/ros2_ws/install/multi_mode_control_msgs:/home/herring/rzddzy/ros2_ws/install/mujoco_ros_pkgs:/home/herring/rzddzy/ros2_ws/install/mujoco_ros2_sensors:/home/herring/rzddzy/ros2_ws/install/mujoco_ros2_dummy_plugin:/home/herring/rzddzy/ros2_ws/install/mujoco_ros2_control_system:/home/herring/rzddzy/ros2_ws/install/franka_robot_state_broadcaster:/home/herring/rzddzy/ros2_ws/install/franka_semantic_components:/home/herring/rzddzy/ros2_ws/install/franka_hardware:/home/herring/rzddzy/ros2_ws/install/mujoco_ros2_control:/home/herring/rzddzy/ros2_ws/install/mujoco_ros:/home/herring/rzddzy/ros2_ws/install/franka_msgs:/home/herring/rzddzy/ros2_ws/install/franka_description:/home/herring/rzddzy/ros2_ws/install/controller:/home/herring/rzddzy/ros2_ws/install/cplus_dev:/opt/ros/jazzy/opt/sdformat_vendor:/opt/ros/jazzy/opt/gz_math_vendor:/opt/ros/jazzy/opt/gz_utils_vendor:/opt/ros/jazzy/opt/gz_tools_vendor:/opt/ros/jazzy/opt/gz_cmake_vendor:/opt/ros/jazzy DEBUGINFOD_URLS=https://debuginfod.ubuntu.com LD_LIBRARY_PATH=/home/herring/rzddzy/ros2_ws/install/mujoco_ros_msgs/lib:/home/herring/rzddzy/ros2_ws/install/panda_motion_generators/lib:/home/herring/rzddzy/ros2_ws/install/panda_motion_generator_msgs/lib:/home/herring/rzddzy/ros2_ws/install/multi_mode_controller_impl/lib:/home/herring/rzddzy/ros2_ws/install/multi_mode_controller/lib:/home/herring/rzddzy/ros2_ws/install/franka_example_controllers/lib:/home/herring/rzddzy/ros2_ws/install/multi_mode_control_msgs/lib:/home/herring/rzddzy/ros2_ws/install/mujoco_ros2_sensors/lib:/home/herring/rzddzy/ros2_ws/install/mujoco_ros2_dummy_plugin/lib:/home/herring/rzddzy/ros2_ws/install/mujoco_ros2_control_system/lib:/home/herring/rzddzy/ros2_ws/install/franka_robot_state_broadcaster/lib:/home/herring/rzddzy/ros2_ws/install/franka_semantic_components/lib:/home/herring/rzddzy/ros2_ws/install/franka_hardware/lib:/home/herring/rzddzy/ros2_ws/install/mujoco_ros2_control/lib:/home/herring/rzddzy/ros2_ws/install/mujoco_ros/lib:/home/herring/rzddzy/ros2_ws/install/franka_msgs/lib:/home/herring/rzddzy/ros2_ws/install/cplus_dev/lib:/opt/ros/jazzy/opt/sdformat_vendor/lib:/opt/ros/jazzy/opt/rviz_ogre_vendor/lib:/opt/ros/jazzy/lib/x86_64-linux-gnu:/opt/ros/jazzy/opt/gz_math_vendor/lib:/opt/ros/jazzy/opt/gz_utils_vendor/lib:/opt/ros/jazzy/opt/gz_tools_vendor/lib:/opt/ros/jazzy/opt/gz_cmake_vendor/lib:/opt/ros/jazzy/lib PYTHONPATH=/home/herring/rzddzy/ros2_ws/install/mujoco_ros_msgs/lib/python3.12/site-packages:/home/herring/rzddzy/ros2_ws/install/panda_motion_generator_msgs/lib/python3.12/site-packages:/home/herring/rzddzy/ros2_ws/install/multi_mode_control_msgs/lib/python3.12/site-packages:/home/herring/rzddzy/ros2_ws/install/franka_msgs/lib/python3.12/site-packages:/opt/ros/jazzy/lib/python3.12/site-packages /usr/bin/cmake --build /home/herring/rzddzy/ros2_ws/build/mujoco_ros -- -j28 -l28
[0.846s] [  4%] [32mBuilding CXX object src/CMakeFiles/lodepng.dir/lodepng.cpp.o[0m
[0.847s] [  8%] [34m[1mGenerating include/mujoco_ros/render_backend.hpp, always_rebuild_backend[0m
[0.848s] [ 13%] [34m[1mGenerating include/mujoco_ros/ros_version.hpp, always_rebuild_ros[0m
[0.886s] [ 17%] [34m[1mGenerating render backend header[0m
[0.887s] [ 21%] [34m[1mGenerating ROS version header[0m
[0.895s] [ 21%] Built target render_backend_h
[0.899s] [ 21%] Built target ros_version_h
[3.432s] [ 21%] Built target lodepng
[3.451s] [ 26%] [32mBuilding CXX object src/CMakeFiles/platform_ui_adapter.dir/glfw_adapter.cc.o[0m
[3.454s] [ 30%] [32mBuilding CXX object src/CMakeFiles/platform_ui_adapter.dir/platform_ui_adapter.cc.o[0m
[3.455s] [ 34%] [32mBuilding CXX object src/CMakeFiles/platform_ui_adapter.dir/glfw_dispatch.cc.o[0m
[3.759s] [ 34%] Built target platform_ui_adapter
[3.782s] [ 43%] [32mBuilding CXX object src/CMakeFiles/mujoco_ros.dir/ros_two/plugin_utils.cpp.o[0m
[3.783s] [ 47%] [32mBuilding CXX object src/CMakeFiles/mujoco_ros.dir/ros_two/ros_api.cpp.o[0m
[3.783s] [ 47%] [32mBuilding CXX object src/CMakeFiles/mujoco_ros.dir/ros_two/parameter_interface.cpp.o[0m
[3.785s] [ 56%] [32mBuilding CXX object src/CMakeFiles/mujoco_ros.dir/threading.cpp.o[0m
[3.785s] [ 56%] [32mBuilding CXX object src/CMakeFiles/mujoco_ros.dir/main.cpp.o[0m
[3.785s] [ 60%] [32mBuilding CXX object src/CMakeFiles/mujoco_ros.dir/mujoco_env.cpp.o[0m
[3.785s] [ 65%] [32mBuilding CXX object src/CMakeFiles/mujoco_ros.dir/offscreen_camera.cpp.o[0m
[3.787s] [ 69%] [32mBuilding CXX object src/CMakeFiles/mujoco_ros.dir/viewer.cpp.o[0m
[3.787s] [ 73%] [32mBuilding CXX object src/CMakeFiles/mujoco_ros.dir/physics.cpp.o[0m
[3.788s] [ 78%] [32mBuilding CXX object src/CMakeFiles/mujoco_ros.dir/interface.cpp.o[0m
[3.788s] [ 82%] [32mBuilding CXX object src/CMakeFiles/mujoco_ros.dir/loading.cpp.o[0m
[3.790s] [ 86%] [32mBuilding CXX object src/CMakeFiles/mujoco_ros.dir/offscreen_rendering.cpp.o[0m
[25.950s] [ 91%] [32m[1mLinking CXX shared library libmujoco_ros.so[0m
[26.034s] [ 91%] Built target mujoco_ros
[26.055s] [ 95%] [32mBuilding CXX object src/CMakeFiles/mujoco_node.dir/main.cpp.o[0m
[29.772s] [100%] [32m[1mLinking CXX executable mujoco_node[0m
[29.846s] [100%] Built target mujoco_node
[29.859s] Invoked command in '/home/herring/rzddzy/ros2_ws/build/mujoco_ros' returned '0': CMAKE_PREFIX_PATH=/home/herring/rzddzy/ros2_ws/install/mujoco_ros_msgs:/home/herring/rzddzy/ros2_ws/install/panda_motion_generators:/home/herring/rzddzy/ros2_ws/install/panda_motion_generator_msgs:/home/herring/rzddzy/ros2_ws/install/franka_bringup:/home/herring/rzddzy/ros2_ws/install/multi_mode_controller_impl:/home/herring/rzddzy/ros2_ws/install/multi_mode_controller:/home/herring/rzddzy/ros2_ws/install/franka_example_controllers:/home/herring/rzddzy/ros2_ws/install/multi_mode_control_msgs:/home/herring/rzddzy/ros2_ws/install/mujoco_ros_pkgs:/home/herring/rzddzy/ros2_ws/install/mujoco_ros2_sensors:/home/herring/rzddzy/ros2_ws/install/mujoco_ros2_dummy_plugin:/home/herring/rzddzy/ros2_ws/install/mujoco_ros2_control_system:/home/herring/rzddzy/ros2_ws/install/franka_robot_state_broadcaster:/home/herring/rzddzy/ros2_ws/install/franka_semantic_components:/home/herring/rzddzy/ros2_ws/install/franka_hardware:/home/herring/rzddzy/ros2_ws/install/mujoco_ros2_control:/home/herring/rzddzy/ros2_ws/install/mujoco_ros:/home/herring/rzddzy/ros2_ws/install/franka_msgs:/home/herring/rzddzy/ros2_ws/install/franka_description:/home/herring/rzddzy/ros2_ws/install/controller:/home/herring/rzddzy/ros2_ws/install/cplus_dev:/opt/ros/jazzy/opt/sdformat_vendor:/opt/ros/jazzy/opt/gz_math_vendor:/opt/ros/jazzy/opt/gz_utils_vendor:/opt/ros/jazzy/opt/gz_tools_vendor:/opt/ros/jazzy/opt/gz_cmake_vendor:/opt/ros/jazzy DEBUGINFOD_URLS=https://debuginfod.ubuntu.com LD_LIBRARY_PATH=/home/herring/rzddzy/ros2_ws/install/mujoco_ros_msgs/lib:/home/herring/rzddzy/ros2_ws/install/panda_motion_generators/lib:/home/herring/rzddzy/ros2_ws/install/panda_motion_generator_msgs/lib:/home/herring/rzddzy/ros2_ws/install/multi_mode_controller_impl/lib:/home/herring/rzddzy/ros2_ws/install/multi_mode_controller/lib:/home/herring/rzddzy/ros2_ws/install/franka_example_controllers/lib:/home/herring/rzddzy/ros2_ws/install/multi_mode_control_msgs/lib:/home/herring/rzddzy/ros2_ws/install/mujoco_ros2_sensors/lib:/home/herring/rzddzy/ros2_ws/install/mujoco_ros2_dummy_plugin/lib:/home/herring/rzddzy/ros2_ws/install/mujoco_ros2_control_system/lib:/home/herring/rzddzy/ros2_ws/install/franka_robot_state_broadcaster/lib:/home/herring/rzddzy/ros2_ws/install/franka_semantic_components/lib:/home/herring/rzddzy/ros2_ws/install/franka_hardware/lib:/home/herring/rzddzy/ros2_ws/install/mujoco_ros2_control/lib:/home/herring/rzddzy/ros2_ws/install/mujoco_ros/lib:/home/herring/rzddzy/ros2_ws/install/franka_msgs/lib:/home/herring/rzddzy/ros2_ws/install/cplus_dev/lib:/opt/ros/jazzy/opt/sdformat_vendor/lib:/opt/ros/jazzy/opt/rviz_ogre_vendor/lib:/opt/ros/jazzy/lib/x86_64-linux-gnu:/opt/ros/jazzy/opt/gz_math_vendor/lib:/opt/ros/jazzy/opt/gz_utils_vendor/lib:/opt/ros/jazzy/opt/gz_tools_vendor/lib:/opt/ros/jazzy/opt/gz_cmake_vendor/lib:/opt/ros/jazzy/lib PYTHONPATH=/home/herring/rzddzy/ros2_ws/install/mujoco_ros_msgs/lib/python3.12/site-packages:/home/herring/rzddzy/ros2_ws/install/panda_motion_generator_msgs/lib/python3.12/site-packages:/home/herring/rzddzy/ros2_ws/install/multi_mode_control_msgs/lib/python3.12/site-packages:/home/herring/rzddzy/ros2_ws/install/franka_msgs/lib/python3.12/site-packages:/opt/ros/jazzy/lib/python3.12/site-packages /usr/bin/cmake --build /home/herring/rzddzy/ros2_ws/build/mujoco_ros -- -j28 -l28
[29.860s] Invoking command in '/home/herring/rzddzy/ros2_ws/build/mujoco_ros': CMAKE_PREFIX_PATH=/home/herring/rzddzy/ros2_ws/install/mujoco_ros_msgs:/home/herring/rzddzy/ros2_ws/install/panda_motion_generators:/home/herring/rzddzy/ros2_ws/install/panda_motion_generator_msgs:/home/herring/rzddzy/ros2_ws/install/franka_bringup:/home/herring/rzddzy/ros2_ws/install/multi_mode_controller_impl:/home/herring/rzddzy/ros2_ws/install/multi_mode_controller:/home/herring/rzddzy/ros2_ws/install/franka_example_controllers:/home/herring/rzddzy/ros2_ws/install/multi_mode_control_msgs:/home/herring/rzddzy/ros2_ws/install/mujoco_ros_pkgs:/home/herring/rzddzy/ros2_ws/install/mujoco_ros2_sensors:/home/herring/rzddzy/ros2_ws/install/mujoco_ros2_dummy_plugin:/home/herring/rzddzy/ros2_ws/install/mujoco_ros2_control_system:/home/herring/rzddzy/ros2_ws/install/franka_robot_state_broadcaster:/home/herring/rzddzy/ros2_ws/install/franka_semantic_components:/home/herring/rzddzy/ros2_ws/install/franka_hardware:/home/herring/rzddzy/ros2_ws/install/mujoco_ros2_control:/home/herring/rzddzy/ros2_ws/install/mujoco_ros:/home/herring/rzddzy/ros2_ws/install/franka_msgs:/home/herring/rzddzy/ros2_ws/install/franka_description:/home/herring/rzddzy/ros2_ws/install/controller:/home/herring/rzddzy/ros2_ws/install/cplus_dev:/opt/ros/jazzy/opt/sdformat_vendor:/opt/ros/jazzy/opt/gz_math_vendor:/opt/ros/jazzy/opt/gz_utils_vendor:/opt/ros/jazzy/opt/gz_tools_vendor:/opt/ros/jazzy/opt/gz_cmake_vendor:/opt/ros/jazzy DEBUGINFOD_URLS=https://debuginfod.ubuntu.com LD_LIBRARY_PATH=/home/herring/rzddzy/ros2_ws/install/mujoco_ros_msgs/lib:/home/herring/rzddzy/ros2_ws/install/panda_motion_generators/lib:/home/herring/rzddzy/ros2_ws/install/panda_motion_generator_msgs/lib:/home/herring/rzddzy/ros2_ws/install/multi_mode_controller_impl/lib:/home/herring/rzddzy/ros2_ws/install/multi_mode_controller/lib:/home/herring/rzddzy/ros2_ws/install/franka_example_controllers/lib:/home/herring/rzddzy/ros2_ws/install/multi_mode_control_msgs/lib:/home/herring/rzddzy/ros2_ws/install/mujoco_ros2_sensors/lib:/home/herring/rzddzy/ros2_ws/install/mujoco_ros2_dummy_plugin/lib:/home/herring/rzddzy/ros2_ws/install/mujoco_ros2_control_system/lib:/home/herring/rzddzy/ros2_ws/install/franka_robot_state_broadcaster/lib:/home/herring/rzddzy/ros2_ws/install/franka_semantic_components/lib:/home/herring/rzddzy/ros2_ws/install/franka_hardware/lib:/home/herring/rzddzy/ros2_ws/install/mujoco_ros2_control/lib:/home/herring/rzddzy/ros2_ws/install/mujoco_ros/lib:/home/herring/rzddzy/ros2_ws/install/franka_msgs/lib:/home/herring/rzddzy/ros2_ws/install/cplus_dev/lib:/opt/ros/jazzy/opt/sdformat_vendor/lib:/opt/ros/jazzy/opt/rviz_ogre_vendor/lib:/opt/ros/jazzy/lib/x86_64-linux-gnu:/opt/ros/jazzy/opt/gz_math_vendor/lib:/opt/ros/jazzy/opt/gz_utils_vendor/lib:/opt/ros/jazzy/opt/gz_tools_vendor/lib:/opt/ros/jazzy/opt/gz_cmake_vendor/lib:/opt/ros/jazzy/lib PYTHONPATH=/home/herring/rzddzy/ros2_ws/install/mujoco_ros_msgs/lib/python3.12/site-packages:/home/herring/rzddzy/ros2_ws/install/panda_motion_generator_msgs/lib/python3.12/site-packages:/home/herring/rzddzy/ros2_ws/install/multi_mode_control_msgs/lib/python3.12/site-packages:/home/herring/rzddzy/ros2_ws/install/franka_msgs/lib/python3.12/site-packages:/opt/ros/jazzy/lib/python3.12/site-packages /usr/bin/cmake --install /home/herring/rzddzy/ros2_ws/build/mujoco_ros
[29.867s] -- Install configuration: "Release"
[29.867s] -- Execute custom install script
[29.868s] -- Symlinking: /home/herring/rzddzy/ros2_ws/install/mujoco_ros/include/mujoco_ros/render_backend.hpp
[29.876s] -- Symlinking: /home/herring/rzddzy/ros2_ws/install/mujoco_ros/include/mujoco_ros/ros_version.hpp
[29.887s] -- Symlinking: /home/herring/rzddzy/ros2_ws/install/mujoco_ros/include//mujoco_ros/array_safety.h
[29.895s] -- Symlinking: /home/herring/rzddzy/ros2_ws/install/mujoco_ros/include//mujoco_ros/common_types.hpp
[29.905s] -- Symlinking: /home/herring/rzddzy/ros2_ws/install/mujoco_ros/include//mujoco_ros/glfw_adapter.h
[29.915s] -- Symlinking: /home/herring/rzddzy/ros2_ws/install/mujoco_ros/include//mujoco_ros/glfw_dispatch.h
[29.922s] -- Symlinking: /home/herring/rzddzy/ros2_ws/install/mujoco_ros/include//mujoco_ros/lodepng.h
[29.933s] -- Symlinking: /home/herring/rzddzy/ros2_ws/install/mujoco_ros/include//mujoco_ros/logging.hpp
[29.943s] -- Symlinking: /home/herring/rzddzy/ros2_ws/install/mujoco_ros/include//mujoco_ros/mujoco_env.hpp
[29.952s] -- Symlinking: /home/herring/rzddzy/ros2_ws/install/mujoco_ros/include//mujoco_ros/offscreen_camera.hpp
[29.964s] -- Symlinking: /home/herring/rzddzy/ros2_ws/install/mujoco_ros/include//mujoco_ros/platform_ui_adapter.h
[29.973s] -- Symlinking: /home/herring/rzddzy/ros2_ws/install/mujoco_ros/include//mujoco_ros/ros_one/plugin_utils.hpp
[29.980s] -- Symlinking: /home/herring/rzddzy/ros2_ws/install/mujoco_ros/include//mujoco_ros/ros_one/ros_api.hpp
[29.992s] -- Symlinking: /home/herring/rzddzy/ros2_ws/install/mujoco_ros/include//mujoco_ros/ros_two/plugin_utils.hpp
[30.002s] -- Symlinking: /home/herring/rzddzy/ros2_ws/install/mujoco_ros/include//mujoco_ros/ros_two/ros_api.hpp
[30.012s] -- Symlinking: /home/herring/rzddzy/ros2_ws/install/mujoco_ros/include//mujoco_ros/util.hpp
[30.024s] -- Symlinking: /home/herring/rzddzy/ros2_ws/install/mujoco_ros/include//mujoco_ros/viewer.hpp
[30.035s] -- Symlinking: /home/herring/rzddzy/ros2_ws/install/mujoco_ros/share/mujoco_ros/launch/launch_server.launch
[30.045s] -- Symlinking: /home/herring/rzddzy/ros2_ws/install/mujoco_ros/share/mujoco_ros/config/initial_joint_states.yaml
[30.052s] -- Symlinking: /home/herring/rzddzy/ros2_ws/install/mujoco_ros/share/mujoco_ros/config/rosconsole.config
[30.062s] -- Symlinking: /home/herring/rzddzy/ros2_ws/install/mujoco_ros/share/mujoco_ros/assets/pendulum_world.xml
[30.072s] -- Symlinking: /home/herring/rzddzy/ros2_ws/install/mujoco_ros/lib/mujoco_ros/mujoco_node
[30.082s] -- Symlinking: /home/herring/rzddzy/ros2_ws/install/mujoco_ros/share/ament_index/resource_index/package_run_dependencies/mujoco_ros
[30.092s] -- Symlinking: /home/herring/rzddzy/ros2_ws/install/mujoco_ros/share/ament_index/resource_index/parent_prefix_path/mujoco_ros
[30.103s] -- Symlinking: /home/herring/rzddzy/ros2_ws/install/mujoco_ros/share/mujoco_ros/environment/ament_prefix_path.sh
[30.114s] -- Symlinking: /home/herring/rzddzy/ros2_ws/install/mujoco_ros/share/mujoco_ros/environment/ament_prefix_path.dsv
[30.128s] -- Symlinking: /home/herring/rzddzy/ros2_ws/install/mujoco_ros/share/mujoco_ros/environment/path.sh
[30.137s] -- Symlinking: /home/herring/rzddzy/ros2_ws/install/mujoco_ros/share/mujoco_ros/environment/path.dsv
[30.148s] -- Symlinking: /home/herring/rzddzy/ros2_ws/install/mujoco_ros/share/mujoco_ros/local_setup.bash
[30.159s] -- Symlinking: /home/herring/rzddzy/ros2_ws/install/mujoco_ros/share/mujoco_ros/local_setup.sh
[30.173s] -- Symlinking: /home/herring/rzddzy/ros2_ws/install/mujoco_ros/share/mujoco_ros/local_setup.zsh
[30.187s] -- Symlinking: /home/herring/rzddzy/ros2_ws/install/mujoco_ros/share/mujoco_ros/local_setup.dsv
[30.198s] -- Symlinking: /home/herring/rzddzy/ros2_ws/install/mujoco_ros/share/mujoco_ros/package.dsv
[30.211s] -- Symlinking: /home/herring/rzddzy/ros2_ws/install/mujoco_ros/share/ament_index/resource_index/packages/mujoco_ros
[30.221s] -- Symlinking: /home/herring/rzddzy/ros2_ws/install/mujoco_ros/share/mujoco_ros/cmake/ament_cmake_export_include_directories-extras.cmake
[30.232s] -- Symlinking: /home/herring/rzddzy/ros2_ws/install/mujoco_ros/share/mujoco_ros/cmake/ament_cmake_export_dependencies-extras.cmake
[30.243s] -- Symlinking: /home/herring/rzddzy/ros2_ws/install/mujoco_ros/share/mujoco_ros/cmake/mujoco_rosConfig.cmake
[30.254s] -- Symlinking: /home/herring/rzddzy/ros2_ws/install/mujoco_ros/share/mujoco_ros/cmake/mujoco_rosConfig-version.cmake
[30.266s] -- Symlinking: /home/herring/rzddzy/ros2_ws/install/mujoco_ros/share/mujoco_ros/package.xml
[30.273s] -- Installing: /home/herring/rzddzy/ros2_ws/install/mujoco_ros/lib/libmujoco_ros.so
[30.275s] -- Set non-toolchain portion of runtime path of "/home/herring/rzddzy/ros2_ws/install/mujoco_ros/lib/libmujoco_ros.so" to ""
[30.277s] Invoked command in '/home/herring/rzddzy/ros2_ws/build/mujoco_ros' returned '0': CMAKE_PREFIX_PATH=/home/herring/rzddzy/ros2_ws/install/mujoco_ros_msgs:/home/herring/rzddzy/ros2_ws/install/panda_motion_generators:/home/herring/rzddzy/ros2_ws/install/panda_motion_generator_msgs:/home/herring/rzddzy/ros2_ws/install/franka_bringup:/home/herring/rzddzy/ros2_ws/install/multi_mode_controller_impl:/home/herring/rzddzy/ros2_ws/install/multi_mode_controller:/home/herring/rzddzy/ros2_ws/install/franka_example_controllers:/home/herring/rzddzy/ros2_ws/install/multi_mode_control_msgs:/home/herring/rzddzy/ros2_ws/install/mujoco_ros_pkgs:/home/herring/rzddzy/ros2_ws/install/mujoco_ros2_sensors:/home/herring/rzddzy/ros2_ws/install/mujoco_ros2_dummy_plugin:/home/herring/rzddzy/ros2_ws/install/mujoco_ros2_control_system:/home/herring/rzddzy/ros2_ws/install/franka_robot_state_broadcaster:/home/herring/rzddzy/ros2_ws/install/franka_semantic_components:/home/herring/rzddzy/ros2_ws/install/franka_hardware:/home/herring/rzddzy/ros2_ws/install/mujoco_ros2_control:/home/herring/rzddzy/ros2_ws/install/mujoco_ros:/home/herring/rzddzy/ros2_ws/install/franka_msgs:/home/herring/rzddzy/ros2_ws/install/franka_description:/home/herring/rzddzy/ros2_ws/install/controller:/home/herring/rzddzy/ros2_ws/install/cplus_dev:/opt/ros/jazzy/opt/sdformat_vendor:/opt/ros/jazzy/opt/gz_math_vendor:/opt/ros/jazzy/opt/gz_utils_vendor:/opt/ros/jazzy/opt/gz_tools_vendor:/opt/ros/jazzy/opt/gz_cmake_vendor:/opt/ros/jazzy DEBUGINFOD_URLS=https://debuginfod.ubuntu.com LD_LIBRARY_PATH=/home/herring/rzddzy/ros2_ws/install/mujoco_ros_msgs/lib:/home/herring/rzddzy/ros2_ws/install/panda_motion_generators/lib:/home/herring/rzddzy/ros2_ws/install/panda_motion_generator_msgs/lib:/home/herring/rzddzy/ros2_ws/install/multi_mode_controller_impl/lib:/home/herring/rzddzy/ros2_ws/install/multi_mode_controller/lib:/home/herring/rzddzy/ros2_ws/install/franka_example_controllers/lib:/home/herring/rzddzy/ros2_ws/install/multi_mode_control_msgs/lib:/home/herring/rzddzy/ros2_ws/install/mujoco_ros2_sensors/lib:/home/herring/rzddzy/ros2_ws/install/mujoco_ros2_dummy_plugin/lib:/home/herring/rzddzy/ros2_ws/install/mujoco_ros2_control_system/lib:/home/herring/rzddzy/ros2_ws/install/franka_robot_state_broadcaster/lib:/home/herring/rzddzy/ros2_ws/install/franka_semantic_components/lib:/home/herring/rzddzy/ros2_ws/install/franka_hardware/lib:/home/herring/rzddzy/ros2_ws/install/mujoco_ros2_control/lib:/home/herring/rzddzy/ros2_ws/install/mujoco_ros/lib:/home/herring/rzddzy/ros2_ws/install/franka_msgs/lib:/home/herring/rzddzy/ros2_ws/install/cplus_dev/lib:/opt/ros/jazzy/opt/sdformat_vendor/lib:/opt/ros/jazzy/opt/rviz_ogre_vendor/lib:/opt/ros/jazzy/lib/x86_64-linux-gnu:/opt/ros/jazzy/opt/gz_math_vendor/lib:/opt/ros/jazzy/opt/gz_utils_vendor/lib:/opt/ros/jazzy/opt/gz_tools_vendor/lib:/opt/ros/jazzy/opt/gz_cmake_vendor/lib:/opt/ros/jazzy/lib PYTHONPATH=/home/herring/rzddzy/ros2_ws/install/mujoco_ros_msgs/lib/python3.12/site-packages:/home/herring/rzddzy/ros2_ws/install/panda_motion_generator_msgs/lib/python3.12/site-packages:/home/herring/rzddzy/ros2_ws/install/multi_mode_control_msgs/lib/python3.12/site-packages:/home/herring/rzddzy/ros2_ws/install/franka_msgs/lib/python3.12/site-packages:/opt/ros/jazzy/lib/python3.12/site-packages /usr/bin/cmake --install /home/herring/rzddzy/ros2_ws/build/mujoco_ros
