-- Found ament_cmake: 2.5.5 (/opt/ros/jazzy/share/ament_cmake/cmake)
-- Override CMake install command with custom implementation using symlinks instead of copying resources
-- Found ament_cmake_ros: 0.12.0 (/opt/ros/jazzy/share/ament_cmake_ros/cmake)
-- Found mujoco_ros2_control: 0.9.0 (/home/herring/rzddzy/ros2_ws/install/mujoco_ros2_control/share/mujoco_ros2_control/cmake)
-- Found rosidl_generator_c: 4.6.7 (/opt/ros/jazzy/share/rosidl_generator_c/cmake)
-- Found rosidl_generator_cpp: 4.6.7 (/opt/ros/jazzy/share/rosidl_generator_cpp/cmake)
-- Using all available rosidl_typesupport_c: rosidl_typesupport_fastrtps_c;rosidl_typesupport_introspection_c
-- Using all available rosidl_typesupport_cpp: rosidl_typesupport_fastrtps_cpp;rosidl_typesupport_introspection_cpp
-- Found rmw_implementation_cmake: 7.3.3 (/opt/ros/jazzy/share/rmw_implementation_cmake/cmake)
-- Found rmw_fastrtps_cpp: 8.4.3 (/opt/ros/jazzy/share/rmw_fastrtps_cpp/cmake)
-- Using RMW implementation 'rmw_fastrtps_cpp' as default
-- Setting yaml-cpp_DIR to: '/opt/ros/jazzy/share/yaml_cpp_vendor/cmake/../../../opt/yaml_cpp_vendor/share/cmake/yaml-cpp'
-- Found eigen3_cmake_module: 0.3.0 (/opt/ros/jazzy/share/eigen3_cmake_module/cmake)
-- Ensuring Eigen3 include directory is part of orocos-kdl CMake target
-- Configuring done (0.7s)
-- Generating done (0.0s)
-- Build files have been written to: /home/herring/rzddzy/ros2_ws/build/mujoco_ros2_control_system
[ 50%] [32mBuilding CXX object CMakeFiles/mujoco_ros2_control_system.dir/src/mujoco_ros2_control_system.cpp.o[0m
[100%] [32m[1mLinking CXX shared library libmujoco_ros2_control_system.so[0m
[100%] Built target mujoco_ros2_control_system
-- Install configuration: ""
-- Execute custom install script
-- Symlinking: /home/herring/rzddzy/ros2_ws/install/mujoco_ros2_control_system/share/mujoco_ros2_control_system//plugins.xml
-- Symlinking: /home/herring/rzddzy/ros2_ws/install/mujoco_ros2_control_system/include/mujoco_ros2_control_system/mujoco_ros2_control_system.hpp
-- Symlinking: /home/herring/rzddzy/ros2_ws/install/mujoco_ros2_control_system/include/mujoco_ros2_control_system/visibility_control.h
-- Symlinking: /home/herring/rzddzy/ros2_ws/install/mujoco_ros2_control_system/share/mujoco_ros2_control_system/environment/library_path.sh
-- Symlinking: /home/herring/rzddzy/ros2_ws/install/mujoco_ros2_control_system/share/mujoco_ros2_control_system/environment/library_path.dsv
-- Symlinking: /home/herring/rzddzy/ros2_ws/install/mujoco_ros2_control_system/share/ament_index/resource_index/package_run_dependencies/mujoco_ros2_control_system
-- Symlinking: /home/herring/rzddzy/ros2_ws/install/mujoco_ros2_control_system/share/ament_index/resource_index/parent_prefix_path/mujoco_ros2_control_system
-- Symlinking: /home/herring/rzddzy/ros2_ws/install/mujoco_ros2_control_system/share/mujoco_ros2_control_system/environment/ament_prefix_path.sh
-- Symlinking: /home/herring/rzddzy/ros2_ws/install/mujoco_ros2_control_system/share/mujoco_ros2_control_system/environment/ament_prefix_path.dsv
-- Symlinking: /home/herring/rzddzy/ros2_ws/install/mujoco_ros2_control_system/share/mujoco_ros2_control_system/environment/path.sh
-- Symlinking: /home/herring/rzddzy/ros2_ws/install/mujoco_ros2_control_system/share/mujoco_ros2_control_system/environment/path.dsv
-- Symlinking: /home/herring/rzddzy/ros2_ws/install/mujoco_ros2_control_system/share/mujoco_ros2_control_system/local_setup.bash
-- Symlinking: /home/herring/rzddzy/ros2_ws/install/mujoco_ros2_control_system/share/mujoco_ros2_control_system/local_setup.sh
-- Symlinking: /home/herring/rzddzy/ros2_ws/install/mujoco_ros2_control_system/share/mujoco_ros2_control_system/local_setup.zsh
-- Symlinking: /home/herring/rzddzy/ros2_ws/install/mujoco_ros2_control_system/share/mujoco_ros2_control_system/local_setup.dsv
-- Symlinking: /home/herring/rzddzy/ros2_ws/install/mujoco_ros2_control_system/share/mujoco_ros2_control_system/package.dsv
-- Symlinking: /home/herring/rzddzy/ros2_ws/install/mujoco_ros2_control_system/share/ament_index/resource_index/packages/mujoco_ros2_control_system
-- Symlinking: /home/herring/rzddzy/ros2_ws/install/mujoco_ros2_control_system/share/ament_index/resource_index/mujoco_ros2_control__pluginlib__plugin/mujoco_ros2_control_system
-- Symlinking: /home/herring/rzddzy/ros2_ws/install/mujoco_ros2_control_system/share/mujoco_ros2_control_system/cmake/ament_cmake_export_include_directories-extras.cmake
-- Symlinking: /home/herring/rzddzy/ros2_ws/install/mujoco_ros2_control_system/share/mujoco_ros2_control_system/cmake/ament_cmake_export_libraries-extras.cmake
-- Symlinking: /home/herring/rzddzy/ros2_ws/install/mujoco_ros2_control_system/share/mujoco_ros2_control_system/cmake/ament_cmake_export_targets-extras.cmake
-- Symlinking: /home/herring/rzddzy/ros2_ws/install/mujoco_ros2_control_system/share/mujoco_ros2_control_system/cmake/mujoco_ros2_control_systemConfig.cmake
-- Symlinking: /home/herring/rzddzy/ros2_ws/install/mujoco_ros2_control_system/share/mujoco_ros2_control_system/cmake/mujoco_ros2_control_systemConfig-version.cmake
-- Symlinking: /home/herring/rzddzy/ros2_ws/install/mujoco_ros2_control_system/share/mujoco_ros2_control_system/package.xml
-- Installing: /home/herring/rzddzy/ros2_ws/install/mujoco_ros2_control_system/lib/libmujoco_ros2_control_system.so
-- Set non-toolchain portion of runtime path of "/home/herring/rzddzy/ros2_ws/install/mujoco_ros2_control_system/lib/libmujoco_ros2_control_system.so" to ""
-- Installing: /home/herring/rzddzy/ros2_ws/install/mujoco_ros2_control_system/share/mujoco_ros2_control_system/cmake/export_mujoco_ros2_control_systemExport.cmake
-- Installing: /home/herring/rzddzy/ros2_ws/install/mujoco_ros2_control_system/share/mujoco_ros2_control_system/cmake/export_mujoco_ros2_control_systemExport-noconfig.cmake
