[0.007s] Invoking command in '/home/herring/rzddzy/ros2_ws/build/multi_mode_control_msgs': AMENT_PREFIX_PATH=/home/herring/rzddzy/ros2_ws/install/franka_msgs:${AMENT_PREFIX_PATH} CMAKE_PREFIX_PATH=/home/herring/rzddzy/ros2_ws/install/franka_msgs:/opt/ros/jazzy/opt/sdformat_vendor:/opt/ros/jazzy/opt/gz_math_vendor:/opt/ros/jazzy/opt/gz_utils_vendor:/opt/ros/jazzy/opt/gz_tools_vendor:/opt/ros/jazzy/opt/gz_cmake_vendor:/opt/ros/jazzy DEBUGINFOD_URLS=https://debuginfod.ubuntu.com LD_LIBRARY_PATH=/home/herring/rzddzy/ros2_ws/install/franka_msgs/lib:${LD_LIBRARY_PATH} PYTHONPATH=/home/herring/rzddzy/ros2_ws/install/franka_msgs/lib/python3.12/site-packages:${PYTHONPATH} /usr/bin/cmake /home/herring/rzddzy/ros2_ws/src/multi_mode_control_msgs -DMUJOCO_DIR=/home/herring/.mujoco/mujoco-3.2.0 -DBUILD_TESTING=OFF -DAMENT_CMAKE_SYMLINK_INSTALL=1 -DCMAKE_INSTALL_PREFIX=/home/herring/rzddzy/ros2_ws/install/multi_mode_control_msgs
[0.016s] -- Found ament_cmake: 2.5.5 (/opt/ros/jazzy/share/ament_cmake/cmake)
[0.040s] -- Found Python3: /usr/bin/python3 (found version "3.12.3") found components: Interpreter 
[0.085s] -- Override CMake install command with custom implementation using symlinks instead of copying resources
[0.089s] -- Found geometry_msgs: 5.3.6 (/opt/ros/jazzy/share/geometry_msgs/cmake)
[0.104s] -- Found rosidl_generator_c: 4.6.7 (/opt/ros/jazzy/share/rosidl_generator_c/cmake)
[0.108s] -- Found rosidl_generator_cpp: 4.6.7 (/opt/ros/jazzy/share/rosidl_generator_cpp/cmake)
[0.115s] -- Using all available rosidl_typesupport_c: rosidl_typesupport_fastrtps_c;rosidl_typesupport_introspection_c
[0.122s] -- Using all available rosidl_typesupport_cpp: rosidl_typesupport_fastrtps_cpp;rosidl_typesupport_introspection_cpp
[0.146s] -- Found franka_msgs: 0.0.0 (/home/herring/rzddzy/ros2_ws/install/franka_msgs/share/franka_msgs/cmake)
[0.186s] -- Found rosidl_default_generators: 1.6.0 (/opt/ros/jazzy/share/rosidl_default_generators/cmake)
[0.190s] -- Found rosidl_adapter: 4.6.7 (/opt/ros/jazzy/share/rosidl_adapter/cmake)
[0.420s] -- Found ament_cmake_ros: 0.12.0 (/opt/ros/jazzy/share/ament_cmake_ros/cmake)
[0.625s] -- Using all available rosidl_typesupport_c: rosidl_typesupport_fastrtps_c;rosidl_typesupport_introspection_c
[0.715s] -- Using all available rosidl_typesupport_cpp: rosidl_typesupport_fastrtps_cpp;rosidl_typesupport_introspection_cpp
[0.717s] -- Found python_cmake_module: 0.11.1 (/opt/ros/jazzy/share/python_cmake_module/cmake)
[0.895s] -- Found Python3: /usr/bin/python3 (found version "3.12.3") found components: Interpreter Development NumPy Development.Module Development.Embed 
[0.945s] -- Configuring done (0.9s)
[1.000s] -- Generating done (0.0s)
[1.010s] -- Build files have been written to: /home/herring/rzddzy/ros2_ws/build/multi_mode_control_msgs
[1.017s] Invoked command in '/home/herring/rzddzy/ros2_ws/build/multi_mode_control_msgs' returned '0': AMENT_PREFIX_PATH=/home/herring/rzddzy/ros2_ws/install/franka_msgs:${AMENT_PREFIX_PATH} CMAKE_PREFIX_PATH=/home/herring/rzddzy/ros2_ws/install/franka_msgs:/opt/ros/jazzy/opt/sdformat_vendor:/opt/ros/jazzy/opt/gz_math_vendor:/opt/ros/jazzy/opt/gz_utils_vendor:/opt/ros/jazzy/opt/gz_tools_vendor:/opt/ros/jazzy/opt/gz_cmake_vendor:/opt/ros/jazzy DEBUGINFOD_URLS=https://debuginfod.ubuntu.com LD_LIBRARY_PATH=/home/herring/rzddzy/ros2_ws/install/franka_msgs/lib:${LD_LIBRARY_PATH} PYTHONPATH=/home/herring/rzddzy/ros2_ws/install/franka_msgs/lib/python3.12/site-packages:${PYTHONPATH} /usr/bin/cmake /home/herring/rzddzy/ros2_ws/src/multi_mode_control_msgs -DMUJOCO_DIR=/home/herring/.mujoco/mujoco-3.2.0 -DBUILD_TESTING=OFF -DAMENT_CMAKE_SYMLINK_INSTALL=1 -DCMAKE_INSTALL_PREFIX=/home/herring/rzddzy/ros2_ws/install/multi_mode_control_msgs
[1.018s] Invoking command in '/home/herring/rzddzy/ros2_ws/build/multi_mode_control_msgs': AMENT_PREFIX_PATH=/home/herring/rzddzy/ros2_ws/install/franka_msgs:${AMENT_PREFIX_PATH} CMAKE_PREFIX_PATH=/home/herring/rzddzy/ros2_ws/install/franka_msgs:/opt/ros/jazzy/opt/sdformat_vendor:/opt/ros/jazzy/opt/gz_math_vendor:/opt/ros/jazzy/opt/gz_utils_vendor:/opt/ros/jazzy/opt/gz_tools_vendor:/opt/ros/jazzy/opt/gz_cmake_vendor:/opt/ros/jazzy DEBUGINFOD_URLS=https://debuginfod.ubuntu.com LD_LIBRARY_PATH=/home/herring/rzddzy/ros2_ws/install/franka_msgs/lib:${LD_LIBRARY_PATH} PYTHONPATH=/home/herring/rzddzy/ros2_ws/install/franka_msgs/lib/python3.12/site-packages:${PYTHONPATH} /usr/bin/cmake --build /home/herring/rzddzy/ros2_ws/build/multi_mode_control_msgs -- -j28 -l28
[1.070s] [  1%] Built target multi_mode_control_msgs__rosidl_generator_type_description
[1.076s] [  1%] Built target ament_cmake_python_symlink_multi_mode_control_msgs
[1.086s] [  1%] Built target multi_mode_control_msgs__cpp
[1.112s] [ 28%] Built target multi_mode_control_msgs__rosidl_generator_c
[1.140s] [ 38%] Built target multi_mode_control_msgs__rosidl_typesupport_introspection_c
[1.151s] [ 47%] Built target multi_mode_control_msgs__rosidl_typesupport_c
[1.175s] [ 66%] Built target multi_mode_control_msgs__rosidl_typesupport_fastrtps_cpp
[1.175s] [ 66%] Built target multi_mode_control_msgs__rosidl_typesupport_introspection_cpp
[1.177s] [ 76%] Built target multi_mode_control_msgs__rosidl_typesupport_cpp
[1.179s] [ 86%] Built target multi_mode_control_msgs__rosidl_typesupport_fastrtps_c
[1.200s] [ 86%] Built target multi_mode_control_msgs
[1.222s] [ 87%] Built target multi_mode_control_msgs__py
[1.224s] running egg_info
[1.238s] writing multi_mode_control_msgs.egg-info/PKG-INFO
[1.238s] writing dependency_links to multi_mode_control_msgs.egg-info/dependency_links.txt
[1.238s] writing top-level names to multi_mode_control_msgs.egg-info/top_level.txt
[1.269s] [ 96%] Built target multi_mode_control_msgs__rosidl_generator_py
[1.281s] reading manifest file 'multi_mode_control_msgs.egg-info/SOURCES.txt'
[1.282s] writing manifest file 'multi_mode_control_msgs.egg-info/SOURCES.txt'
[1.293s] [ 97%] Built target multi_mode_control_msgs_s__rosidl_typesupport_c
[1.293s] [ 99%] Built target multi_mode_control_msgs_s__rosidl_typesupport_introspection_c
[1.293s] [100%] Built target multi_mode_control_msgs_s__rosidl_typesupport_fastrtps_c
[1.313s] [100%] Built target ament_cmake_python_build_multi_mode_control_msgs_egg
[1.327s] Invoked command in '/home/herring/rzddzy/ros2_ws/build/multi_mode_control_msgs' returned '0': AMENT_PREFIX_PATH=/home/herring/rzddzy/ros2_ws/install/franka_msgs:${AMENT_PREFIX_PATH} CMAKE_PREFIX_PATH=/home/herring/rzddzy/ros2_ws/install/franka_msgs:/opt/ros/jazzy/opt/sdformat_vendor:/opt/ros/jazzy/opt/gz_math_vendor:/opt/ros/jazzy/opt/gz_utils_vendor:/opt/ros/jazzy/opt/gz_tools_vendor:/opt/ros/jazzy/opt/gz_cmake_vendor:/opt/ros/jazzy DEBUGINFOD_URLS=https://debuginfod.ubuntu.com LD_LIBRARY_PATH=/home/herring/rzddzy/ros2_ws/install/franka_msgs/lib:${LD_LIBRARY_PATH} PYTHONPATH=/home/herring/rzddzy/ros2_ws/install/franka_msgs/lib/python3.12/site-packages:${PYTHONPATH} /usr/bin/cmake --build /home/herring/rzddzy/ros2_ws/build/multi_mode_control_msgs -- -j28 -l28
[1.328s] Invoking command in '/home/herring/rzddzy/ros2_ws/build/multi_mode_control_msgs': AMENT_PREFIX_PATH=/home/herring/rzddzy/ros2_ws/install/franka_msgs:${AMENT_PREFIX_PATH} CMAKE_PREFIX_PATH=/home/herring/rzddzy/ros2_ws/install/franka_msgs:/opt/ros/jazzy/opt/sdformat_vendor:/opt/ros/jazzy/opt/gz_math_vendor:/opt/ros/jazzy/opt/gz_utils_vendor:/opt/ros/jazzy/opt/gz_tools_vendor:/opt/ros/jazzy/opt/gz_cmake_vendor:/opt/ros/jazzy DEBUGINFOD_URLS=https://debuginfod.ubuntu.com LD_LIBRARY_PATH=/home/herring/rzddzy/ros2_ws/install/franka_msgs/lib:${LD_LIBRARY_PATH} PYTHONPATH=/home/herring/rzddzy/ros2_ws/install/franka_msgs/lib/python3.12/site-packages:${PYTHONPATH} /usr/bin/cmake --install /home/herring/rzddzy/ros2_ws/build/multi_mode_control_msgs
[1.336s] -- Install configuration: ""
[1.337s] -- Execute custom install script
[1.337s] -- Up-to-date symlink: /home/herring/rzddzy/ros2_ws/install/multi_mode_control_msgs/share/ament_index/resource_index/rosidl_interfaces/multi_mode_control_msgs
[1.337s] -- Up-to-date symlink: /home/herring/rzddzy/ros2_ws/install/multi_mode_control_msgs/share/multi_mode_control_msgs/msg/CartesianImpedanceGoal.json
[1.337s] -- Up-to-date symlink: /home/herring/rzddzy/ros2_ws/install/multi_mode_control_msgs/share/multi_mode_control_msgs/msg/DualCartesianImpedanceGoal.json
[1.337s] -- Up-to-date symlink: /home/herring/rzddzy/ros2_ws/install/multi_mode_control_msgs/share/multi_mode_control_msgs/msg/ContactThresholds.json
[1.337s] -- Up-to-date symlink: /home/herring/rzddzy/ros2_ws/install/multi_mode_control_msgs/share/multi_mode_control_msgs/msg/Controller.json
[1.338s] -- Up-to-date symlink: /home/herring/rzddzy/ros2_ws/install/multi_mode_control_msgs/share/multi_mode_control_msgs/msg/JointArray.json
[1.338s] -- Up-to-date symlink: /home/herring/rzddzy/ros2_ws/install/multi_mode_control_msgs/share/multi_mode_control_msgs/msg/JointGoal.json
[1.338s] -- Up-to-date symlink: /home/herring/rzddzy/ros2_ws/install/multi_mode_control_msgs/share/multi_mode_control_msgs/msg/VelocityGoal.json
[1.338s] -- Up-to-date symlink: /home/herring/rzddzy/ros2_ws/install/multi_mode_control_msgs/share/multi_mode_control_msgs/msg/Wrench.json
[1.338s] -- Up-to-date symlink: /home/herring/rzddzy/ros2_ws/install/multi_mode_control_msgs/share/multi_mode_control_msgs/srv/GetControllers.json
[1.338s] -- Up-to-date symlink: /home/herring/rzddzy/ros2_ws/install/multi_mode_control_msgs/share/multi_mode_control_msgs/srv/GetRobotStates.json
[1.338s] -- Up-to-date symlink: /home/herring/rzddzy/ros2_ws/install/multi_mode_control_msgs/share/multi_mode_control_msgs/srv/SetCartesianImpedance.json
[1.338s] -- Up-to-date symlink: /home/herring/rzddzy/ros2_ws/install/multi_mode_control_msgs/share/multi_mode_control_msgs/srv/SetControllers.json
[1.338s] -- Up-to-date symlink: /home/herring/rzddzy/ros2_ws/install/multi_mode_control_msgs/share/multi_mode_control_msgs/srv/SetJointImpedance.json
[1.338s] -- Up-to-date symlink: /home/herring/rzddzy/ros2_ws/install/multi_mode_control_msgs/share/multi_mode_control_msgs/srv/SetRecoveryMode.json
[1.338s] -- Up-to-date symlink: /home/herring/rzddzy/ros2_ws/install/multi_mode_control_msgs/share/multi_mode_control_msgs/srv/SetReflex.json
[1.339s] -- Up-to-date symlink: /home/herring/rzddzy/ros2_ws/install/multi_mode_control_msgs/share/multi_mode_control_msgs/srv/SetThresholds.json
[1.339s] -- Up-to-date symlink: /home/herring/rzddzy/ros2_ws/install/multi_mode_control_msgs/share/multi_mode_control_msgs/srv/SetWorldState.json
[1.340s] -- Up-to-date symlink: /home/herring/rzddzy/ros2_ws/install/multi_mode_control_msgs/include/multi_mode_control_msgs/multi_mode_control_msgs/msg/cartesian_impedance_goal.h
[1.340s] -- Up-to-date symlink: /home/herring/rzddzy/ros2_ws/install/multi_mode_control_msgs/include/multi_mode_control_msgs/multi_mode_control_msgs/msg/contact_thresholds.h
[1.340s] -- Up-to-date symlink: /home/herring/rzddzy/ros2_ws/install/multi_mode_control_msgs/include/multi_mode_control_msgs/multi_mode_control_msgs/msg/controller.h
[1.340s] -- Up-to-date symlink: /home/herring/rzddzy/ros2_ws/install/multi_mode_control_msgs/include/multi_mode_control_msgs/multi_mode_control_msgs/msg/detail/cartesian_impedance_goal__functions.h
[1.340s] -- Up-to-date symlink: /home/herring/rzddzy/ros2_ws/install/multi_mode_control_msgs/include/multi_mode_control_msgs/multi_mode_control_msgs/msg/detail/cartesian_impedance_goal__struct.h
[1.340s] -- Up-to-date symlink: /home/herring/rzddzy/ros2_ws/install/multi_mode_control_msgs/include/multi_mode_control_msgs/multi_mode_control_msgs/msg/detail/cartesian_impedance_goal__type_support.h
[1.340s] -- Up-to-date symlink: /home/herring/rzddzy/ros2_ws/install/multi_mode_control_msgs/include/multi_mode_control_msgs/multi_mode_control_msgs/msg/detail/contact_thresholds__functions.h
[1.340s] -- Up-to-date symlink: /home/herring/rzddzy/ros2_ws/install/multi_mode_control_msgs/include/multi_mode_control_msgs/multi_mode_control_msgs/msg/detail/contact_thresholds__struct.h
[1.341s] -- Up-to-date symlink: /home/herring/rzddzy/ros2_ws/install/multi_mode_control_msgs/include/multi_mode_control_msgs/multi_mode_control_msgs/msg/detail/contact_thresholds__type_support.h
[1.341s] -- Up-to-date symlink: /home/herring/rzddzy/ros2_ws/install/multi_mode_control_msgs/include/multi_mode_control_msgs/multi_mode_control_msgs/msg/detail/controller__functions.h
[1.341s] -- Up-to-date symlink: /home/herring/rzddzy/ros2_ws/install/multi_mode_control_msgs/include/multi_mode_control_msgs/multi_mode_control_msgs/msg/detail/controller__struct.h
[1.341s] -- Up-to-date symlink: /home/herring/rzddzy/ros2_ws/install/multi_mode_control_msgs/include/multi_mode_control_msgs/multi_mode_control_msgs/msg/detail/controller__type_support.h
[1.341s] -- Up-to-date symlink: /home/herring/rzddzy/ros2_ws/install/multi_mode_control_msgs/include/multi_mode_control_msgs/multi_mode_control_msgs/msg/detail/dual_cartesian_impedance_goal__functions.h
[1.342s] -- Up-to-date symlink: /home/herring/rzddzy/ros2_ws/install/multi_mode_control_msgs/include/multi_mode_control_msgs/multi_mode_control_msgs/msg/detail/dual_cartesian_impedance_goal__struct.h
[1.342s] -- Up-to-date symlink: /home/herring/rzddzy/ros2_ws/install/multi_mode_control_msgs/include/multi_mode_control_msgs/multi_mode_control_msgs/msg/detail/dual_cartesian_impedance_goal__type_support.h
[1.342s] -- Up-to-date symlink: /home/herring/rzddzy/ros2_ws/install/multi_mode_control_msgs/include/multi_mode_control_msgs/multi_mode_control_msgs/msg/detail/joint_array__functions.h
[1.342s] -- Up-to-date symlink: /home/herring/rzddzy/ros2_ws/install/multi_mode_control_msgs/include/multi_mode_control_msgs/multi_mode_control_msgs/msg/detail/joint_array__struct.h
[1.342s] -- Up-to-date symlink: /home/herring/rzddzy/ros2_ws/install/multi_mode_control_msgs/include/multi_mode_control_msgs/multi_mode_control_msgs/msg/detail/joint_array__type_support.h
[1.342s] -- Up-to-date symlink: /home/herring/rzddzy/ros2_ws/install/multi_mode_control_msgs/include/multi_mode_control_msgs/multi_mode_control_msgs/msg/detail/joint_goal__functions.h
[1.342s] -- Up-to-date symlink: /home/herring/rzddzy/ros2_ws/install/multi_mode_control_msgs/include/multi_mode_control_msgs/multi_mode_control_msgs/msg/detail/joint_goal__struct.h
[1.342s] -- Up-to-date symlink: /home/herring/rzddzy/ros2_ws/install/multi_mode_control_msgs/include/multi_mode_control_msgs/multi_mode_control_msgs/msg/detail/joint_goal__type_support.h
[1.342s] -- Up-to-date symlink: /home/herring/rzddzy/ros2_ws/install/multi_mode_control_msgs/include/multi_mode_control_msgs/multi_mode_control_msgs/msg/detail/velocity_goal__functions.h
[1.342s] -- Up-to-date symlink: /home/herring/rzddzy/ros2_ws/install/multi_mode_control_msgs/include/multi_mode_control_msgs/multi_mode_control_msgs/msg/detail/velocity_goal__struct.h
[1.343s] -- Up-to-date symlink: /home/herring/rzddzy/ros2_ws/install/multi_mode_control_msgs/include/multi_mode_control_msgs/multi_mode_control_msgs/msg/detail/velocity_goal__type_support.h
[1.343s] -- Up-to-date symlink: /home/herring/rzddzy/ros2_ws/install/multi_mode_control_msgs/include/multi_mode_control_msgs/multi_mode_control_msgs/msg/detail/wrench__functions.h
[1.343s] -- Up-to-date symlink: /home/herring/rzddzy/ros2_ws/install/multi_mode_control_msgs/include/multi_mode_control_msgs/multi_mode_control_msgs/msg/detail/wrench__struct.h
[1.343s] -- Up-to-date symlink: /home/herring/rzddzy/ros2_ws/install/multi_mode_control_msgs/include/multi_mode_control_msgs/multi_mode_control_msgs/msg/detail/wrench__type_support.h
[1.343s] -- Up-to-date symlink: /home/herring/rzddzy/ros2_ws/install/multi_mode_control_msgs/include/multi_mode_control_msgs/multi_mode_control_msgs/msg/dual_cartesian_impedance_goal.h
[1.343s] -- Up-to-date symlink: /home/herring/rzddzy/ros2_ws/install/multi_mode_control_msgs/include/multi_mode_control_msgs/multi_mode_control_msgs/msg/joint_array.h
[1.343s] -- Up-to-date symlink: /home/herring/rzddzy/ros2_ws/install/multi_mode_control_msgs/include/multi_mode_control_msgs/multi_mode_control_msgs/msg/joint_goal.h
[1.343s] -- Up-to-date symlink: /home/herring/rzddzy/ros2_ws/install/multi_mode_control_msgs/include/multi_mode_control_msgs/multi_mode_control_msgs/msg/rosidl_generator_c__visibility_control.h
[1.343s] -- Up-to-date symlink: /home/herring/rzddzy/ros2_ws/install/multi_mode_control_msgs/include/multi_mode_control_msgs/multi_mode_control_msgs/msg/velocity_goal.h
[1.343s] -- Up-to-date symlink: /home/herring/rzddzy/ros2_ws/install/multi_mode_control_msgs/include/multi_mode_control_msgs/multi_mode_control_msgs/msg/wrench.h
[1.344s] -- Up-to-date symlink: /home/herring/rzddzy/ros2_ws/install/multi_mode_control_msgs/include/multi_mode_control_msgs/multi_mode_control_msgs/srv/detail/get_controllers__functions.h
[1.344s] -- Up-to-date symlink: /home/herring/rzddzy/ros2_ws/install/multi_mode_control_msgs/include/multi_mode_control_msgs/multi_mode_control_msgs/srv/detail/get_controllers__struct.h
[1.344s] -- Up-to-date symlink: /home/herring/rzddzy/ros2_ws/install/multi_mode_control_msgs/include/multi_mode_control_msgs/multi_mode_control_msgs/srv/detail/get_controllers__type_support.h
[1.344s] -- Up-to-date symlink: /home/herring/rzddzy/ros2_ws/install/multi_mode_control_msgs/include/multi_mode_control_msgs/multi_mode_control_msgs/srv/detail/get_robot_states__functions.h
[1.344s] -- Up-to-date symlink: /home/herring/rzddzy/ros2_ws/install/multi_mode_control_msgs/include/multi_mode_control_msgs/multi_mode_control_msgs/srv/detail/get_robot_states__struct.h
[1.344s] -- Up-to-date symlink: /home/herring/rzddzy/ros2_ws/install/multi_mode_control_msgs/include/multi_mode_control_msgs/multi_mode_control_msgs/srv/detail/get_robot_states__type_support.h
[1.344s] -- Up-to-date symlink: /home/herring/rzddzy/ros2_ws/install/multi_mode_control_msgs/include/multi_mode_control_msgs/multi_mode_control_msgs/srv/detail/set_cartesian_impedance__functions.h
[1.344s] -- Up-to-date symlink: /home/herring/rzddzy/ros2_ws/install/multi_mode_control_msgs/include/multi_mode_control_msgs/multi_mode_control_msgs/srv/detail/set_cartesian_impedance__struct.h
[1.344s] -- Up-to-date symlink: /home/herring/rzddzy/ros2_ws/install/multi_mode_control_msgs/include/multi_mode_control_msgs/multi_mode_control_msgs/srv/detail/set_cartesian_impedance__type_support.h
[1.345s] -- Up-to-date symlink: /home/herring/rzddzy/ros2_ws/install/multi_mode_control_msgs/include/multi_mode_control_msgs/multi_mode_control_msgs/srv/detail/set_controllers__functions.h
[1.345s] -- Up-to-date symlink: /home/herring/rzddzy/ros2_ws/install/multi_mode_control_msgs/include/multi_mode_control_msgs/multi_mode_control_msgs/srv/detail/set_controllers__struct.h
[1.345s] -- Up-to-date symlink: /home/herring/rzddzy/ros2_ws/install/multi_mode_control_msgs/include/multi_mode_control_msgs/multi_mode_control_msgs/srv/detail/set_controllers__type_support.h
[1.345s] -- Up-to-date symlink: /home/herring/rzddzy/ros2_ws/install/multi_mode_control_msgs/include/multi_mode_control_msgs/multi_mode_control_msgs/srv/detail/set_joint_impedance__functions.h
[1.345s] -- Up-to-date symlink: /home/herring/rzddzy/ros2_ws/install/multi_mode_control_msgs/include/multi_mode_control_msgs/multi_mode_control_msgs/srv/detail/set_joint_impedance__struct.h
[1.345s] -- Up-to-date symlink: /home/herring/rzddzy/ros2_ws/install/multi_mode_control_msgs/include/multi_mode_control_msgs/multi_mode_control_msgs/srv/detail/set_joint_impedance__type_support.h
[1.345s] -- Up-to-date symlink: /home/herring/rzddzy/ros2_ws/install/multi_mode_control_msgs/include/multi_mode_control_msgs/multi_mode_control_msgs/srv/detail/set_recovery_mode__functions.h
[1.345s] -- Up-to-date symlink: /home/herring/rzddzy/ros2_ws/install/multi_mode_control_msgs/include/multi_mode_control_msgs/multi_mode_control_msgs/srv/detail/set_recovery_mode__struct.h
[1.345s] -- Up-to-date symlink: /home/herring/rzddzy/ros2_ws/install/multi_mode_control_msgs/include/multi_mode_control_msgs/multi_mode_control_msgs/srv/detail/set_recovery_mode__type_support.h
[1.346s] -- Up-to-date symlink: /home/herring/rzddzy/ros2_ws/install/multi_mode_control_msgs/include/multi_mode_control_msgs/multi_mode_control_msgs/srv/detail/set_reflex__functions.h
[1.346s] -- Up-to-date symlink: /home/herring/rzddzy/ros2_ws/install/multi_mode_control_msgs/include/multi_mode_control_msgs/multi_mode_control_msgs/srv/detail/set_reflex__struct.h
[1.346s] -- Up-to-date symlink: /home/herring/rzddzy/ros2_ws/install/multi_mode_control_msgs/include/multi_mode_control_msgs/multi_mode_control_msgs/srv/detail/set_reflex__type_support.h
[1.346s] -- Up-to-date symlink: /home/herring/rzddzy/ros2_ws/install/multi_mode_control_msgs/include/multi_mode_control_msgs/multi_mode_control_msgs/srv/detail/set_thresholds__functions.h
[1.346s] -- Up-to-date symlink: /home/herring/rzddzy/ros2_ws/install/multi_mode_control_msgs/include/multi_mode_control_msgs/multi_mode_control_msgs/srv/detail/set_thresholds__struct.h
[1.346s] -- Up-to-date symlink: /home/herring/rzddzy/ros2_ws/install/multi_mode_control_msgs/include/multi_mode_control_msgs/multi_mode_control_msgs/srv/detail/set_thresholds__type_support.h
[1.346s] -- Up-to-date symlink: /home/herring/rzddzy/ros2_ws/install/multi_mode_control_msgs/include/multi_mode_control_msgs/multi_mode_control_msgs/srv/detail/set_world_state__functions.h
[1.346s] -- Up-to-date symlink: /home/herring/rzddzy/ros2_ws/install/multi_mode_control_msgs/include/multi_mode_control_msgs/multi_mode_control_msgs/srv/detail/set_world_state__struct.h
[1.347s] -- Up-to-date symlink: /home/herring/rzddzy/ros2_ws/install/multi_mode_control_msgs/include/multi_mode_control_msgs/multi_mode_control_msgs/srv/detail/set_world_state__type_support.h
[1.347s] -- Up-to-date symlink: /home/herring/rzddzy/ros2_ws/install/multi_mode_control_msgs/include/multi_mode_control_msgs/multi_mode_control_msgs/srv/get_controllers.h
[1.347s] -- Up-to-date symlink: /home/herring/rzddzy/ros2_ws/install/multi_mode_control_msgs/include/multi_mode_control_msgs/multi_mode_control_msgs/srv/get_robot_states.h
[1.347s] -- Up-to-date symlink: /home/herring/rzddzy/ros2_ws/install/multi_mode_control_msgs/include/multi_mode_control_msgs/multi_mode_control_msgs/srv/set_cartesian_impedance.h
[1.347s] -- Up-to-date symlink: /home/herring/rzddzy/ros2_ws/install/multi_mode_control_msgs/include/multi_mode_control_msgs/multi_mode_control_msgs/srv/set_controllers.h
[1.347s] -- Up-to-date symlink: /home/herring/rzddzy/ros2_ws/install/multi_mode_control_msgs/include/multi_mode_control_msgs/multi_mode_control_msgs/srv/set_joint_impedance.h
[1.347s] -- Up-to-date symlink: /home/herring/rzddzy/ros2_ws/install/multi_mode_control_msgs/include/multi_mode_control_msgs/multi_mode_control_msgs/srv/set_recovery_mode.h
[1.347s] -- Up-to-date symlink: /home/herring/rzddzy/ros2_ws/install/multi_mode_control_msgs/include/multi_mode_control_msgs/multi_mode_control_msgs/srv/set_reflex.h
[1.348s] -- Up-to-date symlink: /home/herring/rzddzy/ros2_ws/install/multi_mode_control_msgs/include/multi_mode_control_msgs/multi_mode_control_msgs/srv/set_thresholds.h
[1.348s] -- Up-to-date symlink: /home/herring/rzddzy/ros2_ws/install/multi_mode_control_msgs/include/multi_mode_control_msgs/multi_mode_control_msgs/srv/set_world_state.h
[1.348s] -- Up-to-date symlink: /home/herring/rzddzy/ros2_ws/install/multi_mode_control_msgs/share/multi_mode_control_msgs/environment/library_path.sh
[1.348s] -- Up-to-date symlink: /home/herring/rzddzy/ros2_ws/install/multi_mode_control_msgs/share/multi_mode_control_msgs/environment/library_path.dsv
[1.349s] -- Up-to-date symlink: /home/herring/rzddzy/ros2_ws/install/multi_mode_control_msgs/include/multi_mode_control_msgs/multi_mode_control_msgs/msg/detail/cartesian_impedance_goal__rosidl_typesupport_fastrtps_c.h
[1.349s] -- Up-to-date symlink: /home/herring/rzddzy/ros2_ws/install/multi_mode_control_msgs/include/multi_mode_control_msgs/multi_mode_control_msgs/msg/detail/contact_thresholds__rosidl_typesupport_fastrtps_c.h
[1.349s] -- Up-to-date symlink: /home/herring/rzddzy/ros2_ws/install/multi_mode_control_msgs/include/multi_mode_control_msgs/multi_mode_control_msgs/msg/detail/controller__rosidl_typesupport_fastrtps_c.h
[1.349s] -- Up-to-date symlink: /home/herring/rzddzy/ros2_ws/install/multi_mode_control_msgs/include/multi_mode_control_msgs/multi_mode_control_msgs/msg/detail/dual_cartesian_impedance_goal__rosidl_typesupport_fastrtps_c.h
[1.349s] -- Up-to-date symlink: /home/herring/rzddzy/ros2_ws/install/multi_mode_control_msgs/include/multi_mode_control_msgs/multi_mode_control_msgs/msg/detail/joint_array__rosidl_typesupport_fastrtps_c.h
[1.350s] -- Up-to-date symlink: /home/herring/rzddzy/ros2_ws/install/multi_mode_control_msgs/include/multi_mode_control_msgs/multi_mode_control_msgs/msg/detail/joint_goal__rosidl_typesupport_fastrtps_c.h
[1.350s] -- Up-to-date symlink: /home/herring/rzddzy/ros2_ws/install/multi_mode_control_msgs/include/multi_mode_control_msgs/multi_mode_control_msgs/msg/detail/velocity_goal__rosidl_typesupport_fastrtps_c.h
[1.350s] -- Up-to-date symlink: /home/herring/rzddzy/ros2_ws/install/multi_mode_control_msgs/include/multi_mode_control_msgs/multi_mode_control_msgs/msg/detail/wrench__rosidl_typesupport_fastrtps_c.h
[1.350s] -- Up-to-date symlink: /home/herring/rzddzy/ros2_ws/install/multi_mode_control_msgs/include/multi_mode_control_msgs/multi_mode_control_msgs/msg/rosidl_typesupport_fastrtps_c__visibility_control.h
[1.350s] -- Up-to-date symlink: /home/herring/rzddzy/ros2_ws/install/multi_mode_control_msgs/include/multi_mode_control_msgs/multi_mode_control_msgs/srv/detail/get_controllers__rosidl_typesupport_fastrtps_c.h
[1.350s] -- Up-to-date symlink: /home/herring/rzddzy/ros2_ws/install/multi_mode_control_msgs/include/multi_mode_control_msgs/multi_mode_control_msgs/srv/detail/get_robot_states__rosidl_typesupport_fastrtps_c.h
[1.350s] -- Up-to-date symlink: /home/herring/rzddzy/ros2_ws/install/multi_mode_control_msgs/include/multi_mode_control_msgs/multi_mode_control_msgs/srv/detail/set_cartesian_impedance__rosidl_typesupport_fastrtps_c.h
[1.350s] -- Up-to-date symlink: /home/herring/rzddzy/ros2_ws/install/multi_mode_control_msgs/include/multi_mode_control_msgs/multi_mode_control_msgs/srv/detail/set_controllers__rosidl_typesupport_fastrtps_c.h
[1.351s] -- Up-to-date symlink: /home/herring/rzddzy/ros2_ws/install/multi_mode_control_msgs/include/multi_mode_control_msgs/multi_mode_control_msgs/srv/detail/set_joint_impedance__rosidl_typesupport_fastrtps_c.h
[1.351s] -- Up-to-date symlink: /home/herring/rzddzy/ros2_ws/install/multi_mode_control_msgs/include/multi_mode_control_msgs/multi_mode_control_msgs/srv/detail/set_recovery_mode__rosidl_typesupport_fastrtps_c.h
[1.351s] -- Up-to-date symlink: /home/herring/rzddzy/ros2_ws/install/multi_mode_control_msgs/include/multi_mode_control_msgs/multi_mode_control_msgs/srv/detail/set_reflex__rosidl_typesupport_fastrtps_c.h
[1.351s] -- Up-to-date symlink: /home/herring/rzddzy/ros2_ws/install/multi_mode_control_msgs/include/multi_mode_control_msgs/multi_mode_control_msgs/srv/detail/set_thresholds__rosidl_typesupport_fastrtps_c.h
[1.351s] -- Up-to-date symlink: /home/herring/rzddzy/ros2_ws/install/multi_mode_control_msgs/include/multi_mode_control_msgs/multi_mode_control_msgs/srv/detail/set_world_state__rosidl_typesupport_fastrtps_c.h
[1.352s] -- Up-to-date symlink: /home/herring/rzddzy/ros2_ws/install/multi_mode_control_msgs/include/multi_mode_control_msgs/multi_mode_control_msgs/msg/cartesian_impedance_goal.hpp
[1.352s] -- Up-to-date symlink: /home/herring/rzddzy/ros2_ws/install/multi_mode_control_msgs/include/multi_mode_control_msgs/multi_mode_control_msgs/msg/contact_thresholds.hpp
[1.352s] -- Up-to-date symlink: /home/herring/rzddzy/ros2_ws/install/multi_mode_control_msgs/include/multi_mode_control_msgs/multi_mode_control_msgs/msg/controller.hpp
[1.352s] -- Up-to-date symlink: /home/herring/rzddzy/ros2_ws/install/multi_mode_control_msgs/include/multi_mode_control_msgs/multi_mode_control_msgs/msg/detail/cartesian_impedance_goal__builder.hpp
[1.352s] -- Up-to-date symlink: /home/herring/rzddzy/ros2_ws/install/multi_mode_control_msgs/include/multi_mode_control_msgs/multi_mode_control_msgs/msg/detail/cartesian_impedance_goal__struct.hpp
[1.352s] -- Up-to-date symlink: /home/herring/rzddzy/ros2_ws/install/multi_mode_control_msgs/include/multi_mode_control_msgs/multi_mode_control_msgs/msg/detail/cartesian_impedance_goal__traits.hpp
[1.352s] -- Up-to-date symlink: /home/herring/rzddzy/ros2_ws/install/multi_mode_control_msgs/include/multi_mode_control_msgs/multi_mode_control_msgs/msg/detail/cartesian_impedance_goal__type_support.hpp
[1.353s] -- Up-to-date symlink: /home/herring/rzddzy/ros2_ws/install/multi_mode_control_msgs/include/multi_mode_control_msgs/multi_mode_control_msgs/msg/detail/contact_thresholds__builder.hpp
[1.353s] -- Up-to-date symlink: /home/herring/rzddzy/ros2_ws/install/multi_mode_control_msgs/include/multi_mode_control_msgs/multi_mode_control_msgs/msg/detail/contact_thresholds__struct.hpp
[1.353s] -- Up-to-date symlink: /home/herring/rzddzy/ros2_ws/install/multi_mode_control_msgs/include/multi_mode_control_msgs/multi_mode_control_msgs/msg/detail/contact_thresholds__traits.hpp
[1.353s] -- Up-to-date symlink: /home/herring/rzddzy/ros2_ws/install/multi_mode_control_msgs/include/multi_mode_control_msgs/multi_mode_control_msgs/msg/detail/contact_thresholds__type_support.hpp
[1.353s] -- Up-to-date symlink: /home/herring/rzddzy/ros2_ws/install/multi_mode_control_msgs/include/multi_mode_control_msgs/multi_mode_control_msgs/msg/detail/controller__builder.hpp
[1.353s] -- Up-to-date symlink: /home/herring/rzddzy/ros2_ws/install/multi_mode_control_msgs/include/multi_mode_control_msgs/multi_mode_control_msgs/msg/detail/controller__struct.hpp
[1.353s] -- Up-to-date symlink: /home/herring/rzddzy/ros2_ws/install/multi_mode_control_msgs/include/multi_mode_control_msgs/multi_mode_control_msgs/msg/detail/controller__traits.hpp
[1.353s] -- Up-to-date symlink: /home/herring/rzddzy/ros2_ws/install/multi_mode_control_msgs/include/multi_mode_control_msgs/multi_mode_control_msgs/msg/detail/controller__type_support.hpp
[1.353s] -- Up-to-date symlink: /home/herring/rzddzy/ros2_ws/install/multi_mode_control_msgs/include/multi_mode_control_msgs/multi_mode_control_msgs/msg/detail/dual_cartesian_impedance_goal__builder.hpp
[1.354s] -- Up-to-date symlink: /home/herring/rzddzy/ros2_ws/install/multi_mode_control_msgs/include/multi_mode_control_msgs/multi_mode_control_msgs/msg/detail/dual_cartesian_impedance_goal__struct.hpp
[1.354s] -- Up-to-date symlink: /home/herring/rzddzy/ros2_ws/install/multi_mode_control_msgs/include/multi_mode_control_msgs/multi_mode_control_msgs/msg/detail/dual_cartesian_impedance_goal__traits.hpp
[1.354s] -- Up-to-date symlink: /home/herring/rzddzy/ros2_ws/install/multi_mode_control_msgs/include/multi_mode_control_msgs/multi_mode_control_msgs/msg/detail/dual_cartesian_impedance_goal__type_support.hpp
[1.354s] -- Up-to-date symlink: /home/herring/rzddzy/ros2_ws/install/multi_mode_control_msgs/include/multi_mode_control_msgs/multi_mode_control_msgs/msg/detail/joint_array__builder.hpp
[1.354s] -- Up-to-date symlink: /home/herring/rzddzy/ros2_ws/install/multi_mode_control_msgs/include/multi_mode_control_msgs/multi_mode_control_msgs/msg/detail/joint_array__struct.hpp
[1.354s] -- Up-to-date symlink: /home/herring/rzddzy/ros2_ws/install/multi_mode_control_msgs/include/multi_mode_control_msgs/multi_mode_control_msgs/msg/detail/joint_array__traits.hpp
[1.354s] -- Up-to-date symlink: /home/herring/rzddzy/ros2_ws/install/multi_mode_control_msgs/include/multi_mode_control_msgs/multi_mode_control_msgs/msg/detail/joint_array__type_support.hpp
[1.354s] -- Up-to-date symlink: /home/herring/rzddzy/ros2_ws/install/multi_mode_control_msgs/include/multi_mode_control_msgs/multi_mode_control_msgs/msg/detail/joint_goal__builder.hpp
[1.354s] -- Up-to-date symlink: /home/herring/rzddzy/ros2_ws/install/multi_mode_control_msgs/include/multi_mode_control_msgs/multi_mode_control_msgs/msg/detail/joint_goal__struct.hpp
[1.355s] -- Up-to-date symlink: /home/herring/rzddzy/ros2_ws/install/multi_mode_control_msgs/include/multi_mode_control_msgs/multi_mode_control_msgs/msg/detail/joint_goal__traits.hpp
[1.355s] -- Up-to-date symlink: /home/herring/rzddzy/ros2_ws/install/multi_mode_control_msgs/include/multi_mode_control_msgs/multi_mode_control_msgs/msg/detail/joint_goal__type_support.hpp
[1.355s] -- Up-to-date symlink: /home/herring/rzddzy/ros2_ws/install/multi_mode_control_msgs/include/multi_mode_control_msgs/multi_mode_control_msgs/msg/detail/velocity_goal__builder.hpp
[1.355s] -- Up-to-date symlink: /home/herring/rzddzy/ros2_ws/install/multi_mode_control_msgs/include/multi_mode_control_msgs/multi_mode_control_msgs/msg/detail/velocity_goal__struct.hpp
[1.355s] -- Up-to-date symlink: /home/herring/rzddzy/ros2_ws/install/multi_mode_control_msgs/include/multi_mode_control_msgs/multi_mode_control_msgs/msg/detail/velocity_goal__traits.hpp
[1.355s] -- Up-to-date symlink: /home/herring/rzddzy/ros2_ws/install/multi_mode_control_msgs/include/multi_mode_control_msgs/multi_mode_control_msgs/msg/detail/velocity_goal__type_support.hpp
[1.355s] -- Up-to-date symlink: /home/herring/rzddzy/ros2_ws/install/multi_mode_control_msgs/include/multi_mode_control_msgs/multi_mode_control_msgs/msg/detail/wrench__builder.hpp
[1.355s] -- Up-to-date symlink: /home/herring/rzddzy/ros2_ws/install/multi_mode_control_msgs/include/multi_mode_control_msgs/multi_mode_control_msgs/msg/detail/wrench__struct.hpp
[1.355s] -- Up-to-date symlink: /home/herring/rzddzy/ros2_ws/install/multi_mode_control_msgs/include/multi_mode_control_msgs/multi_mode_control_msgs/msg/detail/wrench__traits.hpp
[1.355s] -- Up-to-date symlink: /home/herring/rzddzy/ros2_ws/install/multi_mode_control_msgs/include/multi_mode_control_msgs/multi_mode_control_msgs/msg/detail/wrench__type_support.hpp
[1.356s] -- Up-to-date symlink: /home/herring/rzddzy/ros2_ws/install/multi_mode_control_msgs/include/multi_mode_control_msgs/multi_mode_control_msgs/msg/dual_cartesian_impedance_goal.hpp
[1.356s] -- Up-to-date symlink: /home/herring/rzddzy/ros2_ws/install/multi_mode_control_msgs/include/multi_mode_control_msgs/multi_mode_control_msgs/msg/joint_array.hpp
[1.356s] -- Up-to-date symlink: /home/herring/rzddzy/ros2_ws/install/multi_mode_control_msgs/include/multi_mode_control_msgs/multi_mode_control_msgs/msg/joint_goal.hpp
[1.356s] -- Up-to-date symlink: /home/herring/rzddzy/ros2_ws/install/multi_mode_control_msgs/include/multi_mode_control_msgs/multi_mode_control_msgs/msg/rosidl_generator_cpp__visibility_control.hpp
[1.356s] -- Up-to-date symlink: /home/herring/rzddzy/ros2_ws/install/multi_mode_control_msgs/include/multi_mode_control_msgs/multi_mode_control_msgs/msg/velocity_goal.hpp
[1.356s] -- Up-to-date symlink: /home/herring/rzddzy/ros2_ws/install/multi_mode_control_msgs/include/multi_mode_control_msgs/multi_mode_control_msgs/msg/wrench.hpp
[1.356s] -- Up-to-date symlink: /home/herring/rzddzy/ros2_ws/install/multi_mode_control_msgs/include/multi_mode_control_msgs/multi_mode_control_msgs/srv/detail/get_controllers__builder.hpp
[1.356s] -- Up-to-date symlink: /home/herring/rzddzy/ros2_ws/install/multi_mode_control_msgs/include/multi_mode_control_msgs/multi_mode_control_msgs/srv/detail/get_controllers__struct.hpp
[1.356s] -- Up-to-date symlink: /home/herring/rzddzy/ros2_ws/install/multi_mode_control_msgs/include/multi_mode_control_msgs/multi_mode_control_msgs/srv/detail/get_controllers__traits.hpp
[1.356s] -- Up-to-date symlink: /home/herring/rzddzy/ros2_ws/install/multi_mode_control_msgs/include/multi_mode_control_msgs/multi_mode_control_msgs/srv/detail/get_controllers__type_support.hpp
[1.357s] -- Up-to-date symlink: /home/herring/rzddzy/ros2_ws/install/multi_mode_control_msgs/include/multi_mode_control_msgs/multi_mode_control_msgs/srv/detail/get_robot_states__builder.hpp
[1.357s] -- Up-to-date symlink: /home/herring/rzddzy/ros2_ws/install/multi_mode_control_msgs/include/multi_mode_control_msgs/multi_mode_control_msgs/srv/detail/get_robot_states__struct.hpp
[1.357s] -- Up-to-date symlink: /home/herring/rzddzy/ros2_ws/install/multi_mode_control_msgs/include/multi_mode_control_msgs/multi_mode_control_msgs/srv/detail/get_robot_states__traits.hpp
[1.357s] -- Up-to-date symlink: /home/herring/rzddzy/ros2_ws/install/multi_mode_control_msgs/include/multi_mode_control_msgs/multi_mode_control_msgs/srv/detail/get_robot_states__type_support.hpp
[1.357s] -- Up-to-date symlink: /home/herring/rzddzy/ros2_ws/install/multi_mode_control_msgs/include/multi_mode_control_msgs/multi_mode_control_msgs/srv/detail/set_cartesian_impedance__builder.hpp
[1.357s] -- Up-to-date symlink: /home/herring/rzddzy/ros2_ws/install/multi_mode_control_msgs/include/multi_mode_control_msgs/multi_mode_control_msgs/srv/detail/set_cartesian_impedance__struct.hpp
[1.357s] -- Up-to-date symlink: /home/herring/rzddzy/ros2_ws/install/multi_mode_control_msgs/include/multi_mode_control_msgs/multi_mode_control_msgs/srv/detail/set_cartesian_impedance__traits.hpp
[1.357s] -- Up-to-date symlink: /home/herring/rzddzy/ros2_ws/install/multi_mode_control_msgs/include/multi_mode_control_msgs/multi_mode_control_msgs/srv/detail/set_cartesian_impedance__type_support.hpp
[1.357s] -- Up-to-date symlink: /home/herring/rzddzy/ros2_ws/install/multi_mode_control_msgs/include/multi_mode_control_msgs/multi_mode_control_msgs/srv/detail/set_controllers__builder.hpp
[1.357s] -- Up-to-date symlink: /home/herring/rzddzy/ros2_ws/install/multi_mode_control_msgs/include/multi_mode_control_msgs/multi_mode_control_msgs/srv/detail/set_controllers__struct.hpp
[1.357s] -- Up-to-date symlink: /home/herring/rzddzy/ros2_ws/install/multi_mode_control_msgs/include/multi_mode_control_msgs/multi_mode_control_msgs/srv/detail/set_controllers__traits.hpp
[1.358s] -- Up-to-date symlink: /home/herring/rzddzy/ros2_ws/install/multi_mode_control_msgs/include/multi_mode_control_msgs/multi_mode_control_msgs/srv/detail/set_controllers__type_support.hpp
[1.358s] -- Up-to-date symlink: /home/herring/rzddzy/ros2_ws/install/multi_mode_control_msgs/include/multi_mode_control_msgs/multi_mode_control_msgs/srv/detail/set_joint_impedance__builder.hpp
[1.358s] -- Up-to-date symlink: /home/herring/rzddzy/ros2_ws/install/multi_mode_control_msgs/include/multi_mode_control_msgs/multi_mode_control_msgs/srv/detail/set_joint_impedance__struct.hpp
[1.358s] -- Up-to-date symlink: /home/herring/rzddzy/ros2_ws/install/multi_mode_control_msgs/include/multi_mode_control_msgs/multi_mode_control_msgs/srv/detail/set_joint_impedance__traits.hpp
[1.358s] -- Up-to-date symlink: /home/herring/rzddzy/ros2_ws/install/multi_mode_control_msgs/include/multi_mode_control_msgs/multi_mode_control_msgs/srv/detail/set_joint_impedance__type_support.hpp
[1.358s] -- Up-to-date symlink: /home/herring/rzddzy/ros2_ws/install/multi_mode_control_msgs/include/multi_mode_control_msgs/multi_mode_control_msgs/srv/detail/set_recovery_mode__builder.hpp
[1.358s] -- Up-to-date symlink: /home/herring/rzddzy/ros2_ws/install/multi_mode_control_msgs/include/multi_mode_control_msgs/multi_mode_control_msgs/srv/detail/set_recovery_mode__struct.hpp
[1.358s] -- Up-to-date symlink: /home/herring/rzddzy/ros2_ws/install/multi_mode_control_msgs/include/multi_mode_control_msgs/multi_mode_control_msgs/srv/detail/set_recovery_mode__traits.hpp
[1.358s] -- Up-to-date symlink: /home/herring/rzddzy/ros2_ws/install/multi_mode_control_msgs/include/multi_mode_control_msgs/multi_mode_control_msgs/srv/detail/set_recovery_mode__type_support.hpp
[1.359s] -- Up-to-date symlink: /home/herring/rzddzy/ros2_ws/install/multi_mode_control_msgs/include/multi_mode_control_msgs/multi_mode_control_msgs/srv/detail/set_reflex__builder.hpp
[1.359s] -- Up-to-date symlink: /home/herring/rzddzy/ros2_ws/install/multi_mode_control_msgs/include/multi_mode_control_msgs/multi_mode_control_msgs/srv/detail/set_reflex__struct.hpp
[1.359s] -- Up-to-date symlink: /home/herring/rzddzy/ros2_ws/install/multi_mode_control_msgs/include/multi_mode_control_msgs/multi_mode_control_msgs/srv/detail/set_reflex__traits.hpp
[1.359s] -- Up-to-date symlink: /home/herring/rzddzy/ros2_ws/install/multi_mode_control_msgs/include/multi_mode_control_msgs/multi_mode_control_msgs/srv/detail/set_reflex__type_support.hpp
[1.359s] -- Up-to-date symlink: /home/herring/rzddzy/ros2_ws/install/multi_mode_control_msgs/include/multi_mode_control_msgs/multi_mode_control_msgs/srv/detail/set_thresholds__builder.hpp
[1.359s] -- Up-to-date symlink: /home/herring/rzddzy/ros2_ws/install/multi_mode_control_msgs/include/multi_mode_control_msgs/multi_mode_control_msgs/srv/detail/set_thresholds__struct.hpp
[1.359s] -- Up-to-date symlink: /home/herring/rzddzy/ros2_ws/install/multi_mode_control_msgs/include/multi_mode_control_msgs/multi_mode_control_msgs/srv/detail/set_thresholds__traits.hpp
[1.359s] -- Up-to-date symlink: /home/herring/rzddzy/ros2_ws/install/multi_mode_control_msgs/include/multi_mode_control_msgs/multi_mode_control_msgs/srv/detail/set_thresholds__type_support.hpp
[1.359s] -- Up-to-date symlink: /home/herring/rzddzy/ros2_ws/install/multi_mode_control_msgs/include/multi_mode_control_msgs/multi_mode_control_msgs/srv/detail/set_world_state__builder.hpp
[1.359s] -- Up-to-date symlink: /home/herring/rzddzy/ros2_ws/install/multi_mode_control_msgs/include/multi_mode_control_msgs/multi_mode_control_msgs/srv/detail/set_world_state__struct.hpp
[1.359s] -- Up-to-date symlink: /home/herring/rzddzy/ros2_ws/install/multi_mode_control_msgs/include/multi_mode_control_msgs/multi_mode_control_msgs/srv/detail/set_world_state__traits.hpp
[1.360s] -- Up-to-date symlink: /home/herring/rzddzy/ros2_ws/install/multi_mode_control_msgs/include/multi_mode_control_msgs/multi_mode_control_msgs/srv/detail/set_world_state__type_support.hpp
[1.360s] -- Up-to-date symlink: /home/herring/rzddzy/ros2_ws/install/multi_mode_control_msgs/include/multi_mode_control_msgs/multi_mode_control_msgs/srv/get_controllers.hpp
[1.360s] -- Up-to-date symlink: /home/herring/rzddzy/ros2_ws/install/multi_mode_control_msgs/include/multi_mode_control_msgs/multi_mode_control_msgs/srv/get_robot_states.hpp
[1.360s] -- Up-to-date symlink: /home/herring/rzddzy/ros2_ws/install/multi_mode_control_msgs/include/multi_mode_control_msgs/multi_mode_control_msgs/srv/set_cartesian_impedance.hpp
[1.360s] -- Up-to-date symlink: /home/herring/rzddzy/ros2_ws/install/multi_mode_control_msgs/include/multi_mode_control_msgs/multi_mode_control_msgs/srv/set_controllers.hpp
[1.360s] -- Up-to-date symlink: /home/herring/rzddzy/ros2_ws/install/multi_mode_control_msgs/include/multi_mode_control_msgs/multi_mode_control_msgs/srv/set_joint_impedance.hpp
[1.360s] -- Up-to-date symlink: /home/herring/rzddzy/ros2_ws/install/multi_mode_control_msgs/include/multi_mode_control_msgs/multi_mode_control_msgs/srv/set_recovery_mode.hpp
[1.360s] -- Up-to-date symlink: /home/herring/rzddzy/ros2_ws/install/multi_mode_control_msgs/include/multi_mode_control_msgs/multi_mode_control_msgs/srv/set_reflex.hpp
[1.360s] -- Up-to-date symlink: /home/herring/rzddzy/ros2_ws/install/multi_mode_control_msgs/include/multi_mode_control_msgs/multi_mode_control_msgs/srv/set_thresholds.hpp
[1.360s] -- Up-to-date symlink: /home/herring/rzddzy/ros2_ws/install/multi_mode_control_msgs/include/multi_mode_control_msgs/multi_mode_control_msgs/srv/set_world_state.hpp
[1.361s] -- Up-to-date symlink: /home/herring/rzddzy/ros2_ws/install/multi_mode_control_msgs/include/multi_mode_control_msgs/multi_mode_control_msgs/msg/detail/cartesian_impedance_goal__rosidl_typesupport_fastrtps_cpp.hpp
[1.361s] -- Up-to-date symlink: /home/herring/rzddzy/ros2_ws/install/multi_mode_control_msgs/include/multi_mode_control_msgs/multi_mode_control_msgs/msg/detail/contact_thresholds__rosidl_typesupport_fastrtps_cpp.hpp
[1.361s] -- Up-to-date symlink: /home/herring/rzddzy/ros2_ws/install/multi_mode_control_msgs/include/multi_mode_control_msgs/multi_mode_control_msgs/msg/detail/controller__rosidl_typesupport_fastrtps_cpp.hpp
[1.361s] -- Up-to-date symlink: /home/herring/rzddzy/ros2_ws/install/multi_mode_control_msgs/include/multi_mode_control_msgs/multi_mode_control_msgs/msg/detail/dual_cartesian_impedance_goal__rosidl_typesupport_fastrtps_cpp.hpp
[1.361s] -- Up-to-date symlink: /home/herring/rzddzy/ros2_ws/install/multi_mode_control_msgs/include/multi_mode_control_msgs/multi_mode_control_msgs/msg/detail/joint_array__rosidl_typesupport_fastrtps_cpp.hpp
[1.361s] -- Up-to-date symlink: /home/herring/rzddzy/ros2_ws/install/multi_mode_control_msgs/include/multi_mode_control_msgs/multi_mode_control_msgs/msg/detail/joint_goal__rosidl_typesupport_fastrtps_cpp.hpp
[1.361s] -- Up-to-date symlink: /home/herring/rzddzy/ros2_ws/install/multi_mode_control_msgs/include/multi_mode_control_msgs/multi_mode_control_msgs/msg/detail/velocity_goal__rosidl_typesupport_fastrtps_cpp.hpp
[1.361s] -- Up-to-date symlink: /home/herring/rzddzy/ros2_ws/install/multi_mode_control_msgs/include/multi_mode_control_msgs/multi_mode_control_msgs/msg/detail/wrench__rosidl_typesupport_fastrtps_cpp.hpp
[1.361s] -- Up-to-date symlink: /home/herring/rzddzy/ros2_ws/install/multi_mode_control_msgs/include/multi_mode_control_msgs/multi_mode_control_msgs/msg/rosidl_typesupport_fastrtps_cpp__visibility_control.h
[1.361s] -- Up-to-date symlink: /home/herring/rzddzy/ros2_ws/install/multi_mode_control_msgs/include/multi_mode_control_msgs/multi_mode_control_msgs/srv/detail/get_controllers__rosidl_typesupport_fastrtps_cpp.hpp
[1.361s] -- Up-to-date symlink: /home/herring/rzddzy/ros2_ws/install/multi_mode_control_msgs/include/multi_mode_control_msgs/multi_mode_control_msgs/srv/detail/get_robot_states__rosidl_typesupport_fastrtps_cpp.hpp
[1.362s] -- Up-to-date symlink: /home/herring/rzddzy/ros2_ws/install/multi_mode_control_msgs/include/multi_mode_control_msgs/multi_mode_control_msgs/srv/detail/set_cartesian_impedance__rosidl_typesupport_fastrtps_cpp.hpp
[1.362s] -- Up-to-date symlink: /home/herring/rzddzy/ros2_ws/install/multi_mode_control_msgs/include/multi_mode_control_msgs/multi_mode_control_msgs/srv/detail/set_controllers__rosidl_typesupport_fastrtps_cpp.hpp
[1.362s] -- Up-to-date symlink: /home/herring/rzddzy/ros2_ws/install/multi_mode_control_msgs/include/multi_mode_control_msgs/multi_mode_control_msgs/srv/detail/set_joint_impedance__rosidl_typesupport_fastrtps_cpp.hpp
[1.362s] -- Up-to-date symlink: /home/herring/rzddzy/ros2_ws/install/multi_mode_control_msgs/include/multi_mode_control_msgs/multi_mode_control_msgs/srv/detail/set_recovery_mode__rosidl_typesupport_fastrtps_cpp.hpp
[1.362s] -- Up-to-date symlink: /home/herring/rzddzy/ros2_ws/install/multi_mode_control_msgs/include/multi_mode_control_msgs/multi_mode_control_msgs/srv/detail/set_reflex__rosidl_typesupport_fastrtps_cpp.hpp
[1.362s] -- Up-to-date symlink: /home/herring/rzddzy/ros2_ws/install/multi_mode_control_msgs/include/multi_mode_control_msgs/multi_mode_control_msgs/srv/detail/set_thresholds__rosidl_typesupport_fastrtps_cpp.hpp
[1.362s] -- Up-to-date symlink: /home/herring/rzddzy/ros2_ws/install/multi_mode_control_msgs/include/multi_mode_control_msgs/multi_mode_control_msgs/srv/detail/set_world_state__rosidl_typesupport_fastrtps_cpp.hpp
[1.362s] -- Up-to-date symlink: /home/herring/rzddzy/ros2_ws/install/multi_mode_control_msgs/include/multi_mode_control_msgs/multi_mode_control_msgs/msg/detail/cartesian_impedance_goal__rosidl_typesupport_introspection_c.h
[1.362s] -- Up-to-date symlink: /home/herring/rzddzy/ros2_ws/install/multi_mode_control_msgs/include/multi_mode_control_msgs/multi_mode_control_msgs/msg/detail/contact_thresholds__rosidl_typesupport_introspection_c.h
[1.362s] -- Up-to-date symlink: /home/herring/rzddzy/ros2_ws/install/multi_mode_control_msgs/include/multi_mode_control_msgs/multi_mode_control_msgs/msg/detail/controller__rosidl_typesupport_introspection_c.h
[1.363s] -- Up-to-date symlink: /home/herring/rzddzy/ros2_ws/install/multi_mode_control_msgs/include/multi_mode_control_msgs/multi_mode_control_msgs/msg/detail/dual_cartesian_impedance_goal__rosidl_typesupport_introspection_c.h
[1.363s] -- Up-to-date symlink: /home/herring/rzddzy/ros2_ws/install/multi_mode_control_msgs/include/multi_mode_control_msgs/multi_mode_control_msgs/msg/detail/joint_array__rosidl_typesupport_introspection_c.h
[1.363s] -- Up-to-date symlink: /home/herring/rzddzy/ros2_ws/install/multi_mode_control_msgs/include/multi_mode_control_msgs/multi_mode_control_msgs/msg/detail/joint_goal__rosidl_typesupport_introspection_c.h
[1.363s] -- Up-to-date symlink: /home/herring/rzddzy/ros2_ws/install/multi_mode_control_msgs/include/multi_mode_control_msgs/multi_mode_control_msgs/msg/detail/velocity_goal__rosidl_typesupport_introspection_c.h
[1.363s] -- Up-to-date symlink: /home/herring/rzddzy/ros2_ws/install/multi_mode_control_msgs/include/multi_mode_control_msgs/multi_mode_control_msgs/msg/detail/wrench__rosidl_typesupport_introspection_c.h
[1.363s] -- Up-to-date symlink: /home/herring/rzddzy/ros2_ws/install/multi_mode_control_msgs/include/multi_mode_control_msgs/multi_mode_control_msgs/msg/rosidl_typesupport_introspection_c__visibility_control.h
[1.363s] -- Up-to-date symlink: /home/herring/rzddzy/ros2_ws/install/multi_mode_control_msgs/include/multi_mode_control_msgs/multi_mode_control_msgs/srv/detail/get_controllers__rosidl_typesupport_introspection_c.h
[1.363s] -- Up-to-date symlink: /home/herring/rzddzy/ros2_ws/install/multi_mode_control_msgs/include/multi_mode_control_msgs/multi_mode_control_msgs/srv/detail/get_robot_states__rosidl_typesupport_introspection_c.h
[1.363s] -- Up-to-date symlink: /home/herring/rzddzy/ros2_ws/install/multi_mode_control_msgs/include/multi_mode_control_msgs/multi_mode_control_msgs/srv/detail/set_cartesian_impedance__rosidl_typesupport_introspection_c.h
[1.364s] -- Up-to-date symlink: /home/herring/rzddzy/ros2_ws/install/multi_mode_control_msgs/include/multi_mode_control_msgs/multi_mode_control_msgs/srv/detail/set_controllers__rosidl_typesupport_introspection_c.h
[1.364s] -- Up-to-date symlink: /home/herring/rzddzy/ros2_ws/install/multi_mode_control_msgs/include/multi_mode_control_msgs/multi_mode_control_msgs/srv/detail/set_joint_impedance__rosidl_typesupport_introspection_c.h
[1.364s] -- Up-to-date symlink: /home/herring/rzddzy/ros2_ws/install/multi_mode_control_msgs/include/multi_mode_control_msgs/multi_mode_control_msgs/srv/detail/set_recovery_mode__rosidl_typesupport_introspection_c.h
[1.364s] -- Up-to-date symlink: /home/herring/rzddzy/ros2_ws/install/multi_mode_control_msgs/include/multi_mode_control_msgs/multi_mode_control_msgs/srv/detail/set_reflex__rosidl_typesupport_introspection_c.h
[1.364s] -- Up-to-date symlink: /home/herring/rzddzy/ros2_ws/install/multi_mode_control_msgs/include/multi_mode_control_msgs/multi_mode_control_msgs/srv/detail/set_thresholds__rosidl_typesupport_introspection_c.h
[1.364s] -- Up-to-date symlink: /home/herring/rzddzy/ros2_ws/install/multi_mode_control_msgs/include/multi_mode_control_msgs/multi_mode_control_msgs/srv/detail/set_world_state__rosidl_typesupport_introspection_c.h
[1.364s] -- Up-to-date symlink: /home/herring/rzddzy/ros2_ws/install/multi_mode_control_msgs/include/multi_mode_control_msgs/multi_mode_control_msgs/msg/detail/cartesian_impedance_goal__rosidl_typesupport_introspection_cpp.hpp
[1.364s] -- Up-to-date symlink: /home/herring/rzddzy/ros2_ws/install/multi_mode_control_msgs/include/multi_mode_control_msgs/multi_mode_control_msgs/msg/detail/contact_thresholds__rosidl_typesupport_introspection_cpp.hpp
[1.364s] -- Up-to-date symlink: /home/herring/rzddzy/ros2_ws/install/multi_mode_control_msgs/include/multi_mode_control_msgs/multi_mode_control_msgs/msg/detail/controller__rosidl_typesupport_introspection_cpp.hpp
[1.364s] -- Up-to-date symlink: /home/herring/rzddzy/ros2_ws/install/multi_mode_control_msgs/include/multi_mode_control_msgs/multi_mode_control_msgs/msg/detail/dual_cartesian_impedance_goal__rosidl_typesupport_introspection_cpp.hpp
[1.364s] -- Up-to-date symlink: /home/herring/rzddzy/ros2_ws/install/multi_mode_control_msgs/include/multi_mode_control_msgs/multi_mode_control_msgs/msg/detail/joint_array__rosidl_typesupport_introspection_cpp.hpp
[1.365s] -- Up-to-date symlink: /home/herring/rzddzy/ros2_ws/install/multi_mode_control_msgs/include/multi_mode_control_msgs/multi_mode_control_msgs/msg/detail/joint_goal__rosidl_typesupport_introspection_cpp.hpp
[1.365s] -- Up-to-date symlink: /home/herring/rzddzy/ros2_ws/install/multi_mode_control_msgs/include/multi_mode_control_msgs/multi_mode_control_msgs/msg/detail/velocity_goal__rosidl_typesupport_introspection_cpp.hpp
[1.365s] -- Up-to-date symlink: /home/herring/rzddzy/ros2_ws/install/multi_mode_control_msgs/include/multi_mode_control_msgs/multi_mode_control_msgs/msg/detail/wrench__rosidl_typesupport_introspection_cpp.hpp
[1.365s] -- Up-to-date symlink: /home/herring/rzddzy/ros2_ws/install/multi_mode_control_msgs/include/multi_mode_control_msgs/multi_mode_control_msgs/srv/detail/get_controllers__rosidl_typesupport_introspection_cpp.hpp
[1.365s] -- Up-to-date symlink: /home/herring/rzddzy/ros2_ws/install/multi_mode_control_msgs/include/multi_mode_control_msgs/multi_mode_control_msgs/srv/detail/get_robot_states__rosidl_typesupport_introspection_cpp.hpp
[1.365s] -- Up-to-date symlink: /home/herring/rzddzy/ros2_ws/install/multi_mode_control_msgs/include/multi_mode_control_msgs/multi_mode_control_msgs/srv/detail/set_cartesian_impedance__rosidl_typesupport_introspection_cpp.hpp
[1.365s] -- Up-to-date symlink: /home/herring/rzddzy/ros2_ws/install/multi_mode_control_msgs/include/multi_mode_control_msgs/multi_mode_control_msgs/srv/detail/set_controllers__rosidl_typesupport_introspection_cpp.hpp
[1.365s] -- Up-to-date symlink: /home/herring/rzddzy/ros2_ws/install/multi_mode_control_msgs/include/multi_mode_control_msgs/multi_mode_control_msgs/srv/detail/set_joint_impedance__rosidl_typesupport_introspection_cpp.hpp
[1.365s] -- Up-to-date symlink: /home/herring/rzddzy/ros2_ws/install/multi_mode_control_msgs/include/multi_mode_control_msgs/multi_mode_control_msgs/srv/detail/set_recovery_mode__rosidl_typesupport_introspection_cpp.hpp
[1.365s] -- Up-to-date symlink: /home/herring/rzddzy/ros2_ws/install/multi_mode_control_msgs/include/multi_mode_control_msgs/multi_mode_control_msgs/srv/detail/set_reflex__rosidl_typesupport_introspection_cpp.hpp
[1.365s] -- Up-to-date symlink: /home/herring/rzddzy/ros2_ws/install/multi_mode_control_msgs/include/multi_mode_control_msgs/multi_mode_control_msgs/srv/detail/set_thresholds__rosidl_typesupport_introspection_cpp.hpp
[1.366s] -- Up-to-date symlink: /home/herring/rzddzy/ros2_ws/install/multi_mode_control_msgs/include/multi_mode_control_msgs/multi_mode_control_msgs/srv/detail/set_world_state__rosidl_typesupport_introspection_cpp.hpp
[1.366s] -- Up-to-date symlink: /home/herring/rzddzy/ros2_ws/install/multi_mode_control_msgs/share/multi_mode_control_msgs/environment/pythonpath.sh
[1.366s] -- Up-to-date symlink: /home/herring/rzddzy/ros2_ws/install/multi_mode_control_msgs/share/multi_mode_control_msgs/environment/pythonpath.dsv
[1.366s] -- Up-to-date symlink: /home/herring/rzddzy/ros2_ws/install/multi_mode_control_msgs/lib/python3.12/site-packages/multi_mode_control_msgs-0.0.0-py3.12.egg-info/PKG-INFO
[1.366s] -- Up-to-date symlink: /home/herring/rzddzy/ros2_ws/install/multi_mode_control_msgs/lib/python3.12/site-packages/multi_mode_control_msgs-0.0.0-py3.12.egg-info/SOURCES.txt
[1.366s] -- Up-to-date symlink: /home/herring/rzddzy/ros2_ws/install/multi_mode_control_msgs/lib/python3.12/site-packages/multi_mode_control_msgs-0.0.0-py3.12.egg-info/dependency_links.txt
[1.366s] -- Up-to-date symlink: /home/herring/rzddzy/ros2_ws/install/multi_mode_control_msgs/lib/python3.12/site-packages/multi_mode_control_msgs-0.0.0-py3.12.egg-info/top_level.txt
[1.366s] -- Up-to-date symlink: /home/herring/rzddzy/ros2_ws/install/multi_mode_control_msgs/lib/python3.12/site-packages/multi_mode_control_msgs/__init__.py
[1.366s] -- Up-to-date symlink: /home/herring/rzddzy/ros2_ws/install/multi_mode_control_msgs/lib/python3.12/site-packages/multi_mode_control_msgs/_multi_mode_control_msgs_s.ep.rosidl_typesupport_c.c
[1.367s] -- Up-to-date symlink: /home/herring/rzddzy/ros2_ws/install/multi_mode_control_msgs/lib/python3.12/site-packages/multi_mode_control_msgs/_multi_mode_control_msgs_s.ep.rosidl_typesupport_fastrtps_c.c
[1.367s] -- Up-to-date symlink: /home/herring/rzddzy/ros2_ws/install/multi_mode_control_msgs/lib/python3.12/site-packages/multi_mode_control_msgs/_multi_mode_control_msgs_s.ep.rosidl_typesupport_introspection_c.c
[1.367s] -- Up-to-date symlink: /home/herring/rzddzy/ros2_ws/install/multi_mode_control_msgs/lib/python3.12/site-packages/multi_mode_control_msgs/msg/__init__.py
[1.367s] -- Up-to-date symlink: /home/herring/rzddzy/ros2_ws/install/multi_mode_control_msgs/lib/python3.12/site-packages/multi_mode_control_msgs/msg/_cartesian_impedance_goal.py
[1.367s] -- Up-to-date symlink: /home/herring/rzddzy/ros2_ws/install/multi_mode_control_msgs/lib/python3.12/site-packages/multi_mode_control_msgs/msg/_cartesian_impedance_goal_s.c
[1.367s] -- Up-to-date symlink: /home/herring/rzddzy/ros2_ws/install/multi_mode_control_msgs/lib/python3.12/site-packages/multi_mode_control_msgs/msg/_contact_thresholds.py
[1.367s] -- Up-to-date symlink: /home/herring/rzddzy/ros2_ws/install/multi_mode_control_msgs/lib/python3.12/site-packages/multi_mode_control_msgs/msg/_contact_thresholds_s.c
[1.367s] -- Up-to-date symlink: /home/herring/rzddzy/ros2_ws/install/multi_mode_control_msgs/lib/python3.12/site-packages/multi_mode_control_msgs/msg/_controller.py
[1.367s] -- Up-to-date symlink: /home/herring/rzddzy/ros2_ws/install/multi_mode_control_msgs/lib/python3.12/site-packages/multi_mode_control_msgs/msg/_controller_s.c
[1.367s] -- Up-to-date symlink: /home/herring/rzddzy/ros2_ws/install/multi_mode_control_msgs/lib/python3.12/site-packages/multi_mode_control_msgs/msg/_dual_cartesian_impedance_goal.py
[1.368s] -- Up-to-date symlink: /home/herring/rzddzy/ros2_ws/install/multi_mode_control_msgs/lib/python3.12/site-packages/multi_mode_control_msgs/msg/_dual_cartesian_impedance_goal_s.c
[1.368s] -- Up-to-date symlink: /home/herring/rzddzy/ros2_ws/install/multi_mode_control_msgs/lib/python3.12/site-packages/multi_mode_control_msgs/msg/_joint_array.py
[1.368s] -- Up-to-date symlink: /home/herring/rzddzy/ros2_ws/install/multi_mode_control_msgs/lib/python3.12/site-packages/multi_mode_control_msgs/msg/_joint_array_s.c
[1.368s] -- Up-to-date symlink: /home/herring/rzddzy/ros2_ws/install/multi_mode_control_msgs/lib/python3.12/site-packages/multi_mode_control_msgs/msg/_joint_goal.py
[1.368s] -- Up-to-date symlink: /home/herring/rzddzy/ros2_ws/install/multi_mode_control_msgs/lib/python3.12/site-packages/multi_mode_control_msgs/msg/_joint_goal_s.c
[1.368s] -- Up-to-date symlink: /home/herring/rzddzy/ros2_ws/install/multi_mode_control_msgs/lib/python3.12/site-packages/multi_mode_control_msgs/msg/_velocity_goal.py
[1.368s] -- Up-to-date symlink: /home/herring/rzddzy/ros2_ws/install/multi_mode_control_msgs/lib/python3.12/site-packages/multi_mode_control_msgs/msg/_velocity_goal_s.c
[1.368s] -- Up-to-date symlink: /home/herring/rzddzy/ros2_ws/install/multi_mode_control_msgs/lib/python3.12/site-packages/multi_mode_control_msgs/msg/_wrench.py
[1.368s] -- Up-to-date symlink: /home/herring/rzddzy/ros2_ws/install/multi_mode_control_msgs/lib/python3.12/site-packages/multi_mode_control_msgs/msg/_wrench_s.c
[1.368s] -- Up-to-date symlink: /home/herring/rzddzy/ros2_ws/install/multi_mode_control_msgs/lib/python3.12/site-packages/multi_mode_control_msgs/multi_mode_control_msgs_s__rosidl_typesupport_c.so
[1.369s] -- Up-to-date symlink: /home/herring/rzddzy/ros2_ws/install/multi_mode_control_msgs/lib/python3.12/site-packages/multi_mode_control_msgs/multi_mode_control_msgs_s__rosidl_typesupport_fastrtps_c.so
[1.369s] -- Up-to-date symlink: /home/herring/rzddzy/ros2_ws/install/multi_mode_control_msgs/lib/python3.12/site-packages/multi_mode_control_msgs/multi_mode_control_msgs_s__rosidl_typesupport_introspection_c.so
[1.369s] -- Up-to-date symlink: /home/herring/rzddzy/ros2_ws/install/multi_mode_control_msgs/lib/python3.12/site-packages/multi_mode_control_msgs/srv/__init__.py
[1.369s] -- Up-to-date symlink: /home/herring/rzddzy/ros2_ws/install/multi_mode_control_msgs/lib/python3.12/site-packages/multi_mode_control_msgs/srv/_get_controllers.py
[1.369s] -- Up-to-date symlink: /home/herring/rzddzy/ros2_ws/install/multi_mode_control_msgs/lib/python3.12/site-packages/multi_mode_control_msgs/srv/_get_controllers_s.c
[1.369s] -- Up-to-date symlink: /home/herring/rzddzy/ros2_ws/install/multi_mode_control_msgs/lib/python3.12/site-packages/multi_mode_control_msgs/srv/_get_robot_states.py
[1.369s] -- Up-to-date symlink: /home/herring/rzddzy/ros2_ws/install/multi_mode_control_msgs/lib/python3.12/site-packages/multi_mode_control_msgs/srv/_get_robot_states_s.c
[1.369s] -- Up-to-date symlink: /home/herring/rzddzy/ros2_ws/install/multi_mode_control_msgs/lib/python3.12/site-packages/multi_mode_control_msgs/srv/_set_cartesian_impedance.py
[1.369s] -- Up-to-date symlink: /home/herring/rzddzy/ros2_ws/install/multi_mode_control_msgs/lib/python3.12/site-packages/multi_mode_control_msgs/srv/_set_cartesian_impedance_s.c
[1.369s] -- Up-to-date symlink: /home/herring/rzddzy/ros2_ws/install/multi_mode_control_msgs/lib/python3.12/site-packages/multi_mode_control_msgs/srv/_set_controllers.py
[1.370s] -- Up-to-date symlink: /home/herring/rzddzy/ros2_ws/install/multi_mode_control_msgs/lib/python3.12/site-packages/multi_mode_control_msgs/srv/_set_controllers_s.c
[1.370s] -- Up-to-date symlink: /home/herring/rzddzy/ros2_ws/install/multi_mode_control_msgs/lib/python3.12/site-packages/multi_mode_control_msgs/srv/_set_joint_impedance.py
[1.370s] -- Up-to-date symlink: /home/herring/rzddzy/ros2_ws/install/multi_mode_control_msgs/lib/python3.12/site-packages/multi_mode_control_msgs/srv/_set_joint_impedance_s.c
[1.370s] -- Up-to-date symlink: /home/herring/rzddzy/ros2_ws/install/multi_mode_control_msgs/lib/python3.12/site-packages/multi_mode_control_msgs/srv/_set_recovery_mode.py
[1.370s] -- Up-to-date symlink: /home/herring/rzddzy/ros2_ws/install/multi_mode_control_msgs/lib/python3.12/site-packages/multi_mode_control_msgs/srv/_set_recovery_mode_s.c
[1.370s] -- Up-to-date symlink: /home/herring/rzddzy/ros2_ws/install/multi_mode_control_msgs/lib/python3.12/site-packages/multi_mode_control_msgs/srv/_set_reflex.py
[1.370s] -- Up-to-date symlink: /home/herring/rzddzy/ros2_ws/install/multi_mode_control_msgs/lib/python3.12/site-packages/multi_mode_control_msgs/srv/_set_reflex_s.c
[1.370s] -- Up-to-date symlink: /home/herring/rzddzy/ros2_ws/install/multi_mode_control_msgs/lib/python3.12/site-packages/multi_mode_control_msgs/srv/_set_thresholds.py
[1.370s] -- Up-to-date symlink: /home/herring/rzddzy/ros2_ws/install/multi_mode_control_msgs/lib/python3.12/site-packages/multi_mode_control_msgs/srv/_set_thresholds_s.c
[1.370s] -- Up-to-date symlink: /home/herring/rzddzy/ros2_ws/install/multi_mode_control_msgs/lib/python3.12/site-packages/multi_mode_control_msgs/srv/_set_world_state.py
[1.371s] -- Up-to-date symlink: /home/herring/rzddzy/ros2_ws/install/multi_mode_control_msgs/lib/python3.12/site-packages/multi_mode_control_msgs/srv/_set_world_state_s.c
[1.371s] -- Up-to-date symlink: /home/herring/rzddzy/ros2_ws/install/multi_mode_control_msgs/lib/python3.12/site-packages/multi_mode_control_msgs/multi_mode_control_msgs_s__rosidl_typesupport_fastrtps_c.so
[1.371s] -- Up-to-date symlink: /home/herring/rzddzy/ros2_ws/install/multi_mode_control_msgs/lib/python3.12/site-packages/multi_mode_control_msgs/multi_mode_control_msgs_s__rosidl_typesupport_introspection_c.so
[1.371s] -- Up-to-date symlink: /home/herring/rzddzy/ros2_ws/install/multi_mode_control_msgs/lib/python3.12/site-packages/multi_mode_control_msgs/multi_mode_control_msgs_s__rosidl_typesupport_c.so
[1.371s] -- Up-to-date symlink: /home/herring/rzddzy/ros2_ws/install/multi_mode_control_msgs/share/multi_mode_control_msgs/msg/CartesianImpedanceGoal.idl
[1.371s] -- Up-to-date symlink: /home/herring/rzddzy/ros2_ws/install/multi_mode_control_msgs/share/multi_mode_control_msgs/msg/DualCartesianImpedanceGoal.idl
[1.371s] -- Up-to-date symlink: /home/herring/rzddzy/ros2_ws/install/multi_mode_control_msgs/share/multi_mode_control_msgs/msg/ContactThresholds.idl
[1.371s] -- Up-to-date symlink: /home/herring/rzddzy/ros2_ws/install/multi_mode_control_msgs/share/multi_mode_control_msgs/msg/Controller.idl
[1.371s] -- Up-to-date symlink: /home/herring/rzddzy/ros2_ws/install/multi_mode_control_msgs/share/multi_mode_control_msgs/msg/JointArray.idl
[1.372s] -- Up-to-date symlink: /home/herring/rzddzy/ros2_ws/install/multi_mode_control_msgs/share/multi_mode_control_msgs/msg/JointGoal.idl
[1.372s] -- Up-to-date symlink: /home/herring/rzddzy/ros2_ws/install/multi_mode_control_msgs/share/multi_mode_control_msgs/msg/VelocityGoal.idl
[1.372s] -- Up-to-date symlink: /home/herring/rzddzy/ros2_ws/install/multi_mode_control_msgs/share/multi_mode_control_msgs/msg/Wrench.idl
[1.372s] -- Up-to-date symlink: /home/herring/rzddzy/ros2_ws/install/multi_mode_control_msgs/share/multi_mode_control_msgs/srv/GetControllers.idl
[1.372s] -- Up-to-date symlink: /home/herring/rzddzy/ros2_ws/install/multi_mode_control_msgs/share/multi_mode_control_msgs/srv/GetRobotStates.idl
[1.372s] -- Up-to-date symlink: /home/herring/rzddzy/ros2_ws/install/multi_mode_control_msgs/share/multi_mode_control_msgs/srv/SetCartesianImpedance.idl
[1.372s] -- Up-to-date symlink: /home/herring/rzddzy/ros2_ws/install/multi_mode_control_msgs/share/multi_mode_control_msgs/srv/SetControllers.idl
[1.372s] -- Up-to-date symlink: /home/herring/rzddzy/ros2_ws/install/multi_mode_control_msgs/share/multi_mode_control_msgs/srv/SetJointImpedance.idl
[1.372s] -- Up-to-date symlink: /home/herring/rzddzy/ros2_ws/install/multi_mode_control_msgs/share/multi_mode_control_msgs/srv/SetRecoveryMode.idl
[1.372s] -- Up-to-date symlink: /home/herring/rzddzy/ros2_ws/install/multi_mode_control_msgs/share/multi_mode_control_msgs/srv/SetReflex.idl
[1.373s] -- Up-to-date symlink: /home/herring/rzddzy/ros2_ws/install/multi_mode_control_msgs/share/multi_mode_control_msgs/srv/SetThresholds.idl
[1.373s] -- Up-to-date symlink: /home/herring/rzddzy/ros2_ws/install/multi_mode_control_msgs/share/multi_mode_control_msgs/srv/SetWorldState.idl
[1.373s] -- Up-to-date symlink: /home/herring/rzddzy/ros2_ws/install/multi_mode_control_msgs/share/multi_mode_control_msgs/msg/CartesianImpedanceGoal.msg
[1.373s] -- Up-to-date symlink: /home/herring/rzddzy/ros2_ws/install/multi_mode_control_msgs/share/multi_mode_control_msgs/msg/DualCartesianImpedanceGoal.msg
[1.373s] -- Up-to-date symlink: /home/herring/rzddzy/ros2_ws/install/multi_mode_control_msgs/share/multi_mode_control_msgs/msg/ContactThresholds.msg
[1.373s] -- Up-to-date symlink: /home/herring/rzddzy/ros2_ws/install/multi_mode_control_msgs/share/multi_mode_control_msgs/msg/Controller.msg
[1.373s] -- Up-to-date symlink: /home/herring/rzddzy/ros2_ws/install/multi_mode_control_msgs/share/multi_mode_control_msgs/msg/JointArray.msg
[1.373s] -- Up-to-date symlink: /home/herring/rzddzy/ros2_ws/install/multi_mode_control_msgs/share/multi_mode_control_msgs/msg/JointGoal.msg
[1.373s] -- Up-to-date symlink: /home/herring/rzddzy/ros2_ws/install/multi_mode_control_msgs/share/multi_mode_control_msgs/msg/VelocityGoal.msg
[1.373s] -- Up-to-date symlink: /home/herring/rzddzy/ros2_ws/install/multi_mode_control_msgs/share/multi_mode_control_msgs/msg/Wrench.msg
[1.373s] -- Up-to-date symlink: /home/herring/rzddzy/ros2_ws/install/multi_mode_control_msgs/share/multi_mode_control_msgs/srv/GetControllers.srv
[1.373s] -- Up-to-date symlink: /home/herring/rzddzy/ros2_ws/install/multi_mode_control_msgs/share/multi_mode_control_msgs/srv/GetRobotStates.srv
[1.373s] -- Up-to-date symlink: /home/herring/rzddzy/ros2_ws/install/multi_mode_control_msgs/share/multi_mode_control_msgs/srv/SetCartesianImpedance.srv
[1.374s] -- Up-to-date symlink: /home/herring/rzddzy/ros2_ws/install/multi_mode_control_msgs/share/multi_mode_control_msgs/srv/SetControllers.srv
[1.374s] -- Up-to-date symlink: /home/herring/rzddzy/ros2_ws/install/multi_mode_control_msgs/share/multi_mode_control_msgs/srv/SetJointImpedance.srv
[1.374s] -- Up-to-date symlink: /home/herring/rzddzy/ros2_ws/install/multi_mode_control_msgs/share/multi_mode_control_msgs/srv/SetRecoveryMode.srv
[1.374s] -- Up-to-date symlink: /home/herring/rzddzy/ros2_ws/install/multi_mode_control_msgs/share/multi_mode_control_msgs/srv/SetReflex.srv
[1.374s] -- Up-to-date symlink: /home/herring/rzddzy/ros2_ws/install/multi_mode_control_msgs/share/multi_mode_control_msgs/srv/SetThresholds.srv
[1.374s] -- Up-to-date symlink: /home/herring/rzddzy/ros2_ws/install/multi_mode_control_msgs/share/multi_mode_control_msgs/srv/SetWorldState.srv
[1.374s] -- Up-to-date symlink: /home/herring/rzddzy/ros2_ws/install/multi_mode_control_msgs/share/ament_index/resource_index/package_run_dependencies/multi_mode_control_msgs
[1.374s] -- Up-to-date symlink: /home/herring/rzddzy/ros2_ws/install/multi_mode_control_msgs/share/ament_index/resource_index/parent_prefix_path/multi_mode_control_msgs
[1.374s] -- Up-to-date symlink: /home/herring/rzddzy/ros2_ws/install/multi_mode_control_msgs/share/multi_mode_control_msgs/environment/ament_prefix_path.sh
[1.374s] -- Up-to-date symlink: /home/herring/rzddzy/ros2_ws/install/multi_mode_control_msgs/share/multi_mode_control_msgs/environment/ament_prefix_path.dsv
[1.374s] -- Up-to-date symlink: /home/herring/rzddzy/ros2_ws/install/multi_mode_control_msgs/share/multi_mode_control_msgs/environment/path.sh
[1.374s] -- Up-to-date symlink: /home/herring/rzddzy/ros2_ws/install/multi_mode_control_msgs/share/multi_mode_control_msgs/environment/path.dsv
[1.374s] -- Up-to-date symlink: /home/herring/rzddzy/ros2_ws/install/multi_mode_control_msgs/share/multi_mode_control_msgs/local_setup.bash
[1.375s] -- Up-to-date symlink: /home/herring/rzddzy/ros2_ws/install/multi_mode_control_msgs/share/multi_mode_control_msgs/local_setup.sh
[1.375s] -- Up-to-date symlink: /home/herring/rzddzy/ros2_ws/install/multi_mode_control_msgs/share/multi_mode_control_msgs/local_setup.zsh
[1.375s] -- Up-to-date symlink: /home/herring/rzddzy/ros2_ws/install/multi_mode_control_msgs/share/multi_mode_control_msgs/local_setup.dsv
[1.375s] -- Symlinking: /home/herring/rzddzy/ros2_ws/install/multi_mode_control_msgs/share/multi_mode_control_msgs/package.dsv
[1.379s] -- Up-to-date symlink: /home/herring/rzddzy/ros2_ws/install/multi_mode_control_msgs/share/ament_index/resource_index/packages/multi_mode_control_msgs
[1.380s] -- Up-to-date symlink: /home/herring/rzddzy/ros2_ws/install/multi_mode_control_msgs/share/multi_mode_control_msgs/cmake/rosidl_cmake-extras.cmake
[1.380s] -- Up-to-date symlink: /home/herring/rzddzy/ros2_ws/install/multi_mode_control_msgs/share/multi_mode_control_msgs/cmake/ament_cmake_export_dependencies-extras.cmake
[1.380s] -- Up-to-date symlink: /home/herring/rzddzy/ros2_ws/install/multi_mode_control_msgs/share/multi_mode_control_msgs/cmake/ament_cmake_export_include_directories-extras.cmake
[1.380s] -- Up-to-date symlink: /home/herring/rzddzy/ros2_ws/install/multi_mode_control_msgs/share/multi_mode_control_msgs/cmake/ament_cmake_export_libraries-extras.cmake
[1.380s] -- Up-to-date symlink: /home/herring/rzddzy/ros2_ws/install/multi_mode_control_msgs/share/multi_mode_control_msgs/cmake/ament_cmake_export_targets-extras.cmake
[1.380s] -- Up-to-date symlink: /home/herring/rzddzy/ros2_ws/install/multi_mode_control_msgs/share/multi_mode_control_msgs/cmake/rosidl_cmake_export_typesupport_targets-extras.cmake
[1.380s] -- Up-to-date symlink: /home/herring/rzddzy/ros2_ws/install/multi_mode_control_msgs/share/multi_mode_control_msgs/cmake/rosidl_cmake_export_typesupport_libraries-extras.cmake
[1.380s] -- Up-to-date symlink: /home/herring/rzddzy/ros2_ws/install/multi_mode_control_msgs/share/multi_mode_control_msgs/cmake/multi_mode_control_msgsConfig.cmake
[1.380s] -- Up-to-date symlink: /home/herring/rzddzy/ros2_ws/install/multi_mode_control_msgs/share/multi_mode_control_msgs/cmake/multi_mode_control_msgsConfig-version.cmake
[1.380s] -- Up-to-date symlink: /home/herring/rzddzy/ros2_ws/install/multi_mode_control_msgs/share/multi_mode_control_msgs/package.xml
[1.381s] -- Up-to-date: /home/herring/rzddzy/ros2_ws/install/multi_mode_control_msgs/lib/libmulti_mode_control_msgs__rosidl_generator_c.so
[1.381s] -- Up-to-date: /home/herring/rzddzy/ros2_ws/install/multi_mode_control_msgs/lib/libmulti_mode_control_msgs__rosidl_typesupport_fastrtps_c.so
[1.381s] -- Up-to-date: /home/herring/rzddzy/ros2_ws/install/multi_mode_control_msgs/lib/libmulti_mode_control_msgs__rosidl_typesupport_fastrtps_cpp.so
[1.381s] -- Up-to-date: /home/herring/rzddzy/ros2_ws/install/multi_mode_control_msgs/lib/libmulti_mode_control_msgs__rosidl_typesupport_introspection_c.so
[1.381s] -- Up-to-date: /home/herring/rzddzy/ros2_ws/install/multi_mode_control_msgs/lib/libmulti_mode_control_msgs__rosidl_typesupport_c.so
[1.381s] -- Up-to-date: /home/herring/rzddzy/ros2_ws/install/multi_mode_control_msgs/lib/libmulti_mode_control_msgs__rosidl_typesupport_introspection_cpp.so
[1.381s] -- Up-to-date: /home/herring/rzddzy/ros2_ws/install/multi_mode_control_msgs/lib/libmulti_mode_control_msgs__rosidl_typesupport_cpp.so
[1.416s] Listing '/home/herring/rzddzy/ros2_ws/install/multi_mode_control_msgs/lib/python3.12/site-packages/multi_mode_control_msgs'...
[1.417s] Compiling '/home/herring/rzddzy/ros2_ws/install/multi_mode_control_msgs/lib/python3.12/site-packages/multi_mode_control_msgs/__init__.py'...
[1.417s] Listing '/home/herring/rzddzy/ros2_ws/install/multi_mode_control_msgs/lib/python3.12/site-packages/multi_mode_control_msgs/msg'...
[1.417s] Listing '/home/herring/rzddzy/ros2_ws/install/multi_mode_control_msgs/lib/python3.12/site-packages/multi_mode_control_msgs/srv'...
[1.420s] -- Up-to-date: /home/herring/rzddzy/ros2_ws/install/multi_mode_control_msgs/lib/libmulti_mode_control_msgs__rosidl_generator_py.so
[1.420s] -- Up-to-date: /home/herring/rzddzy/ros2_ws/install/multi_mode_control_msgs/share/multi_mode_control_msgs/cmake/export_multi_mode_control_msgs__rosidl_generator_cExport.cmake
[1.421s] -- Up-to-date: /home/herring/rzddzy/ros2_ws/install/multi_mode_control_msgs/share/multi_mode_control_msgs/cmake/export_multi_mode_control_msgs__rosidl_generator_cExport-noconfig.cmake
[1.421s] -- Up-to-date: /home/herring/rzddzy/ros2_ws/install/multi_mode_control_msgs/share/multi_mode_control_msgs/cmake/export_multi_mode_control_msgs__rosidl_typesupport_fastrtps_cExport.cmake
[1.421s] -- Up-to-date: /home/herring/rzddzy/ros2_ws/install/multi_mode_control_msgs/share/multi_mode_control_msgs/cmake/export_multi_mode_control_msgs__rosidl_typesupport_fastrtps_cExport-noconfig.cmake
[1.421s] -- Up-to-date: /home/herring/rzddzy/ros2_ws/install/multi_mode_control_msgs/share/multi_mode_control_msgs/cmake/export_multi_mode_control_msgs__rosidl_generator_cppExport.cmake
[1.421s] -- Up-to-date: /home/herring/rzddzy/ros2_ws/install/multi_mode_control_msgs/share/multi_mode_control_msgs/cmake/export_multi_mode_control_msgs__rosidl_typesupport_fastrtps_cppExport.cmake
[1.421s] -- Up-to-date: /home/herring/rzddzy/ros2_ws/install/multi_mode_control_msgs/share/multi_mode_control_msgs/cmake/export_multi_mode_control_msgs__rosidl_typesupport_fastrtps_cppExport-noconfig.cmake
[1.421s] -- Up-to-date: /home/herring/rzddzy/ros2_ws/install/multi_mode_control_msgs/share/multi_mode_control_msgs/cmake/multi_mode_control_msgs__rosidl_typesupport_introspection_cExport.cmake
[1.421s] -- Up-to-date: /home/herring/rzddzy/ros2_ws/install/multi_mode_control_msgs/share/multi_mode_control_msgs/cmake/multi_mode_control_msgs__rosidl_typesupport_introspection_cExport-noconfig.cmake
[1.421s] -- Up-to-date: /home/herring/rzddzy/ros2_ws/install/multi_mode_control_msgs/share/multi_mode_control_msgs/cmake/multi_mode_control_msgs__rosidl_typesupport_cExport.cmake
[1.421s] -- Up-to-date: /home/herring/rzddzy/ros2_ws/install/multi_mode_control_msgs/share/multi_mode_control_msgs/cmake/multi_mode_control_msgs__rosidl_typesupport_cExport-noconfig.cmake
[1.421s] -- Up-to-date: /home/herring/rzddzy/ros2_ws/install/multi_mode_control_msgs/share/multi_mode_control_msgs/cmake/multi_mode_control_msgs__rosidl_typesupport_introspection_cppExport.cmake
[1.421s] -- Up-to-date: /home/herring/rzddzy/ros2_ws/install/multi_mode_control_msgs/share/multi_mode_control_msgs/cmake/multi_mode_control_msgs__rosidl_typesupport_introspection_cppExport-noconfig.cmake
[1.421s] -- Up-to-date: /home/herring/rzddzy/ros2_ws/install/multi_mode_control_msgs/share/multi_mode_control_msgs/cmake/multi_mode_control_msgs__rosidl_typesupport_cppExport.cmake
[1.421s] -- Up-to-date: /home/herring/rzddzy/ros2_ws/install/multi_mode_control_msgs/share/multi_mode_control_msgs/cmake/multi_mode_control_msgs__rosidl_typesupport_cppExport-noconfig.cmake
[1.421s] -- Up-to-date: /home/herring/rzddzy/ros2_ws/install/multi_mode_control_msgs/share/multi_mode_control_msgs/cmake/export_multi_mode_control_msgs__rosidl_generator_pyExport.cmake
[1.422s] -- Up-to-date: /home/herring/rzddzy/ros2_ws/install/multi_mode_control_msgs/share/multi_mode_control_msgs/cmake/export_multi_mode_control_msgs__rosidl_generator_pyExport-noconfig.cmake
[1.424s] Invoked command in '/home/herring/rzddzy/ros2_ws/build/multi_mode_control_msgs' returned '0': AMENT_PREFIX_PATH=/home/herring/rzddzy/ros2_ws/install/franka_msgs:${AMENT_PREFIX_PATH} CMAKE_PREFIX_PATH=/home/herring/rzddzy/ros2_ws/install/franka_msgs:/opt/ros/jazzy/opt/sdformat_vendor:/opt/ros/jazzy/opt/gz_math_vendor:/opt/ros/jazzy/opt/gz_utils_vendor:/opt/ros/jazzy/opt/gz_tools_vendor:/opt/ros/jazzy/opt/gz_cmake_vendor:/opt/ros/jazzy DEBUGINFOD_URLS=https://debuginfod.ubuntu.com LD_LIBRARY_PATH=/home/herring/rzddzy/ros2_ws/install/franka_msgs/lib:${LD_LIBRARY_PATH} PYTHONPATH=/home/herring/rzddzy/ros2_ws/install/franka_msgs/lib/python3.12/site-packages:${PYTHONPATH} /usr/bin/cmake --install /home/herring/rzddzy/ros2_ws/build/multi_mode_control_msgs
