-- Found ament_cmake: 2.5.5 (/opt/ros/jazzy/share/ament_cmake/cmake)
-- Override CMake install command with custom implementation using symlinks instead of copying resources
-- Found pluginlib: 5.4.4 (/opt/ros/jazzy/share/pluginlib/cmake)
-- Found TinyXML2 via Config file: /usr/lib/x86_64-linux-gnu/cmake/tinyxml2
-- Found rclcpp: 28.1.16 (/opt/ros/jazzy/share/rclcpp/cmake)
-- Found rosidl_generator_c: 4.6.7 (/opt/ros/jazzy/share/rosidl_generator_c/cmake)
-- Found rosidl_generator_cpp: 4.6.7 (/opt/ros/jazzy/share/rosidl_generator_cpp/cmake)
-- Using all available rosidl_typesupport_c: rosidl_typesupport_fastrtps_c;rosidl_typesupport_introspection_c
-- Using all available rosidl_typesupport_cpp: rosidl_typesupport_fastrtps_cpp;rosidl_typesupport_introspection_cpp
-- Found rmw_implementation_cmake: 7.3.3 (/opt/ros/jazzy/share/rmw_implementation_cmake/cmake)
-- Found rmw_fastrtps_cpp: 8.4.3 (/opt/ros/jazzy/share/rmw_fastrtps_cpp/cmake)
-- Found TinyXML2 via Config file: /usr/lib/x86_64-linux-gnu/cmake/tinyxml2
-- Found TinyXML2 via Config file: /usr/lib/x86_64-linux-gnu/cmake/tinyxml2
-- Found TinyXML2 via Config file: /usr/lib/x86_64-linux-gnu/cmake/tinyxml2
-- Found TinyXML2 via Config file: /usr/lib/x86_64-linux-gnu/cmake/tinyxml2
-- Using RMW implementation 'rmw_fastrtps_cpp' as default
-- Found rclcpp_lifecycle: 28.1.16 (/opt/ros/jazzy/share/rclcpp_lifecycle/cmake)
-- Found mujoco_ros: 0.9.0 (/home/herring/rzddzy/ros2_ws/install/mujoco_ros/share/mujoco_ros/cmake)
-- Setting yaml-cpp_DIR to: '/opt/ros/jazzy/share/yaml_cpp_vendor/cmake/../../../opt/yaml_cpp_vendor/share/cmake/yaml-cpp'
-- Found eigen3_cmake_module: 0.3.0 (/opt/ros/jazzy/share/eigen3_cmake_module/cmake)
-- Ensuring Eigen3 include directory is part of orocos-kdl CMake target
-- Configuring done (0.9s)
-- Generating done (0.0s)
-- Build files have been written to: /home/herring/rzddzy/ros2_ws/build/mujoco_ros2_sensors
[ 50%] [32mBuilding CXX object CMakeFiles/mujoco_ros2_sensors_plugin.dir/src/mujoco_sensor_handler_plugin.cpp.o[0m
[100%] [32m[1mLinking CXX shared library libmujoco_ros2_sensors_plugin.so[0m
[100%] Built target mujoco_ros2_sensors_plugin
-- Install configuration: ""
-- Execute custom install script
-- Up-to-date symlink: /home/herring/rzddzy/ros2_ws/install/mujoco_ros2_sensors/share/mujoco_ros2_sensors//mujoco_ros2_sensors_plugin.xml
-- Up-to-date symlink: /home/herring/rzddzy/ros2_ws/install/mujoco_ros2_sensors/include/mujoco_ros2_sensors/mujoco_sensor_handler_plugin.h
-- Up-to-date symlink: /home/herring/rzddzy/ros2_ws/install/mujoco_ros2_sensors/lib/libmujoco_ros2_sensors_plugin.so
-- Up-to-date symlink: /home/herring/rzddzy/ros2_ws/install/mujoco_ros2_sensors/share/mujoco_ros2_sensors/environment/library_path.sh
-- Up-to-date symlink: /home/herring/rzddzy/ros2_ws/install/mujoco_ros2_sensors/share/mujoco_ros2_sensors/environment/library_path.dsv
-- Up-to-date symlink: /home/herring/rzddzy/ros2_ws/install/mujoco_ros2_sensors/share/ament_index/resource_index/package_run_dependencies/mujoco_ros2_sensors
-- Up-to-date symlink: /home/herring/rzddzy/ros2_ws/install/mujoco_ros2_sensors/share/ament_index/resource_index/parent_prefix_path/mujoco_ros2_sensors
-- Up-to-date symlink: /home/herring/rzddzy/ros2_ws/install/mujoco_ros2_sensors/share/mujoco_ros2_sensors/environment/ament_prefix_path.sh
-- Up-to-date symlink: /home/herring/rzddzy/ros2_ws/install/mujoco_ros2_sensors/share/mujoco_ros2_sensors/environment/ament_prefix_path.dsv
-- Up-to-date symlink: /home/herring/rzddzy/ros2_ws/install/mujoco_ros2_sensors/share/mujoco_ros2_sensors/environment/path.sh
-- Up-to-date symlink: /home/herring/rzddzy/ros2_ws/install/mujoco_ros2_sensors/share/mujoco_ros2_sensors/environment/path.dsv
-- Up-to-date symlink: /home/herring/rzddzy/ros2_ws/install/mujoco_ros2_sensors/share/mujoco_ros2_sensors/local_setup.bash
-- Up-to-date symlink: /home/herring/rzddzy/ros2_ws/install/mujoco_ros2_sensors/share/mujoco_ros2_sensors/local_setup.sh
-- Up-to-date symlink: /home/herring/rzddzy/ros2_ws/install/mujoco_ros2_sensors/share/mujoco_ros2_sensors/local_setup.zsh
-- Up-to-date symlink: /home/herring/rzddzy/ros2_ws/install/mujoco_ros2_sensors/share/mujoco_ros2_sensors/local_setup.dsv
-- Symlinking: /home/herring/rzddzy/ros2_ws/install/mujoco_ros2_sensors/share/mujoco_ros2_sensors/package.dsv
-- Up-to-date symlink: /home/herring/rzddzy/ros2_ws/install/mujoco_ros2_sensors/share/ament_index/resource_index/packages/mujoco_ros2_sensors
-- Up-to-date symlink: /home/herring/rzddzy/ros2_ws/install/mujoco_ros2_sensors/share/ament_index/resource_index/mujoco_ros__pluginlib__plugin/mujoco_ros2_sensors
-- Up-to-date symlink: /home/herring/rzddzy/ros2_ws/install/mujoco_ros2_sensors/share/mujoco_ros2_sensors/cmake/ament_cmake_export_include_directories-extras.cmake
-- Up-to-date symlink: /home/herring/rzddzy/ros2_ws/install/mujoco_ros2_sensors/share/mujoco_ros2_sensors/cmake/ament_cmake_export_libraries-extras.cmake
-- Up-to-date symlink: /home/herring/rzddzy/ros2_ws/install/mujoco_ros2_sensors/share/mujoco_ros2_sensors/cmake/ament_cmake_export_dependencies-extras.cmake
-- Up-to-date symlink: /home/herring/rzddzy/ros2_ws/install/mujoco_ros2_sensors/share/mujoco_ros2_sensors/cmake/mujoco_ros2_sensorsConfig.cmake
-- Up-to-date symlink: /home/herring/rzddzy/ros2_ws/install/mujoco_ros2_sensors/share/mujoco_ros2_sensors/cmake/mujoco_ros2_sensorsConfig-version.cmake
-- Up-to-date symlink: /home/herring/rzddzy/ros2_ws/install/mujoco_ros2_sensors/share/mujoco_ros2_sensors/package.xml
