[0.006s] Invoking command in '/home/herring/rzddzy/build/franka_description': CMAKE_PREFIX_PATH=${CMAKE_PREFIX_PATH}:/opt/ros/jazzy DEBUGINFOD_URLS=https://debuginfod.ubuntu.com /usr/bin/cmake /home/herring/rzddzy/ros2_ws/src/franka_description -DCMAKE_INSTALL_PREFIX=/home/herring/rzddzy/install/franka_description
[0.063s] -- The C compiler identification is GNU 13.3.0
[0.107s] -- The CXX compiler identification is GNU 13.3.0
[0.123s] -- Detecting C compiler ABI info
[0.201s] -- Detecting C compiler ABI info - done
[0.210s] -- Check for working C compiler: /usr/bin/cc - skipped
[0.211s] -- Detecting C compile features
[0.212s] -- Detecting C compile features - done
[0.220s] -- Detecting CXX compiler ABI info
[0.304s] -- Detecting CXX compiler ABI info - done
[0.314s] -- Check for working CXX compiler: /usr/bin/c++ - skipped
[0.314s] -- Detecting CXX compile features
[0.314s] -- Detecting CXX compile features - done
[0.321s] -- Found ament_cmake: 2.5.5 (/opt/ros/jazzy/share/ament_cmake/cmake)
[0.434s] -- Found Python3: /usr/bin/python3 (found version "3.12.3") found components: Interpreter 
[0.521s] -- Found ament_lint_auto: 0.17.4 (/opt/ros/jazzy/share/ament_lint_auto/cmake)
[0.813s] -- Added test 'copyright' to check source files copyright and LICENSE
[0.817s] -- Added test 'flake8' to check Python code syntax and style conventions
[0.817s] -- Configured 'flake8' exclude dirs and/or files: 
[0.818s] -- Added test 'lint_cmake' to check CMake code style
[0.819s] -- Added test 'pep257' to check Python code against some of the docstring style conventions in PEP 257
[0.822s] -- Added test 'xmllint' to check XML markup files
[0.823s] -- Configuring done (0.8s)
[0.824s] -- Generating done (0.0s)
[0.825s] -- Build files have been written to: /home/herring/rzddzy/build/franka_description
[0.828s] Invoked command in '/home/herring/rzddzy/build/franka_description' returned '0': CMAKE_PREFIX_PATH=${CMAKE_PREFIX_PATH}:/opt/ros/jazzy DEBUGINFOD_URLS=https://debuginfod.ubuntu.com /usr/bin/cmake /home/herring/rzddzy/ros2_ws/src/franka_description -DCMAKE_INSTALL_PREFIX=/home/herring/rzddzy/install/franka_description
[0.829s] Invoking command in '/home/herring/rzddzy/build/franka_description': CMAKE_PREFIX_PATH=${CMAKE_PREFIX_PATH}:/opt/ros/jazzy DEBUGINFOD_URLS=https://debuginfod.ubuntu.com /usr/bin/cmake --build /home/herring/rzddzy/build/franka_description -- -j28 -l28
[0.861s] Invoked command in '/home/herring/rzddzy/build/franka_description' returned '0': CMAKE_PREFIX_PATH=${CMAKE_PREFIX_PATH}:/opt/ros/jazzy DEBUGINFOD_URLS=https://debuginfod.ubuntu.com /usr/bin/cmake --build /home/herring/rzddzy/build/franka_description -- -j28 -l28
[0.870s] Invoking command in '/home/herring/rzddzy/build/franka_description': CMAKE_PREFIX_PATH=${CMAKE_PREFIX_PATH}:/opt/ros/jazzy DEBUGINFOD_URLS=https://debuginfod.ubuntu.com /usr/bin/cmake --install /home/herring/rzddzy/build/franka_description
[0.877s] -- Install configuration: ""
[0.878s] -- Installing: /home/herring/rzddzy/install/franka_description/share/franka_description//launch
[0.878s] -- Installing: /home/herring/rzddzy/install/franka_description/share/franka_description//launch/visualize_franka.launch.py
[0.878s] -- Installing: /home/herring/rzddzy/install/franka_description/share/franka_description//robots
[0.878s] -- Installing: /home/herring/rzddzy/install/franka_description/share/franka_description//robots/sim
[0.878s] -- Installing: /home/herring/rzddzy/install/franka_description/share/franka_description//robots/sim/panda_arm_sim.ros2_control.xacro
[0.878s] -- Installing: /home/herring/rzddzy/install/franka_description/share/franka_description//robots/sim/panda_arm_sim.urdf.xacro
[0.879s] -- Installing: /home/herring/rzddzy/install/franka_description/share/franka_description//robots/sim/dual_panda_arm_sim.urdf.xacro
[0.879s] -- Installing: /home/herring/rzddzy/install/franka_description/share/franka_description//robots/sim/dual_panda_arm_sim.ros2_control.xacro
[0.879s] -- Installing: /home/herring/rzddzy/install/franka_description/share/franka_description//robots/mixed
[0.879s] -- Installing: /home/herring/rzddzy/install/franka_description/share/franka_description//robots/mixed/mixed_quad_panda_arm.urdf.xacro
[0.879s] -- Installing: /home/herring/rzddzy/install/franka_description/share/franka_description//robots/mixed/mixed_dual_panda_arm.urdf.xacro
[0.879s] -- Installing: /home/herring/rzddzy/install/franka_description/share/franka_description//robots/real
[0.879s] -- Installing: /home/herring/rzddzy/install/franka_description/share/franka_description//robots/real/dual_panda_arm.ros2_control.xacro
[0.879s] -- Installing: /home/herring/rzddzy/install/franka_description/share/franka_description//robots/real/panda_arm.ros2_control.xacro
[0.879s] -- Installing: /home/herring/rzddzy/install/franka_description/share/franka_description//robots/real/panda_arm.urdf.xacro
[0.879s] -- Installing: /home/herring/rzddzy/install/franka_description/share/franka_description//robots/real/dual_panda_arm.urdf.xacro
[0.879s] -- Installing: /home/herring/rzddzy/install/franka_description/share/franka_description//robots/common
[0.879s] -- Installing: /home/herring/rzddzy/install/franka_description/share/franka_description//robots/common/panda_arm.xacro
[0.879s] -- Installing: /home/herring/rzddzy/install/franka_description/share/franka_description//robots/common/hand.urdf.xacro
[0.879s] -- Installing: /home/herring/rzddzy/install/franka_description/share/franka_description//robots/common/hand.xacro
[0.880s] -- Installing: /home/herring/rzddzy/install/franka_description/share/franka_description//meshes
[0.880s] -- Installing: /home/herring/rzddzy/install/franka_description/share/franka_description//meshes/visual
[0.880s] -- Installing: /home/herring/rzddzy/install/franka_description/share/franka_description//meshes/visual/link4.dae
[0.880s] -- Installing: /home/herring/rzddzy/install/franka_description/share/franka_description//meshes/visual/link6.dae
[0.882s] -- Installing: /home/herring/rzddzy/install/franka_description/share/franka_description//meshes/visual/link3.dae
[0.883s] -- Installing: /home/herring/rzddzy/install/franka_description/share/franka_description//meshes/visual/finger.dae
[0.883s] -- Installing: /home/herring/rzddzy/install/franka_description/share/franka_description//meshes/visual/link0.dae
[0.885s] -- Installing: /home/herring/rzddzy/install/franka_description/share/franka_description//meshes/visual/link1.dae
[0.886s] -- Installing: /home/herring/rzddzy/install/franka_description/share/franka_description//meshes/visual/link2.dae
[0.887s] -- Installing: /home/herring/rzddzy/install/franka_description/share/franka_description//meshes/visual/link7.dae
[0.888s] -- Installing: /home/herring/rzddzy/install/franka_description/share/franka_description//meshes/visual/hand.dae
[0.889s] -- Installing: /home/herring/rzddzy/install/franka_description/share/franka_description//meshes/visual/link5.dae
[0.889s] -- Installing: /home/herring/rzddzy/install/franka_description/share/franka_description//meshes/visual/meshes.blend
[0.890s] -- Installing: /home/herring/rzddzy/install/franka_description/share/franka_description//rviz
[0.890s] -- Installing: /home/herring/rzddzy/install/franka_description/share/franka_description//rviz/visualize_dual_franka.rviz
[0.891s] -- Installing: /home/herring/rzddzy/install/franka_description/share/franka_description//rviz/visualize_franka.rviz
[0.891s] -- Installing: /home/herring/rzddzy/install/franka_description/share/franka_description//mujoco
[0.891s] -- Installing: /home/herring/rzddzy/install/franka_description/share/franka_description//mujoco/franka
[0.891s] -- Installing: /home/herring/rzddzy/install/franka_description/share/franka_description//mujoco/franka/mj_dual_rl.xml
[0.891s] -- Installing: /home/herring/rzddzy/install/franka_description/share/franka_description//mujoco/franka/mj_dual_ng.xml
[0.891s] -- Installing: /home/herring/rzddzy/install/franka_description/share/franka_description//mujoco/franka/dual_scene_rl.xml
[0.891s] -- Installing: /home/herring/rzddzy/install/franka_description/share/franka_description//mujoco/franka/assets
[0.891s] -- Installing: /home/herring/rzddzy/install/franka_description/share/franka_description//mujoco/franka/assets/link3_3.obj
[0.891s] -- Installing: /home/herring/rzddzy/install/franka_description/share/franka_description//mujoco/franka/assets/link6_4.obj
[0.891s] -- Installing: /home/herring/rzddzy/install/franka_description/share/franka_description//mujoco/franka/assets/link6_7.obj
[0.891s] -- Installing: /home/herring/rzddzy/install/franka_description/share/franka_description//mujoco/franka/assets/link0_0.obj
[0.891s] -- Installing: /home/herring/rzddzy/install/franka_description/share/franka_description//mujoco/franka/assets/link7_0.obj
[0.892s] -- Installing: /home/herring/rzddzy/install/franka_description/share/franka_description//mujoco/franka/assets/link1.obj
[0.894s] -- Installing: /home/herring/rzddzy/install/franka_description/share/franka_description//mujoco/franka/assets/link0_2.obj
[0.894s] -- Installing: /home/herring/rzddzy/install/franka_description/share/franka_description//mujoco/franka/assets/hand.stl
[0.894s] -- Installing: /home/herring/rzddzy/install/franka_description/share/franka_description//mujoco/franka/assets/link7_5.obj
[0.894s] -- Installing: /home/herring/rzddzy/install/franka_description/share/franka_description//mujoco/franka/assets/link6_15.obj
[0.895s] -- Installing: /home/herring/rzddzy/install/franka_description/share/franka_description//mujoco/franka/assets/what.stl
[0.895s] -- Installing: /home/herring/rzddzy/install/franka_description/share/franka_description//mujoco/franka/assets/link4_0.obj
[0.895s] -- Installing: /home/herring/rzddzy/install/franka_description/share/franka_description//mujoco/franka/assets/link2.stl
[0.895s] -- Installing: /home/herring/rzddzy/install/franka_description/share/franka_description//mujoco/franka/assets/link6_6.obj
[0.895s] -- Installing: /home/herring/rzddzy/install/franka_description/share/franka_description//mujoco/franka/assets/nut.stl
[0.895s] -- Installing: /home/herring/rzddzy/install/franka_description/share/franka_description//mujoco/franka/assets/link6_8.obj
[0.895s] -- Installing: /home/herring/rzddzy/install/franka_description/share/franka_description//mujoco/franka/assets/hand_4.obj
[0.895s] -- Installing: /home/herring/rzddzy/install/franka_description/share/franka_description//mujoco/franka/assets/link6.stl
[0.896s] -- Installing: /home/herring/rzddzy/install/franka_description/share/franka_description//mujoco/franka/assets/link6_3.obj
[0.896s] -- Installing: /home/herring/rzddzy/install/franka_description/share/franka_description//mujoco/franka/assets/link6_2.obj
[0.896s] -- Installing: /home/herring/rzddzy/install/franka_description/share/franka_description//mujoco/franka/assets/gear.stl
[0.896s] -- Installing: /home/herring/rzddzy/install/franka_description/share/franka_description//mujoco/franka/assets/link1.stl
[0.896s] -- Installing: /home/herring/rzddzy/install/franka_description/share/franka_description//mujoco/franka/assets/link0.stl
[0.896s] -- Installing: /home/herring/rzddzy/install/franka_description/share/franka_description//mujoco/franka/assets/link5_0.obj
[0.896s] -- Installing: /home/herring/rzddzy/install/franka_description/share/franka_description//mujoco/franka/assets/link6_9.obj
[0.896s] -- Installing: /home/herring/rzddzy/install/franka_description/share/franka_description//mujoco/franka/assets/link6_12.obj
[0.896s] -- Installing: /home/herring/rzddzy/install/franka_description/share/franka_description//mujoco/franka/assets/link3.stl
[0.896s] -- Installing: /home/herring/rzddzy/install/franka_description/share/franka_description//mujoco/franka/assets/link4_1.obj
[0.898s] -- Installing: /home/herring/rzddzy/install/franka_description/share/franka_description//mujoco/franka/assets/link4_2.obj
[0.898s] -- Installing: /home/herring/rzddzy/install/franka_description/share/franka_description//mujoco/franka/assets/link7_1.obj
[0.898s] -- Installing: /home/herring/rzddzy/install/franka_description/share/franka_description//mujoco/franka/assets/link6_11.obj
[0.898s] -- Installing: /home/herring/rzddzy/install/franka_description/share/franka_description//mujoco/franka/assets/link2.obj
[0.900s] -- Installing: /home/herring/rzddzy/install/franka_description/share/franka_description//mujoco/franka/assets/bearing.stl
[0.901s] -- Installing: /home/herring/rzddzy/install/franka_description/share/franka_description//mujoco/franka/assets/link6_0.obj
[0.901s] -- Installing: /home/herring/rzddzy/install/franka_description/share/franka_description//mujoco/franka/assets/link3_1.obj
[0.901s] -- Installing: /home/herring/rzddzy/install/franka_description/share/franka_description//mujoco/franka/assets/link6_16.obj
[0.903s] -- Installing: /home/herring/rzddzy/install/franka_description/share/franka_description//mujoco/franka/assets/link0_4.obj
[0.903s] -- Installing: /home/herring/rzddzy/install/franka_description/share/franka_description//mujoco/franka/assets/finger_0.obj
[0.903s] -- Installing: /home/herring/rzddzy/install/franka_description/share/franka_description//mujoco/franka/assets/link5_collision_0.obj
[0.903s] -- Installing: /home/herring/rzddzy/install/franka_description/share/franka_description//mujoco/franka/assets/link6_14.obj
[0.903s] -- Installing: /home/herring/rzddzy/install/franka_description/share/franka_description//mujoco/franka/assets/link5_collision_1.obj
[0.904s] -- Installing: /home/herring/rzddzy/install/franka_description/share/franka_description//mujoco/franka/assets/link0_1.obj
[0.904s] -- Installing: /home/herring/rzddzy/install/franka_description/share/franka_description//mujoco/franka/assets/link3_0.obj
[0.905s] -- Installing: /home/herring/rzddzy/install/franka_description/share/franka_description//mujoco/franka/assets/hand_0.obj
[0.905s] -- Installing: /home/herring/rzddzy/install/franka_description/share/franka_description//mujoco/franka/assets/link5_1.obj
[0.905s] -- Installing: /home/herring/rzddzy/install/franka_description/share/franka_description//mujoco/franka/assets/link7_3.obj
[0.905s] -- Installing: /home/herring/rzddzy/install/franka_description/share/franka_description//mujoco/franka/assets/link0_9.obj
[0.905s] -- Installing: /home/herring/rzddzy/install/franka_description/share/franka_description//mujoco/franka/assets/link6_13.obj
[0.905s] -- Installing: /home/herring/rzddzy/install/franka_description/share/franka_description//mujoco/franka/assets/link0_10.obj
[0.906s] -- Installing: /home/herring/rzddzy/install/franka_description/share/franka_description//mujoco/franka/assets/link6_1.obj
[0.906s] -- Installing: /home/herring/rzddzy/install/franka_description/share/franka_description//mujoco/franka/assets/finger_1.obj
[0.906s] -- Installing: /home/herring/rzddzy/install/franka_description/share/franka_description//mujoco/franka/assets/link5_collision_2.obj
[0.906s] -- Installing: /home/herring/rzddzy/install/franka_description/share/franka_description//mujoco/franka/assets/hand_1.obj
[0.906s] -- Installing: /home/herring/rzddzy/install/franka_description/share/franka_description//mujoco/franka/assets/link4.stl
[0.906s] -- Installing: /home/herring/rzddzy/install/franka_description/share/franka_description//mujoco/franka/assets/link7_4.obj
[0.906s] -- Installing: /home/herring/rzddzy/install/franka_description/share/franka_description//mujoco/franka/assets/link4_3.obj
[0.906s] -- Installing: /home/herring/rzddzy/install/franka_description/share/franka_description//mujoco/franka/assets/link7_6.obj
[0.906s] -- Installing: /home/herring/rzddzy/install/franka_description/share/franka_description//mujoco/franka/assets/link0_11.obj
[0.906s] -- Installing: /home/herring/rzddzy/install/franka_description/share/franka_description//mujoco/franka/assets/link7_2.obj
[0.906s] -- Installing: /home/herring/rzddzy/install/franka_description/share/franka_description//mujoco/franka/assets/link7_7.obj
[0.907s] -- Installing: /home/herring/rzddzy/install/franka_description/share/franka_description//mujoco/franka/assets/square_gear.stl
[0.907s] -- Installing: /home/herring/rzddzy/install/franka_description/share/franka_description//mujoco/franka/assets/link6_5.obj
[0.907s] -- Installing: /home/herring/rzddzy/install/franka_description/share/franka_description//mujoco/franka/assets/link0_8.obj
[0.909s] -- Installing: /home/herring/rzddzy/install/franka_description/share/franka_description//mujoco/franka/assets/link7.stl
[0.909s] -- Installing: /home/herring/rzddzy/install/franka_description/share/franka_description//mujoco/franka/assets/link5_2.obj
[0.911s] -- Installing: /home/herring/rzddzy/install/franka_description/share/franka_description//mujoco/franka/assets/link3_2.obj
[0.911s] -- Installing: /home/herring/rzddzy/install/franka_description/share/franka_description//mujoco/franka/assets/hand_3.obj
[0.911s] -- Installing: /home/herring/rzddzy/install/franka_description/share/franka_description//mujoco/franka/assets/link0_7.obj
[0.911s] -- Installing: /home/herring/rzddzy/install/franka_description/share/franka_description//mujoco/franka/assets/link0_3.obj
[0.911s] -- Installing: /home/herring/rzddzy/install/franka_description/share/franka_description//mujoco/franka/assets/hand_2.obj
[0.912s] -- Installing: /home/herring/rzddzy/install/franka_description/share/franka_description//mujoco/franka/assets/link6_10.obj
[0.912s] -- Installing: /home/herring/rzddzy/install/franka_description/share/franka_description//mujoco/franka/assets/link0_5.obj
[0.912s] -- Installing: /home/herring/rzddzy/install/franka_description/share/franka_description//mujoco/franka/dual_scene_ng.xml
[0.912s] -- Installing: /home/herring/rzddzy/install/franka_description/share/franka_description//mujoco/franka/scene_with_workbench.xml
[0.912s] -- Installing: /home/herring/rzddzy/install/franka_description/share/franka_description//mujoco/franka/dual_scene.xml
[0.912s] -- Installing: /home/herring/rzddzy/install/franka_description/share/franka_description//mujoco/franka/panda_ng.xml
[0.912s] -- Installing: /home/herring/rzddzy/install/franka_description/share/franka_description//mujoco/franka/mj_dual.xml
[0.912s] -- Installing: /home/herring/rzddzy/install/franka_description/share/franka_description//mujoco/franka/scene.xml
[0.913s] -- Installing: /home/herring/rzddzy/install/franka_description/share/franka_description//mujoco/franka/panda.xml
[0.913s] -- Installing: /home/herring/rzddzy/install/franka_description/share/franka_description//mujoco/franka/TEMPLATE_panda.xml
[0.913s] -- Installing: /home/herring/rzddzy/install/franka_description/share/franka_description//mujoco/franka/objects.xml
[0.913s] -- Installing: /home/herring/rzddzy/install/franka_description/share/franka_description//mujoco/franka/scene_ng.xml
[0.913s] -- Installing: /home/herring/rzddzy/install/franka_description/share/ament_index/resource_index/package_run_dependencies/franka_description
[0.913s] -- Installing: /home/herring/rzddzy/install/franka_description/share/ament_index/resource_index/parent_prefix_path/franka_description
[0.913s] -- Installing: /home/herring/rzddzy/install/franka_description/share/franka_description/environment/ament_prefix_path.sh
[0.913s] -- Installing: /home/herring/rzddzy/install/franka_description/share/franka_description/environment/ament_prefix_path.dsv
[0.913s] -- Installing: /home/herring/rzddzy/install/franka_description/share/franka_description/environment/path.sh
[0.913s] -- Installing: /home/herring/rzddzy/install/franka_description/share/franka_description/environment/path.dsv
[0.913s] -- Installing: /home/herring/rzddzy/install/franka_description/share/franka_description/local_setup.bash
[0.913s] -- Installing: /home/herring/rzddzy/install/franka_description/share/franka_description/local_setup.sh
[0.913s] -- Installing: /home/herring/rzddzy/install/franka_description/share/franka_description/local_setup.zsh
[0.913s] -- Installing: /home/herring/rzddzy/install/franka_description/share/franka_description/local_setup.dsv
[0.914s] -- Installing: /home/herring/rzddzy/install/franka_description/share/franka_description/package.dsv
[0.914s] -- Installing: /home/herring/rzddzy/install/franka_description/share/ament_index/resource_index/packages/franka_description
[0.914s] -- Installing: /home/herring/rzddzy/install/franka_description/share/franka_description/cmake/franka_descriptionConfig.cmake
[0.914s] -- Installing: /home/herring/rzddzy/install/franka_description/share/franka_description/cmake/franka_descriptionConfig-version.cmake
[0.914s] -- Installing: /home/herring/rzddzy/install/franka_description/share/franka_description/package.xml
[0.915s] Invoked command in '/home/herring/rzddzy/build/franka_description' returned '0': CMAKE_PREFIX_PATH=${CMAKE_PREFIX_PATH}:/opt/ros/jazzy DEBUGINFOD_URLS=https://debuginfod.ubuntu.com /usr/bin/cmake --install /home/herring/rzddzy/build/franka_description
