[  1%] Built target franka_msgs__rosidl_generator_type_description
[  1%] Built target ament_cmake_python_symlink_franka_msgs
[ 28%] Built target franka_msgs__rosidl_generator_c
running egg_info
writing franka_msgs.egg-info/PKG-INFO
writing dependency_links to franka_msgs.egg-info/dependency_links.txt
writing top-level names to franka_msgs.egg-info/top_level.txt
reading manifest file 'franka_msgs.egg-info/SOURCES.txt'
writing manifest file 'franka_msgs.egg-info/SOURCES.txt'
[ 28%] Built target ament_cmake_python_build_franka_msgs_egg
[ 37%] Built target franka_msgs__rosidl_typesupport_c
[ 47%] Built target franka_msgs__rosidl_typesupport_introspection_c
[ 57%] Built target franka_msgs__rosidl_typesupport_fastrtps_c
[ 57%] Built target franka_msgs__cpp
[ 67%] Built target franka_msgs__rosidl_typesupport_cpp
[ 76%] Built target franka_msgs__rosidl_typesupport_introspection_cpp
[ 86%] Built target franka_msgs__rosidl_typesupport_fastrtps_cpp
[ 86%] Built target franka_msgs
[ 87%] Built target franka_msgs__py
[ 96%] Built target franka_msgs__rosidl_generator_py
[ 97%] Built target franka_msgs_s__rosidl_typesupport_fastrtps_c
[ 98%] Built target franka_msgs_s__rosidl_typesupport_c
[100%] Built target franka_msgs_s__rosidl_typesupport_introspection_c
