[0.033s] Invoking command in '/home/herring/rzddzy/ros2_ws/build/franka_msgs': CMAKE_PREFIX_PATH=${CMAKE_PREFIX_PATH}:/opt/ros/jazzy DEBUGINFOD_URLS=https://debuginfod.ubuntu.com /usr/bin/cmake --build /home/herring/rzddzy/ros2_ws/build/franka_msgs -- -j28 -l28
[0.120s] [  1%] Built target franka_msgs__rosidl_generator_type_description
[0.172s] [  1%] Built target ament_cmake_python_symlink_franka_msgs
[0.234s] [ 28%] Built target franka_msgs__rosidl_generator_c
[0.581s] running egg_info
[0.611s] writing franka_msgs.egg-info/PKG-INFO
[0.611s] writing dependency_links to franka_msgs.egg-info/dependency_links.txt
[0.611s] writing top-level names to franka_msgs.egg-info/top_level.txt
[0.700s] reading manifest file 'franka_msgs.egg-info/SOURCES.txt'
[0.701s] writing manifest file 'franka_msgs.egg-info/SOURCES.txt'
[0.779s] [ 28%] Built target ament_cmake_python_build_franka_msgs_egg
[0.824s] [ 37%] Built target franka_msgs__rosidl_typesupport_c
[0.879s] [ 47%] Built target franka_msgs__rosidl_typesupport_introspection_c
[0.985s] [ 57%] Built target franka_msgs__rosidl_typesupport_fastrtps_c
[1.023s] [ 57%] Built target franka_msgs__cpp
[1.075s] [ 67%] Built target franka_msgs__rosidl_typesupport_cpp
[1.135s] [ 76%] Built target franka_msgs__rosidl_typesupport_introspection_cpp
[1.221s] [ 86%] Built target franka_msgs__rosidl_typesupport_fastrtps_cpp
[1.264s] [ 86%] Built target franka_msgs
[1.304s] [ 87%] Built target franka_msgs__py
[1.374s] [ 96%] Built target franka_msgs__rosidl_generator_py
[1.418s] [ 97%] Built target franka_msgs_s__rosidl_typesupport_fastrtps_c
[1.457s] [ 98%] Built target franka_msgs_s__rosidl_typesupport_c
[1.492s] [100%] Built target franka_msgs_s__rosidl_typesupport_introspection_c
