[0.025s] Invoking command in '/home/herring/rzddzy/build/multi_mode_control_msgs': AMENT_PREFIX_PATH=/home/herring/rzddzy/install/franka_msgs:${AMENT_PREFIX_PATH} CMAKE_PREFIX_PATH=/home/herring/rzddzy/install/franka_msgs:/home/herring/rzddzy/install/franka_description:/home/herring/rzddzy/ros2_ws/install/panda_motion_generators:/home/herring/rzddzy/ros2_ws/install/panda_motion_generator_msgs:/home/herring/rzddzy/ros2_ws/install/franka_bringup:/home/herring/rzddzy/ros2_ws/install/multi_mode_controller_impl:/home/herring/rzddzy/ros2_ws/install/multi_mode_controller:/home/herring/rzddzy/ros2_ws/install/franka_example_controllers:/home/herring/rzddzy/ros2_ws/install/multi_mode_control_msgs:/home/herring/rzddzy/ros2_ws/install/mujoco_ros_pkgs:/home/herring/rzddzy/ros2_ws/install/mujoco_ros2_sensors:/home/herring/rzddzy/ros2_ws/install/mujoco_ros2_dummy_plugin:/home/herring/rzddzy/ros2_ws/install/mujoco_ros2_control_system:/home/herring/rzddzy/ros2_ws/install/franka_robot_state_broadcaster:/home/herring/rzddzy/ros2_ws/install/franka_semantic_components:/home/herring/rzddzy/ros2_ws/install/franka_hardware:/home/herring/rzddzy/ros2_ws/install/mujoco_ros2_control:/home/herring/rzddzy/ros2_ws/install/mujoco_ros:/home/herring/rzddzy/ros2_ws/install/mujoco_ros_msgs:/home/herring/rzddzy/ros2_ws/install/franka_msgs:/home/herring/rzddzy/ros2_ws/install/franka_description:/home/herring/rzddzy/ros2_ws/install/controller:/home/herring/rzddzy/ros2_ws/install/cplus_dev:/opt/ros/jazzy/opt/sdformat_vendor:/opt/ros/jazzy/opt/gz_math_vendor:/opt/ros/jazzy/opt/gz_utils_vendor:/opt/ros/jazzy/opt/gz_tools_vendor:/opt/ros/jazzy/opt/gz_cmake_vendor:/opt/ros/jazzy DEBUGINFOD_URLS=https://debuginfod.ubuntu.com LD_LIBRARY_PATH=/home/herring/rzddzy/install/franka_msgs/lib:${LD_LIBRARY_PATH} PYTHONPATH=/home/herring/rzddzy/install/franka_msgs/lib/python3.12/site-packages:${PYTHONPATH} /usr/bin/cmake --build /home/herring/rzddzy/build/multi_mode_control_msgs -- -j28 -l28
[0.084s] [  1%] Built target multi_mode_control_msgs__rosidl_generator_type_description
[0.092s] [  1%] Built target ament_cmake_python_symlink_multi_mode_control_msgs
[0.102s] [  1%] Built target multi_mode_control_msgs__cpp
[0.118s] [ 28%] Built target multi_mode_control_msgs__rosidl_generator_c
[0.136s] [ 37%] Built target multi_mode_control_msgs__rosidl_typesupport_c
[0.137s] [ 47%] Built target multi_mode_control_msgs__rosidl_typesupport_introspection_c
[0.140s] [ 56%] Built target multi_mode_control_msgs__rosidl_typesupport_introspection_cpp
[0.143s] [ 66%] Built target multi_mode_control_msgs__rosidl_typesupport_cpp
[0.144s] [ 76%] Built target multi_mode_control_msgs__rosidl_typesupport_fastrtps_cpp
[0.150s] [ 86%] Built target multi_mode_control_msgs__rosidl_typesupport_fastrtps_c
[0.172s] [ 86%] Built target multi_mode_control_msgs
[0.195s] [ 87%] Built target multi_mode_control_msgs__py
[0.222s] [ 96%] Built target multi_mode_control_msgs__rosidl_generator_py
[0.239s] running egg_info
[0.242s] [ 97%] Built target multi_mode_control_msgs_s__rosidl_typesupport_c
[0.242s] [ 98%] Built target multi_mode_control_msgs_s__rosidl_typesupport_fastrtps_c
[0.242s] [100%] Built target multi_mode_control_msgs_s__rosidl_typesupport_introspection_c
[0.249s] writing multi_mode_control_msgs.egg-info/PKG-INFO
[0.249s] writing dependency_links to multi_mode_control_msgs.egg-info/dependency_links.txt
[0.249s] writing top-level names to multi_mode_control_msgs.egg-info/top_level.txt
[0.275s] reading manifest file 'multi_mode_control_msgs.egg-info/SOURCES.txt'
[0.275s] writing manifest file 'multi_mode_control_msgs.egg-info/SOURCES.txt'
[0.295s] [100%] Built target ament_cmake_python_build_multi_mode_control_msgs_egg
[0.308s] Invoked command in '/home/herring/rzddzy/build/multi_mode_control_msgs' returned '0': AMENT_PREFIX_PATH=/home/herring/rzddzy/install/franka_msgs:${AMENT_PREFIX_PATH} CMAKE_PREFIX_PATH=/home/herring/rzddzy/install/franka_msgs:/home/herring/rzddzy/install/franka_description:/home/herring/rzddzy/ros2_ws/install/panda_motion_generators:/home/herring/rzddzy/ros2_ws/install/panda_motion_generator_msgs:/home/herring/rzddzy/ros2_ws/install/franka_bringup:/home/herring/rzddzy/ros2_ws/install/multi_mode_controller_impl:/home/herring/rzddzy/ros2_ws/install/multi_mode_controller:/home/herring/rzddzy/ros2_ws/install/franka_example_controllers:/home/herring/rzddzy/ros2_ws/install/multi_mode_control_msgs:/home/herring/rzddzy/ros2_ws/install/mujoco_ros_pkgs:/home/herring/rzddzy/ros2_ws/install/mujoco_ros2_sensors:/home/herring/rzddzy/ros2_ws/install/mujoco_ros2_dummy_plugin:/home/herring/rzddzy/ros2_ws/install/mujoco_ros2_control_system:/home/herring/rzddzy/ros2_ws/install/franka_robot_state_broadcaster:/home/herring/rzddzy/ros2_ws/install/franka_semantic_components:/home/herring/rzddzy/ros2_ws/install/franka_hardware:/home/herring/rzddzy/ros2_ws/install/mujoco_ros2_control:/home/herring/rzddzy/ros2_ws/install/mujoco_ros:/home/herring/rzddzy/ros2_ws/install/mujoco_ros_msgs:/home/herring/rzddzy/ros2_ws/install/franka_msgs:/home/herring/rzddzy/ros2_ws/install/franka_description:/home/herring/rzddzy/ros2_ws/install/controller:/home/herring/rzddzy/ros2_ws/install/cplus_dev:/opt/ros/jazzy/opt/sdformat_vendor:/opt/ros/jazzy/opt/gz_math_vendor:/opt/ros/jazzy/opt/gz_utils_vendor:/opt/ros/jazzy/opt/gz_tools_vendor:/opt/ros/jazzy/opt/gz_cmake_vendor:/opt/ros/jazzy DEBUGINFOD_URLS=https://debuginfod.ubuntu.com LD_LIBRARY_PATH=/home/herring/rzddzy/install/franka_msgs/lib:${LD_LIBRARY_PATH} PYTHONPATH=/home/herring/rzddzy/install/franka_msgs/lib/python3.12/site-packages:${PYTHONPATH} /usr/bin/cmake --build /home/herring/rzddzy/build/multi_mode_control_msgs -- -j28 -l28
[0.308s] Invoking command in '/home/herring/rzddzy/build/multi_mode_control_msgs': AMENT_PREFIX_PATH=/home/herring/rzddzy/install/franka_msgs:${AMENT_PREFIX_PATH} CMAKE_PREFIX_PATH=/home/herring/rzddzy/install/franka_msgs:/home/herring/rzddzy/install/franka_description:/home/herring/rzddzy/ros2_ws/install/panda_motion_generators:/home/herring/rzddzy/ros2_ws/install/panda_motion_generator_msgs:/home/herring/rzddzy/ros2_ws/install/franka_bringup:/home/herring/rzddzy/ros2_ws/install/multi_mode_controller_impl:/home/herring/rzddzy/ros2_ws/install/multi_mode_controller:/home/herring/rzddzy/ros2_ws/install/franka_example_controllers:/home/herring/rzddzy/ros2_ws/install/multi_mode_control_msgs:/home/herring/rzddzy/ros2_ws/install/mujoco_ros_pkgs:/home/herring/rzddzy/ros2_ws/install/mujoco_ros2_sensors:/home/herring/rzddzy/ros2_ws/install/mujoco_ros2_dummy_plugin:/home/herring/rzddzy/ros2_ws/install/mujoco_ros2_control_system:/home/herring/rzddzy/ros2_ws/install/franka_robot_state_broadcaster:/home/herring/rzddzy/ros2_ws/install/franka_semantic_components:/home/herring/rzddzy/ros2_ws/install/franka_hardware:/home/herring/rzddzy/ros2_ws/install/mujoco_ros2_control:/home/herring/rzddzy/ros2_ws/install/mujoco_ros:/home/herring/rzddzy/ros2_ws/install/mujoco_ros_msgs:/home/herring/rzddzy/ros2_ws/install/franka_msgs:/home/herring/rzddzy/ros2_ws/install/franka_description:/home/herring/rzddzy/ros2_ws/install/controller:/home/herring/rzddzy/ros2_ws/install/cplus_dev:/opt/ros/jazzy/opt/sdformat_vendor:/opt/ros/jazzy/opt/gz_math_vendor:/opt/ros/jazzy/opt/gz_utils_vendor:/opt/ros/jazzy/opt/gz_tools_vendor:/opt/ros/jazzy/opt/gz_cmake_vendor:/opt/ros/jazzy DEBUGINFOD_URLS=https://debuginfod.ubuntu.com LD_LIBRARY_PATH=/home/herring/rzddzy/install/franka_msgs/lib:${LD_LIBRARY_PATH} PYTHONPATH=/home/herring/rzddzy/install/franka_msgs/lib/python3.12/site-packages:${PYTHONPATH} /usr/bin/cmake --install /home/herring/rzddzy/build/multi_mode_control_msgs
[0.317s] -- Install configuration: ""
[0.318s] -- Execute custom install script
[0.318s] -- Up-to-date symlink: /home/herring/rzddzy/install/multi_mode_control_msgs/share/ament_index/resource_index/rosidl_interfaces/multi_mode_control_msgs
[0.318s] -- Up-to-date symlink: /home/herring/rzddzy/install/multi_mode_control_msgs/share/multi_mode_control_msgs/msg/CartesianImpedanceGoal.json
[0.318s] -- Up-to-date symlink: /home/herring/rzddzy/install/multi_mode_control_msgs/share/multi_mode_control_msgs/msg/DualCartesianImpedanceGoal.json
[0.318s] -- Up-to-date symlink: /home/herring/rzddzy/install/multi_mode_control_msgs/share/multi_mode_control_msgs/msg/ContactThresholds.json
[0.319s] -- Up-to-date symlink: /home/herring/rzddzy/install/multi_mode_control_msgs/share/multi_mode_control_msgs/msg/Controller.json
[0.319s] -- Up-to-date symlink: /home/herring/rzddzy/install/multi_mode_control_msgs/share/multi_mode_control_msgs/msg/JointArray.json
[0.319s] -- Up-to-date symlink: /home/herring/rzddzy/install/multi_mode_control_msgs/share/multi_mode_control_msgs/msg/JointGoal.json
[0.319s] -- Up-to-date symlink: /home/herring/rzddzy/install/multi_mode_control_msgs/share/multi_mode_control_msgs/msg/VelocityGoal.json
[0.319s] -- Up-to-date symlink: /home/herring/rzddzy/install/multi_mode_control_msgs/share/multi_mode_control_msgs/msg/Wrench.json
[0.319s] -- Up-to-date symlink: /home/herring/rzddzy/install/multi_mode_control_msgs/share/multi_mode_control_msgs/srv/GetControllers.json
[0.319s] -- Up-to-date symlink: /home/herring/rzddzy/install/multi_mode_control_msgs/share/multi_mode_control_msgs/srv/GetRobotStates.json
[0.319s] -- Up-to-date symlink: /home/herring/rzddzy/install/multi_mode_control_msgs/share/multi_mode_control_msgs/srv/SetCartesianImpedance.json
[0.320s] -- Up-to-date symlink: /home/herring/rzddzy/install/multi_mode_control_msgs/share/multi_mode_control_msgs/srv/SetControllers.json
[0.320s] -- Up-to-date symlink: /home/herring/rzddzy/install/multi_mode_control_msgs/share/multi_mode_control_msgs/srv/SetJointImpedance.json
[0.320s] -- Up-to-date symlink: /home/herring/rzddzy/install/multi_mode_control_msgs/share/multi_mode_control_msgs/srv/SetRecoveryMode.json
[0.320s] -- Up-to-date symlink: /home/herring/rzddzy/install/multi_mode_control_msgs/share/multi_mode_control_msgs/srv/SetReflex.json
[0.320s] -- Up-to-date symlink: /home/herring/rzddzy/install/multi_mode_control_msgs/share/multi_mode_control_msgs/srv/SetThresholds.json
[0.320s] -- Up-to-date symlink: /home/herring/rzddzy/install/multi_mode_control_msgs/share/multi_mode_control_msgs/srv/SetWorldState.json
[0.322s] -- Up-to-date symlink: /home/herring/rzddzy/install/multi_mode_control_msgs/include/multi_mode_control_msgs/multi_mode_control_msgs/msg/cartesian_impedance_goal.h
[0.322s] -- Up-to-date symlink: /home/herring/rzddzy/install/multi_mode_control_msgs/include/multi_mode_control_msgs/multi_mode_control_msgs/msg/contact_thresholds.h
[0.322s] -- Up-to-date symlink: /home/herring/rzddzy/install/multi_mode_control_msgs/include/multi_mode_control_msgs/multi_mode_control_msgs/msg/controller.h
[0.322s] -- Up-to-date symlink: /home/herring/rzddzy/install/multi_mode_control_msgs/include/multi_mode_control_msgs/multi_mode_control_msgs/msg/detail/cartesian_impedance_goal__functions.h
[0.322s] -- Up-to-date symlink: /home/herring/rzddzy/install/multi_mode_control_msgs/include/multi_mode_control_msgs/multi_mode_control_msgs/msg/detail/cartesian_impedance_goal__struct.h
[0.322s] -- Up-to-date symlink: /home/herring/rzddzy/install/multi_mode_control_msgs/include/multi_mode_control_msgs/multi_mode_control_msgs/msg/detail/cartesian_impedance_goal__type_support.h
[0.322s] -- Up-to-date symlink: /home/herring/rzddzy/install/multi_mode_control_msgs/include/multi_mode_control_msgs/multi_mode_control_msgs/msg/detail/contact_thresholds__functions.h
[0.322s] -- Up-to-date symlink: /home/herring/rzddzy/install/multi_mode_control_msgs/include/multi_mode_control_msgs/multi_mode_control_msgs/msg/detail/contact_thresholds__struct.h
[0.322s] -- Up-to-date symlink: /home/herring/rzddzy/install/multi_mode_control_msgs/include/multi_mode_control_msgs/multi_mode_control_msgs/msg/detail/contact_thresholds__type_support.h
[0.322s] -- Up-to-date symlink: /home/herring/rzddzy/install/multi_mode_control_msgs/include/multi_mode_control_msgs/multi_mode_control_msgs/msg/detail/controller__functions.h
[0.322s] -- Up-to-date symlink: /home/herring/rzddzy/install/multi_mode_control_msgs/include/multi_mode_control_msgs/multi_mode_control_msgs/msg/detail/controller__struct.h
[0.323s] -- Up-to-date symlink: /home/herring/rzddzy/install/multi_mode_control_msgs/include/multi_mode_control_msgs/multi_mode_control_msgs/msg/detail/controller__type_support.h
[0.323s] -- Up-to-date symlink: /home/herring/rzddzy/install/multi_mode_control_msgs/include/multi_mode_control_msgs/multi_mode_control_msgs/msg/detail/dual_cartesian_impedance_goal__functions.h
[0.323s] -- Up-to-date symlink: /home/herring/rzddzy/install/multi_mode_control_msgs/include/multi_mode_control_msgs/multi_mode_control_msgs/msg/detail/dual_cartesian_impedance_goal__struct.h
[0.323s] -- Up-to-date symlink: /home/herring/rzddzy/install/multi_mode_control_msgs/include/multi_mode_control_msgs/multi_mode_control_msgs/msg/detail/dual_cartesian_impedance_goal__type_support.h
[0.323s] -- Up-to-date symlink: /home/herring/rzddzy/install/multi_mode_control_msgs/include/multi_mode_control_msgs/multi_mode_control_msgs/msg/detail/joint_array__functions.h
[0.323s] -- Up-to-date symlink: /home/herring/rzddzy/install/multi_mode_control_msgs/include/multi_mode_control_msgs/multi_mode_control_msgs/msg/detail/joint_array__struct.h
[0.323s] -- Up-to-date symlink: /home/herring/rzddzy/install/multi_mode_control_msgs/include/multi_mode_control_msgs/multi_mode_control_msgs/msg/detail/joint_array__type_support.h
[0.323s] -- Up-to-date symlink: /home/herring/rzddzy/install/multi_mode_control_msgs/include/multi_mode_control_msgs/multi_mode_control_msgs/msg/detail/joint_goal__functions.h
[0.323s] -- Up-to-date symlink: /home/herring/rzddzy/install/multi_mode_control_msgs/include/multi_mode_control_msgs/multi_mode_control_msgs/msg/detail/joint_goal__struct.h
[0.323s] -- Up-to-date symlink: /home/herring/rzddzy/install/multi_mode_control_msgs/include/multi_mode_control_msgs/multi_mode_control_msgs/msg/detail/joint_goal__type_support.h
[0.323s] -- Up-to-date symlink: /home/herring/rzddzy/install/multi_mode_control_msgs/include/multi_mode_control_msgs/multi_mode_control_msgs/msg/detail/velocity_goal__functions.h
[0.324s] -- Up-to-date symlink: /home/herring/rzddzy/install/multi_mode_control_msgs/include/multi_mode_control_msgs/multi_mode_control_msgs/msg/detail/velocity_goal__struct.h
[0.324s] -- Up-to-date symlink: /home/herring/rzddzy/install/multi_mode_control_msgs/include/multi_mode_control_msgs/multi_mode_control_msgs/msg/detail/velocity_goal__type_support.h
[0.324s] -- Up-to-date symlink: /home/herring/rzddzy/install/multi_mode_control_msgs/include/multi_mode_control_msgs/multi_mode_control_msgs/msg/detail/wrench__functions.h
[0.324s] -- Up-to-date symlink: /home/herring/rzddzy/install/multi_mode_control_msgs/include/multi_mode_control_msgs/multi_mode_control_msgs/msg/detail/wrench__struct.h
[0.324s] -- Up-to-date symlink: /home/herring/rzddzy/install/multi_mode_control_msgs/include/multi_mode_control_msgs/multi_mode_control_msgs/msg/detail/wrench__type_support.h
[0.324s] -- Up-to-date symlink: /home/herring/rzddzy/install/multi_mode_control_msgs/include/multi_mode_control_msgs/multi_mode_control_msgs/msg/dual_cartesian_impedance_goal.h
[0.324s] -- Up-to-date symlink: /home/herring/rzddzy/install/multi_mode_control_msgs/include/multi_mode_control_msgs/multi_mode_control_msgs/msg/joint_array.h
[0.324s] -- Up-to-date symlink: /home/herring/rzddzy/install/multi_mode_control_msgs/include/multi_mode_control_msgs/multi_mode_control_msgs/msg/joint_goal.h
[0.324s] -- Up-to-date symlink: /home/herring/rzddzy/install/multi_mode_control_msgs/include/multi_mode_control_msgs/multi_mode_control_msgs/msg/rosidl_generator_c__visibility_control.h
[0.324s] -- Up-to-date symlink: /home/herring/rzddzy/install/multi_mode_control_msgs/include/multi_mode_control_msgs/multi_mode_control_msgs/msg/velocity_goal.h
[0.325s] -- Up-to-date symlink: /home/herring/rzddzy/install/multi_mode_control_msgs/include/multi_mode_control_msgs/multi_mode_control_msgs/msg/wrench.h
[0.325s] -- Up-to-date symlink: /home/herring/rzddzy/install/multi_mode_control_msgs/include/multi_mode_control_msgs/multi_mode_control_msgs/srv/detail/get_controllers__functions.h
[0.325s] -- Up-to-date symlink: /home/herring/rzddzy/install/multi_mode_control_msgs/include/multi_mode_control_msgs/multi_mode_control_msgs/srv/detail/get_controllers__struct.h
[0.325s] -- Up-to-date symlink: /home/herring/rzddzy/install/multi_mode_control_msgs/include/multi_mode_control_msgs/multi_mode_control_msgs/srv/detail/get_controllers__type_support.h
[0.325s] -- Up-to-date symlink: /home/herring/rzddzy/install/multi_mode_control_msgs/include/multi_mode_control_msgs/multi_mode_control_msgs/srv/detail/get_robot_states__functions.h
[0.325s] -- Up-to-date symlink: /home/herring/rzddzy/install/multi_mode_control_msgs/include/multi_mode_control_msgs/multi_mode_control_msgs/srv/detail/get_robot_states__struct.h
[0.325s] -- Up-to-date symlink: /home/herring/rzddzy/install/multi_mode_control_msgs/include/multi_mode_control_msgs/multi_mode_control_msgs/srv/detail/get_robot_states__type_support.h
[0.325s] -- Up-to-date symlink: /home/herring/rzddzy/install/multi_mode_control_msgs/include/multi_mode_control_msgs/multi_mode_control_msgs/srv/detail/set_cartesian_impedance__functions.h
[0.325s] -- Up-to-date symlink: /home/herring/rzddzy/install/multi_mode_control_msgs/include/multi_mode_control_msgs/multi_mode_control_msgs/srv/detail/set_cartesian_impedance__struct.h
[0.325s] -- Up-to-date symlink: /home/herring/rzddzy/install/multi_mode_control_msgs/include/multi_mode_control_msgs/multi_mode_control_msgs/srv/detail/set_cartesian_impedance__type_support.h
[0.326s] -- Up-to-date symlink: /home/herring/rzddzy/install/multi_mode_control_msgs/include/multi_mode_control_msgs/multi_mode_control_msgs/srv/detail/set_controllers__functions.h
[0.326s] -- Up-to-date symlink: /home/herring/rzddzy/install/multi_mode_control_msgs/include/multi_mode_control_msgs/multi_mode_control_msgs/srv/detail/set_controllers__struct.h
[0.326s] -- Up-to-date symlink: /home/herring/rzddzy/install/multi_mode_control_msgs/include/multi_mode_control_msgs/multi_mode_control_msgs/srv/detail/set_controllers__type_support.h
[0.326s] -- Up-to-date symlink: /home/herring/rzddzy/install/multi_mode_control_msgs/include/multi_mode_control_msgs/multi_mode_control_msgs/srv/detail/set_joint_impedance__functions.h
[0.326s] -- Up-to-date symlink: /home/herring/rzddzy/install/multi_mode_control_msgs/include/multi_mode_control_msgs/multi_mode_control_msgs/srv/detail/set_joint_impedance__struct.h
[0.326s] -- Up-to-date symlink: /home/herring/rzddzy/install/multi_mode_control_msgs/include/multi_mode_control_msgs/multi_mode_control_msgs/srv/detail/set_joint_impedance__type_support.h
[0.326s] -- Up-to-date symlink: /home/herring/rzddzy/install/multi_mode_control_msgs/include/multi_mode_control_msgs/multi_mode_control_msgs/srv/detail/set_recovery_mode__functions.h
[0.326s] -- Up-to-date symlink: /home/herring/rzddzy/install/multi_mode_control_msgs/include/multi_mode_control_msgs/multi_mode_control_msgs/srv/detail/set_recovery_mode__struct.h
[0.326s] -- Up-to-date symlink: /home/herring/rzddzy/install/multi_mode_control_msgs/include/multi_mode_control_msgs/multi_mode_control_msgs/srv/detail/set_recovery_mode__type_support.h
[0.326s] -- Up-to-date symlink: /home/herring/rzddzy/install/multi_mode_control_msgs/include/multi_mode_control_msgs/multi_mode_control_msgs/srv/detail/set_reflex__functions.h
[0.327s] -- Up-to-date symlink: /home/herring/rzddzy/install/multi_mode_control_msgs/include/multi_mode_control_msgs/multi_mode_control_msgs/srv/detail/set_reflex__struct.h
[0.327s] -- Up-to-date symlink: /home/herring/rzddzy/install/multi_mode_control_msgs/include/multi_mode_control_msgs/multi_mode_control_msgs/srv/detail/set_reflex__type_support.h
[0.327s] -- Up-to-date symlink: /home/herring/rzddzy/install/multi_mode_control_msgs/include/multi_mode_control_msgs/multi_mode_control_msgs/srv/detail/set_thresholds__functions.h
[0.327s] -- Up-to-date symlink: /home/herring/rzddzy/install/multi_mode_control_msgs/include/multi_mode_control_msgs/multi_mode_control_msgs/srv/detail/set_thresholds__struct.h
[0.327s] -- Up-to-date symlink: /home/herring/rzddzy/install/multi_mode_control_msgs/include/multi_mode_control_msgs/multi_mode_control_msgs/srv/detail/set_thresholds__type_support.h
[0.327s] -- Up-to-date symlink: /home/herring/rzddzy/install/multi_mode_control_msgs/include/multi_mode_control_msgs/multi_mode_control_msgs/srv/detail/set_world_state__functions.h
[0.327s] -- Up-to-date symlink: /home/herring/rzddzy/install/multi_mode_control_msgs/include/multi_mode_control_msgs/multi_mode_control_msgs/srv/detail/set_world_state__struct.h
[0.327s] -- Up-to-date symlink: /home/herring/rzddzy/install/multi_mode_control_msgs/include/multi_mode_control_msgs/multi_mode_control_msgs/srv/detail/set_world_state__type_support.h
[0.327s] -- Up-to-date symlink: /home/herring/rzddzy/install/multi_mode_control_msgs/include/multi_mode_control_msgs/multi_mode_control_msgs/srv/get_controllers.h
[0.327s] -- Up-to-date symlink: /home/herring/rzddzy/install/multi_mode_control_msgs/include/multi_mode_control_msgs/multi_mode_control_msgs/srv/get_robot_states.h
[0.328s] -- Up-to-date symlink: /home/herring/rzddzy/install/multi_mode_control_msgs/include/multi_mode_control_msgs/multi_mode_control_msgs/srv/set_cartesian_impedance.h
[0.328s] -- Up-to-date symlink: /home/herring/rzddzy/install/multi_mode_control_msgs/include/multi_mode_control_msgs/multi_mode_control_msgs/srv/set_controllers.h
[0.328s] -- Up-to-date symlink: /home/herring/rzddzy/install/multi_mode_control_msgs/include/multi_mode_control_msgs/multi_mode_control_msgs/srv/set_joint_impedance.h
[0.328s] -- Up-to-date symlink: /home/herring/rzddzy/install/multi_mode_control_msgs/include/multi_mode_control_msgs/multi_mode_control_msgs/srv/set_recovery_mode.h
[0.328s] -- Up-to-date symlink: /home/herring/rzddzy/install/multi_mode_control_msgs/include/multi_mode_control_msgs/multi_mode_control_msgs/srv/set_reflex.h
[0.328s] -- Up-to-date symlink: /home/herring/rzddzy/install/multi_mode_control_msgs/include/multi_mode_control_msgs/multi_mode_control_msgs/srv/set_thresholds.h
[0.328s] -- Up-to-date symlink: /home/herring/rzddzy/install/multi_mode_control_msgs/include/multi_mode_control_msgs/multi_mode_control_msgs/srv/set_world_state.h
[0.328s] -- Up-to-date symlink: /home/herring/rzddzy/install/multi_mode_control_msgs/share/multi_mode_control_msgs/environment/library_path.sh
[0.328s] -- Up-to-date symlink: /home/herring/rzddzy/install/multi_mode_control_msgs/share/multi_mode_control_msgs/environment/library_path.dsv
[0.329s] -- Up-to-date symlink: /home/herring/rzddzy/install/multi_mode_control_msgs/include/multi_mode_control_msgs/multi_mode_control_msgs/msg/detail/cartesian_impedance_goal__rosidl_typesupport_fastrtps_c.h
[0.329s] -- Up-to-date symlink: /home/herring/rzddzy/install/multi_mode_control_msgs/include/multi_mode_control_msgs/multi_mode_control_msgs/msg/detail/contact_thresholds__rosidl_typesupport_fastrtps_c.h
[0.329s] -- Up-to-date symlink: /home/herring/rzddzy/install/multi_mode_control_msgs/include/multi_mode_control_msgs/multi_mode_control_msgs/msg/detail/controller__rosidl_typesupport_fastrtps_c.h
[0.329s] -- Up-to-date symlink: /home/herring/rzddzy/install/multi_mode_control_msgs/include/multi_mode_control_msgs/multi_mode_control_msgs/msg/detail/dual_cartesian_impedance_goal__rosidl_typesupport_fastrtps_c.h
[0.330s] -- Up-to-date symlink: /home/herring/rzddzy/install/multi_mode_control_msgs/include/multi_mode_control_msgs/multi_mode_control_msgs/msg/detail/joint_array__rosidl_typesupport_fastrtps_c.h
[0.330s] -- Up-to-date symlink: /home/herring/rzddzy/install/multi_mode_control_msgs/include/multi_mode_control_msgs/multi_mode_control_msgs/msg/detail/joint_goal__rosidl_typesupport_fastrtps_c.h
[0.330s] -- Up-to-date symlink: /home/herring/rzddzy/install/multi_mode_control_msgs/include/multi_mode_control_msgs/multi_mode_control_msgs/msg/detail/velocity_goal__rosidl_typesupport_fastrtps_c.h
[0.330s] -- Up-to-date symlink: /home/herring/rzddzy/install/multi_mode_control_msgs/include/multi_mode_control_msgs/multi_mode_control_msgs/msg/detail/wrench__rosidl_typesupport_fastrtps_c.h
[0.330s] -- Up-to-date symlink: /home/herring/rzddzy/install/multi_mode_control_msgs/include/multi_mode_control_msgs/multi_mode_control_msgs/msg/rosidl_typesupport_fastrtps_c__visibility_control.h
[0.330s] -- Up-to-date symlink: /home/herring/rzddzy/install/multi_mode_control_msgs/include/multi_mode_control_msgs/multi_mode_control_msgs/srv/detail/get_controllers__rosidl_typesupport_fastrtps_c.h
[0.330s] -- Up-to-date symlink: /home/herring/rzddzy/install/multi_mode_control_msgs/include/multi_mode_control_msgs/multi_mode_control_msgs/srv/detail/get_robot_states__rosidl_typesupport_fastrtps_c.h
[0.330s] -- Up-to-date symlink: /home/herring/rzddzy/install/multi_mode_control_msgs/include/multi_mode_control_msgs/multi_mode_control_msgs/srv/detail/set_cartesian_impedance__rosidl_typesupport_fastrtps_c.h
[0.330s] -- Up-to-date symlink: /home/herring/rzddzy/install/multi_mode_control_msgs/include/multi_mode_control_msgs/multi_mode_control_msgs/srv/detail/set_controllers__rosidl_typesupport_fastrtps_c.h
[0.330s] -- Up-to-date symlink: /home/herring/rzddzy/install/multi_mode_control_msgs/include/multi_mode_control_msgs/multi_mode_control_msgs/srv/detail/set_joint_impedance__rosidl_typesupport_fastrtps_c.h
[0.331s] -- Up-to-date symlink: /home/herring/rzddzy/install/multi_mode_control_msgs/include/multi_mode_control_msgs/multi_mode_control_msgs/srv/detail/set_recovery_mode__rosidl_typesupport_fastrtps_c.h
[0.331s] -- Up-to-date symlink: /home/herring/rzddzy/install/multi_mode_control_msgs/include/multi_mode_control_msgs/multi_mode_control_msgs/srv/detail/set_reflex__rosidl_typesupport_fastrtps_c.h
[0.331s] -- Up-to-date symlink: /home/herring/rzddzy/install/multi_mode_control_msgs/include/multi_mode_control_msgs/multi_mode_control_msgs/srv/detail/set_thresholds__rosidl_typesupport_fastrtps_c.h
[0.331s] -- Up-to-date symlink: /home/herring/rzddzy/install/multi_mode_control_msgs/include/multi_mode_control_msgs/multi_mode_control_msgs/srv/detail/set_world_state__rosidl_typesupport_fastrtps_c.h
[0.332s] -- Up-to-date symlink: /home/herring/rzddzy/install/multi_mode_control_msgs/include/multi_mode_control_msgs/multi_mode_control_msgs/msg/cartesian_impedance_goal.hpp
[0.332s] -- Up-to-date symlink: /home/herring/rzddzy/install/multi_mode_control_msgs/include/multi_mode_control_msgs/multi_mode_control_msgs/msg/contact_thresholds.hpp
[0.332s] -- Up-to-date symlink: /home/herring/rzddzy/install/multi_mode_control_msgs/include/multi_mode_control_msgs/multi_mode_control_msgs/msg/controller.hpp
[0.332s] -- Up-to-date symlink: /home/herring/rzddzy/install/multi_mode_control_msgs/include/multi_mode_control_msgs/multi_mode_control_msgs/msg/detail/cartesian_impedance_goal__builder.hpp
[0.332s] -- Up-to-date symlink: /home/herring/rzddzy/install/multi_mode_control_msgs/include/multi_mode_control_msgs/multi_mode_control_msgs/msg/detail/cartesian_impedance_goal__struct.hpp
[0.332s] -- Up-to-date symlink: /home/herring/rzddzy/install/multi_mode_control_msgs/include/multi_mode_control_msgs/multi_mode_control_msgs/msg/detail/cartesian_impedance_goal__traits.hpp
[0.332s] -- Up-to-date symlink: /home/herring/rzddzy/install/multi_mode_control_msgs/include/multi_mode_control_msgs/multi_mode_control_msgs/msg/detail/cartesian_impedance_goal__type_support.hpp
[0.332s] -- Up-to-date symlink: /home/herring/rzddzy/install/multi_mode_control_msgs/include/multi_mode_control_msgs/multi_mode_control_msgs/msg/detail/contact_thresholds__builder.hpp
[0.332s] -- Up-to-date symlink: /home/herring/rzddzy/install/multi_mode_control_msgs/include/multi_mode_control_msgs/multi_mode_control_msgs/msg/detail/contact_thresholds__struct.hpp
[0.333s] -- Up-to-date symlink: /home/herring/rzddzy/install/multi_mode_control_msgs/include/multi_mode_control_msgs/multi_mode_control_msgs/msg/detail/contact_thresholds__traits.hpp
[0.333s] -- Up-to-date symlink: /home/herring/rzddzy/install/multi_mode_control_msgs/include/multi_mode_control_msgs/multi_mode_control_msgs/msg/detail/contact_thresholds__type_support.hpp
[0.333s] -- Up-to-date symlink: /home/herring/rzddzy/install/multi_mode_control_msgs/include/multi_mode_control_msgs/multi_mode_control_msgs/msg/detail/controller__builder.hpp
[0.333s] -- Up-to-date symlink: /home/herring/rzddzy/install/multi_mode_control_msgs/include/multi_mode_control_msgs/multi_mode_control_msgs/msg/detail/controller__struct.hpp
[0.333s] -- Up-to-date symlink: /home/herring/rzddzy/install/multi_mode_control_msgs/include/multi_mode_control_msgs/multi_mode_control_msgs/msg/detail/controller__traits.hpp
[0.333s] -- Up-to-date symlink: /home/herring/rzddzy/install/multi_mode_control_msgs/include/multi_mode_control_msgs/multi_mode_control_msgs/msg/detail/controller__type_support.hpp
[0.333s] -- Up-to-date symlink: /home/herring/rzddzy/install/multi_mode_control_msgs/include/multi_mode_control_msgs/multi_mode_control_msgs/msg/detail/dual_cartesian_impedance_goal__builder.hpp
[0.333s] -- Up-to-date symlink: /home/herring/rzddzy/install/multi_mode_control_msgs/include/multi_mode_control_msgs/multi_mode_control_msgs/msg/detail/dual_cartesian_impedance_goal__struct.hpp
[0.333s] -- Up-to-date symlink: /home/herring/rzddzy/install/multi_mode_control_msgs/include/multi_mode_control_msgs/multi_mode_control_msgs/msg/detail/dual_cartesian_impedance_goal__traits.hpp
[0.333s] -- Up-to-date symlink: /home/herring/rzddzy/install/multi_mode_control_msgs/include/multi_mode_control_msgs/multi_mode_control_msgs/msg/detail/dual_cartesian_impedance_goal__type_support.hpp
[0.334s] -- Up-to-date symlink: /home/herring/rzddzy/install/multi_mode_control_msgs/include/multi_mode_control_msgs/multi_mode_control_msgs/msg/detail/joint_array__builder.hpp
[0.334s] -- Up-to-date symlink: /home/herring/rzddzy/install/multi_mode_control_msgs/include/multi_mode_control_msgs/multi_mode_control_msgs/msg/detail/joint_array__struct.hpp
[0.334s] -- Up-to-date symlink: /home/herring/rzddzy/install/multi_mode_control_msgs/include/multi_mode_control_msgs/multi_mode_control_msgs/msg/detail/joint_array__traits.hpp
[0.334s] -- Up-to-date symlink: /home/herring/rzddzy/install/multi_mode_control_msgs/include/multi_mode_control_msgs/multi_mode_control_msgs/msg/detail/joint_array__type_support.hpp
[0.334s] -- Up-to-date symlink: /home/herring/rzddzy/install/multi_mode_control_msgs/include/multi_mode_control_msgs/multi_mode_control_msgs/msg/detail/joint_goal__builder.hpp
[0.334s] -- Up-to-date symlink: /home/herring/rzddzy/install/multi_mode_control_msgs/include/multi_mode_control_msgs/multi_mode_control_msgs/msg/detail/joint_goal__struct.hpp
[0.334s] -- Up-to-date symlink: /home/herring/rzddzy/install/multi_mode_control_msgs/include/multi_mode_control_msgs/multi_mode_control_msgs/msg/detail/joint_goal__traits.hpp
[0.334s] -- Up-to-date symlink: /home/herring/rzddzy/install/multi_mode_control_msgs/include/multi_mode_control_msgs/multi_mode_control_msgs/msg/detail/joint_goal__type_support.hpp
[0.334s] -- Up-to-date symlink: /home/herring/rzddzy/install/multi_mode_control_msgs/include/multi_mode_control_msgs/multi_mode_control_msgs/msg/detail/velocity_goal__builder.hpp
[0.334s] -- Up-to-date symlink: /home/herring/rzddzy/install/multi_mode_control_msgs/include/multi_mode_control_msgs/multi_mode_control_msgs/msg/detail/velocity_goal__struct.hpp
[0.335s] -- Up-to-date symlink: /home/herring/rzddzy/install/multi_mode_control_msgs/include/multi_mode_control_msgs/multi_mode_control_msgs/msg/detail/velocity_goal__traits.hpp
[0.335s] -- Up-to-date symlink: /home/herring/rzddzy/install/multi_mode_control_msgs/include/multi_mode_control_msgs/multi_mode_control_msgs/msg/detail/velocity_goal__type_support.hpp
[0.335s] -- Up-to-date symlink: /home/herring/rzddzy/install/multi_mode_control_msgs/include/multi_mode_control_msgs/multi_mode_control_msgs/msg/detail/wrench__builder.hpp
[0.335s] -- Up-to-date symlink: /home/herring/rzddzy/install/multi_mode_control_msgs/include/multi_mode_control_msgs/multi_mode_control_msgs/msg/detail/wrench__struct.hpp
[0.335s] -- Up-to-date symlink: /home/herring/rzddzy/install/multi_mode_control_msgs/include/multi_mode_control_msgs/multi_mode_control_msgs/msg/detail/wrench__traits.hpp
[0.335s] -- Up-to-date symlink: /home/herring/rzddzy/install/multi_mode_control_msgs/include/multi_mode_control_msgs/multi_mode_control_msgs/msg/detail/wrench__type_support.hpp
[0.335s] -- Up-to-date symlink: /home/herring/rzddzy/install/multi_mode_control_msgs/include/multi_mode_control_msgs/multi_mode_control_msgs/msg/dual_cartesian_impedance_goal.hpp
[0.335s] -- Up-to-date symlink: /home/herring/rzddzy/install/multi_mode_control_msgs/include/multi_mode_control_msgs/multi_mode_control_msgs/msg/joint_array.hpp
[0.335s] -- Up-to-date symlink: /home/herring/rzddzy/install/multi_mode_control_msgs/include/multi_mode_control_msgs/multi_mode_control_msgs/msg/joint_goal.hpp
[0.335s] -- Up-to-date symlink: /home/herring/rzddzy/install/multi_mode_control_msgs/include/multi_mode_control_msgs/multi_mode_control_msgs/msg/rosidl_generator_cpp__visibility_control.hpp
[0.336s] -- Up-to-date symlink: /home/herring/rzddzy/install/multi_mode_control_msgs/include/multi_mode_control_msgs/multi_mode_control_msgs/msg/velocity_goal.hpp
[0.336s] -- Up-to-date symlink: /home/herring/rzddzy/install/multi_mode_control_msgs/include/multi_mode_control_msgs/multi_mode_control_msgs/msg/wrench.hpp
[0.336s] -- Up-to-date symlink: /home/herring/rzddzy/install/multi_mode_control_msgs/include/multi_mode_control_msgs/multi_mode_control_msgs/srv/detail/get_controllers__builder.hpp
[0.336s] -- Up-to-date symlink: /home/herring/rzddzy/install/multi_mode_control_msgs/include/multi_mode_control_msgs/multi_mode_control_msgs/srv/detail/get_controllers__struct.hpp
[0.336s] -- Up-to-date symlink: /home/herring/rzddzy/install/multi_mode_control_msgs/include/multi_mode_control_msgs/multi_mode_control_msgs/srv/detail/get_controllers__traits.hpp
[0.336s] -- Up-to-date symlink: /home/herring/rzddzy/install/multi_mode_control_msgs/include/multi_mode_control_msgs/multi_mode_control_msgs/srv/detail/get_controllers__type_support.hpp
[0.336s] -- Up-to-date symlink: /home/herring/rzddzy/install/multi_mode_control_msgs/include/multi_mode_control_msgs/multi_mode_control_msgs/srv/detail/get_robot_states__builder.hpp
[0.336s] -- Up-to-date symlink: /home/herring/rzddzy/install/multi_mode_control_msgs/include/multi_mode_control_msgs/multi_mode_control_msgs/srv/detail/get_robot_states__struct.hpp
[0.336s] -- Up-to-date symlink: /home/herring/rzddzy/install/multi_mode_control_msgs/include/multi_mode_control_msgs/multi_mode_control_msgs/srv/detail/get_robot_states__traits.hpp
[0.336s] -- Up-to-date symlink: /home/herring/rzddzy/install/multi_mode_control_msgs/include/multi_mode_control_msgs/multi_mode_control_msgs/srv/detail/get_robot_states__type_support.hpp
[0.336s] -- Up-to-date symlink: /home/herring/rzddzy/install/multi_mode_control_msgs/include/multi_mode_control_msgs/multi_mode_control_msgs/srv/detail/set_cartesian_impedance__builder.hpp
[0.337s] -- Up-to-date symlink: /home/herring/rzddzy/install/multi_mode_control_msgs/include/multi_mode_control_msgs/multi_mode_control_msgs/srv/detail/set_cartesian_impedance__struct.hpp
[0.337s] -- Up-to-date symlink: /home/herring/rzddzy/install/multi_mode_control_msgs/include/multi_mode_control_msgs/multi_mode_control_msgs/srv/detail/set_cartesian_impedance__traits.hpp
[0.337s] -- Up-to-date symlink: /home/herring/rzddzy/install/multi_mode_control_msgs/include/multi_mode_control_msgs/multi_mode_control_msgs/srv/detail/set_cartesian_impedance__type_support.hpp
[0.337s] -- Up-to-date symlink: /home/herring/rzddzy/install/multi_mode_control_msgs/include/multi_mode_control_msgs/multi_mode_control_msgs/srv/detail/set_controllers__builder.hpp
[0.337s] -- Up-to-date symlink: /home/herring/rzddzy/install/multi_mode_control_msgs/include/multi_mode_control_msgs/multi_mode_control_msgs/srv/detail/set_controllers__struct.hpp
[0.337s] -- Up-to-date symlink: /home/herring/rzddzy/install/multi_mode_control_msgs/include/multi_mode_control_msgs/multi_mode_control_msgs/srv/detail/set_controllers__traits.hpp
[0.337s] -- Up-to-date symlink: /home/herring/rzddzy/install/multi_mode_control_msgs/include/multi_mode_control_msgs/multi_mode_control_msgs/srv/detail/set_controllers__type_support.hpp
[0.337s] -- Up-to-date symlink: /home/herring/rzddzy/install/multi_mode_control_msgs/include/multi_mode_control_msgs/multi_mode_control_msgs/srv/detail/set_joint_impedance__builder.hpp
[0.337s] -- Up-to-date symlink: /home/herring/rzddzy/install/multi_mode_control_msgs/include/multi_mode_control_msgs/multi_mode_control_msgs/srv/detail/set_joint_impedance__struct.hpp
[0.337s] -- Up-to-date symlink: /home/herring/rzddzy/install/multi_mode_control_msgs/include/multi_mode_control_msgs/multi_mode_control_msgs/srv/detail/set_joint_impedance__traits.hpp
[0.338s] -- Up-to-date symlink: /home/herring/rzddzy/install/multi_mode_control_msgs/include/multi_mode_control_msgs/multi_mode_control_msgs/srv/detail/set_joint_impedance__type_support.hpp
[0.338s] -- Up-to-date symlink: /home/herring/rzddzy/install/multi_mode_control_msgs/include/multi_mode_control_msgs/multi_mode_control_msgs/srv/detail/set_recovery_mode__builder.hpp
[0.338s] -- Up-to-date symlink: /home/herring/rzddzy/install/multi_mode_control_msgs/include/multi_mode_control_msgs/multi_mode_control_msgs/srv/detail/set_recovery_mode__struct.hpp
[0.338s] -- Up-to-date symlink: /home/herring/rzddzy/install/multi_mode_control_msgs/include/multi_mode_control_msgs/multi_mode_control_msgs/srv/detail/set_recovery_mode__traits.hpp
[0.338s] -- Up-to-date symlink: /home/herring/rzddzy/install/multi_mode_control_msgs/include/multi_mode_control_msgs/multi_mode_control_msgs/srv/detail/set_recovery_mode__type_support.hpp
[0.338s] -- Up-to-date symlink: /home/herring/rzddzy/install/multi_mode_control_msgs/include/multi_mode_control_msgs/multi_mode_control_msgs/srv/detail/set_reflex__builder.hpp
[0.338s] -- Up-to-date symlink: /home/herring/rzddzy/install/multi_mode_control_msgs/include/multi_mode_control_msgs/multi_mode_control_msgs/srv/detail/set_reflex__struct.hpp
[0.338s] -- Up-to-date symlink: /home/herring/rzddzy/install/multi_mode_control_msgs/include/multi_mode_control_msgs/multi_mode_control_msgs/srv/detail/set_reflex__traits.hpp
[0.338s] -- Up-to-date symlink: /home/herring/rzddzy/install/multi_mode_control_msgs/include/multi_mode_control_msgs/multi_mode_control_msgs/srv/detail/set_reflex__type_support.hpp
[0.338s] -- Up-to-date symlink: /home/herring/rzddzy/install/multi_mode_control_msgs/include/multi_mode_control_msgs/multi_mode_control_msgs/srv/detail/set_thresholds__builder.hpp
[0.339s] -- Up-to-date symlink: /home/herring/rzddzy/install/multi_mode_control_msgs/include/multi_mode_control_msgs/multi_mode_control_msgs/srv/detail/set_thresholds__struct.hpp
[0.339s] -- Up-to-date symlink: /home/herring/rzddzy/install/multi_mode_control_msgs/include/multi_mode_control_msgs/multi_mode_control_msgs/srv/detail/set_thresholds__traits.hpp
[0.339s] -- Up-to-date symlink: /home/herring/rzddzy/install/multi_mode_control_msgs/include/multi_mode_control_msgs/multi_mode_control_msgs/srv/detail/set_thresholds__type_support.hpp
[0.339s] -- Up-to-date symlink: /home/herring/rzddzy/install/multi_mode_control_msgs/include/multi_mode_control_msgs/multi_mode_control_msgs/srv/detail/set_world_state__builder.hpp
[0.339s] -- Up-to-date symlink: /home/herring/rzddzy/install/multi_mode_control_msgs/include/multi_mode_control_msgs/multi_mode_control_msgs/srv/detail/set_world_state__struct.hpp
[0.339s] -- Up-to-date symlink: /home/herring/rzddzy/install/multi_mode_control_msgs/include/multi_mode_control_msgs/multi_mode_control_msgs/srv/detail/set_world_state__traits.hpp
[0.339s] -- Up-to-date symlink: /home/herring/rzddzy/install/multi_mode_control_msgs/include/multi_mode_control_msgs/multi_mode_control_msgs/srv/detail/set_world_state__type_support.hpp
[0.339s] -- Up-to-date symlink: /home/herring/rzddzy/install/multi_mode_control_msgs/include/multi_mode_control_msgs/multi_mode_control_msgs/srv/get_controllers.hpp
[0.339s] -- Up-to-date symlink: /home/herring/rzddzy/install/multi_mode_control_msgs/include/multi_mode_control_msgs/multi_mode_control_msgs/srv/get_robot_states.hpp
[0.339s] -- Up-to-date symlink: /home/herring/rzddzy/install/multi_mode_control_msgs/include/multi_mode_control_msgs/multi_mode_control_msgs/srv/set_cartesian_impedance.hpp
[0.339s] -- Up-to-date symlink: /home/herring/rzddzy/install/multi_mode_control_msgs/include/multi_mode_control_msgs/multi_mode_control_msgs/srv/set_controllers.hpp
[0.340s] -- Up-to-date symlink: /home/herring/rzddzy/install/multi_mode_control_msgs/include/multi_mode_control_msgs/multi_mode_control_msgs/srv/set_joint_impedance.hpp
[0.340s] -- Up-to-date symlink: /home/herring/rzddzy/install/multi_mode_control_msgs/include/multi_mode_control_msgs/multi_mode_control_msgs/srv/set_recovery_mode.hpp
[0.340s] -- Up-to-date symlink: /home/herring/rzddzy/install/multi_mode_control_msgs/include/multi_mode_control_msgs/multi_mode_control_msgs/srv/set_reflex.hpp
[0.340s] -- Up-to-date symlink: /home/herring/rzddzy/install/multi_mode_control_msgs/include/multi_mode_control_msgs/multi_mode_control_msgs/srv/set_thresholds.hpp
[0.340s] -- Up-to-date symlink: /home/herring/rzddzy/install/multi_mode_control_msgs/include/multi_mode_control_msgs/multi_mode_control_msgs/srv/set_world_state.hpp
[0.341s] -- Up-to-date symlink: /home/herring/rzddzy/install/multi_mode_control_msgs/include/multi_mode_control_msgs/multi_mode_control_msgs/msg/detail/cartesian_impedance_goal__rosidl_typesupport_fastrtps_cpp.hpp
[0.341s] -- Up-to-date symlink: /home/herring/rzddzy/install/multi_mode_control_msgs/include/multi_mode_control_msgs/multi_mode_control_msgs/msg/detail/contact_thresholds__rosidl_typesupport_fastrtps_cpp.hpp
[0.341s] -- Up-to-date symlink: /home/herring/rzddzy/install/multi_mode_control_msgs/include/multi_mode_control_msgs/multi_mode_control_msgs/msg/detail/controller__rosidl_typesupport_fastrtps_cpp.hpp
[0.341s] -- Up-to-date symlink: /home/herring/rzddzy/install/multi_mode_control_msgs/include/multi_mode_control_msgs/multi_mode_control_msgs/msg/detail/dual_cartesian_impedance_goal__rosidl_typesupport_fastrtps_cpp.hpp
[0.341s] -- Up-to-date symlink: /home/herring/rzddzy/install/multi_mode_control_msgs/include/multi_mode_control_msgs/multi_mode_control_msgs/msg/detail/joint_array__rosidl_typesupport_fastrtps_cpp.hpp
[0.341s] -- Up-to-date symlink: /home/herring/rzddzy/install/multi_mode_control_msgs/include/multi_mode_control_msgs/multi_mode_control_msgs/msg/detail/joint_goal__rosidl_typesupport_fastrtps_cpp.hpp
[0.341s] -- Up-to-date symlink: /home/herring/rzddzy/install/multi_mode_control_msgs/include/multi_mode_control_msgs/multi_mode_control_msgs/msg/detail/velocity_goal__rosidl_typesupport_fastrtps_cpp.hpp
[0.341s] -- Up-to-date symlink: /home/herring/rzddzy/install/multi_mode_control_msgs/include/multi_mode_control_msgs/multi_mode_control_msgs/msg/detail/wrench__rosidl_typesupport_fastrtps_cpp.hpp
[0.342s] -- Up-to-date symlink: /home/herring/rzddzy/install/multi_mode_control_msgs/include/multi_mode_control_msgs/multi_mode_control_msgs/msg/rosidl_typesupport_fastrtps_cpp__visibility_control.h
[0.342s] -- Up-to-date symlink: /home/herring/rzddzy/install/multi_mode_control_msgs/include/multi_mode_control_msgs/multi_mode_control_msgs/srv/detail/get_controllers__rosidl_typesupport_fastrtps_cpp.hpp
[0.342s] -- Up-to-date symlink: /home/herring/rzddzy/install/multi_mode_control_msgs/include/multi_mode_control_msgs/multi_mode_control_msgs/srv/detail/get_robot_states__rosidl_typesupport_fastrtps_cpp.hpp
[0.342s] -- Up-to-date symlink: /home/herring/rzddzy/install/multi_mode_control_msgs/include/multi_mode_control_msgs/multi_mode_control_msgs/srv/detail/set_cartesian_impedance__rosidl_typesupport_fastrtps_cpp.hpp
[0.342s] -- Up-to-date symlink: /home/herring/rzddzy/install/multi_mode_control_msgs/include/multi_mode_control_msgs/multi_mode_control_msgs/srv/detail/set_controllers__rosidl_typesupport_fastrtps_cpp.hpp
[0.342s] -- Up-to-date symlink: /home/herring/rzddzy/install/multi_mode_control_msgs/include/multi_mode_control_msgs/multi_mode_control_msgs/srv/detail/set_joint_impedance__rosidl_typesupport_fastrtps_cpp.hpp
[0.342s] -- Up-to-date symlink: /home/herring/rzddzy/install/multi_mode_control_msgs/include/multi_mode_control_msgs/multi_mode_control_msgs/srv/detail/set_recovery_mode__rosidl_typesupport_fastrtps_cpp.hpp
[0.342s] -- Up-to-date symlink: /home/herring/rzddzy/install/multi_mode_control_msgs/include/multi_mode_control_msgs/multi_mode_control_msgs/srv/detail/set_reflex__rosidl_typesupport_fastrtps_cpp.hpp
[0.342s] -- Up-to-date symlink: /home/herring/rzddzy/install/multi_mode_control_msgs/include/multi_mode_control_msgs/multi_mode_control_msgs/srv/detail/set_thresholds__rosidl_typesupport_fastrtps_cpp.hpp
[0.342s] -- Up-to-date symlink: /home/herring/rzddzy/install/multi_mode_control_msgs/include/multi_mode_control_msgs/multi_mode_control_msgs/srv/detail/set_world_state__rosidl_typesupport_fastrtps_cpp.hpp
[0.343s] -- Up-to-date symlink: /home/herring/rzddzy/install/multi_mode_control_msgs/include/multi_mode_control_msgs/multi_mode_control_msgs/msg/detail/cartesian_impedance_goal__rosidl_typesupport_introspection_c.h
[0.343s] -- Up-to-date symlink: /home/herring/rzddzy/install/multi_mode_control_msgs/include/multi_mode_control_msgs/multi_mode_control_msgs/msg/detail/contact_thresholds__rosidl_typesupport_introspection_c.h
[0.343s] -- Up-to-date symlink: /home/herring/rzddzy/install/multi_mode_control_msgs/include/multi_mode_control_msgs/multi_mode_control_msgs/msg/detail/controller__rosidl_typesupport_introspection_c.h
[0.343s] -- Up-to-date symlink: /home/herring/rzddzy/install/multi_mode_control_msgs/include/multi_mode_control_msgs/multi_mode_control_msgs/msg/detail/dual_cartesian_impedance_goal__rosidl_typesupport_introspection_c.h
[0.343s] -- Up-to-date symlink: /home/herring/rzddzy/install/multi_mode_control_msgs/include/multi_mode_control_msgs/multi_mode_control_msgs/msg/detail/joint_array__rosidl_typesupport_introspection_c.h
[0.343s] -- Up-to-date symlink: /home/herring/rzddzy/install/multi_mode_control_msgs/include/multi_mode_control_msgs/multi_mode_control_msgs/msg/detail/joint_goal__rosidl_typesupport_introspection_c.h
[0.344s] -- Up-to-date symlink: /home/herring/rzddzy/install/multi_mode_control_msgs/include/multi_mode_control_msgs/multi_mode_control_msgs/msg/detail/velocity_goal__rosidl_typesupport_introspection_c.h
[0.344s] -- Up-to-date symlink: /home/herring/rzddzy/install/multi_mode_control_msgs/include/multi_mode_control_msgs/multi_mode_control_msgs/msg/detail/wrench__rosidl_typesupport_introspection_c.h
[0.344s] -- Up-to-date symlink: /home/herring/rzddzy/install/multi_mode_control_msgs/include/multi_mode_control_msgs/multi_mode_control_msgs/msg/rosidl_typesupport_introspection_c__visibility_control.h
[0.344s] -- Up-to-date symlink: /home/herring/rzddzy/install/multi_mode_control_msgs/include/multi_mode_control_msgs/multi_mode_control_msgs/srv/detail/get_controllers__rosidl_typesupport_introspection_c.h
[0.344s] -- Up-to-date symlink: /home/herring/rzddzy/install/multi_mode_control_msgs/include/multi_mode_control_msgs/multi_mode_control_msgs/srv/detail/get_robot_states__rosidl_typesupport_introspection_c.h
[0.344s] -- Up-to-date symlink: /home/herring/rzddzy/install/multi_mode_control_msgs/include/multi_mode_control_msgs/multi_mode_control_msgs/srv/detail/set_cartesian_impedance__rosidl_typesupport_introspection_c.h
[0.344s] -- Up-to-date symlink: /home/herring/rzddzy/install/multi_mode_control_msgs/include/multi_mode_control_msgs/multi_mode_control_msgs/srv/detail/set_controllers__rosidl_typesupport_introspection_c.h
[0.344s] -- Up-to-date symlink: /home/herring/rzddzy/install/multi_mode_control_msgs/include/multi_mode_control_msgs/multi_mode_control_msgs/srv/detail/set_joint_impedance__rosidl_typesupport_introspection_c.h
[0.344s] -- Up-to-date symlink: /home/herring/rzddzy/install/multi_mode_control_msgs/include/multi_mode_control_msgs/multi_mode_control_msgs/srv/detail/set_recovery_mode__rosidl_typesupport_introspection_c.h
[0.344s] -- Up-to-date symlink: /home/herring/rzddzy/install/multi_mode_control_msgs/include/multi_mode_control_msgs/multi_mode_control_msgs/srv/detail/set_reflex__rosidl_typesupport_introspection_c.h
[0.345s] -- Up-to-date symlink: /home/herring/rzddzy/install/multi_mode_control_msgs/include/multi_mode_control_msgs/multi_mode_control_msgs/srv/detail/set_thresholds__rosidl_typesupport_introspection_c.h
[0.345s] -- Up-to-date symlink: /home/herring/rzddzy/install/multi_mode_control_msgs/include/multi_mode_control_msgs/multi_mode_control_msgs/srv/detail/set_world_state__rosidl_typesupport_introspection_c.h
[0.345s] -- Up-to-date symlink: /home/herring/rzddzy/install/multi_mode_control_msgs/include/multi_mode_control_msgs/multi_mode_control_msgs/msg/detail/cartesian_impedance_goal__rosidl_typesupport_introspection_cpp.hpp
[0.345s] -- Up-to-date symlink: /home/herring/rzddzy/install/multi_mode_control_msgs/include/multi_mode_control_msgs/multi_mode_control_msgs/msg/detail/contact_thresholds__rosidl_typesupport_introspection_cpp.hpp
[0.345s] -- Up-to-date symlink: /home/herring/rzddzy/install/multi_mode_control_msgs/include/multi_mode_control_msgs/multi_mode_control_msgs/msg/detail/controller__rosidl_typesupport_introspection_cpp.hpp
[0.345s] -- Up-to-date symlink: /home/herring/rzddzy/install/multi_mode_control_msgs/include/multi_mode_control_msgs/multi_mode_control_msgs/msg/detail/dual_cartesian_impedance_goal__rosidl_typesupport_introspection_cpp.hpp
[0.345s] -- Up-to-date symlink: /home/herring/rzddzy/install/multi_mode_control_msgs/include/multi_mode_control_msgs/multi_mode_control_msgs/msg/detail/joint_array__rosidl_typesupport_introspection_cpp.hpp
[0.346s] -- Up-to-date symlink: /home/herring/rzddzy/install/multi_mode_control_msgs/include/multi_mode_control_msgs/multi_mode_control_msgs/msg/detail/joint_goal__rosidl_typesupport_introspection_cpp.hpp
[0.346s] -- Up-to-date symlink: /home/herring/rzddzy/install/multi_mode_control_msgs/include/multi_mode_control_msgs/multi_mode_control_msgs/msg/detail/velocity_goal__rosidl_typesupport_introspection_cpp.hpp
[0.346s] -- Up-to-date symlink: /home/herring/rzddzy/install/multi_mode_control_msgs/include/multi_mode_control_msgs/multi_mode_control_msgs/msg/detail/wrench__rosidl_typesupport_introspection_cpp.hpp
[0.346s] -- Up-to-date symlink: /home/herring/rzddzy/install/multi_mode_control_msgs/include/multi_mode_control_msgs/multi_mode_control_msgs/srv/detail/get_controllers__rosidl_typesupport_introspection_cpp.hpp
[0.346s] -- Up-to-date symlink: /home/herring/rzddzy/install/multi_mode_control_msgs/include/multi_mode_control_msgs/multi_mode_control_msgs/srv/detail/get_robot_states__rosidl_typesupport_introspection_cpp.hpp
[0.346s] -- Up-to-date symlink: /home/herring/rzddzy/install/multi_mode_control_msgs/include/multi_mode_control_msgs/multi_mode_control_msgs/srv/detail/set_cartesian_impedance__rosidl_typesupport_introspection_cpp.hpp
[0.346s] -- Up-to-date symlink: /home/herring/rzddzy/install/multi_mode_control_msgs/include/multi_mode_control_msgs/multi_mode_control_msgs/srv/detail/set_controllers__rosidl_typesupport_introspection_cpp.hpp
[0.346s] -- Up-to-date symlink: /home/herring/rzddzy/install/multi_mode_control_msgs/include/multi_mode_control_msgs/multi_mode_control_msgs/srv/detail/set_joint_impedance__rosidl_typesupport_introspection_cpp.hpp
[0.346s] -- Up-to-date symlink: /home/herring/rzddzy/install/multi_mode_control_msgs/include/multi_mode_control_msgs/multi_mode_control_msgs/srv/detail/set_recovery_mode__rosidl_typesupport_introspection_cpp.hpp
[0.346s] -- Up-to-date symlink: /home/herring/rzddzy/install/multi_mode_control_msgs/include/multi_mode_control_msgs/multi_mode_control_msgs/srv/detail/set_reflex__rosidl_typesupport_introspection_cpp.hpp
[0.347s] -- Up-to-date symlink: /home/herring/rzddzy/install/multi_mode_control_msgs/include/multi_mode_control_msgs/multi_mode_control_msgs/srv/detail/set_thresholds__rosidl_typesupport_introspection_cpp.hpp
[0.347s] -- Up-to-date symlink: /home/herring/rzddzy/install/multi_mode_control_msgs/include/multi_mode_control_msgs/multi_mode_control_msgs/srv/detail/set_world_state__rosidl_typesupport_introspection_cpp.hpp
[0.347s] -- Up-to-date symlink: /home/herring/rzddzy/install/multi_mode_control_msgs/share/multi_mode_control_msgs/environment/pythonpath.sh
[0.347s] -- Up-to-date symlink: /home/herring/rzddzy/install/multi_mode_control_msgs/share/multi_mode_control_msgs/environment/pythonpath.dsv
[0.347s] -- Up-to-date symlink: /home/herring/rzddzy/install/multi_mode_control_msgs/lib/python3.12/site-packages/multi_mode_control_msgs-0.0.0-py3.12.egg-info/PKG-INFO
[0.347s] -- Up-to-date symlink: /home/herring/rzddzy/install/multi_mode_control_msgs/lib/python3.12/site-packages/multi_mode_control_msgs-0.0.0-py3.12.egg-info/SOURCES.txt
[0.347s] -- Up-to-date symlink: /home/herring/rzddzy/install/multi_mode_control_msgs/lib/python3.12/site-packages/multi_mode_control_msgs-0.0.0-py3.12.egg-info/dependency_links.txt
[0.347s] -- Up-to-date symlink: /home/herring/rzddzy/install/multi_mode_control_msgs/lib/python3.12/site-packages/multi_mode_control_msgs-0.0.0-py3.12.egg-info/top_level.txt
[0.348s] -- Up-to-date symlink: /home/herring/rzddzy/install/multi_mode_control_msgs/lib/python3.12/site-packages/multi_mode_control_msgs/__init__.py
[0.348s] -- Up-to-date symlink: /home/herring/rzddzy/install/multi_mode_control_msgs/lib/python3.12/site-packages/multi_mode_control_msgs/_multi_mode_control_msgs_s.ep.rosidl_typesupport_c.c
[0.349s] -- Up-to-date symlink: /home/herring/rzddzy/install/multi_mode_control_msgs/lib/python3.12/site-packages/multi_mode_control_msgs/_multi_mode_control_msgs_s.ep.rosidl_typesupport_fastrtps_c.c
[0.349s] -- Up-to-date symlink: /home/herring/rzddzy/install/multi_mode_control_msgs/lib/python3.12/site-packages/multi_mode_control_msgs/_multi_mode_control_msgs_s.ep.rosidl_typesupport_introspection_c.c
[0.349s] -- Up-to-date symlink: /home/herring/rzddzy/install/multi_mode_control_msgs/lib/python3.12/site-packages/multi_mode_control_msgs/msg/__init__.py
[0.349s] -- Up-to-date symlink: /home/herring/rzddzy/install/multi_mode_control_msgs/lib/python3.12/site-packages/multi_mode_control_msgs/msg/_cartesian_impedance_goal.py
[0.349s] -- Up-to-date symlink: /home/herring/rzddzy/install/multi_mode_control_msgs/lib/python3.12/site-packages/multi_mode_control_msgs/msg/_cartesian_impedance_goal_s.c
[0.349s] -- Up-to-date symlink: /home/herring/rzddzy/install/multi_mode_control_msgs/lib/python3.12/site-packages/multi_mode_control_msgs/msg/_contact_thresholds.py
[0.349s] -- Up-to-date symlink: /home/herring/rzddzy/install/multi_mode_control_msgs/lib/python3.12/site-packages/multi_mode_control_msgs/msg/_contact_thresholds_s.c
[0.349s] -- Up-to-date symlink: /home/herring/rzddzy/install/multi_mode_control_msgs/lib/python3.12/site-packages/multi_mode_control_msgs/msg/_controller.py
[0.349s] -- Up-to-date symlink: /home/herring/rzddzy/install/multi_mode_control_msgs/lib/python3.12/site-packages/multi_mode_control_msgs/msg/_controller_s.c
[0.349s] -- Up-to-date symlink: /home/herring/rzddzy/install/multi_mode_control_msgs/lib/python3.12/site-packages/multi_mode_control_msgs/msg/_dual_cartesian_impedance_goal.py
[0.349s] -- Up-to-date symlink: /home/herring/rzddzy/install/multi_mode_control_msgs/lib/python3.12/site-packages/multi_mode_control_msgs/msg/_dual_cartesian_impedance_goal_s.c
[0.350s] -- Up-to-date symlink: /home/herring/rzddzy/install/multi_mode_control_msgs/lib/python3.12/site-packages/multi_mode_control_msgs/msg/_joint_array.py
[0.350s] -- Up-to-date symlink: /home/herring/rzddzy/install/multi_mode_control_msgs/lib/python3.12/site-packages/multi_mode_control_msgs/msg/_joint_array_s.c
[0.350s] -- Up-to-date symlink: /home/herring/rzddzy/install/multi_mode_control_msgs/lib/python3.12/site-packages/multi_mode_control_msgs/msg/_joint_goal.py
[0.350s] -- Up-to-date symlink: /home/herring/rzddzy/install/multi_mode_control_msgs/lib/python3.12/site-packages/multi_mode_control_msgs/msg/_joint_goal_s.c
[0.350s] -- Up-to-date symlink: /home/herring/rzddzy/install/multi_mode_control_msgs/lib/python3.12/site-packages/multi_mode_control_msgs/msg/_velocity_goal.py
[0.350s] -- Up-to-date symlink: /home/herring/rzddzy/install/multi_mode_control_msgs/lib/python3.12/site-packages/multi_mode_control_msgs/msg/_velocity_goal_s.c
[0.350s] -- Up-to-date symlink: /home/herring/rzddzy/install/multi_mode_control_msgs/lib/python3.12/site-packages/multi_mode_control_msgs/msg/_wrench.py
[0.350s] -- Up-to-date symlink: /home/herring/rzddzy/install/multi_mode_control_msgs/lib/python3.12/site-packages/multi_mode_control_msgs/msg/_wrench_s.c
[0.350s] -- Up-to-date symlink: /home/herring/rzddzy/install/multi_mode_control_msgs/lib/python3.12/site-packages/multi_mode_control_msgs/multi_mode_control_msgs_s__rosidl_typesupport_c.so
[0.350s] -- Up-to-date symlink: /home/herring/rzddzy/install/multi_mode_control_msgs/lib/python3.12/site-packages/multi_mode_control_msgs/multi_mode_control_msgs_s__rosidl_typesupport_fastrtps_c.so
[0.351s] -- Up-to-date symlink: /home/herring/rzddzy/install/multi_mode_control_msgs/lib/python3.12/site-packages/multi_mode_control_msgs/multi_mode_control_msgs_s__rosidl_typesupport_introspection_c.so
[0.351s] -- Up-to-date symlink: /home/herring/rzddzy/install/multi_mode_control_msgs/lib/python3.12/site-packages/multi_mode_control_msgs/srv/__init__.py
[0.351s] -- Up-to-date symlink: /home/herring/rzddzy/install/multi_mode_control_msgs/lib/python3.12/site-packages/multi_mode_control_msgs/srv/_get_controllers.py
[0.351s] -- Up-to-date symlink: /home/herring/rzddzy/install/multi_mode_control_msgs/lib/python3.12/site-packages/multi_mode_control_msgs/srv/_get_controllers_s.c
[0.351s] -- Up-to-date symlink: /home/herring/rzddzy/install/multi_mode_control_msgs/lib/python3.12/site-packages/multi_mode_control_msgs/srv/_get_robot_states.py
[0.351s] -- Up-to-date symlink: /home/herring/rzddzy/install/multi_mode_control_msgs/lib/python3.12/site-packages/multi_mode_control_msgs/srv/_get_robot_states_s.c
[0.351s] -- Up-to-date symlink: /home/herring/rzddzy/install/multi_mode_control_msgs/lib/python3.12/site-packages/multi_mode_control_msgs/srv/_set_cartesian_impedance.py
[0.351s] -- Up-to-date symlink: /home/herring/rzddzy/install/multi_mode_control_msgs/lib/python3.12/site-packages/multi_mode_control_msgs/srv/_set_cartesian_impedance_s.c
[0.351s] -- Up-to-date symlink: /home/herring/rzddzy/install/multi_mode_control_msgs/lib/python3.12/site-packages/multi_mode_control_msgs/srv/_set_controllers.py
[0.351s] -- Up-to-date symlink: /home/herring/rzddzy/install/multi_mode_control_msgs/lib/python3.12/site-packages/multi_mode_control_msgs/srv/_set_controllers_s.c
[0.351s] -- Up-to-date symlink: /home/herring/rzddzy/install/multi_mode_control_msgs/lib/python3.12/site-packages/multi_mode_control_msgs/srv/_set_joint_impedance.py
[0.352s] -- Up-to-date symlink: /home/herring/rzddzy/install/multi_mode_control_msgs/lib/python3.12/site-packages/multi_mode_control_msgs/srv/_set_joint_impedance_s.c
[0.352s] -- Up-to-date symlink: /home/herring/rzddzy/install/multi_mode_control_msgs/lib/python3.12/site-packages/multi_mode_control_msgs/srv/_set_recovery_mode.py
[0.352s] -- Up-to-date symlink: /home/herring/rzddzy/install/multi_mode_control_msgs/lib/python3.12/site-packages/multi_mode_control_msgs/srv/_set_recovery_mode_s.c
[0.352s] -- Up-to-date symlink: /home/herring/rzddzy/install/multi_mode_control_msgs/lib/python3.12/site-packages/multi_mode_control_msgs/srv/_set_reflex.py
[0.352s] -- Up-to-date symlink: /home/herring/rzddzy/install/multi_mode_control_msgs/lib/python3.12/site-packages/multi_mode_control_msgs/srv/_set_reflex_s.c
[0.352s] -- Up-to-date symlink: /home/herring/rzddzy/install/multi_mode_control_msgs/lib/python3.12/site-packages/multi_mode_control_msgs/srv/_set_thresholds.py
[0.352s] -- Up-to-date symlink: /home/herring/rzddzy/install/multi_mode_control_msgs/lib/python3.12/site-packages/multi_mode_control_msgs/srv/_set_thresholds_s.c
[0.352s] -- Up-to-date symlink: /home/herring/rzddzy/install/multi_mode_control_msgs/lib/python3.12/site-packages/multi_mode_control_msgs/srv/_set_world_state.py
[0.352s] -- Up-to-date symlink: /home/herring/rzddzy/install/multi_mode_control_msgs/lib/python3.12/site-packages/multi_mode_control_msgs/srv/_set_world_state_s.c
[0.353s] -- Up-to-date symlink: /home/herring/rzddzy/install/multi_mode_control_msgs/lib/python3.12/site-packages/multi_mode_control_msgs/multi_mode_control_msgs_s__rosidl_typesupport_fastrtps_c.so
[0.353s] -- Up-to-date symlink: /home/herring/rzddzy/install/multi_mode_control_msgs/lib/python3.12/site-packages/multi_mode_control_msgs/multi_mode_control_msgs_s__rosidl_typesupport_introspection_c.so
[0.353s] -- Up-to-date symlink: /home/herring/rzddzy/install/multi_mode_control_msgs/lib/python3.12/site-packages/multi_mode_control_msgs/multi_mode_control_msgs_s__rosidl_typesupport_c.so
[0.353s] -- Up-to-date symlink: /home/herring/rzddzy/install/multi_mode_control_msgs/share/multi_mode_control_msgs/msg/CartesianImpedanceGoal.idl
[0.353s] -- Up-to-date symlink: /home/herring/rzddzy/install/multi_mode_control_msgs/share/multi_mode_control_msgs/msg/DualCartesianImpedanceGoal.idl
[0.353s] -- Up-to-date symlink: /home/herring/rzddzy/install/multi_mode_control_msgs/share/multi_mode_control_msgs/msg/ContactThresholds.idl
[0.354s] -- Up-to-date symlink: /home/herring/rzddzy/install/multi_mode_control_msgs/share/multi_mode_control_msgs/msg/Controller.idl
[0.354s] -- Up-to-date symlink: /home/herring/rzddzy/install/multi_mode_control_msgs/share/multi_mode_control_msgs/msg/JointArray.idl
[0.354s] -- Up-to-date symlink: /home/herring/rzddzy/install/multi_mode_control_msgs/share/multi_mode_control_msgs/msg/JointGoal.idl
[0.354s] -- Up-to-date symlink: /home/herring/rzddzy/install/multi_mode_control_msgs/share/multi_mode_control_msgs/msg/VelocityGoal.idl
[0.354s] -- Up-to-date symlink: /home/herring/rzddzy/install/multi_mode_control_msgs/share/multi_mode_control_msgs/msg/Wrench.idl
[0.354s] -- Up-to-date symlink: /home/herring/rzddzy/install/multi_mode_control_msgs/share/multi_mode_control_msgs/srv/GetControllers.idl
[0.354s] -- Up-to-date symlink: /home/herring/rzddzy/install/multi_mode_control_msgs/share/multi_mode_control_msgs/srv/GetRobotStates.idl
[0.354s] -- Up-to-date symlink: /home/herring/rzddzy/install/multi_mode_control_msgs/share/multi_mode_control_msgs/srv/SetCartesianImpedance.idl
[0.355s] -- Up-to-date symlink: /home/herring/rzddzy/install/multi_mode_control_msgs/share/multi_mode_control_msgs/srv/SetControllers.idl
[0.355s] -- Up-to-date symlink: /home/herring/rzddzy/install/multi_mode_control_msgs/share/multi_mode_control_msgs/srv/SetJointImpedance.idl
[0.355s] -- Up-to-date symlink: /home/herring/rzddzy/install/multi_mode_control_msgs/share/multi_mode_control_msgs/srv/SetRecoveryMode.idl
[0.355s] -- Up-to-date symlink: /home/herring/rzddzy/install/multi_mode_control_msgs/share/multi_mode_control_msgs/srv/SetReflex.idl
[0.355s] -- Up-to-date symlink: /home/herring/rzddzy/install/multi_mode_control_msgs/share/multi_mode_control_msgs/srv/SetThresholds.idl
[0.355s] -- Up-to-date symlink: /home/herring/rzddzy/install/multi_mode_control_msgs/share/multi_mode_control_msgs/srv/SetWorldState.idl
[0.355s] -- Up-to-date symlink: /home/herring/rzddzy/install/multi_mode_control_msgs/share/multi_mode_control_msgs/msg/CartesianImpedanceGoal.msg
[0.356s] -- Up-to-date symlink: /home/herring/rzddzy/install/multi_mode_control_msgs/share/multi_mode_control_msgs/msg/DualCartesianImpedanceGoal.msg
[0.356s] -- Up-to-date symlink: /home/herring/rzddzy/install/multi_mode_control_msgs/share/multi_mode_control_msgs/msg/ContactThresholds.msg
[0.356s] -- Up-to-date symlink: /home/herring/rzddzy/install/multi_mode_control_msgs/share/multi_mode_control_msgs/msg/Controller.msg
[0.356s] -- Up-to-date symlink: /home/herring/rzddzy/install/multi_mode_control_msgs/share/multi_mode_control_msgs/msg/JointArray.msg
[0.356s] -- Up-to-date symlink: /home/herring/rzddzy/install/multi_mode_control_msgs/share/multi_mode_control_msgs/msg/JointGoal.msg
[0.356s] -- Up-to-date symlink: /home/herring/rzddzy/install/multi_mode_control_msgs/share/multi_mode_control_msgs/msg/VelocityGoal.msg
[0.356s] -- Up-to-date symlink: /home/herring/rzddzy/install/multi_mode_control_msgs/share/multi_mode_control_msgs/msg/Wrench.msg
[0.356s] -- Up-to-date symlink: /home/herring/rzddzy/install/multi_mode_control_msgs/share/multi_mode_control_msgs/srv/GetControllers.srv
[0.357s] -- Up-to-date symlink: /home/herring/rzddzy/install/multi_mode_control_msgs/share/multi_mode_control_msgs/srv/GetRobotStates.srv
[0.357s] -- Up-to-date symlink: /home/herring/rzddzy/install/multi_mode_control_msgs/share/multi_mode_control_msgs/srv/SetCartesianImpedance.srv
[0.357s] -- Up-to-date symlink: /home/herring/rzddzy/install/multi_mode_control_msgs/share/multi_mode_control_msgs/srv/SetControllers.srv
[0.357s] -- Up-to-date symlink: /home/herring/rzddzy/install/multi_mode_control_msgs/share/multi_mode_control_msgs/srv/SetJointImpedance.srv
[0.357s] -- Up-to-date symlink: /home/herring/rzddzy/install/multi_mode_control_msgs/share/multi_mode_control_msgs/srv/SetRecoveryMode.srv
[0.357s] -- Up-to-date symlink: /home/herring/rzddzy/install/multi_mode_control_msgs/share/multi_mode_control_msgs/srv/SetReflex.srv
[0.357s] -- Up-to-date symlink: /home/herring/rzddzy/install/multi_mode_control_msgs/share/multi_mode_control_msgs/srv/SetThresholds.srv
[0.357s] -- Up-to-date symlink: /home/herring/rzddzy/install/multi_mode_control_msgs/share/multi_mode_control_msgs/srv/SetWorldState.srv
[0.358s] -- Up-to-date symlink: /home/herring/rzddzy/install/multi_mode_control_msgs/share/ament_index/resource_index/package_run_dependencies/multi_mode_control_msgs
[0.358s] -- Up-to-date symlink: /home/herring/rzddzy/install/multi_mode_control_msgs/share/ament_index/resource_index/parent_prefix_path/multi_mode_control_msgs
[0.358s] -- Up-to-date symlink: /home/herring/rzddzy/install/multi_mode_control_msgs/share/multi_mode_control_msgs/environment/ament_prefix_path.sh
[0.358s] -- Up-to-date symlink: /home/herring/rzddzy/install/multi_mode_control_msgs/share/multi_mode_control_msgs/environment/ament_prefix_path.dsv
[0.358s] -- Up-to-date symlink: /home/herring/rzddzy/install/multi_mode_control_msgs/share/multi_mode_control_msgs/environment/path.sh
[0.358s] -- Up-to-date symlink: /home/herring/rzddzy/install/multi_mode_control_msgs/share/multi_mode_control_msgs/environment/path.dsv
[0.358s] -- Up-to-date symlink: /home/herring/rzddzy/install/multi_mode_control_msgs/share/multi_mode_control_msgs/local_setup.bash
[0.359s] -- Up-to-date symlink: /home/herring/rzddzy/install/multi_mode_control_msgs/share/multi_mode_control_msgs/local_setup.sh
[0.359s] -- Up-to-date symlink: /home/herring/rzddzy/install/multi_mode_control_msgs/share/multi_mode_control_msgs/local_setup.zsh
[0.359s] -- Up-to-date symlink: /home/herring/rzddzy/install/multi_mode_control_msgs/share/multi_mode_control_msgs/local_setup.dsv
[0.359s] -- Symlinking: /home/herring/rzddzy/install/multi_mode_control_msgs/share/multi_mode_control_msgs/package.dsv
[0.367s] -- Up-to-date symlink: /home/herring/rzddzy/install/multi_mode_control_msgs/share/ament_index/resource_index/packages/multi_mode_control_msgs
[0.367s] -- Up-to-date symlink: /home/herring/rzddzy/install/multi_mode_control_msgs/share/multi_mode_control_msgs/cmake/rosidl_cmake-extras.cmake
[0.367s] -- Up-to-date symlink: /home/herring/rzddzy/install/multi_mode_control_msgs/share/multi_mode_control_msgs/cmake/ament_cmake_export_dependencies-extras.cmake
[0.368s] -- Up-to-date symlink: /home/herring/rzddzy/install/multi_mode_control_msgs/share/multi_mode_control_msgs/cmake/ament_cmake_export_include_directories-extras.cmake
[0.368s] -- Up-to-date symlink: /home/herring/rzddzy/install/multi_mode_control_msgs/share/multi_mode_control_msgs/cmake/ament_cmake_export_libraries-extras.cmake
[0.368s] -- Up-to-date symlink: /home/herring/rzddzy/install/multi_mode_control_msgs/share/multi_mode_control_msgs/cmake/ament_cmake_export_targets-extras.cmake
[0.368s] -- Up-to-date symlink: /home/herring/rzddzy/install/multi_mode_control_msgs/share/multi_mode_control_msgs/cmake/rosidl_cmake_export_typesupport_targets-extras.cmake
[0.368s] -- Up-to-date symlink: /home/herring/rzddzy/install/multi_mode_control_msgs/share/multi_mode_control_msgs/cmake/rosidl_cmake_export_typesupport_libraries-extras.cmake
[0.368s] -- Up-to-date symlink: /home/herring/rzddzy/install/multi_mode_control_msgs/share/multi_mode_control_msgs/cmake/multi_mode_control_msgsConfig.cmake
[0.368s] -- Up-to-date symlink: /home/herring/rzddzy/install/multi_mode_control_msgs/share/multi_mode_control_msgs/cmake/multi_mode_control_msgsConfig-version.cmake
[0.369s] -- Up-to-date symlink: /home/herring/rzddzy/install/multi_mode_control_msgs/share/multi_mode_control_msgs/package.xml
[0.369s] -- Up-to-date: /home/herring/rzddzy/install/multi_mode_control_msgs/lib/libmulti_mode_control_msgs__rosidl_generator_c.so
[0.369s] -- Up-to-date: /home/herring/rzddzy/install/multi_mode_control_msgs/lib/libmulti_mode_control_msgs__rosidl_typesupport_fastrtps_c.so
[0.369s] -- Up-to-date: /home/herring/rzddzy/install/multi_mode_control_msgs/lib/libmulti_mode_control_msgs__rosidl_typesupport_fastrtps_cpp.so
[0.369s] -- Up-to-date: /home/herring/rzddzy/install/multi_mode_control_msgs/lib/libmulti_mode_control_msgs__rosidl_typesupport_introspection_c.so
[0.370s] -- Up-to-date: /home/herring/rzddzy/install/multi_mode_control_msgs/lib/libmulti_mode_control_msgs__rosidl_typesupport_c.so
[0.370s] -- Up-to-date: /home/herring/rzddzy/install/multi_mode_control_msgs/lib/libmulti_mode_control_msgs__rosidl_typesupport_introspection_cpp.so
[0.370s] -- Up-to-date: /home/herring/rzddzy/install/multi_mode_control_msgs/lib/libmulti_mode_control_msgs__rosidl_typesupport_cpp.so
[0.398s] Listing '/home/herring/rzddzy/install/multi_mode_control_msgs/lib/python3.12/site-packages/multi_mode_control_msgs'...
[0.398s] Listing '/home/herring/rzddzy/install/multi_mode_control_msgs/lib/python3.12/site-packages/multi_mode_control_msgs/msg'...
[0.398s] Listing '/home/herring/rzddzy/install/multi_mode_control_msgs/lib/python3.12/site-packages/multi_mode_control_msgs/srv'...
[0.401s] -- Up-to-date: /home/herring/rzddzy/install/multi_mode_control_msgs/lib/libmulti_mode_control_msgs__rosidl_generator_py.so
[0.401s] -- Up-to-date: /home/herring/rzddzy/install/multi_mode_control_msgs/share/multi_mode_control_msgs/cmake/export_multi_mode_control_msgs__rosidl_generator_cExport.cmake
[0.402s] -- Up-to-date: /home/herring/rzddzy/install/multi_mode_control_msgs/share/multi_mode_control_msgs/cmake/export_multi_mode_control_msgs__rosidl_generator_cExport-noconfig.cmake
[0.402s] -- Up-to-date: /home/herring/rzddzy/install/multi_mode_control_msgs/share/multi_mode_control_msgs/cmake/export_multi_mode_control_msgs__rosidl_typesupport_fastrtps_cExport.cmake
[0.402s] -- Up-to-date: /home/herring/rzddzy/install/multi_mode_control_msgs/share/multi_mode_control_msgs/cmake/export_multi_mode_control_msgs__rosidl_typesupport_fastrtps_cExport-noconfig.cmake
[0.402s] -- Up-to-date: /home/herring/rzddzy/install/multi_mode_control_msgs/share/multi_mode_control_msgs/cmake/export_multi_mode_control_msgs__rosidl_generator_cppExport.cmake
[0.402s] -- Up-to-date: /home/herring/rzddzy/install/multi_mode_control_msgs/share/multi_mode_control_msgs/cmake/export_multi_mode_control_msgs__rosidl_typesupport_fastrtps_cppExport.cmake
[0.402s] -- Up-to-date: /home/herring/rzddzy/install/multi_mode_control_msgs/share/multi_mode_control_msgs/cmake/export_multi_mode_control_msgs__rosidl_typesupport_fastrtps_cppExport-noconfig.cmake
[0.402s] -- Up-to-date: /home/herring/rzddzy/install/multi_mode_control_msgs/share/multi_mode_control_msgs/cmake/multi_mode_control_msgs__rosidl_typesupport_introspection_cExport.cmake
[0.402s] -- Up-to-date: /home/herring/rzddzy/install/multi_mode_control_msgs/share/multi_mode_control_msgs/cmake/multi_mode_control_msgs__rosidl_typesupport_introspection_cExport-noconfig.cmake
[0.402s] -- Up-to-date: /home/herring/rzddzy/install/multi_mode_control_msgs/share/multi_mode_control_msgs/cmake/multi_mode_control_msgs__rosidl_typesupport_cExport.cmake
[0.402s] -- Up-to-date: /home/herring/rzddzy/install/multi_mode_control_msgs/share/multi_mode_control_msgs/cmake/multi_mode_control_msgs__rosidl_typesupport_cExport-noconfig.cmake
[0.402s] -- Up-to-date: /home/herring/rzddzy/install/multi_mode_control_msgs/share/multi_mode_control_msgs/cmake/multi_mode_control_msgs__rosidl_typesupport_introspection_cppExport.cmake
[0.402s] -- Up-to-date: /home/herring/rzddzy/install/multi_mode_control_msgs/share/multi_mode_control_msgs/cmake/multi_mode_control_msgs__rosidl_typesupport_introspection_cppExport-noconfig.cmake
[0.403s] -- Up-to-date: /home/herring/rzddzy/install/multi_mode_control_msgs/share/multi_mode_control_msgs/cmake/multi_mode_control_msgs__rosidl_typesupport_cppExport.cmake
[0.403s] -- Up-to-date: /home/herring/rzddzy/install/multi_mode_control_msgs/share/multi_mode_control_msgs/cmake/multi_mode_control_msgs__rosidl_typesupport_cppExport-noconfig.cmake
[0.403s] -- Up-to-date: /home/herring/rzddzy/install/multi_mode_control_msgs/share/multi_mode_control_msgs/cmake/export_multi_mode_control_msgs__rosidl_generator_pyExport.cmake
[0.403s] -- Up-to-date: /home/herring/rzddzy/install/multi_mode_control_msgs/share/multi_mode_control_msgs/cmake/export_multi_mode_control_msgs__rosidl_generator_pyExport-noconfig.cmake
[0.404s] Invoked command in '/home/herring/rzddzy/build/multi_mode_control_msgs' returned '0': AMENT_PREFIX_PATH=/home/herring/rzddzy/install/franka_msgs:${AMENT_PREFIX_PATH} CMAKE_PREFIX_PATH=/home/herring/rzddzy/install/franka_msgs:/home/herring/rzddzy/install/franka_description:/home/herring/rzddzy/ros2_ws/install/panda_motion_generators:/home/herring/rzddzy/ros2_ws/install/panda_motion_generator_msgs:/home/herring/rzddzy/ros2_ws/install/franka_bringup:/home/herring/rzddzy/ros2_ws/install/multi_mode_controller_impl:/home/herring/rzddzy/ros2_ws/install/multi_mode_controller:/home/herring/rzddzy/ros2_ws/install/franka_example_controllers:/home/herring/rzddzy/ros2_ws/install/multi_mode_control_msgs:/home/herring/rzddzy/ros2_ws/install/mujoco_ros_pkgs:/home/herring/rzddzy/ros2_ws/install/mujoco_ros2_sensors:/home/herring/rzddzy/ros2_ws/install/mujoco_ros2_dummy_plugin:/home/herring/rzddzy/ros2_ws/install/mujoco_ros2_control_system:/home/herring/rzddzy/ros2_ws/install/franka_robot_state_broadcaster:/home/herring/rzddzy/ros2_ws/install/franka_semantic_components:/home/herring/rzddzy/ros2_ws/install/franka_hardware:/home/herring/rzddzy/ros2_ws/install/mujoco_ros2_control:/home/herring/rzddzy/ros2_ws/install/mujoco_ros:/home/herring/rzddzy/ros2_ws/install/mujoco_ros_msgs:/home/herring/rzddzy/ros2_ws/install/franka_msgs:/home/herring/rzddzy/ros2_ws/install/franka_description:/home/herring/rzddzy/ros2_ws/install/controller:/home/herring/rzddzy/ros2_ws/install/cplus_dev:/opt/ros/jazzy/opt/sdformat_vendor:/opt/ros/jazzy/opt/gz_math_vendor:/opt/ros/jazzy/opt/gz_utils_vendor:/opt/ros/jazzy/opt/gz_tools_vendor:/opt/ros/jazzy/opt/gz_cmake_vendor:/opt/ros/jazzy DEBUGINFOD_URLS=https://debuginfod.ubuntu.com LD_LIBRARY_PATH=/home/herring/rzddzy/install/franka_msgs/lib:${LD_LIBRARY_PATH} PYTHONPATH=/home/herring/rzddzy/install/franka_msgs/lib/python3.12/site-packages:${PYTHONPATH} /usr/bin/cmake --install /home/herring/rzddzy/build/multi_mode_control_msgs
