[0.068s] DEBUG:colcon:Command line arguments: ['/usr/bin/colcon', 'build', '--symlink-install']
[0.068s] DEBUG:colcon:Parsed command line arguments: Namespace(log_base=None, log_level=None, verb_name='build', build_base='build', install_base='install', merge_install=False, symlink_install=True, test_result_base=None, continue_on_error=False, executor='parallel', parallel_workers=28, event_handlers=None, ignore_user_meta=False, metas=['./colcon.meta'], base_paths=['.'], packages_ignore=None, packages_ignore_regex=None, paths=None, packages_up_to=None, packages_up_to_regex=None, packages_above=None, packages_above_and_dependencies=None, packages_above_depth=None, packages_select_by_dep=None, packages_skip_by_dep=None, packages_skip_up_to=None, packages_select_build_failed=False, packages_skip_build_finished=False, packages_select_test_failures=False, packages_skip_test_passed=False, packages_select=None, packages_skip=None, packages_select_regex=None, packages_skip_regex=None, packages_start=None, packages_end=None, allow_overriding=[], cmake_args=None, cmake_target=None, cmake_target_skip_unavailable=False, cmake_clean_cache=False, cmake_clean_first=False, cmake_force_configure=False, ament_cmake_args=None, catkin_cmake_args=None, catkin_skip_building_tests=False, verb_parser=<colcon_defaults.argument_parser.defaults.DefaultArgumentsDecorator object at 0x7026bc526db0>, verb_extension=<colcon_core.verb.build.BuildVerb object at 0x7026bc65b800>, main=<bound method BuildVerb.main of <colcon_core.verb.build.BuildVerb object at 0x7026bc65b800>>)
[0.096s] Level 1:colcon.colcon_core.package_discovery:discover_packages(colcon_meta) check parameters
[0.097s] Level 1:colcon.colcon_core.package_discovery:discover_packages(recursive) check parameters
[0.097s] Level 1:colcon.colcon_core.package_discovery:discover_packages(ignore) check parameters
[0.097s] Level 1:colcon.colcon_core.package_discovery:discover_packages(path) check parameters
[0.097s] Level 1:colcon.colcon_core.package_discovery:discover_packages(colcon_meta) discover
[0.097s] Level 1:colcon.colcon_core.package_discovery:discover_packages(recursive) discover
[0.097s] INFO:colcon.colcon_core.package_discovery:Crawling recursively for packages in '/home/herring/rzddzy'
[0.097s] Level 1:colcon.colcon_core.package_identification:_identify(.) by extensions ['ignore', 'ignore_ament_install']
[0.097s] Level 1:colcon.colcon_core.package_identification:_identify(.) by extension 'ignore'
[0.097s] Level 1:colcon.colcon_core.package_identification:_identify(.) by extension 'ignore_ament_install'
[0.097s] Level 1:colcon.colcon_core.package_identification:_identify(.) by extensions ['colcon_pkg']
[0.097s] Level 1:colcon.colcon_core.package_identification:_identify(.) by extension 'colcon_pkg'
[0.097s] Level 1:colcon.colcon_core.package_identification:_identify(.) by extensions ['colcon_meta']
[0.097s] Level 1:colcon.colcon_core.package_identification:_identify(.) by extension 'colcon_meta'
[0.097s] Level 1:colcon.colcon_core.package_identification:_identify(.) by extensions ['ros']
[0.097s] Level 1:colcon.colcon_core.package_identification:_identify(.) by extension 'ros'
[0.114s] Level 1:colcon.colcon_core.package_identification:_identify(.) by extensions ['cmake', 'python']
[0.115s] Level 1:colcon.colcon_core.package_identification:_identify(.) by extension 'cmake'
[0.115s] Level 1:colcon.colcon_core.package_identification:_identify(.) by extension 'python'
[0.115s] Level 1:colcon.colcon_core.package_identification:_identify(.) by extensions ['python_setup_py']
[0.115s] Level 1:colcon.colcon_core.package_identification:_identify(.) by extension 'python_setup_py'
[0.115s] Level 1:colcon.colcon_core.package_identification:_identify(build) by extensions ['ignore', 'ignore_ament_install']
[0.115s] Level 1:colcon.colcon_core.package_identification:_identify(build) by extension 'ignore'
[0.115s] Level 1:colcon.colcon_core.package_identification:_identify(build) ignored
[0.115s] Level 1:colcon.colcon_core.package_identification:_identify(docs) by extensions ['ignore', 'ignore_ament_install']
[0.115s] Level 1:colcon.colcon_core.package_identification:_identify(docs) by extension 'ignore'
[0.115s] Level 1:colcon.colcon_core.package_identification:_identify(docs) by extension 'ignore_ament_install'
[0.115s] Level 1:colcon.colcon_core.package_identification:_identify(docs) by extensions ['colcon_pkg']
[0.115s] Level 1:colcon.colcon_core.package_identification:_identify(docs) by extension 'colcon_pkg'
[0.115s] Level 1:colcon.colcon_core.package_identification:_identify(docs) by extensions ['colcon_meta']
[0.115s] Level 1:colcon.colcon_core.package_identification:_identify(docs) by extension 'colcon_meta'
[0.115s] Level 1:colcon.colcon_core.package_identification:_identify(docs) by extensions ['ros']
[0.115s] Level 1:colcon.colcon_core.package_identification:_identify(docs) by extension 'ros'
[0.115s] Level 1:colcon.colcon_core.package_identification:_identify(docs) by extensions ['cmake', 'python']
[0.115s] Level 1:colcon.colcon_core.package_identification:_identify(docs) by extension 'cmake'
[0.115s] Level 1:colcon.colcon_core.package_identification:_identify(docs) by extension 'python'
[0.115s] Level 1:colcon.colcon_core.package_identification:_identify(docs) by extensions ['python_setup_py']
[0.115s] Level 1:colcon.colcon_core.package_identification:_identify(docs) by extension 'python_setup_py'
[0.115s] Level 1:colcon.colcon_core.package_identification:_identify(install) by extensions ['ignore', 'ignore_ament_install']
[0.115s] Level 1:colcon.colcon_core.package_identification:_identify(install) by extension 'ignore'
[0.115s] Level 1:colcon.colcon_core.package_identification:_identify(install) ignored
[0.115s] Level 1:colcon.colcon_core.package_identification:_identify(legacy_ros1) by extensions ['ignore', 'ignore_ament_install']
[0.115s] Level 1:colcon.colcon_core.package_identification:_identify(legacy_ros1) by extension 'ignore'
[0.115s] Level 1:colcon.colcon_core.package_identification:_identify(legacy_ros1) by extension 'ignore_ament_install'
[0.115s] Level 1:colcon.colcon_core.package_identification:_identify(legacy_ros1) by extensions ['colcon_pkg']
[0.116s] Level 1:colcon.colcon_core.package_identification:_identify(legacy_ros1) by extension 'colcon_pkg'
[0.116s] Level 1:colcon.colcon_core.package_identification:_identify(legacy_ros1) by extensions ['colcon_meta']
[0.116s] Level 1:colcon.colcon_core.package_identification:_identify(legacy_ros1) by extension 'colcon_meta'
[0.116s] Level 1:colcon.colcon_core.package_identification:_identify(legacy_ros1) by extensions ['ros']
[0.116s] Level 1:colcon.colcon_core.package_identification:_identify(legacy_ros1) by extension 'ros'
[0.116s] Level 1:colcon.colcon_core.package_identification:_identify(legacy_ros1) by extensions ['cmake', 'python']
[0.116s] Level 1:colcon.colcon_core.package_identification:_identify(legacy_ros1) by extension 'cmake'
[0.116s] Level 1:colcon.colcon_core.package_identification:_identify(legacy_ros1) by extension 'python'
[0.116s] Level 1:colcon.colcon_core.package_identification:_identify(legacy_ros1) by extensions ['python_setup_py']
[0.116s] Level 1:colcon.colcon_core.package_identification:_identify(legacy_ros1) by extension 'python_setup_py'
[0.116s] Level 1:colcon.colcon_core.package_identification:_identify(legacy_ros1/controller) by extensions ['ignore', 'ignore_ament_install']
[0.116s] Level 1:colcon.colcon_core.package_identification:_identify(legacy_ros1/controller) by extension 'ignore'
[0.116s] Level 1:colcon.colcon_core.package_identification:_identify(legacy_ros1/controller) by extension 'ignore_ament_install'
[0.116s] Level 1:colcon.colcon_core.package_identification:_identify(legacy_ros1/controller) by extensions ['colcon_pkg']
[0.116s] Level 1:colcon.colcon_core.package_identification:_identify(legacy_ros1/controller) by extension 'colcon_pkg'
[0.116s] Level 1:colcon.colcon_core.package_identification:_identify(legacy_ros1/controller) by extensions ['colcon_meta']
[0.116s] Level 1:colcon.colcon_core.package_identification:_identify(legacy_ros1/controller) by extension 'colcon_meta'
[0.116s] Level 1:colcon.colcon_core.package_identification:_identify(legacy_ros1/controller) by extensions ['ros']
[0.116s] Level 1:colcon.colcon_core.package_identification:_identify(legacy_ros1/controller) by extension 'ros'
[0.119s] DEBUG:colcon.colcon_core.package_identification:Package 'legacy_ros1/controller' with type 'ros.catkin' and name 'controller'
[0.119s] Level 1:colcon.colcon_core.package_identification:_identify(log) by extensions ['ignore', 'ignore_ament_install']
[0.120s] Level 1:colcon.colcon_core.package_identification:_identify(log) by extension 'ignore'
[0.120s] Level 1:colcon.colcon_core.package_identification:_identify(log) ignored
[0.120s] Level 1:colcon.colcon_core.package_identification:_identify(ros2_ws) by extensions ['ignore', 'ignore_ament_install']
[0.120s] Level 1:colcon.colcon_core.package_identification:_identify(ros2_ws) by extension 'ignore'
[0.120s] Level 1:colcon.colcon_core.package_identification:_identify(ros2_ws) by extension 'ignore_ament_install'
[0.120s] Level 1:colcon.colcon_core.package_identification:_identify(ros2_ws) by extensions ['colcon_pkg']
[0.120s] Level 1:colcon.colcon_core.package_identification:_identify(ros2_ws) by extension 'colcon_pkg'
[0.120s] Level 1:colcon.colcon_core.package_identification:_identify(ros2_ws) by extensions ['colcon_meta']
[0.120s] Level 1:colcon.colcon_core.package_identification:_identify(ros2_ws) by extension 'colcon_meta'
[0.120s] Level 1:colcon.colcon_core.package_identification:_identify(ros2_ws) by extensions ['ros']
[0.120s] Level 1:colcon.colcon_core.package_identification:_identify(ros2_ws) by extension 'ros'
[0.120s] Level 1:colcon.colcon_core.package_identification:_identify(ros2_ws) by extensions ['cmake', 'python']
[0.120s] Level 1:colcon.colcon_core.package_identification:_identify(ros2_ws) by extension 'cmake'
[0.120s] Level 1:colcon.colcon_core.package_identification:_identify(ros2_ws) by extension 'python'
[0.120s] Level 1:colcon.colcon_core.package_identification:_identify(ros2_ws) by extensions ['python_setup_py']
[0.120s] Level 1:colcon.colcon_core.package_identification:_identify(ros2_ws) by extension 'python_setup_py'
[0.120s] Level 1:colcon.colcon_core.package_identification:_identify(ros2_ws/build) by extensions ['ignore', 'ignore_ament_install']
[0.120s] Level 1:colcon.colcon_core.package_identification:_identify(ros2_ws/build) by extension 'ignore'
[0.120s] Level 1:colcon.colcon_core.package_identification:_identify(ros2_ws/build) ignored
[0.120s] Level 1:colcon.colcon_core.package_identification:_identify(ros2_ws/install) by extensions ['ignore', 'ignore_ament_install']
[0.120s] Level 1:colcon.colcon_core.package_identification:_identify(ros2_ws/install) by extension 'ignore'
[0.120s] Level 1:colcon.colcon_core.package_identification:_identify(ros2_ws/install) ignored
[0.120s] Level 1:colcon.colcon_core.package_identification:_identify(ros2_ws/log) by extensions ['ignore', 'ignore_ament_install']
[0.120s] Level 1:colcon.colcon_core.package_identification:_identify(ros2_ws/log) by extension 'ignore'
[0.120s] Level 1:colcon.colcon_core.package_identification:_identify(ros2_ws/log) ignored
[0.120s] Level 1:colcon.colcon_core.package_identification:_identify(ros2_ws/src) by extensions ['ignore', 'ignore_ament_install']
[0.120s] Level 1:colcon.colcon_core.package_identification:_identify(ros2_ws/src) by extension 'ignore'
[0.120s] Level 1:colcon.colcon_core.package_identification:_identify(ros2_ws/src) by extension 'ignore_ament_install'
[0.121s] Level 1:colcon.colcon_core.package_identification:_identify(ros2_ws/src) by extensions ['colcon_pkg']
[0.121s] Level 1:colcon.colcon_core.package_identification:_identify(ros2_ws/src) by extension 'colcon_pkg'
[0.121s] Level 1:colcon.colcon_core.package_identification:_identify(ros2_ws/src) by extensions ['colcon_meta']
[0.121s] Level 1:colcon.colcon_core.package_identification:_identify(ros2_ws/src) by extension 'colcon_meta'
[0.121s] Level 1:colcon.colcon_core.package_identification:_identify(ros2_ws/src) by extensions ['ros']
[0.121s] Level 1:colcon.colcon_core.package_identification:_identify(ros2_ws/src) by extension 'ros'
[0.121s] Level 1:colcon.colcon_core.package_identification:_identify(ros2_ws/src) by extensions ['cmake', 'python']
[0.121s] Level 1:colcon.colcon_core.package_identification:_identify(ros2_ws/src) by extension 'cmake'
[0.121s] Level 1:colcon.colcon_core.package_identification:_identify(ros2_ws/src) by extension 'python'
[0.121s] Level 1:colcon.colcon_core.package_identification:_identify(ros2_ws/src) by extensions ['python_setup_py']
[0.121s] Level 1:colcon.colcon_core.package_identification:_identify(ros2_ws/src) by extension 'python_setup_py'
[0.121s] Level 1:colcon.colcon_core.package_identification:_identify(ros2_ws/src/controller) by extensions ['ignore', 'ignore_ament_install']
[0.121s] Level 1:colcon.colcon_core.package_identification:_identify(ros2_ws/src/controller) by extension 'ignore'
[0.121s] Level 1:colcon.colcon_core.package_identification:_identify(ros2_ws/src/controller) by extension 'ignore_ament_install'
[0.121s] Level 1:colcon.colcon_core.package_identification:_identify(ros2_ws/src/controller) by extensions ['colcon_pkg']
[0.121s] Level 1:colcon.colcon_core.package_identification:_identify(ros2_ws/src/controller) by extension 'colcon_pkg'
[0.121s] Level 1:colcon.colcon_core.package_identification:_identify(ros2_ws/src/controller) by extensions ['colcon_meta']
[0.121s] Level 1:colcon.colcon_core.package_identification:_identify(ros2_ws/src/controller) by extension 'colcon_meta'
[0.121s] Level 1:colcon.colcon_core.package_identification:_identify(ros2_ws/src/controller) by extensions ['ros']
[0.121s] Level 1:colcon.colcon_core.package_identification:_identify(ros2_ws/src/controller) by extension 'ros'
[0.122s] DEBUG:colcon.colcon_core.package_identification:Package 'ros2_ws/src/controller' with type 'ros.ament_cmake' and name 'controller'
[0.122s] Level 1:colcon.colcon_core.package_identification:_identify(ros2_ws/src/franka_analytical_ik) by extensions ['ignore', 'ignore_ament_install']
[0.122s] Level 1:colcon.colcon_core.package_identification:_identify(ros2_ws/src/franka_analytical_ik) by extension 'ignore'
[0.122s] Level 1:colcon.colcon_core.package_identification:_identify(ros2_ws/src/franka_analytical_ik) by extension 'ignore_ament_install'
[0.122s] Level 1:colcon.colcon_core.package_identification:_identify(ros2_ws/src/franka_analytical_ik) by extensions ['colcon_pkg']
[0.122s] Level 1:colcon.colcon_core.package_identification:_identify(ros2_ws/src/franka_analytical_ik) by extension 'colcon_pkg'
[0.122s] Level 1:colcon.colcon_core.package_identification:_identify(ros2_ws/src/franka_analytical_ik) by extensions ['colcon_meta']
[0.122s] Level 1:colcon.colcon_core.package_identification:_identify(ros2_ws/src/franka_analytical_ik) by extension 'colcon_meta'
[0.122s] Level 1:colcon.colcon_core.package_identification:_identify(ros2_ws/src/franka_analytical_ik) by extensions ['ros']
[0.122s] Level 1:colcon.colcon_core.package_identification:_identify(ros2_ws/src/franka_analytical_ik) by extension 'ros'
[0.122s] Level 1:colcon.colcon_core.package_identification:_identify(ros2_ws/src/franka_analytical_ik) by extensions ['cmake', 'python']
[0.122s] Level 1:colcon.colcon_core.package_identification:_identify(ros2_ws/src/franka_analytical_ik) by extension 'cmake'
[0.122s] Level 1:colcon.colcon_core.package_identification:_identify(ros2_ws/src/franka_analytical_ik) by extension 'python'
[0.122s] Level 1:colcon.colcon_core.package_identification:_identify(ros2_ws/src/franka_analytical_ik) by extensions ['python_setup_py']
[0.122s] Level 1:colcon.colcon_core.package_identification:_identify(ros2_ws/src/franka_analytical_ik) by extension 'python_setup_py'
[0.267s] DEBUG:colcon.colcon_core.package_identification:Package 'ros2_ws/src/franka_analytical_ik' with type 'python' and name 'franka_ik_py'
[0.267s] Level 1:colcon.colcon_core.package_identification:_identify(ros2_ws/src/franka_bringup) by extensions ['ignore', 'ignore_ament_install']
[0.267s] Level 1:colcon.colcon_core.package_identification:_identify(ros2_ws/src/franka_bringup) by extension 'ignore'
[0.267s] Level 1:colcon.colcon_core.package_identification:_identify(ros2_ws/src/franka_bringup) by extension 'ignore_ament_install'
[0.267s] Level 1:colcon.colcon_core.package_identification:_identify(ros2_ws/src/franka_bringup) by extensions ['colcon_pkg']
[0.267s] Level 1:colcon.colcon_core.package_identification:_identify(ros2_ws/src/franka_bringup) by extension 'colcon_pkg'
[0.267s] Level 1:colcon.colcon_core.package_identification:_identify(ros2_ws/src/franka_bringup) by extensions ['colcon_meta']
[0.267s] Level 1:colcon.colcon_core.package_identification:_identify(ros2_ws/src/franka_bringup) by extension 'colcon_meta'
[0.267s] Level 1:colcon.colcon_core.package_identification:_identify(ros2_ws/src/franka_bringup) by extensions ['ros']
[0.267s] Level 1:colcon.colcon_core.package_identification:_identify(ros2_ws/src/franka_bringup) by extension 'ros'
[0.269s] DEBUG:colcon.colcon_core.package_identification:Package 'ros2_ws/src/franka_bringup' with type 'ros.ament_cmake' and name 'franka_bringup'
[0.269s] Level 1:colcon.colcon_core.package_identification:_identify(ros2_ws/src/franka_description) by extensions ['ignore', 'ignore_ament_install']
[0.269s] Level 1:colcon.colcon_core.package_identification:_identify(ros2_ws/src/franka_description) by extension 'ignore'
[0.269s] Level 1:colcon.colcon_core.package_identification:_identify(ros2_ws/src/franka_description) by extension 'ignore_ament_install'
[0.269s] Level 1:colcon.colcon_core.package_identification:_identify(ros2_ws/src/franka_description) by extensions ['colcon_pkg']
[0.269s] Level 1:colcon.colcon_core.package_identification:_identify(ros2_ws/src/franka_description) by extension 'colcon_pkg'
[0.269s] Level 1:colcon.colcon_core.package_identification:_identify(ros2_ws/src/franka_description) by extensions ['colcon_meta']
[0.269s] Level 1:colcon.colcon_core.package_identification:_identify(ros2_ws/src/franka_description) by extension 'colcon_meta'
[0.269s] Level 1:colcon.colcon_core.package_identification:_identify(ros2_ws/src/franka_description) by extensions ['ros']
[0.269s] Level 1:colcon.colcon_core.package_identification:_identify(ros2_ws/src/franka_description) by extension 'ros'
[0.270s] DEBUG:colcon.colcon_core.package_identification:Package 'ros2_ws/src/franka_description' with type 'ros.ament_cmake' and name 'franka_description'
[0.270s] Level 1:colcon.colcon_core.package_identification:_identify(ros2_ws/src/franka_example_controllers) by extensions ['ignore', 'ignore_ament_install']
[0.270s] Level 1:colcon.colcon_core.package_identification:_identify(ros2_ws/src/franka_example_controllers) by extension 'ignore'
[0.270s] Level 1:colcon.colcon_core.package_identification:_identify(ros2_ws/src/franka_example_controllers) by extension 'ignore_ament_install'
[0.270s] Level 1:colcon.colcon_core.package_identification:_identify(ros2_ws/src/franka_example_controllers) by extensions ['colcon_pkg']
[0.270s] Level 1:colcon.colcon_core.package_identification:_identify(ros2_ws/src/franka_example_controllers) by extension 'colcon_pkg'
[0.270s] Level 1:colcon.colcon_core.package_identification:_identify(ros2_ws/src/franka_example_controllers) by extensions ['colcon_meta']
[0.270s] Level 1:colcon.colcon_core.package_identification:_identify(ros2_ws/src/franka_example_controllers) by extension 'colcon_meta'
[0.270s] Level 1:colcon.colcon_core.package_identification:_identify(ros2_ws/src/franka_example_controllers) by extensions ['ros']
[0.270s] Level 1:colcon.colcon_core.package_identification:_identify(ros2_ws/src/franka_example_controllers) by extension 'ros'
[0.271s] DEBUG:colcon.colcon_core.package_identification:Package 'ros2_ws/src/franka_example_controllers' with type 'ros.ament_cmake' and name 'franka_example_controllers'
[0.271s] Level 1:colcon.colcon_core.package_identification:_identify(ros2_ws/src/franka_hardware) by extensions ['ignore', 'ignore_ament_install']
[0.272s] Level 1:colcon.colcon_core.package_identification:_identify(ros2_ws/src/franka_hardware) by extension 'ignore'
[0.272s] Level 1:colcon.colcon_core.package_identification:_identify(ros2_ws/src/franka_hardware) by extension 'ignore_ament_install'
[0.272s] Level 1:colcon.colcon_core.package_identification:_identify(ros2_ws/src/franka_hardware) by extensions ['colcon_pkg']
[0.272s] Level 1:colcon.colcon_core.package_identification:_identify(ros2_ws/src/franka_hardware) by extension 'colcon_pkg'
[0.272s] Level 1:colcon.colcon_core.package_identification:_identify(ros2_ws/src/franka_hardware) by extensions ['colcon_meta']
[0.272s] Level 1:colcon.colcon_core.package_identification:_identify(ros2_ws/src/franka_hardware) by extension 'colcon_meta'
[0.272s] Level 1:colcon.colcon_core.package_identification:_identify(ros2_ws/src/franka_hardware) by extensions ['ros']
[0.272s] Level 1:colcon.colcon_core.package_identification:_identify(ros2_ws/src/franka_hardware) by extension 'ros'
[0.273s] DEBUG:colcon.colcon_core.package_identification:Package 'ros2_ws/src/franka_hardware' with type 'ros.ament_cmake' and name 'franka_hardware'
[0.273s] Level 1:colcon.colcon_core.package_identification:_identify(ros2_ws/src/franka_msgs) by extensions ['ignore', 'ignore_ament_install']
[0.273s] Level 1:colcon.colcon_core.package_identification:_identify(ros2_ws/src/franka_msgs) by extension 'ignore'
[0.273s] Level 1:colcon.colcon_core.package_identification:_identify(ros2_ws/src/franka_msgs) by extension 'ignore_ament_install'
[0.273s] Level 1:colcon.colcon_core.package_identification:_identify(ros2_ws/src/franka_msgs) by extensions ['colcon_pkg']
[0.273s] Level 1:colcon.colcon_core.package_identification:_identify(ros2_ws/src/franka_msgs) by extension 'colcon_pkg'
[0.273s] Level 1:colcon.colcon_core.package_identification:_identify(ros2_ws/src/franka_msgs) by extensions ['colcon_meta']
[0.273s] Level 1:colcon.colcon_core.package_identification:_identify(ros2_ws/src/franka_msgs) by extension 'colcon_meta'
[0.273s] Level 1:colcon.colcon_core.package_identification:_identify(ros2_ws/src/franka_msgs) by extensions ['ros']
[0.273s] Level 1:colcon.colcon_core.package_identification:_identify(ros2_ws/src/franka_msgs) by extension 'ros'
[0.274s] DEBUG:colcon.colcon_core.package_identification:Package 'ros2_ws/src/franka_msgs' with type 'ros.ament_cmake' and name 'franka_msgs'
[0.274s] Level 1:colcon.colcon_core.package_identification:_identify(ros2_ws/src/franka_robot_state_broadcaster) by extensions ['ignore', 'ignore_ament_install']
[0.274s] Level 1:colcon.colcon_core.package_identification:_identify(ros2_ws/src/franka_robot_state_broadcaster) by extension 'ignore'
[0.274s] Level 1:colcon.colcon_core.package_identification:_identify(ros2_ws/src/franka_robot_state_broadcaster) by extension 'ignore_ament_install'
[0.274s] Level 1:colcon.colcon_core.package_identification:_identify(ros2_ws/src/franka_robot_state_broadcaster) by extensions ['colcon_pkg']
[0.274s] Level 1:colcon.colcon_core.package_identification:_identify(ros2_ws/src/franka_robot_state_broadcaster) by extension 'colcon_pkg'
[0.274s] Level 1:colcon.colcon_core.package_identification:_identify(ros2_ws/src/franka_robot_state_broadcaster) by extensions ['colcon_meta']
[0.274s] Level 1:colcon.colcon_core.package_identification:_identify(ros2_ws/src/franka_robot_state_broadcaster) by extension 'colcon_meta'
[0.274s] Level 1:colcon.colcon_core.package_identification:_identify(ros2_ws/src/franka_robot_state_broadcaster) by extensions ['ros']
[0.274s] Level 1:colcon.colcon_core.package_identification:_identify(ros2_ws/src/franka_robot_state_broadcaster) by extension 'ros'
[0.276s] DEBUG:colcon.colcon_core.package_identification:Package 'ros2_ws/src/franka_robot_state_broadcaster' with type 'ros.ament_cmake' and name 'franka_robot_state_broadcaster'
[0.276s] Level 1:colcon.colcon_core.package_identification:_identify(ros2_ws/src/franka_semantic_components) by extensions ['ignore', 'ignore_ament_install']
[0.276s] Level 1:colcon.colcon_core.package_identification:_identify(ros2_ws/src/franka_semantic_components) by extension 'ignore'
[0.276s] Level 1:colcon.colcon_core.package_identification:_identify(ros2_ws/src/franka_semantic_components) by extension 'ignore_ament_install'
[0.276s] Level 1:colcon.colcon_core.package_identification:_identify(ros2_ws/src/franka_semantic_components) by extensions ['colcon_pkg']
[0.276s] Level 1:colcon.colcon_core.package_identification:_identify(ros2_ws/src/franka_semantic_components) by extension 'colcon_pkg'
[0.276s] Level 1:colcon.colcon_core.package_identification:_identify(ros2_ws/src/franka_semantic_components) by extensions ['colcon_meta']
[0.276s] Level 1:colcon.colcon_core.package_identification:_identify(ros2_ws/src/franka_semantic_components) by extension 'colcon_meta'
[0.276s] Level 1:colcon.colcon_core.package_identification:_identify(ros2_ws/src/franka_semantic_components) by extensions ['ros']
[0.276s] Level 1:colcon.colcon_core.package_identification:_identify(ros2_ws/src/franka_semantic_components) by extension 'ros'
[0.277s] DEBUG:colcon.colcon_core.package_identification:Package 'ros2_ws/src/franka_semantic_components' with type 'ros.ament_cmake' and name 'franka_semantic_components'
[0.277s] Level 1:colcon.colcon_core.package_identification:_identify(ros2_ws/src/mujoco_ros_pkgs) by extensions ['ignore', 'ignore_ament_install']
[0.277s] Level 1:colcon.colcon_core.package_identification:_identify(ros2_ws/src/mujoco_ros_pkgs) by extension 'ignore'
[0.277s] Level 1:colcon.colcon_core.package_identification:_identify(ros2_ws/src/mujoco_ros_pkgs) by extension 'ignore_ament_install'
[0.277s] Level 1:colcon.colcon_core.package_identification:_identify(ros2_ws/src/mujoco_ros_pkgs) by extensions ['colcon_pkg']
[0.277s] Level 1:colcon.colcon_core.package_identification:_identify(ros2_ws/src/mujoco_ros_pkgs) by extension 'colcon_pkg'
[0.277s] Level 1:colcon.colcon_core.package_identification:_identify(ros2_ws/src/mujoco_ros_pkgs) by extensions ['colcon_meta']
[0.277s] Level 1:colcon.colcon_core.package_identification:_identify(ros2_ws/src/mujoco_ros_pkgs) by extension 'colcon_meta'
[0.277s] Level 1:colcon.colcon_core.package_identification:_identify(ros2_ws/src/mujoco_ros_pkgs) by extensions ['ros']
[0.277s] Level 1:colcon.colcon_core.package_identification:_identify(ros2_ws/src/mujoco_ros_pkgs) by extension 'ros'
[0.277s] Level 1:colcon.colcon_core.package_identification:_identify(ros2_ws/src/mujoco_ros_pkgs) by extensions ['cmake', 'python']
[0.277s] Level 1:colcon.colcon_core.package_identification:_identify(ros2_ws/src/mujoco_ros_pkgs) by extension 'cmake'
[0.278s] Level 1:colcon.colcon_core.package_identification:_identify(ros2_ws/src/mujoco_ros_pkgs) by extension 'python'
[0.278s] Level 1:colcon.colcon_core.package_identification:_identify(ros2_ws/src/mujoco_ros_pkgs) by extensions ['python_setup_py']
[0.278s] Level 1:colcon.colcon_core.package_identification:_identify(ros2_ws/src/mujoco_ros_pkgs) by extension 'python_setup_py'
[0.278s] Level 1:colcon.colcon_core.package_identification:_identify(ros2_ws/src/mujoco_ros_pkgs/mujoco_ros) by extensions ['ignore', 'ignore_ament_install']
[0.278s] Level 1:colcon.colcon_core.package_identification:_identify(ros2_ws/src/mujoco_ros_pkgs/mujoco_ros) by extension 'ignore'
[0.278s] Level 1:colcon.colcon_core.package_identification:_identify(ros2_ws/src/mujoco_ros_pkgs/mujoco_ros) by extension 'ignore_ament_install'
[0.278s] Level 1:colcon.colcon_core.package_identification:_identify(ros2_ws/src/mujoco_ros_pkgs/mujoco_ros) by extensions ['colcon_pkg']
[0.278s] Level 1:colcon.colcon_core.package_identification:_identify(ros2_ws/src/mujoco_ros_pkgs/mujoco_ros) by extension 'colcon_pkg'
[0.278s] Level 1:colcon.colcon_core.package_identification:_identify(ros2_ws/src/mujoco_ros_pkgs/mujoco_ros) by extensions ['colcon_meta']
[0.278s] Level 1:colcon.colcon_core.package_identification:_identify(ros2_ws/src/mujoco_ros_pkgs/mujoco_ros) by extension 'colcon_meta'
[0.278s] Level 1:colcon.colcon_core.package_identification:_identify(ros2_ws/src/mujoco_ros_pkgs/mujoco_ros) by extensions ['ros']
[0.278s] Level 1:colcon.colcon_core.package_identification:_identify(ros2_ws/src/mujoco_ros_pkgs/mujoco_ros) by extension 'ros'
[0.285s] DEBUG:colcon.colcon_core.package_identification:Package 'ros2_ws/src/mujoco_ros_pkgs/mujoco_ros' with type 'ros.ament_cmake' and name 'mujoco_ros'
[0.285s] Level 1:colcon.colcon_core.package_identification:_identify(ros2_ws/src/mujoco_ros_pkgs/mujoco_ros2_control) by extensions ['ignore', 'ignore_ament_install']
[0.285s] Level 1:colcon.colcon_core.package_identification:_identify(ros2_ws/src/mujoco_ros_pkgs/mujoco_ros2_control) by extension 'ignore'
[0.285s] Level 1:colcon.colcon_core.package_identification:_identify(ros2_ws/src/mujoco_ros_pkgs/mujoco_ros2_control) by extension 'ignore_ament_install'
[0.286s] Level 1:colcon.colcon_core.package_identification:_identify(ros2_ws/src/mujoco_ros_pkgs/mujoco_ros2_control) by extensions ['colcon_pkg']
[0.286s] Level 1:colcon.colcon_core.package_identification:_identify(ros2_ws/src/mujoco_ros_pkgs/mujoco_ros2_control) by extension 'colcon_pkg'
[0.286s] Level 1:colcon.colcon_core.package_identification:_identify(ros2_ws/src/mujoco_ros_pkgs/mujoco_ros2_control) by extensions ['colcon_meta']
[0.286s] Level 1:colcon.colcon_core.package_identification:_identify(ros2_ws/src/mujoco_ros_pkgs/mujoco_ros2_control) by extension 'colcon_meta'
[0.286s] Level 1:colcon.colcon_core.package_identification:_identify(ros2_ws/src/mujoco_ros_pkgs/mujoco_ros2_control) by extensions ['ros']
[0.286s] Level 1:colcon.colcon_core.package_identification:_identify(ros2_ws/src/mujoco_ros_pkgs/mujoco_ros2_control) by extension 'ros'
[0.287s] DEBUG:colcon.colcon_core.package_identification:Package 'ros2_ws/src/mujoco_ros_pkgs/mujoco_ros2_control' with type 'ros.ament_cmake' and name 'mujoco_ros2_control'
[0.287s] Level 1:colcon.colcon_core.package_identification:_identify(ros2_ws/src/mujoco_ros_pkgs/mujoco_ros2_control_system) by extensions ['ignore', 'ignore_ament_install']
[0.287s] Level 1:colcon.colcon_core.package_identification:_identify(ros2_ws/src/mujoco_ros_pkgs/mujoco_ros2_control_system) by extension 'ignore'
[0.287s] Level 1:colcon.colcon_core.package_identification:_identify(ros2_ws/src/mujoco_ros_pkgs/mujoco_ros2_control_system) by extension 'ignore_ament_install'
[0.287s] Level 1:colcon.colcon_core.package_identification:_identify(ros2_ws/src/mujoco_ros_pkgs/mujoco_ros2_control_system) by extensions ['colcon_pkg']
[0.287s] Level 1:colcon.colcon_core.package_identification:_identify(ros2_ws/src/mujoco_ros_pkgs/mujoco_ros2_control_system) by extension 'colcon_pkg'
[0.287s] Level 1:colcon.colcon_core.package_identification:_identify(ros2_ws/src/mujoco_ros_pkgs/mujoco_ros2_control_system) by extensions ['colcon_meta']
[0.287s] Level 1:colcon.colcon_core.package_identification:_identify(ros2_ws/src/mujoco_ros_pkgs/mujoco_ros2_control_system) by extension 'colcon_meta'
[0.287s] Level 1:colcon.colcon_core.package_identification:_identify(ros2_ws/src/mujoco_ros_pkgs/mujoco_ros2_control_system) by extensions ['ros']
[0.287s] Level 1:colcon.colcon_core.package_identification:_identify(ros2_ws/src/mujoco_ros_pkgs/mujoco_ros2_control_system) by extension 'ros'
[0.288s] DEBUG:colcon.colcon_core.package_identification:Package 'ros2_ws/src/mujoco_ros_pkgs/mujoco_ros2_control_system' with type 'ros.ament_cmake' and name 'mujoco_ros2_control_system'
[0.288s] Level 1:colcon.colcon_core.package_identification:_identify(ros2_ws/src/mujoco_ros_pkgs/mujoco_ros2_dummy_plugin) by extensions ['ignore', 'ignore_ament_install']
[0.288s] Level 1:colcon.colcon_core.package_identification:_identify(ros2_ws/src/mujoco_ros_pkgs/mujoco_ros2_dummy_plugin) by extension 'ignore'
[0.288s] Level 1:colcon.colcon_core.package_identification:_identify(ros2_ws/src/mujoco_ros_pkgs/mujoco_ros2_dummy_plugin) by extension 'ignore_ament_install'
[0.288s] Level 1:colcon.colcon_core.package_identification:_identify(ros2_ws/src/mujoco_ros_pkgs/mujoco_ros2_dummy_plugin) by extensions ['colcon_pkg']
[0.288s] Level 1:colcon.colcon_core.package_identification:_identify(ros2_ws/src/mujoco_ros_pkgs/mujoco_ros2_dummy_plugin) by extension 'colcon_pkg'
[0.288s] Level 1:colcon.colcon_core.package_identification:_identify(ros2_ws/src/mujoco_ros_pkgs/mujoco_ros2_dummy_plugin) by extensions ['colcon_meta']
[0.288s] Level 1:colcon.colcon_core.package_identification:_identify(ros2_ws/src/mujoco_ros_pkgs/mujoco_ros2_dummy_plugin) by extension 'colcon_meta'
[0.288s] Level 1:colcon.colcon_core.package_identification:_identify(ros2_ws/src/mujoco_ros_pkgs/mujoco_ros2_dummy_plugin) by extensions ['ros']
[0.289s] Level 1:colcon.colcon_core.package_identification:_identify(ros2_ws/src/mujoco_ros_pkgs/mujoco_ros2_dummy_plugin) by extension 'ros'
[0.289s] DEBUG:colcon.colcon_core.package_identification:Package 'ros2_ws/src/mujoco_ros_pkgs/mujoco_ros2_dummy_plugin' with type 'ros.ament_cmake' and name 'mujoco_ros2_dummy_plugin'
[0.289s] Level 1:colcon.colcon_core.package_identification:_identify(ros2_ws/src/mujoco_ros_pkgs/mujoco_ros2_sensors) by extensions ['ignore', 'ignore_ament_install']
[0.289s] Level 1:colcon.colcon_core.package_identification:_identify(ros2_ws/src/mujoco_ros_pkgs/mujoco_ros2_sensors) by extension 'ignore'
[0.290s] Level 1:colcon.colcon_core.package_identification:_identify(ros2_ws/src/mujoco_ros_pkgs/mujoco_ros2_sensors) by extension 'ignore_ament_install'
[0.290s] Level 1:colcon.colcon_core.package_identification:_identify(ros2_ws/src/mujoco_ros_pkgs/mujoco_ros2_sensors) by extensions ['colcon_pkg']
[0.290s] Level 1:colcon.colcon_core.package_identification:_identify(ros2_ws/src/mujoco_ros_pkgs/mujoco_ros2_sensors) by extension 'colcon_pkg'
[0.290s] Level 1:colcon.colcon_core.package_identification:_identify(ros2_ws/src/mujoco_ros_pkgs/mujoco_ros2_sensors) by extensions ['colcon_meta']
[0.290s] Level 1:colcon.colcon_core.package_identification:_identify(ros2_ws/src/mujoco_ros_pkgs/mujoco_ros2_sensors) by extension 'colcon_meta'
[0.290s] Level 1:colcon.colcon_core.package_identification:_identify(ros2_ws/src/mujoco_ros_pkgs/mujoco_ros2_sensors) by extensions ['ros']
[0.290s] Level 1:colcon.colcon_core.package_identification:_identify(ros2_ws/src/mujoco_ros_pkgs/mujoco_ros2_sensors) by extension 'ros'
[0.291s] DEBUG:colcon.colcon_core.package_identification:Package 'ros2_ws/src/mujoco_ros_pkgs/mujoco_ros2_sensors' with type 'ros.ament_cmake' and name 'mujoco_ros2_sensors'
[0.291s] Level 1:colcon.colcon_core.package_identification:_identify(ros2_ws/src/mujoco_ros_pkgs/mujoco_ros_control) by extensions ['ignore', 'ignore_ament_install']
[0.291s] Level 1:colcon.colcon_core.package_identification:_identify(ros2_ws/src/mujoco_ros_pkgs/mujoco_ros_control) by extension 'ignore'
[0.291s] Level 1:colcon.colcon_core.package_identification:_identify(ros2_ws/src/mujoco_ros_pkgs/mujoco_ros_control) ignored
[0.291s] Level 1:colcon.colcon_core.package_identification:_identify(ros2_ws/src/mujoco_ros_pkgs/mujoco_ros_laser) by extensions ['ignore', 'ignore_ament_install']
[0.291s] Level 1:colcon.colcon_core.package_identification:_identify(ros2_ws/src/mujoco_ros_pkgs/mujoco_ros_laser) by extension 'ignore'
[0.291s] Level 1:colcon.colcon_core.package_identification:_identify(ros2_ws/src/mujoco_ros_pkgs/mujoco_ros_laser) ignored
[0.291s] Level 1:colcon.colcon_core.package_identification:_identify(ros2_ws/src/mujoco_ros_pkgs/mujoco_ros_mocap_plugin) by extensions ['ignore', 'ignore_ament_install']
[0.292s] Level 1:colcon.colcon_core.package_identification:_identify(ros2_ws/src/mujoco_ros_pkgs/mujoco_ros_mocap_plugin) by extension 'ignore'
[0.292s] Level 1:colcon.colcon_core.package_identification:_identify(ros2_ws/src/mujoco_ros_pkgs/mujoco_ros_mocap_plugin) ignored
[0.292s] Level 1:colcon.colcon_core.package_identification:_identify(ros2_ws/src/mujoco_ros_pkgs/mujoco_ros_msgs) by extensions ['ignore', 'ignore_ament_install']
[0.292s] Level 1:colcon.colcon_core.package_identification:_identify(ros2_ws/src/mujoco_ros_pkgs/mujoco_ros_msgs) by extension 'ignore'
[0.292s] Level 1:colcon.colcon_core.package_identification:_identify(ros2_ws/src/mujoco_ros_pkgs/mujoco_ros_msgs) by extension 'ignore_ament_install'
[0.292s] Level 1:colcon.colcon_core.package_identification:_identify(ros2_ws/src/mujoco_ros_pkgs/mujoco_ros_msgs) by extensions ['colcon_pkg']
[0.292s] Level 1:colcon.colcon_core.package_identification:_identify(ros2_ws/src/mujoco_ros_pkgs/mujoco_ros_msgs) by extension 'colcon_pkg'
[0.292s] Level 1:colcon.colcon_core.package_identification:_identify(ros2_ws/src/mujoco_ros_pkgs/mujoco_ros_msgs) by extensions ['colcon_meta']
[0.292s] Level 1:colcon.colcon_core.package_identification:_identify(ros2_ws/src/mujoco_ros_pkgs/mujoco_ros_msgs) by extension 'colcon_meta'
[0.292s] Level 1:colcon.colcon_core.package_identification:_identify(ros2_ws/src/mujoco_ros_pkgs/mujoco_ros_msgs) by extensions ['ros']
[0.292s] Level 1:colcon.colcon_core.package_identification:_identify(ros2_ws/src/mujoco_ros_pkgs/mujoco_ros_msgs) by extension 'ros'
[0.296s] DEBUG:colcon.colcon_core.package_identification:Package 'ros2_ws/src/mujoco_ros_pkgs/mujoco_ros_msgs' with type 'ros.ament_cmake' and name 'mujoco_ros_msgs'
[0.296s] Level 1:colcon.colcon_core.package_identification:_identify(ros2_ws/src/mujoco_ros_pkgs/mujoco_ros_pkgs) by extensions ['ignore', 'ignore_ament_install']
[0.296s] Level 1:colcon.colcon_core.package_identification:_identify(ros2_ws/src/mujoco_ros_pkgs/mujoco_ros_pkgs) by extension 'ignore'
[0.296s] Level 1:colcon.colcon_core.package_identification:_identify(ros2_ws/src/mujoco_ros_pkgs/mujoco_ros_pkgs) by extension 'ignore_ament_install'
[0.296s] Level 1:colcon.colcon_core.package_identification:_identify(ros2_ws/src/mujoco_ros_pkgs/mujoco_ros_pkgs) by extensions ['colcon_pkg']
[0.296s] Level 1:colcon.colcon_core.package_identification:_identify(ros2_ws/src/mujoco_ros_pkgs/mujoco_ros_pkgs) by extension 'colcon_pkg'
[0.296s] Level 1:colcon.colcon_core.package_identification:_identify(ros2_ws/src/mujoco_ros_pkgs/mujoco_ros_pkgs) by extensions ['colcon_meta']
[0.296s] Level 1:colcon.colcon_core.package_identification:_identify(ros2_ws/src/mujoco_ros_pkgs/mujoco_ros_pkgs) by extension 'colcon_meta'
[0.296s] Level 1:colcon.colcon_core.package_identification:_identify(ros2_ws/src/mujoco_ros_pkgs/mujoco_ros_pkgs) by extensions ['ros']
[0.296s] Level 1:colcon.colcon_core.package_identification:_identify(ros2_ws/src/mujoco_ros_pkgs/mujoco_ros_pkgs) by extension 'ros'
[0.298s] DEBUG:colcon.colcon_core.package_identification:Package 'ros2_ws/src/mujoco_ros_pkgs/mujoco_ros_pkgs' with type 'ros.ament_cmake' and name 'mujoco_ros_pkgs'
[0.298s] Level 1:colcon.colcon_core.package_identification:_identify(ros2_ws/src/mujoco_ros_pkgs/mujoco_ros_sensors) by extensions ['ignore', 'ignore_ament_install']
[0.298s] Level 1:colcon.colcon_core.package_identification:_identify(ros2_ws/src/mujoco_ros_pkgs/mujoco_ros_sensors) by extension 'ignore'
[0.298s] Level 1:colcon.colcon_core.package_identification:_identify(ros2_ws/src/mujoco_ros_pkgs/mujoco_ros_sensors) ignored
[0.298s] Level 1:colcon.colcon_core.package_identification:_identify(ros2_ws/src/multi_mode_control_msgs) by extensions ['ignore', 'ignore_ament_install']
[0.298s] Level 1:colcon.colcon_core.package_identification:_identify(ros2_ws/src/multi_mode_control_msgs) by extension 'ignore'
[0.298s] Level 1:colcon.colcon_core.package_identification:_identify(ros2_ws/src/multi_mode_control_msgs) by extension 'ignore_ament_install'
[0.298s] Level 1:colcon.colcon_core.package_identification:_identify(ros2_ws/src/multi_mode_control_msgs) by extensions ['colcon_pkg']
[0.298s] Level 1:colcon.colcon_core.package_identification:_identify(ros2_ws/src/multi_mode_control_msgs) by extension 'colcon_pkg'
[0.298s] Level 1:colcon.colcon_core.package_identification:_identify(ros2_ws/src/multi_mode_control_msgs) by extensions ['colcon_meta']
[0.298s] Level 1:colcon.colcon_core.package_identification:_identify(ros2_ws/src/multi_mode_control_msgs) by extension 'colcon_meta'
[0.298s] Level 1:colcon.colcon_core.package_identification:_identify(ros2_ws/src/multi_mode_control_msgs) by extensions ['ros']
[0.298s] Level 1:colcon.colcon_core.package_identification:_identify(ros2_ws/src/multi_mode_control_msgs) by extension 'ros'
[0.299s] DEBUG:colcon.colcon_core.package_identification:Package 'ros2_ws/src/multi_mode_control_msgs' with type 'ros.ament_cmake' and name 'multi_mode_control_msgs'
[0.299s] Level 1:colcon.colcon_core.package_identification:_identify(ros2_ws/src/multi_mode_controller) by extensions ['ignore', 'ignore_ament_install']
[0.299s] Level 1:colcon.colcon_core.package_identification:_identify(ros2_ws/src/multi_mode_controller) by extension 'ignore'
[0.299s] Level 1:colcon.colcon_core.package_identification:_identify(ros2_ws/src/multi_mode_controller) by extension 'ignore_ament_install'
[0.299s] Level 1:colcon.colcon_core.package_identification:_identify(ros2_ws/src/multi_mode_controller) by extensions ['colcon_pkg']
[0.299s] Level 1:colcon.colcon_core.package_identification:_identify(ros2_ws/src/multi_mode_controller) by extension 'colcon_pkg'
[0.299s] Level 1:colcon.colcon_core.package_identification:_identify(ros2_ws/src/multi_mode_controller) by extensions ['colcon_meta']
[0.299s] Level 1:colcon.colcon_core.package_identification:_identify(ros2_ws/src/multi_mode_controller) by extension 'colcon_meta'
[0.299s] Level 1:colcon.colcon_core.package_identification:_identify(ros2_ws/src/multi_mode_controller) by extensions ['ros']
[0.299s] Level 1:colcon.colcon_core.package_identification:_identify(ros2_ws/src/multi_mode_controller) by extension 'ros'
[0.300s] DEBUG:colcon.colcon_core.package_identification:Package 'ros2_ws/src/multi_mode_controller' with type 'ros.ament_cmake' and name 'multi_mode_controller'
[0.300s] Level 1:colcon.colcon_core.package_identification:_identify(ros2_ws/src/multi_mode_controller_impl) by extensions ['ignore', 'ignore_ament_install']
[0.300s] Level 1:colcon.colcon_core.package_identification:_identify(ros2_ws/src/multi_mode_controller_impl) by extension 'ignore'
[0.300s] Level 1:colcon.colcon_core.package_identification:_identify(ros2_ws/src/multi_mode_controller_impl) by extension 'ignore_ament_install'
[0.300s] Level 1:colcon.colcon_core.package_identification:_identify(ros2_ws/src/multi_mode_controller_impl) by extensions ['colcon_pkg']
[0.300s] Level 1:colcon.colcon_core.package_identification:_identify(ros2_ws/src/multi_mode_controller_impl) by extension 'colcon_pkg'
[0.300s] Level 1:colcon.colcon_core.package_identification:_identify(ros2_ws/src/multi_mode_controller_impl) by extensions ['colcon_meta']
[0.300s] Level 1:colcon.colcon_core.package_identification:_identify(ros2_ws/src/multi_mode_controller_impl) by extension 'colcon_meta'
[0.300s] Level 1:colcon.colcon_core.package_identification:_identify(ros2_ws/src/multi_mode_controller_impl) by extensions ['ros']
[0.300s] Level 1:colcon.colcon_core.package_identification:_identify(ros2_ws/src/multi_mode_controller_impl) by extension 'ros'
[0.301s] DEBUG:colcon.colcon_core.package_identification:Package 'ros2_ws/src/multi_mode_controller_impl' with type 'ros.ament_cmake' and name 'multi_mode_controller_impl'
[0.301s] Level 1:colcon.colcon_core.package_identification:_identify(ros2_ws/src/panda_motion_generator_msgs) by extensions ['ignore', 'ignore_ament_install']
[0.301s] Level 1:colcon.colcon_core.package_identification:_identify(ros2_ws/src/panda_motion_generator_msgs) by extension 'ignore'
[0.301s] Level 1:colcon.colcon_core.package_identification:_identify(ros2_ws/src/panda_motion_generator_msgs) by extension 'ignore_ament_install'
[0.301s] Level 1:colcon.colcon_core.package_identification:_identify(ros2_ws/src/panda_motion_generator_msgs) by extensions ['colcon_pkg']
[0.301s] Level 1:colcon.colcon_core.package_identification:_identify(ros2_ws/src/panda_motion_generator_msgs) by extension 'colcon_pkg'
[0.301s] Level 1:colcon.colcon_core.package_identification:_identify(ros2_ws/src/panda_motion_generator_msgs) by extensions ['colcon_meta']
[0.301s] Level 1:colcon.colcon_core.package_identification:_identify(ros2_ws/src/panda_motion_generator_msgs) by extension 'colcon_meta'
[0.301s] Level 1:colcon.colcon_core.package_identification:_identify(ros2_ws/src/panda_motion_generator_msgs) by extensions ['ros']
[0.301s] Level 1:colcon.colcon_core.package_identification:_identify(ros2_ws/src/panda_motion_generator_msgs) by extension 'ros'
[0.301s] DEBUG:colcon.colcon_core.package_identification:Package 'ros2_ws/src/panda_motion_generator_msgs' with type 'ros.ament_cmake' and name 'panda_motion_generator_msgs'
[0.301s] Level 1:colcon.colcon_core.package_identification:_identify(ros2_ws/src/panda_motion_generators) by extensions ['ignore', 'ignore_ament_install']
[0.301s] Level 1:colcon.colcon_core.package_identification:_identify(ros2_ws/src/panda_motion_generators) by extension 'ignore'
[0.301s] Level 1:colcon.colcon_core.package_identification:_identify(ros2_ws/src/panda_motion_generators) by extension 'ignore_ament_install'
[0.301s] Level 1:colcon.colcon_core.package_identification:_identify(ros2_ws/src/panda_motion_generators) by extensions ['colcon_pkg']
[0.302s] Level 1:colcon.colcon_core.package_identification:_identify(ros2_ws/src/panda_motion_generators) by extension 'colcon_pkg'
[0.302s] Level 1:colcon.colcon_core.package_identification:_identify(ros2_ws/src/panda_motion_generators) by extensions ['colcon_meta']
[0.302s] Level 1:colcon.colcon_core.package_identification:_identify(ros2_ws/src/panda_motion_generators) by extension 'colcon_meta'
[0.302s] Level 1:colcon.colcon_core.package_identification:_identify(ros2_ws/src/panda_motion_generators) by extensions ['ros']
[0.302s] Level 1:colcon.colcon_core.package_identification:_identify(ros2_ws/src/panda_motion_generators) by extension 'ros'
[0.302s] DEBUG:colcon.colcon_core.package_identification:Package 'ros2_ws/src/panda_motion_generators' with type 'ros.ament_cmake' and name 'panda_motion_generators'
[0.302s] Level 1:colcon.colcon_core.package_discovery:discover_packages(recursive) using defaults
[0.302s] Level 1:colcon.colcon_core.package_discovery:discover_packages(ignore) discover
[0.302s] Level 1:colcon.colcon_core.package_discovery:discover_packages(ignore) using defaults
[0.302s] Level 1:colcon.colcon_core.package_discovery:discover_packages(path) discover
[0.302s] Level 1:colcon.colcon_core.package_discovery:discover_packages(path) using defaults
[0.321s] Level 1:colcon.colcon_core.package_discovery:discover_packages(prefix_path) check parameters
[0.321s] Level 1:colcon.colcon_core.package_discovery:discover_packages(prefix_path) discover
[0.323s] DEBUG:colcon.colcon_installed_package_information.package_discovery:Found 347 installed packages in /opt/ros/jazzy
[0.324s] Level 1:colcon.colcon_core.package_discovery:discover_packages(prefix_path) using defaults
[0.364s] ERROR:colcon:colcon build: Duplicate package names not supported:
- controller:
  - legacy_ros1/controller
  - ros2_ws/src/controller
