[0.010s] Invoking command in '/home/herring/rzddzy/ros2_ws/build/mujoco_ros': CMAKE_PREFIX_PATH=/home/herring/rzddzy/ros2_ws/install/mujoco_ros_msgs:/home/herring/rzddzy/ros2_ws/install/panda_motion_generators:/home/herring/rzddzy/ros2_ws/install/panda_motion_generator_msgs:/home/herring/rzddzy/ros2_ws/install/franka_bringup:/home/herring/rzddzy/ros2_ws/install/multi_mode_controller_impl:/home/herring/rzddzy/ros2_ws/install/multi_mode_controller:/home/herring/rzddzy/ros2_ws/install/franka_example_controllers:/home/herring/rzddzy/ros2_ws/install/multi_mode_control_msgs:/home/herring/rzddzy/ros2_ws/install/mujoco_ros_pkgs:/home/herring/rzddzy/ros2_ws/install/mujoco_ros2_sensors:/home/herring/rzddzy/ros2_ws/install/mujoco_ros2_dummy_plugin:/home/herring/rzddzy/ros2_ws/install/mujoco_ros2_control_system:/home/herring/rzddzy/ros2_ws/install/franka_robot_state_broadcaster:/home/herring/rzddzy/ros2_ws/install/franka_semantic_components:/home/herring/rzddzy/ros2_ws/install/franka_hardware:/home/herring/rzddzy/ros2_ws/install/mujoco_ros2_control:/home/herring/rzddzy/ros2_ws/install/mujoco_ros:/home/herring/rzddzy/ros2_ws/install/franka_msgs:/home/herring/rzddzy/ros2_ws/install/franka_description:/home/herring/rzddzy/ros2_ws/install/controller:/home/herring/rzddzy/ros2_ws/install/cplus_dev:/opt/ros/jazzy/opt/sdformat_vendor:/opt/ros/jazzy/opt/gz_math_vendor:/opt/ros/jazzy/opt/gz_utils_vendor:/opt/ros/jazzy/opt/gz_tools_vendor:/opt/ros/jazzy/opt/gz_cmake_vendor:/opt/ros/jazzy DEBUGINFOD_URLS=https://debuginfod.ubuntu.com LD_LIBRARY_PATH=/home/herring/rzddzy/ros2_ws/install/mujoco_ros_msgs/lib:/home/herring/rzddzy/ros2_ws/install/panda_motion_generators/lib:/home/herring/rzddzy/ros2_ws/install/panda_motion_generator_msgs/lib:/home/herring/rzddzy/ros2_ws/install/multi_mode_controller_impl/lib:/home/herring/rzddzy/ros2_ws/install/multi_mode_controller/lib:/home/herring/rzddzy/ros2_ws/install/franka_example_controllers/lib:/home/herring/rzddzy/ros2_ws/install/multi_mode_control_msgs/lib:/home/herring/rzddzy/ros2_ws/install/mujoco_ros2_sensors/lib:/home/herring/rzddzy/ros2_ws/install/mujoco_ros2_dummy_plugin/lib:/home/herring/rzddzy/ros2_ws/install/mujoco_ros2_control_system/lib:/home/herring/rzddzy/ros2_ws/install/franka_robot_state_broadcaster/lib:/home/herring/rzddzy/ros2_ws/install/franka_semantic_components/lib:/home/herring/rzddzy/ros2_ws/install/franka_hardware/lib:/home/herring/rzddzy/ros2_ws/install/mujoco_ros2_control/lib:/home/herring/rzddzy/ros2_ws/install/mujoco_ros/lib:/home/herring/rzddzy/ros2_ws/install/franka_msgs/lib:/home/herring/rzddzy/ros2_ws/install/cplus_dev/lib:/opt/ros/jazzy/opt/sdformat_vendor/lib:/opt/ros/jazzy/opt/rviz_ogre_vendor/lib:/opt/ros/jazzy/lib/x86_64-linux-gnu:/opt/ros/jazzy/opt/gz_math_vendor/lib:/opt/ros/jazzy/opt/gz_utils_vendor/lib:/opt/ros/jazzy/opt/gz_tools_vendor/lib:/opt/ros/jazzy/opt/gz_cmake_vendor/lib:/opt/ros/jazzy/lib PYTHONPATH=/home/herring/rzddzy/ros2_ws/install/mujoco_ros_msgs/lib/python3.12/site-packages:/home/herring/rzddzy/ros2_ws/install/panda_motion_generator_msgs/lib/python3.12/site-packages:/home/herring/rzddzy/ros2_ws/install/multi_mode_control_msgs/lib/python3.12/site-packages:/home/herring/rzddzy/ros2_ws/install/franka_msgs/lib/python3.12/site-packages:/opt/ros/jazzy/lib/python3.12/site-packages /usr/bin/cmake --build /home/herring/rzddzy/ros2_ws/build/mujoco_ros -- -j28 -l28
[0.062s] [ 10%] Generating include/mujoco_ros/ros_version.hpp, always_rebuild_ros
[0.062s] [ 10%] Generating include/mujoco_ros/render_backend.hpp, always_rebuild_backend
[0.062s] [ 15%] Built target lodepng
[0.085s] [ 20%] Generating ROS version header
[0.087s] [ 25%] Generating render backend header
[0.094s] [ 25%] Built target ros_version_h
[0.096s] [ 25%] Built target render_backend_h
[0.170s] [ 30%] Building CXX object src/CMakeFiles/mujoco_ros.dir/main.cpp.o
[0.171s] [ 35%] Building CXX object src/CMakeFiles/mujoco_ros.dir/mujoco_env.cpp.o
[0.172s] [ 40%] Building CXX object src/CMakeFiles/mujoco_ros.dir/ros_two/ros_api.cpp.o
[0.172s] [ 45%] Building CXX object src/CMakeFiles/mujoco_ros.dir/physics.cpp.o
[0.173s] [ 50%] Building CXX object src/CMakeFiles/mujoco_ros.dir/ros_two/parameter_interface.cpp.o
[0.173s] [ 55%] Building CXX object src/CMakeFiles/mujoco_ros.dir/interface.cpp.o
[0.174s] [ 60%] Building CXX object src/CMakeFiles/mujoco_ros.dir/ros_two/plugin_utils.cpp.o
[0.174s] [ 65%] Building CXX object src/CMakeFiles/mujoco_ros.dir/loading.cpp.o
[0.175s] [ 70%] Building CXX object src/CMakeFiles/mujoco_ros.dir/threading.cpp.o
[0.179s] [ 75%] Building CXX object src/CMakeFiles/mujoco_ros.dir/offscreen_camera.cpp.o
[0.180s] [ 80%] Building CXX object src/CMakeFiles/mujoco_ros.dir/viewer.cpp.o
[0.180s] [ 85%] Building CXX object src/CMakeFiles/mujoco_ros.dir/offscreen_rendering.cpp.o
[14.996s] [ 90%] Linking CXX shared library libmujoco_ros.so
[15.065s] [ 90%] Built target mujoco_ros
[15.102s] [ 95%] Building CXX object src/CMakeFiles/mujoco_node.dir/main.cpp.o
[18.003s] [100%] Linking CXX executable mujoco_node
[18.060s] [100%] Built target mujoco_node
[18.071s] Invoked command in '/home/herring/rzddzy/ros2_ws/build/mujoco_ros' returned '0': CMAKE_PREFIX_PATH=/home/herring/rzddzy/ros2_ws/install/mujoco_ros_msgs:/home/herring/rzddzy/ros2_ws/install/panda_motion_generators:/home/herring/rzddzy/ros2_ws/install/panda_motion_generator_msgs:/home/herring/rzddzy/ros2_ws/install/franka_bringup:/home/herring/rzddzy/ros2_ws/install/multi_mode_controller_impl:/home/herring/rzddzy/ros2_ws/install/multi_mode_controller:/home/herring/rzddzy/ros2_ws/install/franka_example_controllers:/home/herring/rzddzy/ros2_ws/install/multi_mode_control_msgs:/home/herring/rzddzy/ros2_ws/install/mujoco_ros_pkgs:/home/herring/rzddzy/ros2_ws/install/mujoco_ros2_sensors:/home/herring/rzddzy/ros2_ws/install/mujoco_ros2_dummy_plugin:/home/herring/rzddzy/ros2_ws/install/mujoco_ros2_control_system:/home/herring/rzddzy/ros2_ws/install/franka_robot_state_broadcaster:/home/herring/rzddzy/ros2_ws/install/franka_semantic_components:/home/herring/rzddzy/ros2_ws/install/franka_hardware:/home/herring/rzddzy/ros2_ws/install/mujoco_ros2_control:/home/herring/rzddzy/ros2_ws/install/mujoco_ros:/home/herring/rzddzy/ros2_ws/install/franka_msgs:/home/herring/rzddzy/ros2_ws/install/franka_description:/home/herring/rzddzy/ros2_ws/install/controller:/home/herring/rzddzy/ros2_ws/install/cplus_dev:/opt/ros/jazzy/opt/sdformat_vendor:/opt/ros/jazzy/opt/gz_math_vendor:/opt/ros/jazzy/opt/gz_utils_vendor:/opt/ros/jazzy/opt/gz_tools_vendor:/opt/ros/jazzy/opt/gz_cmake_vendor:/opt/ros/jazzy DEBUGINFOD_URLS=https://debuginfod.ubuntu.com LD_LIBRARY_PATH=/home/herring/rzddzy/ros2_ws/install/mujoco_ros_msgs/lib:/home/herring/rzddzy/ros2_ws/install/panda_motion_generators/lib:/home/herring/rzddzy/ros2_ws/install/panda_motion_generator_msgs/lib:/home/herring/rzddzy/ros2_ws/install/multi_mode_controller_impl/lib:/home/herring/rzddzy/ros2_ws/install/multi_mode_controller/lib:/home/herring/rzddzy/ros2_ws/install/franka_example_controllers/lib:/home/herring/rzddzy/ros2_ws/install/multi_mode_control_msgs/lib:/home/herring/rzddzy/ros2_ws/install/mujoco_ros2_sensors/lib:/home/herring/rzddzy/ros2_ws/install/mujoco_ros2_dummy_plugin/lib:/home/herring/rzddzy/ros2_ws/install/mujoco_ros2_control_system/lib:/home/herring/rzddzy/ros2_ws/install/franka_robot_state_broadcaster/lib:/home/herring/rzddzy/ros2_ws/install/franka_semantic_components/lib:/home/herring/rzddzy/ros2_ws/install/franka_hardware/lib:/home/herring/rzddzy/ros2_ws/install/mujoco_ros2_control/lib:/home/herring/rzddzy/ros2_ws/install/mujoco_ros/lib:/home/herring/rzddzy/ros2_ws/install/franka_msgs/lib:/home/herring/rzddzy/ros2_ws/install/cplus_dev/lib:/opt/ros/jazzy/opt/sdformat_vendor/lib:/opt/ros/jazzy/opt/rviz_ogre_vendor/lib:/opt/ros/jazzy/lib/x86_64-linux-gnu:/opt/ros/jazzy/opt/gz_math_vendor/lib:/opt/ros/jazzy/opt/gz_utils_vendor/lib:/opt/ros/jazzy/opt/gz_tools_vendor/lib:/opt/ros/jazzy/opt/gz_cmake_vendor/lib:/opt/ros/jazzy/lib PYTHONPATH=/home/herring/rzddzy/ros2_ws/install/mujoco_ros_msgs/lib/python3.12/site-packages:/home/herring/rzddzy/ros2_ws/install/panda_motion_generator_msgs/lib/python3.12/site-packages:/home/herring/rzddzy/ros2_ws/install/multi_mode_control_msgs/lib/python3.12/site-packages:/home/herring/rzddzy/ros2_ws/install/franka_msgs/lib/python3.12/site-packages:/opt/ros/jazzy/lib/python3.12/site-packages /usr/bin/cmake --build /home/herring/rzddzy/ros2_ws/build/mujoco_ros -- -j28 -l28
[18.078s] Invoking command in '/home/herring/rzddzy/ros2_ws/build/mujoco_ros': CMAKE_PREFIX_PATH=/home/herring/rzddzy/ros2_ws/install/mujoco_ros_msgs:/home/herring/rzddzy/ros2_ws/install/panda_motion_generators:/home/herring/rzddzy/ros2_ws/install/panda_motion_generator_msgs:/home/herring/rzddzy/ros2_ws/install/franka_bringup:/home/herring/rzddzy/ros2_ws/install/multi_mode_controller_impl:/home/herring/rzddzy/ros2_ws/install/multi_mode_controller:/home/herring/rzddzy/ros2_ws/install/franka_example_controllers:/home/herring/rzddzy/ros2_ws/install/multi_mode_control_msgs:/home/herring/rzddzy/ros2_ws/install/mujoco_ros_pkgs:/home/herring/rzddzy/ros2_ws/install/mujoco_ros2_sensors:/home/herring/rzddzy/ros2_ws/install/mujoco_ros2_dummy_plugin:/home/herring/rzddzy/ros2_ws/install/mujoco_ros2_control_system:/home/herring/rzddzy/ros2_ws/install/franka_robot_state_broadcaster:/home/herring/rzddzy/ros2_ws/install/franka_semantic_components:/home/herring/rzddzy/ros2_ws/install/franka_hardware:/home/herring/rzddzy/ros2_ws/install/mujoco_ros2_control:/home/herring/rzddzy/ros2_ws/install/mujoco_ros:/home/herring/rzddzy/ros2_ws/install/franka_msgs:/home/herring/rzddzy/ros2_ws/install/franka_description:/home/herring/rzddzy/ros2_ws/install/controller:/home/herring/rzddzy/ros2_ws/install/cplus_dev:/opt/ros/jazzy/opt/sdformat_vendor:/opt/ros/jazzy/opt/gz_math_vendor:/opt/ros/jazzy/opt/gz_utils_vendor:/opt/ros/jazzy/opt/gz_tools_vendor:/opt/ros/jazzy/opt/gz_cmake_vendor:/opt/ros/jazzy DEBUGINFOD_URLS=https://debuginfod.ubuntu.com LD_LIBRARY_PATH=/home/herring/rzddzy/ros2_ws/install/mujoco_ros_msgs/lib:/home/herring/rzddzy/ros2_ws/install/panda_motion_generators/lib:/home/herring/rzddzy/ros2_ws/install/panda_motion_generator_msgs/lib:/home/herring/rzddzy/ros2_ws/install/multi_mode_controller_impl/lib:/home/herring/rzddzy/ros2_ws/install/multi_mode_controller/lib:/home/herring/rzddzy/ros2_ws/install/franka_example_controllers/lib:/home/herring/rzddzy/ros2_ws/install/multi_mode_control_msgs/lib:/home/herring/rzddzy/ros2_ws/install/mujoco_ros2_sensors/lib:/home/herring/rzddzy/ros2_ws/install/mujoco_ros2_dummy_plugin/lib:/home/herring/rzddzy/ros2_ws/install/mujoco_ros2_control_system/lib:/home/herring/rzddzy/ros2_ws/install/franka_robot_state_broadcaster/lib:/home/herring/rzddzy/ros2_ws/install/franka_semantic_components/lib:/home/herring/rzddzy/ros2_ws/install/franka_hardware/lib:/home/herring/rzddzy/ros2_ws/install/mujoco_ros2_control/lib:/home/herring/rzddzy/ros2_ws/install/mujoco_ros/lib:/home/herring/rzddzy/ros2_ws/install/franka_msgs/lib:/home/herring/rzddzy/ros2_ws/install/cplus_dev/lib:/opt/ros/jazzy/opt/sdformat_vendor/lib:/opt/ros/jazzy/opt/rviz_ogre_vendor/lib:/opt/ros/jazzy/lib/x86_64-linux-gnu:/opt/ros/jazzy/opt/gz_math_vendor/lib:/opt/ros/jazzy/opt/gz_utils_vendor/lib:/opt/ros/jazzy/opt/gz_tools_vendor/lib:/opt/ros/jazzy/opt/gz_cmake_vendor/lib:/opt/ros/jazzy/lib PYTHONPATH=/home/herring/rzddzy/ros2_ws/install/mujoco_ros_msgs/lib/python3.12/site-packages:/home/herring/rzddzy/ros2_ws/install/panda_motion_generator_msgs/lib/python3.12/site-packages:/home/herring/rzddzy/ros2_ws/install/multi_mode_control_msgs/lib/python3.12/site-packages:/home/herring/rzddzy/ros2_ws/install/franka_msgs/lib/python3.12/site-packages:/opt/ros/jazzy/lib/python3.12/site-packages /usr/bin/cmake --install /home/herring/rzddzy/ros2_ws/build/mujoco_ros
[18.086s] -- Install configuration: "Release"
[18.086s] -- Execute custom install script
[18.086s] -- Up-to-date symlink: /home/herring/rzddzy/ros2_ws/install/mujoco_ros/include/mujoco_ros/render_backend.hpp
[18.086s] -- Up-to-date symlink: /home/herring/rzddzy/ros2_ws/install/mujoco_ros/include/mujoco_ros/ros_version.hpp
[18.087s] -- Up-to-date symlink: /home/herring/rzddzy/ros2_ws/install/mujoco_ros/include//mujoco_ros/array_safety.h
[18.087s] -- Up-to-date symlink: /home/herring/rzddzy/ros2_ws/install/mujoco_ros/include//mujoco_ros/common_types.hpp
[18.087s] -- Up-to-date symlink: /home/herring/rzddzy/ros2_ws/install/mujoco_ros/include//mujoco_ros/glfw_adapter.h
[18.087s] -- Up-to-date symlink: /home/herring/rzddzy/ros2_ws/install/mujoco_ros/include//mujoco_ros/glfw_dispatch.h
[18.087s] -- Up-to-date symlink: /home/herring/rzddzy/ros2_ws/install/mujoco_ros/include//mujoco_ros/lodepng.h
[18.087s] -- Up-to-date symlink: /home/herring/rzddzy/ros2_ws/install/mujoco_ros/include//mujoco_ros/logging.hpp
[18.087s] -- Up-to-date symlink: /home/herring/rzddzy/ros2_ws/install/mujoco_ros/include//mujoco_ros/mujoco_env.hpp
[18.088s] -- Up-to-date symlink: /home/herring/rzddzy/ros2_ws/install/mujoco_ros/include//mujoco_ros/offscreen_camera.hpp
[18.088s] -- Up-to-date symlink: /home/herring/rzddzy/ros2_ws/install/mujoco_ros/include//mujoco_ros/platform_ui_adapter.h
[18.088s] -- Up-to-date symlink: /home/herring/rzddzy/ros2_ws/install/mujoco_ros/include//mujoco_ros/ros_one/plugin_utils.hpp
[18.088s] -- Up-to-date symlink: /home/herring/rzddzy/ros2_ws/install/mujoco_ros/include//mujoco_ros/ros_one/ros_api.hpp
[18.088s] -- Up-to-date symlink: /home/herring/rzddzy/ros2_ws/install/mujoco_ros/include//mujoco_ros/ros_two/plugin_utils.hpp
[18.088s] -- Up-to-date symlink: /home/herring/rzddzy/ros2_ws/install/mujoco_ros/include//mujoco_ros/ros_two/ros_api.hpp
[18.088s] -- Up-to-date symlink: /home/herring/rzddzy/ros2_ws/install/mujoco_ros/include//mujoco_ros/util.hpp
[18.088s] -- Up-to-date symlink: /home/herring/rzddzy/ros2_ws/install/mujoco_ros/include//mujoco_ros/viewer.hpp
[18.088s] -- Up-to-date symlink: /home/herring/rzddzy/ros2_ws/install/mujoco_ros/share/mujoco_ros/launch/launch_server.launch
[18.088s] -- Up-to-date symlink: /home/herring/rzddzy/ros2_ws/install/mujoco_ros/share/mujoco_ros/config/initial_joint_states.yaml
[18.088s] -- Up-to-date symlink: /home/herring/rzddzy/ros2_ws/install/mujoco_ros/share/mujoco_ros/config/rosconsole.config
[18.088s] -- Up-to-date symlink: /home/herring/rzddzy/ros2_ws/install/mujoco_ros/share/mujoco_ros/assets/pendulum_world.xml
[18.088s] -- Up-to-date symlink: /home/herring/rzddzy/ros2_ws/install/mujoco_ros/lib/mujoco_ros/mujoco_node
[18.088s] -- Up-to-date symlink: /home/herring/rzddzy/ros2_ws/install/mujoco_ros/share/ament_index/resource_index/package_run_dependencies/mujoco_ros
[18.088s] -- Up-to-date symlink: /home/herring/rzddzy/ros2_ws/install/mujoco_ros/share/ament_index/resource_index/parent_prefix_path/mujoco_ros
[18.088s] -- Up-to-date symlink: /home/herring/rzddzy/ros2_ws/install/mujoco_ros/share/mujoco_ros/environment/ament_prefix_path.sh
[18.088s] -- Up-to-date symlink: /home/herring/rzddzy/ros2_ws/install/mujoco_ros/share/mujoco_ros/environment/ament_prefix_path.dsv
[18.088s] -- Up-to-date symlink: /home/herring/rzddzy/ros2_ws/install/mujoco_ros/share/mujoco_ros/environment/path.sh
[18.088s] -- Up-to-date symlink: /home/herring/rzddzy/ros2_ws/install/mujoco_ros/share/mujoco_ros/environment/path.dsv
[18.089s] -- Up-to-date symlink: /home/herring/rzddzy/ros2_ws/install/mujoco_ros/share/mujoco_ros/local_setup.bash
[18.089s] -- Up-to-date symlink: /home/herring/rzddzy/ros2_ws/install/mujoco_ros/share/mujoco_ros/local_setup.sh
[18.089s] -- Up-to-date symlink: /home/herring/rzddzy/ros2_ws/install/mujoco_ros/share/mujoco_ros/local_setup.zsh
[18.089s] -- Up-to-date symlink: /home/herring/rzddzy/ros2_ws/install/mujoco_ros/share/mujoco_ros/local_setup.dsv
[18.089s] -- Symlinking: /home/herring/rzddzy/ros2_ws/install/mujoco_ros/share/mujoco_ros/package.dsv
[18.098s] -- Up-to-date symlink: /home/herring/rzddzy/ros2_ws/install/mujoco_ros/share/ament_index/resource_index/packages/mujoco_ros
[18.098s] -- Up-to-date symlink: /home/herring/rzddzy/ros2_ws/install/mujoco_ros/share/mujoco_ros/cmake/ament_cmake_export_include_directories-extras.cmake
[18.098s] -- Up-to-date symlink: /home/herring/rzddzy/ros2_ws/install/mujoco_ros/share/mujoco_ros/cmake/ament_cmake_export_dependencies-extras.cmake
[18.098s] -- Up-to-date symlink: /home/herring/rzddzy/ros2_ws/install/mujoco_ros/share/mujoco_ros/cmake/mujoco_rosConfig.cmake
[18.098s] -- Up-to-date symlink: /home/herring/rzddzy/ros2_ws/install/mujoco_ros/share/mujoco_ros/cmake/mujoco_rosConfig-version.cmake
[18.098s] -- Up-to-date symlink: /home/herring/rzddzy/ros2_ws/install/mujoco_ros/share/mujoco_ros/package.xml
[18.098s] -- Installing: /home/herring/rzddzy/ros2_ws/install/mujoco_ros/lib/libmujoco_ros.so
[18.100s] -- Set non-toolchain portion of runtime path of "/home/herring/rzddzy/ros2_ws/install/mujoco_ros/lib/libmujoco_ros.so" to ""
[18.101s] Invoked command in '/home/herring/rzddzy/ros2_ws/build/mujoco_ros' returned '0': CMAKE_PREFIX_PATH=/home/herring/rzddzy/ros2_ws/install/mujoco_ros_msgs:/home/herring/rzddzy/ros2_ws/install/panda_motion_generators:/home/herring/rzddzy/ros2_ws/install/panda_motion_generator_msgs:/home/herring/rzddzy/ros2_ws/install/franka_bringup:/home/herring/rzddzy/ros2_ws/install/multi_mode_controller_impl:/home/herring/rzddzy/ros2_ws/install/multi_mode_controller:/home/herring/rzddzy/ros2_ws/install/franka_example_controllers:/home/herring/rzddzy/ros2_ws/install/multi_mode_control_msgs:/home/herring/rzddzy/ros2_ws/install/mujoco_ros_pkgs:/home/herring/rzddzy/ros2_ws/install/mujoco_ros2_sensors:/home/herring/rzddzy/ros2_ws/install/mujoco_ros2_dummy_plugin:/home/herring/rzddzy/ros2_ws/install/mujoco_ros2_control_system:/home/herring/rzddzy/ros2_ws/install/franka_robot_state_broadcaster:/home/herring/rzddzy/ros2_ws/install/franka_semantic_components:/home/herring/rzddzy/ros2_ws/install/franka_hardware:/home/herring/rzddzy/ros2_ws/install/mujoco_ros2_control:/home/herring/rzddzy/ros2_ws/install/mujoco_ros:/home/herring/rzddzy/ros2_ws/install/franka_msgs:/home/herring/rzddzy/ros2_ws/install/franka_description:/home/herring/rzddzy/ros2_ws/install/controller:/home/herring/rzddzy/ros2_ws/install/cplus_dev:/opt/ros/jazzy/opt/sdformat_vendor:/opt/ros/jazzy/opt/gz_math_vendor:/opt/ros/jazzy/opt/gz_utils_vendor:/opt/ros/jazzy/opt/gz_tools_vendor:/opt/ros/jazzy/opt/gz_cmake_vendor:/opt/ros/jazzy DEBUGINFOD_URLS=https://debuginfod.ubuntu.com LD_LIBRARY_PATH=/home/herring/rzddzy/ros2_ws/install/mujoco_ros_msgs/lib:/home/herring/rzddzy/ros2_ws/install/panda_motion_generators/lib:/home/herring/rzddzy/ros2_ws/install/panda_motion_generator_msgs/lib:/home/herring/rzddzy/ros2_ws/install/multi_mode_controller_impl/lib:/home/herring/rzddzy/ros2_ws/install/multi_mode_controller/lib:/home/herring/rzddzy/ros2_ws/install/franka_example_controllers/lib:/home/herring/rzddzy/ros2_ws/install/multi_mode_control_msgs/lib:/home/herring/rzddzy/ros2_ws/install/mujoco_ros2_sensors/lib:/home/herring/rzddzy/ros2_ws/install/mujoco_ros2_dummy_plugin/lib:/home/herring/rzddzy/ros2_ws/install/mujoco_ros2_control_system/lib:/home/herring/rzddzy/ros2_ws/install/franka_robot_state_broadcaster/lib:/home/herring/rzddzy/ros2_ws/install/franka_semantic_components/lib:/home/herring/rzddzy/ros2_ws/install/franka_hardware/lib:/home/herring/rzddzy/ros2_ws/install/mujoco_ros2_control/lib:/home/herring/rzddzy/ros2_ws/install/mujoco_ros/lib:/home/herring/rzddzy/ros2_ws/install/franka_msgs/lib:/home/herring/rzddzy/ros2_ws/install/cplus_dev/lib:/opt/ros/jazzy/opt/sdformat_vendor/lib:/opt/ros/jazzy/opt/rviz_ogre_vendor/lib:/opt/ros/jazzy/lib/x86_64-linux-gnu:/opt/ros/jazzy/opt/gz_math_vendor/lib:/opt/ros/jazzy/opt/gz_utils_vendor/lib:/opt/ros/jazzy/opt/gz_tools_vendor/lib:/opt/ros/jazzy/opt/gz_cmake_vendor/lib:/opt/ros/jazzy/lib PYTHONPATH=/home/herring/rzddzy/ros2_ws/install/mujoco_ros_msgs/lib/python3.12/site-packages:/home/herring/rzddzy/ros2_ws/install/panda_motion_generator_msgs/lib/python3.12/site-packages:/home/herring/rzddzy/ros2_ws/install/multi_mode_control_msgs/lib/python3.12/site-packages:/home/herring/rzddzy/ros2_ws/install/franka_msgs/lib/python3.12/site-packages:/opt/ros/jazzy/lib/python3.12/site-packages /usr/bin/cmake --install /home/herring/rzddzy/ros2_ws/build/mujoco_ros
