[0.726s] Invoking command in '/home/herring/rzddzy/build/franka_ik_py': DEBUGINFOD_URLS=https://debuginfod.ubuntu.com PYTHONPATH=/home/herring/rzddzy/build/franka_ik_py/prefix_override:/usr/lib/python3/dist-packages/colcon_core/task/python/colcon_distutils_commands:/home/herring/rzddzy/install/franka_ik_py/lib/python3.12/site-packages:${PYTHONPATH} /usr/bin/python3 -W ignore:setup.py install is deprecated -W ignore:easy_install command is deprecated setup.py develop --editable --build-directory /home/herring/rzddzy/build/franka_ik_py/build --no-deps
[1.000s] running develop
[1.188s] running egg_info
[1.188s] creating franka_ik_py.egg-info
[1.206s] writing franka_ik_py.egg-info/PKG-INFO
[1.206s] writing dependency_links to franka_ik_py.egg-info/dependency_links.txt
[1.206s] writing top-level names to franka_ik_py.egg-info/top_level.txt
[1.206s] writing manifest file 'franka_ik_py.egg-info/SOURCES.txt'
[1.243s] reading manifest file 'franka_ik_py.egg-info/SOURCES.txt'
[1.243s] writing manifest file 'franka_ik_py.egg-info/SOURCES.txt'
[1.244s] running build_ext
[1.245s] building 'franka_ik_py' extension
[1.245s] creating build
[1.245s] creating build/temp.linux-x86_64-cpython-312
[1.245s] creating build/temp.linux-x86_64-cpython-312/home
[1.245s] creating build/temp.linux-x86_64-cpython-312/home/herring
[1.245s] creating build/temp.linux-x86_64-cpython-312/home/herring/rzddzy
[1.245s] creating build/temp.linux-x86_64-cpython-312/home/herring/rzddzy/ros2_ws
[1.245s] creating build/temp.linux-x86_64-cpython-312/home/herring/rzddzy/ros2_ws/src
[1.245s] creating build/temp.linux-x86_64-cpython-312/home/herring/rzddzy/ros2_ws/src/franka_analytical_ik
[1.245s] x86_64-linux-gnu-gcc -fno-strict-overflow -Wsign-compare -DNDEBUG -g -O2 -Wall -fPIC -I/home/herring/.local/lib/python3.12/site-packages/pybind11/include -I/home/herring/rzddzy/ros2_ws/src/franka_analytical_ik/Eigen -I/home/herring/rzddzy/ros2_ws/src/franka_analytical_ik -I/home/herring/rzddzy/install/franka_ik_py/include -I/usr/include/python3.12 -c /home/herring/rzddzy/ros2_ws/src/franka_analytical_ik/pybind_wrapper.cpp -o build/temp.linux-x86_64-cpython-312/home/herring/rzddzy/ros2_ws/src/franka_analytical_ik/pybind_wrapper.o -std=c++11 -O3
[15.659s] creating build/lib.linux-x86_64-cpython-312
[15.660s] x86_64-linux-gnu-g++ -shared -Wl,-O1 -Wl,-Bsymbolic-functions -Wl,-Bsymbolic-functions -Wl,-z,relro -g -fwrapv -O2 build/temp.linux-x86_64-cpython-312/home/herring/rzddzy/ros2_ws/src/franka_analytical_ik/pybind_wrapper.o -L/usr/lib/x86_64-linux-gnu -o build/lib.linux-x86_64-cpython-312/franka_ik_py.cpython-312-x86_64-linux-gnu.so
[15.983s] copying build/lib.linux-x86_64-cpython-312/franka_ik_py.cpython-312-x86_64-linux-gnu.so -> 
[15.994s] Creating /home/herring/rzddzy/install/franka_ik_py/lib/python3.12/site-packages/franka-ik-py.egg-link (link to .)
[15.995s] 
[15.995s] Installed /home/herring/rzddzy/build/franka_ik_py
[16.055s] Invoked command in '/home/herring/rzddzy/build/franka_ik_py' returned '0': DEBUGINFOD_URLS=https://debuginfod.ubuntu.com PYTHONPATH=/home/herring/rzddzy/build/franka_ik_py/prefix_override:/usr/lib/python3/dist-packages/colcon_core/task/python/colcon_distutils_commands:/home/herring/rzddzy/install/franka_ik_py/lib/python3.12/site-packages:${PYTHONPATH} /usr/bin/python3 -W ignore:setup.py install is deprecated -W ignore:easy_install command is deprecated setup.py develop --editable --build-directory /home/herring/rzddzy/build/franka_ik_py/build --no-deps
