[0.015s] Invoking command in '/home/herring/rzddzy/build/franka_semantic_components': AMENT_PREFIX_PATH=/home/herring/rzddzy/install/franka_hardware:/home/herring/rzddzy/install/mujoco_ros2_control:/home/herring/rzddzy/install/mujoco_ros:/home/herring/rzddzy/install/mujoco_ros_msgs:/home/herring/rzddzy/install/franka_msgs:${AMENT_PREFIX_PATH} CMAKE_PREFIX_PATH=/home/herring/rzddzy/install/franka_hardware:/home/herring/rzddzy/install/mujoco_ros2_control:/home/herring/rzddzy/install/mujoco_ros:/home/herring/rzddzy/install/mujoco_ros_msgs:/home/herring/rzddzy/install/franka_msgs:/opt/ros/jazzy/opt/sdformat_vendor:/opt/ros/jazzy/opt/gz_math_vendor:/opt/ros/jazzy/opt/gz_utils_vendor:/opt/ros/jazzy/opt/gz_tools_vendor:/opt/ros/jazzy/opt/gz_cmake_vendor:/opt/ros/jazzy DEBUGINFOD_URLS=https://debuginfod.ubuntu.com LD_LIBRARY_PATH=/home/herring/rzddzy/install/franka_hardware/lib:/home/herring/rzddzy/install/mujoco_ros2_control/lib:/home/herring/rzddzy/install/mujoco_ros/lib:/home/herring/rzddzy/install/mujoco_ros_msgs/lib:/home/herring/rzddzy/install/franka_msgs/lib:${LD_LIBRARY_PATH} PYTHONPATH=/home/herring/rzddzy/install/mujoco_ros_msgs/lib/python3.12/site-packages:/home/herring/rzddzy/install/franka_msgs/lib/python3.12/site-packages:${PYTHONPATH} /usr/bin/cmake --build /home/herring/rzddzy/build/franka_semantic_components -- -j28 -l28
[0.070s] [ 33%] [32m[1mLinking CXX shared library libfranka_semantic_components.so[0m
[0.219s] [100%] Built target franka_semantic_components
[0.230s] Invoked command in '/home/herring/rzddzy/build/franka_semantic_components' returned '0': AMENT_PREFIX_PATH=/home/herring/rzddzy/install/franka_hardware:/home/herring/rzddzy/install/mujoco_ros2_control:/home/herring/rzddzy/install/mujoco_ros:/home/herring/rzddzy/install/mujoco_ros_msgs:/home/herring/rzddzy/install/franka_msgs:${AMENT_PREFIX_PATH} CMAKE_PREFIX_PATH=/home/herring/rzddzy/install/franka_hardware:/home/herring/rzddzy/install/mujoco_ros2_control:/home/herring/rzddzy/install/mujoco_ros:/home/herring/rzddzy/install/mujoco_ros_msgs:/home/herring/rzddzy/install/franka_msgs:/opt/ros/jazzy/opt/sdformat_vendor:/opt/ros/jazzy/opt/gz_math_vendor:/opt/ros/jazzy/opt/gz_utils_vendor:/opt/ros/jazzy/opt/gz_tools_vendor:/opt/ros/jazzy/opt/gz_cmake_vendor:/opt/ros/jazzy DEBUGINFOD_URLS=https://debuginfod.ubuntu.com LD_LIBRARY_PATH=/home/herring/rzddzy/install/franka_hardware/lib:/home/herring/rzddzy/install/mujoco_ros2_control/lib:/home/herring/rzddzy/install/mujoco_ros/lib:/home/herring/rzddzy/install/mujoco_ros_msgs/lib:/home/herring/rzddzy/install/franka_msgs/lib:${LD_LIBRARY_PATH} PYTHONPATH=/home/herring/rzddzy/install/mujoco_ros_msgs/lib/python3.12/site-packages:/home/herring/rzddzy/install/franka_msgs/lib/python3.12/site-packages:${PYTHONPATH} /usr/bin/cmake --build /home/herring/rzddzy/build/franka_semantic_components -- -j28 -l28
[0.231s] Invoking command in '/home/herring/rzddzy/build/franka_semantic_components': AMENT_PREFIX_PATH=/home/herring/rzddzy/install/franka_hardware:/home/herring/rzddzy/install/mujoco_ros2_control:/home/herring/rzddzy/install/mujoco_ros:/home/herring/rzddzy/install/mujoco_ros_msgs:/home/herring/rzddzy/install/franka_msgs:${AMENT_PREFIX_PATH} CMAKE_PREFIX_PATH=/home/herring/rzddzy/install/franka_hardware:/home/herring/rzddzy/install/mujoco_ros2_control:/home/herring/rzddzy/install/mujoco_ros:/home/herring/rzddzy/install/mujoco_ros_msgs:/home/herring/rzddzy/install/franka_msgs:/opt/ros/jazzy/opt/sdformat_vendor:/opt/ros/jazzy/opt/gz_math_vendor:/opt/ros/jazzy/opt/gz_utils_vendor:/opt/ros/jazzy/opt/gz_tools_vendor:/opt/ros/jazzy/opt/gz_cmake_vendor:/opt/ros/jazzy DEBUGINFOD_URLS=https://debuginfod.ubuntu.com LD_LIBRARY_PATH=/home/herring/rzddzy/install/franka_hardware/lib:/home/herring/rzddzy/install/mujoco_ros2_control/lib:/home/herring/rzddzy/install/mujoco_ros/lib:/home/herring/rzddzy/install/mujoco_ros_msgs/lib:/home/herring/rzddzy/install/franka_msgs/lib:${LD_LIBRARY_PATH} PYTHONPATH=/home/herring/rzddzy/install/mujoco_ros_msgs/lib/python3.12/site-packages:/home/herring/rzddzy/install/franka_msgs/lib/python3.12/site-packages:${PYTHONPATH} /usr/bin/cmake --install /home/herring/rzddzy/build/franka_semantic_components
[0.238s] -- Install configuration: ""
[0.238s] -- Execute custom install script
[0.239s] -- Up-to-date symlink: /home/herring/rzddzy/install/franka_semantic_components/lib/libfranka_semantic_components.so
[0.239s] -- Up-to-date symlink: /home/herring/rzddzy/install/franka_semantic_components/include/franka_semantic_components/franka_robot_model.hpp
[0.239s] -- Up-to-date symlink: /home/herring/rzddzy/install/franka_semantic_components/include/franka_semantic_components/franka_robot_state.hpp
[0.239s] -- Up-to-date symlink: /home/herring/rzddzy/install/franka_semantic_components/share/franka_semantic_components/environment/library_path.sh
[0.239s] -- Up-to-date symlink: /home/herring/rzddzy/install/franka_semantic_components/share/franka_semantic_components/environment/library_path.dsv
[0.240s] -- Up-to-date symlink: /home/herring/rzddzy/install/franka_semantic_components/share/ament_index/resource_index/package_run_dependencies/franka_semantic_components
[0.240s] -- Up-to-date symlink: /home/herring/rzddzy/install/franka_semantic_components/share/ament_index/resource_index/parent_prefix_path/franka_semantic_components
[0.240s] -- Up-to-date symlink: /home/herring/rzddzy/install/franka_semantic_components/share/franka_semantic_components/environment/ament_prefix_path.sh
[0.240s] -- Up-to-date symlink: /home/herring/rzddzy/install/franka_semantic_components/share/franka_semantic_components/environment/ament_prefix_path.dsv
[0.240s] -- Up-to-date symlink: /home/herring/rzddzy/install/franka_semantic_components/share/franka_semantic_components/environment/path.sh
[0.240s] -- Up-to-date symlink: /home/herring/rzddzy/install/franka_semantic_components/share/franka_semantic_components/environment/path.dsv
[0.240s] -- Up-to-date symlink: /home/herring/rzddzy/install/franka_semantic_components/share/franka_semantic_components/local_setup.bash
[0.240s] -- Up-to-date symlink: /home/herring/rzddzy/install/franka_semantic_components/share/franka_semantic_components/local_setup.sh
[0.241s] -- Up-to-date symlink: /home/herring/rzddzy/install/franka_semantic_components/share/franka_semantic_components/local_setup.zsh
[0.241s] -- Up-to-date symlink: /home/herring/rzddzy/install/franka_semantic_components/share/franka_semantic_components/local_setup.dsv
[0.241s] -- Symlinking: /home/herring/rzddzy/install/franka_semantic_components/share/franka_semantic_components/package.dsv
[0.249s] -- Up-to-date symlink: /home/herring/rzddzy/install/franka_semantic_components/share/ament_index/resource_index/packages/franka_semantic_components
[0.249s] -- Up-to-date symlink: /home/herring/rzddzy/install/franka_semantic_components/share/franka_semantic_components/cmake/ament_cmake_export_include_directories-extras.cmake
[0.249s] -- Up-to-date symlink: /home/herring/rzddzy/install/franka_semantic_components/share/franka_semantic_components/cmake/ament_cmake_export_libraries-extras.cmake
[0.249s] -- Up-to-date symlink: /home/herring/rzddzy/install/franka_semantic_components/share/franka_semantic_components/cmake/ament_cmake_export_dependencies-extras.cmake
[0.250s] -- Up-to-date symlink: /home/herring/rzddzy/install/franka_semantic_components/share/franka_semantic_components/cmake/franka_semantic_componentsConfig.cmake
[0.250s] -- Up-to-date symlink: /home/herring/rzddzy/install/franka_semantic_components/share/franka_semantic_components/cmake/franka_semantic_componentsConfig-version.cmake
[0.250s] -- Up-to-date symlink: /home/herring/rzddzy/install/franka_semantic_components/share/franka_semantic_components/package.xml
[0.251s] Invoked command in '/home/herring/rzddzy/build/franka_semantic_components' returned '0': AMENT_PREFIX_PATH=/home/herring/rzddzy/install/franka_hardware:/home/herring/rzddzy/install/mujoco_ros2_control:/home/herring/rzddzy/install/mujoco_ros:/home/herring/rzddzy/install/mujoco_ros_msgs:/home/herring/rzddzy/install/franka_msgs:${AMENT_PREFIX_PATH} CMAKE_PREFIX_PATH=/home/herring/rzddzy/install/franka_hardware:/home/herring/rzddzy/install/mujoco_ros2_control:/home/herring/rzddzy/install/mujoco_ros:/home/herring/rzddzy/install/mujoco_ros_msgs:/home/herring/rzddzy/install/franka_msgs:/opt/ros/jazzy/opt/sdformat_vendor:/opt/ros/jazzy/opt/gz_math_vendor:/opt/ros/jazzy/opt/gz_utils_vendor:/opt/ros/jazzy/opt/gz_tools_vendor:/opt/ros/jazzy/opt/gz_cmake_vendor:/opt/ros/jazzy DEBUGINFOD_URLS=https://debuginfod.ubuntu.com LD_LIBRARY_PATH=/home/herring/rzddzy/install/franka_hardware/lib:/home/herring/rzddzy/install/mujoco_ros2_control/lib:/home/herring/rzddzy/install/mujoco_ros/lib:/home/herring/rzddzy/install/mujoco_ros_msgs/lib:/home/herring/rzddzy/install/franka_msgs/lib:${LD_LIBRARY_PATH} PYTHONPATH=/home/herring/rzddzy/install/mujoco_ros_msgs/lib/python3.12/site-packages:/home/herring/rzddzy/install/franka_msgs/lib/python3.12/site-packages:${PYTHONPATH} /usr/bin/cmake --install /home/herring/rzddzy/build/franka_semantic_components
