[0.018s] Invoking command in '/home/herring/rzddzy/ros2_ws/build/panda_motion_generator_msgs': CMAKE_PREFIX_PATH=${CMAKE_PREFIX_PATH}:/opt/ros/jazzy DEBUGINFOD_URLS=https://debuginfod.ubuntu.com /usr/bin/cmake --build /home/herring/rzddzy/ros2_ws/build/panda_motion_generator_msgs -- -j28 -l28
[0.080s] [  1%] Built target panda_motion_generator_msgs__rosidl_generator_type_description
[0.091s] [  1%] Built target ament_cmake_python_symlink_panda_motion_generator_msgs
[0.115s] [ 24%] Built target panda_motion_generator_msgs__rosidl_generator_c
[0.116s] [ 25%] Built target panda_motion_generator_msgs__cpp
[0.142s] [ 35%] Built target panda_motion_generator_msgs__rosidl_typesupport_c
[0.147s] [ 44%] Built target panda_motion_generator_msgs__rosidl_typesupport_fastrtps_c
[0.149s] [ 54%] Built target panda_motion_generator_msgs__rosidl_typesupport_introspection_c
[0.154s] [ 63%] Built target panda_motion_generator_msgs__rosidl_typesupport_introspection_cpp
[0.173s] [ 72%] Built target panda_motion_generator_msgs__rosidl_typesupport_fastrtps_cpp
[0.182s] [ 82%] Built target panda_motion_generator_msgs__rosidl_typesupport_cpp
[0.214s] [ 82%] Built target panda_motion_generator_msgs
[0.246s] [ 83%] Built target panda_motion_generator_msgs__py
[0.273s] [ 91%] Built target panda_motion_generator_msgs__rosidl_generator_py
[0.300s] running egg_info
[0.303s] [ 94%] Built target panda_motion_generator_msgs_s__rosidl_typesupport_c
[0.304s] [ 97%] Built target panda_motion_generator_msgs_s__rosidl_typesupport_introspection_c
[0.306s] [100%] Built target panda_motion_generator_msgs_s__rosidl_typesupport_fastrtps_c
[0.318s] writing panda_motion_generator_msgs.egg-info/PKG-INFO
[0.318s] writing dependency_links to panda_motion_generator_msgs.egg-info/dependency_links.txt
[0.318s] writing top-level names to panda_motion_generator_msgs.egg-info/top_level.txt
[0.361s] reading manifest file 'panda_motion_generator_msgs.egg-info/SOURCES.txt'
[0.362s] writing manifest file 'panda_motion_generator_msgs.egg-info/SOURCES.txt'
[0.392s] [100%] Built target ament_cmake_python_build_panda_motion_generator_msgs_egg
[0.411s] Invoked command in '/home/herring/rzddzy/ros2_ws/build/panda_motion_generator_msgs' returned '0': CMAKE_PREFIX_PATH=${CMAKE_PREFIX_PATH}:/opt/ros/jazzy DEBUGINFOD_URLS=https://debuginfod.ubuntu.com /usr/bin/cmake --build /home/herring/rzddzy/ros2_ws/build/panda_motion_generator_msgs -- -j28 -l28
[0.412s] Invoking command in '/home/herring/rzddzy/ros2_ws/build/panda_motion_generator_msgs': CMAKE_PREFIX_PATH=${CMAKE_PREFIX_PATH}:/opt/ros/jazzy DEBUGINFOD_URLS=https://debuginfod.ubuntu.com /usr/bin/cmake --install /home/herring/rzddzy/ros2_ws/build/panda_motion_generator_msgs
[0.421s] -- Install configuration: ""
[0.421s] -- Execute custom install script
[0.421s] -- Up-to-date symlink: /home/herring/rzddzy/ros2_ws/install/panda_motion_generator_msgs/share/ament_index/resource_index/rosidl_interfaces/panda_motion_generator_msgs
[0.421s] -- Up-to-date symlink: /home/herring/rzddzy/ros2_ws/install/panda_motion_generator_msgs/share/panda_motion_generator_msgs/msg/JointPose.json
[0.422s] -- Up-to-date symlink: /home/herring/rzddzy/ros2_ws/install/panda_motion_generator_msgs/share/panda_motion_generator_msgs/msg/SetTimeScaling.json
[0.422s] -- Up-to-date symlink: /home/herring/rzddzy/ros2_ws/install/panda_motion_generator_msgs/share/panda_motion_generator_msgs/msg/SimpleActionResult.json
[0.422s] -- Up-to-date symlink: /home/herring/rzddzy/ros2_ws/install/panda_motion_generator_msgs/share/panda_motion_generator_msgs/action/CartesianViaMotion.json
[0.422s] -- Up-to-date symlink: /home/herring/rzddzy/ros2_ws/install/panda_motion_generator_msgs/share/panda_motion_generator_msgs/action/JointViaMotion.json
[0.423s] -- Up-to-date symlink: /home/herring/rzddzy/ros2_ws/install/panda_motion_generator_msgs/include/panda_motion_generator_msgs/panda_motion_generator_msgs/action/cartesian_via_motion.h
[0.423s] -- Up-to-date symlink: /home/herring/rzddzy/ros2_ws/install/panda_motion_generator_msgs/include/panda_motion_generator_msgs/panda_motion_generator_msgs/action/detail/cartesian_via_motion__functions.h
[0.423s] -- Up-to-date symlink: /home/herring/rzddzy/ros2_ws/install/panda_motion_generator_msgs/include/panda_motion_generator_msgs/panda_motion_generator_msgs/action/detail/cartesian_via_motion__struct.h
[0.424s] -- Up-to-date symlink: /home/herring/rzddzy/ros2_ws/install/panda_motion_generator_msgs/include/panda_motion_generator_msgs/panda_motion_generator_msgs/action/detail/cartesian_via_motion__type_support.h
[0.424s] -- Up-to-date symlink: /home/herring/rzddzy/ros2_ws/install/panda_motion_generator_msgs/include/panda_motion_generator_msgs/panda_motion_generator_msgs/action/detail/joint_via_motion__functions.h
[0.424s] -- Up-to-date symlink: /home/herring/rzddzy/ros2_ws/install/panda_motion_generator_msgs/include/panda_motion_generator_msgs/panda_motion_generator_msgs/action/detail/joint_via_motion__struct.h
[0.424s] -- Up-to-date symlink: /home/herring/rzddzy/ros2_ws/install/panda_motion_generator_msgs/include/panda_motion_generator_msgs/panda_motion_generator_msgs/action/detail/joint_via_motion__type_support.h
[0.425s] -- Up-to-date symlink: /home/herring/rzddzy/ros2_ws/install/panda_motion_generator_msgs/include/panda_motion_generator_msgs/panda_motion_generator_msgs/action/joint_via_motion.h
[0.425s] -- Up-to-date symlink: /home/herring/rzddzy/ros2_ws/install/panda_motion_generator_msgs/include/panda_motion_generator_msgs/panda_motion_generator_msgs/msg/detail/joint_pose__functions.h
[0.425s] -- Up-to-date symlink: /home/herring/rzddzy/ros2_ws/install/panda_motion_generator_msgs/include/panda_motion_generator_msgs/panda_motion_generator_msgs/msg/detail/joint_pose__struct.h
[0.425s] -- Up-to-date symlink: /home/herring/rzddzy/ros2_ws/install/panda_motion_generator_msgs/include/panda_motion_generator_msgs/panda_motion_generator_msgs/msg/detail/joint_pose__type_support.h
[0.425s] -- Up-to-date symlink: /home/herring/rzddzy/ros2_ws/install/panda_motion_generator_msgs/include/panda_motion_generator_msgs/panda_motion_generator_msgs/msg/detail/set_time_scaling__functions.h
[0.425s] -- Up-to-date symlink: /home/herring/rzddzy/ros2_ws/install/panda_motion_generator_msgs/include/panda_motion_generator_msgs/panda_motion_generator_msgs/msg/detail/set_time_scaling__struct.h
[0.425s] -- Up-to-date symlink: /home/herring/rzddzy/ros2_ws/install/panda_motion_generator_msgs/include/panda_motion_generator_msgs/panda_motion_generator_msgs/msg/detail/set_time_scaling__type_support.h
[0.425s] -- Up-to-date symlink: /home/herring/rzddzy/ros2_ws/install/panda_motion_generator_msgs/include/panda_motion_generator_msgs/panda_motion_generator_msgs/msg/detail/simple_action_result__functions.h
[0.425s] -- Up-to-date symlink: /home/herring/rzddzy/ros2_ws/install/panda_motion_generator_msgs/include/panda_motion_generator_msgs/panda_motion_generator_msgs/msg/detail/simple_action_result__struct.h
[0.426s] -- Up-to-date symlink: /home/herring/rzddzy/ros2_ws/install/panda_motion_generator_msgs/include/panda_motion_generator_msgs/panda_motion_generator_msgs/msg/detail/simple_action_result__type_support.h
[0.426s] -- Up-to-date symlink: /home/herring/rzddzy/ros2_ws/install/panda_motion_generator_msgs/include/panda_motion_generator_msgs/panda_motion_generator_msgs/msg/joint_pose.h
[0.426s] -- Up-to-date symlink: /home/herring/rzddzy/ros2_ws/install/panda_motion_generator_msgs/include/panda_motion_generator_msgs/panda_motion_generator_msgs/msg/rosidl_generator_c__visibility_control.h
[0.426s] -- Up-to-date symlink: /home/herring/rzddzy/ros2_ws/install/panda_motion_generator_msgs/include/panda_motion_generator_msgs/panda_motion_generator_msgs/msg/set_time_scaling.h
[0.426s] -- Up-to-date symlink: /home/herring/rzddzy/ros2_ws/install/panda_motion_generator_msgs/include/panda_motion_generator_msgs/panda_motion_generator_msgs/msg/simple_action_result.h
[0.426s] -- Up-to-date symlink: /home/herring/rzddzy/ros2_ws/install/panda_motion_generator_msgs/share/panda_motion_generator_msgs/environment/library_path.sh
[0.426s] -- Up-to-date symlink: /home/herring/rzddzy/ros2_ws/install/panda_motion_generator_msgs/share/panda_motion_generator_msgs/environment/library_path.dsv
[0.426s] -- Up-to-date symlink: /home/herring/rzddzy/ros2_ws/install/panda_motion_generator_msgs/include/panda_motion_generator_msgs/panda_motion_generator_msgs/action/detail/cartesian_via_motion__rosidl_typesupport_fastrtps_c.h
[0.426s] -- Up-to-date symlink: /home/herring/rzddzy/ros2_ws/install/panda_motion_generator_msgs/include/panda_motion_generator_msgs/panda_motion_generator_msgs/action/detail/joint_via_motion__rosidl_typesupport_fastrtps_c.h
[0.426s] -- Up-to-date symlink: /home/herring/rzddzy/ros2_ws/install/panda_motion_generator_msgs/include/panda_motion_generator_msgs/panda_motion_generator_msgs/msg/detail/joint_pose__rosidl_typesupport_fastrtps_c.h
[0.426s] -- Up-to-date symlink: /home/herring/rzddzy/ros2_ws/install/panda_motion_generator_msgs/include/panda_motion_generator_msgs/panda_motion_generator_msgs/msg/detail/set_time_scaling__rosidl_typesupport_fastrtps_c.h
[0.426s] -- Up-to-date symlink: /home/herring/rzddzy/ros2_ws/install/panda_motion_generator_msgs/include/panda_motion_generator_msgs/panda_motion_generator_msgs/msg/detail/simple_action_result__rosidl_typesupport_fastrtps_c.h
[0.427s] -- Up-to-date symlink: /home/herring/rzddzy/ros2_ws/install/panda_motion_generator_msgs/include/panda_motion_generator_msgs/panda_motion_generator_msgs/msg/rosidl_typesupport_fastrtps_c__visibility_control.h
[0.427s] -- Up-to-date symlink: /home/herring/rzddzy/ros2_ws/install/panda_motion_generator_msgs/include/panda_motion_generator_msgs/panda_motion_generator_msgs/action/cartesian_via_motion.hpp
[0.427s] -- Up-to-date symlink: /home/herring/rzddzy/ros2_ws/install/panda_motion_generator_msgs/include/panda_motion_generator_msgs/panda_motion_generator_msgs/action/detail/cartesian_via_motion__builder.hpp
[0.427s] -- Up-to-date symlink: /home/herring/rzddzy/ros2_ws/install/panda_motion_generator_msgs/include/panda_motion_generator_msgs/panda_motion_generator_msgs/action/detail/cartesian_via_motion__struct.hpp
[0.427s] -- Up-to-date symlink: /home/herring/rzddzy/ros2_ws/install/panda_motion_generator_msgs/include/panda_motion_generator_msgs/panda_motion_generator_msgs/action/detail/cartesian_via_motion__traits.hpp
[0.427s] -- Up-to-date symlink: /home/herring/rzddzy/ros2_ws/install/panda_motion_generator_msgs/include/panda_motion_generator_msgs/panda_motion_generator_msgs/action/detail/cartesian_via_motion__type_support.hpp
[0.427s] -- Up-to-date symlink: /home/herring/rzddzy/ros2_ws/install/panda_motion_generator_msgs/include/panda_motion_generator_msgs/panda_motion_generator_msgs/action/detail/joint_via_motion__builder.hpp
[0.427s] -- Up-to-date symlink: /home/herring/rzddzy/ros2_ws/install/panda_motion_generator_msgs/include/panda_motion_generator_msgs/panda_motion_generator_msgs/action/detail/joint_via_motion__struct.hpp
[0.427s] -- Up-to-date symlink: /home/herring/rzddzy/ros2_ws/install/panda_motion_generator_msgs/include/panda_motion_generator_msgs/panda_motion_generator_msgs/action/detail/joint_via_motion__traits.hpp
[0.427s] -- Up-to-date symlink: /home/herring/rzddzy/ros2_ws/install/panda_motion_generator_msgs/include/panda_motion_generator_msgs/panda_motion_generator_msgs/action/detail/joint_via_motion__type_support.hpp
[0.427s] -- Up-to-date symlink: /home/herring/rzddzy/ros2_ws/install/panda_motion_generator_msgs/include/panda_motion_generator_msgs/panda_motion_generator_msgs/action/joint_via_motion.hpp
[0.427s] -- Up-to-date symlink: /home/herring/rzddzy/ros2_ws/install/panda_motion_generator_msgs/include/panda_motion_generator_msgs/panda_motion_generator_msgs/msg/detail/joint_pose__builder.hpp
[0.427s] -- Up-to-date symlink: /home/herring/rzddzy/ros2_ws/install/panda_motion_generator_msgs/include/panda_motion_generator_msgs/panda_motion_generator_msgs/msg/detail/joint_pose__struct.hpp
[0.428s] -- Up-to-date symlink: /home/herring/rzddzy/ros2_ws/install/panda_motion_generator_msgs/include/panda_motion_generator_msgs/panda_motion_generator_msgs/msg/detail/joint_pose__traits.hpp
[0.428s] -- Up-to-date symlink: /home/herring/rzddzy/ros2_ws/install/panda_motion_generator_msgs/include/panda_motion_generator_msgs/panda_motion_generator_msgs/msg/detail/joint_pose__type_support.hpp
[0.428s] -- Up-to-date symlink: /home/herring/rzddzy/ros2_ws/install/panda_motion_generator_msgs/include/panda_motion_generator_msgs/panda_motion_generator_msgs/msg/detail/set_time_scaling__builder.hpp
[0.428s] -- Up-to-date symlink: /home/herring/rzddzy/ros2_ws/install/panda_motion_generator_msgs/include/panda_motion_generator_msgs/panda_motion_generator_msgs/msg/detail/set_time_scaling__struct.hpp
[0.428s] -- Up-to-date symlink: /home/herring/rzddzy/ros2_ws/install/panda_motion_generator_msgs/include/panda_motion_generator_msgs/panda_motion_generator_msgs/msg/detail/set_time_scaling__traits.hpp
[0.428s] -- Up-to-date symlink: /home/herring/rzddzy/ros2_ws/install/panda_motion_generator_msgs/include/panda_motion_generator_msgs/panda_motion_generator_msgs/msg/detail/set_time_scaling__type_support.hpp
[0.428s] -- Up-to-date symlink: /home/herring/rzddzy/ros2_ws/install/panda_motion_generator_msgs/include/panda_motion_generator_msgs/panda_motion_generator_msgs/msg/detail/simple_action_result__builder.hpp
[0.428s] -- Up-to-date symlink: /home/herring/rzddzy/ros2_ws/install/panda_motion_generator_msgs/include/panda_motion_generator_msgs/panda_motion_generator_msgs/msg/detail/simple_action_result__struct.hpp
[0.428s] -- Up-to-date symlink: /home/herring/rzddzy/ros2_ws/install/panda_motion_generator_msgs/include/panda_motion_generator_msgs/panda_motion_generator_msgs/msg/detail/simple_action_result__traits.hpp
[0.428s] -- Up-to-date symlink: /home/herring/rzddzy/ros2_ws/install/panda_motion_generator_msgs/include/panda_motion_generator_msgs/panda_motion_generator_msgs/msg/detail/simple_action_result__type_support.hpp
[0.428s] -- Up-to-date symlink: /home/herring/rzddzy/ros2_ws/install/panda_motion_generator_msgs/include/panda_motion_generator_msgs/panda_motion_generator_msgs/msg/joint_pose.hpp
[0.428s] -- Up-to-date symlink: /home/herring/rzddzy/ros2_ws/install/panda_motion_generator_msgs/include/panda_motion_generator_msgs/panda_motion_generator_msgs/msg/rosidl_generator_cpp__visibility_control.hpp
[0.429s] -- Up-to-date symlink: /home/herring/rzddzy/ros2_ws/install/panda_motion_generator_msgs/include/panda_motion_generator_msgs/panda_motion_generator_msgs/msg/set_time_scaling.hpp
[0.429s] -- Up-to-date symlink: /home/herring/rzddzy/ros2_ws/install/panda_motion_generator_msgs/include/panda_motion_generator_msgs/panda_motion_generator_msgs/msg/simple_action_result.hpp
[0.430s] -- Up-to-date symlink: /home/herring/rzddzy/ros2_ws/install/panda_motion_generator_msgs/include/panda_motion_generator_msgs/panda_motion_generator_msgs/action/detail/cartesian_via_motion__rosidl_typesupport_fastrtps_cpp.hpp
[0.430s] -- Up-to-date symlink: /home/herring/rzddzy/ros2_ws/install/panda_motion_generator_msgs/include/panda_motion_generator_msgs/panda_motion_generator_msgs/action/detail/joint_via_motion__rosidl_typesupport_fastrtps_cpp.hpp
[0.430s] -- Up-to-date symlink: /home/herring/rzddzy/ros2_ws/install/panda_motion_generator_msgs/include/panda_motion_generator_msgs/panda_motion_generator_msgs/msg/detail/joint_pose__rosidl_typesupport_fastrtps_cpp.hpp
[0.430s] -- Up-to-date symlink: /home/herring/rzddzy/ros2_ws/install/panda_motion_generator_msgs/include/panda_motion_generator_msgs/panda_motion_generator_msgs/msg/detail/set_time_scaling__rosidl_typesupport_fastrtps_cpp.hpp
[0.430s] -- Up-to-date symlink: /home/herring/rzddzy/ros2_ws/install/panda_motion_generator_msgs/include/panda_motion_generator_msgs/panda_motion_generator_msgs/msg/detail/simple_action_result__rosidl_typesupport_fastrtps_cpp.hpp
[0.430s] -- Up-to-date symlink: /home/herring/rzddzy/ros2_ws/install/panda_motion_generator_msgs/include/panda_motion_generator_msgs/panda_motion_generator_msgs/msg/rosidl_typesupport_fastrtps_cpp__visibility_control.h
[0.431s] -- Up-to-date symlink: /home/herring/rzddzy/ros2_ws/install/panda_motion_generator_msgs/include/panda_motion_generator_msgs/panda_motion_generator_msgs/action/detail/cartesian_via_motion__rosidl_typesupport_introspection_c.h
[0.431s] -- Up-to-date symlink: /home/herring/rzddzy/ros2_ws/install/panda_motion_generator_msgs/include/panda_motion_generator_msgs/panda_motion_generator_msgs/action/detail/joint_via_motion__rosidl_typesupport_introspection_c.h
[0.431s] -- Up-to-date symlink: /home/herring/rzddzy/ros2_ws/install/panda_motion_generator_msgs/include/panda_motion_generator_msgs/panda_motion_generator_msgs/msg/detail/joint_pose__rosidl_typesupport_introspection_c.h
[0.432s] -- Up-to-date symlink: /home/herring/rzddzy/ros2_ws/install/panda_motion_generator_msgs/include/panda_motion_generator_msgs/panda_motion_generator_msgs/msg/detail/set_time_scaling__rosidl_typesupport_introspection_c.h
[0.432s] -- Up-to-date symlink: /home/herring/rzddzy/ros2_ws/install/panda_motion_generator_msgs/include/panda_motion_generator_msgs/panda_motion_generator_msgs/msg/detail/simple_action_result__rosidl_typesupport_introspection_c.h
[0.432s] -- Up-to-date symlink: /home/herring/rzddzy/ros2_ws/install/panda_motion_generator_msgs/include/panda_motion_generator_msgs/panda_motion_generator_msgs/msg/rosidl_typesupport_introspection_c__visibility_control.h
[0.433s] -- Up-to-date symlink: /home/herring/rzddzy/ros2_ws/install/panda_motion_generator_msgs/include/panda_motion_generator_msgs/panda_motion_generator_msgs/action/detail/cartesian_via_motion__rosidl_typesupport_introspection_cpp.hpp
[0.433s] -- Up-to-date symlink: /home/herring/rzddzy/ros2_ws/install/panda_motion_generator_msgs/include/panda_motion_generator_msgs/panda_motion_generator_msgs/action/detail/joint_via_motion__rosidl_typesupport_introspection_cpp.hpp
[0.433s] -- Up-to-date symlink: /home/herring/rzddzy/ros2_ws/install/panda_motion_generator_msgs/include/panda_motion_generator_msgs/panda_motion_generator_msgs/msg/detail/joint_pose__rosidl_typesupport_introspection_cpp.hpp
[0.433s] -- Up-to-date symlink: /home/herring/rzddzy/ros2_ws/install/panda_motion_generator_msgs/include/panda_motion_generator_msgs/panda_motion_generator_msgs/msg/detail/set_time_scaling__rosidl_typesupport_introspection_cpp.hpp
[0.433s] -- Up-to-date symlink: /home/herring/rzddzy/ros2_ws/install/panda_motion_generator_msgs/include/panda_motion_generator_msgs/panda_motion_generator_msgs/msg/detail/simple_action_result__rosidl_typesupport_introspection_cpp.hpp
[0.433s] -- Up-to-date symlink: /home/herring/rzddzy/ros2_ws/install/panda_motion_generator_msgs/share/panda_motion_generator_msgs/environment/pythonpath.sh
[0.434s] -- Up-to-date symlink: /home/herring/rzddzy/ros2_ws/install/panda_motion_generator_msgs/share/panda_motion_generator_msgs/environment/pythonpath.dsv
[0.434s] -- Up-to-date symlink: /home/herring/rzddzy/ros2_ws/install/panda_motion_generator_msgs/lib/python3.12/site-packages/panda_motion_generator_msgs-0.0.0-py3.12.egg-info/PKG-INFO
[0.434s] -- Up-to-date symlink: /home/herring/rzddzy/ros2_ws/install/panda_motion_generator_msgs/lib/python3.12/site-packages/panda_motion_generator_msgs-0.0.0-py3.12.egg-info/SOURCES.txt
[0.434s] -- Up-to-date symlink: /home/herring/rzddzy/ros2_ws/install/panda_motion_generator_msgs/lib/python3.12/site-packages/panda_motion_generator_msgs-0.0.0-py3.12.egg-info/dependency_links.txt
[0.435s] -- Up-to-date symlink: /home/herring/rzddzy/ros2_ws/install/panda_motion_generator_msgs/lib/python3.12/site-packages/panda_motion_generator_msgs-0.0.0-py3.12.egg-info/top_level.txt
[0.435s] -- Up-to-date symlink: /home/herring/rzddzy/ros2_ws/install/panda_motion_generator_msgs/lib/python3.12/site-packages/panda_motion_generator_msgs/__init__.py
[0.436s] -- Up-to-date symlink: /home/herring/rzddzy/ros2_ws/install/panda_motion_generator_msgs/lib/python3.12/site-packages/panda_motion_generator_msgs/_panda_motion_generator_msgs_s.ep.rosidl_typesupport_c.c
[0.436s] -- Up-to-date symlink: /home/herring/rzddzy/ros2_ws/install/panda_motion_generator_msgs/lib/python3.12/site-packages/panda_motion_generator_msgs/_panda_motion_generator_msgs_s.ep.rosidl_typesupport_fastrtps_c.c
[0.436s] -- Up-to-date symlink: /home/herring/rzddzy/ros2_ws/install/panda_motion_generator_msgs/lib/python3.12/site-packages/panda_motion_generator_msgs/_panda_motion_generator_msgs_s.ep.rosidl_typesupport_introspection_c.c
[0.436s] -- Up-to-date symlink: /home/herring/rzddzy/ros2_ws/install/panda_motion_generator_msgs/lib/python3.12/site-packages/panda_motion_generator_msgs/action/__init__.py
[0.436s] -- Up-to-date symlink: /home/herring/rzddzy/ros2_ws/install/panda_motion_generator_msgs/lib/python3.12/site-packages/panda_motion_generator_msgs/action/_cartesian_via_motion.py
[0.436s] -- Up-to-date symlink: /home/herring/rzddzy/ros2_ws/install/panda_motion_generator_msgs/lib/python3.12/site-packages/panda_motion_generator_msgs/action/_cartesian_via_motion_s.c
[0.436s] -- Up-to-date symlink: /home/herring/rzddzy/ros2_ws/install/panda_motion_generator_msgs/lib/python3.12/site-packages/panda_motion_generator_msgs/action/_joint_via_motion.py
[0.437s] -- Up-to-date symlink: /home/herring/rzddzy/ros2_ws/install/panda_motion_generator_msgs/lib/python3.12/site-packages/panda_motion_generator_msgs/action/_joint_via_motion_s.c
[0.437s] -- Up-to-date symlink: /home/herring/rzddzy/ros2_ws/install/panda_motion_generator_msgs/lib/python3.12/site-packages/panda_motion_generator_msgs/msg/__init__.py
[0.437s] -- Up-to-date symlink: /home/herring/rzddzy/ros2_ws/install/panda_motion_generator_msgs/lib/python3.12/site-packages/panda_motion_generator_msgs/msg/_joint_pose.py
[0.437s] -- Up-to-date symlink: /home/herring/rzddzy/ros2_ws/install/panda_motion_generator_msgs/lib/python3.12/site-packages/panda_motion_generator_msgs/msg/_joint_pose_s.c
[0.437s] -- Up-to-date symlink: /home/herring/rzddzy/ros2_ws/install/panda_motion_generator_msgs/lib/python3.12/site-packages/panda_motion_generator_msgs/msg/_set_time_scaling.py
[0.437s] -- Up-to-date symlink: /home/herring/rzddzy/ros2_ws/install/panda_motion_generator_msgs/lib/python3.12/site-packages/panda_motion_generator_msgs/msg/_set_time_scaling_s.c
[0.437s] -- Up-to-date symlink: /home/herring/rzddzy/ros2_ws/install/panda_motion_generator_msgs/lib/python3.12/site-packages/panda_motion_generator_msgs/msg/_simple_action_result.py
[0.438s] -- Up-to-date symlink: /home/herring/rzddzy/ros2_ws/install/panda_motion_generator_msgs/lib/python3.12/site-packages/panda_motion_generator_msgs/msg/_simple_action_result_s.c
[0.438s] -- Up-to-date symlink: /home/herring/rzddzy/ros2_ws/install/panda_motion_generator_msgs/lib/python3.12/site-packages/panda_motion_generator_msgs/panda_motion_generator_msgs_s__rosidl_typesupport_c.so
[0.438s] -- Up-to-date symlink: /home/herring/rzddzy/ros2_ws/install/panda_motion_generator_msgs/lib/python3.12/site-packages/panda_motion_generator_msgs/panda_motion_generator_msgs_s__rosidl_typesupport_fastrtps_c.so
[0.438s] -- Up-to-date symlink: /home/herring/rzddzy/ros2_ws/install/panda_motion_generator_msgs/lib/python3.12/site-packages/panda_motion_generator_msgs/panda_motion_generator_msgs_s__rosidl_typesupport_introspection_c.so
[0.439s] -- Up-to-date symlink: /home/herring/rzddzy/ros2_ws/install/panda_motion_generator_msgs/lib/python3.12/site-packages/panda_motion_generator_msgs/panda_motion_generator_msgs_s__rosidl_typesupport_fastrtps_c.so
[0.439s] -- Up-to-date symlink: /home/herring/rzddzy/ros2_ws/install/panda_motion_generator_msgs/lib/python3.12/site-packages/panda_motion_generator_msgs/panda_motion_generator_msgs_s__rosidl_typesupport_introspection_c.so
[0.439s] -- Up-to-date symlink: /home/herring/rzddzy/ros2_ws/install/panda_motion_generator_msgs/lib/python3.12/site-packages/panda_motion_generator_msgs/panda_motion_generator_msgs_s__rosidl_typesupport_c.so
[0.440s] -- Up-to-date symlink: /home/herring/rzddzy/ros2_ws/install/panda_motion_generator_msgs/share/panda_motion_generator_msgs/msg/JointPose.idl
[0.440s] -- Up-to-date symlink: /home/herring/rzddzy/ros2_ws/install/panda_motion_generator_msgs/share/panda_motion_generator_msgs/msg/SetTimeScaling.idl
[0.440s] -- Up-to-date symlink: /home/herring/rzddzy/ros2_ws/install/panda_motion_generator_msgs/share/panda_motion_generator_msgs/msg/SimpleActionResult.idl
[0.440s] -- Up-to-date symlink: /home/herring/rzddzy/ros2_ws/install/panda_motion_generator_msgs/share/panda_motion_generator_msgs/action/CartesianViaMotion.idl
[0.441s] -- Up-to-date symlink: /home/herring/rzddzy/ros2_ws/install/panda_motion_generator_msgs/share/panda_motion_generator_msgs/action/JointViaMotion.idl
[0.441s] -- Up-to-date symlink: /home/herring/rzddzy/ros2_ws/install/panda_motion_generator_msgs/share/panda_motion_generator_msgs/msg/JointPose.msg
[0.441s] -- Up-to-date symlink: /home/herring/rzddzy/ros2_ws/install/panda_motion_generator_msgs/share/panda_motion_generator_msgs/msg/SetTimeScaling.msg
[0.441s] -- Up-to-date symlink: /home/herring/rzddzy/ros2_ws/install/panda_motion_generator_msgs/share/panda_motion_generator_msgs/msg/SimpleActionResult.msg
[0.441s] -- Up-to-date symlink: /home/herring/rzddzy/ros2_ws/install/panda_motion_generator_msgs/share/panda_motion_generator_msgs/action/CartesianViaMotion.action
[0.442s] -- Up-to-date symlink: /home/herring/rzddzy/ros2_ws/install/panda_motion_generator_msgs/share/panda_motion_generator_msgs/action/JointViaMotion.action
[0.442s] -- Up-to-date symlink: /home/herring/rzddzy/ros2_ws/install/panda_motion_generator_msgs/share/ament_index/resource_index/package_run_dependencies/panda_motion_generator_msgs
[0.442s] -- Up-to-date symlink: /home/herring/rzddzy/ros2_ws/install/panda_motion_generator_msgs/share/ament_index/resource_index/parent_prefix_path/panda_motion_generator_msgs
[0.442s] -- Up-to-date symlink: /home/herring/rzddzy/ros2_ws/install/panda_motion_generator_msgs/share/panda_motion_generator_msgs/environment/ament_prefix_path.sh
[0.442s] -- Up-to-date symlink: /home/herring/rzddzy/ros2_ws/install/panda_motion_generator_msgs/share/panda_motion_generator_msgs/environment/ament_prefix_path.dsv
[0.443s] -- Up-to-date symlink: /home/herring/rzddzy/ros2_ws/install/panda_motion_generator_msgs/share/panda_motion_generator_msgs/environment/path.sh
[0.443s] -- Up-to-date symlink: /home/herring/rzddzy/ros2_ws/install/panda_motion_generator_msgs/share/panda_motion_generator_msgs/environment/path.dsv
[0.443s] -- Up-to-date symlink: /home/herring/rzddzy/ros2_ws/install/panda_motion_generator_msgs/share/panda_motion_generator_msgs/local_setup.bash
[0.443s] -- Up-to-date symlink: /home/herring/rzddzy/ros2_ws/install/panda_motion_generator_msgs/share/panda_motion_generator_msgs/local_setup.sh
[0.444s] -- Up-to-date symlink: /home/herring/rzddzy/ros2_ws/install/panda_motion_generator_msgs/share/panda_motion_generator_msgs/local_setup.zsh
[0.444s] -- Up-to-date symlink: /home/herring/rzddzy/ros2_ws/install/panda_motion_generator_msgs/share/panda_motion_generator_msgs/local_setup.dsv
[0.444s] -- Symlinking: /home/herring/rzddzy/ros2_ws/install/panda_motion_generator_msgs/share/panda_motion_generator_msgs/package.dsv
[0.457s] -- Up-to-date symlink: /home/herring/rzddzy/ros2_ws/install/panda_motion_generator_msgs/share/ament_index/resource_index/packages/panda_motion_generator_msgs
[0.457s] -- Up-to-date symlink: /home/herring/rzddzy/ros2_ws/install/panda_motion_generator_msgs/share/panda_motion_generator_msgs/cmake/rosidl_cmake-extras.cmake
[0.457s] -- Up-to-date symlink: /home/herring/rzddzy/ros2_ws/install/panda_motion_generator_msgs/share/panda_motion_generator_msgs/cmake/ament_cmake_export_dependencies-extras.cmake
[0.457s] -- Up-to-date symlink: /home/herring/rzddzy/ros2_ws/install/panda_motion_generator_msgs/share/panda_motion_generator_msgs/cmake/ament_cmake_export_include_directories-extras.cmake
[0.458s] -- Up-to-date symlink: /home/herring/rzddzy/ros2_ws/install/panda_motion_generator_msgs/share/panda_motion_generator_msgs/cmake/ament_cmake_export_libraries-extras.cmake
[0.458s] -- Up-to-date symlink: /home/herring/rzddzy/ros2_ws/install/panda_motion_generator_msgs/share/panda_motion_generator_msgs/cmake/ament_cmake_export_targets-extras.cmake
[0.458s] -- Up-to-date symlink: /home/herring/rzddzy/ros2_ws/install/panda_motion_generator_msgs/share/panda_motion_generator_msgs/cmake/rosidl_cmake_export_typesupport_targets-extras.cmake
[0.458s] -- Up-to-date symlink: /home/herring/rzddzy/ros2_ws/install/panda_motion_generator_msgs/share/panda_motion_generator_msgs/cmake/rosidl_cmake_export_typesupport_libraries-extras.cmake
[0.459s] -- Up-to-date symlink: /home/herring/rzddzy/ros2_ws/install/panda_motion_generator_msgs/share/panda_motion_generator_msgs/cmake/panda_motion_generator_msgsConfig.cmake
[0.459s] -- Up-to-date symlink: /home/herring/rzddzy/ros2_ws/install/panda_motion_generator_msgs/share/panda_motion_generator_msgs/cmake/panda_motion_generator_msgsConfig-version.cmake
[0.459s] -- Up-to-date symlink: /home/herring/rzddzy/ros2_ws/install/panda_motion_generator_msgs/share/panda_motion_generator_msgs/package.xml
[0.459s] -- Up-to-date: /home/herring/rzddzy/ros2_ws/install/panda_motion_generator_msgs/lib/libpanda_motion_generator_msgs__rosidl_generator_c.so
[0.460s] -- Up-to-date: /home/herring/rzddzy/ros2_ws/install/panda_motion_generator_msgs/lib/libpanda_motion_generator_msgs__rosidl_typesupport_fastrtps_c.so
[0.460s] -- Up-to-date: /home/herring/rzddzy/ros2_ws/install/panda_motion_generator_msgs/lib/libpanda_motion_generator_msgs__rosidl_typesupport_fastrtps_cpp.so
[0.460s] -- Up-to-date: /home/herring/rzddzy/ros2_ws/install/panda_motion_generator_msgs/lib/libpanda_motion_generator_msgs__rosidl_typesupport_introspection_c.so
[0.460s] -- Up-to-date: /home/herring/rzddzy/ros2_ws/install/panda_motion_generator_msgs/lib/libpanda_motion_generator_msgs__rosidl_typesupport_c.so
[0.461s] -- Up-to-date: /home/herring/rzddzy/ros2_ws/install/panda_motion_generator_msgs/lib/libpanda_motion_generator_msgs__rosidl_typesupport_introspection_cpp.so
[0.461s] -- Up-to-date: /home/herring/rzddzy/ros2_ws/install/panda_motion_generator_msgs/lib/libpanda_motion_generator_msgs__rosidl_typesupport_cpp.so
[0.507s] Listing '/home/herring/rzddzy/ros2_ws/install/panda_motion_generator_msgs/lib/python3.12/site-packages/panda_motion_generator_msgs'...
[0.507s] Listing '/home/herring/rzddzy/ros2_ws/install/panda_motion_generator_msgs/lib/python3.12/site-packages/panda_motion_generator_msgs/action'...
[0.508s] Listing '/home/herring/rzddzy/ros2_ws/install/panda_motion_generator_msgs/lib/python3.12/site-packages/panda_motion_generator_msgs/msg'...
[0.512s] -- Up-to-date: /home/herring/rzddzy/ros2_ws/install/panda_motion_generator_msgs/lib/libpanda_motion_generator_msgs__rosidl_generator_py.so
[0.513s] -- Up-to-date: /home/herring/rzddzy/ros2_ws/install/panda_motion_generator_msgs/share/panda_motion_generator_msgs/cmake/export_panda_motion_generator_msgs__rosidl_generator_cExport.cmake
[0.513s] -- Up-to-date: /home/herring/rzddzy/ros2_ws/install/panda_motion_generator_msgs/share/panda_motion_generator_msgs/cmake/export_panda_motion_generator_msgs__rosidl_generator_cExport-noconfig.cmake
[0.513s] -- Up-to-date: /home/herring/rzddzy/ros2_ws/install/panda_motion_generator_msgs/share/panda_motion_generator_msgs/cmake/export_panda_motion_generator_msgs__rosidl_typesupport_fastrtps_cExport.cmake
[0.513s] -- Up-to-date: /home/herring/rzddzy/ros2_ws/install/panda_motion_generator_msgs/share/panda_motion_generator_msgs/cmake/export_panda_motion_generator_msgs__rosidl_typesupport_fastrtps_cExport-noconfig.cmake
[0.513s] -- Up-to-date: /home/herring/rzddzy/ros2_ws/install/panda_motion_generator_msgs/share/panda_motion_generator_msgs/cmake/export_panda_motion_generator_msgs__rosidl_generator_cppExport.cmake
[0.513s] -- Up-to-date: /home/herring/rzddzy/ros2_ws/install/panda_motion_generator_msgs/share/panda_motion_generator_msgs/cmake/export_panda_motion_generator_msgs__rosidl_typesupport_fastrtps_cppExport.cmake
[0.513s] -- Up-to-date: /home/herring/rzddzy/ros2_ws/install/panda_motion_generator_msgs/share/panda_motion_generator_msgs/cmake/export_panda_motion_generator_msgs__rosidl_typesupport_fastrtps_cppExport-noconfig.cmake
[0.513s] -- Up-to-date: /home/herring/rzddzy/ros2_ws/install/panda_motion_generator_msgs/share/panda_motion_generator_msgs/cmake/panda_motion_generator_msgs__rosidl_typesupport_introspection_cExport.cmake
[0.514s] -- Up-to-date: /home/herring/rzddzy/ros2_ws/install/panda_motion_generator_msgs/share/panda_motion_generator_msgs/cmake/panda_motion_generator_msgs__rosidl_typesupport_introspection_cExport-noconfig.cmake
[0.514s] -- Up-to-date: /home/herring/rzddzy/ros2_ws/install/panda_motion_generator_msgs/share/panda_motion_generator_msgs/cmake/panda_motion_generator_msgs__rosidl_typesupport_cExport.cmake
[0.514s] -- Up-to-date: /home/herring/rzddzy/ros2_ws/install/panda_motion_generator_msgs/share/panda_motion_generator_msgs/cmake/panda_motion_generator_msgs__rosidl_typesupport_cExport-noconfig.cmake
[0.514s] -- Up-to-date: /home/herring/rzddzy/ros2_ws/install/panda_motion_generator_msgs/share/panda_motion_generator_msgs/cmake/panda_motion_generator_msgs__rosidl_typesupport_introspection_cppExport.cmake
[0.514s] -- Up-to-date: /home/herring/rzddzy/ros2_ws/install/panda_motion_generator_msgs/share/panda_motion_generator_msgs/cmake/panda_motion_generator_msgs__rosidl_typesupport_introspection_cppExport-noconfig.cmake
[0.514s] -- Up-to-date: /home/herring/rzddzy/ros2_ws/install/panda_motion_generator_msgs/share/panda_motion_generator_msgs/cmake/panda_motion_generator_msgs__rosidl_typesupport_cppExport.cmake
[0.514s] -- Up-to-date: /home/herring/rzddzy/ros2_ws/install/panda_motion_generator_msgs/share/panda_motion_generator_msgs/cmake/panda_motion_generator_msgs__rosidl_typesupport_cppExport-noconfig.cmake
[0.514s] -- Up-to-date: /home/herring/rzddzy/ros2_ws/install/panda_motion_generator_msgs/share/panda_motion_generator_msgs/cmake/export_panda_motion_generator_msgs__rosidl_generator_pyExport.cmake
[0.515s] -- Up-to-date: /home/herring/rzddzy/ros2_ws/install/panda_motion_generator_msgs/share/panda_motion_generator_msgs/cmake/export_panda_motion_generator_msgs__rosidl_generator_pyExport-noconfig.cmake
[0.516s] Invoked command in '/home/herring/rzddzy/ros2_ws/build/panda_motion_generator_msgs' returned '0': CMAKE_PREFIX_PATH=${CMAKE_PREFIX_PATH}:/opt/ros/jazzy DEBUGINFOD_URLS=https://debuginfod.ubuntu.com /usr/bin/cmake --install /home/herring/rzddzy/ros2_ws/build/panda_motion_generator_msgs
