[0.040s] Invoking command in '/home/herring/rzddzy/ros2_ws/build/franka_description': CMAKE_PREFIX_PATH=${CMAKE_PREFIX_PATH}:/opt/ros/jazzy DEBUGINFOD_URLS=https://debuginfod.ubuntu.com /usr/bin/cmake /home/herring/rzddzy/ros2_ws/src/franka_description -DAMENT_CMAKE_SYMLINK_INSTALL=1 -DCMAKE_INSTALL_PREFIX=/home/herring/rzddzy/ros2_ws/install/franka_description
[0.054s] -- Found ament_cmake: 2.5.5 (/opt/ros/jazzy/share/ament_cmake/cmake)
[0.419s] -- Override CMake install command with custom implementation using symlinks instead of copying resources
[0.584s] -- Configuring done (0.5s)
[0.590s] -- Generating done (0.0s)
[0.593s] -- Build files have been written to: /home/herring/rzddzy/ros2_ws/build/franka_description
[0.601s] Invoked command in '/home/herring/rzddzy/ros2_ws/build/franka_description' returned '0': CMAKE_PREFIX_PATH=${CMAKE_PREFIX_PATH}:/opt/ros/jazzy DEBUGINFOD_URLS=https://debuginfod.ubuntu.com /usr/bin/cmake /home/herring/rzddzy/ros2_ws/src/franka_description -DAMENT_CMAKE_SYMLINK_INSTALL=1 -DCMAKE_INSTALL_PREFIX=/home/herring/rzddzy/ros2_ws/install/franka_description
[0.603s] Invoking command in '/home/herring/rzddzy/ros2_ws/build/franka_description': CMAKE_PREFIX_PATH=${CMAKE_PREFIX_PATH}:/opt/ros/jazzy DEBUGINFOD_URLS=https://debuginfod.ubuntu.com /usr/bin/cmake --build /home/herring/rzddzy/ros2_ws/build/franka_description -- -j28 -l28
[0.670s] Invoked command in '/home/herring/rzddzy/ros2_ws/build/franka_description' returned '0': CMAKE_PREFIX_PATH=${CMAKE_PREFIX_PATH}:/opt/ros/jazzy DEBUGINFOD_URLS=https://debuginfod.ubuntu.com /usr/bin/cmake --build /home/herring/rzddzy/ros2_ws/build/franka_description -- -j28 -l28
[0.689s] Invoking command in '/home/herring/rzddzy/ros2_ws/build/franka_description': CMAKE_PREFIX_PATH=${CMAKE_PREFIX_PATH}:/opt/ros/jazzy DEBUGINFOD_URLS=https://debuginfod.ubuntu.com /usr/bin/cmake --install /home/herring/rzddzy/ros2_ws/build/franka_description
[0.700s] -- Install configuration: ""
[0.701s] -- Execute custom install script
[0.701s] -- Up-to-date symlink: /home/herring/rzddzy/ros2_ws/install/franka_description/share/franka_description//launch/visualize_franka.launch.py
[0.701s] -- Up-to-date symlink: /home/herring/rzddzy/ros2_ws/install/franka_description/share/franka_description//robots/common/hand.urdf.xacro
[0.702s] -- Up-to-date symlink: /home/herring/rzddzy/ros2_ws/install/franka_description/share/franka_description//robots/common/hand.xacro
[0.702s] -- Up-to-date symlink: /home/herring/rzddzy/ros2_ws/install/franka_description/share/franka_description//robots/common/panda_arm.xacro
[0.703s] -- Up-to-date symlink: /home/herring/rzddzy/ros2_ws/install/franka_description/share/franka_description//robots/mixed/mixed_dual_panda_arm.urdf.xacro
[0.704s] -- Up-to-date symlink: /home/herring/rzddzy/ros2_ws/install/franka_description/share/franka_description//robots/mixed/mixed_quad_panda_arm.urdf.xacro
[0.704s] -- Up-to-date symlink: /home/herring/rzddzy/ros2_ws/install/franka_description/share/franka_description//robots/real/dual_panda_arm.ros2_control.xacro
[0.704s] -- Up-to-date symlink: /home/herring/rzddzy/ros2_ws/install/franka_description/share/franka_description//robots/real/dual_panda_arm.urdf.xacro
[0.704s] -- Up-to-date symlink: /home/herring/rzddzy/ros2_ws/install/franka_description/share/franka_description//robots/real/panda_arm.ros2_control.xacro
[0.705s] -- Up-to-date symlink: /home/herring/rzddzy/ros2_ws/install/franka_description/share/franka_description//robots/real/panda_arm.urdf.xacro
[0.705s] -- Up-to-date symlink: /home/herring/rzddzy/ros2_ws/install/franka_description/share/franka_description//robots/sim/dual_panda_arm_sim.ros2_control.xacro
[0.705s] -- Up-to-date symlink: /home/herring/rzddzy/ros2_ws/install/franka_description/share/franka_description//robots/sim/dual_panda_arm_sim.urdf.xacro
[0.705s] -- Up-to-date symlink: /home/herring/rzddzy/ros2_ws/install/franka_description/share/franka_description//robots/sim/panda_arm_sim.ros2_control.xacro
[0.705s] -- Up-to-date symlink: /home/herring/rzddzy/ros2_ws/install/franka_description/share/franka_description//robots/sim/panda_arm_sim.urdf.xacro
[0.705s] -- Up-to-date symlink: /home/herring/rzddzy/ros2_ws/install/franka_description/share/franka_description//meshes/visual/finger.dae
[0.705s] -- Up-to-date symlink: /home/herring/rzddzy/ros2_ws/install/franka_description/share/franka_description//meshes/visual/hand.dae
[0.705s] -- Up-to-date symlink: /home/herring/rzddzy/ros2_ws/install/franka_description/share/franka_description//meshes/visual/link0.dae
[0.706s] -- Up-to-date symlink: /home/herring/rzddzy/ros2_ws/install/franka_description/share/franka_description//meshes/visual/link1.dae
[0.706s] -- Up-to-date symlink: /home/herring/rzddzy/ros2_ws/install/franka_description/share/franka_description//meshes/visual/link2.dae
[0.706s] -- Up-to-date symlink: /home/herring/rzddzy/ros2_ws/install/franka_description/share/franka_description//meshes/visual/link3.dae
[0.706s] -- Up-to-date symlink: /home/herring/rzddzy/ros2_ws/install/franka_description/share/franka_description//meshes/visual/link4.dae
[0.706s] -- Up-to-date symlink: /home/herring/rzddzy/ros2_ws/install/franka_description/share/franka_description//meshes/visual/link5.dae
[0.707s] -- Up-to-date symlink: /home/herring/rzddzy/ros2_ws/install/franka_description/share/franka_description//meshes/visual/link6.dae
[0.707s] -- Up-to-date symlink: /home/herring/rzddzy/ros2_ws/install/franka_description/share/franka_description//meshes/visual/link7.dae
[0.707s] -- Up-to-date symlink: /home/herring/rzddzy/ros2_ws/install/franka_description/share/franka_description//meshes/visual/meshes.blend
[0.707s] -- Up-to-date symlink: /home/herring/rzddzy/ros2_ws/install/franka_description/share/franka_description//rviz/visualize_dual_franka.rviz
[0.707s] -- Up-to-date symlink: /home/herring/rzddzy/ros2_ws/install/franka_description/share/franka_description//rviz/visualize_franka.rviz
[0.707s] -- Up-to-date symlink: /home/herring/rzddzy/ros2_ws/install/franka_description/share/franka_description//mujoco/franka/TEMPLATE_panda.xml
[0.707s] -- Up-to-date symlink: /home/herring/rzddzy/ros2_ws/install/franka_description/share/franka_description//mujoco/franka/assets/bearing.stl
[0.708s] -- Up-to-date symlink: /home/herring/rzddzy/ros2_ws/install/franka_description/share/franka_description//mujoco/franka/assets/finger_0.obj
[0.708s] -- Up-to-date symlink: /home/herring/rzddzy/ros2_ws/install/franka_description/share/franka_description//mujoco/franka/assets/finger_1.obj
[0.708s] -- Up-to-date symlink: /home/herring/rzddzy/ros2_ws/install/franka_description/share/franka_description//mujoco/franka/assets/gear.stl
[0.708s] -- Up-to-date symlink: /home/herring/rzddzy/ros2_ws/install/franka_description/share/franka_description//mujoco/franka/assets/hand.stl
[0.708s] -- Up-to-date symlink: /home/herring/rzddzy/ros2_ws/install/franka_description/share/franka_description//mujoco/franka/assets/hand_0.obj
[0.709s] -- Up-to-date symlink: /home/herring/rzddzy/ros2_ws/install/franka_description/share/franka_description//mujoco/franka/assets/hand_1.obj
[0.709s] -- Up-to-date symlink: /home/herring/rzddzy/ros2_ws/install/franka_description/share/franka_description//mujoco/franka/assets/hand_2.obj
[0.709s] -- Up-to-date symlink: /home/herring/rzddzy/ros2_ws/install/franka_description/share/franka_description//mujoco/franka/assets/hand_3.obj
[0.709s] -- Up-to-date symlink: /home/herring/rzddzy/ros2_ws/install/franka_description/share/franka_description//mujoco/franka/assets/hand_4.obj
[0.710s] -- Up-to-date symlink: /home/herring/rzddzy/ros2_ws/install/franka_description/share/franka_description//mujoco/franka/assets/link0.stl
[0.710s] -- Up-to-date symlink: /home/herring/rzddzy/ros2_ws/install/franka_description/share/franka_description//mujoco/franka/assets/link0_0.obj
[0.710s] -- Up-to-date symlink: /home/herring/rzddzy/ros2_ws/install/franka_description/share/franka_description//mujoco/franka/assets/link0_1.obj
[0.710s] -- Up-to-date symlink: /home/herring/rzddzy/ros2_ws/install/franka_description/share/franka_description//mujoco/franka/assets/link0_10.obj
[0.711s] -- Up-to-date symlink: /home/herring/rzddzy/ros2_ws/install/franka_description/share/franka_description//mujoco/franka/assets/link0_11.obj
[0.711s] -- Up-to-date symlink: /home/herring/rzddzy/ros2_ws/install/franka_description/share/franka_description//mujoco/franka/assets/link0_2.obj
[0.711s] -- Up-to-date symlink: /home/herring/rzddzy/ros2_ws/install/franka_description/share/franka_description//mujoco/franka/assets/link0_3.obj
[0.711s] -- Up-to-date symlink: /home/herring/rzddzy/ros2_ws/install/franka_description/share/franka_description//mujoco/franka/assets/link0_4.obj
[0.711s] -- Up-to-date symlink: /home/herring/rzddzy/ros2_ws/install/franka_description/share/franka_description//mujoco/franka/assets/link0_5.obj
[0.711s] -- Up-to-date symlink: /home/herring/rzddzy/ros2_ws/install/franka_description/share/franka_description//mujoco/franka/assets/link0_7.obj
[0.712s] -- Up-to-date symlink: /home/herring/rzddzy/ros2_ws/install/franka_description/share/franka_description//mujoco/franka/assets/link0_8.obj
[0.712s] -- Up-to-date symlink: /home/herring/rzddzy/ros2_ws/install/franka_description/share/franka_description//mujoco/franka/assets/link0_9.obj
[0.712s] -- Up-to-date symlink: /home/herring/rzddzy/ros2_ws/install/franka_description/share/franka_description//mujoco/franka/assets/link1.obj
[0.712s] -- Up-to-date symlink: /home/herring/rzddzy/ros2_ws/install/franka_description/share/franka_description//mujoco/franka/assets/link1.stl
[0.712s] -- Up-to-date symlink: /home/herring/rzddzy/ros2_ws/install/franka_description/share/franka_description//mujoco/franka/assets/link2.obj
[0.712s] -- Up-to-date symlink: /home/herring/rzddzy/ros2_ws/install/franka_description/share/franka_description//mujoco/franka/assets/link2.stl
[0.712s] -- Up-to-date symlink: /home/herring/rzddzy/ros2_ws/install/franka_description/share/franka_description//mujoco/franka/assets/link3.stl
[0.712s] -- Up-to-date symlink: /home/herring/rzddzy/ros2_ws/install/franka_description/share/franka_description//mujoco/franka/assets/link3_0.obj
[0.713s] -- Up-to-date symlink: /home/herring/rzddzy/ros2_ws/install/franka_description/share/franka_description//mujoco/franka/assets/link3_1.obj
[0.713s] -- Up-to-date symlink: /home/herring/rzddzy/ros2_ws/install/franka_description/share/franka_description//mujoco/franka/assets/link3_2.obj
[0.714s] -- Up-to-date symlink: /home/herring/rzddzy/ros2_ws/install/franka_description/share/franka_description//mujoco/franka/assets/link3_3.obj
[0.715s] -- Up-to-date symlink: /home/herring/rzddzy/ros2_ws/install/franka_description/share/franka_description//mujoco/franka/assets/link4.stl
[0.715s] -- Up-to-date symlink: /home/herring/rzddzy/ros2_ws/install/franka_description/share/franka_description//mujoco/franka/assets/link4_0.obj
[0.715s] -- Up-to-date symlink: /home/herring/rzddzy/ros2_ws/install/franka_description/share/franka_description//mujoco/franka/assets/link4_1.obj
[0.716s] -- Up-to-date symlink: /home/herring/rzddzy/ros2_ws/install/franka_description/share/franka_description//mujoco/franka/assets/link4_2.obj
[0.716s] -- Up-to-date symlink: /home/herring/rzddzy/ros2_ws/install/franka_description/share/franka_description//mujoco/franka/assets/link4_3.obj
[0.716s] -- Up-to-date symlink: /home/herring/rzddzy/ros2_ws/install/franka_description/share/franka_description//mujoco/franka/assets/link5_0.obj
[0.716s] -- Up-to-date symlink: /home/herring/rzddzy/ros2_ws/install/franka_description/share/franka_description//mujoco/franka/assets/link5_1.obj
[0.716s] -- Up-to-date symlink: /home/herring/rzddzy/ros2_ws/install/franka_description/share/franka_description//mujoco/franka/assets/link5_2.obj
[0.717s] -- Up-to-date symlink: /home/herring/rzddzy/ros2_ws/install/franka_description/share/franka_description//mujoco/franka/assets/link5_collision_0.obj
[0.717s] -- Up-to-date symlink: /home/herring/rzddzy/ros2_ws/install/franka_description/share/franka_description//mujoco/franka/assets/link5_collision_1.obj
[0.717s] -- Up-to-date symlink: /home/herring/rzddzy/ros2_ws/install/franka_description/share/franka_description//mujoco/franka/assets/link5_collision_2.obj
[0.717s] -- Up-to-date symlink: /home/herring/rzddzy/ros2_ws/install/franka_description/share/franka_description//mujoco/franka/assets/link6.stl
[0.718s] -- Up-to-date symlink: /home/herring/rzddzy/ros2_ws/install/franka_description/share/franka_description//mujoco/franka/assets/link6_0.obj
[0.718s] -- Up-to-date symlink: /home/herring/rzddzy/ros2_ws/install/franka_description/share/franka_description//mujoco/franka/assets/link6_1.obj
[0.718s] -- Up-to-date symlink: /home/herring/rzddzy/ros2_ws/install/franka_description/share/franka_description//mujoco/franka/assets/link6_10.obj
[0.718s] -- Up-to-date symlink: /home/herring/rzddzy/ros2_ws/install/franka_description/share/franka_description//mujoco/franka/assets/link6_11.obj
[0.718s] -- Up-to-date symlink: /home/herring/rzddzy/ros2_ws/install/franka_description/share/franka_description//mujoco/franka/assets/link6_12.obj
[0.718s] -- Up-to-date symlink: /home/herring/rzddzy/ros2_ws/install/franka_description/share/franka_description//mujoco/franka/assets/link6_13.obj
[0.718s] -- Up-to-date symlink: /home/herring/rzddzy/ros2_ws/install/franka_description/share/franka_description//mujoco/franka/assets/link6_14.obj
[0.718s] -- Up-to-date symlink: /home/herring/rzddzy/ros2_ws/install/franka_description/share/franka_description//mujoco/franka/assets/link6_15.obj
[0.718s] -- Up-to-date symlink: /home/herring/rzddzy/ros2_ws/install/franka_description/share/franka_description//mujoco/franka/assets/link6_16.obj
[0.718s] -- Up-to-date symlink: /home/herring/rzddzy/ros2_ws/install/franka_description/share/franka_description//mujoco/franka/assets/link6_2.obj
[0.719s] -- Up-to-date symlink: /home/herring/rzddzy/ros2_ws/install/franka_description/share/franka_description//mujoco/franka/assets/link6_3.obj
[0.719s] -- Up-to-date symlink: /home/herring/rzddzy/ros2_ws/install/franka_description/share/franka_description//mujoco/franka/assets/link6_4.obj
[0.719s] -- Up-to-date symlink: /home/herring/rzddzy/ros2_ws/install/franka_description/share/franka_description//mujoco/franka/assets/link6_5.obj
[0.719s] -- Up-to-date symlink: /home/herring/rzddzy/ros2_ws/install/franka_description/share/franka_description//mujoco/franka/assets/link6_6.obj
[0.719s] -- Up-to-date symlink: /home/herring/rzddzy/ros2_ws/install/franka_description/share/franka_description//mujoco/franka/assets/link6_7.obj
[0.719s] -- Up-to-date symlink: /home/herring/rzddzy/ros2_ws/install/franka_description/share/franka_description//mujoco/franka/assets/link6_8.obj
[0.719s] -- Up-to-date symlink: /home/herring/rzddzy/ros2_ws/install/franka_description/share/franka_description//mujoco/franka/assets/link6_9.obj
[0.719s] -- Up-to-date symlink: /home/herring/rzddzy/ros2_ws/install/franka_description/share/franka_description//mujoco/franka/assets/link7.stl
[0.719s] -- Up-to-date symlink: /home/herring/rzddzy/ros2_ws/install/franka_description/share/franka_description//mujoco/franka/assets/link7_0.obj
[0.719s] -- Up-to-date symlink: /home/herring/rzddzy/ros2_ws/install/franka_description/share/franka_description//mujoco/franka/assets/link7_1.obj
[0.719s] -- Up-to-date symlink: /home/herring/rzddzy/ros2_ws/install/franka_description/share/franka_description//mujoco/franka/assets/link7_2.obj
[0.719s] -- Up-to-date symlink: /home/herring/rzddzy/ros2_ws/install/franka_description/share/franka_description//mujoco/franka/assets/link7_3.obj
[0.719s] -- Up-to-date symlink: /home/herring/rzddzy/ros2_ws/install/franka_description/share/franka_description//mujoco/franka/assets/link7_4.obj
[0.719s] -- Up-to-date symlink: /home/herring/rzddzy/ros2_ws/install/franka_description/share/franka_description//mujoco/franka/assets/link7_5.obj
[0.719s] -- Up-to-date symlink: /home/herring/rzddzy/ros2_ws/install/franka_description/share/franka_description//mujoco/franka/assets/link7_6.obj
[0.720s] -- Up-to-date symlink: /home/herring/rzddzy/ros2_ws/install/franka_description/share/franka_description//mujoco/franka/assets/link7_7.obj
[0.720s] -- Up-to-date symlink: /home/herring/rzddzy/ros2_ws/install/franka_description/share/franka_description//mujoco/franka/assets/nut.stl
[0.720s] -- Up-to-date symlink: /home/herring/rzddzy/ros2_ws/install/franka_description/share/franka_description//mujoco/franka/assets/square_gear.stl
[0.720s] -- Up-to-date symlink: /home/herring/rzddzy/ros2_ws/install/franka_description/share/franka_description//mujoco/franka/assets/what.stl
[0.720s] -- Up-to-date symlink: /home/herring/rzddzy/ros2_ws/install/franka_description/share/franka_description//mujoco/franka/dual_scene.xml
[0.720s] -- Up-to-date symlink: /home/herring/rzddzy/ros2_ws/install/franka_description/share/franka_description//mujoco/franka/dual_scene_ng.xml
[0.720s] -- Up-to-date symlink: /home/herring/rzddzy/ros2_ws/install/franka_description/share/franka_description//mujoco/franka/dual_scene_rl.xml
[0.720s] -- Up-to-date symlink: /home/herring/rzddzy/ros2_ws/install/franka_description/share/franka_description//mujoco/franka/mj_dual.xml
[0.720s] -- Up-to-date symlink: /home/herring/rzddzy/ros2_ws/install/franka_description/share/franka_description//mujoco/franka/mj_dual_ng.xml
[0.720s] -- Up-to-date symlink: /home/herring/rzddzy/ros2_ws/install/franka_description/share/franka_description//mujoco/franka/mj_dual_rl.xml
[0.720s] -- Up-to-date symlink: /home/herring/rzddzy/ros2_ws/install/franka_description/share/franka_description//mujoco/franka/objects.xml
[0.720s] -- Up-to-date symlink: /home/herring/rzddzy/ros2_ws/install/franka_description/share/franka_description//mujoco/franka/panda.xml
[0.720s] -- Up-to-date symlink: /home/herring/rzddzy/ros2_ws/install/franka_description/share/franka_description//mujoco/franka/panda_ng.xml
[0.720s] -- Up-to-date symlink: /home/herring/rzddzy/ros2_ws/install/franka_description/share/franka_description//mujoco/franka/scene.xml
[0.720s] -- Up-to-date symlink: /home/herring/rzddzy/ros2_ws/install/franka_description/share/franka_description//mujoco/franka/scene_ng.xml
[0.721s] -- Up-to-date symlink: /home/herring/rzddzy/ros2_ws/install/franka_description/share/franka_description//mujoco/franka/scene_with_workbench.xml
[0.721s] -- Up-to-date symlink: /home/herring/rzddzy/ros2_ws/install/franka_description/share/ament_index/resource_index/package_run_dependencies/franka_description
[0.721s] -- Up-to-date symlink: /home/herring/rzddzy/ros2_ws/install/franka_description/share/ament_index/resource_index/parent_prefix_path/franka_description
[0.721s] -- Up-to-date symlink: /home/herring/rzddzy/ros2_ws/install/franka_description/share/franka_description/environment/ament_prefix_path.sh
[0.721s] -- Up-to-date symlink: /home/herring/rzddzy/ros2_ws/install/franka_description/share/franka_description/environment/ament_prefix_path.dsv
[0.721s] -- Up-to-date symlink: /home/herring/rzddzy/ros2_ws/install/franka_description/share/franka_description/environment/path.sh
[0.721s] -- Up-to-date symlink: /home/herring/rzddzy/ros2_ws/install/franka_description/share/franka_description/environment/path.dsv
[0.721s] -- Up-to-date symlink: /home/herring/rzddzy/ros2_ws/install/franka_description/share/franka_description/local_setup.bash
[0.721s] -- Up-to-date symlink: /home/herring/rzddzy/ros2_ws/install/franka_description/share/franka_description/local_setup.sh
[0.721s] -- Up-to-date symlink: /home/herring/rzddzy/ros2_ws/install/franka_description/share/franka_description/local_setup.zsh
[0.721s] -- Up-to-date symlink: /home/herring/rzddzy/ros2_ws/install/franka_description/share/franka_description/local_setup.dsv
[0.721s] -- Symlinking: /home/herring/rzddzy/ros2_ws/install/franka_description/share/franka_description/package.dsv
[0.733s] -- Up-to-date symlink: /home/herring/rzddzy/ros2_ws/install/franka_description/share/ament_index/resource_index/packages/franka_description
[0.735s] -- Up-to-date symlink: /home/herring/rzddzy/ros2_ws/install/franka_description/share/franka_description/cmake/franka_descriptionConfig.cmake
[0.735s] -- Up-to-date symlink: /home/herring/rzddzy/ros2_ws/install/franka_description/share/franka_description/cmake/franka_descriptionConfig-version.cmake
[0.735s] -- Up-to-date symlink: /home/herring/rzddzy/ros2_ws/install/franka_description/share/franka_description/package.xml
[0.740s] Invoked command in '/home/herring/rzddzy/ros2_ws/build/franka_description' returned '0': CMAKE_PREFIX_PATH=${CMAKE_PREFIX_PATH}:/opt/ros/jazzy DEBUGINFOD_URLS=https://debuginfod.ubuntu.com /usr/bin/cmake --install /home/herring/rzddzy/ros2_ws/build/franka_description
