[  0%] Built target mujoco_ros_msgs__rosidl_generator_type_description
[  0%] Built target ament_cmake_python_symlink_mujoco_ros_msgs
[  0%] Built target mujoco_ros_msgs__cpp
[ 29%] Built target mujoco_ros_msgs__rosidl_generator_c
[ 39%] Built target mujoco_ros_msgs__rosidl_typesupport_c
[ 49%] Built target mujoco_ros_msgs__rosidl_typesupport_introspection_c
[ 66%] Built target mujoco_ros_msgs__rosidl_typesupport_fastrtps_c
[ 69%] Built target mujoco_ros_msgs__rosidl_typesupport_cpp
[ 79%] Built target mujoco_ros_msgs__rosidl_typesupport_fastrtps_cpp
[ 89%] Built target mujoco_ros_msgs__rosidl_typesupport_introspection_cpp
[ 89%] Built target mujoco_ros_msgs
[ 89%] Built target mujoco_ros_msgs__py
[ 98%] Built target mujoco_ros_msgs__rosidl_generator_py
[ 99%] Built target mujoco_ros_msgs_s__rosidl_typesupport_fastrtps_c
[ 99%] Built target mujoco_ros_msgs_s__rosidl_typesupport_c
[100%] Built target mujoco_ros_msgs_s__rosidl_typesupport_introspection_c
running egg_info
writing mujoco_ros_msgs.egg-info/PKG-INFO
writing dependency_links to mujoco_ros_msgs.egg-info/dependency_links.txt
writing top-level names to mujoco_ros_msgs.egg-info/top_level.txt
reading manifest file 'mujoco_ros_msgs.egg-info/SOURCES.txt'
writing manifest file 'mujoco_ros_msgs.egg-info/SOURCES.txt'
[100%] Built target ament_cmake_python_build_mujoco_ros_msgs_egg
-- Install configuration: ""
-- Execute custom install script
-- Up-to-date symlink: /home/herring/rzddzy/install/mujoco_ros_msgs/share/ament_index/resource_index/rosidl_interfaces/mujoco_ros_msgs
-- Up-to-date symlink: /home/herring/rzddzy/install/mujoco_ros_msgs/share/mujoco_ros_msgs/msg/StateUint.json
-- Up-to-date symlink: /home/herring/rzddzy/install/mujoco_ros_msgs/share/mujoco_ros_msgs/msg/ScalarStamped.json
-- Up-to-date symlink: /home/herring/rzddzy/install/mujoco_ros_msgs/share/mujoco_ros_msgs/msg/BodyState.json
-- Up-to-date symlink: /home/herring/rzddzy/install/mujoco_ros_msgs/share/mujoco_ros_msgs/msg/GeomProperties.json
-- Up-to-date symlink: /home/herring/rzddzy/install/mujoco_ros_msgs/share/mujoco_ros_msgs/msg/GeomType.json
-- Up-to-date symlink: /home/herring/rzddzy/install/mujoco_ros_msgs/share/mujoco_ros_msgs/msg/SensorNoiseModel.json
-- Up-to-date symlink: /home/herring/rzddzy/install/mujoco_ros_msgs/share/mujoco_ros_msgs/msg/SolverParameters.json
-- Up-to-date symlink: /home/herring/rzddzy/install/mujoco_ros_msgs/share/mujoco_ros_msgs/msg/MocapState.json
-- Up-to-date symlink: /home/herring/rzddzy/install/mujoco_ros_msgs/share/mujoco_ros_msgs/msg/EqualityConstraintType.json
-- Up-to-date symlink: /home/herring/rzddzy/install/mujoco_ros_msgs/share/mujoco_ros_msgs/msg/EqualityConstraintParameters.json
-- Up-to-date symlink: /home/herring/rzddzy/install/mujoco_ros_msgs/share/mujoco_ros_msgs/msg/SimInfo.json
-- Up-to-date symlink: /home/herring/rzddzy/install/mujoco_ros_msgs/share/mujoco_ros_msgs/msg/PluginStats.json
-- Up-to-date symlink: /home/herring/rzddzy/install/mujoco_ros_msgs/share/mujoco_ros_msgs/srv/GetStateUint.json
-- Up-to-date symlink: /home/herring/rzddzy/install/mujoco_ros_msgs/share/mujoco_ros_msgs/srv/SetFloat.json
-- Up-to-date symlink: /home/herring/rzddzy/install/mujoco_ros_msgs/share/mujoco_ros_msgs/srv/SetPause.json
-- Up-to-date symlink: /home/herring/rzddzy/install/mujoco_ros_msgs/share/mujoco_ros_msgs/srv/SetBodyState.json
-- Up-to-date symlink: /home/herring/rzddzy/install/mujoco_ros_msgs/share/mujoco_ros_msgs/srv/GetBodyState.json
-- Up-to-date symlink: /home/herring/rzddzy/install/mujoco_ros_msgs/share/mujoco_ros_msgs/srv/SetGeomProperties.json
-- Up-to-date symlink: /home/herring/rzddzy/install/mujoco_ros_msgs/share/mujoco_ros_msgs/srv/GetGeomProperties.json
-- Up-to-date symlink: /home/herring/rzddzy/install/mujoco_ros_msgs/share/mujoco_ros_msgs/srv/SetEqualityConstraintParameters.json
-- Up-to-date symlink: /home/herring/rzddzy/install/mujoco_ros_msgs/share/mujoco_ros_msgs/srv/GetEqualityConstraintParameters.json
-- Up-to-date symlink: /home/herring/rzddzy/install/mujoco_ros_msgs/share/mujoco_ros_msgs/srv/ResetBodyQPos.json
-- Up-to-date symlink: /home/herring/rzddzy/install/mujoco_ros_msgs/share/mujoco_ros_msgs/srv/RegisterSensorNoiseModels.json
-- Up-to-date symlink: /home/herring/rzddzy/install/mujoco_ros_msgs/share/mujoco_ros_msgs/srv/SetGravity.json
-- Up-to-date symlink: /home/herring/rzddzy/install/mujoco_ros_msgs/share/mujoco_ros_msgs/srv/GetGravity.json
-- Up-to-date symlink: /home/herring/rzddzy/install/mujoco_ros_msgs/share/mujoco_ros_msgs/srv/Reload.json
-- Up-to-date symlink: /home/herring/rzddzy/install/mujoco_ros_msgs/share/mujoco_ros_msgs/srv/SetMocapState.json
-- Up-to-date symlink: /home/herring/rzddzy/install/mujoco_ros_msgs/share/mujoco_ros_msgs/srv/GetSimInfo.json
-- Up-to-date symlink: /home/herring/rzddzy/install/mujoco_ros_msgs/share/mujoco_ros_msgs/srv/GetPluginStats.json
-- Up-to-date symlink: /home/herring/rzddzy/install/mujoco_ros_msgs/share/mujoco_ros_msgs/action/Step.json
-- Up-to-date symlink: /home/herring/rzddzy/install/mujoco_ros_msgs/include/mujoco_ros_msgs/mujoco_ros_msgs/action/detail/step__functions.h
-- Up-to-date symlink: /home/herring/rzddzy/install/mujoco_ros_msgs/include/mujoco_ros_msgs/mujoco_ros_msgs/action/detail/step__struct.h
-- Up-to-date symlink: /home/herring/rzddzy/install/mujoco_ros_msgs/include/mujoco_ros_msgs/mujoco_ros_msgs/action/detail/step__type_support.h
-- Up-to-date symlink: /home/herring/rzddzy/install/mujoco_ros_msgs/include/mujoco_ros_msgs/mujoco_ros_msgs/action/step.h
-- Up-to-date symlink: /home/herring/rzddzy/install/mujoco_ros_msgs/include/mujoco_ros_msgs/mujoco_ros_msgs/msg/body_state.h
-- Up-to-date symlink: /home/herring/rzddzy/install/mujoco_ros_msgs/include/mujoco_ros_msgs/mujoco_ros_msgs/msg/detail/body_state__functions.h
-- Up-to-date symlink: /home/herring/rzddzy/install/mujoco_ros_msgs/include/mujoco_ros_msgs/mujoco_ros_msgs/msg/detail/body_state__struct.h
-- Up-to-date symlink: /home/herring/rzddzy/install/mujoco_ros_msgs/include/mujoco_ros_msgs/mujoco_ros_msgs/msg/detail/body_state__type_support.h
-- Up-to-date symlink: /home/herring/rzddzy/install/mujoco_ros_msgs/include/mujoco_ros_msgs/mujoco_ros_msgs/msg/detail/equality_constraint_parameters__functions.h
-- Up-to-date symlink: /home/herring/rzddzy/install/mujoco_ros_msgs/include/mujoco_ros_msgs/mujoco_ros_msgs/msg/detail/equality_constraint_parameters__struct.h
-- Up-to-date symlink: /home/herring/rzddzy/install/mujoco_ros_msgs/include/mujoco_ros_msgs/mujoco_ros_msgs/msg/detail/equality_constraint_parameters__type_support.h
-- Up-to-date symlink: /home/herring/rzddzy/install/mujoco_ros_msgs/include/mujoco_ros_msgs/mujoco_ros_msgs/msg/detail/equality_constraint_type__functions.h
-- Up-to-date symlink: /home/herring/rzddzy/install/mujoco_ros_msgs/include/mujoco_ros_msgs/mujoco_ros_msgs/msg/detail/equality_constraint_type__struct.h
-- Up-to-date symlink: /home/herring/rzddzy/install/mujoco_ros_msgs/include/mujoco_ros_msgs/mujoco_ros_msgs/msg/detail/equality_constraint_type__type_support.h
-- Up-to-date symlink: /home/herring/rzddzy/install/mujoco_ros_msgs/include/mujoco_ros_msgs/mujoco_ros_msgs/msg/detail/geom_properties__functions.h
-- Up-to-date symlink: /home/herring/rzddzy/install/mujoco_ros_msgs/include/mujoco_ros_msgs/mujoco_ros_msgs/msg/detail/geom_properties__struct.h
-- Up-to-date symlink: /home/herring/rzddzy/install/mujoco_ros_msgs/include/mujoco_ros_msgs/mujoco_ros_msgs/msg/detail/geom_properties__type_support.h
-- Up-to-date symlink: /home/herring/rzddzy/install/mujoco_ros_msgs/include/mujoco_ros_msgs/mujoco_ros_msgs/msg/detail/geom_type__functions.h
-- Up-to-date symlink: /home/herring/rzddzy/install/mujoco_ros_msgs/include/mujoco_ros_msgs/mujoco_ros_msgs/msg/detail/geom_type__struct.h
-- Up-to-date symlink: /home/herring/rzddzy/install/mujoco_ros_msgs/include/mujoco_ros_msgs/mujoco_ros_msgs/msg/detail/geom_type__type_support.h
-- Up-to-date symlink: /home/herring/rzddzy/install/mujoco_ros_msgs/include/mujoco_ros_msgs/mujoco_ros_msgs/msg/detail/mocap_state__functions.h
-- Up-to-date symlink: /home/herring/rzddzy/install/mujoco_ros_msgs/include/mujoco_ros_msgs/mujoco_ros_msgs/msg/detail/mocap_state__struct.h
-- Up-to-date symlink: /home/herring/rzddzy/install/mujoco_ros_msgs/include/mujoco_ros_msgs/mujoco_ros_msgs/msg/detail/mocap_state__type_support.h
-- Up-to-date symlink: /home/herring/rzddzy/install/mujoco_ros_msgs/include/mujoco_ros_msgs/mujoco_ros_msgs/msg/detail/plugin_stats__functions.h
-- Up-to-date symlink: /home/herring/rzddzy/install/mujoco_ros_msgs/include/mujoco_ros_msgs/mujoco_ros_msgs/msg/detail/plugin_stats__struct.h
-- Up-to-date symlink: /home/herring/rzddzy/install/mujoco_ros_msgs/include/mujoco_ros_msgs/mujoco_ros_msgs/msg/detail/plugin_stats__type_support.h
-- Up-to-date symlink: /home/herring/rzddzy/install/mujoco_ros_msgs/include/mujoco_ros_msgs/mujoco_ros_msgs/msg/detail/scalar_stamped__functions.h
-- Up-to-date symlink: /home/herring/rzddzy/install/mujoco_ros_msgs/include/mujoco_ros_msgs/mujoco_ros_msgs/msg/detail/scalar_stamped__struct.h
-- Up-to-date symlink: /home/herring/rzddzy/install/mujoco_ros_msgs/include/mujoco_ros_msgs/mujoco_ros_msgs/msg/detail/scalar_stamped__type_support.h
-- Up-to-date symlink: /home/herring/rzddzy/install/mujoco_ros_msgs/include/mujoco_ros_msgs/mujoco_ros_msgs/msg/detail/sensor_noise_model__functions.h
-- Up-to-date symlink: /home/herring/rzddzy/install/mujoco_ros_msgs/include/mujoco_ros_msgs/mujoco_ros_msgs/msg/detail/sensor_noise_model__struct.h
-- Up-to-date symlink: /home/herring/rzddzy/install/mujoco_ros_msgs/include/mujoco_ros_msgs/mujoco_ros_msgs/msg/detail/sensor_noise_model__type_support.h
-- Up-to-date symlink: /home/herring/rzddzy/install/mujoco_ros_msgs/include/mujoco_ros_msgs/mujoco_ros_msgs/msg/detail/sim_info__functions.h
-- Up-to-date symlink: /home/herring/rzddzy/install/mujoco_ros_msgs/include/mujoco_ros_msgs/mujoco_ros_msgs/msg/detail/sim_info__struct.h
-- Up-to-date symlink: /home/herring/rzddzy/install/mujoco_ros_msgs/include/mujoco_ros_msgs/mujoco_ros_msgs/msg/detail/sim_info__type_support.h
-- Up-to-date symlink: /home/herring/rzddzy/install/mujoco_ros_msgs/include/mujoco_ros_msgs/mujoco_ros_msgs/msg/detail/solver_parameters__functions.h
-- Up-to-date symlink: /home/herring/rzddzy/install/mujoco_ros_msgs/include/mujoco_ros_msgs/mujoco_ros_msgs/msg/detail/solver_parameters__struct.h
-- Up-to-date symlink: /home/herring/rzddzy/install/mujoco_ros_msgs/include/mujoco_ros_msgs/mujoco_ros_msgs/msg/detail/solver_parameters__type_support.h
-- Up-to-date symlink: /home/herring/rzddzy/install/mujoco_ros_msgs/include/mujoco_ros_msgs/mujoco_ros_msgs/msg/detail/state_uint__functions.h
-- Up-to-date symlink: /home/herring/rzddzy/install/mujoco_ros_msgs/include/mujoco_ros_msgs/mujoco_ros_msgs/msg/detail/state_uint__struct.h
-- Up-to-date symlink: /home/herring/rzddzy/install/mujoco_ros_msgs/include/mujoco_ros_msgs/mujoco_ros_msgs/msg/detail/state_uint__type_support.h
-- Up-to-date symlink: /home/herring/rzddzy/install/mujoco_ros_msgs/include/mujoco_ros_msgs/mujoco_ros_msgs/msg/equality_constraint_parameters.h
-- Up-to-date symlink: /home/herring/rzddzy/install/mujoco_ros_msgs/include/mujoco_ros_msgs/mujoco_ros_msgs/msg/equality_constraint_type.h
-- Up-to-date symlink: /home/herring/rzddzy/install/mujoco_ros_msgs/include/mujoco_ros_msgs/mujoco_ros_msgs/msg/geom_properties.h
-- Up-to-date symlink: /home/herring/rzddzy/install/mujoco_ros_msgs/include/mujoco_ros_msgs/mujoco_ros_msgs/msg/geom_type.h
-- Up-to-date symlink: /home/herring/rzddzy/install/mujoco_ros_msgs/include/mujoco_ros_msgs/mujoco_ros_msgs/msg/mocap_state.h
-- Up-to-date symlink: /home/herring/rzddzy/install/mujoco_ros_msgs/include/mujoco_ros_msgs/mujoco_ros_msgs/msg/plugin_stats.h
-- Up-to-date symlink: /home/herring/rzddzy/install/mujoco_ros_msgs/include/mujoco_ros_msgs/mujoco_ros_msgs/msg/rosidl_generator_c__visibility_control.h
-- Up-to-date symlink: /home/herring/rzddzy/install/mujoco_ros_msgs/include/mujoco_ros_msgs/mujoco_ros_msgs/msg/scalar_stamped.h
-- Up-to-date symlink: /home/herring/rzddzy/install/mujoco_ros_msgs/include/mujoco_ros_msgs/mujoco_ros_msgs/msg/sensor_noise_model.h
-- Up-to-date symlink: /home/herring/rzddzy/install/mujoco_ros_msgs/include/mujoco_ros_msgs/mujoco_ros_msgs/msg/sim_info.h
-- Up-to-date symlink: /home/herring/rzddzy/install/mujoco_ros_msgs/include/mujoco_ros_msgs/mujoco_ros_msgs/msg/solver_parameters.h
-- Up-to-date symlink: /home/herring/rzddzy/install/mujoco_ros_msgs/include/mujoco_ros_msgs/mujoco_ros_msgs/msg/state_uint.h
-- Up-to-date symlink: /home/herring/rzddzy/install/mujoco_ros_msgs/include/mujoco_ros_msgs/mujoco_ros_msgs/srv/detail/get_body_state__functions.h
-- Up-to-date symlink: /home/herring/rzddzy/install/mujoco_ros_msgs/include/mujoco_ros_msgs/mujoco_ros_msgs/srv/detail/get_body_state__struct.h
-- Up-to-date symlink: /home/herring/rzddzy/install/mujoco_ros_msgs/include/mujoco_ros_msgs/mujoco_ros_msgs/srv/detail/get_body_state__type_support.h
-- Up-to-date symlink: /home/herring/rzddzy/install/mujoco_ros_msgs/include/mujoco_ros_msgs/mujoco_ros_msgs/srv/detail/get_equality_constraint_parameters__functions.h
-- Up-to-date symlink: /home/herring/rzddzy/install/mujoco_ros_msgs/include/mujoco_ros_msgs/mujoco_ros_msgs/srv/detail/get_equality_constraint_parameters__struct.h
-- Up-to-date symlink: /home/herring/rzddzy/install/mujoco_ros_msgs/include/mujoco_ros_msgs/mujoco_ros_msgs/srv/detail/get_equality_constraint_parameters__type_support.h
-- Up-to-date symlink: /home/herring/rzddzy/install/mujoco_ros_msgs/include/mujoco_ros_msgs/mujoco_ros_msgs/srv/detail/get_geom_properties__functions.h
-- Up-to-date symlink: /home/herring/rzddzy/install/mujoco_ros_msgs/include/mujoco_ros_msgs/mujoco_ros_msgs/srv/detail/get_geom_properties__struct.h
-- Up-to-date symlink: /home/herring/rzddzy/install/mujoco_ros_msgs/include/mujoco_ros_msgs/mujoco_ros_msgs/srv/detail/get_geom_properties__type_support.h
-- Up-to-date symlink: /home/herring/rzddzy/install/mujoco_ros_msgs/include/mujoco_ros_msgs/mujoco_ros_msgs/srv/detail/get_gravity__functions.h
-- Up-to-date symlink: /home/herring/rzddzy/install/mujoco_ros_msgs/include/mujoco_ros_msgs/mujoco_ros_msgs/srv/detail/get_gravity__struct.h
-- Up-to-date symlink: /home/herring/rzddzy/install/mujoco_ros_msgs/include/mujoco_ros_msgs/mujoco_ros_msgs/srv/detail/get_gravity__type_support.h
-- Up-to-date symlink: /home/herring/rzddzy/install/mujoco_ros_msgs/include/mujoco_ros_msgs/mujoco_ros_msgs/srv/detail/get_plugin_stats__functions.h
-- Up-to-date symlink: /home/herring/rzddzy/install/mujoco_ros_msgs/include/mujoco_ros_msgs/mujoco_ros_msgs/srv/detail/get_plugin_stats__struct.h
-- Up-to-date symlink: /home/herring/rzddzy/install/mujoco_ros_msgs/include/mujoco_ros_msgs/mujoco_ros_msgs/srv/detail/get_plugin_stats__type_support.h
-- Up-to-date symlink: /home/herring/rzddzy/install/mujoco_ros_msgs/include/mujoco_ros_msgs/mujoco_ros_msgs/srv/detail/get_sim_info__functions.h
-- Up-to-date symlink: /home/herring/rzddzy/install/mujoco_ros_msgs/include/mujoco_ros_msgs/mujoco_ros_msgs/srv/detail/get_sim_info__struct.h
-- Up-to-date symlink: /home/herring/rzddzy/install/mujoco_ros_msgs/include/mujoco_ros_msgs/mujoco_ros_msgs/srv/detail/get_sim_info__type_support.h
-- Up-to-date symlink: /home/herring/rzddzy/install/mujoco_ros_msgs/include/mujoco_ros_msgs/mujoco_ros_msgs/srv/detail/get_state_uint__functions.h
-- Up-to-date symlink: /home/herring/rzddzy/install/mujoco_ros_msgs/include/mujoco_ros_msgs/mujoco_ros_msgs/srv/detail/get_state_uint__struct.h
-- Up-to-date symlink: /home/herring/rzddzy/install/mujoco_ros_msgs/include/mujoco_ros_msgs/mujoco_ros_msgs/srv/detail/get_state_uint__type_support.h
-- Up-to-date symlink: /home/herring/rzddzy/install/mujoco_ros_msgs/include/mujoco_ros_msgs/mujoco_ros_msgs/srv/detail/register_sensor_noise_models__functions.h
-- Up-to-date symlink: /home/herring/rzddzy/install/mujoco_ros_msgs/include/mujoco_ros_msgs/mujoco_ros_msgs/srv/detail/register_sensor_noise_models__struct.h
-- Up-to-date symlink: /home/herring/rzddzy/install/mujoco_ros_msgs/include/mujoco_ros_msgs/mujoco_ros_msgs/srv/detail/register_sensor_noise_models__type_support.h
-- Up-to-date symlink: /home/herring/rzddzy/install/mujoco_ros_msgs/include/mujoco_ros_msgs/mujoco_ros_msgs/srv/detail/reload__functions.h
-- Up-to-date symlink: /home/herring/rzddzy/install/mujoco_ros_msgs/include/mujoco_ros_msgs/mujoco_ros_msgs/srv/detail/reload__struct.h
-- Up-to-date symlink: /home/herring/rzddzy/install/mujoco_ros_msgs/include/mujoco_ros_msgs/mujoco_ros_msgs/srv/detail/reload__type_support.h
-- Up-to-date symlink: /home/herring/rzddzy/install/mujoco_ros_msgs/include/mujoco_ros_msgs/mujoco_ros_msgs/srv/detail/reset_body_q_pos__functions.h
-- Up-to-date symlink: /home/herring/rzddzy/install/mujoco_ros_msgs/include/mujoco_ros_msgs/mujoco_ros_msgs/srv/detail/reset_body_q_pos__struct.h
-- Up-to-date symlink: /home/herring/rzddzy/install/mujoco_ros_msgs/include/mujoco_ros_msgs/mujoco_ros_msgs/srv/detail/reset_body_q_pos__type_support.h
-- Up-to-date symlink: /home/herring/rzddzy/install/mujoco_ros_msgs/include/mujoco_ros_msgs/mujoco_ros_msgs/srv/detail/set_body_state__functions.h
-- Up-to-date symlink: /home/herring/rzddzy/install/mujoco_ros_msgs/include/mujoco_ros_msgs/mujoco_ros_msgs/srv/detail/set_body_state__struct.h
-- Up-to-date symlink: /home/herring/rzddzy/install/mujoco_ros_msgs/include/mujoco_ros_msgs/mujoco_ros_msgs/srv/detail/set_body_state__type_support.h
-- Up-to-date symlink: /home/herring/rzddzy/install/mujoco_ros_msgs/include/mujoco_ros_msgs/mujoco_ros_msgs/srv/detail/set_equality_constraint_parameters__functions.h
-- Up-to-date symlink: /home/herring/rzddzy/install/mujoco_ros_msgs/include/mujoco_ros_msgs/mujoco_ros_msgs/srv/detail/set_equality_constraint_parameters__struct.h
-- Up-to-date symlink: /home/herring/rzddzy/install/mujoco_ros_msgs/include/mujoco_ros_msgs/mujoco_ros_msgs/srv/detail/set_equality_constraint_parameters__type_support.h
-- Up-to-date symlink: /home/herring/rzddzy/install/mujoco_ros_msgs/include/mujoco_ros_msgs/mujoco_ros_msgs/srv/detail/set_float__functions.h
-- Up-to-date symlink: /home/herring/rzddzy/install/mujoco_ros_msgs/include/mujoco_ros_msgs/mujoco_ros_msgs/srv/detail/set_float__struct.h
-- Up-to-date symlink: /home/herring/rzddzy/install/mujoco_ros_msgs/include/mujoco_ros_msgs/mujoco_ros_msgs/srv/detail/set_float__type_support.h
-- Up-to-date symlink: /home/herring/rzddzy/install/mujoco_ros_msgs/include/mujoco_ros_msgs/mujoco_ros_msgs/srv/detail/set_geom_properties__functions.h
-- Up-to-date symlink: /home/herring/rzddzy/install/mujoco_ros_msgs/include/mujoco_ros_msgs/mujoco_ros_msgs/srv/detail/set_geom_properties__struct.h
-- Up-to-date symlink: /home/herring/rzddzy/install/mujoco_ros_msgs/include/mujoco_ros_msgs/mujoco_ros_msgs/srv/detail/set_geom_properties__type_support.h
-- Up-to-date symlink: /home/herring/rzddzy/install/mujoco_ros_msgs/include/mujoco_ros_msgs/mujoco_ros_msgs/srv/detail/set_gravity__functions.h
-- Up-to-date symlink: /home/herring/rzddzy/install/mujoco_ros_msgs/include/mujoco_ros_msgs/mujoco_ros_msgs/srv/detail/set_gravity__struct.h
-- Up-to-date symlink: /home/herring/rzddzy/install/mujoco_ros_msgs/include/mujoco_ros_msgs/mujoco_ros_msgs/srv/detail/set_gravity__type_support.h
-- Up-to-date symlink: /home/herring/rzddzy/install/mujoco_ros_msgs/include/mujoco_ros_msgs/mujoco_ros_msgs/srv/detail/set_mocap_state__functions.h
-- Up-to-date symlink: /home/herring/rzddzy/install/mujoco_ros_msgs/include/mujoco_ros_msgs/mujoco_ros_msgs/srv/detail/set_mocap_state__struct.h
-- Up-to-date symlink: /home/herring/rzddzy/install/mujoco_ros_msgs/include/mujoco_ros_msgs/mujoco_ros_msgs/srv/detail/set_mocap_state__type_support.h
-- Up-to-date symlink: /home/herring/rzddzy/install/mujoco_ros_msgs/include/mujoco_ros_msgs/mujoco_ros_msgs/srv/detail/set_pause__functions.h
-- Up-to-date symlink: /home/herring/rzddzy/install/mujoco_ros_msgs/include/mujoco_ros_msgs/mujoco_ros_msgs/srv/detail/set_pause__struct.h
-- Up-to-date symlink: /home/herring/rzddzy/install/mujoco_ros_msgs/include/mujoco_ros_msgs/mujoco_ros_msgs/srv/detail/set_pause__type_support.h
-- Up-to-date symlink: /home/herring/rzddzy/install/mujoco_ros_msgs/include/mujoco_ros_msgs/mujoco_ros_msgs/srv/get_body_state.h
-- Up-to-date symlink: /home/herring/rzddzy/install/mujoco_ros_msgs/include/mujoco_ros_msgs/mujoco_ros_msgs/srv/get_equality_constraint_parameters.h
-- Up-to-date symlink: /home/herring/rzddzy/install/mujoco_ros_msgs/include/mujoco_ros_msgs/mujoco_ros_msgs/srv/get_geom_properties.h
-- Up-to-date symlink: /home/herring/rzddzy/install/mujoco_ros_msgs/include/mujoco_ros_msgs/mujoco_ros_msgs/srv/get_gravity.h
-- Up-to-date symlink: /home/herring/rzddzy/install/mujoco_ros_msgs/include/mujoco_ros_msgs/mujoco_ros_msgs/srv/get_plugin_stats.h
-- Up-to-date symlink: /home/herring/rzddzy/install/mujoco_ros_msgs/include/mujoco_ros_msgs/mujoco_ros_msgs/srv/get_sim_info.h
-- Up-to-date symlink: /home/herring/rzddzy/install/mujoco_ros_msgs/include/mujoco_ros_msgs/mujoco_ros_msgs/srv/get_state_uint.h
-- Up-to-date symlink: /home/herring/rzddzy/install/mujoco_ros_msgs/include/mujoco_ros_msgs/mujoco_ros_msgs/srv/register_sensor_noise_models.h
-- Up-to-date symlink: /home/herring/rzddzy/install/mujoco_ros_msgs/include/mujoco_ros_msgs/mujoco_ros_msgs/srv/reload.h
-- Up-to-date symlink: /home/herring/rzddzy/install/mujoco_ros_msgs/include/mujoco_ros_msgs/mujoco_ros_msgs/srv/reset_body_q_pos.h
-- Up-to-date symlink: /home/herring/rzddzy/install/mujoco_ros_msgs/include/mujoco_ros_msgs/mujoco_ros_msgs/srv/set_body_state.h
-- Up-to-date symlink: /home/herring/rzddzy/install/mujoco_ros_msgs/include/mujoco_ros_msgs/mujoco_ros_msgs/srv/set_equality_constraint_parameters.h
-- Up-to-date symlink: /home/herring/rzddzy/install/mujoco_ros_msgs/include/mujoco_ros_msgs/mujoco_ros_msgs/srv/set_float.h
-- Up-to-date symlink: /home/herring/rzddzy/install/mujoco_ros_msgs/include/mujoco_ros_msgs/mujoco_ros_msgs/srv/set_geom_properties.h
-- Up-to-date symlink: /home/herring/rzddzy/install/mujoco_ros_msgs/include/mujoco_ros_msgs/mujoco_ros_msgs/srv/set_gravity.h
-- Up-to-date symlink: /home/herring/rzddzy/install/mujoco_ros_msgs/include/mujoco_ros_msgs/mujoco_ros_msgs/srv/set_mocap_state.h
-- Up-to-date symlink: /home/herring/rzddzy/install/mujoco_ros_msgs/include/mujoco_ros_msgs/mujoco_ros_msgs/srv/set_pause.h
-- Up-to-date symlink: /home/herring/rzddzy/install/mujoco_ros_msgs/share/mujoco_ros_msgs/environment/library_path.sh
-- Up-to-date symlink: /home/herring/rzddzy/install/mujoco_ros_msgs/share/mujoco_ros_msgs/environment/library_path.dsv
-- Up-to-date symlink: /home/herring/rzddzy/install/mujoco_ros_msgs/include/mujoco_ros_msgs/mujoco_ros_msgs/action/detail/step__rosidl_typesupport_fastrtps_c.h
-- Up-to-date symlink: /home/herring/rzddzy/install/mujoco_ros_msgs/include/mujoco_ros_msgs/mujoco_ros_msgs/msg/detail/body_state__rosidl_typesupport_fastrtps_c.h
-- Up-to-date symlink: /home/herring/rzddzy/install/mujoco_ros_msgs/include/mujoco_ros_msgs/mujoco_ros_msgs/msg/detail/equality_constraint_parameters__rosidl_typesupport_fastrtps_c.h
-- Up-to-date symlink: /home/herring/rzddzy/install/mujoco_ros_msgs/include/mujoco_ros_msgs/mujoco_ros_msgs/msg/detail/equality_constraint_type__rosidl_typesupport_fastrtps_c.h
-- Up-to-date symlink: /home/herring/rzddzy/install/mujoco_ros_msgs/include/mujoco_ros_msgs/mujoco_ros_msgs/msg/detail/geom_properties__rosidl_typesupport_fastrtps_c.h
-- Up-to-date symlink: /home/herring/rzddzy/install/mujoco_ros_msgs/include/mujoco_ros_msgs/mujoco_ros_msgs/msg/detail/geom_type__rosidl_typesupport_fastrtps_c.h
-- Up-to-date symlink: /home/herring/rzddzy/install/mujoco_ros_msgs/include/mujoco_ros_msgs/mujoco_ros_msgs/msg/detail/mocap_state__rosidl_typesupport_fastrtps_c.h
-- Up-to-date symlink: /home/herring/rzddzy/install/mujoco_ros_msgs/include/mujoco_ros_msgs/mujoco_ros_msgs/msg/detail/plugin_stats__rosidl_typesupport_fastrtps_c.h
-- Up-to-date symlink: /home/herring/rzddzy/install/mujoco_ros_msgs/include/mujoco_ros_msgs/mujoco_ros_msgs/msg/detail/scalar_stamped__rosidl_typesupport_fastrtps_c.h
-- Up-to-date symlink: /home/herring/rzddzy/install/mujoco_ros_msgs/include/mujoco_ros_msgs/mujoco_ros_msgs/msg/detail/sensor_noise_model__rosidl_typesupport_fastrtps_c.h
-- Up-to-date symlink: /home/herring/rzddzy/install/mujoco_ros_msgs/include/mujoco_ros_msgs/mujoco_ros_msgs/msg/detail/sim_info__rosidl_typesupport_fastrtps_c.h
-- Up-to-date symlink: /home/herring/rzddzy/install/mujoco_ros_msgs/include/mujoco_ros_msgs/mujoco_ros_msgs/msg/detail/solver_parameters__rosidl_typesupport_fastrtps_c.h
-- Up-to-date symlink: /home/herring/rzddzy/install/mujoco_ros_msgs/include/mujoco_ros_msgs/mujoco_ros_msgs/msg/detail/state_uint__rosidl_typesupport_fastrtps_c.h
-- Up-to-date symlink: /home/herring/rzddzy/install/mujoco_ros_msgs/include/mujoco_ros_msgs/mujoco_ros_msgs/msg/rosidl_typesupport_fastrtps_c__visibility_control.h
-- Up-to-date symlink: /home/herring/rzddzy/install/mujoco_ros_msgs/include/mujoco_ros_msgs/mujoco_ros_msgs/srv/detail/get_body_state__rosidl_typesupport_fastrtps_c.h
-- Up-to-date symlink: /home/herring/rzddzy/install/mujoco_ros_msgs/include/mujoco_ros_msgs/mujoco_ros_msgs/srv/detail/get_equality_constraint_parameters__rosidl_typesupport_fastrtps_c.h
-- Up-to-date symlink: /home/herring/rzddzy/install/mujoco_ros_msgs/include/mujoco_ros_msgs/mujoco_ros_msgs/srv/detail/get_geom_properties__rosidl_typesupport_fastrtps_c.h
-- Up-to-date symlink: /home/herring/rzddzy/install/mujoco_ros_msgs/include/mujoco_ros_msgs/mujoco_ros_msgs/srv/detail/get_gravity__rosidl_typesupport_fastrtps_c.h
-- Up-to-date symlink: /home/herring/rzddzy/install/mujoco_ros_msgs/include/mujoco_ros_msgs/mujoco_ros_msgs/srv/detail/get_plugin_stats__rosidl_typesupport_fastrtps_c.h
-- Up-to-date symlink: /home/herring/rzddzy/install/mujoco_ros_msgs/include/mujoco_ros_msgs/mujoco_ros_msgs/srv/detail/get_sim_info__rosidl_typesupport_fastrtps_c.h
-- Up-to-date symlink: /home/herring/rzddzy/install/mujoco_ros_msgs/include/mujoco_ros_msgs/mujoco_ros_msgs/srv/detail/get_state_uint__rosidl_typesupport_fastrtps_c.h
-- Up-to-date symlink: /home/herring/rzddzy/install/mujoco_ros_msgs/include/mujoco_ros_msgs/mujoco_ros_msgs/srv/detail/register_sensor_noise_models__rosidl_typesupport_fastrtps_c.h
-- Up-to-date symlink: /home/herring/rzddzy/install/mujoco_ros_msgs/include/mujoco_ros_msgs/mujoco_ros_msgs/srv/detail/reload__rosidl_typesupport_fastrtps_c.h
-- Up-to-date symlink: /home/herring/rzddzy/install/mujoco_ros_msgs/include/mujoco_ros_msgs/mujoco_ros_msgs/srv/detail/reset_body_q_pos__rosidl_typesupport_fastrtps_c.h
-- Up-to-date symlink: /home/herring/rzddzy/install/mujoco_ros_msgs/include/mujoco_ros_msgs/mujoco_ros_msgs/srv/detail/set_body_state__rosidl_typesupport_fastrtps_c.h
-- Up-to-date symlink: /home/herring/rzddzy/install/mujoco_ros_msgs/include/mujoco_ros_msgs/mujoco_ros_msgs/srv/detail/set_equality_constraint_parameters__rosidl_typesupport_fastrtps_c.h
-- Up-to-date symlink: /home/herring/rzddzy/install/mujoco_ros_msgs/include/mujoco_ros_msgs/mujoco_ros_msgs/srv/detail/set_float__rosidl_typesupport_fastrtps_c.h
-- Up-to-date symlink: /home/herring/rzddzy/install/mujoco_ros_msgs/include/mujoco_ros_msgs/mujoco_ros_msgs/srv/detail/set_geom_properties__rosidl_typesupport_fastrtps_c.h
-- Up-to-date symlink: /home/herring/rzddzy/install/mujoco_ros_msgs/include/mujoco_ros_msgs/mujoco_ros_msgs/srv/detail/set_gravity__rosidl_typesupport_fastrtps_c.h
-- Up-to-date symlink: /home/herring/rzddzy/install/mujoco_ros_msgs/include/mujoco_ros_msgs/mujoco_ros_msgs/srv/detail/set_mocap_state__rosidl_typesupport_fastrtps_c.h
-- Up-to-date symlink: /home/herring/rzddzy/install/mujoco_ros_msgs/include/mujoco_ros_msgs/mujoco_ros_msgs/srv/detail/set_pause__rosidl_typesupport_fastrtps_c.h
-- Up-to-date symlink: /home/herring/rzddzy/install/mujoco_ros_msgs/include/mujoco_ros_msgs/mujoco_ros_msgs/action/detail/step__rosidl_typesupport_introspection_c.h
-- Up-to-date symlink: /home/herring/rzddzy/install/mujoco_ros_msgs/include/mujoco_ros_msgs/mujoco_ros_msgs/msg/detail/body_state__rosidl_typesupport_introspection_c.h
-- Up-to-date symlink: /home/herring/rzddzy/install/mujoco_ros_msgs/include/mujoco_ros_msgs/mujoco_ros_msgs/msg/detail/equality_constraint_parameters__rosidl_typesupport_introspection_c.h
-- Up-to-date symlink: /home/herring/rzddzy/install/mujoco_ros_msgs/include/mujoco_ros_msgs/mujoco_ros_msgs/msg/detail/equality_constraint_type__rosidl_typesupport_introspection_c.h
-- Up-to-date symlink: /home/herring/rzddzy/install/mujoco_ros_msgs/include/mujoco_ros_msgs/mujoco_ros_msgs/msg/detail/geom_properties__rosidl_typesupport_introspection_c.h
-- Up-to-date symlink: /home/herring/rzddzy/install/mujoco_ros_msgs/include/mujoco_ros_msgs/mujoco_ros_msgs/msg/detail/geom_type__rosidl_typesupport_introspection_c.h
-- Up-to-date symlink: /home/herring/rzddzy/install/mujoco_ros_msgs/include/mujoco_ros_msgs/mujoco_ros_msgs/msg/detail/mocap_state__rosidl_typesupport_introspection_c.h
-- Up-to-date symlink: /home/herring/rzddzy/install/mujoco_ros_msgs/include/mujoco_ros_msgs/mujoco_ros_msgs/msg/detail/plugin_stats__rosidl_typesupport_introspection_c.h
-- Up-to-date symlink: /home/herring/rzddzy/install/mujoco_ros_msgs/include/mujoco_ros_msgs/mujoco_ros_msgs/msg/detail/scalar_stamped__rosidl_typesupport_introspection_c.h
-- Up-to-date symlink: /home/herring/rzddzy/install/mujoco_ros_msgs/include/mujoco_ros_msgs/mujoco_ros_msgs/msg/detail/sensor_noise_model__rosidl_typesupport_introspection_c.h
-- Up-to-date symlink: /home/herring/rzddzy/install/mujoco_ros_msgs/include/mujoco_ros_msgs/mujoco_ros_msgs/msg/detail/sim_info__rosidl_typesupport_introspection_c.h
-- Up-to-date symlink: /home/herring/rzddzy/install/mujoco_ros_msgs/include/mujoco_ros_msgs/mujoco_ros_msgs/msg/detail/solver_parameters__rosidl_typesupport_introspection_c.h
-- Up-to-date symlink: /home/herring/rzddzy/install/mujoco_ros_msgs/include/mujoco_ros_msgs/mujoco_ros_msgs/msg/detail/state_uint__rosidl_typesupport_introspection_c.h
-- Up-to-date symlink: /home/herring/rzddzy/install/mujoco_ros_msgs/include/mujoco_ros_msgs/mujoco_ros_msgs/msg/rosidl_typesupport_introspection_c__visibility_control.h
-- Up-to-date symlink: /home/herring/rzddzy/install/mujoco_ros_msgs/include/mujoco_ros_msgs/mujoco_ros_msgs/srv/detail/get_body_state__rosidl_typesupport_introspection_c.h
-- Up-to-date symlink: /home/herring/rzddzy/install/mujoco_ros_msgs/include/mujoco_ros_msgs/mujoco_ros_msgs/srv/detail/get_equality_constraint_parameters__rosidl_typesupport_introspection_c.h
-- Up-to-date symlink: /home/herring/rzddzy/install/mujoco_ros_msgs/include/mujoco_ros_msgs/mujoco_ros_msgs/srv/detail/get_geom_properties__rosidl_typesupport_introspection_c.h
-- Up-to-date symlink: /home/herring/rzddzy/install/mujoco_ros_msgs/include/mujoco_ros_msgs/mujoco_ros_msgs/srv/detail/get_gravity__rosidl_typesupport_introspection_c.h
-- Up-to-date symlink: /home/herring/rzddzy/install/mujoco_ros_msgs/include/mujoco_ros_msgs/mujoco_ros_msgs/srv/detail/get_plugin_stats__rosidl_typesupport_introspection_c.h
-- Up-to-date symlink: /home/herring/rzddzy/install/mujoco_ros_msgs/include/mujoco_ros_msgs/mujoco_ros_msgs/srv/detail/get_sim_info__rosidl_typesupport_introspection_c.h
-- Up-to-date symlink: /home/herring/rzddzy/install/mujoco_ros_msgs/include/mujoco_ros_msgs/mujoco_ros_msgs/srv/detail/get_state_uint__rosidl_typesupport_introspection_c.h
-- Up-to-date symlink: /home/herring/rzddzy/install/mujoco_ros_msgs/include/mujoco_ros_msgs/mujoco_ros_msgs/srv/detail/register_sensor_noise_models__rosidl_typesupport_introspection_c.h
-- Up-to-date symlink: /home/herring/rzddzy/install/mujoco_ros_msgs/include/mujoco_ros_msgs/mujoco_ros_msgs/srv/detail/reload__rosidl_typesupport_introspection_c.h
-- Up-to-date symlink: /home/herring/rzddzy/install/mujoco_ros_msgs/include/mujoco_ros_msgs/mujoco_ros_msgs/srv/detail/reset_body_q_pos__rosidl_typesupport_introspection_c.h
-- Up-to-date symlink: /home/herring/rzddzy/install/mujoco_ros_msgs/include/mujoco_ros_msgs/mujoco_ros_msgs/srv/detail/set_body_state__rosidl_typesupport_introspection_c.h
-- Up-to-date symlink: /home/herring/rzddzy/install/mujoco_ros_msgs/include/mujoco_ros_msgs/mujoco_ros_msgs/srv/detail/set_equality_constraint_parameters__rosidl_typesupport_introspection_c.h
-- Up-to-date symlink: /home/herring/rzddzy/install/mujoco_ros_msgs/include/mujoco_ros_msgs/mujoco_ros_msgs/srv/detail/set_float__rosidl_typesupport_introspection_c.h
-- Up-to-date symlink: /home/herring/rzddzy/install/mujoco_ros_msgs/include/mujoco_ros_msgs/mujoco_ros_msgs/srv/detail/set_geom_properties__rosidl_typesupport_introspection_c.h
-- Up-to-date symlink: /home/herring/rzddzy/install/mujoco_ros_msgs/include/mujoco_ros_msgs/mujoco_ros_msgs/srv/detail/set_gravity__rosidl_typesupport_introspection_c.h
-- Up-to-date symlink: /home/herring/rzddzy/install/mujoco_ros_msgs/include/mujoco_ros_msgs/mujoco_ros_msgs/srv/detail/set_mocap_state__rosidl_typesupport_introspection_c.h
-- Up-to-date symlink: /home/herring/rzddzy/install/mujoco_ros_msgs/include/mujoco_ros_msgs/mujoco_ros_msgs/srv/detail/set_pause__rosidl_typesupport_introspection_c.h
-- Up-to-date symlink: /home/herring/rzddzy/install/mujoco_ros_msgs/include/mujoco_ros_msgs/mujoco_ros_msgs/action/detail/step__builder.hpp
-- Up-to-date symlink: /home/herring/rzddzy/install/mujoco_ros_msgs/include/mujoco_ros_msgs/mujoco_ros_msgs/action/detail/step__struct.hpp
-- Up-to-date symlink: /home/herring/rzddzy/install/mujoco_ros_msgs/include/mujoco_ros_msgs/mujoco_ros_msgs/action/detail/step__traits.hpp
-- Up-to-date symlink: /home/herring/rzddzy/install/mujoco_ros_msgs/include/mujoco_ros_msgs/mujoco_ros_msgs/action/detail/step__type_support.hpp
-- Up-to-date symlink: /home/herring/rzddzy/install/mujoco_ros_msgs/include/mujoco_ros_msgs/mujoco_ros_msgs/action/step.hpp
-- Up-to-date symlink: /home/herring/rzddzy/install/mujoco_ros_msgs/include/mujoco_ros_msgs/mujoco_ros_msgs/msg/body_state.hpp
-- Up-to-date symlink: /home/herring/rzddzy/install/mujoco_ros_msgs/include/mujoco_ros_msgs/mujoco_ros_msgs/msg/detail/body_state__builder.hpp
-- Up-to-date symlink: /home/herring/rzddzy/install/mujoco_ros_msgs/include/mujoco_ros_msgs/mujoco_ros_msgs/msg/detail/body_state__struct.hpp
-- Up-to-date symlink: /home/herring/rzddzy/install/mujoco_ros_msgs/include/mujoco_ros_msgs/mujoco_ros_msgs/msg/detail/body_state__traits.hpp
-- Up-to-date symlink: /home/herring/rzddzy/install/mujoco_ros_msgs/include/mujoco_ros_msgs/mujoco_ros_msgs/msg/detail/body_state__type_support.hpp
-- Up-to-date symlink: /home/herring/rzddzy/install/mujoco_ros_msgs/include/mujoco_ros_msgs/mujoco_ros_msgs/msg/detail/equality_constraint_parameters__builder.hpp
-- Up-to-date symlink: /home/herring/rzddzy/install/mujoco_ros_msgs/include/mujoco_ros_msgs/mujoco_ros_msgs/msg/detail/equality_constraint_parameters__struct.hpp
-- Up-to-date symlink: /home/herring/rzddzy/install/mujoco_ros_msgs/include/mujoco_ros_msgs/mujoco_ros_msgs/msg/detail/equality_constraint_parameters__traits.hpp
-- Up-to-date symlink: /home/herring/rzddzy/install/mujoco_ros_msgs/include/mujoco_ros_msgs/mujoco_ros_msgs/msg/detail/equality_constraint_parameters__type_support.hpp
-- Up-to-date symlink: /home/herring/rzddzy/install/mujoco_ros_msgs/include/mujoco_ros_msgs/mujoco_ros_msgs/msg/detail/equality_constraint_type__builder.hpp
-- Up-to-date symlink: /home/herring/rzddzy/install/mujoco_ros_msgs/include/mujoco_ros_msgs/mujoco_ros_msgs/msg/detail/equality_constraint_type__struct.hpp
-- Up-to-date symlink: /home/herring/rzddzy/install/mujoco_ros_msgs/include/mujoco_ros_msgs/mujoco_ros_msgs/msg/detail/equality_constraint_type__traits.hpp
-- Up-to-date symlink: /home/herring/rzddzy/install/mujoco_ros_msgs/include/mujoco_ros_msgs/mujoco_ros_msgs/msg/detail/equality_constraint_type__type_support.hpp
-- Up-to-date symlink: /home/herring/rzddzy/install/mujoco_ros_msgs/include/mujoco_ros_msgs/mujoco_ros_msgs/msg/detail/geom_properties__builder.hpp
-- Up-to-date symlink: /home/herring/rzddzy/install/mujoco_ros_msgs/include/mujoco_ros_msgs/mujoco_ros_msgs/msg/detail/geom_properties__struct.hpp
-- Up-to-date symlink: /home/herring/rzddzy/install/mujoco_ros_msgs/include/mujoco_ros_msgs/mujoco_ros_msgs/msg/detail/geom_properties__traits.hpp
-- Up-to-date symlink: /home/herring/rzddzy/install/mujoco_ros_msgs/include/mujoco_ros_msgs/mujoco_ros_msgs/msg/detail/geom_properties__type_support.hpp
-- Up-to-date symlink: /home/herring/rzddzy/install/mujoco_ros_msgs/include/mujoco_ros_msgs/mujoco_ros_msgs/msg/detail/geom_type__builder.hpp
-- Up-to-date symlink: /home/herring/rzddzy/install/mujoco_ros_msgs/include/mujoco_ros_msgs/mujoco_ros_msgs/msg/detail/geom_type__struct.hpp
-- Up-to-date symlink: /home/herring/rzddzy/install/mujoco_ros_msgs/include/mujoco_ros_msgs/mujoco_ros_msgs/msg/detail/geom_type__traits.hpp
-- Up-to-date symlink: /home/herring/rzddzy/install/mujoco_ros_msgs/include/mujoco_ros_msgs/mujoco_ros_msgs/msg/detail/geom_type__type_support.hpp
-- Up-to-date symlink: /home/herring/rzddzy/install/mujoco_ros_msgs/include/mujoco_ros_msgs/mujoco_ros_msgs/msg/detail/mocap_state__builder.hpp
-- Up-to-date symlink: /home/herring/rzddzy/install/mujoco_ros_msgs/include/mujoco_ros_msgs/mujoco_ros_msgs/msg/detail/mocap_state__struct.hpp
-- Up-to-date symlink: /home/herring/rzddzy/install/mujoco_ros_msgs/include/mujoco_ros_msgs/mujoco_ros_msgs/msg/detail/mocap_state__traits.hpp
-- Up-to-date symlink: /home/herring/rzddzy/install/mujoco_ros_msgs/include/mujoco_ros_msgs/mujoco_ros_msgs/msg/detail/mocap_state__type_support.hpp
-- Up-to-date symlink: /home/herring/rzddzy/install/mujoco_ros_msgs/include/mujoco_ros_msgs/mujoco_ros_msgs/msg/detail/plugin_stats__builder.hpp
-- Up-to-date symlink: /home/herring/rzddzy/install/mujoco_ros_msgs/include/mujoco_ros_msgs/mujoco_ros_msgs/msg/detail/plugin_stats__struct.hpp
-- Up-to-date symlink: /home/herring/rzddzy/install/mujoco_ros_msgs/include/mujoco_ros_msgs/mujoco_ros_msgs/msg/detail/plugin_stats__traits.hpp
-- Up-to-date symlink: /home/herring/rzddzy/install/mujoco_ros_msgs/include/mujoco_ros_msgs/mujoco_ros_msgs/msg/detail/plugin_stats__type_support.hpp
-- Up-to-date symlink: /home/herring/rzddzy/install/mujoco_ros_msgs/include/mujoco_ros_msgs/mujoco_ros_msgs/msg/detail/scalar_stamped__builder.hpp
-- Up-to-date symlink: /home/herring/rzddzy/install/mujoco_ros_msgs/include/mujoco_ros_msgs/mujoco_ros_msgs/msg/detail/scalar_stamped__struct.hpp
-- Up-to-date symlink: /home/herring/rzddzy/install/mujoco_ros_msgs/include/mujoco_ros_msgs/mujoco_ros_msgs/msg/detail/scalar_stamped__traits.hpp
-- Up-to-date symlink: /home/herring/rzddzy/install/mujoco_ros_msgs/include/mujoco_ros_msgs/mujoco_ros_msgs/msg/detail/scalar_stamped__type_support.hpp
-- Up-to-date symlink: /home/herring/rzddzy/install/mujoco_ros_msgs/include/mujoco_ros_msgs/mujoco_ros_msgs/msg/detail/sensor_noise_model__builder.hpp
-- Up-to-date symlink: /home/herring/rzddzy/install/mujoco_ros_msgs/include/mujoco_ros_msgs/mujoco_ros_msgs/msg/detail/sensor_noise_model__struct.hpp
-- Up-to-date symlink: /home/herring/rzddzy/install/mujoco_ros_msgs/include/mujoco_ros_msgs/mujoco_ros_msgs/msg/detail/sensor_noise_model__traits.hpp
-- Up-to-date symlink: /home/herring/rzddzy/install/mujoco_ros_msgs/include/mujoco_ros_msgs/mujoco_ros_msgs/msg/detail/sensor_noise_model__type_support.hpp
-- Up-to-date symlink: /home/herring/rzddzy/install/mujoco_ros_msgs/include/mujoco_ros_msgs/mujoco_ros_msgs/msg/detail/sim_info__builder.hpp
-- Up-to-date symlink: /home/herring/rzddzy/install/mujoco_ros_msgs/include/mujoco_ros_msgs/mujoco_ros_msgs/msg/detail/sim_info__struct.hpp
-- Up-to-date symlink: /home/herring/rzddzy/install/mujoco_ros_msgs/include/mujoco_ros_msgs/mujoco_ros_msgs/msg/detail/sim_info__traits.hpp
-- Up-to-date symlink: /home/herring/rzddzy/install/mujoco_ros_msgs/include/mujoco_ros_msgs/mujoco_ros_msgs/msg/detail/sim_info__type_support.hpp
-- Up-to-date symlink: /home/herring/rzddzy/install/mujoco_ros_msgs/include/mujoco_ros_msgs/mujoco_ros_msgs/msg/detail/solver_parameters__builder.hpp
-- Up-to-date symlink: /home/herring/rzddzy/install/mujoco_ros_msgs/include/mujoco_ros_msgs/mujoco_ros_msgs/msg/detail/solver_parameters__struct.hpp
-- Up-to-date symlink: /home/herring/rzddzy/install/mujoco_ros_msgs/include/mujoco_ros_msgs/mujoco_ros_msgs/msg/detail/solver_parameters__traits.hpp
-- Up-to-date symlink: /home/herring/rzddzy/install/mujoco_ros_msgs/include/mujoco_ros_msgs/mujoco_ros_msgs/msg/detail/solver_parameters__type_support.hpp
-- Up-to-date symlink: /home/herring/rzddzy/install/mujoco_ros_msgs/include/mujoco_ros_msgs/mujoco_ros_msgs/msg/detail/state_uint__builder.hpp
-- Up-to-date symlink: /home/herring/rzddzy/install/mujoco_ros_msgs/include/mujoco_ros_msgs/mujoco_ros_msgs/msg/detail/state_uint__struct.hpp
-- Up-to-date symlink: /home/herring/rzddzy/install/mujoco_ros_msgs/include/mujoco_ros_msgs/mujoco_ros_msgs/msg/detail/state_uint__traits.hpp
-- Up-to-date symlink: /home/herring/rzddzy/install/mujoco_ros_msgs/include/mujoco_ros_msgs/mujoco_ros_msgs/msg/detail/state_uint__type_support.hpp
-- Up-to-date symlink: /home/herring/rzddzy/install/mujoco_ros_msgs/include/mujoco_ros_msgs/mujoco_ros_msgs/msg/equality_constraint_parameters.hpp
-- Up-to-date symlink: /home/herring/rzddzy/install/mujoco_ros_msgs/include/mujoco_ros_msgs/mujoco_ros_msgs/msg/equality_constraint_type.hpp
-- Up-to-date symlink: /home/herring/rzddzy/install/mujoco_ros_msgs/include/mujoco_ros_msgs/mujoco_ros_msgs/msg/geom_properties.hpp
-- Up-to-date symlink: /home/herring/rzddzy/install/mujoco_ros_msgs/include/mujoco_ros_msgs/mujoco_ros_msgs/msg/geom_type.hpp
-- Up-to-date symlink: /home/herring/rzddzy/install/mujoco_ros_msgs/include/mujoco_ros_msgs/mujoco_ros_msgs/msg/mocap_state.hpp
-- Up-to-date symlink: /home/herring/rzddzy/install/mujoco_ros_msgs/include/mujoco_ros_msgs/mujoco_ros_msgs/msg/plugin_stats.hpp
-- Up-to-date symlink: /home/herring/rzddzy/install/mujoco_ros_msgs/include/mujoco_ros_msgs/mujoco_ros_msgs/msg/rosidl_generator_cpp__visibility_control.hpp
-- Up-to-date symlink: /home/herring/rzddzy/install/mujoco_ros_msgs/include/mujoco_ros_msgs/mujoco_ros_msgs/msg/scalar_stamped.hpp
-- Up-to-date symlink: /home/herring/rzddzy/install/mujoco_ros_msgs/include/mujoco_ros_msgs/mujoco_ros_msgs/msg/sensor_noise_model.hpp
-- Up-to-date symlink: /home/herring/rzddzy/install/mujoco_ros_msgs/include/mujoco_ros_msgs/mujoco_ros_msgs/msg/sim_info.hpp
-- Up-to-date symlink: /home/herring/rzddzy/install/mujoco_ros_msgs/include/mujoco_ros_msgs/mujoco_ros_msgs/msg/solver_parameters.hpp
-- Up-to-date symlink: /home/herring/rzddzy/install/mujoco_ros_msgs/include/mujoco_ros_msgs/mujoco_ros_msgs/msg/state_uint.hpp
-- Up-to-date symlink: /home/herring/rzddzy/install/mujoco_ros_msgs/include/mujoco_ros_msgs/mujoco_ros_msgs/srv/detail/get_body_state__builder.hpp
-- Up-to-date symlink: /home/herring/rzddzy/install/mujoco_ros_msgs/include/mujoco_ros_msgs/mujoco_ros_msgs/srv/detail/get_body_state__struct.hpp
-- Up-to-date symlink: /home/herring/rzddzy/install/mujoco_ros_msgs/include/mujoco_ros_msgs/mujoco_ros_msgs/srv/detail/get_body_state__traits.hpp
-- Up-to-date symlink: /home/herring/rzddzy/install/mujoco_ros_msgs/include/mujoco_ros_msgs/mujoco_ros_msgs/srv/detail/get_body_state__type_support.hpp
-- Up-to-date symlink: /home/herring/rzddzy/install/mujoco_ros_msgs/include/mujoco_ros_msgs/mujoco_ros_msgs/srv/detail/get_equality_constraint_parameters__builder.hpp
-- Up-to-date symlink: /home/herring/rzddzy/install/mujoco_ros_msgs/include/mujoco_ros_msgs/mujoco_ros_msgs/srv/detail/get_equality_constraint_parameters__struct.hpp
-- Up-to-date symlink: /home/herring/rzddzy/install/mujoco_ros_msgs/include/mujoco_ros_msgs/mujoco_ros_msgs/srv/detail/get_equality_constraint_parameters__traits.hpp
-- Up-to-date symlink: /home/herring/rzddzy/install/mujoco_ros_msgs/include/mujoco_ros_msgs/mujoco_ros_msgs/srv/detail/get_equality_constraint_parameters__type_support.hpp
-- Up-to-date symlink: /home/herring/rzddzy/install/mujoco_ros_msgs/include/mujoco_ros_msgs/mujoco_ros_msgs/srv/detail/get_geom_properties__builder.hpp
-- Up-to-date symlink: /home/herring/rzddzy/install/mujoco_ros_msgs/include/mujoco_ros_msgs/mujoco_ros_msgs/srv/detail/get_geom_properties__struct.hpp
-- Up-to-date symlink: /home/herring/rzddzy/install/mujoco_ros_msgs/include/mujoco_ros_msgs/mujoco_ros_msgs/srv/detail/get_geom_properties__traits.hpp
-- Up-to-date symlink: /home/herring/rzddzy/install/mujoco_ros_msgs/include/mujoco_ros_msgs/mujoco_ros_msgs/srv/detail/get_geom_properties__type_support.hpp
-- Up-to-date symlink: /home/herring/rzddzy/install/mujoco_ros_msgs/include/mujoco_ros_msgs/mujoco_ros_msgs/srv/detail/get_gravity__builder.hpp
-- Up-to-date symlink: /home/herring/rzddzy/install/mujoco_ros_msgs/include/mujoco_ros_msgs/mujoco_ros_msgs/srv/detail/get_gravity__struct.hpp
-- Up-to-date symlink: /home/herring/rzddzy/install/mujoco_ros_msgs/include/mujoco_ros_msgs/mujoco_ros_msgs/srv/detail/get_gravity__traits.hpp
-- Up-to-date symlink: /home/herring/rzddzy/install/mujoco_ros_msgs/include/mujoco_ros_msgs/mujoco_ros_msgs/srv/detail/get_gravity__type_support.hpp
-- Up-to-date symlink: /home/herring/rzddzy/install/mujoco_ros_msgs/include/mujoco_ros_msgs/mujoco_ros_msgs/srv/detail/get_plugin_stats__builder.hpp
-- Up-to-date symlink: /home/herring/rzddzy/install/mujoco_ros_msgs/include/mujoco_ros_msgs/mujoco_ros_msgs/srv/detail/get_plugin_stats__struct.hpp
-- Up-to-date symlink: /home/herring/rzddzy/install/mujoco_ros_msgs/include/mujoco_ros_msgs/mujoco_ros_msgs/srv/detail/get_plugin_stats__traits.hpp
-- Up-to-date symlink: /home/herring/rzddzy/install/mujoco_ros_msgs/include/mujoco_ros_msgs/mujoco_ros_msgs/srv/detail/get_plugin_stats__type_support.hpp
-- Up-to-date symlink: /home/herring/rzddzy/install/mujoco_ros_msgs/include/mujoco_ros_msgs/mujoco_ros_msgs/srv/detail/get_sim_info__builder.hpp
-- Up-to-date symlink: /home/herring/rzddzy/install/mujoco_ros_msgs/include/mujoco_ros_msgs/mujoco_ros_msgs/srv/detail/get_sim_info__struct.hpp
-- Up-to-date symlink: /home/herring/rzddzy/install/mujoco_ros_msgs/include/mujoco_ros_msgs/mujoco_ros_msgs/srv/detail/get_sim_info__traits.hpp
-- Up-to-date symlink: /home/herring/rzddzy/install/mujoco_ros_msgs/include/mujoco_ros_msgs/mujoco_ros_msgs/srv/detail/get_sim_info__type_support.hpp
-- Up-to-date symlink: /home/herring/rzddzy/install/mujoco_ros_msgs/include/mujoco_ros_msgs/mujoco_ros_msgs/srv/detail/get_state_uint__builder.hpp
-- Up-to-date symlink: /home/herring/rzddzy/install/mujoco_ros_msgs/include/mujoco_ros_msgs/mujoco_ros_msgs/srv/detail/get_state_uint__struct.hpp
-- Up-to-date symlink: /home/herring/rzddzy/install/mujoco_ros_msgs/include/mujoco_ros_msgs/mujoco_ros_msgs/srv/detail/get_state_uint__traits.hpp
-- Up-to-date symlink: /home/herring/rzddzy/install/mujoco_ros_msgs/include/mujoco_ros_msgs/mujoco_ros_msgs/srv/detail/get_state_uint__type_support.hpp
-- Up-to-date symlink: /home/herring/rzddzy/install/mujoco_ros_msgs/include/mujoco_ros_msgs/mujoco_ros_msgs/srv/detail/register_sensor_noise_models__builder.hpp
-- Up-to-date symlink: /home/herring/rzddzy/install/mujoco_ros_msgs/include/mujoco_ros_msgs/mujoco_ros_msgs/srv/detail/register_sensor_noise_models__struct.hpp
-- Up-to-date symlink: /home/herring/rzddzy/install/mujoco_ros_msgs/include/mujoco_ros_msgs/mujoco_ros_msgs/srv/detail/register_sensor_noise_models__traits.hpp
-- Up-to-date symlink: /home/herring/rzddzy/install/mujoco_ros_msgs/include/mujoco_ros_msgs/mujoco_ros_msgs/srv/detail/register_sensor_noise_models__type_support.hpp
-- Up-to-date symlink: /home/herring/rzddzy/install/mujoco_ros_msgs/include/mujoco_ros_msgs/mujoco_ros_msgs/srv/detail/reload__builder.hpp
-- Up-to-date symlink: /home/herring/rzddzy/install/mujoco_ros_msgs/include/mujoco_ros_msgs/mujoco_ros_msgs/srv/detail/reload__struct.hpp
-- Up-to-date symlink: /home/herring/rzddzy/install/mujoco_ros_msgs/include/mujoco_ros_msgs/mujoco_ros_msgs/srv/detail/reload__traits.hpp
-- Up-to-date symlink: /home/herring/rzddzy/install/mujoco_ros_msgs/include/mujoco_ros_msgs/mujoco_ros_msgs/srv/detail/reload__type_support.hpp
-- Up-to-date symlink: /home/herring/rzddzy/install/mujoco_ros_msgs/include/mujoco_ros_msgs/mujoco_ros_msgs/srv/detail/reset_body_q_pos__builder.hpp
-- Up-to-date symlink: /home/herring/rzddzy/install/mujoco_ros_msgs/include/mujoco_ros_msgs/mujoco_ros_msgs/srv/detail/reset_body_q_pos__struct.hpp
-- Up-to-date symlink: /home/herring/rzddzy/install/mujoco_ros_msgs/include/mujoco_ros_msgs/mujoco_ros_msgs/srv/detail/reset_body_q_pos__traits.hpp
-- Up-to-date symlink: /home/herring/rzddzy/install/mujoco_ros_msgs/include/mujoco_ros_msgs/mujoco_ros_msgs/srv/detail/reset_body_q_pos__type_support.hpp
-- Up-to-date symlink: /home/herring/rzddzy/install/mujoco_ros_msgs/include/mujoco_ros_msgs/mujoco_ros_msgs/srv/detail/set_body_state__builder.hpp
-- Up-to-date symlink: /home/herring/rzddzy/install/mujoco_ros_msgs/include/mujoco_ros_msgs/mujoco_ros_msgs/srv/detail/set_body_state__struct.hpp
-- Up-to-date symlink: /home/herring/rzddzy/install/mujoco_ros_msgs/include/mujoco_ros_msgs/mujoco_ros_msgs/srv/detail/set_body_state__traits.hpp
-- Up-to-date symlink: /home/herring/rzddzy/install/mujoco_ros_msgs/include/mujoco_ros_msgs/mujoco_ros_msgs/srv/detail/set_body_state__type_support.hpp
-- Up-to-date symlink: /home/herring/rzddzy/install/mujoco_ros_msgs/include/mujoco_ros_msgs/mujoco_ros_msgs/srv/detail/set_equality_constraint_parameters__builder.hpp
-- Up-to-date symlink: /home/herring/rzddzy/install/mujoco_ros_msgs/include/mujoco_ros_msgs/mujoco_ros_msgs/srv/detail/set_equality_constraint_parameters__struct.hpp
-- Up-to-date symlink: /home/herring/rzddzy/install/mujoco_ros_msgs/include/mujoco_ros_msgs/mujoco_ros_msgs/srv/detail/set_equality_constraint_parameters__traits.hpp
-- Up-to-date symlink: /home/herring/rzddzy/install/mujoco_ros_msgs/include/mujoco_ros_msgs/mujoco_ros_msgs/srv/detail/set_equality_constraint_parameters__type_support.hpp
-- Up-to-date symlink: /home/herring/rzddzy/install/mujoco_ros_msgs/include/mujoco_ros_msgs/mujoco_ros_msgs/srv/detail/set_float__builder.hpp
-- Up-to-date symlink: /home/herring/rzddzy/install/mujoco_ros_msgs/include/mujoco_ros_msgs/mujoco_ros_msgs/srv/detail/set_float__struct.hpp
-- Up-to-date symlink: /home/herring/rzddzy/install/mujoco_ros_msgs/include/mujoco_ros_msgs/mujoco_ros_msgs/srv/detail/set_float__traits.hpp
-- Up-to-date symlink: /home/herring/rzddzy/install/mujoco_ros_msgs/include/mujoco_ros_msgs/mujoco_ros_msgs/srv/detail/set_float__type_support.hpp
-- Up-to-date symlink: /home/herring/rzddzy/install/mujoco_ros_msgs/include/mujoco_ros_msgs/mujoco_ros_msgs/srv/detail/set_geom_properties__builder.hpp
-- Up-to-date symlink: /home/herring/rzddzy/install/mujoco_ros_msgs/include/mujoco_ros_msgs/mujoco_ros_msgs/srv/detail/set_geom_properties__struct.hpp
-- Up-to-date symlink: /home/herring/rzddzy/install/mujoco_ros_msgs/include/mujoco_ros_msgs/mujoco_ros_msgs/srv/detail/set_geom_properties__traits.hpp
-- Up-to-date symlink: /home/herring/rzddzy/install/mujoco_ros_msgs/include/mujoco_ros_msgs/mujoco_ros_msgs/srv/detail/set_geom_properties__type_support.hpp
-- Up-to-date symlink: /home/herring/rzddzy/install/mujoco_ros_msgs/include/mujoco_ros_msgs/mujoco_ros_msgs/srv/detail/set_gravity__builder.hpp
-- Up-to-date symlink: /home/herring/rzddzy/install/mujoco_ros_msgs/include/mujoco_ros_msgs/mujoco_ros_msgs/srv/detail/set_gravity__struct.hpp
-- Up-to-date symlink: /home/herring/rzddzy/install/mujoco_ros_msgs/include/mujoco_ros_msgs/mujoco_ros_msgs/srv/detail/set_gravity__traits.hpp
-- Up-to-date symlink: /home/herring/rzddzy/install/mujoco_ros_msgs/include/mujoco_ros_msgs/mujoco_ros_msgs/srv/detail/set_gravity__type_support.hpp
-- Up-to-date symlink: /home/herring/rzddzy/install/mujoco_ros_msgs/include/mujoco_ros_msgs/mujoco_ros_msgs/srv/detail/set_mocap_state__builder.hpp
-- Up-to-date symlink: /home/herring/rzddzy/install/mujoco_ros_msgs/include/mujoco_ros_msgs/mujoco_ros_msgs/srv/detail/set_mocap_state__struct.hpp
-- Up-to-date symlink: /home/herring/rzddzy/install/mujoco_ros_msgs/include/mujoco_ros_msgs/mujoco_ros_msgs/srv/detail/set_mocap_state__traits.hpp
-- Up-to-date symlink: /home/herring/rzddzy/install/mujoco_ros_msgs/include/mujoco_ros_msgs/mujoco_ros_msgs/srv/detail/set_mocap_state__type_support.hpp
-- Up-to-date symlink: /home/herring/rzddzy/install/mujoco_ros_msgs/include/mujoco_ros_msgs/mujoco_ros_msgs/srv/detail/set_pause__builder.hpp
-- Up-to-date symlink: /home/herring/rzddzy/install/mujoco_ros_msgs/include/mujoco_ros_msgs/mujoco_ros_msgs/srv/detail/set_pause__struct.hpp
-- Up-to-date symlink: /home/herring/rzddzy/install/mujoco_ros_msgs/include/mujoco_ros_msgs/mujoco_ros_msgs/srv/detail/set_pause__traits.hpp
-- Up-to-date symlink: /home/herring/rzddzy/install/mujoco_ros_msgs/include/mujoco_ros_msgs/mujoco_ros_msgs/srv/detail/set_pause__type_support.hpp
-- Up-to-date symlink: /home/herring/rzddzy/install/mujoco_ros_msgs/include/mujoco_ros_msgs/mujoco_ros_msgs/srv/get_body_state.hpp
-- Up-to-date symlink: /home/herring/rzddzy/install/mujoco_ros_msgs/include/mujoco_ros_msgs/mujoco_ros_msgs/srv/get_equality_constraint_parameters.hpp
-- Up-to-date symlink: /home/herring/rzddzy/install/mujoco_ros_msgs/include/mujoco_ros_msgs/mujoco_ros_msgs/srv/get_geom_properties.hpp
-- Up-to-date symlink: /home/herring/rzddzy/install/mujoco_ros_msgs/include/mujoco_ros_msgs/mujoco_ros_msgs/srv/get_gravity.hpp
-- Up-to-date symlink: /home/herring/rzddzy/install/mujoco_ros_msgs/include/mujoco_ros_msgs/mujoco_ros_msgs/srv/get_plugin_stats.hpp
-- Up-to-date symlink: /home/herring/rzddzy/install/mujoco_ros_msgs/include/mujoco_ros_msgs/mujoco_ros_msgs/srv/get_sim_info.hpp
-- Up-to-date symlink: /home/herring/rzddzy/install/mujoco_ros_msgs/include/mujoco_ros_msgs/mujoco_ros_msgs/srv/get_state_uint.hpp
-- Up-to-date symlink: /home/herring/rzddzy/install/mujoco_ros_msgs/include/mujoco_ros_msgs/mujoco_ros_msgs/srv/register_sensor_noise_models.hpp
-- Up-to-date symlink: /home/herring/rzddzy/install/mujoco_ros_msgs/include/mujoco_ros_msgs/mujoco_ros_msgs/srv/reload.hpp
-- Up-to-date symlink: /home/herring/rzddzy/install/mujoco_ros_msgs/include/mujoco_ros_msgs/mujoco_ros_msgs/srv/reset_body_q_pos.hpp
-- Up-to-date symlink: /home/herring/rzddzy/install/mujoco_ros_msgs/include/mujoco_ros_msgs/mujoco_ros_msgs/srv/set_body_state.hpp
-- Up-to-date symlink: /home/herring/rzddzy/install/mujoco_ros_msgs/include/mujoco_ros_msgs/mujoco_ros_msgs/srv/set_equality_constraint_parameters.hpp
-- Up-to-date symlink: /home/herring/rzddzy/install/mujoco_ros_msgs/include/mujoco_ros_msgs/mujoco_ros_msgs/srv/set_float.hpp
-- Up-to-date symlink: /home/herring/rzddzy/install/mujoco_ros_msgs/include/mujoco_ros_msgs/mujoco_ros_msgs/srv/set_geom_properties.hpp
-- Up-to-date symlink: /home/herring/rzddzy/install/mujoco_ros_msgs/include/mujoco_ros_msgs/mujoco_ros_msgs/srv/set_gravity.hpp
-- Up-to-date symlink: /home/herring/rzddzy/install/mujoco_ros_msgs/include/mujoco_ros_msgs/mujoco_ros_msgs/srv/set_mocap_state.hpp
-- Up-to-date symlink: /home/herring/rzddzy/install/mujoco_ros_msgs/include/mujoco_ros_msgs/mujoco_ros_msgs/srv/set_pause.hpp
-- Up-to-date symlink: /home/herring/rzddzy/install/mujoco_ros_msgs/include/mujoco_ros_msgs/mujoco_ros_msgs/action/detail/step__rosidl_typesupport_fastrtps_cpp.hpp
-- Up-to-date symlink: /home/herring/rzddzy/install/mujoco_ros_msgs/include/mujoco_ros_msgs/mujoco_ros_msgs/msg/detail/body_state__rosidl_typesupport_fastrtps_cpp.hpp
-- Up-to-date symlink: /home/herring/rzddzy/install/mujoco_ros_msgs/include/mujoco_ros_msgs/mujoco_ros_msgs/msg/detail/equality_constraint_parameters__rosidl_typesupport_fastrtps_cpp.hpp
-- Up-to-date symlink: /home/herring/rzddzy/install/mujoco_ros_msgs/include/mujoco_ros_msgs/mujoco_ros_msgs/msg/detail/equality_constraint_type__rosidl_typesupport_fastrtps_cpp.hpp
-- Up-to-date symlink: /home/herring/rzddzy/install/mujoco_ros_msgs/include/mujoco_ros_msgs/mujoco_ros_msgs/msg/detail/geom_properties__rosidl_typesupport_fastrtps_cpp.hpp
-- Up-to-date symlink: /home/herring/rzddzy/install/mujoco_ros_msgs/include/mujoco_ros_msgs/mujoco_ros_msgs/msg/detail/geom_type__rosidl_typesupport_fastrtps_cpp.hpp
-- Up-to-date symlink: /home/herring/rzddzy/install/mujoco_ros_msgs/include/mujoco_ros_msgs/mujoco_ros_msgs/msg/detail/mocap_state__rosidl_typesupport_fastrtps_cpp.hpp
-- Up-to-date symlink: /home/herring/rzddzy/install/mujoco_ros_msgs/include/mujoco_ros_msgs/mujoco_ros_msgs/msg/detail/plugin_stats__rosidl_typesupport_fastrtps_cpp.hpp
-- Up-to-date symlink: /home/herring/rzddzy/install/mujoco_ros_msgs/include/mujoco_ros_msgs/mujoco_ros_msgs/msg/detail/scalar_stamped__rosidl_typesupport_fastrtps_cpp.hpp
-- Up-to-date symlink: /home/herring/rzddzy/install/mujoco_ros_msgs/include/mujoco_ros_msgs/mujoco_ros_msgs/msg/detail/sensor_noise_model__rosidl_typesupport_fastrtps_cpp.hpp
-- Up-to-date symlink: /home/herring/rzddzy/install/mujoco_ros_msgs/include/mujoco_ros_msgs/mujoco_ros_msgs/msg/detail/sim_info__rosidl_typesupport_fastrtps_cpp.hpp
-- Up-to-date symlink: /home/herring/rzddzy/install/mujoco_ros_msgs/include/mujoco_ros_msgs/mujoco_ros_msgs/msg/detail/solver_parameters__rosidl_typesupport_fastrtps_cpp.hpp
-- Up-to-date symlink: /home/herring/rzddzy/install/mujoco_ros_msgs/include/mujoco_ros_msgs/mujoco_ros_msgs/msg/detail/state_uint__rosidl_typesupport_fastrtps_cpp.hpp
-- Up-to-date symlink: /home/herring/rzddzy/install/mujoco_ros_msgs/include/mujoco_ros_msgs/mujoco_ros_msgs/msg/rosidl_typesupport_fastrtps_cpp__visibility_control.h
-- Up-to-date symlink: /home/herring/rzddzy/install/mujoco_ros_msgs/include/mujoco_ros_msgs/mujoco_ros_msgs/srv/detail/get_body_state__rosidl_typesupport_fastrtps_cpp.hpp
-- Up-to-date symlink: /home/herring/rzddzy/install/mujoco_ros_msgs/include/mujoco_ros_msgs/mujoco_ros_msgs/srv/detail/get_equality_constraint_parameters__rosidl_typesupport_fastrtps_cpp.hpp
-- Up-to-date symlink: /home/herring/rzddzy/install/mujoco_ros_msgs/include/mujoco_ros_msgs/mujoco_ros_msgs/srv/detail/get_geom_properties__rosidl_typesupport_fastrtps_cpp.hpp
-- Up-to-date symlink: /home/herring/rzddzy/install/mujoco_ros_msgs/include/mujoco_ros_msgs/mujoco_ros_msgs/srv/detail/get_gravity__rosidl_typesupport_fastrtps_cpp.hpp
-- Up-to-date symlink: /home/herring/rzddzy/install/mujoco_ros_msgs/include/mujoco_ros_msgs/mujoco_ros_msgs/srv/detail/get_plugin_stats__rosidl_typesupport_fastrtps_cpp.hpp
-- Up-to-date symlink: /home/herring/rzddzy/install/mujoco_ros_msgs/include/mujoco_ros_msgs/mujoco_ros_msgs/srv/detail/get_sim_info__rosidl_typesupport_fastrtps_cpp.hpp
-- Up-to-date symlink: /home/herring/rzddzy/install/mujoco_ros_msgs/include/mujoco_ros_msgs/mujoco_ros_msgs/srv/detail/get_state_uint__rosidl_typesupport_fastrtps_cpp.hpp
-- Up-to-date symlink: /home/herring/rzddzy/install/mujoco_ros_msgs/include/mujoco_ros_msgs/mujoco_ros_msgs/srv/detail/register_sensor_noise_models__rosidl_typesupport_fastrtps_cpp.hpp
-- Up-to-date symlink: /home/herring/rzddzy/install/mujoco_ros_msgs/include/mujoco_ros_msgs/mujoco_ros_msgs/srv/detail/reload__rosidl_typesupport_fastrtps_cpp.hpp
-- Up-to-date symlink: /home/herring/rzddzy/install/mujoco_ros_msgs/include/mujoco_ros_msgs/mujoco_ros_msgs/srv/detail/reset_body_q_pos__rosidl_typesupport_fastrtps_cpp.hpp
-- Up-to-date symlink: /home/herring/rzddzy/install/mujoco_ros_msgs/include/mujoco_ros_msgs/mujoco_ros_msgs/srv/detail/set_body_state__rosidl_typesupport_fastrtps_cpp.hpp
-- Up-to-date symlink: /home/herring/rzddzy/install/mujoco_ros_msgs/include/mujoco_ros_msgs/mujoco_ros_msgs/srv/detail/set_equality_constraint_parameters__rosidl_typesupport_fastrtps_cpp.hpp
-- Up-to-date symlink: /home/herring/rzddzy/install/mujoco_ros_msgs/include/mujoco_ros_msgs/mujoco_ros_msgs/srv/detail/set_float__rosidl_typesupport_fastrtps_cpp.hpp
-- Up-to-date symlink: /home/herring/rzddzy/install/mujoco_ros_msgs/include/mujoco_ros_msgs/mujoco_ros_msgs/srv/detail/set_geom_properties__rosidl_typesupport_fastrtps_cpp.hpp
-- Up-to-date symlink: /home/herring/rzddzy/install/mujoco_ros_msgs/include/mujoco_ros_msgs/mujoco_ros_msgs/srv/detail/set_gravity__rosidl_typesupport_fastrtps_cpp.hpp
-- Up-to-date symlink: /home/herring/rzddzy/install/mujoco_ros_msgs/include/mujoco_ros_msgs/mujoco_ros_msgs/srv/detail/set_mocap_state__rosidl_typesupport_fastrtps_cpp.hpp
-- Up-to-date symlink: /home/herring/rzddzy/install/mujoco_ros_msgs/include/mujoco_ros_msgs/mujoco_ros_msgs/srv/detail/set_pause__rosidl_typesupport_fastrtps_cpp.hpp
-- Up-to-date symlink: /home/herring/rzddzy/install/mujoco_ros_msgs/include/mujoco_ros_msgs/mujoco_ros_msgs/action/detail/step__rosidl_typesupport_introspection_cpp.hpp
-- Up-to-date symlink: /home/herring/rzddzy/install/mujoco_ros_msgs/include/mujoco_ros_msgs/mujoco_ros_msgs/msg/detail/body_state__rosidl_typesupport_introspection_cpp.hpp
-- Up-to-date symlink: /home/herring/rzddzy/install/mujoco_ros_msgs/include/mujoco_ros_msgs/mujoco_ros_msgs/msg/detail/equality_constraint_parameters__rosidl_typesupport_introspection_cpp.hpp
-- Up-to-date symlink: /home/herring/rzddzy/install/mujoco_ros_msgs/include/mujoco_ros_msgs/mujoco_ros_msgs/msg/detail/equality_constraint_type__rosidl_typesupport_introspection_cpp.hpp
-- Up-to-date symlink: /home/herring/rzddzy/install/mujoco_ros_msgs/include/mujoco_ros_msgs/mujoco_ros_msgs/msg/detail/geom_properties__rosidl_typesupport_introspection_cpp.hpp
-- Up-to-date symlink: /home/herring/rzddzy/install/mujoco_ros_msgs/include/mujoco_ros_msgs/mujoco_ros_msgs/msg/detail/geom_type__rosidl_typesupport_introspection_cpp.hpp
-- Up-to-date symlink: /home/herring/rzddzy/install/mujoco_ros_msgs/include/mujoco_ros_msgs/mujoco_ros_msgs/msg/detail/mocap_state__rosidl_typesupport_introspection_cpp.hpp
-- Up-to-date symlink: /home/herring/rzddzy/install/mujoco_ros_msgs/include/mujoco_ros_msgs/mujoco_ros_msgs/msg/detail/plugin_stats__rosidl_typesupport_introspection_cpp.hpp
-- Up-to-date symlink: /home/herring/rzddzy/install/mujoco_ros_msgs/include/mujoco_ros_msgs/mujoco_ros_msgs/msg/detail/scalar_stamped__rosidl_typesupport_introspection_cpp.hpp
-- Up-to-date symlink: /home/herring/rzddzy/install/mujoco_ros_msgs/include/mujoco_ros_msgs/mujoco_ros_msgs/msg/detail/sensor_noise_model__rosidl_typesupport_introspection_cpp.hpp
-- Up-to-date symlink: /home/herring/rzddzy/install/mujoco_ros_msgs/include/mujoco_ros_msgs/mujoco_ros_msgs/msg/detail/sim_info__rosidl_typesupport_introspection_cpp.hpp
-- Up-to-date symlink: /home/herring/rzddzy/install/mujoco_ros_msgs/include/mujoco_ros_msgs/mujoco_ros_msgs/msg/detail/solver_parameters__rosidl_typesupport_introspection_cpp.hpp
-- Up-to-date symlink: /home/herring/rzddzy/install/mujoco_ros_msgs/include/mujoco_ros_msgs/mujoco_ros_msgs/msg/detail/state_uint__rosidl_typesupport_introspection_cpp.hpp
-- Up-to-date symlink: /home/herring/rzddzy/install/mujoco_ros_msgs/include/mujoco_ros_msgs/mujoco_ros_msgs/srv/detail/get_body_state__rosidl_typesupport_introspection_cpp.hpp
-- Up-to-date symlink: /home/herring/rzddzy/install/mujoco_ros_msgs/include/mujoco_ros_msgs/mujoco_ros_msgs/srv/detail/get_equality_constraint_parameters__rosidl_typesupport_introspection_cpp.hpp
-- Up-to-date symlink: /home/herring/rzddzy/install/mujoco_ros_msgs/include/mujoco_ros_msgs/mujoco_ros_msgs/srv/detail/get_geom_properties__rosidl_typesupport_introspection_cpp.hpp
-- Up-to-date symlink: /home/herring/rzddzy/install/mujoco_ros_msgs/include/mujoco_ros_msgs/mujoco_ros_msgs/srv/detail/get_gravity__rosidl_typesupport_introspection_cpp.hpp
-- Up-to-date symlink: /home/herring/rzddzy/install/mujoco_ros_msgs/include/mujoco_ros_msgs/mujoco_ros_msgs/srv/detail/get_plugin_stats__rosidl_typesupport_introspection_cpp.hpp
-- Up-to-date symlink: /home/herring/rzddzy/install/mujoco_ros_msgs/include/mujoco_ros_msgs/mujoco_ros_msgs/srv/detail/get_sim_info__rosidl_typesupport_introspection_cpp.hpp
-- Up-to-date symlink: /home/herring/rzddzy/install/mujoco_ros_msgs/include/mujoco_ros_msgs/mujoco_ros_msgs/srv/detail/get_state_uint__rosidl_typesupport_introspection_cpp.hpp
-- Up-to-date symlink: /home/herring/rzddzy/install/mujoco_ros_msgs/include/mujoco_ros_msgs/mujoco_ros_msgs/srv/detail/register_sensor_noise_models__rosidl_typesupport_introspection_cpp.hpp
-- Up-to-date symlink: /home/herring/rzddzy/install/mujoco_ros_msgs/include/mujoco_ros_msgs/mujoco_ros_msgs/srv/detail/reload__rosidl_typesupport_introspection_cpp.hpp
-- Up-to-date symlink: /home/herring/rzddzy/install/mujoco_ros_msgs/include/mujoco_ros_msgs/mujoco_ros_msgs/srv/detail/reset_body_q_pos__rosidl_typesupport_introspection_cpp.hpp
-- Up-to-date symlink: /home/herring/rzddzy/install/mujoco_ros_msgs/include/mujoco_ros_msgs/mujoco_ros_msgs/srv/detail/set_body_state__rosidl_typesupport_introspection_cpp.hpp
-- Up-to-date symlink: /home/herring/rzddzy/install/mujoco_ros_msgs/include/mujoco_ros_msgs/mujoco_ros_msgs/srv/detail/set_equality_constraint_parameters__rosidl_typesupport_introspection_cpp.hpp
-- Up-to-date symlink: /home/herring/rzddzy/install/mujoco_ros_msgs/include/mujoco_ros_msgs/mujoco_ros_msgs/srv/detail/set_float__rosidl_typesupport_introspection_cpp.hpp
-- Up-to-date symlink: /home/herring/rzddzy/install/mujoco_ros_msgs/include/mujoco_ros_msgs/mujoco_ros_msgs/srv/detail/set_geom_properties__rosidl_typesupport_introspection_cpp.hpp
-- Up-to-date symlink: /home/herring/rzddzy/install/mujoco_ros_msgs/include/mujoco_ros_msgs/mujoco_ros_msgs/srv/detail/set_gravity__rosidl_typesupport_introspection_cpp.hpp
-- Up-to-date symlink: /home/herring/rzddzy/install/mujoco_ros_msgs/include/mujoco_ros_msgs/mujoco_ros_msgs/srv/detail/set_mocap_state__rosidl_typesupport_introspection_cpp.hpp
-- Up-to-date symlink: /home/herring/rzddzy/install/mujoco_ros_msgs/include/mujoco_ros_msgs/mujoco_ros_msgs/srv/detail/set_pause__rosidl_typesupport_introspection_cpp.hpp
-- Up-to-date symlink: /home/herring/rzddzy/install/mujoco_ros_msgs/share/mujoco_ros_msgs/environment/pythonpath.sh
-- Up-to-date symlink: /home/herring/rzddzy/install/mujoco_ros_msgs/share/mujoco_ros_msgs/environment/pythonpath.dsv
-- Up-to-date symlink: /home/herring/rzddzy/install/mujoco_ros_msgs/lib/python3.12/site-packages/mujoco_ros_msgs-0.9.0-py3.12.egg-info/PKG-INFO
-- Up-to-date symlink: /home/herring/rzddzy/install/mujoco_ros_msgs/lib/python3.12/site-packages/mujoco_ros_msgs-0.9.0-py3.12.egg-info/SOURCES.txt
-- Up-to-date symlink: /home/herring/rzddzy/install/mujoco_ros_msgs/lib/python3.12/site-packages/mujoco_ros_msgs-0.9.0-py3.12.egg-info/dependency_links.txt
-- Up-to-date symlink: /home/herring/rzddzy/install/mujoco_ros_msgs/lib/python3.12/site-packages/mujoco_ros_msgs-0.9.0-py3.12.egg-info/top_level.txt
-- Up-to-date symlink: /home/herring/rzddzy/install/mujoco_ros_msgs/lib/python3.12/site-packages/mujoco_ros_msgs/__init__.py
-- Up-to-date symlink: /home/herring/rzddzy/install/mujoco_ros_msgs/lib/python3.12/site-packages/mujoco_ros_msgs/_mujoco_ros_msgs_s.ep.rosidl_typesupport_c.c
-- Up-to-date symlink: /home/herring/rzddzy/install/mujoco_ros_msgs/lib/python3.12/site-packages/mujoco_ros_msgs/_mujoco_ros_msgs_s.ep.rosidl_typesupport_fastrtps_c.c
-- Up-to-date symlink: /home/herring/rzddzy/install/mujoco_ros_msgs/lib/python3.12/site-packages/mujoco_ros_msgs/_mujoco_ros_msgs_s.ep.rosidl_typesupport_introspection_c.c
-- Up-to-date symlink: /home/herring/rzddzy/install/mujoco_ros_msgs/lib/python3.12/site-packages/mujoco_ros_msgs/action/__init__.py
-- Up-to-date symlink: /home/herring/rzddzy/install/mujoco_ros_msgs/lib/python3.12/site-packages/mujoco_ros_msgs/action/_step.py
-- Up-to-date symlink: /home/herring/rzddzy/install/mujoco_ros_msgs/lib/python3.12/site-packages/mujoco_ros_msgs/action/_step_s.c
-- Up-to-date symlink: /home/herring/rzddzy/install/mujoco_ros_msgs/lib/python3.12/site-packages/mujoco_ros_msgs/msg/__init__.py
-- Up-to-date symlink: /home/herring/rzddzy/install/mujoco_ros_msgs/lib/python3.12/site-packages/mujoco_ros_msgs/msg/_body_state.py
-- Up-to-date symlink: /home/herring/rzddzy/install/mujoco_ros_msgs/lib/python3.12/site-packages/mujoco_ros_msgs/msg/_body_state_s.c
-- Up-to-date symlink: /home/herring/rzddzy/install/mujoco_ros_msgs/lib/python3.12/site-packages/mujoco_ros_msgs/msg/_equality_constraint_parameters.py
-- Up-to-date symlink: /home/herring/rzddzy/install/mujoco_ros_msgs/lib/python3.12/site-packages/mujoco_ros_msgs/msg/_equality_constraint_parameters_s.c
-- Up-to-date symlink: /home/herring/rzddzy/install/mujoco_ros_msgs/lib/python3.12/site-packages/mujoco_ros_msgs/msg/_equality_constraint_type.py
-- Up-to-date symlink: /home/herring/rzddzy/install/mujoco_ros_msgs/lib/python3.12/site-packages/mujoco_ros_msgs/msg/_equality_constraint_type_s.c
-- Up-to-date symlink: /home/herring/rzddzy/install/mujoco_ros_msgs/lib/python3.12/site-packages/mujoco_ros_msgs/msg/_geom_properties.py
-- Up-to-date symlink: /home/herring/rzddzy/install/mujoco_ros_msgs/lib/python3.12/site-packages/mujoco_ros_msgs/msg/_geom_properties_s.c
-- Up-to-date symlink: /home/herring/rzddzy/install/mujoco_ros_msgs/lib/python3.12/site-packages/mujoco_ros_msgs/msg/_geom_type.py
-- Up-to-date symlink: /home/herring/rzddzy/install/mujoco_ros_msgs/lib/python3.12/site-packages/mujoco_ros_msgs/msg/_geom_type_s.c
-- Up-to-date symlink: /home/herring/rzddzy/install/mujoco_ros_msgs/lib/python3.12/site-packages/mujoco_ros_msgs/msg/_mocap_state.py
-- Up-to-date symlink: /home/herring/rzddzy/install/mujoco_ros_msgs/lib/python3.12/site-packages/mujoco_ros_msgs/msg/_mocap_state_s.c
-- Up-to-date symlink: /home/herring/rzddzy/install/mujoco_ros_msgs/lib/python3.12/site-packages/mujoco_ros_msgs/msg/_plugin_stats.py
-- Up-to-date symlink: /home/herring/rzddzy/install/mujoco_ros_msgs/lib/python3.12/site-packages/mujoco_ros_msgs/msg/_plugin_stats_s.c
-- Up-to-date symlink: /home/herring/rzddzy/install/mujoco_ros_msgs/lib/python3.12/site-packages/mujoco_ros_msgs/msg/_scalar_stamped.py
-- Up-to-date symlink: /home/herring/rzddzy/install/mujoco_ros_msgs/lib/python3.12/site-packages/mujoco_ros_msgs/msg/_scalar_stamped_s.c
-- Up-to-date symlink: /home/herring/rzddzy/install/mujoco_ros_msgs/lib/python3.12/site-packages/mujoco_ros_msgs/msg/_sensor_noise_model.py
-- Up-to-date symlink: /home/herring/rzddzy/install/mujoco_ros_msgs/lib/python3.12/site-packages/mujoco_ros_msgs/msg/_sensor_noise_model_s.c
-- Up-to-date symlink: /home/herring/rzddzy/install/mujoco_ros_msgs/lib/python3.12/site-packages/mujoco_ros_msgs/msg/_sim_info.py
-- Up-to-date symlink: /home/herring/rzddzy/install/mujoco_ros_msgs/lib/python3.12/site-packages/mujoco_ros_msgs/msg/_sim_info_s.c
-- Up-to-date symlink: /home/herring/rzddzy/install/mujoco_ros_msgs/lib/python3.12/site-packages/mujoco_ros_msgs/msg/_solver_parameters.py
-- Up-to-date symlink: /home/herring/rzddzy/install/mujoco_ros_msgs/lib/python3.12/site-packages/mujoco_ros_msgs/msg/_solver_parameters_s.c
-- Up-to-date symlink: /home/herring/rzddzy/install/mujoco_ros_msgs/lib/python3.12/site-packages/mujoco_ros_msgs/msg/_state_uint.py
-- Up-to-date symlink: /home/herring/rzddzy/install/mujoco_ros_msgs/lib/python3.12/site-packages/mujoco_ros_msgs/msg/_state_uint_s.c
-- Up-to-date symlink: /home/herring/rzddzy/install/mujoco_ros_msgs/lib/python3.12/site-packages/mujoco_ros_msgs/mujoco_ros_msgs_s__rosidl_typesupport_c.so
-- Up-to-date symlink: /home/herring/rzddzy/install/mujoco_ros_msgs/lib/python3.12/site-packages/mujoco_ros_msgs/mujoco_ros_msgs_s__rosidl_typesupport_fastrtps_c.so
-- Up-to-date symlink: /home/herring/rzddzy/install/mujoco_ros_msgs/lib/python3.12/site-packages/mujoco_ros_msgs/mujoco_ros_msgs_s__rosidl_typesupport_introspection_c.so
-- Up-to-date symlink: /home/herring/rzddzy/install/mujoco_ros_msgs/lib/python3.12/site-packages/mujoco_ros_msgs/srv/__init__.py
-- Up-to-date symlink: /home/herring/rzddzy/install/mujoco_ros_msgs/lib/python3.12/site-packages/mujoco_ros_msgs/srv/_get_body_state.py
-- Up-to-date symlink: /home/herring/rzddzy/install/mujoco_ros_msgs/lib/python3.12/site-packages/mujoco_ros_msgs/srv/_get_body_state_s.c
-- Up-to-date symlink: /home/herring/rzddzy/install/mujoco_ros_msgs/lib/python3.12/site-packages/mujoco_ros_msgs/srv/_get_equality_constraint_parameters.py
-- Up-to-date symlink: /home/herring/rzddzy/install/mujoco_ros_msgs/lib/python3.12/site-packages/mujoco_ros_msgs/srv/_get_equality_constraint_parameters_s.c
-- Up-to-date symlink: /home/herring/rzddzy/install/mujoco_ros_msgs/lib/python3.12/site-packages/mujoco_ros_msgs/srv/_get_geom_properties.py
-- Up-to-date symlink: /home/herring/rzddzy/install/mujoco_ros_msgs/lib/python3.12/site-packages/mujoco_ros_msgs/srv/_get_geom_properties_s.c
-- Up-to-date symlink: /home/herring/rzddzy/install/mujoco_ros_msgs/lib/python3.12/site-packages/mujoco_ros_msgs/srv/_get_gravity.py
-- Up-to-date symlink: /home/herring/rzddzy/install/mujoco_ros_msgs/lib/python3.12/site-packages/mujoco_ros_msgs/srv/_get_gravity_s.c
-- Up-to-date symlink: /home/herring/rzddzy/install/mujoco_ros_msgs/lib/python3.12/site-packages/mujoco_ros_msgs/srv/_get_plugin_stats.py
-- Up-to-date symlink: /home/herring/rzddzy/install/mujoco_ros_msgs/lib/python3.12/site-packages/mujoco_ros_msgs/srv/_get_plugin_stats_s.c
-- Up-to-date symlink: /home/herring/rzddzy/install/mujoco_ros_msgs/lib/python3.12/site-packages/mujoco_ros_msgs/srv/_get_sim_info.py
-- Up-to-date symlink: /home/herring/rzddzy/install/mujoco_ros_msgs/lib/python3.12/site-packages/mujoco_ros_msgs/srv/_get_sim_info_s.c
-- Up-to-date symlink: /home/herring/rzddzy/install/mujoco_ros_msgs/lib/python3.12/site-packages/mujoco_ros_msgs/srv/_get_state_uint.py
-- Up-to-date symlink: /home/herring/rzddzy/install/mujoco_ros_msgs/lib/python3.12/site-packages/mujoco_ros_msgs/srv/_get_state_uint_s.c
-- Up-to-date symlink: /home/herring/rzddzy/install/mujoco_ros_msgs/lib/python3.12/site-packages/mujoco_ros_msgs/srv/_register_sensor_noise_models.py
-- Up-to-date symlink: /home/herring/rzddzy/install/mujoco_ros_msgs/lib/python3.12/site-packages/mujoco_ros_msgs/srv/_register_sensor_noise_models_s.c
-- Up-to-date symlink: /home/herring/rzddzy/install/mujoco_ros_msgs/lib/python3.12/site-packages/mujoco_ros_msgs/srv/_reload.py
-- Up-to-date symlink: /home/herring/rzddzy/install/mujoco_ros_msgs/lib/python3.12/site-packages/mujoco_ros_msgs/srv/_reload_s.c
-- Up-to-date symlink: /home/herring/rzddzy/install/mujoco_ros_msgs/lib/python3.12/site-packages/mujoco_ros_msgs/srv/_reset_body_q_pos.py
-- Up-to-date symlink: /home/herring/rzddzy/install/mujoco_ros_msgs/lib/python3.12/site-packages/mujoco_ros_msgs/srv/_reset_body_q_pos_s.c
-- Up-to-date symlink: /home/herring/rzddzy/install/mujoco_ros_msgs/lib/python3.12/site-packages/mujoco_ros_msgs/srv/_set_body_state.py
-- Up-to-date symlink: /home/herring/rzddzy/install/mujoco_ros_msgs/lib/python3.12/site-packages/mujoco_ros_msgs/srv/_set_body_state_s.c
-- Up-to-date symlink: /home/herring/rzddzy/install/mujoco_ros_msgs/lib/python3.12/site-packages/mujoco_ros_msgs/srv/_set_equality_constraint_parameters.py
-- Up-to-date symlink: /home/herring/rzddzy/install/mujoco_ros_msgs/lib/python3.12/site-packages/mujoco_ros_msgs/srv/_set_equality_constraint_parameters_s.c
-- Up-to-date symlink: /home/herring/rzddzy/install/mujoco_ros_msgs/lib/python3.12/site-packages/mujoco_ros_msgs/srv/_set_float.py
-- Up-to-date symlink: /home/herring/rzddzy/install/mujoco_ros_msgs/lib/python3.12/site-packages/mujoco_ros_msgs/srv/_set_float_s.c
-- Up-to-date symlink: /home/herring/rzddzy/install/mujoco_ros_msgs/lib/python3.12/site-packages/mujoco_ros_msgs/srv/_set_geom_properties.py
-- Up-to-date symlink: /home/herring/rzddzy/install/mujoco_ros_msgs/lib/python3.12/site-packages/mujoco_ros_msgs/srv/_set_geom_properties_s.c
-- Up-to-date symlink: /home/herring/rzddzy/install/mujoco_ros_msgs/lib/python3.12/site-packages/mujoco_ros_msgs/srv/_set_gravity.py
-- Up-to-date symlink: /home/herring/rzddzy/install/mujoco_ros_msgs/lib/python3.12/site-packages/mujoco_ros_msgs/srv/_set_gravity_s.c
-- Up-to-date symlink: /home/herring/rzddzy/install/mujoco_ros_msgs/lib/python3.12/site-packages/mujoco_ros_msgs/srv/_set_mocap_state.py
-- Up-to-date symlink: /home/herring/rzddzy/install/mujoco_ros_msgs/lib/python3.12/site-packages/mujoco_ros_msgs/srv/_set_mocap_state_s.c
-- Up-to-date symlink: /home/herring/rzddzy/install/mujoco_ros_msgs/lib/python3.12/site-packages/mujoco_ros_msgs/srv/_set_pause.py
-- Up-to-date symlink: /home/herring/rzddzy/install/mujoco_ros_msgs/lib/python3.12/site-packages/mujoco_ros_msgs/srv/_set_pause_s.c
-- Up-to-date symlink: /home/herring/rzddzy/install/mujoco_ros_msgs/lib/python3.12/site-packages/mujoco_ros_msgs/mujoco_ros_msgs_s__rosidl_typesupport_fastrtps_c.so
-- Up-to-date symlink: /home/herring/rzddzy/install/mujoco_ros_msgs/lib/python3.12/site-packages/mujoco_ros_msgs/mujoco_ros_msgs_s__rosidl_typesupport_introspection_c.so
-- Up-to-date symlink: /home/herring/rzddzy/install/mujoco_ros_msgs/lib/python3.12/site-packages/mujoco_ros_msgs/mujoco_ros_msgs_s__rosidl_typesupport_c.so
-- Up-to-date symlink: /home/herring/rzddzy/install/mujoco_ros_msgs/share/mujoco_ros_msgs/msg/StateUint.idl
-- Up-to-date symlink: /home/herring/rzddzy/install/mujoco_ros_msgs/share/mujoco_ros_msgs/msg/ScalarStamped.idl
-- Up-to-date symlink: /home/herring/rzddzy/install/mujoco_ros_msgs/share/mujoco_ros_msgs/msg/BodyState.idl
-- Up-to-date symlink: /home/herring/rzddzy/install/mujoco_ros_msgs/share/mujoco_ros_msgs/msg/GeomProperties.idl
-- Up-to-date symlink: /home/herring/rzddzy/install/mujoco_ros_msgs/share/mujoco_ros_msgs/msg/GeomType.idl
-- Up-to-date symlink: /home/herring/rzddzy/install/mujoco_ros_msgs/share/mujoco_ros_msgs/msg/SensorNoiseModel.idl
-- Up-to-date symlink: /home/herring/rzddzy/install/mujoco_ros_msgs/share/mujoco_ros_msgs/msg/SolverParameters.idl
-- Up-to-date symlink: /home/herring/rzddzy/install/mujoco_ros_msgs/share/mujoco_ros_msgs/msg/MocapState.idl
-- Up-to-date symlink: /home/herring/rzddzy/install/mujoco_ros_msgs/share/mujoco_ros_msgs/msg/EqualityConstraintType.idl
-- Up-to-date symlink: /home/herring/rzddzy/install/mujoco_ros_msgs/share/mujoco_ros_msgs/msg/EqualityConstraintParameters.idl
-- Up-to-date symlink: /home/herring/rzddzy/install/mujoco_ros_msgs/share/mujoco_ros_msgs/msg/SimInfo.idl
-- Up-to-date symlink: /home/herring/rzddzy/install/mujoco_ros_msgs/share/mujoco_ros_msgs/msg/PluginStats.idl
-- Up-to-date symlink: /home/herring/rzddzy/install/mujoco_ros_msgs/share/mujoco_ros_msgs/srv/GetStateUint.idl
-- Up-to-date symlink: /home/herring/rzddzy/install/mujoco_ros_msgs/share/mujoco_ros_msgs/srv/SetFloat.idl
-- Up-to-date symlink: /home/herring/rzddzy/install/mujoco_ros_msgs/share/mujoco_ros_msgs/srv/SetPause.idl
-- Up-to-date symlink: /home/herring/rzddzy/install/mujoco_ros_msgs/share/mujoco_ros_msgs/srv/SetBodyState.idl
-- Up-to-date symlink: /home/herring/rzddzy/install/mujoco_ros_msgs/share/mujoco_ros_msgs/srv/GetBodyState.idl
-- Up-to-date symlink: /home/herring/rzddzy/install/mujoco_ros_msgs/share/mujoco_ros_msgs/srv/SetGeomProperties.idl
-- Up-to-date symlink: /home/herring/rzddzy/install/mujoco_ros_msgs/share/mujoco_ros_msgs/srv/GetGeomProperties.idl
-- Up-to-date symlink: /home/herring/rzddzy/install/mujoco_ros_msgs/share/mujoco_ros_msgs/srv/SetEqualityConstraintParameters.idl
-- Up-to-date symlink: /home/herring/rzddzy/install/mujoco_ros_msgs/share/mujoco_ros_msgs/srv/GetEqualityConstraintParameters.idl
-- Up-to-date symlink: /home/herring/rzddzy/install/mujoco_ros_msgs/share/mujoco_ros_msgs/srv/ResetBodyQPos.idl
-- Up-to-date symlink: /home/herring/rzddzy/install/mujoco_ros_msgs/share/mujoco_ros_msgs/srv/RegisterSensorNoiseModels.idl
-- Up-to-date symlink: /home/herring/rzddzy/install/mujoco_ros_msgs/share/mujoco_ros_msgs/srv/SetGravity.idl
-- Up-to-date symlink: /home/herring/rzddzy/install/mujoco_ros_msgs/share/mujoco_ros_msgs/srv/GetGravity.idl
-- Up-to-date symlink: /home/herring/rzddzy/install/mujoco_ros_msgs/share/mujoco_ros_msgs/srv/Reload.idl
-- Up-to-date symlink: /home/herring/rzddzy/install/mujoco_ros_msgs/share/mujoco_ros_msgs/srv/SetMocapState.idl
-- Up-to-date symlink: /home/herring/rzddzy/install/mujoco_ros_msgs/share/mujoco_ros_msgs/srv/GetSimInfo.idl
-- Up-to-date symlink: /home/herring/rzddzy/install/mujoco_ros_msgs/share/mujoco_ros_msgs/srv/GetPluginStats.idl
-- Up-to-date symlink: /home/herring/rzddzy/install/mujoco_ros_msgs/share/mujoco_ros_msgs/action/Step.idl
-- Up-to-date symlink: /home/herring/rzddzy/install/mujoco_ros_msgs/share/mujoco_ros_msgs/msg/StateUint.msg
-- Up-to-date symlink: /home/herring/rzddzy/install/mujoco_ros_msgs/share/mujoco_ros_msgs/msg/ScalarStamped.msg
-- Up-to-date symlink: /home/herring/rzddzy/install/mujoco_ros_msgs/share/mujoco_ros_msgs/msg/BodyState.msg
-- Up-to-date symlink: /home/herring/rzddzy/install/mujoco_ros_msgs/share/mujoco_ros_msgs/msg/GeomProperties.msg
-- Up-to-date symlink: /home/herring/rzddzy/install/mujoco_ros_msgs/share/mujoco_ros_msgs/msg/GeomType.msg
-- Up-to-date symlink: /home/herring/rzddzy/install/mujoco_ros_msgs/share/mujoco_ros_msgs/msg/SensorNoiseModel.msg
-- Up-to-date symlink: /home/herring/rzddzy/install/mujoco_ros_msgs/share/mujoco_ros_msgs/msg/SolverParameters.msg
-- Up-to-date symlink: /home/herring/rzddzy/install/mujoco_ros_msgs/share/mujoco_ros_msgs/msg/MocapState.msg
-- Up-to-date symlink: /home/herring/rzddzy/install/mujoco_ros_msgs/share/mujoco_ros_msgs/msg/EqualityConstraintType.msg
-- Up-to-date symlink: /home/herring/rzddzy/install/mujoco_ros_msgs/share/mujoco_ros_msgs/msg/EqualityConstraintParameters.msg
-- Up-to-date symlink: /home/herring/rzddzy/install/mujoco_ros_msgs/share/mujoco_ros_msgs/msg/SimInfo.msg
-- Up-to-date symlink: /home/herring/rzddzy/install/mujoco_ros_msgs/share/mujoco_ros_msgs/msg/PluginStats.msg
-- Up-to-date symlink: /home/herring/rzddzy/install/mujoco_ros_msgs/share/mujoco_ros_msgs/srv/GetStateUint.srv
-- Up-to-date symlink: /home/herring/rzddzy/install/mujoco_ros_msgs/share/mujoco_ros_msgs/srv/SetFloat.srv
-- Up-to-date symlink: /home/herring/rzddzy/install/mujoco_ros_msgs/share/mujoco_ros_msgs/srv/SetPause.srv
-- Up-to-date symlink: /home/herring/rzddzy/install/mujoco_ros_msgs/share/mujoco_ros_msgs/srv/SetBodyState.srv
-- Up-to-date symlink: /home/herring/rzddzy/install/mujoco_ros_msgs/share/mujoco_ros_msgs/srv/GetBodyState.srv
-- Up-to-date symlink: /home/herring/rzddzy/install/mujoco_ros_msgs/share/mujoco_ros_msgs/srv/SetGeomProperties.srv
-- Up-to-date symlink: /home/herring/rzddzy/install/mujoco_ros_msgs/share/mujoco_ros_msgs/srv/GetGeomProperties.srv
-- Up-to-date symlink: /home/herring/rzddzy/install/mujoco_ros_msgs/share/mujoco_ros_msgs/srv/SetEqualityConstraintParameters.srv
-- Up-to-date symlink: /home/herring/rzddzy/install/mujoco_ros_msgs/share/mujoco_ros_msgs/srv/GetEqualityConstraintParameters.srv
-- Up-to-date symlink: /home/herring/rzddzy/install/mujoco_ros_msgs/share/mujoco_ros_msgs/srv/ResetBodyQPos.srv
-- Up-to-date symlink: /home/herring/rzddzy/install/mujoco_ros_msgs/share/mujoco_ros_msgs/srv/RegisterSensorNoiseModels.srv
-- Up-to-date symlink: /home/herring/rzddzy/install/mujoco_ros_msgs/share/mujoco_ros_msgs/srv/SetGravity.srv
-- Up-to-date symlink: /home/herring/rzddzy/install/mujoco_ros_msgs/share/mujoco_ros_msgs/srv/GetGravity.srv
-- Up-to-date symlink: /home/herring/rzddzy/install/mujoco_ros_msgs/share/mujoco_ros_msgs/srv/Reload.srv
-- Up-to-date symlink: /home/herring/rzddzy/install/mujoco_ros_msgs/share/mujoco_ros_msgs/srv/SetMocapState.srv
-- Up-to-date symlink: /home/herring/rzddzy/install/mujoco_ros_msgs/share/mujoco_ros_msgs/srv/GetSimInfo.srv
-- Up-to-date symlink: /home/herring/rzddzy/install/mujoco_ros_msgs/share/mujoco_ros_msgs/srv/GetPluginStats.srv
-- Up-to-date symlink: /home/herring/rzddzy/install/mujoco_ros_msgs/share/mujoco_ros_msgs/action/Step.action
-- Up-to-date symlink: /home/herring/rzddzy/install/mujoco_ros_msgs/share/ament_index/resource_index/package_run_dependencies/mujoco_ros_msgs
-- Up-to-date symlink: /home/herring/rzddzy/install/mujoco_ros_msgs/share/ament_index/resource_index/parent_prefix_path/mujoco_ros_msgs
-- Up-to-date symlink: /home/herring/rzddzy/install/mujoco_ros_msgs/share/mujoco_ros_msgs/environment/ament_prefix_path.sh
-- Up-to-date symlink: /home/herring/rzddzy/install/mujoco_ros_msgs/share/mujoco_ros_msgs/environment/ament_prefix_path.dsv
-- Up-to-date symlink: /home/herring/rzddzy/install/mujoco_ros_msgs/share/mujoco_ros_msgs/environment/path.sh
-- Up-to-date symlink: /home/herring/rzddzy/install/mujoco_ros_msgs/share/mujoco_ros_msgs/environment/path.dsv
-- Up-to-date symlink: /home/herring/rzddzy/install/mujoco_ros_msgs/share/mujoco_ros_msgs/local_setup.bash
-- Up-to-date symlink: /home/herring/rzddzy/install/mujoco_ros_msgs/share/mujoco_ros_msgs/local_setup.sh
-- Up-to-date symlink: /home/herring/rzddzy/install/mujoco_ros_msgs/share/mujoco_ros_msgs/local_setup.zsh
-- Up-to-date symlink: /home/herring/rzddzy/install/mujoco_ros_msgs/share/mujoco_ros_msgs/local_setup.dsv
-- Symlinking: /home/herring/rzddzy/install/mujoco_ros_msgs/share/mujoco_ros_msgs/package.dsv
-- Up-to-date symlink: /home/herring/rzddzy/install/mujoco_ros_msgs/share/ament_index/resource_index/packages/mujoco_ros_msgs
-- Up-to-date symlink: /home/herring/rzddzy/install/mujoco_ros_msgs/share/mujoco_ros_msgs/cmake/rosidl_cmake-extras.cmake
-- Up-to-date symlink: /home/herring/rzddzy/install/mujoco_ros_msgs/share/mujoco_ros_msgs/cmake/ament_cmake_export_dependencies-extras.cmake
-- Up-to-date symlink: /home/herring/rzddzy/install/mujoco_ros_msgs/share/mujoco_ros_msgs/cmake/ament_cmake_export_include_directories-extras.cmake
-- Up-to-date symlink: /home/herring/rzddzy/install/mujoco_ros_msgs/share/mujoco_ros_msgs/cmake/ament_cmake_export_libraries-extras.cmake
-- Up-to-date symlink: /home/herring/rzddzy/install/mujoco_ros_msgs/share/mujoco_ros_msgs/cmake/ament_cmake_export_targets-extras.cmake
-- Up-to-date symlink: /home/herring/rzddzy/install/mujoco_ros_msgs/share/mujoco_ros_msgs/cmake/rosidl_cmake_export_typesupport_targets-extras.cmake
-- Up-to-date symlink: /home/herring/rzddzy/install/mujoco_ros_msgs/share/mujoco_ros_msgs/cmake/rosidl_cmake_export_typesupport_libraries-extras.cmake
-- Up-to-date symlink: /home/herring/rzddzy/install/mujoco_ros_msgs/share/mujoco_ros_msgs/cmake/mujoco_ros_msgsConfig.cmake
-- Up-to-date symlink: /home/herring/rzddzy/install/mujoco_ros_msgs/share/mujoco_ros_msgs/cmake/mujoco_ros_msgsConfig-version.cmake
-- Up-to-date symlink: /home/herring/rzddzy/install/mujoco_ros_msgs/share/mujoco_ros_msgs/package.xml
-- Up-to-date: /home/herring/rzddzy/install/mujoco_ros_msgs/lib/libmujoco_ros_msgs__rosidl_generator_c.so
-- Up-to-date: /home/herring/rzddzy/install/mujoco_ros_msgs/lib/libmujoco_ros_msgs__rosidl_typesupport_fastrtps_c.so
-- Up-to-date: /home/herring/rzddzy/install/mujoco_ros_msgs/lib/libmujoco_ros_msgs__rosidl_typesupport_introspection_c.so
-- Up-to-date: /home/herring/rzddzy/install/mujoco_ros_msgs/lib/libmujoco_ros_msgs__rosidl_typesupport_c.so
-- Up-to-date: /home/herring/rzddzy/install/mujoco_ros_msgs/lib/libmujoco_ros_msgs__rosidl_typesupport_fastrtps_cpp.so
-- Up-to-date: /home/herring/rzddzy/install/mujoco_ros_msgs/lib/libmujoco_ros_msgs__rosidl_typesupport_introspection_cpp.so
-- Up-to-date: /home/herring/rzddzy/install/mujoco_ros_msgs/lib/libmujoco_ros_msgs__rosidl_typesupport_cpp.so
Listing '/home/herring/rzddzy/install/mujoco_ros_msgs/lib/python3.12/site-packages/mujoco_ros_msgs'...
Listing '/home/herring/rzddzy/install/mujoco_ros_msgs/lib/python3.12/site-packages/mujoco_ros_msgs/action'...
Listing '/home/herring/rzddzy/install/mujoco_ros_msgs/lib/python3.12/site-packages/mujoco_ros_msgs/msg'...
Listing '/home/herring/rzddzy/install/mujoco_ros_msgs/lib/python3.12/site-packages/mujoco_ros_msgs/srv'...
-- Up-to-date: /home/herring/rzddzy/install/mujoco_ros_msgs/lib/libmujoco_ros_msgs__rosidl_generator_py.so
-- Up-to-date: /home/herring/rzddzy/install/mujoco_ros_msgs/share/mujoco_ros_msgs/cmake/export_mujoco_ros_msgs__rosidl_generator_cExport.cmake
-- Up-to-date: /home/herring/rzddzy/install/mujoco_ros_msgs/share/mujoco_ros_msgs/cmake/export_mujoco_ros_msgs__rosidl_generator_cExport-noconfig.cmake
-- Up-to-date: /home/herring/rzddzy/install/mujoco_ros_msgs/share/mujoco_ros_msgs/cmake/export_mujoco_ros_msgs__rosidl_typesupport_fastrtps_cExport.cmake
-- Up-to-date: /home/herring/rzddzy/install/mujoco_ros_msgs/share/mujoco_ros_msgs/cmake/export_mujoco_ros_msgs__rosidl_typesupport_fastrtps_cExport-noconfig.cmake
-- Up-to-date: /home/herring/rzddzy/install/mujoco_ros_msgs/share/mujoco_ros_msgs/cmake/mujoco_ros_msgs__rosidl_typesupport_introspection_cExport.cmake
-- Up-to-date: /home/herring/rzddzy/install/mujoco_ros_msgs/share/mujoco_ros_msgs/cmake/mujoco_ros_msgs__rosidl_typesupport_introspection_cExport-noconfig.cmake
-- Up-to-date: /home/herring/rzddzy/install/mujoco_ros_msgs/share/mujoco_ros_msgs/cmake/mujoco_ros_msgs__rosidl_typesupport_cExport.cmake
-- Up-to-date: /home/herring/rzddzy/install/mujoco_ros_msgs/share/mujoco_ros_msgs/cmake/mujoco_ros_msgs__rosidl_typesupport_cExport-noconfig.cmake
-- Up-to-date: /home/herring/rzddzy/install/mujoco_ros_msgs/share/mujoco_ros_msgs/cmake/export_mujoco_ros_msgs__rosidl_generator_cppExport.cmake
-- Up-to-date: /home/herring/rzddzy/install/mujoco_ros_msgs/share/mujoco_ros_msgs/cmake/export_mujoco_ros_msgs__rosidl_typesupport_fastrtps_cppExport.cmake
-- Up-to-date: /home/herring/rzddzy/install/mujoco_ros_msgs/share/mujoco_ros_msgs/cmake/export_mujoco_ros_msgs__rosidl_typesupport_fastrtps_cppExport-noconfig.cmake
-- Up-to-date: /home/herring/rzddzy/install/mujoco_ros_msgs/share/mujoco_ros_msgs/cmake/mujoco_ros_msgs__rosidl_typesupport_introspection_cppExport.cmake
-- Up-to-date: /home/herring/rzddzy/install/mujoco_ros_msgs/share/mujoco_ros_msgs/cmake/mujoco_ros_msgs__rosidl_typesupport_introspection_cppExport-noconfig.cmake
-- Up-to-date: /home/herring/rzddzy/install/mujoco_ros_msgs/share/mujoco_ros_msgs/cmake/mujoco_ros_msgs__rosidl_typesupport_cppExport.cmake
-- Up-to-date: /home/herring/rzddzy/install/mujoco_ros_msgs/share/mujoco_ros_msgs/cmake/mujoco_ros_msgs__rosidl_typesupport_cppExport-noconfig.cmake
-- Up-to-date: /home/herring/rzddzy/install/mujoco_ros_msgs/share/mujoco_ros_msgs/cmake/export_mujoco_ros_msgs__rosidl_generator_pyExport.cmake
-- Up-to-date: /home/herring/rzddzy/install/mujoco_ros_msgs/share/mujoco_ros_msgs/cmake/export_mujoco_ros_msgs__rosidl_generator_pyExport-noconfig.cmake
