[0.006s] Invoking command in '/home/herring/rzddzy/build/mujoco_ros_msgs': CMAKE_PREFIX_PATH=${CMAKE_PREFIX_PATH}:/opt/ros/jazzy DEBUGINFOD_URLS=https://debuginfod.ubuntu.com /usr/bin/cmake --build /home/herring/rzddzy/build/mujoco_ros_msgs -- -j28 -l28
[0.064s] [  0%] Built target mujoco_ros_msgs__rosidl_generator_type_description
[0.071s] [  0%] Built target ament_cmake_python_symlink_mujoco_ros_msgs
[0.084s] [  0%] Built target mujoco_ros_msgs__cpp
[0.103s] [ 29%] Built target mujoco_ros_msgs__rosidl_generator_c
[0.125s] [ 39%] Built target mujoco_ros_msgs__rosidl_typesupport_c
[0.127s] [ 49%] Built target mujoco_ros_msgs__rosidl_typesupport_introspection_c
[0.128s] [ 66%] Built target mujoco_ros_msgs__rosidl_typesupport_fastrtps_c
[0.129s] [ 69%] Built target mujoco_ros_msgs__rosidl_typesupport_cpp
[0.130s] [ 79%] Built target mujoco_ros_msgs__rosidl_typesupport_fastrtps_cpp
[0.137s] [ 89%] Built target mujoco_ros_msgs__rosidl_typesupport_introspection_cpp
[0.154s] [ 89%] Built target mujoco_ros_msgs
[0.172s] [ 89%] Built target mujoco_ros_msgs__py
[0.203s] [ 98%] Built target mujoco_ros_msgs__rosidl_generator_py
[0.222s] [ 99%] Built target mujoco_ros_msgs_s__rosidl_typesupport_fastrtps_c
[0.224s] [ 99%] Built target mujoco_ros_msgs_s__rosidl_typesupport_c
[0.224s] [100%] Built target mujoco_ros_msgs_s__rosidl_typesupport_introspection_c
[0.245s] running egg_info
[0.253s] writing mujoco_ros_msgs.egg-info/PKG-INFO
[0.254s] writing dependency_links to mujoco_ros_msgs.egg-info/dependency_links.txt
[0.254s] writing top-level names to mujoco_ros_msgs.egg-info/top_level.txt
[0.279s] reading manifest file 'mujoco_ros_msgs.egg-info/SOURCES.txt'
[0.279s] writing manifest file 'mujoco_ros_msgs.egg-info/SOURCES.txt'
[0.295s] [100%] Built target ament_cmake_python_build_mujoco_ros_msgs_egg
[0.303s] Invoked command in '/home/herring/rzddzy/build/mujoco_ros_msgs' returned '0': CMAKE_PREFIX_PATH=${CMAKE_PREFIX_PATH}:/opt/ros/jazzy DEBUGINFOD_URLS=https://debuginfod.ubuntu.com /usr/bin/cmake --build /home/herring/rzddzy/build/mujoco_ros_msgs -- -j28 -l28
[0.304s] Invoking command in '/home/herring/rzddzy/build/mujoco_ros_msgs': CMAKE_PREFIX_PATH=${CMAKE_PREFIX_PATH}:/opt/ros/jazzy DEBUGINFOD_URLS=https://debuginfod.ubuntu.com /usr/bin/cmake --install /home/herring/rzddzy/build/mujoco_ros_msgs
[0.311s] -- Install configuration: ""
[0.312s] -- Execute custom install script
[0.312s] -- Up-to-date symlink: /home/herring/rzddzy/install/mujoco_ros_msgs/share/ament_index/resource_index/rosidl_interfaces/mujoco_ros_msgs
[0.312s] -- Up-to-date symlink: /home/herring/rzddzy/install/mujoco_ros_msgs/share/mujoco_ros_msgs/msg/StateUint.json
[0.312s] -- Up-to-date symlink: /home/herring/rzddzy/install/mujoco_ros_msgs/share/mujoco_ros_msgs/msg/ScalarStamped.json
[0.312s] -- Up-to-date symlink: /home/herring/rzddzy/install/mujoco_ros_msgs/share/mujoco_ros_msgs/msg/BodyState.json
[0.312s] -- Up-to-date symlink: /home/herring/rzddzy/install/mujoco_ros_msgs/share/mujoco_ros_msgs/msg/GeomProperties.json
[0.312s] -- Up-to-date symlink: /home/herring/rzddzy/install/mujoco_ros_msgs/share/mujoco_ros_msgs/msg/GeomType.json
[0.312s] -- Up-to-date symlink: /home/herring/rzddzy/install/mujoco_ros_msgs/share/mujoco_ros_msgs/msg/SensorNoiseModel.json
[0.312s] -- Up-to-date symlink: /home/herring/rzddzy/install/mujoco_ros_msgs/share/mujoco_ros_msgs/msg/SolverParameters.json
[0.312s] -- Up-to-date symlink: /home/herring/rzddzy/install/mujoco_ros_msgs/share/mujoco_ros_msgs/msg/MocapState.json
[0.312s] -- Up-to-date symlink: /home/herring/rzddzy/install/mujoco_ros_msgs/share/mujoco_ros_msgs/msg/EqualityConstraintType.json
[0.313s] -- Up-to-date symlink: /home/herring/rzddzy/install/mujoco_ros_msgs/share/mujoco_ros_msgs/msg/EqualityConstraintParameters.json
[0.313s] -- Up-to-date symlink: /home/herring/rzddzy/install/mujoco_ros_msgs/share/mujoco_ros_msgs/msg/SimInfo.json
[0.313s] -- Up-to-date symlink: /home/herring/rzddzy/install/mujoco_ros_msgs/share/mujoco_ros_msgs/msg/PluginStats.json
[0.313s] -- Up-to-date symlink: /home/herring/rzddzy/install/mujoco_ros_msgs/share/mujoco_ros_msgs/srv/GetStateUint.json
[0.313s] -- Up-to-date symlink: /home/herring/rzddzy/install/mujoco_ros_msgs/share/mujoco_ros_msgs/srv/SetFloat.json
[0.313s] -- Up-to-date symlink: /home/herring/rzddzy/install/mujoco_ros_msgs/share/mujoco_ros_msgs/srv/SetPause.json
[0.313s] -- Up-to-date symlink: /home/herring/rzddzy/install/mujoco_ros_msgs/share/mujoco_ros_msgs/srv/SetBodyState.json
[0.313s] -- Up-to-date symlink: /home/herring/rzddzy/install/mujoco_ros_msgs/share/mujoco_ros_msgs/srv/GetBodyState.json
[0.313s] -- Up-to-date symlink: /home/herring/rzddzy/install/mujoco_ros_msgs/share/mujoco_ros_msgs/srv/SetGeomProperties.json
[0.313s] -- Up-to-date symlink: /home/herring/rzddzy/install/mujoco_ros_msgs/share/mujoco_ros_msgs/srv/GetGeomProperties.json
[0.313s] -- Up-to-date symlink: /home/herring/rzddzy/install/mujoco_ros_msgs/share/mujoco_ros_msgs/srv/SetEqualityConstraintParameters.json
[0.313s] -- Up-to-date symlink: /home/herring/rzddzy/install/mujoco_ros_msgs/share/mujoco_ros_msgs/srv/GetEqualityConstraintParameters.json
[0.313s] -- Up-to-date symlink: /home/herring/rzddzy/install/mujoco_ros_msgs/share/mujoco_ros_msgs/srv/ResetBodyQPos.json
[0.313s] -- Up-to-date symlink: /home/herring/rzddzy/install/mujoco_ros_msgs/share/mujoco_ros_msgs/srv/RegisterSensorNoiseModels.json
[0.313s] -- Up-to-date symlink: /home/herring/rzddzy/install/mujoco_ros_msgs/share/mujoco_ros_msgs/srv/SetGravity.json
[0.313s] -- Up-to-date symlink: /home/herring/rzddzy/install/mujoco_ros_msgs/share/mujoco_ros_msgs/srv/GetGravity.json
[0.314s] -- Up-to-date symlink: /home/herring/rzddzy/install/mujoco_ros_msgs/share/mujoco_ros_msgs/srv/Reload.json
[0.314s] -- Up-to-date symlink: /home/herring/rzddzy/install/mujoco_ros_msgs/share/mujoco_ros_msgs/srv/SetMocapState.json
[0.314s] -- Up-to-date symlink: /home/herring/rzddzy/install/mujoco_ros_msgs/share/mujoco_ros_msgs/srv/GetSimInfo.json
[0.314s] -- Up-to-date symlink: /home/herring/rzddzy/install/mujoco_ros_msgs/share/mujoco_ros_msgs/srv/GetPluginStats.json
[0.314s] -- Up-to-date symlink: /home/herring/rzddzy/install/mujoco_ros_msgs/share/mujoco_ros_msgs/action/Step.json
[0.315s] -- Up-to-date symlink: /home/herring/rzddzy/install/mujoco_ros_msgs/include/mujoco_ros_msgs/mujoco_ros_msgs/action/detail/step__functions.h
[0.315s] -- Up-to-date symlink: /home/herring/rzddzy/install/mujoco_ros_msgs/include/mujoco_ros_msgs/mujoco_ros_msgs/action/detail/step__struct.h
[0.315s] -- Up-to-date symlink: /home/herring/rzddzy/install/mujoco_ros_msgs/include/mujoco_ros_msgs/mujoco_ros_msgs/action/detail/step__type_support.h
[0.315s] -- Up-to-date symlink: /home/herring/rzddzy/install/mujoco_ros_msgs/include/mujoco_ros_msgs/mujoco_ros_msgs/action/step.h
[0.315s] -- Up-to-date symlink: /home/herring/rzddzy/install/mujoco_ros_msgs/include/mujoco_ros_msgs/mujoco_ros_msgs/msg/body_state.h
[0.315s] -- Up-to-date symlink: /home/herring/rzddzy/install/mujoco_ros_msgs/include/mujoco_ros_msgs/mujoco_ros_msgs/msg/detail/body_state__functions.h
[0.315s] -- Up-to-date symlink: /home/herring/rzddzy/install/mujoco_ros_msgs/include/mujoco_ros_msgs/mujoco_ros_msgs/msg/detail/body_state__struct.h
[0.315s] -- Up-to-date symlink: /home/herring/rzddzy/install/mujoco_ros_msgs/include/mujoco_ros_msgs/mujoco_ros_msgs/msg/detail/body_state__type_support.h
[0.315s] -- Up-to-date symlink: /home/herring/rzddzy/install/mujoco_ros_msgs/include/mujoco_ros_msgs/mujoco_ros_msgs/msg/detail/equality_constraint_parameters__functions.h
[0.315s] -- Up-to-date symlink: /home/herring/rzddzy/install/mujoco_ros_msgs/include/mujoco_ros_msgs/mujoco_ros_msgs/msg/detail/equality_constraint_parameters__struct.h
[0.315s] -- Up-to-date symlink: /home/herring/rzddzy/install/mujoco_ros_msgs/include/mujoco_ros_msgs/mujoco_ros_msgs/msg/detail/equality_constraint_parameters__type_support.h
[0.315s] -- Up-to-date symlink: /home/herring/rzddzy/install/mujoco_ros_msgs/include/mujoco_ros_msgs/mujoco_ros_msgs/msg/detail/equality_constraint_type__functions.h
[0.316s] -- Up-to-date symlink: /home/herring/rzddzy/install/mujoco_ros_msgs/include/mujoco_ros_msgs/mujoco_ros_msgs/msg/detail/equality_constraint_type__struct.h
[0.316s] -- Up-to-date symlink: /home/herring/rzddzy/install/mujoco_ros_msgs/include/mujoco_ros_msgs/mujoco_ros_msgs/msg/detail/equality_constraint_type__type_support.h
[0.316s] -- Up-to-date symlink: /home/herring/rzddzy/install/mujoco_ros_msgs/include/mujoco_ros_msgs/mujoco_ros_msgs/msg/detail/geom_properties__functions.h
[0.316s] -- Up-to-date symlink: /home/herring/rzddzy/install/mujoco_ros_msgs/include/mujoco_ros_msgs/mujoco_ros_msgs/msg/detail/geom_properties__struct.h
[0.316s] -- Up-to-date symlink: /home/herring/rzddzy/install/mujoco_ros_msgs/include/mujoco_ros_msgs/mujoco_ros_msgs/msg/detail/geom_properties__type_support.h
[0.316s] -- Up-to-date symlink: /home/herring/rzddzy/install/mujoco_ros_msgs/include/mujoco_ros_msgs/mujoco_ros_msgs/msg/detail/geom_type__functions.h
[0.316s] -- Up-to-date symlink: /home/herring/rzddzy/install/mujoco_ros_msgs/include/mujoco_ros_msgs/mujoco_ros_msgs/msg/detail/geom_type__struct.h
[0.316s] -- Up-to-date symlink: /home/herring/rzddzy/install/mujoco_ros_msgs/include/mujoco_ros_msgs/mujoco_ros_msgs/msg/detail/geom_type__type_support.h
[0.316s] -- Up-to-date symlink: /home/herring/rzddzy/install/mujoco_ros_msgs/include/mujoco_ros_msgs/mujoco_ros_msgs/msg/detail/mocap_state__functions.h
[0.316s] -- Up-to-date symlink: /home/herring/rzddzy/install/mujoco_ros_msgs/include/mujoco_ros_msgs/mujoco_ros_msgs/msg/detail/mocap_state__struct.h
[0.316s] -- Up-to-date symlink: /home/herring/rzddzy/install/mujoco_ros_msgs/include/mujoco_ros_msgs/mujoco_ros_msgs/msg/detail/mocap_state__type_support.h
[0.316s] -- Up-to-date symlink: /home/herring/rzddzy/install/mujoco_ros_msgs/include/mujoco_ros_msgs/mujoco_ros_msgs/msg/detail/plugin_stats__functions.h
[0.317s] -- Up-to-date symlink: /home/herring/rzddzy/install/mujoco_ros_msgs/include/mujoco_ros_msgs/mujoco_ros_msgs/msg/detail/plugin_stats__struct.h
[0.317s] -- Up-to-date symlink: /home/herring/rzddzy/install/mujoco_ros_msgs/include/mujoco_ros_msgs/mujoco_ros_msgs/msg/detail/plugin_stats__type_support.h
[0.317s] -- Up-to-date symlink: /home/herring/rzddzy/install/mujoco_ros_msgs/include/mujoco_ros_msgs/mujoco_ros_msgs/msg/detail/scalar_stamped__functions.h
[0.317s] -- Up-to-date symlink: /home/herring/rzddzy/install/mujoco_ros_msgs/include/mujoco_ros_msgs/mujoco_ros_msgs/msg/detail/scalar_stamped__struct.h
[0.317s] -- Up-to-date symlink: /home/herring/rzddzy/install/mujoco_ros_msgs/include/mujoco_ros_msgs/mujoco_ros_msgs/msg/detail/scalar_stamped__type_support.h
[0.317s] -- Up-to-date symlink: /home/herring/rzddzy/install/mujoco_ros_msgs/include/mujoco_ros_msgs/mujoco_ros_msgs/msg/detail/sensor_noise_model__functions.h
[0.317s] -- Up-to-date symlink: /home/herring/rzddzy/install/mujoco_ros_msgs/include/mujoco_ros_msgs/mujoco_ros_msgs/msg/detail/sensor_noise_model__struct.h
[0.317s] -- Up-to-date symlink: /home/herring/rzddzy/install/mujoco_ros_msgs/include/mujoco_ros_msgs/mujoco_ros_msgs/msg/detail/sensor_noise_model__type_support.h
[0.317s] -- Up-to-date symlink: /home/herring/rzddzy/install/mujoco_ros_msgs/include/mujoco_ros_msgs/mujoco_ros_msgs/msg/detail/sim_info__functions.h
[0.317s] -- Up-to-date symlink: /home/herring/rzddzy/install/mujoco_ros_msgs/include/mujoco_ros_msgs/mujoco_ros_msgs/msg/detail/sim_info__struct.h
[0.317s] -- Up-to-date symlink: /home/herring/rzddzy/install/mujoco_ros_msgs/include/mujoco_ros_msgs/mujoco_ros_msgs/msg/detail/sim_info__type_support.h
[0.317s] -- Up-to-date symlink: /home/herring/rzddzy/install/mujoco_ros_msgs/include/mujoco_ros_msgs/mujoco_ros_msgs/msg/detail/solver_parameters__functions.h
[0.317s] -- Up-to-date symlink: /home/herring/rzddzy/install/mujoco_ros_msgs/include/mujoco_ros_msgs/mujoco_ros_msgs/msg/detail/solver_parameters__struct.h
[0.317s] -- Up-to-date symlink: /home/herring/rzddzy/install/mujoco_ros_msgs/include/mujoco_ros_msgs/mujoco_ros_msgs/msg/detail/solver_parameters__type_support.h
[0.317s] -- Up-to-date symlink: /home/herring/rzddzy/install/mujoco_ros_msgs/include/mujoco_ros_msgs/mujoco_ros_msgs/msg/detail/state_uint__functions.h
[0.318s] -- Up-to-date symlink: /home/herring/rzddzy/install/mujoco_ros_msgs/include/mujoco_ros_msgs/mujoco_ros_msgs/msg/detail/state_uint__struct.h
[0.318s] -- Up-to-date symlink: /home/herring/rzddzy/install/mujoco_ros_msgs/include/mujoco_ros_msgs/mujoco_ros_msgs/msg/detail/state_uint__type_support.h
[0.318s] -- Up-to-date symlink: /home/herring/rzddzy/install/mujoco_ros_msgs/include/mujoco_ros_msgs/mujoco_ros_msgs/msg/equality_constraint_parameters.h
[0.318s] -- Up-to-date symlink: /home/herring/rzddzy/install/mujoco_ros_msgs/include/mujoco_ros_msgs/mujoco_ros_msgs/msg/equality_constraint_type.h
[0.318s] -- Up-to-date symlink: /home/herring/rzddzy/install/mujoco_ros_msgs/include/mujoco_ros_msgs/mujoco_ros_msgs/msg/geom_properties.h
[0.318s] -- Up-to-date symlink: /home/herring/rzddzy/install/mujoco_ros_msgs/include/mujoco_ros_msgs/mujoco_ros_msgs/msg/geom_type.h
[0.318s] -- Up-to-date symlink: /home/herring/rzddzy/install/mujoco_ros_msgs/include/mujoco_ros_msgs/mujoco_ros_msgs/msg/mocap_state.h
[0.318s] -- Up-to-date symlink: /home/herring/rzddzy/install/mujoco_ros_msgs/include/mujoco_ros_msgs/mujoco_ros_msgs/msg/plugin_stats.h
[0.318s] -- Up-to-date symlink: /home/herring/rzddzy/install/mujoco_ros_msgs/include/mujoco_ros_msgs/mujoco_ros_msgs/msg/rosidl_generator_c__visibility_control.h
[0.318s] -- Up-to-date symlink: /home/herring/rzddzy/install/mujoco_ros_msgs/include/mujoco_ros_msgs/mujoco_ros_msgs/msg/scalar_stamped.h
[0.318s] -- Up-to-date symlink: /home/herring/rzddzy/install/mujoco_ros_msgs/include/mujoco_ros_msgs/mujoco_ros_msgs/msg/sensor_noise_model.h
[0.318s] -- Up-to-date symlink: /home/herring/rzddzy/install/mujoco_ros_msgs/include/mujoco_ros_msgs/mujoco_ros_msgs/msg/sim_info.h
[0.318s] -- Up-to-date symlink: /home/herring/rzddzy/install/mujoco_ros_msgs/include/mujoco_ros_msgs/mujoco_ros_msgs/msg/solver_parameters.h
[0.319s] -- Up-to-date symlink: /home/herring/rzddzy/install/mujoco_ros_msgs/include/mujoco_ros_msgs/mujoco_ros_msgs/msg/state_uint.h
[0.319s] -- Up-to-date symlink: /home/herring/rzddzy/install/mujoco_ros_msgs/include/mujoco_ros_msgs/mujoco_ros_msgs/srv/detail/get_body_state__functions.h
[0.319s] -- Up-to-date symlink: /home/herring/rzddzy/install/mujoco_ros_msgs/include/mujoco_ros_msgs/mujoco_ros_msgs/srv/detail/get_body_state__struct.h
[0.319s] -- Up-to-date symlink: /home/herring/rzddzy/install/mujoco_ros_msgs/include/mujoco_ros_msgs/mujoco_ros_msgs/srv/detail/get_body_state__type_support.h
[0.319s] -- Up-to-date symlink: /home/herring/rzddzy/install/mujoco_ros_msgs/include/mujoco_ros_msgs/mujoco_ros_msgs/srv/detail/get_equality_constraint_parameters__functions.h
[0.319s] -- Up-to-date symlink: /home/herring/rzddzy/install/mujoco_ros_msgs/include/mujoco_ros_msgs/mujoco_ros_msgs/srv/detail/get_equality_constraint_parameters__struct.h
[0.319s] -- Up-to-date symlink: /home/herring/rzddzy/install/mujoco_ros_msgs/include/mujoco_ros_msgs/mujoco_ros_msgs/srv/detail/get_equality_constraint_parameters__type_support.h
[0.319s] -- Up-to-date symlink: /home/herring/rzddzy/install/mujoco_ros_msgs/include/mujoco_ros_msgs/mujoco_ros_msgs/srv/detail/get_geom_properties__functions.h
[0.319s] -- Up-to-date symlink: /home/herring/rzddzy/install/mujoco_ros_msgs/include/mujoco_ros_msgs/mujoco_ros_msgs/srv/detail/get_geom_properties__struct.h
[0.319s] -- Up-to-date symlink: /home/herring/rzddzy/install/mujoco_ros_msgs/include/mujoco_ros_msgs/mujoco_ros_msgs/srv/detail/get_geom_properties__type_support.h
[0.319s] -- Up-to-date symlink: /home/herring/rzddzy/install/mujoco_ros_msgs/include/mujoco_ros_msgs/mujoco_ros_msgs/srv/detail/get_gravity__functions.h
[0.319s] -- Up-to-date symlink: /home/herring/rzddzy/install/mujoco_ros_msgs/include/mujoco_ros_msgs/mujoco_ros_msgs/srv/detail/get_gravity__struct.h
[0.319s] -- Up-to-date symlink: /home/herring/rzddzy/install/mujoco_ros_msgs/include/mujoco_ros_msgs/mujoco_ros_msgs/srv/detail/get_gravity__type_support.h
[0.319s] -- Up-to-date symlink: /home/herring/rzddzy/install/mujoco_ros_msgs/include/mujoco_ros_msgs/mujoco_ros_msgs/srv/detail/get_plugin_stats__functions.h
[0.319s] -- Up-to-date symlink: /home/herring/rzddzy/install/mujoco_ros_msgs/include/mujoco_ros_msgs/mujoco_ros_msgs/srv/detail/get_plugin_stats__struct.h
[0.319s] -- Up-to-date symlink: /home/herring/rzddzy/install/mujoco_ros_msgs/include/mujoco_ros_msgs/mujoco_ros_msgs/srv/detail/get_plugin_stats__type_support.h
[0.319s] -- Up-to-date symlink: /home/herring/rzddzy/install/mujoco_ros_msgs/include/mujoco_ros_msgs/mujoco_ros_msgs/srv/detail/get_sim_info__functions.h
[0.320s] -- Up-to-date symlink: /home/herring/rzddzy/install/mujoco_ros_msgs/include/mujoco_ros_msgs/mujoco_ros_msgs/srv/detail/get_sim_info__struct.h
[0.320s] -- Up-to-date symlink: /home/herring/rzddzy/install/mujoco_ros_msgs/include/mujoco_ros_msgs/mujoco_ros_msgs/srv/detail/get_sim_info__type_support.h
[0.320s] -- Up-to-date symlink: /home/herring/rzddzy/install/mujoco_ros_msgs/include/mujoco_ros_msgs/mujoco_ros_msgs/srv/detail/get_state_uint__functions.h
[0.320s] -- Up-to-date symlink: /home/herring/rzddzy/install/mujoco_ros_msgs/include/mujoco_ros_msgs/mujoco_ros_msgs/srv/detail/get_state_uint__struct.h
[0.320s] -- Up-to-date symlink: /home/herring/rzddzy/install/mujoco_ros_msgs/include/mujoco_ros_msgs/mujoco_ros_msgs/srv/detail/get_state_uint__type_support.h
[0.320s] -- Up-to-date symlink: /home/herring/rzddzy/install/mujoco_ros_msgs/include/mujoco_ros_msgs/mujoco_ros_msgs/srv/detail/register_sensor_noise_models__functions.h
[0.320s] -- Up-to-date symlink: /home/herring/rzddzy/install/mujoco_ros_msgs/include/mujoco_ros_msgs/mujoco_ros_msgs/srv/detail/register_sensor_noise_models__struct.h
[0.320s] -- Up-to-date symlink: /home/herring/rzddzy/install/mujoco_ros_msgs/include/mujoco_ros_msgs/mujoco_ros_msgs/srv/detail/register_sensor_noise_models__type_support.h
[0.321s] -- Up-to-date symlink: /home/herring/rzddzy/install/mujoco_ros_msgs/include/mujoco_ros_msgs/mujoco_ros_msgs/srv/detail/reload__functions.h
[0.321s] -- Up-to-date symlink: /home/herring/rzddzy/install/mujoco_ros_msgs/include/mujoco_ros_msgs/mujoco_ros_msgs/srv/detail/reload__struct.h
[0.321s] -- Up-to-date symlink: /home/herring/rzddzy/install/mujoco_ros_msgs/include/mujoco_ros_msgs/mujoco_ros_msgs/srv/detail/reload__type_support.h
[0.321s] -- Up-to-date symlink: /home/herring/rzddzy/install/mujoco_ros_msgs/include/mujoco_ros_msgs/mujoco_ros_msgs/srv/detail/reset_body_q_pos__functions.h
[0.321s] -- Up-to-date symlink: /home/herring/rzddzy/install/mujoco_ros_msgs/include/mujoco_ros_msgs/mujoco_ros_msgs/srv/detail/reset_body_q_pos__struct.h
[0.321s] -- Up-to-date symlink: /home/herring/rzddzy/install/mujoco_ros_msgs/include/mujoco_ros_msgs/mujoco_ros_msgs/srv/detail/reset_body_q_pos__type_support.h
[0.321s] -- Up-to-date symlink: /home/herring/rzddzy/install/mujoco_ros_msgs/include/mujoco_ros_msgs/mujoco_ros_msgs/srv/detail/set_body_state__functions.h
[0.321s] -- Up-to-date symlink: /home/herring/rzddzy/install/mujoco_ros_msgs/include/mujoco_ros_msgs/mujoco_ros_msgs/srv/detail/set_body_state__struct.h
[0.321s] -- Up-to-date symlink: /home/herring/rzddzy/install/mujoco_ros_msgs/include/mujoco_ros_msgs/mujoco_ros_msgs/srv/detail/set_body_state__type_support.h
[0.321s] -- Up-to-date symlink: /home/herring/rzddzy/install/mujoco_ros_msgs/include/mujoco_ros_msgs/mujoco_ros_msgs/srv/detail/set_equality_constraint_parameters__functions.h
[0.321s] -- Up-to-date symlink: /home/herring/rzddzy/install/mujoco_ros_msgs/include/mujoco_ros_msgs/mujoco_ros_msgs/srv/detail/set_equality_constraint_parameters__struct.h
[0.321s] -- Up-to-date symlink: /home/herring/rzddzy/install/mujoco_ros_msgs/include/mujoco_ros_msgs/mujoco_ros_msgs/srv/detail/set_equality_constraint_parameters__type_support.h
[0.321s] -- Up-to-date symlink: /home/herring/rzddzy/install/mujoco_ros_msgs/include/mujoco_ros_msgs/mujoco_ros_msgs/srv/detail/set_float__functions.h
[0.321s] -- Up-to-date symlink: /home/herring/rzddzy/install/mujoco_ros_msgs/include/mujoco_ros_msgs/mujoco_ros_msgs/srv/detail/set_float__struct.h
[0.321s] -- Up-to-date symlink: /home/herring/rzddzy/install/mujoco_ros_msgs/include/mujoco_ros_msgs/mujoco_ros_msgs/srv/detail/set_float__type_support.h
[0.321s] -- Up-to-date symlink: /home/herring/rzddzy/install/mujoco_ros_msgs/include/mujoco_ros_msgs/mujoco_ros_msgs/srv/detail/set_geom_properties__functions.h
[0.321s] -- Up-to-date symlink: /home/herring/rzddzy/install/mujoco_ros_msgs/include/mujoco_ros_msgs/mujoco_ros_msgs/srv/detail/set_geom_properties__struct.h
[0.321s] -- Up-to-date symlink: /home/herring/rzddzy/install/mujoco_ros_msgs/include/mujoco_ros_msgs/mujoco_ros_msgs/srv/detail/set_geom_properties__type_support.h
[0.321s] -- Up-to-date symlink: /home/herring/rzddzy/install/mujoco_ros_msgs/include/mujoco_ros_msgs/mujoco_ros_msgs/srv/detail/set_gravity__functions.h
[0.321s] -- Up-to-date symlink: /home/herring/rzddzy/install/mujoco_ros_msgs/include/mujoco_ros_msgs/mujoco_ros_msgs/srv/detail/set_gravity__struct.h
[0.321s] -- Up-to-date symlink: /home/herring/rzddzy/install/mujoco_ros_msgs/include/mujoco_ros_msgs/mujoco_ros_msgs/srv/detail/set_gravity__type_support.h
[0.321s] -- Up-to-date symlink: /home/herring/rzddzy/install/mujoco_ros_msgs/include/mujoco_ros_msgs/mujoco_ros_msgs/srv/detail/set_mocap_state__functions.h
[0.322s] -- Up-to-date symlink: /home/herring/rzddzy/install/mujoco_ros_msgs/include/mujoco_ros_msgs/mujoco_ros_msgs/srv/detail/set_mocap_state__struct.h
[0.322s] -- Up-to-date symlink: /home/herring/rzddzy/install/mujoco_ros_msgs/include/mujoco_ros_msgs/mujoco_ros_msgs/srv/detail/set_mocap_state__type_support.h
[0.322s] -- Up-to-date symlink: /home/herring/rzddzy/install/mujoco_ros_msgs/include/mujoco_ros_msgs/mujoco_ros_msgs/srv/detail/set_pause__functions.h
[0.322s] -- Up-to-date symlink: /home/herring/rzddzy/install/mujoco_ros_msgs/include/mujoco_ros_msgs/mujoco_ros_msgs/srv/detail/set_pause__struct.h
[0.322s] -- Up-to-date symlink: /home/herring/rzddzy/install/mujoco_ros_msgs/include/mujoco_ros_msgs/mujoco_ros_msgs/srv/detail/set_pause__type_support.h
[0.323s] -- Up-to-date symlink: /home/herring/rzddzy/install/mujoco_ros_msgs/include/mujoco_ros_msgs/mujoco_ros_msgs/srv/get_body_state.h
[0.323s] -- Up-to-date symlink: /home/herring/rzddzy/install/mujoco_ros_msgs/include/mujoco_ros_msgs/mujoco_ros_msgs/srv/get_equality_constraint_parameters.h
[0.323s] -- Up-to-date symlink: /home/herring/rzddzy/install/mujoco_ros_msgs/include/mujoco_ros_msgs/mujoco_ros_msgs/srv/get_geom_properties.h
[0.323s] -- Up-to-date symlink: /home/herring/rzddzy/install/mujoco_ros_msgs/include/mujoco_ros_msgs/mujoco_ros_msgs/srv/get_gravity.h
[0.323s] -- Up-to-date symlink: /home/herring/rzddzy/install/mujoco_ros_msgs/include/mujoco_ros_msgs/mujoco_ros_msgs/srv/get_plugin_stats.h
[0.323s] -- Up-to-date symlink: /home/herring/rzddzy/install/mujoco_ros_msgs/include/mujoco_ros_msgs/mujoco_ros_msgs/srv/get_sim_info.h
[0.323s] -- Up-to-date symlink: /home/herring/rzddzy/install/mujoco_ros_msgs/include/mujoco_ros_msgs/mujoco_ros_msgs/srv/get_state_uint.h
[0.323s] -- Up-to-date symlink: /home/herring/rzddzy/install/mujoco_ros_msgs/include/mujoco_ros_msgs/mujoco_ros_msgs/srv/register_sensor_noise_models.h
[0.323s] -- Up-to-date symlink: /home/herring/rzddzy/install/mujoco_ros_msgs/include/mujoco_ros_msgs/mujoco_ros_msgs/srv/reload.h
[0.323s] -- Up-to-date symlink: /home/herring/rzddzy/install/mujoco_ros_msgs/include/mujoco_ros_msgs/mujoco_ros_msgs/srv/reset_body_q_pos.h
[0.323s] -- Up-to-date symlink: /home/herring/rzddzy/install/mujoco_ros_msgs/include/mujoco_ros_msgs/mujoco_ros_msgs/srv/set_body_state.h
[0.323s] -- Up-to-date symlink: /home/herring/rzddzy/install/mujoco_ros_msgs/include/mujoco_ros_msgs/mujoco_ros_msgs/srv/set_equality_constraint_parameters.h
[0.323s] -- Up-to-date symlink: /home/herring/rzddzy/install/mujoco_ros_msgs/include/mujoco_ros_msgs/mujoco_ros_msgs/srv/set_float.h
[0.323s] -- Up-to-date symlink: /home/herring/rzddzy/install/mujoco_ros_msgs/include/mujoco_ros_msgs/mujoco_ros_msgs/srv/set_geom_properties.h
[0.323s] -- Up-to-date symlink: /home/herring/rzddzy/install/mujoco_ros_msgs/include/mujoco_ros_msgs/mujoco_ros_msgs/srv/set_gravity.h
[0.323s] -- Up-to-date symlink: /home/herring/rzddzy/install/mujoco_ros_msgs/include/mujoco_ros_msgs/mujoco_ros_msgs/srv/set_mocap_state.h
[0.323s] -- Up-to-date symlink: /home/herring/rzddzy/install/mujoco_ros_msgs/include/mujoco_ros_msgs/mujoco_ros_msgs/srv/set_pause.h
[0.323s] -- Up-to-date symlink: /home/herring/rzddzy/install/mujoco_ros_msgs/share/mujoco_ros_msgs/environment/library_path.sh
[0.323s] -- Up-to-date symlink: /home/herring/rzddzy/install/mujoco_ros_msgs/share/mujoco_ros_msgs/environment/library_path.dsv
[0.324s] -- Up-to-date symlink: /home/herring/rzddzy/install/mujoco_ros_msgs/include/mujoco_ros_msgs/mujoco_ros_msgs/action/detail/step__rosidl_typesupport_fastrtps_c.h
[0.324s] -- Up-to-date symlink: /home/herring/rzddzy/install/mujoco_ros_msgs/include/mujoco_ros_msgs/mujoco_ros_msgs/msg/detail/body_state__rosidl_typesupport_fastrtps_c.h
[0.324s] -- Up-to-date symlink: /home/herring/rzddzy/install/mujoco_ros_msgs/include/mujoco_ros_msgs/mujoco_ros_msgs/msg/detail/equality_constraint_parameters__rosidl_typesupport_fastrtps_c.h
[0.324s] -- Up-to-date symlink: /home/herring/rzddzy/install/mujoco_ros_msgs/include/mujoco_ros_msgs/mujoco_ros_msgs/msg/detail/equality_constraint_type__rosidl_typesupport_fastrtps_c.h
[0.324s] -- Up-to-date symlink: /home/herring/rzddzy/install/mujoco_ros_msgs/include/mujoco_ros_msgs/mujoco_ros_msgs/msg/detail/geom_properties__rosidl_typesupport_fastrtps_c.h
[0.324s] -- Up-to-date symlink: /home/herring/rzddzy/install/mujoco_ros_msgs/include/mujoco_ros_msgs/mujoco_ros_msgs/msg/detail/geom_type__rosidl_typesupport_fastrtps_c.h
[0.324s] -- Up-to-date symlink: /home/herring/rzddzy/install/mujoco_ros_msgs/include/mujoco_ros_msgs/mujoco_ros_msgs/msg/detail/mocap_state__rosidl_typesupport_fastrtps_c.h
[0.324s] -- Up-to-date symlink: /home/herring/rzddzy/install/mujoco_ros_msgs/include/mujoco_ros_msgs/mujoco_ros_msgs/msg/detail/plugin_stats__rosidl_typesupport_fastrtps_c.h
[0.324s] -- Up-to-date symlink: /home/herring/rzddzy/install/mujoco_ros_msgs/include/mujoco_ros_msgs/mujoco_ros_msgs/msg/detail/scalar_stamped__rosidl_typesupport_fastrtps_c.h
[0.324s] -- Up-to-date symlink: /home/herring/rzddzy/install/mujoco_ros_msgs/include/mujoco_ros_msgs/mujoco_ros_msgs/msg/detail/sensor_noise_model__rosidl_typesupport_fastrtps_c.h
[0.326s] -- Up-to-date symlink: /home/herring/rzddzy/install/mujoco_ros_msgs/include/mujoco_ros_msgs/mujoco_ros_msgs/msg/detail/sim_info__rosidl_typesupport_fastrtps_c.h
[0.327s] -- Up-to-date symlink: /home/herring/rzddzy/install/mujoco_ros_msgs/include/mujoco_ros_msgs/mujoco_ros_msgs/msg/detail/solver_parameters__rosidl_typesupport_fastrtps_c.h
[0.327s] -- Up-to-date symlink: /home/herring/rzddzy/install/mujoco_ros_msgs/include/mujoco_ros_msgs/mujoco_ros_msgs/msg/detail/state_uint__rosidl_typesupport_fastrtps_c.h
[0.327s] -- Up-to-date symlink: /home/herring/rzddzy/install/mujoco_ros_msgs/include/mujoco_ros_msgs/mujoco_ros_msgs/msg/rosidl_typesupport_fastrtps_c__visibility_control.h
[0.328s] -- Up-to-date symlink: /home/herring/rzddzy/install/mujoco_ros_msgs/include/mujoco_ros_msgs/mujoco_ros_msgs/srv/detail/get_body_state__rosidl_typesupport_fastrtps_c.h
[0.328s] -- Up-to-date symlink: /home/herring/rzddzy/install/mujoco_ros_msgs/include/mujoco_ros_msgs/mujoco_ros_msgs/srv/detail/get_equality_constraint_parameters__rosidl_typesupport_fastrtps_c.h
[0.328s] -- Up-to-date symlink: /home/herring/rzddzy/install/mujoco_ros_msgs/include/mujoco_ros_msgs/mujoco_ros_msgs/srv/detail/get_geom_properties__rosidl_typesupport_fastrtps_c.h
[0.328s] -- Up-to-date symlink: /home/herring/rzddzy/install/mujoco_ros_msgs/include/mujoco_ros_msgs/mujoco_ros_msgs/srv/detail/get_gravity__rosidl_typesupport_fastrtps_c.h
[0.328s] -- Up-to-date symlink: /home/herring/rzddzy/install/mujoco_ros_msgs/include/mujoco_ros_msgs/mujoco_ros_msgs/srv/detail/get_plugin_stats__rosidl_typesupport_fastrtps_c.h
[0.328s] -- Up-to-date symlink: /home/herring/rzddzy/install/mujoco_ros_msgs/include/mujoco_ros_msgs/mujoco_ros_msgs/srv/detail/get_sim_info__rosidl_typesupport_fastrtps_c.h
[0.328s] -- Up-to-date symlink: /home/herring/rzddzy/install/mujoco_ros_msgs/include/mujoco_ros_msgs/mujoco_ros_msgs/srv/detail/get_state_uint__rosidl_typesupport_fastrtps_c.h
[0.328s] -- Up-to-date symlink: /home/herring/rzddzy/install/mujoco_ros_msgs/include/mujoco_ros_msgs/mujoco_ros_msgs/srv/detail/register_sensor_noise_models__rosidl_typesupport_fastrtps_c.h
[0.328s] -- Up-to-date symlink: /home/herring/rzddzy/install/mujoco_ros_msgs/include/mujoco_ros_msgs/mujoco_ros_msgs/srv/detail/reload__rosidl_typesupport_fastrtps_c.h
[0.328s] -- Up-to-date symlink: /home/herring/rzddzy/install/mujoco_ros_msgs/include/mujoco_ros_msgs/mujoco_ros_msgs/srv/detail/reset_body_q_pos__rosidl_typesupport_fastrtps_c.h
[0.328s] -- Up-to-date symlink: /home/herring/rzddzy/install/mujoco_ros_msgs/include/mujoco_ros_msgs/mujoco_ros_msgs/srv/detail/set_body_state__rosidl_typesupport_fastrtps_c.h
[0.328s] -- Up-to-date symlink: /home/herring/rzddzy/install/mujoco_ros_msgs/include/mujoco_ros_msgs/mujoco_ros_msgs/srv/detail/set_equality_constraint_parameters__rosidl_typesupport_fastrtps_c.h
[0.328s] -- Up-to-date symlink: /home/herring/rzddzy/install/mujoco_ros_msgs/include/mujoco_ros_msgs/mujoco_ros_msgs/srv/detail/set_float__rosidl_typesupport_fastrtps_c.h
[0.328s] -- Up-to-date symlink: /home/herring/rzddzy/install/mujoco_ros_msgs/include/mujoco_ros_msgs/mujoco_ros_msgs/srv/detail/set_geom_properties__rosidl_typesupport_fastrtps_c.h
[0.328s] -- Up-to-date symlink: /home/herring/rzddzy/install/mujoco_ros_msgs/include/mujoco_ros_msgs/mujoco_ros_msgs/srv/detail/set_gravity__rosidl_typesupport_fastrtps_c.h
[0.328s] -- Up-to-date symlink: /home/herring/rzddzy/install/mujoco_ros_msgs/include/mujoco_ros_msgs/mujoco_ros_msgs/srv/detail/set_mocap_state__rosidl_typesupport_fastrtps_c.h
[0.328s] -- Up-to-date symlink: /home/herring/rzddzy/install/mujoco_ros_msgs/include/mujoco_ros_msgs/mujoco_ros_msgs/srv/detail/set_pause__rosidl_typesupport_fastrtps_c.h
[0.328s] -- Up-to-date symlink: /home/herring/rzddzy/install/mujoco_ros_msgs/include/mujoco_ros_msgs/mujoco_ros_msgs/action/detail/step__rosidl_typesupport_introspection_c.h
[0.328s] -- Up-to-date symlink: /home/herring/rzddzy/install/mujoco_ros_msgs/include/mujoco_ros_msgs/mujoco_ros_msgs/msg/detail/body_state__rosidl_typesupport_introspection_c.h
[0.329s] -- Up-to-date symlink: /home/herring/rzddzy/install/mujoco_ros_msgs/include/mujoco_ros_msgs/mujoco_ros_msgs/msg/detail/equality_constraint_parameters__rosidl_typesupport_introspection_c.h
[0.331s] -- Up-to-date symlink: /home/herring/rzddzy/install/mujoco_ros_msgs/include/mujoco_ros_msgs/mujoco_ros_msgs/msg/detail/equality_constraint_type__rosidl_typesupport_introspection_c.h
[0.331s] -- Up-to-date symlink: /home/herring/rzddzy/install/mujoco_ros_msgs/include/mujoco_ros_msgs/mujoco_ros_msgs/msg/detail/geom_properties__rosidl_typesupport_introspection_c.h
[0.331s] -- Up-to-date symlink: /home/herring/rzddzy/install/mujoco_ros_msgs/include/mujoco_ros_msgs/mujoco_ros_msgs/msg/detail/geom_type__rosidl_typesupport_introspection_c.h
[0.331s] -- Up-to-date symlink: /home/herring/rzddzy/install/mujoco_ros_msgs/include/mujoco_ros_msgs/mujoco_ros_msgs/msg/detail/mocap_state__rosidl_typesupport_introspection_c.h
[0.331s] -- Up-to-date symlink: /home/herring/rzddzy/install/mujoco_ros_msgs/include/mujoco_ros_msgs/mujoco_ros_msgs/msg/detail/plugin_stats__rosidl_typesupport_introspection_c.h
[0.331s] -- Up-to-date symlink: /home/herring/rzddzy/install/mujoco_ros_msgs/include/mujoco_ros_msgs/mujoco_ros_msgs/msg/detail/scalar_stamped__rosidl_typesupport_introspection_c.h
[0.331s] -- Up-to-date symlink: /home/herring/rzddzy/install/mujoco_ros_msgs/include/mujoco_ros_msgs/mujoco_ros_msgs/msg/detail/sensor_noise_model__rosidl_typesupport_introspection_c.h
[0.331s] -- Up-to-date symlink: /home/herring/rzddzy/install/mujoco_ros_msgs/include/mujoco_ros_msgs/mujoco_ros_msgs/msg/detail/sim_info__rosidl_typesupport_introspection_c.h
[0.332s] -- Up-to-date symlink: /home/herring/rzddzy/install/mujoco_ros_msgs/include/mujoco_ros_msgs/mujoco_ros_msgs/msg/detail/solver_parameters__rosidl_typesupport_introspection_c.h
[0.332s] -- Up-to-date symlink: /home/herring/rzddzy/install/mujoco_ros_msgs/include/mujoco_ros_msgs/mujoco_ros_msgs/msg/detail/state_uint__rosidl_typesupport_introspection_c.h
[0.332s] -- Up-to-date symlink: /home/herring/rzddzy/install/mujoco_ros_msgs/include/mujoco_ros_msgs/mujoco_ros_msgs/msg/rosidl_typesupport_introspection_c__visibility_control.h
[0.332s] -- Up-to-date symlink: /home/herring/rzddzy/install/mujoco_ros_msgs/include/mujoco_ros_msgs/mujoco_ros_msgs/srv/detail/get_body_state__rosidl_typesupport_introspection_c.h
[0.332s] -- Up-to-date symlink: /home/herring/rzddzy/install/mujoco_ros_msgs/include/mujoco_ros_msgs/mujoco_ros_msgs/srv/detail/get_equality_constraint_parameters__rosidl_typesupport_introspection_c.h
[0.332s] -- Up-to-date symlink: /home/herring/rzddzy/install/mujoco_ros_msgs/include/mujoco_ros_msgs/mujoco_ros_msgs/srv/detail/get_geom_properties__rosidl_typesupport_introspection_c.h
[0.332s] -- Up-to-date symlink: /home/herring/rzddzy/install/mujoco_ros_msgs/include/mujoco_ros_msgs/mujoco_ros_msgs/srv/detail/get_gravity__rosidl_typesupport_introspection_c.h
[0.332s] -- Up-to-date symlink: /home/herring/rzddzy/install/mujoco_ros_msgs/include/mujoco_ros_msgs/mujoco_ros_msgs/srv/detail/get_plugin_stats__rosidl_typesupport_introspection_c.h
[0.333s] -- Up-to-date symlink: /home/herring/rzddzy/install/mujoco_ros_msgs/include/mujoco_ros_msgs/mujoco_ros_msgs/srv/detail/get_sim_info__rosidl_typesupport_introspection_c.h
[0.333s] -- Up-to-date symlink: /home/herring/rzddzy/install/mujoco_ros_msgs/include/mujoco_ros_msgs/mujoco_ros_msgs/srv/detail/get_state_uint__rosidl_typesupport_introspection_c.h
[0.333s] -- Up-to-date symlink: /home/herring/rzddzy/install/mujoco_ros_msgs/include/mujoco_ros_msgs/mujoco_ros_msgs/srv/detail/register_sensor_noise_models__rosidl_typesupport_introspection_c.h
[0.333s] -- Up-to-date symlink: /home/herring/rzddzy/install/mujoco_ros_msgs/include/mujoco_ros_msgs/mujoco_ros_msgs/srv/detail/reload__rosidl_typesupport_introspection_c.h
[0.333s] -- Up-to-date symlink: /home/herring/rzddzy/install/mujoco_ros_msgs/include/mujoco_ros_msgs/mujoco_ros_msgs/srv/detail/reset_body_q_pos__rosidl_typesupport_introspection_c.h
[0.333s] -- Up-to-date symlink: /home/herring/rzddzy/install/mujoco_ros_msgs/include/mujoco_ros_msgs/mujoco_ros_msgs/srv/detail/set_body_state__rosidl_typesupport_introspection_c.h
[0.333s] -- Up-to-date symlink: /home/herring/rzddzy/install/mujoco_ros_msgs/include/mujoco_ros_msgs/mujoco_ros_msgs/srv/detail/set_equality_constraint_parameters__rosidl_typesupport_introspection_c.h
[0.333s] -- Up-to-date symlink: /home/herring/rzddzy/install/mujoco_ros_msgs/include/mujoco_ros_msgs/mujoco_ros_msgs/srv/detail/set_float__rosidl_typesupport_introspection_c.h
[0.333s] -- Up-to-date symlink: /home/herring/rzddzy/install/mujoco_ros_msgs/include/mujoco_ros_msgs/mujoco_ros_msgs/srv/detail/set_geom_properties__rosidl_typesupport_introspection_c.h
[0.333s] -- Up-to-date symlink: /home/herring/rzddzy/install/mujoco_ros_msgs/include/mujoco_ros_msgs/mujoco_ros_msgs/srv/detail/set_gravity__rosidl_typesupport_introspection_c.h
[0.333s] -- Up-to-date symlink: /home/herring/rzddzy/install/mujoco_ros_msgs/include/mujoco_ros_msgs/mujoco_ros_msgs/srv/detail/set_mocap_state__rosidl_typesupport_introspection_c.h
[0.333s] -- Up-to-date symlink: /home/herring/rzddzy/install/mujoco_ros_msgs/include/mujoco_ros_msgs/mujoco_ros_msgs/srv/detail/set_pause__rosidl_typesupport_introspection_c.h
[0.334s] -- Up-to-date symlink: /home/herring/rzddzy/install/mujoco_ros_msgs/include/mujoco_ros_msgs/mujoco_ros_msgs/action/detail/step__builder.hpp
[0.334s] -- Up-to-date symlink: /home/herring/rzddzy/install/mujoco_ros_msgs/include/mujoco_ros_msgs/mujoco_ros_msgs/action/detail/step__struct.hpp
[0.334s] -- Up-to-date symlink: /home/herring/rzddzy/install/mujoco_ros_msgs/include/mujoco_ros_msgs/mujoco_ros_msgs/action/detail/step__traits.hpp
[0.334s] -- Up-to-date symlink: /home/herring/rzddzy/install/mujoco_ros_msgs/include/mujoco_ros_msgs/mujoco_ros_msgs/action/detail/step__type_support.hpp
[0.334s] -- Up-to-date symlink: /home/herring/rzddzy/install/mujoco_ros_msgs/include/mujoco_ros_msgs/mujoco_ros_msgs/action/step.hpp
[0.334s] -- Up-to-date symlink: /home/herring/rzddzy/install/mujoco_ros_msgs/include/mujoco_ros_msgs/mujoco_ros_msgs/msg/body_state.hpp
[0.334s] -- Up-to-date symlink: /home/herring/rzddzy/install/mujoco_ros_msgs/include/mujoco_ros_msgs/mujoco_ros_msgs/msg/detail/body_state__builder.hpp
[0.334s] -- Up-to-date symlink: /home/herring/rzddzy/install/mujoco_ros_msgs/include/mujoco_ros_msgs/mujoco_ros_msgs/msg/detail/body_state__struct.hpp
[0.334s] -- Up-to-date symlink: /home/herring/rzddzy/install/mujoco_ros_msgs/include/mujoco_ros_msgs/mujoco_ros_msgs/msg/detail/body_state__traits.hpp
[0.335s] -- Up-to-date symlink: /home/herring/rzddzy/install/mujoco_ros_msgs/include/mujoco_ros_msgs/mujoco_ros_msgs/msg/detail/body_state__type_support.hpp
[0.335s] -- Up-to-date symlink: /home/herring/rzddzy/install/mujoco_ros_msgs/include/mujoco_ros_msgs/mujoco_ros_msgs/msg/detail/equality_constraint_parameters__builder.hpp
[0.335s] -- Up-to-date symlink: /home/herring/rzddzy/install/mujoco_ros_msgs/include/mujoco_ros_msgs/mujoco_ros_msgs/msg/detail/equality_constraint_parameters__struct.hpp
[0.335s] -- Up-to-date symlink: /home/herring/rzddzy/install/mujoco_ros_msgs/include/mujoco_ros_msgs/mujoco_ros_msgs/msg/detail/equality_constraint_parameters__traits.hpp
[0.335s] -- Up-to-date symlink: /home/herring/rzddzy/install/mujoco_ros_msgs/include/mujoco_ros_msgs/mujoco_ros_msgs/msg/detail/equality_constraint_parameters__type_support.hpp
[0.335s] -- Up-to-date symlink: /home/herring/rzddzy/install/mujoco_ros_msgs/include/mujoco_ros_msgs/mujoco_ros_msgs/msg/detail/equality_constraint_type__builder.hpp
[0.335s] -- Up-to-date symlink: /home/herring/rzddzy/install/mujoco_ros_msgs/include/mujoco_ros_msgs/mujoco_ros_msgs/msg/detail/equality_constraint_type__struct.hpp
[0.335s] -- Up-to-date symlink: /home/herring/rzddzy/install/mujoco_ros_msgs/include/mujoco_ros_msgs/mujoco_ros_msgs/msg/detail/equality_constraint_type__traits.hpp
[0.335s] -- Up-to-date symlink: /home/herring/rzddzy/install/mujoco_ros_msgs/include/mujoco_ros_msgs/mujoco_ros_msgs/msg/detail/equality_constraint_type__type_support.hpp
[0.336s] -- Up-to-date symlink: /home/herring/rzddzy/install/mujoco_ros_msgs/include/mujoco_ros_msgs/mujoco_ros_msgs/msg/detail/geom_properties__builder.hpp
[0.336s] -- Up-to-date symlink: /home/herring/rzddzy/install/mujoco_ros_msgs/include/mujoco_ros_msgs/mujoco_ros_msgs/msg/detail/geom_properties__struct.hpp
[0.336s] -- Up-to-date symlink: /home/herring/rzddzy/install/mujoco_ros_msgs/include/mujoco_ros_msgs/mujoco_ros_msgs/msg/detail/geom_properties__traits.hpp
[0.336s] -- Up-to-date symlink: /home/herring/rzddzy/install/mujoco_ros_msgs/include/mujoco_ros_msgs/mujoco_ros_msgs/msg/detail/geom_properties__type_support.hpp
[0.336s] -- Up-to-date symlink: /home/herring/rzddzy/install/mujoco_ros_msgs/include/mujoco_ros_msgs/mujoco_ros_msgs/msg/detail/geom_type__builder.hpp
[0.336s] -- Up-to-date symlink: /home/herring/rzddzy/install/mujoco_ros_msgs/include/mujoco_ros_msgs/mujoco_ros_msgs/msg/detail/geom_type__struct.hpp
[0.336s] -- Up-to-date symlink: /home/herring/rzddzy/install/mujoco_ros_msgs/include/mujoco_ros_msgs/mujoco_ros_msgs/msg/detail/geom_type__traits.hpp
[0.336s] -- Up-to-date symlink: /home/herring/rzddzy/install/mujoco_ros_msgs/include/mujoco_ros_msgs/mujoco_ros_msgs/msg/detail/geom_type__type_support.hpp
[0.336s] -- Up-to-date symlink: /home/herring/rzddzy/install/mujoco_ros_msgs/include/mujoco_ros_msgs/mujoco_ros_msgs/msg/detail/mocap_state__builder.hpp
[0.336s] -- Up-to-date symlink: /home/herring/rzddzy/install/mujoco_ros_msgs/include/mujoco_ros_msgs/mujoco_ros_msgs/msg/detail/mocap_state__struct.hpp
[0.336s] -- Up-to-date symlink: /home/herring/rzddzy/install/mujoco_ros_msgs/include/mujoco_ros_msgs/mujoco_ros_msgs/msg/detail/mocap_state__traits.hpp
[0.336s] -- Up-to-date symlink: /home/herring/rzddzy/install/mujoco_ros_msgs/include/mujoco_ros_msgs/mujoco_ros_msgs/msg/detail/mocap_state__type_support.hpp
[0.336s] -- Up-to-date symlink: /home/herring/rzddzy/install/mujoco_ros_msgs/include/mujoco_ros_msgs/mujoco_ros_msgs/msg/detail/plugin_stats__builder.hpp
[0.336s] -- Up-to-date symlink: /home/herring/rzddzy/install/mujoco_ros_msgs/include/mujoco_ros_msgs/mujoco_ros_msgs/msg/detail/plugin_stats__struct.hpp
[0.336s] -- Up-to-date symlink: /home/herring/rzddzy/install/mujoco_ros_msgs/include/mujoco_ros_msgs/mujoco_ros_msgs/msg/detail/plugin_stats__traits.hpp
[0.336s] -- Up-to-date symlink: /home/herring/rzddzy/install/mujoco_ros_msgs/include/mujoco_ros_msgs/mujoco_ros_msgs/msg/detail/plugin_stats__type_support.hpp
[0.337s] -- Up-to-date symlink: /home/herring/rzddzy/install/mujoco_ros_msgs/include/mujoco_ros_msgs/mujoco_ros_msgs/msg/detail/scalar_stamped__builder.hpp
[0.337s] -- Up-to-date symlink: /home/herring/rzddzy/install/mujoco_ros_msgs/include/mujoco_ros_msgs/mujoco_ros_msgs/msg/detail/scalar_stamped__struct.hpp
[0.337s] -- Up-to-date symlink: /home/herring/rzddzy/install/mujoco_ros_msgs/include/mujoco_ros_msgs/mujoco_ros_msgs/msg/detail/scalar_stamped__traits.hpp
[0.337s] -- Up-to-date symlink: /home/herring/rzddzy/install/mujoco_ros_msgs/include/mujoco_ros_msgs/mujoco_ros_msgs/msg/detail/scalar_stamped__type_support.hpp
[0.337s] -- Up-to-date symlink: /home/herring/rzddzy/install/mujoco_ros_msgs/include/mujoco_ros_msgs/mujoco_ros_msgs/msg/detail/sensor_noise_model__builder.hpp
[0.337s] -- Up-to-date symlink: /home/herring/rzddzy/install/mujoco_ros_msgs/include/mujoco_ros_msgs/mujoco_ros_msgs/msg/detail/sensor_noise_model__struct.hpp
[0.337s] -- Up-to-date symlink: /home/herring/rzddzy/install/mujoco_ros_msgs/include/mujoco_ros_msgs/mujoco_ros_msgs/msg/detail/sensor_noise_model__traits.hpp
[0.337s] -- Up-to-date symlink: /home/herring/rzddzy/install/mujoco_ros_msgs/include/mujoco_ros_msgs/mujoco_ros_msgs/msg/detail/sensor_noise_model__type_support.hpp
[0.337s] -- Up-to-date symlink: /home/herring/rzddzy/install/mujoco_ros_msgs/include/mujoco_ros_msgs/mujoco_ros_msgs/msg/detail/sim_info__builder.hpp
[0.338s] -- Up-to-date symlink: /home/herring/rzddzy/install/mujoco_ros_msgs/include/mujoco_ros_msgs/mujoco_ros_msgs/msg/detail/sim_info__struct.hpp
[0.338s] -- Up-to-date symlink: /home/herring/rzddzy/install/mujoco_ros_msgs/include/mujoco_ros_msgs/mujoco_ros_msgs/msg/detail/sim_info__traits.hpp
[0.338s] -- Up-to-date symlink: /home/herring/rzddzy/install/mujoco_ros_msgs/include/mujoco_ros_msgs/mujoco_ros_msgs/msg/detail/sim_info__type_support.hpp
[0.338s] -- Up-to-date symlink: /home/herring/rzddzy/install/mujoco_ros_msgs/include/mujoco_ros_msgs/mujoco_ros_msgs/msg/detail/solver_parameters__builder.hpp
[0.338s] -- Up-to-date symlink: /home/herring/rzddzy/install/mujoco_ros_msgs/include/mujoco_ros_msgs/mujoco_ros_msgs/msg/detail/solver_parameters__struct.hpp
[0.338s] -- Up-to-date symlink: /home/herring/rzddzy/install/mujoco_ros_msgs/include/mujoco_ros_msgs/mujoco_ros_msgs/msg/detail/solver_parameters__traits.hpp
[0.338s] -- Up-to-date symlink: /home/herring/rzddzy/install/mujoco_ros_msgs/include/mujoco_ros_msgs/mujoco_ros_msgs/msg/detail/solver_parameters__type_support.hpp
[0.338s] -- Up-to-date symlink: /home/herring/rzddzy/install/mujoco_ros_msgs/include/mujoco_ros_msgs/mujoco_ros_msgs/msg/detail/state_uint__builder.hpp
[0.338s] -- Up-to-date symlink: /home/herring/rzddzy/install/mujoco_ros_msgs/include/mujoco_ros_msgs/mujoco_ros_msgs/msg/detail/state_uint__struct.hpp
[0.339s] -- Up-to-date symlink: /home/herring/rzddzy/install/mujoco_ros_msgs/include/mujoco_ros_msgs/mujoco_ros_msgs/msg/detail/state_uint__traits.hpp
[0.339s] -- Up-to-date symlink: /home/herring/rzddzy/install/mujoco_ros_msgs/include/mujoco_ros_msgs/mujoco_ros_msgs/msg/detail/state_uint__type_support.hpp
[0.339s] -- Up-to-date symlink: /home/herring/rzddzy/install/mujoco_ros_msgs/include/mujoco_ros_msgs/mujoco_ros_msgs/msg/equality_constraint_parameters.hpp
[0.339s] -- Up-to-date symlink: /home/herring/rzddzy/install/mujoco_ros_msgs/include/mujoco_ros_msgs/mujoco_ros_msgs/msg/equality_constraint_type.hpp
[0.339s] -- Up-to-date symlink: /home/herring/rzddzy/install/mujoco_ros_msgs/include/mujoco_ros_msgs/mujoco_ros_msgs/msg/geom_properties.hpp
[0.339s] -- Up-to-date symlink: /home/herring/rzddzy/install/mujoco_ros_msgs/include/mujoco_ros_msgs/mujoco_ros_msgs/msg/geom_type.hpp
[0.339s] -- Up-to-date symlink: /home/herring/rzddzy/install/mujoco_ros_msgs/include/mujoco_ros_msgs/mujoco_ros_msgs/msg/mocap_state.hpp
[0.339s] -- Up-to-date symlink: /home/herring/rzddzy/install/mujoco_ros_msgs/include/mujoco_ros_msgs/mujoco_ros_msgs/msg/plugin_stats.hpp
[0.339s] -- Up-to-date symlink: /home/herring/rzddzy/install/mujoco_ros_msgs/include/mujoco_ros_msgs/mujoco_ros_msgs/msg/rosidl_generator_cpp__visibility_control.hpp
[0.340s] -- Up-to-date symlink: /home/herring/rzddzy/install/mujoco_ros_msgs/include/mujoco_ros_msgs/mujoco_ros_msgs/msg/scalar_stamped.hpp
[0.340s] -- Up-to-date symlink: /home/herring/rzddzy/install/mujoco_ros_msgs/include/mujoco_ros_msgs/mujoco_ros_msgs/msg/sensor_noise_model.hpp
[0.340s] -- Up-to-date symlink: /home/herring/rzddzy/install/mujoco_ros_msgs/include/mujoco_ros_msgs/mujoco_ros_msgs/msg/sim_info.hpp
[0.340s] -- Up-to-date symlink: /home/herring/rzddzy/install/mujoco_ros_msgs/include/mujoco_ros_msgs/mujoco_ros_msgs/msg/solver_parameters.hpp
[0.340s] -- Up-to-date symlink: /home/herring/rzddzy/install/mujoco_ros_msgs/include/mujoco_ros_msgs/mujoco_ros_msgs/msg/state_uint.hpp
[0.340s] -- Up-to-date symlink: /home/herring/rzddzy/install/mujoco_ros_msgs/include/mujoco_ros_msgs/mujoco_ros_msgs/srv/detail/get_body_state__builder.hpp
[0.340s] -- Up-to-date symlink: /home/herring/rzddzy/install/mujoco_ros_msgs/include/mujoco_ros_msgs/mujoco_ros_msgs/srv/detail/get_body_state__struct.hpp
[0.340s] -- Up-to-date symlink: /home/herring/rzddzy/install/mujoco_ros_msgs/include/mujoco_ros_msgs/mujoco_ros_msgs/srv/detail/get_body_state__traits.hpp
[0.340s] -- Up-to-date symlink: /home/herring/rzddzy/install/mujoco_ros_msgs/include/mujoco_ros_msgs/mujoco_ros_msgs/srv/detail/get_body_state__type_support.hpp
[0.340s] -- Up-to-date symlink: /home/herring/rzddzy/install/mujoco_ros_msgs/include/mujoco_ros_msgs/mujoco_ros_msgs/srv/detail/get_equality_constraint_parameters__builder.hpp
[0.341s] -- Up-to-date symlink: /home/herring/rzddzy/install/mujoco_ros_msgs/include/mujoco_ros_msgs/mujoco_ros_msgs/srv/detail/get_equality_constraint_parameters__struct.hpp
[0.341s] -- Up-to-date symlink: /home/herring/rzddzy/install/mujoco_ros_msgs/include/mujoco_ros_msgs/mujoco_ros_msgs/srv/detail/get_equality_constraint_parameters__traits.hpp
[0.341s] -- Up-to-date symlink: /home/herring/rzddzy/install/mujoco_ros_msgs/include/mujoco_ros_msgs/mujoco_ros_msgs/srv/detail/get_equality_constraint_parameters__type_support.hpp
[0.341s] -- Up-to-date symlink: /home/herring/rzddzy/install/mujoco_ros_msgs/include/mujoco_ros_msgs/mujoco_ros_msgs/srv/detail/get_geom_properties__builder.hpp
[0.341s] -- Up-to-date symlink: /home/herring/rzddzy/install/mujoco_ros_msgs/include/mujoco_ros_msgs/mujoco_ros_msgs/srv/detail/get_geom_properties__struct.hpp
[0.341s] -- Up-to-date symlink: /home/herring/rzddzy/install/mujoco_ros_msgs/include/mujoco_ros_msgs/mujoco_ros_msgs/srv/detail/get_geom_properties__traits.hpp
[0.341s] -- Up-to-date symlink: /home/herring/rzddzy/install/mujoco_ros_msgs/include/mujoco_ros_msgs/mujoco_ros_msgs/srv/detail/get_geom_properties__type_support.hpp
[0.341s] -- Up-to-date symlink: /home/herring/rzddzy/install/mujoco_ros_msgs/include/mujoco_ros_msgs/mujoco_ros_msgs/srv/detail/get_gravity__builder.hpp
[0.341s] -- Up-to-date symlink: /home/herring/rzddzy/install/mujoco_ros_msgs/include/mujoco_ros_msgs/mujoco_ros_msgs/srv/detail/get_gravity__struct.hpp
[0.341s] -- Up-to-date symlink: /home/herring/rzddzy/install/mujoco_ros_msgs/include/mujoco_ros_msgs/mujoco_ros_msgs/srv/detail/get_gravity__traits.hpp
[0.341s] -- Up-to-date symlink: /home/herring/rzddzy/install/mujoco_ros_msgs/include/mujoco_ros_msgs/mujoco_ros_msgs/srv/detail/get_gravity__type_support.hpp
[0.341s] -- Up-to-date symlink: /home/herring/rzddzy/install/mujoco_ros_msgs/include/mujoco_ros_msgs/mujoco_ros_msgs/srv/detail/get_plugin_stats__builder.hpp
[0.341s] -- Up-to-date symlink: /home/herring/rzddzy/install/mujoco_ros_msgs/include/mujoco_ros_msgs/mujoco_ros_msgs/srv/detail/get_plugin_stats__struct.hpp
[0.341s] -- Up-to-date symlink: /home/herring/rzddzy/install/mujoco_ros_msgs/include/mujoco_ros_msgs/mujoco_ros_msgs/srv/detail/get_plugin_stats__traits.hpp
[0.342s] -- Up-to-date symlink: /home/herring/rzddzy/install/mujoco_ros_msgs/include/mujoco_ros_msgs/mujoco_ros_msgs/srv/detail/get_plugin_stats__type_support.hpp
[0.342s] -- Up-to-date symlink: /home/herring/rzddzy/install/mujoco_ros_msgs/include/mujoco_ros_msgs/mujoco_ros_msgs/srv/detail/get_sim_info__builder.hpp
[0.342s] -- Up-to-date symlink: /home/herring/rzddzy/install/mujoco_ros_msgs/include/mujoco_ros_msgs/mujoco_ros_msgs/srv/detail/get_sim_info__struct.hpp
[0.342s] -- Up-to-date symlink: /home/herring/rzddzy/install/mujoco_ros_msgs/include/mujoco_ros_msgs/mujoco_ros_msgs/srv/detail/get_sim_info__traits.hpp
[0.342s] -- Up-to-date symlink: /home/herring/rzddzy/install/mujoco_ros_msgs/include/mujoco_ros_msgs/mujoco_ros_msgs/srv/detail/get_sim_info__type_support.hpp
[0.342s] -- Up-to-date symlink: /home/herring/rzddzy/install/mujoco_ros_msgs/include/mujoco_ros_msgs/mujoco_ros_msgs/srv/detail/get_state_uint__builder.hpp
[0.342s] -- Up-to-date symlink: /home/herring/rzddzy/install/mujoco_ros_msgs/include/mujoco_ros_msgs/mujoco_ros_msgs/srv/detail/get_state_uint__struct.hpp
[0.342s] -- Up-to-date symlink: /home/herring/rzddzy/install/mujoco_ros_msgs/include/mujoco_ros_msgs/mujoco_ros_msgs/srv/detail/get_state_uint__traits.hpp
[0.342s] -- Up-to-date symlink: /home/herring/rzddzy/install/mujoco_ros_msgs/include/mujoco_ros_msgs/mujoco_ros_msgs/srv/detail/get_state_uint__type_support.hpp
[0.342s] -- Up-to-date symlink: /home/herring/rzddzy/install/mujoco_ros_msgs/include/mujoco_ros_msgs/mujoco_ros_msgs/srv/detail/register_sensor_noise_models__builder.hpp
[0.342s] -- Up-to-date symlink: /home/herring/rzddzy/install/mujoco_ros_msgs/include/mujoco_ros_msgs/mujoco_ros_msgs/srv/detail/register_sensor_noise_models__struct.hpp
[0.343s] -- Up-to-date symlink: /home/herring/rzddzy/install/mujoco_ros_msgs/include/mujoco_ros_msgs/mujoco_ros_msgs/srv/detail/register_sensor_noise_models__traits.hpp
[0.343s] -- Up-to-date symlink: /home/herring/rzddzy/install/mujoco_ros_msgs/include/mujoco_ros_msgs/mujoco_ros_msgs/srv/detail/register_sensor_noise_models__type_support.hpp
[0.343s] -- Up-to-date symlink: /home/herring/rzddzy/install/mujoco_ros_msgs/include/mujoco_ros_msgs/mujoco_ros_msgs/srv/detail/reload__builder.hpp
[0.343s] -- Up-to-date symlink: /home/herring/rzddzy/install/mujoco_ros_msgs/include/mujoco_ros_msgs/mujoco_ros_msgs/srv/detail/reload__struct.hpp
[0.343s] -- Up-to-date symlink: /home/herring/rzddzy/install/mujoco_ros_msgs/include/mujoco_ros_msgs/mujoco_ros_msgs/srv/detail/reload__traits.hpp
[0.343s] -- Up-to-date symlink: /home/herring/rzddzy/install/mujoco_ros_msgs/include/mujoco_ros_msgs/mujoco_ros_msgs/srv/detail/reload__type_support.hpp
[0.343s] -- Up-to-date symlink: /home/herring/rzddzy/install/mujoco_ros_msgs/include/mujoco_ros_msgs/mujoco_ros_msgs/srv/detail/reset_body_q_pos__builder.hpp
[0.343s] -- Up-to-date symlink: /home/herring/rzddzy/install/mujoco_ros_msgs/include/mujoco_ros_msgs/mujoco_ros_msgs/srv/detail/reset_body_q_pos__struct.hpp
[0.343s] -- Up-to-date symlink: /home/herring/rzddzy/install/mujoco_ros_msgs/include/mujoco_ros_msgs/mujoco_ros_msgs/srv/detail/reset_body_q_pos__traits.hpp
[0.343s] -- Up-to-date symlink: /home/herring/rzddzy/install/mujoco_ros_msgs/include/mujoco_ros_msgs/mujoco_ros_msgs/srv/detail/reset_body_q_pos__type_support.hpp
[0.343s] -- Up-to-date symlink: /home/herring/rzddzy/install/mujoco_ros_msgs/include/mujoco_ros_msgs/mujoco_ros_msgs/srv/detail/set_body_state__builder.hpp
[0.343s] -- Up-to-date symlink: /home/herring/rzddzy/install/mujoco_ros_msgs/include/mujoco_ros_msgs/mujoco_ros_msgs/srv/detail/set_body_state__struct.hpp
[0.343s] -- Up-to-date symlink: /home/herring/rzddzy/install/mujoco_ros_msgs/include/mujoco_ros_msgs/mujoco_ros_msgs/srv/detail/set_body_state__traits.hpp
[0.343s] -- Up-to-date symlink: /home/herring/rzddzy/install/mujoco_ros_msgs/include/mujoco_ros_msgs/mujoco_ros_msgs/srv/detail/set_body_state__type_support.hpp
[0.343s] -- Up-to-date symlink: /home/herring/rzddzy/install/mujoco_ros_msgs/include/mujoco_ros_msgs/mujoco_ros_msgs/srv/detail/set_equality_constraint_parameters__builder.hpp
[0.343s] -- Up-to-date symlink: /home/herring/rzddzy/install/mujoco_ros_msgs/include/mujoco_ros_msgs/mujoco_ros_msgs/srv/detail/set_equality_constraint_parameters__struct.hpp
[0.343s] -- Up-to-date symlink: /home/herring/rzddzy/install/mujoco_ros_msgs/include/mujoco_ros_msgs/mujoco_ros_msgs/srv/detail/set_equality_constraint_parameters__traits.hpp
[0.344s] -- Up-to-date symlink: /home/herring/rzddzy/install/mujoco_ros_msgs/include/mujoco_ros_msgs/mujoco_ros_msgs/srv/detail/set_equality_constraint_parameters__type_support.hpp
[0.344s] -- Up-to-date symlink: /home/herring/rzddzy/install/mujoco_ros_msgs/include/mujoco_ros_msgs/mujoco_ros_msgs/srv/detail/set_float__builder.hpp
[0.344s] -- Up-to-date symlink: /home/herring/rzddzy/install/mujoco_ros_msgs/include/mujoco_ros_msgs/mujoco_ros_msgs/srv/detail/set_float__struct.hpp
[0.344s] -- Up-to-date symlink: /home/herring/rzddzy/install/mujoco_ros_msgs/include/mujoco_ros_msgs/mujoco_ros_msgs/srv/detail/set_float__traits.hpp
[0.344s] -- Up-to-date symlink: /home/herring/rzddzy/install/mujoco_ros_msgs/include/mujoco_ros_msgs/mujoco_ros_msgs/srv/detail/set_float__type_support.hpp
[0.344s] -- Up-to-date symlink: /home/herring/rzddzy/install/mujoco_ros_msgs/include/mujoco_ros_msgs/mujoco_ros_msgs/srv/detail/set_geom_properties__builder.hpp
[0.344s] -- Up-to-date symlink: /home/herring/rzddzy/install/mujoco_ros_msgs/include/mujoco_ros_msgs/mujoco_ros_msgs/srv/detail/set_geom_properties__struct.hpp
[0.344s] -- Up-to-date symlink: /home/herring/rzddzy/install/mujoco_ros_msgs/include/mujoco_ros_msgs/mujoco_ros_msgs/srv/detail/set_geom_properties__traits.hpp
[0.344s] -- Up-to-date symlink: /home/herring/rzddzy/install/mujoco_ros_msgs/include/mujoco_ros_msgs/mujoco_ros_msgs/srv/detail/set_geom_properties__type_support.hpp
[0.344s] -- Up-to-date symlink: /home/herring/rzddzy/install/mujoco_ros_msgs/include/mujoco_ros_msgs/mujoco_ros_msgs/srv/detail/set_gravity__builder.hpp
[0.344s] -- Up-to-date symlink: /home/herring/rzddzy/install/mujoco_ros_msgs/include/mujoco_ros_msgs/mujoco_ros_msgs/srv/detail/set_gravity__struct.hpp
[0.344s] -- Up-to-date symlink: /home/herring/rzddzy/install/mujoco_ros_msgs/include/mujoco_ros_msgs/mujoco_ros_msgs/srv/detail/set_gravity__traits.hpp
[0.344s] -- Up-to-date symlink: /home/herring/rzddzy/install/mujoco_ros_msgs/include/mujoco_ros_msgs/mujoco_ros_msgs/srv/detail/set_gravity__type_support.hpp
[0.344s] -- Up-to-date symlink: /home/herring/rzddzy/install/mujoco_ros_msgs/include/mujoco_ros_msgs/mujoco_ros_msgs/srv/detail/set_mocap_state__builder.hpp
[0.345s] -- Up-to-date symlink: /home/herring/rzddzy/install/mujoco_ros_msgs/include/mujoco_ros_msgs/mujoco_ros_msgs/srv/detail/set_mocap_state__struct.hpp
[0.345s] -- Up-to-date symlink: /home/herring/rzddzy/install/mujoco_ros_msgs/include/mujoco_ros_msgs/mujoco_ros_msgs/srv/detail/set_mocap_state__traits.hpp
[0.345s] -- Up-to-date symlink: /home/herring/rzddzy/install/mujoco_ros_msgs/include/mujoco_ros_msgs/mujoco_ros_msgs/srv/detail/set_mocap_state__type_support.hpp
[0.345s] -- Up-to-date symlink: /home/herring/rzddzy/install/mujoco_ros_msgs/include/mujoco_ros_msgs/mujoco_ros_msgs/srv/detail/set_pause__builder.hpp
[0.345s] -- Up-to-date symlink: /home/herring/rzddzy/install/mujoco_ros_msgs/include/mujoco_ros_msgs/mujoco_ros_msgs/srv/detail/set_pause__struct.hpp
[0.345s] -- Up-to-date symlink: /home/herring/rzddzy/install/mujoco_ros_msgs/include/mujoco_ros_msgs/mujoco_ros_msgs/srv/detail/set_pause__traits.hpp
[0.345s] -- Up-to-date symlink: /home/herring/rzddzy/install/mujoco_ros_msgs/include/mujoco_ros_msgs/mujoco_ros_msgs/srv/detail/set_pause__type_support.hpp
[0.345s] -- Up-to-date symlink: /home/herring/rzddzy/install/mujoco_ros_msgs/include/mujoco_ros_msgs/mujoco_ros_msgs/srv/get_body_state.hpp
[0.345s] -- Up-to-date symlink: /home/herring/rzddzy/install/mujoco_ros_msgs/include/mujoco_ros_msgs/mujoco_ros_msgs/srv/get_equality_constraint_parameters.hpp
[0.345s] -- Up-to-date symlink: /home/herring/rzddzy/install/mujoco_ros_msgs/include/mujoco_ros_msgs/mujoco_ros_msgs/srv/get_geom_properties.hpp
[0.345s] -- Up-to-date symlink: /home/herring/rzddzy/install/mujoco_ros_msgs/include/mujoco_ros_msgs/mujoco_ros_msgs/srv/get_gravity.hpp
[0.345s] -- Up-to-date symlink: /home/herring/rzddzy/install/mujoco_ros_msgs/include/mujoco_ros_msgs/mujoco_ros_msgs/srv/get_plugin_stats.hpp
[0.345s] -- Up-to-date symlink: /home/herring/rzddzy/install/mujoco_ros_msgs/include/mujoco_ros_msgs/mujoco_ros_msgs/srv/get_sim_info.hpp
[0.345s] -- Up-to-date symlink: /home/herring/rzddzy/install/mujoco_ros_msgs/include/mujoco_ros_msgs/mujoco_ros_msgs/srv/get_state_uint.hpp
[0.346s] -- Up-to-date symlink: /home/herring/rzddzy/install/mujoco_ros_msgs/include/mujoco_ros_msgs/mujoco_ros_msgs/srv/register_sensor_noise_models.hpp
[0.346s] -- Up-to-date symlink: /home/herring/rzddzy/install/mujoco_ros_msgs/include/mujoco_ros_msgs/mujoco_ros_msgs/srv/reload.hpp
[0.346s] -- Up-to-date symlink: /home/herring/rzddzy/install/mujoco_ros_msgs/include/mujoco_ros_msgs/mujoco_ros_msgs/srv/reset_body_q_pos.hpp
[0.346s] -- Up-to-date symlink: /home/herring/rzddzy/install/mujoco_ros_msgs/include/mujoco_ros_msgs/mujoco_ros_msgs/srv/set_body_state.hpp
[0.346s] -- Up-to-date symlink: /home/herring/rzddzy/install/mujoco_ros_msgs/include/mujoco_ros_msgs/mujoco_ros_msgs/srv/set_equality_constraint_parameters.hpp
[0.346s] -- Up-to-date symlink: /home/herring/rzddzy/install/mujoco_ros_msgs/include/mujoco_ros_msgs/mujoco_ros_msgs/srv/set_float.hpp
[0.346s] -- Up-to-date symlink: /home/herring/rzddzy/install/mujoco_ros_msgs/include/mujoco_ros_msgs/mujoco_ros_msgs/srv/set_geom_properties.hpp
[0.346s] -- Up-to-date symlink: /home/herring/rzddzy/install/mujoco_ros_msgs/include/mujoco_ros_msgs/mujoco_ros_msgs/srv/set_gravity.hpp
[0.346s] -- Up-to-date symlink: /home/herring/rzddzy/install/mujoco_ros_msgs/include/mujoco_ros_msgs/mujoco_ros_msgs/srv/set_mocap_state.hpp
[0.346s] -- Up-to-date symlink: /home/herring/rzddzy/install/mujoco_ros_msgs/include/mujoco_ros_msgs/mujoco_ros_msgs/srv/set_pause.hpp
[0.346s] -- Up-to-date symlink: /home/herring/rzddzy/install/mujoco_ros_msgs/include/mujoco_ros_msgs/mujoco_ros_msgs/action/detail/step__rosidl_typesupport_fastrtps_cpp.hpp
[0.346s] -- Up-to-date symlink: /home/herring/rzddzy/install/mujoco_ros_msgs/include/mujoco_ros_msgs/mujoco_ros_msgs/msg/detail/body_state__rosidl_typesupport_fastrtps_cpp.hpp
[0.346s] -- Up-to-date symlink: /home/herring/rzddzy/install/mujoco_ros_msgs/include/mujoco_ros_msgs/mujoco_ros_msgs/msg/detail/equality_constraint_parameters__rosidl_typesupport_fastrtps_cpp.hpp
[0.346s] -- Up-to-date symlink: /home/herring/rzddzy/install/mujoco_ros_msgs/include/mujoco_ros_msgs/mujoco_ros_msgs/msg/detail/equality_constraint_type__rosidl_typesupport_fastrtps_cpp.hpp
[0.346s] -- Up-to-date symlink: /home/herring/rzddzy/install/mujoco_ros_msgs/include/mujoco_ros_msgs/mujoco_ros_msgs/msg/detail/geom_properties__rosidl_typesupport_fastrtps_cpp.hpp
[0.346s] -- Up-to-date symlink: /home/herring/rzddzy/install/mujoco_ros_msgs/include/mujoco_ros_msgs/mujoco_ros_msgs/msg/detail/geom_type__rosidl_typesupport_fastrtps_cpp.hpp
[0.346s] -- Up-to-date symlink: /home/herring/rzddzy/install/mujoco_ros_msgs/include/mujoco_ros_msgs/mujoco_ros_msgs/msg/detail/mocap_state__rosidl_typesupport_fastrtps_cpp.hpp
[0.346s] -- Up-to-date symlink: /home/herring/rzddzy/install/mujoco_ros_msgs/include/mujoco_ros_msgs/mujoco_ros_msgs/msg/detail/plugin_stats__rosidl_typesupport_fastrtps_cpp.hpp
[0.346s] -- Up-to-date symlink: /home/herring/rzddzy/install/mujoco_ros_msgs/include/mujoco_ros_msgs/mujoco_ros_msgs/msg/detail/scalar_stamped__rosidl_typesupport_fastrtps_cpp.hpp
[0.346s] -- Up-to-date symlink: /home/herring/rzddzy/install/mujoco_ros_msgs/include/mujoco_ros_msgs/mujoco_ros_msgs/msg/detail/sensor_noise_model__rosidl_typesupport_fastrtps_cpp.hpp
[0.346s] -- Up-to-date symlink: /home/herring/rzddzy/install/mujoco_ros_msgs/include/mujoco_ros_msgs/mujoco_ros_msgs/msg/detail/sim_info__rosidl_typesupport_fastrtps_cpp.hpp
[0.346s] -- Up-to-date symlink: /home/herring/rzddzy/install/mujoco_ros_msgs/include/mujoco_ros_msgs/mujoco_ros_msgs/msg/detail/solver_parameters__rosidl_typesupport_fastrtps_cpp.hpp
[0.346s] -- Up-to-date symlink: /home/herring/rzddzy/install/mujoco_ros_msgs/include/mujoco_ros_msgs/mujoco_ros_msgs/msg/detail/state_uint__rosidl_typesupport_fastrtps_cpp.hpp
[0.346s] -- Up-to-date symlink: /home/herring/rzddzy/install/mujoco_ros_msgs/include/mujoco_ros_msgs/mujoco_ros_msgs/msg/rosidl_typesupport_fastrtps_cpp__visibility_control.h
[0.346s] -- Up-to-date symlink: /home/herring/rzddzy/install/mujoco_ros_msgs/include/mujoco_ros_msgs/mujoco_ros_msgs/srv/detail/get_body_state__rosidl_typesupport_fastrtps_cpp.hpp
[0.346s] -- Up-to-date symlink: /home/herring/rzddzy/install/mujoco_ros_msgs/include/mujoco_ros_msgs/mujoco_ros_msgs/srv/detail/get_equality_constraint_parameters__rosidl_typesupport_fastrtps_cpp.hpp
[0.347s] -- Up-to-date symlink: /home/herring/rzddzy/install/mujoco_ros_msgs/include/mujoco_ros_msgs/mujoco_ros_msgs/srv/detail/get_geom_properties__rosidl_typesupport_fastrtps_cpp.hpp
[0.347s] -- Up-to-date symlink: /home/herring/rzddzy/install/mujoco_ros_msgs/include/mujoco_ros_msgs/mujoco_ros_msgs/srv/detail/get_gravity__rosidl_typesupport_fastrtps_cpp.hpp
[0.347s] -- Up-to-date symlink: /home/herring/rzddzy/install/mujoco_ros_msgs/include/mujoco_ros_msgs/mujoco_ros_msgs/srv/detail/get_plugin_stats__rosidl_typesupport_fastrtps_cpp.hpp
[0.347s] -- Up-to-date symlink: /home/herring/rzddzy/install/mujoco_ros_msgs/include/mujoco_ros_msgs/mujoco_ros_msgs/srv/detail/get_sim_info__rosidl_typesupport_fastrtps_cpp.hpp
[0.347s] -- Up-to-date symlink: /home/herring/rzddzy/install/mujoco_ros_msgs/include/mujoco_ros_msgs/mujoco_ros_msgs/srv/detail/get_state_uint__rosidl_typesupport_fastrtps_cpp.hpp
[0.347s] -- Up-to-date symlink: /home/herring/rzddzy/install/mujoco_ros_msgs/include/mujoco_ros_msgs/mujoco_ros_msgs/srv/detail/register_sensor_noise_models__rosidl_typesupport_fastrtps_cpp.hpp
[0.347s] -- Up-to-date symlink: /home/herring/rzddzy/install/mujoco_ros_msgs/include/mujoco_ros_msgs/mujoco_ros_msgs/srv/detail/reload__rosidl_typesupport_fastrtps_cpp.hpp
[0.347s] -- Up-to-date symlink: /home/herring/rzddzy/install/mujoco_ros_msgs/include/mujoco_ros_msgs/mujoco_ros_msgs/srv/detail/reset_body_q_pos__rosidl_typesupport_fastrtps_cpp.hpp
[0.347s] -- Up-to-date symlink: /home/herring/rzddzy/install/mujoco_ros_msgs/include/mujoco_ros_msgs/mujoco_ros_msgs/srv/detail/set_body_state__rosidl_typesupport_fastrtps_cpp.hpp
[0.347s] -- Up-to-date symlink: /home/herring/rzddzy/install/mujoco_ros_msgs/include/mujoco_ros_msgs/mujoco_ros_msgs/srv/detail/set_equality_constraint_parameters__rosidl_typesupport_fastrtps_cpp.hpp
[0.347s] -- Up-to-date symlink: /home/herring/rzddzy/install/mujoco_ros_msgs/include/mujoco_ros_msgs/mujoco_ros_msgs/srv/detail/set_float__rosidl_typesupport_fastrtps_cpp.hpp
[0.347s] -- Up-to-date symlink: /home/herring/rzddzy/install/mujoco_ros_msgs/include/mujoco_ros_msgs/mujoco_ros_msgs/srv/detail/set_geom_properties__rosidl_typesupport_fastrtps_cpp.hpp
[0.347s] -- Up-to-date symlink: /home/herring/rzddzy/install/mujoco_ros_msgs/include/mujoco_ros_msgs/mujoco_ros_msgs/srv/detail/set_gravity__rosidl_typesupport_fastrtps_cpp.hpp
[0.347s] -- Up-to-date symlink: /home/herring/rzddzy/install/mujoco_ros_msgs/include/mujoco_ros_msgs/mujoco_ros_msgs/srv/detail/set_mocap_state__rosidl_typesupport_fastrtps_cpp.hpp
[0.347s] -- Up-to-date symlink: /home/herring/rzddzy/install/mujoco_ros_msgs/include/mujoco_ros_msgs/mujoco_ros_msgs/srv/detail/set_pause__rosidl_typesupport_fastrtps_cpp.hpp
[0.347s] -- Up-to-date symlink: /home/herring/rzddzy/install/mujoco_ros_msgs/include/mujoco_ros_msgs/mujoco_ros_msgs/action/detail/step__rosidl_typesupport_introspection_cpp.hpp
[0.347s] -- Up-to-date symlink: /home/herring/rzddzy/install/mujoco_ros_msgs/include/mujoco_ros_msgs/mujoco_ros_msgs/msg/detail/body_state__rosidl_typesupport_introspection_cpp.hpp
[0.347s] -- Up-to-date symlink: /home/herring/rzddzy/install/mujoco_ros_msgs/include/mujoco_ros_msgs/mujoco_ros_msgs/msg/detail/equality_constraint_parameters__rosidl_typesupport_introspection_cpp.hpp
[0.347s] -- Up-to-date symlink: /home/herring/rzddzy/install/mujoco_ros_msgs/include/mujoco_ros_msgs/mujoco_ros_msgs/msg/detail/equality_constraint_type__rosidl_typesupport_introspection_cpp.hpp
[0.347s] -- Up-to-date symlink: /home/herring/rzddzy/install/mujoco_ros_msgs/include/mujoco_ros_msgs/mujoco_ros_msgs/msg/detail/geom_properties__rosidl_typesupport_introspection_cpp.hpp
[0.347s] -- Up-to-date symlink: /home/herring/rzddzy/install/mujoco_ros_msgs/include/mujoco_ros_msgs/mujoco_ros_msgs/msg/detail/geom_type__rosidl_typesupport_introspection_cpp.hpp
[0.347s] -- Up-to-date symlink: /home/herring/rzddzy/install/mujoco_ros_msgs/include/mujoco_ros_msgs/mujoco_ros_msgs/msg/detail/mocap_state__rosidl_typesupport_introspection_cpp.hpp
[0.347s] -- Up-to-date symlink: /home/herring/rzddzy/install/mujoco_ros_msgs/include/mujoco_ros_msgs/mujoco_ros_msgs/msg/detail/plugin_stats__rosidl_typesupport_introspection_cpp.hpp
[0.347s] -- Up-to-date symlink: /home/herring/rzddzy/install/mujoco_ros_msgs/include/mujoco_ros_msgs/mujoco_ros_msgs/msg/detail/scalar_stamped__rosidl_typesupport_introspection_cpp.hpp
[0.347s] -- Up-to-date symlink: /home/herring/rzddzy/install/mujoco_ros_msgs/include/mujoco_ros_msgs/mujoco_ros_msgs/msg/detail/sensor_noise_model__rosidl_typesupport_introspection_cpp.hpp
[0.348s] -- Up-to-date symlink: /home/herring/rzddzy/install/mujoco_ros_msgs/include/mujoco_ros_msgs/mujoco_ros_msgs/msg/detail/sim_info__rosidl_typesupport_introspection_cpp.hpp
[0.348s] -- Up-to-date symlink: /home/herring/rzddzy/install/mujoco_ros_msgs/include/mujoco_ros_msgs/mujoco_ros_msgs/msg/detail/solver_parameters__rosidl_typesupport_introspection_cpp.hpp
[0.348s] -- Up-to-date symlink: /home/herring/rzddzy/install/mujoco_ros_msgs/include/mujoco_ros_msgs/mujoco_ros_msgs/msg/detail/state_uint__rosidl_typesupport_introspection_cpp.hpp
[0.348s] -- Up-to-date symlink: /home/herring/rzddzy/install/mujoco_ros_msgs/include/mujoco_ros_msgs/mujoco_ros_msgs/srv/detail/get_body_state__rosidl_typesupport_introspection_cpp.hpp
[0.348s] -- Up-to-date symlink: /home/herring/rzddzy/install/mujoco_ros_msgs/include/mujoco_ros_msgs/mujoco_ros_msgs/srv/detail/get_equality_constraint_parameters__rosidl_typesupport_introspection_cpp.hpp
[0.348s] -- Up-to-date symlink: /home/herring/rzddzy/install/mujoco_ros_msgs/include/mujoco_ros_msgs/mujoco_ros_msgs/srv/detail/get_geom_properties__rosidl_typesupport_introspection_cpp.hpp
[0.348s] -- Up-to-date symlink: /home/herring/rzddzy/install/mujoco_ros_msgs/include/mujoco_ros_msgs/mujoco_ros_msgs/srv/detail/get_gravity__rosidl_typesupport_introspection_cpp.hpp
[0.348s] -- Up-to-date symlink: /home/herring/rzddzy/install/mujoco_ros_msgs/include/mujoco_ros_msgs/mujoco_ros_msgs/srv/detail/get_plugin_stats__rosidl_typesupport_introspection_cpp.hpp
[0.348s] -- Up-to-date symlink: /home/herring/rzddzy/install/mujoco_ros_msgs/include/mujoco_ros_msgs/mujoco_ros_msgs/srv/detail/get_sim_info__rosidl_typesupport_introspection_cpp.hpp
[0.348s] -- Up-to-date symlink: /home/herring/rzddzy/install/mujoco_ros_msgs/include/mujoco_ros_msgs/mujoco_ros_msgs/srv/detail/get_state_uint__rosidl_typesupport_introspection_cpp.hpp
[0.348s] -- Up-to-date symlink: /home/herring/rzddzy/install/mujoco_ros_msgs/include/mujoco_ros_msgs/mujoco_ros_msgs/srv/detail/register_sensor_noise_models__rosidl_typesupport_introspection_cpp.hpp
[0.348s] -- Up-to-date symlink: /home/herring/rzddzy/install/mujoco_ros_msgs/include/mujoco_ros_msgs/mujoco_ros_msgs/srv/detail/reload__rosidl_typesupport_introspection_cpp.hpp
[0.348s] -- Up-to-date symlink: /home/herring/rzddzy/install/mujoco_ros_msgs/include/mujoco_ros_msgs/mujoco_ros_msgs/srv/detail/reset_body_q_pos__rosidl_typesupport_introspection_cpp.hpp
[0.348s] -- Up-to-date symlink: /home/herring/rzddzy/install/mujoco_ros_msgs/include/mujoco_ros_msgs/mujoco_ros_msgs/srv/detail/set_body_state__rosidl_typesupport_introspection_cpp.hpp
[0.348s] -- Up-to-date symlink: /home/herring/rzddzy/install/mujoco_ros_msgs/include/mujoco_ros_msgs/mujoco_ros_msgs/srv/detail/set_equality_constraint_parameters__rosidl_typesupport_introspection_cpp.hpp
[0.348s] -- Up-to-date symlink: /home/herring/rzddzy/install/mujoco_ros_msgs/include/mujoco_ros_msgs/mujoco_ros_msgs/srv/detail/set_float__rosidl_typesupport_introspection_cpp.hpp
[0.348s] -- Up-to-date symlink: /home/herring/rzddzy/install/mujoco_ros_msgs/include/mujoco_ros_msgs/mujoco_ros_msgs/srv/detail/set_geom_properties__rosidl_typesupport_introspection_cpp.hpp
[0.348s] -- Up-to-date symlink: /home/herring/rzddzy/install/mujoco_ros_msgs/include/mujoco_ros_msgs/mujoco_ros_msgs/srv/detail/set_gravity__rosidl_typesupport_introspection_cpp.hpp
[0.348s] -- Up-to-date symlink: /home/herring/rzddzy/install/mujoco_ros_msgs/include/mujoco_ros_msgs/mujoco_ros_msgs/srv/detail/set_mocap_state__rosidl_typesupport_introspection_cpp.hpp
[0.348s] -- Up-to-date symlink: /home/herring/rzddzy/install/mujoco_ros_msgs/include/mujoco_ros_msgs/mujoco_ros_msgs/srv/detail/set_pause__rosidl_typesupport_introspection_cpp.hpp
[0.348s] -- Up-to-date symlink: /home/herring/rzddzy/install/mujoco_ros_msgs/share/mujoco_ros_msgs/environment/pythonpath.sh
[0.348s] -- Up-to-date symlink: /home/herring/rzddzy/install/mujoco_ros_msgs/share/mujoco_ros_msgs/environment/pythonpath.dsv
[0.348s] -- Up-to-date symlink: /home/herring/rzddzy/install/mujoco_ros_msgs/lib/python3.12/site-packages/mujoco_ros_msgs-0.9.0-py3.12.egg-info/PKG-INFO
[0.348s] -- Up-to-date symlink: /home/herring/rzddzy/install/mujoco_ros_msgs/lib/python3.12/site-packages/mujoco_ros_msgs-0.9.0-py3.12.egg-info/SOURCES.txt
[0.348s] -- Up-to-date symlink: /home/herring/rzddzy/install/mujoco_ros_msgs/lib/python3.12/site-packages/mujoco_ros_msgs-0.9.0-py3.12.egg-info/dependency_links.txt
[0.348s] -- Up-to-date symlink: /home/herring/rzddzy/install/mujoco_ros_msgs/lib/python3.12/site-packages/mujoco_ros_msgs-0.9.0-py3.12.egg-info/top_level.txt
[0.348s] -- Up-to-date symlink: /home/herring/rzddzy/install/mujoco_ros_msgs/lib/python3.12/site-packages/mujoco_ros_msgs/__init__.py
[0.348s] -- Up-to-date symlink: /home/herring/rzddzy/install/mujoco_ros_msgs/lib/python3.12/site-packages/mujoco_ros_msgs/_mujoco_ros_msgs_s.ep.rosidl_typesupport_c.c
[0.348s] -- Up-to-date symlink: /home/herring/rzddzy/install/mujoco_ros_msgs/lib/python3.12/site-packages/mujoco_ros_msgs/_mujoco_ros_msgs_s.ep.rosidl_typesupport_fastrtps_c.c
[0.349s] -- Up-to-date symlink: /home/herring/rzddzy/install/mujoco_ros_msgs/lib/python3.12/site-packages/mujoco_ros_msgs/_mujoco_ros_msgs_s.ep.rosidl_typesupport_introspection_c.c
[0.349s] -- Up-to-date symlink: /home/herring/rzddzy/install/mujoco_ros_msgs/lib/python3.12/site-packages/mujoco_ros_msgs/action/__init__.py
[0.349s] -- Up-to-date symlink: /home/herring/rzddzy/install/mujoco_ros_msgs/lib/python3.12/site-packages/mujoco_ros_msgs/action/_step.py
[0.349s] -- Up-to-date symlink: /home/herring/rzddzy/install/mujoco_ros_msgs/lib/python3.12/site-packages/mujoco_ros_msgs/action/_step_s.c
[0.349s] -- Up-to-date symlink: /home/herring/rzddzy/install/mujoco_ros_msgs/lib/python3.12/site-packages/mujoco_ros_msgs/msg/__init__.py
[0.349s] -- Up-to-date symlink: /home/herring/rzddzy/install/mujoco_ros_msgs/lib/python3.12/site-packages/mujoco_ros_msgs/msg/_body_state.py
[0.349s] -- Up-to-date symlink: /home/herring/rzddzy/install/mujoco_ros_msgs/lib/python3.12/site-packages/mujoco_ros_msgs/msg/_body_state_s.c
[0.349s] -- Up-to-date symlink: /home/herring/rzddzy/install/mujoco_ros_msgs/lib/python3.12/site-packages/mujoco_ros_msgs/msg/_equality_constraint_parameters.py
[0.349s] -- Up-to-date symlink: /home/herring/rzddzy/install/mujoco_ros_msgs/lib/python3.12/site-packages/mujoco_ros_msgs/msg/_equality_constraint_parameters_s.c
[0.349s] -- Up-to-date symlink: /home/herring/rzddzy/install/mujoco_ros_msgs/lib/python3.12/site-packages/mujoco_ros_msgs/msg/_equality_constraint_type.py
[0.349s] -- Up-to-date symlink: /home/herring/rzddzy/install/mujoco_ros_msgs/lib/python3.12/site-packages/mujoco_ros_msgs/msg/_equality_constraint_type_s.c
[0.349s] -- Up-to-date symlink: /home/herring/rzddzy/install/mujoco_ros_msgs/lib/python3.12/site-packages/mujoco_ros_msgs/msg/_geom_properties.py
[0.349s] -- Up-to-date symlink: /home/herring/rzddzy/install/mujoco_ros_msgs/lib/python3.12/site-packages/mujoco_ros_msgs/msg/_geom_properties_s.c
[0.349s] -- Up-to-date symlink: /home/herring/rzddzy/install/mujoco_ros_msgs/lib/python3.12/site-packages/mujoco_ros_msgs/msg/_geom_type.py
[0.349s] -- Up-to-date symlink: /home/herring/rzddzy/install/mujoco_ros_msgs/lib/python3.12/site-packages/mujoco_ros_msgs/msg/_geom_type_s.c
[0.349s] -- Up-to-date symlink: /home/herring/rzddzy/install/mujoco_ros_msgs/lib/python3.12/site-packages/mujoco_ros_msgs/msg/_mocap_state.py
[0.349s] -- Up-to-date symlink: /home/herring/rzddzy/install/mujoco_ros_msgs/lib/python3.12/site-packages/mujoco_ros_msgs/msg/_mocap_state_s.c
[0.349s] -- Up-to-date symlink: /home/herring/rzddzy/install/mujoco_ros_msgs/lib/python3.12/site-packages/mujoco_ros_msgs/msg/_plugin_stats.py
[0.349s] -- Up-to-date symlink: /home/herring/rzddzy/install/mujoco_ros_msgs/lib/python3.12/site-packages/mujoco_ros_msgs/msg/_plugin_stats_s.c
[0.349s] -- Up-to-date symlink: /home/herring/rzddzy/install/mujoco_ros_msgs/lib/python3.12/site-packages/mujoco_ros_msgs/msg/_scalar_stamped.py
[0.349s] -- Up-to-date symlink: /home/herring/rzddzy/install/mujoco_ros_msgs/lib/python3.12/site-packages/mujoco_ros_msgs/msg/_scalar_stamped_s.c
[0.350s] -- Up-to-date symlink: /home/herring/rzddzy/install/mujoco_ros_msgs/lib/python3.12/site-packages/mujoco_ros_msgs/msg/_sensor_noise_model.py
[0.350s] -- Up-to-date symlink: /home/herring/rzddzy/install/mujoco_ros_msgs/lib/python3.12/site-packages/mujoco_ros_msgs/msg/_sensor_noise_model_s.c
[0.350s] -- Up-to-date symlink: /home/herring/rzddzy/install/mujoco_ros_msgs/lib/python3.12/site-packages/mujoco_ros_msgs/msg/_sim_info.py
[0.350s] -- Up-to-date symlink: /home/herring/rzddzy/install/mujoco_ros_msgs/lib/python3.12/site-packages/mujoco_ros_msgs/msg/_sim_info_s.c
[0.350s] -- Up-to-date symlink: /home/herring/rzddzy/install/mujoco_ros_msgs/lib/python3.12/site-packages/mujoco_ros_msgs/msg/_solver_parameters.py
[0.350s] -- Up-to-date symlink: /home/herring/rzddzy/install/mujoco_ros_msgs/lib/python3.12/site-packages/mujoco_ros_msgs/msg/_solver_parameters_s.c
[0.350s] -- Up-to-date symlink: /home/herring/rzddzy/install/mujoco_ros_msgs/lib/python3.12/site-packages/mujoco_ros_msgs/msg/_state_uint.py
[0.350s] -- Up-to-date symlink: /home/herring/rzddzy/install/mujoco_ros_msgs/lib/python3.12/site-packages/mujoco_ros_msgs/msg/_state_uint_s.c
[0.350s] -- Up-to-date symlink: /home/herring/rzddzy/install/mujoco_ros_msgs/lib/python3.12/site-packages/mujoco_ros_msgs/mujoco_ros_msgs_s__rosidl_typesupport_c.so
[0.350s] -- Up-to-date symlink: /home/herring/rzddzy/install/mujoco_ros_msgs/lib/python3.12/site-packages/mujoco_ros_msgs/mujoco_ros_msgs_s__rosidl_typesupport_fastrtps_c.so
[0.350s] -- Up-to-date symlink: /home/herring/rzddzy/install/mujoco_ros_msgs/lib/python3.12/site-packages/mujoco_ros_msgs/mujoco_ros_msgs_s__rosidl_typesupport_introspection_c.so
[0.350s] -- Up-to-date symlink: /home/herring/rzddzy/install/mujoco_ros_msgs/lib/python3.12/site-packages/mujoco_ros_msgs/srv/__init__.py
[0.350s] -- Up-to-date symlink: /home/herring/rzddzy/install/mujoco_ros_msgs/lib/python3.12/site-packages/mujoco_ros_msgs/srv/_get_body_state.py
[0.350s] -- Up-to-date symlink: /home/herring/rzddzy/install/mujoco_ros_msgs/lib/python3.12/site-packages/mujoco_ros_msgs/srv/_get_body_state_s.c
[0.350s] -- Up-to-date symlink: /home/herring/rzddzy/install/mujoco_ros_msgs/lib/python3.12/site-packages/mujoco_ros_msgs/srv/_get_equality_constraint_parameters.py
[0.350s] -- Up-to-date symlink: /home/herring/rzddzy/install/mujoco_ros_msgs/lib/python3.12/site-packages/mujoco_ros_msgs/srv/_get_equality_constraint_parameters_s.c
[0.350s] -- Up-to-date symlink: /home/herring/rzddzy/install/mujoco_ros_msgs/lib/python3.12/site-packages/mujoco_ros_msgs/srv/_get_geom_properties.py
[0.350s] -- Up-to-date symlink: /home/herring/rzddzy/install/mujoco_ros_msgs/lib/python3.12/site-packages/mujoco_ros_msgs/srv/_get_geom_properties_s.c
[0.350s] -- Up-to-date symlink: /home/herring/rzddzy/install/mujoco_ros_msgs/lib/python3.12/site-packages/mujoco_ros_msgs/srv/_get_gravity.py
[0.350s] -- Up-to-date symlink: /home/herring/rzddzy/install/mujoco_ros_msgs/lib/python3.12/site-packages/mujoco_ros_msgs/srv/_get_gravity_s.c
[0.350s] -- Up-to-date symlink: /home/herring/rzddzy/install/mujoco_ros_msgs/lib/python3.12/site-packages/mujoco_ros_msgs/srv/_get_plugin_stats.py
[0.350s] -- Up-to-date symlink: /home/herring/rzddzy/install/mujoco_ros_msgs/lib/python3.12/site-packages/mujoco_ros_msgs/srv/_get_plugin_stats_s.c
[0.350s] -- Up-to-date symlink: /home/herring/rzddzy/install/mujoco_ros_msgs/lib/python3.12/site-packages/mujoco_ros_msgs/srv/_get_sim_info.py
[0.351s] -- Up-to-date symlink: /home/herring/rzddzy/install/mujoco_ros_msgs/lib/python3.12/site-packages/mujoco_ros_msgs/srv/_get_sim_info_s.c
[0.351s] -- Up-to-date symlink: /home/herring/rzddzy/install/mujoco_ros_msgs/lib/python3.12/site-packages/mujoco_ros_msgs/srv/_get_state_uint.py
[0.351s] -- Up-to-date symlink: /home/herring/rzddzy/install/mujoco_ros_msgs/lib/python3.12/site-packages/mujoco_ros_msgs/srv/_get_state_uint_s.c
[0.351s] -- Up-to-date symlink: /home/herring/rzddzy/install/mujoco_ros_msgs/lib/python3.12/site-packages/mujoco_ros_msgs/srv/_register_sensor_noise_models.py
[0.351s] -- Up-to-date symlink: /home/herring/rzddzy/install/mujoco_ros_msgs/lib/python3.12/site-packages/mujoco_ros_msgs/srv/_register_sensor_noise_models_s.c
[0.351s] -- Up-to-date symlink: /home/herring/rzddzy/install/mujoco_ros_msgs/lib/python3.12/site-packages/mujoco_ros_msgs/srv/_reload.py
[0.351s] -- Up-to-date symlink: /home/herring/rzddzy/install/mujoco_ros_msgs/lib/python3.12/site-packages/mujoco_ros_msgs/srv/_reload_s.c
[0.351s] -- Up-to-date symlink: /home/herring/rzddzy/install/mujoco_ros_msgs/lib/python3.12/site-packages/mujoco_ros_msgs/srv/_reset_body_q_pos.py
[0.351s] -- Up-to-date symlink: /home/herring/rzddzy/install/mujoco_ros_msgs/lib/python3.12/site-packages/mujoco_ros_msgs/srv/_reset_body_q_pos_s.c
[0.351s] -- Up-to-date symlink: /home/herring/rzddzy/install/mujoco_ros_msgs/lib/python3.12/site-packages/mujoco_ros_msgs/srv/_set_body_state.py
[0.351s] -- Up-to-date symlink: /home/herring/rzddzy/install/mujoco_ros_msgs/lib/python3.12/site-packages/mujoco_ros_msgs/srv/_set_body_state_s.c
[0.351s] -- Up-to-date symlink: /home/herring/rzddzy/install/mujoco_ros_msgs/lib/python3.12/site-packages/mujoco_ros_msgs/srv/_set_equality_constraint_parameters.py
[0.351s] -- Up-to-date symlink: /home/herring/rzddzy/install/mujoco_ros_msgs/lib/python3.12/site-packages/mujoco_ros_msgs/srv/_set_equality_constraint_parameters_s.c
[0.351s] -- Up-to-date symlink: /home/herring/rzddzy/install/mujoco_ros_msgs/lib/python3.12/site-packages/mujoco_ros_msgs/srv/_set_float.py
[0.351s] -- Up-to-date symlink: /home/herring/rzddzy/install/mujoco_ros_msgs/lib/python3.12/site-packages/mujoco_ros_msgs/srv/_set_float_s.c
[0.351s] -- Up-to-date symlink: /home/herring/rzddzy/install/mujoco_ros_msgs/lib/python3.12/site-packages/mujoco_ros_msgs/srv/_set_geom_properties.py
[0.351s] -- Up-to-date symlink: /home/herring/rzddzy/install/mujoco_ros_msgs/lib/python3.12/site-packages/mujoco_ros_msgs/srv/_set_geom_properties_s.c
[0.351s] -- Up-to-date symlink: /home/herring/rzddzy/install/mujoco_ros_msgs/lib/python3.12/site-packages/mujoco_ros_msgs/srv/_set_gravity.py
[0.351s] -- Up-to-date symlink: /home/herring/rzddzy/install/mujoco_ros_msgs/lib/python3.12/site-packages/mujoco_ros_msgs/srv/_set_gravity_s.c
[0.351s] -- Up-to-date symlink: /home/herring/rzddzy/install/mujoco_ros_msgs/lib/python3.12/site-packages/mujoco_ros_msgs/srv/_set_mocap_state.py
[0.351s] -- Up-to-date symlink: /home/herring/rzddzy/install/mujoco_ros_msgs/lib/python3.12/site-packages/mujoco_ros_msgs/srv/_set_mocap_state_s.c
[0.351s] -- Up-to-date symlink: /home/herring/rzddzy/install/mujoco_ros_msgs/lib/python3.12/site-packages/mujoco_ros_msgs/srv/_set_pause.py
[0.351s] -- Up-to-date symlink: /home/herring/rzddzy/install/mujoco_ros_msgs/lib/python3.12/site-packages/mujoco_ros_msgs/srv/_set_pause_s.c
[0.351s] -- Up-to-date symlink: /home/herring/rzddzy/install/mujoco_ros_msgs/lib/python3.12/site-packages/mujoco_ros_msgs/mujoco_ros_msgs_s__rosidl_typesupport_fastrtps_c.so
[0.351s] -- Up-to-date symlink: /home/herring/rzddzy/install/mujoco_ros_msgs/lib/python3.12/site-packages/mujoco_ros_msgs/mujoco_ros_msgs_s__rosidl_typesupport_introspection_c.so
[0.351s] -- Up-to-date symlink: /home/herring/rzddzy/install/mujoco_ros_msgs/lib/python3.12/site-packages/mujoco_ros_msgs/mujoco_ros_msgs_s__rosidl_typesupport_c.so
[0.351s] -- Up-to-date symlink: /home/herring/rzddzy/install/mujoco_ros_msgs/share/mujoco_ros_msgs/msg/StateUint.idl
[0.351s] -- Up-to-date symlink: /home/herring/rzddzy/install/mujoco_ros_msgs/share/mujoco_ros_msgs/msg/ScalarStamped.idl
[0.351s] -- Up-to-date symlink: /home/herring/rzddzy/install/mujoco_ros_msgs/share/mujoco_ros_msgs/msg/BodyState.idl
[0.351s] -- Up-to-date symlink: /home/herring/rzddzy/install/mujoco_ros_msgs/share/mujoco_ros_msgs/msg/GeomProperties.idl
[0.352s] -- Up-to-date symlink: /home/herring/rzddzy/install/mujoco_ros_msgs/share/mujoco_ros_msgs/msg/GeomType.idl
[0.352s] -- Up-to-date symlink: /home/herring/rzddzy/install/mujoco_ros_msgs/share/mujoco_ros_msgs/msg/SensorNoiseModel.idl
[0.352s] -- Up-to-date symlink: /home/herring/rzddzy/install/mujoco_ros_msgs/share/mujoco_ros_msgs/msg/SolverParameters.idl
[0.352s] -- Up-to-date symlink: /home/herring/rzddzy/install/mujoco_ros_msgs/share/mujoco_ros_msgs/msg/MocapState.idl
[0.352s] -- Up-to-date symlink: /home/herring/rzddzy/install/mujoco_ros_msgs/share/mujoco_ros_msgs/msg/EqualityConstraintType.idl
[0.352s] -- Up-to-date symlink: /home/herring/rzddzy/install/mujoco_ros_msgs/share/mujoco_ros_msgs/msg/EqualityConstraintParameters.idl
[0.352s] -- Up-to-date symlink: /home/herring/rzddzy/install/mujoco_ros_msgs/share/mujoco_ros_msgs/msg/SimInfo.idl
[0.352s] -- Up-to-date symlink: /home/herring/rzddzy/install/mujoco_ros_msgs/share/mujoco_ros_msgs/msg/PluginStats.idl
[0.352s] -- Up-to-date symlink: /home/herring/rzddzy/install/mujoco_ros_msgs/share/mujoco_ros_msgs/srv/GetStateUint.idl
[0.352s] -- Up-to-date symlink: /home/herring/rzddzy/install/mujoco_ros_msgs/share/mujoco_ros_msgs/srv/SetFloat.idl
[0.352s] -- Up-to-date symlink: /home/herring/rzddzy/install/mujoco_ros_msgs/share/mujoco_ros_msgs/srv/SetPause.idl
[0.352s] -- Up-to-date symlink: /home/herring/rzddzy/install/mujoco_ros_msgs/share/mujoco_ros_msgs/srv/SetBodyState.idl
[0.352s] -- Up-to-date symlink: /home/herring/rzddzy/install/mujoco_ros_msgs/share/mujoco_ros_msgs/srv/GetBodyState.idl
[0.352s] -- Up-to-date symlink: /home/herring/rzddzy/install/mujoco_ros_msgs/share/mujoco_ros_msgs/srv/SetGeomProperties.idl
[0.352s] -- Up-to-date symlink: /home/herring/rzddzy/install/mujoco_ros_msgs/share/mujoco_ros_msgs/srv/GetGeomProperties.idl
[0.352s] -- Up-to-date symlink: /home/herring/rzddzy/install/mujoco_ros_msgs/share/mujoco_ros_msgs/srv/SetEqualityConstraintParameters.idl
[0.352s] -- Up-to-date symlink: /home/herring/rzddzy/install/mujoco_ros_msgs/share/mujoco_ros_msgs/srv/GetEqualityConstraintParameters.idl
[0.352s] -- Up-to-date symlink: /home/herring/rzddzy/install/mujoco_ros_msgs/share/mujoco_ros_msgs/srv/ResetBodyQPos.idl
[0.352s] -- Up-to-date symlink: /home/herring/rzddzy/install/mujoco_ros_msgs/share/mujoco_ros_msgs/srv/RegisterSensorNoiseModels.idl
[0.352s] -- Up-to-date symlink: /home/herring/rzddzy/install/mujoco_ros_msgs/share/mujoco_ros_msgs/srv/SetGravity.idl
[0.352s] -- Up-to-date symlink: /home/herring/rzddzy/install/mujoco_ros_msgs/share/mujoco_ros_msgs/srv/GetGravity.idl
[0.352s] -- Up-to-date symlink: /home/herring/rzddzy/install/mujoco_ros_msgs/share/mujoco_ros_msgs/srv/Reload.idl
[0.352s] -- Up-to-date symlink: /home/herring/rzddzy/install/mujoco_ros_msgs/share/mujoco_ros_msgs/srv/SetMocapState.idl
[0.352s] -- Up-to-date symlink: /home/herring/rzddzy/install/mujoco_ros_msgs/share/mujoco_ros_msgs/srv/GetSimInfo.idl
[0.352s] -- Up-to-date symlink: /home/herring/rzddzy/install/mujoco_ros_msgs/share/mujoco_ros_msgs/srv/GetPluginStats.idl
[0.352s] -- Up-to-date symlink: /home/herring/rzddzy/install/mujoco_ros_msgs/share/mujoco_ros_msgs/action/Step.idl
[0.352s] -- Up-to-date symlink: /home/herring/rzddzy/install/mujoco_ros_msgs/share/mujoco_ros_msgs/msg/StateUint.msg
[0.352s] -- Up-to-date symlink: /home/herring/rzddzy/install/mujoco_ros_msgs/share/mujoco_ros_msgs/msg/ScalarStamped.msg
[0.352s] -- Up-to-date symlink: /home/herring/rzddzy/install/mujoco_ros_msgs/share/mujoco_ros_msgs/msg/BodyState.msg
[0.352s] -- Up-to-date symlink: /home/herring/rzddzy/install/mujoco_ros_msgs/share/mujoco_ros_msgs/msg/GeomProperties.msg
[0.352s] -- Up-to-date symlink: /home/herring/rzddzy/install/mujoco_ros_msgs/share/mujoco_ros_msgs/msg/GeomType.msg
[0.352s] -- Up-to-date symlink: /home/herring/rzddzy/install/mujoco_ros_msgs/share/mujoco_ros_msgs/msg/SensorNoiseModel.msg
[0.352s] -- Up-to-date symlink: /home/herring/rzddzy/install/mujoco_ros_msgs/share/mujoco_ros_msgs/msg/SolverParameters.msg
[0.353s] -- Up-to-date symlink: /home/herring/rzddzy/install/mujoco_ros_msgs/share/mujoco_ros_msgs/msg/MocapState.msg
[0.353s] -- Up-to-date symlink: /home/herring/rzddzy/install/mujoco_ros_msgs/share/mujoco_ros_msgs/msg/EqualityConstraintType.msg
[0.353s] -- Up-to-date symlink: /home/herring/rzddzy/install/mujoco_ros_msgs/share/mujoco_ros_msgs/msg/EqualityConstraintParameters.msg
[0.353s] -- Up-to-date symlink: /home/herring/rzddzy/install/mujoco_ros_msgs/share/mujoco_ros_msgs/msg/SimInfo.msg
[0.353s] -- Up-to-date symlink: /home/herring/rzddzy/install/mujoco_ros_msgs/share/mujoco_ros_msgs/msg/PluginStats.msg
[0.353s] -- Up-to-date symlink: /home/herring/rzddzy/install/mujoco_ros_msgs/share/mujoco_ros_msgs/srv/GetStateUint.srv
[0.353s] -- Up-to-date symlink: /home/herring/rzddzy/install/mujoco_ros_msgs/share/mujoco_ros_msgs/srv/SetFloat.srv
[0.353s] -- Up-to-date symlink: /home/herring/rzddzy/install/mujoco_ros_msgs/share/mujoco_ros_msgs/srv/SetPause.srv
[0.353s] -- Up-to-date symlink: /home/herring/rzddzy/install/mujoco_ros_msgs/share/mujoco_ros_msgs/srv/SetBodyState.srv
[0.353s] -- Up-to-date symlink: /home/herring/rzddzy/install/mujoco_ros_msgs/share/mujoco_ros_msgs/srv/GetBodyState.srv
[0.353s] -- Up-to-date symlink: /home/herring/rzddzy/install/mujoco_ros_msgs/share/mujoco_ros_msgs/srv/SetGeomProperties.srv
[0.353s] -- Up-to-date symlink: /home/herring/rzddzy/install/mujoco_ros_msgs/share/mujoco_ros_msgs/srv/GetGeomProperties.srv
[0.353s] -- Up-to-date symlink: /home/herring/rzddzy/install/mujoco_ros_msgs/share/mujoco_ros_msgs/srv/SetEqualityConstraintParameters.srv
[0.353s] -- Up-to-date symlink: /home/herring/rzddzy/install/mujoco_ros_msgs/share/mujoco_ros_msgs/srv/GetEqualityConstraintParameters.srv
[0.353s] -- Up-to-date symlink: /home/herring/rzddzy/install/mujoco_ros_msgs/share/mujoco_ros_msgs/srv/ResetBodyQPos.srv
[0.353s] -- Up-to-date symlink: /home/herring/rzddzy/install/mujoco_ros_msgs/share/mujoco_ros_msgs/srv/RegisterSensorNoiseModels.srv
[0.353s] -- Up-to-date symlink: /home/herring/rzddzy/install/mujoco_ros_msgs/share/mujoco_ros_msgs/srv/SetGravity.srv
[0.353s] -- Up-to-date symlink: /home/herring/rzddzy/install/mujoco_ros_msgs/share/mujoco_ros_msgs/srv/GetGravity.srv
[0.353s] -- Up-to-date symlink: /home/herring/rzddzy/install/mujoco_ros_msgs/share/mujoco_ros_msgs/srv/Reload.srv
[0.353s] -- Up-to-date symlink: /home/herring/rzddzy/install/mujoco_ros_msgs/share/mujoco_ros_msgs/srv/SetMocapState.srv
[0.353s] -- Up-to-date symlink: /home/herring/rzddzy/install/mujoco_ros_msgs/share/mujoco_ros_msgs/srv/GetSimInfo.srv
[0.353s] -- Up-to-date symlink: /home/herring/rzddzy/install/mujoco_ros_msgs/share/mujoco_ros_msgs/srv/GetPluginStats.srv
[0.353s] -- Up-to-date symlink: /home/herring/rzddzy/install/mujoco_ros_msgs/share/mujoco_ros_msgs/action/Step.action
[0.353s] -- Up-to-date symlink: /home/herring/rzddzy/install/mujoco_ros_msgs/share/ament_index/resource_index/package_run_dependencies/mujoco_ros_msgs
[0.353s] -- Up-to-date symlink: /home/herring/rzddzy/install/mujoco_ros_msgs/share/ament_index/resource_index/parent_prefix_path/mujoco_ros_msgs
[0.353s] -- Up-to-date symlink: /home/herring/rzddzy/install/mujoco_ros_msgs/share/mujoco_ros_msgs/environment/ament_prefix_path.sh
[0.353s] -- Up-to-date symlink: /home/herring/rzddzy/install/mujoco_ros_msgs/share/mujoco_ros_msgs/environment/ament_prefix_path.dsv
[0.353s] -- Up-to-date symlink: /home/herring/rzddzy/install/mujoco_ros_msgs/share/mujoco_ros_msgs/environment/path.sh
[0.353s] -- Up-to-date symlink: /home/herring/rzddzy/install/mujoco_ros_msgs/share/mujoco_ros_msgs/environment/path.dsv
[0.353s] -- Up-to-date symlink: /home/herring/rzddzy/install/mujoco_ros_msgs/share/mujoco_ros_msgs/local_setup.bash
[0.353s] -- Up-to-date symlink: /home/herring/rzddzy/install/mujoco_ros_msgs/share/mujoco_ros_msgs/local_setup.sh
[0.353s] -- Up-to-date symlink: /home/herring/rzddzy/install/mujoco_ros_msgs/share/mujoco_ros_msgs/local_setup.zsh
[0.354s] -- Up-to-date symlink: /home/herring/rzddzy/install/mujoco_ros_msgs/share/mujoco_ros_msgs/local_setup.dsv
[0.354s] -- Symlinking: /home/herring/rzddzy/install/mujoco_ros_msgs/share/mujoco_ros_msgs/package.dsv
[0.357s] -- Up-to-date symlink: /home/herring/rzddzy/install/mujoco_ros_msgs/share/ament_index/resource_index/packages/mujoco_ros_msgs
[0.357s] -- Up-to-date symlink: /home/herring/rzddzy/install/mujoco_ros_msgs/share/mujoco_ros_msgs/cmake/rosidl_cmake-extras.cmake
[0.357s] -- Up-to-date symlink: /home/herring/rzddzy/install/mujoco_ros_msgs/share/mujoco_ros_msgs/cmake/ament_cmake_export_dependencies-extras.cmake
[0.357s] -- Up-to-date symlink: /home/herring/rzddzy/install/mujoco_ros_msgs/share/mujoco_ros_msgs/cmake/ament_cmake_export_include_directories-extras.cmake
[0.357s] -- Up-to-date symlink: /home/herring/rzddzy/install/mujoco_ros_msgs/share/mujoco_ros_msgs/cmake/ament_cmake_export_libraries-extras.cmake
[0.357s] -- Up-to-date symlink: /home/herring/rzddzy/install/mujoco_ros_msgs/share/mujoco_ros_msgs/cmake/ament_cmake_export_targets-extras.cmake
[0.357s] -- Up-to-date symlink: /home/herring/rzddzy/install/mujoco_ros_msgs/share/mujoco_ros_msgs/cmake/rosidl_cmake_export_typesupport_targets-extras.cmake
[0.357s] -- Up-to-date symlink: /home/herring/rzddzy/install/mujoco_ros_msgs/share/mujoco_ros_msgs/cmake/rosidl_cmake_export_typesupport_libraries-extras.cmake
[0.357s] -- Up-to-date symlink: /home/herring/rzddzy/install/mujoco_ros_msgs/share/mujoco_ros_msgs/cmake/mujoco_ros_msgsConfig.cmake
[0.357s] -- Up-to-date symlink: /home/herring/rzddzy/install/mujoco_ros_msgs/share/mujoco_ros_msgs/cmake/mujoco_ros_msgsConfig-version.cmake
[0.357s] -- Up-to-date symlink: /home/herring/rzddzy/install/mujoco_ros_msgs/share/mujoco_ros_msgs/package.xml
[0.357s] -- Up-to-date: /home/herring/rzddzy/install/mujoco_ros_msgs/lib/libmujoco_ros_msgs__rosidl_generator_c.so
[0.357s] -- Up-to-date: /home/herring/rzddzy/install/mujoco_ros_msgs/lib/libmujoco_ros_msgs__rosidl_typesupport_fastrtps_c.so
[0.358s] -- Up-to-date: /home/herring/rzddzy/install/mujoco_ros_msgs/lib/libmujoco_ros_msgs__rosidl_typesupport_introspection_c.so
[0.358s] -- Up-to-date: /home/herring/rzddzy/install/mujoco_ros_msgs/lib/libmujoco_ros_msgs__rosidl_typesupport_c.so
[0.358s] -- Up-to-date: /home/herring/rzddzy/install/mujoco_ros_msgs/lib/libmujoco_ros_msgs__rosidl_typesupport_fastrtps_cpp.so
[0.358s] -- Up-to-date: /home/herring/rzddzy/install/mujoco_ros_msgs/lib/libmujoco_ros_msgs__rosidl_typesupport_introspection_cpp.so
[0.358s] -- Up-to-date: /home/herring/rzddzy/install/mujoco_ros_msgs/lib/libmujoco_ros_msgs__rosidl_typesupport_cpp.so
[0.393s] Listing '/home/herring/rzddzy/install/mujoco_ros_msgs/lib/python3.12/site-packages/mujoco_ros_msgs'...
[0.393s] Listing '/home/herring/rzddzy/install/mujoco_ros_msgs/lib/python3.12/site-packages/mujoco_ros_msgs/action'...
[0.394s] Listing '/home/herring/rzddzy/install/mujoco_ros_msgs/lib/python3.12/site-packages/mujoco_ros_msgs/msg'...
[0.394s] Listing '/home/herring/rzddzy/install/mujoco_ros_msgs/lib/python3.12/site-packages/mujoco_ros_msgs/srv'...
[0.398s] -- Up-to-date: /home/herring/rzddzy/install/mujoco_ros_msgs/lib/libmujoco_ros_msgs__rosidl_generator_py.so
[0.398s] -- Up-to-date: /home/herring/rzddzy/install/mujoco_ros_msgs/share/mujoco_ros_msgs/cmake/export_mujoco_ros_msgs__rosidl_generator_cExport.cmake
[0.398s] -- Up-to-date: /home/herring/rzddzy/install/mujoco_ros_msgs/share/mujoco_ros_msgs/cmake/export_mujoco_ros_msgs__rosidl_generator_cExport-noconfig.cmake
[0.398s] -- Up-to-date: /home/herring/rzddzy/install/mujoco_ros_msgs/share/mujoco_ros_msgs/cmake/export_mujoco_ros_msgs__rosidl_typesupport_fastrtps_cExport.cmake
[0.399s] -- Up-to-date: /home/herring/rzddzy/install/mujoco_ros_msgs/share/mujoco_ros_msgs/cmake/export_mujoco_ros_msgs__rosidl_typesupport_fastrtps_cExport-noconfig.cmake
[0.399s] -- Up-to-date: /home/herring/rzddzy/install/mujoco_ros_msgs/share/mujoco_ros_msgs/cmake/mujoco_ros_msgs__rosidl_typesupport_introspection_cExport.cmake
[0.399s] -- Up-to-date: /home/herring/rzddzy/install/mujoco_ros_msgs/share/mujoco_ros_msgs/cmake/mujoco_ros_msgs__rosidl_typesupport_introspection_cExport-noconfig.cmake
[0.399s] -- Up-to-date: /home/herring/rzddzy/install/mujoco_ros_msgs/share/mujoco_ros_msgs/cmake/mujoco_ros_msgs__rosidl_typesupport_cExport.cmake
[0.399s] -- Up-to-date: /home/herring/rzddzy/install/mujoco_ros_msgs/share/mujoco_ros_msgs/cmake/mujoco_ros_msgs__rosidl_typesupport_cExport-noconfig.cmake
[0.399s] -- Up-to-date: /home/herring/rzddzy/install/mujoco_ros_msgs/share/mujoco_ros_msgs/cmake/export_mujoco_ros_msgs__rosidl_generator_cppExport.cmake
[0.399s] -- Up-to-date: /home/herring/rzddzy/install/mujoco_ros_msgs/share/mujoco_ros_msgs/cmake/export_mujoco_ros_msgs__rosidl_typesupport_fastrtps_cppExport.cmake
[0.399s] -- Up-to-date: /home/herring/rzddzy/install/mujoco_ros_msgs/share/mujoco_ros_msgs/cmake/export_mujoco_ros_msgs__rosidl_typesupport_fastrtps_cppExport-noconfig.cmake
[0.399s] -- Up-to-date: /home/herring/rzddzy/install/mujoco_ros_msgs/share/mujoco_ros_msgs/cmake/mujoco_ros_msgs__rosidl_typesupport_introspection_cppExport.cmake
[0.399s] -- Up-to-date: /home/herring/rzddzy/install/mujoco_ros_msgs/share/mujoco_ros_msgs/cmake/mujoco_ros_msgs__rosidl_typesupport_introspection_cppExport-noconfig.cmake
[0.399s] -- Up-to-date: /home/herring/rzddzy/install/mujoco_ros_msgs/share/mujoco_ros_msgs/cmake/mujoco_ros_msgs__rosidl_typesupport_cppExport.cmake
[0.399s] -- Up-to-date: /home/herring/rzddzy/install/mujoco_ros_msgs/share/mujoco_ros_msgs/cmake/mujoco_ros_msgs__rosidl_typesupport_cppExport-noconfig.cmake
[0.400s] -- Up-to-date: /home/herring/rzddzy/install/mujoco_ros_msgs/share/mujoco_ros_msgs/cmake/export_mujoco_ros_msgs__rosidl_generator_pyExport.cmake
[0.400s] -- Up-to-date: /home/herring/rzddzy/install/mujoco_ros_msgs/share/mujoco_ros_msgs/cmake/export_mujoco_ros_msgs__rosidl_generator_pyExport-noconfig.cmake
[0.401s] Invoked command in '/home/herring/rzddzy/build/mujoco_ros_msgs' returned '0': CMAKE_PREFIX_PATH=${CMAKE_PREFIX_PATH}:/opt/ros/jazzy DEBUGINFOD_URLS=https://debuginfod.ubuntu.com /usr/bin/cmake --install /home/herring/rzddzy/build/mujoco_ros_msgs
