-- Found ament_cmake: 2.5.5 (/opt/ros/jazzy/share/ament_cmake/cmake)
-- Override CMake install command with custom implementation using symlinks instead of copying resources
-- Found rclcpp: 28.1.16 (/opt/ros/jazzy/share/rclcpp/cmake)
-- Found rosidl_generator_c: 4.6.7 (/opt/ros/jazzy/share/rosidl_generator_c/cmake)
-- Found rosidl_generator_cpp: 4.6.7 (/opt/ros/jazzy/share/rosidl_generator_cpp/cmake)
-- Using all available rosidl_typesupport_c: rosidl_typesupport_fastrtps_c;rosidl_typesupport_introspection_c
-- Using all available rosidl_typesupport_cpp: rosidl_typesupport_fastrtps_cpp;rosidl_typesupport_introspection_cpp
-- Found rmw_implementation_cmake: 7.3.3 (/opt/ros/jazzy/share/rmw_implementation_cmake/cmake)
-- Found rmw_fastrtps_cpp: 8.4.3 (/opt/ros/jazzy/share/rmw_fastrtps_cpp/cmake)
-- Using RMW implementation 'rmw_fastrtps_cpp' as default
-- Found rclcpp_action: 28.1.16 (/opt/ros/jazzy/share/rclcpp_action/cmake)
-- Found sensor_msgs: 5.3.6 (/opt/ros/jazzy/share/sensor_msgs/cmake)
-- Found std_srvs: 5.3.6 (/opt/ros/jazzy/share/std_srvs/cmake)
-- Found panda_motion_generator_msgs: 0.0.0 (/home/herring/rzddzy/ros2_ws/install/panda_motion_generator_msgs/share/panda_motion_generator_msgs/cmake)
-- Found multi_mode_control_msgs: 0.0.0 (/home/herring/rzddzy/ros2_ws/install/multi_mode_control_msgs/share/multi_mode_control_msgs/cmake)
-- Found multi_mode_controller: 0.0.0 (/home/herring/rzddzy/ros2_ws/install/multi_mode_controller/share/multi_mode_controller/cmake)
-- Setting yaml-cpp_DIR to: '/opt/ros/jazzy/share/yaml_cpp_vendor/cmake/../../../opt/yaml_cpp_vendor/share/cmake/yaml-cpp'
-- Found eigen3_cmake_module: 0.3.0 (/opt/ros/jazzy/share/eigen3_cmake_module/cmake)
-- Ensuring Eigen3 include directory is part of orocos-kdl CMake target
[0mCMake Deprecation Warning at /opt/ros/jazzy/share/actionlib_msgs/cmake/actionlib_msgsConfig.cmake:31 (message):
  Package 'actionlib_msgs' is deprecated (This package will be removed in a
  future ROS distro, once the ROS 1 bridge supports actions.)
Call Stack (most recent call first):
  /home/herring/rzddzy/ros2_ws/install/mujoco_ros_msgs/share/mujoco_ros_msgs/cmake/ament_cmake_export_dependencies-extras.cmake:21 (find_package)
  /home/herring/rzddzy/ros2_ws/install/mujoco_ros_msgs/share/mujoco_ros_msgs/cmake/mujoco_ros_msgsConfig.cmake:41 (include)
  /home/herring/rzddzy/ros2_ws/install/mujoco_ros/share/mujoco_ros/cmake/ament_cmake_export_dependencies-extras.cmake:21 (find_package)
  /home/herring/rzddzy/ros2_ws/install/mujoco_ros/share/mujoco_ros/cmake/mujoco_rosConfig.cmake:41 (include)
  /home/herring/rzddzy/ros2_ws/install/mujoco_ros2_control/share/mujoco_ros2_control/cmake/ament_cmake_export_dependencies-extras.cmake:21 (find_package)
  /home/herring/rzddzy/ros2_ws/install/mujoco_ros2_control/share/mujoco_ros2_control/cmake/mujoco_ros2_controlConfig.cmake:41 (include)
  /home/herring/rzddzy/ros2_ws/install/franka_hardware/share/franka_hardware/cmake/ament_cmake_export_dependencies-extras.cmake:21 (find_package)
  /home/herring/rzddzy/ros2_ws/install/franka_hardware/share/franka_hardware/cmake/franka_hardwareConfig.cmake:41 (include)
  /home/herring/rzddzy/ros2_ws/install/franka_semantic_components/share/franka_semantic_components/cmake/ament_cmake_export_dependencies-extras.cmake:21 (find_package)
  /home/herring/rzddzy/ros2_ws/install/franka_semantic_components/share/franka_semantic_components/cmake/franka_semantic_componentsConfig.cmake:41 (include)
  /home/herring/rzddzy/ros2_ws/install/multi_mode_controller/share/multi_mode_controller/cmake/ament_cmake_export_dependencies-extras.cmake:21 (find_package)
  /home/herring/rzddzy/ros2_ws/install/multi_mode_controller/share/multi_mode_controller/cmake/multi_mode_controllerConfig.cmake:41 (include)
  CMakeLists.txt:31 (find_package)

[0m
[33mCMake Warning at CMakeLists.txt:41 (message):
  DQRobotics not found.  Skipping DQ Cartesian motion generator targets.

[0m
-- Configuring done (1.0s)
-- Generating done (0.1s)
-- Build files have been written to: /home/herring/rzddzy/ros2_ws/build/panda_motion_generators
[ 25%] Built target panda_poly_c2_joint_motion_generator_client
[ 62%] [32m[1mLinking CXX shared library libpanda_motion_generators.so[0m
[ 62%] Built target panda_to_init_pose_client
[ 75%] Built target panda_motion_generators
[ 87%] [32m[1mLinking CXX executable panda_poly_c2_joint_motion_generator_node[0m
[100%] Built target panda_poly_c2_joint_motion_generator_node
-- Install configuration: ""
-- Execute custom install script
-- Up-to-date symlink: /home/herring/rzddzy/ros2_ws/install/panda_motion_generators/lib/libpanda_motion_generators.so
-- Up-to-date symlink: /home/herring/rzddzy/ros2_ws/install/panda_motion_generators/lib/panda_motion_generators/panda_poly_c2_joint_motion_generator_node
-- Up-to-date symlink: /home/herring/rzddzy/ros2_ws/install/panda_motion_generators/lib/panda_motion_generators/panda_poly_c2_joint_motion_generator_client
-- Up-to-date symlink: /home/herring/rzddzy/ros2_ws/install/panda_motion_generators/lib/panda_motion_generators/panda_to_init_pose_client
-- Up-to-date symlink: /home/herring/rzddzy/ros2_ws/install/panda_motion_generators/include/panda_motion_generators/base/dq_c1_cartesian_motion_generator.h
-- Up-to-date symlink: /home/herring/rzddzy/ros2_ws/install/panda_motion_generators/include/panda_motion_generators/base/dq_c1_cartesian_motion_generator_base.h
-- Up-to-date symlink: /home/herring/rzddzy/ros2_ws/install/panda_motion_generators/include/panda_motion_generators/base/motion_generator_base.h
-- Up-to-date symlink: /home/herring/rzddzy/ros2_ws/install/panda_motion_generators/include/panda_motion_generators/base/motion_generator_ros_interface.h
-- Up-to-date symlink: /home/herring/rzddzy/ros2_ws/install/panda_motion_generators/include/panda_motion_generators/base/poly_c2_joint_motion_generator.h
-- Up-to-date symlink: /home/herring/rzddzy/ros2_ws/install/panda_motion_generators/include/panda_motion_generators/base/poly_c2_joint_motion_generator_base.h
-- Up-to-date symlink: /home/herring/rzddzy/ros2_ws/install/panda_motion_generators/include/panda_motion_generators/motion_generators/panda_dq_c1_cartesian_motion_generator.h
-- Up-to-date symlink: /home/herring/rzddzy/ros2_ws/install/panda_motion_generators/include/panda_motion_generators/motion_generators/panda_poly_c2_joint_motion_generator.h
-- Up-to-date symlink: /home/herring/rzddzy/ros2_ws/install/panda_motion_generators/share/ament_index/resource_index/package_run_dependencies/panda_motion_generators
-- Up-to-date symlink: /home/herring/rzddzy/ros2_ws/install/panda_motion_generators/share/ament_index/resource_index/parent_prefix_path/panda_motion_generators
-- Up-to-date symlink: /home/herring/rzddzy/ros2_ws/install/panda_motion_generators/share/panda_motion_generators/environment/ament_prefix_path.sh
-- Up-to-date symlink: /home/herring/rzddzy/ros2_ws/install/panda_motion_generators/share/panda_motion_generators/environment/ament_prefix_path.dsv
-- Up-to-date symlink: /home/herring/rzddzy/ros2_ws/install/panda_motion_generators/share/panda_motion_generators/environment/path.sh
-- Up-to-date symlink: /home/herring/rzddzy/ros2_ws/install/panda_motion_generators/share/panda_motion_generators/environment/path.dsv
-- Up-to-date symlink: /home/herring/rzddzy/ros2_ws/install/panda_motion_generators/share/panda_motion_generators/local_setup.bash
-- Up-to-date symlink: /home/herring/rzddzy/ros2_ws/install/panda_motion_generators/share/panda_motion_generators/local_setup.sh
-- Up-to-date symlink: /home/herring/rzddzy/ros2_ws/install/panda_motion_generators/share/panda_motion_generators/local_setup.zsh
-- Up-to-date symlink: /home/herring/rzddzy/ros2_ws/install/panda_motion_generators/share/panda_motion_generators/local_setup.dsv
-- Symlinking: /home/herring/rzddzy/ros2_ws/install/panda_motion_generators/share/panda_motion_generators/package.dsv
-- Up-to-date symlink: /home/herring/rzddzy/ros2_ws/install/panda_motion_generators/share/ament_index/resource_index/packages/panda_motion_generators
-- Up-to-date symlink: /home/herring/rzddzy/ros2_ws/install/panda_motion_generators/share/panda_motion_generators/cmake/panda_motion_generatorsConfig.cmake
-- Up-to-date symlink: /home/herring/rzddzy/ros2_ws/install/panda_motion_generators/share/panda_motion_generators/cmake/panda_motion_generatorsConfig-version.cmake
-- Up-to-date symlink: /home/herring/rzddzy/ros2_ws/install/panda_motion_generators/share/panda_motion_generators/package.xml
