[0.035s] Invoking command in '/home/herring/rzddzy/ros2_ws/build/panda_motion_generators': AMENT_PREFIX_PATH=/home/herring/rzddzy/ros2_ws/install/multi_mode_controller:/home/herring/rzddzy/ros2_ws/install/franka_semantic_components:/home/herring/rzddzy/ros2_ws/install/franka_hardware:/home/herring/rzddzy/ros2_ws/install/mujoco_ros2_control:/home/herring/rzddzy/ros2_ws/install/multi_mode_control_msgs:/home/herring/rzddzy/ros2_ws/install/mujoco_ros:/home/herring/rzddzy/ros2_ws/install/panda_motion_generator_msgs:/home/herring/rzddzy/ros2_ws/install/mujoco_ros_msgs:/home/herring/rzddzy/ros2_ws/install/franka_msgs:${AMENT_PREFIX_PATH} CMAKE_PREFIX_PATH=/home/herring/rzddzy/ros2_ws/install/multi_mode_controller:/home/herring/rzddzy/ros2_ws/install/franka_semantic_components:/home/herring/rzddzy/ros2_ws/install/franka_hardware:/home/herring/rzddzy/ros2_ws/install/mujoco_ros2_control:/home/herring/rzddzy/ros2_ws/install/multi_mode_control_msgs:/home/herring/rzddzy/ros2_ws/install/mujoco_ros:/home/herring/rzddzy/ros2_ws/install/panda_motion_generator_msgs:/home/herring/rzddzy/ros2_ws/install/mujoco_ros_msgs:/home/herring/rzddzy/ros2_ws/install/franka_msgs:/opt/ros/jazzy/opt/sdformat_vendor:/opt/ros/jazzy/opt/gz_math_vendor:/opt/ros/jazzy/opt/gz_utils_vendor:/opt/ros/jazzy/opt/gz_tools_vendor:/opt/ros/jazzy/opt/gz_cmake_vendor:/opt/ros/jazzy DEBUGINFOD_URLS=https://debuginfod.ubuntu.com LD_LIBRARY_PATH=/home/herring/rzddzy/ros2_ws/install/multi_mode_controller/lib:/home/herring/rzddzy/ros2_ws/install/franka_semantic_components/lib:/home/herring/rzddzy/ros2_ws/install/franka_hardware/lib:/home/herring/rzddzy/ros2_ws/install/mujoco_ros2_control/lib:/home/herring/rzddzy/ros2_ws/install/multi_mode_control_msgs/lib:/home/herring/rzddzy/ros2_ws/install/mujoco_ros/lib:/home/herring/rzddzy/ros2_ws/install/panda_motion_generator_msgs/lib:/home/herring/rzddzy/ros2_ws/install/mujoco_ros_msgs/lib:/home/herring/rzddzy/ros2_ws/install/franka_msgs/lib:${LD_LIBRARY_PATH} PYTHONPATH=/home/herring/rzddzy/ros2_ws/install/multi_mode_control_msgs/lib/python3.12/site-packages:/home/herring/rzddzy/ros2_ws/install/panda_motion_generator_msgs/lib/python3.12/site-packages:/home/herring/rzddzy/ros2_ws/install/mujoco_ros_msgs/lib/python3.12/site-packages:/home/herring/rzddzy/ros2_ws/install/franka_msgs/lib/python3.12/site-packages:${PYTHONPATH} /usr/bin/cmake /home/herring/rzddzy/ros2_ws/src/panda_motion_generators -DAMENT_CMAKE_SYMLINK_INSTALL=1 -DCMAKE_INSTALL_PREFIX=/home/herring/rzddzy/ros2_ws/install/panda_motion_generators
[0.051s] -- Found ament_cmake: 2.5.5 (/opt/ros/jazzy/share/ament_cmake/cmake)
[0.266s] -- Override CMake install command with custom implementation using symlinks instead of copying resources
[0.274s] -- Found rclcpp: 28.1.16 (/opt/ros/jazzy/share/rclcpp/cmake)
[0.297s] -- Found rosidl_generator_c: 4.6.7 (/opt/ros/jazzy/share/rosidl_generator_c/cmake)
[0.303s] -- Found rosidl_generator_cpp: 4.6.7 (/opt/ros/jazzy/share/rosidl_generator_cpp/cmake)
[0.312s] -- Using all available rosidl_typesupport_c: rosidl_typesupport_fastrtps_c;rosidl_typesupport_introspection_c
[0.321s] -- Using all available rosidl_typesupport_cpp: rosidl_typesupport_fastrtps_cpp;rosidl_typesupport_introspection_cpp
[0.368s] -- Found rmw_implementation_cmake: 7.3.3 (/opt/ros/jazzy/share/rmw_implementation_cmake/cmake)
[0.369s] -- Found rmw_fastrtps_cpp: 8.4.3 (/opt/ros/jazzy/share/rmw_fastrtps_cpp/cmake)
[0.434s] -- Using RMW implementation 'rmw_fastrtps_cpp' as default
[0.482s] -- Found rclcpp_action: 28.1.16 (/opt/ros/jazzy/share/rclcpp_action/cmake)
[0.512s] -- Found sensor_msgs: 5.3.6 (/opt/ros/jazzy/share/sensor_msgs/cmake)
[0.552s] -- Found std_srvs: 5.3.6 (/opt/ros/jazzy/share/std_srvs/cmake)
[0.563s] -- Found panda_motion_generator_msgs: 0.0.0 (/home/herring/rzddzy/ros2_ws/install/panda_motion_generator_msgs/share/panda_motion_generator_msgs/cmake)
[0.581s] -- Found multi_mode_control_msgs: 0.0.0 (/home/herring/rzddzy/ros2_ws/install/multi_mode_control_msgs/share/multi_mode_control_msgs/cmake)
[0.640s] -- Found multi_mode_controller: 0.0.0 (/home/herring/rzddzy/ros2_ws/install/multi_mode_controller/share/multi_mode_controller/cmake)
[0.875s] -- Setting yaml-cpp_DIR to: '/opt/ros/jazzy/share/yaml_cpp_vendor/cmake/../../../opt/yaml_cpp_vendor/share/cmake/yaml-cpp'
[0.882s] -- Found eigen3_cmake_module: 0.3.0 (/opt/ros/jazzy/share/eigen3_cmake_module/cmake)
[0.883s] -- Ensuring Eigen3 include directory is part of orocos-kdl CMake target
[0.886s] [0mCMake Deprecation Warning at /opt/ros/jazzy/share/actionlib_msgs/cmake/actionlib_msgsConfig.cmake:31 (message):
[0.886s]   Package 'actionlib_msgs' is deprecated (This package will be removed in a
[0.886s]   future ROS distro, once the ROS 1 bridge supports actions.)
[0.886s] Call Stack (most recent call first):
[0.887s]   /home/herring/rzddzy/ros2_ws/install/mujoco_ros_msgs/share/mujoco_ros_msgs/cmake/ament_cmake_export_dependencies-extras.cmake:21 (find_package)
[0.887s]   /home/herring/rzddzy/ros2_ws/install/mujoco_ros_msgs/share/mujoco_ros_msgs/cmake/mujoco_ros_msgsConfig.cmake:41 (include)
[0.887s]   /home/herring/rzddzy/ros2_ws/install/mujoco_ros/share/mujoco_ros/cmake/ament_cmake_export_dependencies-extras.cmake:21 (find_package)
[0.887s]   /home/herring/rzddzy/ros2_ws/install/mujoco_ros/share/mujoco_ros/cmake/mujoco_rosConfig.cmake:41 (include)
[0.887s]   /home/herring/rzddzy/ros2_ws/install/mujoco_ros2_control/share/mujoco_ros2_control/cmake/ament_cmake_export_dependencies-extras.cmake:21 (find_package)
[0.887s]   /home/herring/rzddzy/ros2_ws/install/mujoco_ros2_control/share/mujoco_ros2_control/cmake/mujoco_ros2_controlConfig.cmake:41 (include)
[0.887s]   /home/herring/rzddzy/ros2_ws/install/franka_hardware/share/franka_hardware/cmake/ament_cmake_export_dependencies-extras.cmake:21 (find_package)
[0.887s]   /home/herring/rzddzy/ros2_ws/install/franka_hardware/share/franka_hardware/cmake/franka_hardwareConfig.cmake:41 (include)
[0.887s]   /home/herring/rzddzy/ros2_ws/install/franka_semantic_components/share/franka_semantic_components/cmake/ament_cmake_export_dependencies-extras.cmake:21 (find_package)
[0.887s]   /home/herring/rzddzy/ros2_ws/install/franka_semantic_components/share/franka_semantic_components/cmake/franka_semantic_componentsConfig.cmake:41 (include)
[0.887s]   /home/herring/rzddzy/ros2_ws/install/multi_mode_controller/share/multi_mode_controller/cmake/ament_cmake_export_dependencies-extras.cmake:21 (find_package)
[0.887s]   /home/herring/rzddzy/ros2_ws/install/multi_mode_controller/share/multi_mode_controller/cmake/multi_mode_controllerConfig.cmake:41 (include)
[0.887s]   CMakeLists.txt:31 (find_package)
[0.888s] 
[0.888s] [0m
[1.004s] [33mCMake Warning at CMakeLists.txt:41 (message):
[1.004s]   DQRobotics not found.  Skipping DQ Cartesian motion generator targets.
[1.004s] 
[1.004s] [0m
[1.095s] -- Configuring done (1.0s)
[1.195s] -- Generating done (0.1s)
[1.205s] -- Build files have been written to: /home/herring/rzddzy/ros2_ws/build/panda_motion_generators
[1.215s] Invoked command in '/home/herring/rzddzy/ros2_ws/build/panda_motion_generators' returned '0': AMENT_PREFIX_PATH=/home/herring/rzddzy/ros2_ws/install/multi_mode_controller:/home/herring/rzddzy/ros2_ws/install/franka_semantic_components:/home/herring/rzddzy/ros2_ws/install/franka_hardware:/home/herring/rzddzy/ros2_ws/install/mujoco_ros2_control:/home/herring/rzddzy/ros2_ws/install/multi_mode_control_msgs:/home/herring/rzddzy/ros2_ws/install/mujoco_ros:/home/herring/rzddzy/ros2_ws/install/panda_motion_generator_msgs:/home/herring/rzddzy/ros2_ws/install/mujoco_ros_msgs:/home/herring/rzddzy/ros2_ws/install/franka_msgs:${AMENT_PREFIX_PATH} CMAKE_PREFIX_PATH=/home/herring/rzddzy/ros2_ws/install/multi_mode_controller:/home/herring/rzddzy/ros2_ws/install/franka_semantic_components:/home/herring/rzddzy/ros2_ws/install/franka_hardware:/home/herring/rzddzy/ros2_ws/install/mujoco_ros2_control:/home/herring/rzddzy/ros2_ws/install/multi_mode_control_msgs:/home/herring/rzddzy/ros2_ws/install/mujoco_ros:/home/herring/rzddzy/ros2_ws/install/panda_motion_generator_msgs:/home/herring/rzddzy/ros2_ws/install/mujoco_ros_msgs:/home/herring/rzddzy/ros2_ws/install/franka_msgs:/opt/ros/jazzy/opt/sdformat_vendor:/opt/ros/jazzy/opt/gz_math_vendor:/opt/ros/jazzy/opt/gz_utils_vendor:/opt/ros/jazzy/opt/gz_tools_vendor:/opt/ros/jazzy/opt/gz_cmake_vendor:/opt/ros/jazzy DEBUGINFOD_URLS=https://debuginfod.ubuntu.com LD_LIBRARY_PATH=/home/herring/rzddzy/ros2_ws/install/multi_mode_controller/lib:/home/herring/rzddzy/ros2_ws/install/franka_semantic_components/lib:/home/herring/rzddzy/ros2_ws/install/franka_hardware/lib:/home/herring/rzddzy/ros2_ws/install/mujoco_ros2_control/lib:/home/herring/rzddzy/ros2_ws/install/multi_mode_control_msgs/lib:/home/herring/rzddzy/ros2_ws/install/mujoco_ros/lib:/home/herring/rzddzy/ros2_ws/install/panda_motion_generator_msgs/lib:/home/herring/rzddzy/ros2_ws/install/mujoco_ros_msgs/lib:/home/herring/rzddzy/ros2_ws/install/franka_msgs/lib:${LD_LIBRARY_PATH} PYTHONPATH=/home/herring/rzddzy/ros2_ws/install/multi_mode_control_msgs/lib/python3.12/site-packages:/home/herring/rzddzy/ros2_ws/install/panda_motion_generator_msgs/lib/python3.12/site-packages:/home/herring/rzddzy/ros2_ws/install/mujoco_ros_msgs/lib/python3.12/site-packages:/home/herring/rzddzy/ros2_ws/install/franka_msgs/lib/python3.12/site-packages:${PYTHONPATH} /usr/bin/cmake /home/herring/rzddzy/ros2_ws/src/panda_motion_generators -DAMENT_CMAKE_SYMLINK_INSTALL=1 -DCMAKE_INSTALL_PREFIX=/home/herring/rzddzy/ros2_ws/install/panda_motion_generators
[1.216s] Invoking command in '/home/herring/rzddzy/ros2_ws/build/panda_motion_generators': AMENT_PREFIX_PATH=/home/herring/rzddzy/ros2_ws/install/multi_mode_controller:/home/herring/rzddzy/ros2_ws/install/franka_semantic_components:/home/herring/rzddzy/ros2_ws/install/franka_hardware:/home/herring/rzddzy/ros2_ws/install/mujoco_ros2_control:/home/herring/rzddzy/ros2_ws/install/multi_mode_control_msgs:/home/herring/rzddzy/ros2_ws/install/mujoco_ros:/home/herring/rzddzy/ros2_ws/install/panda_motion_generator_msgs:/home/herring/rzddzy/ros2_ws/install/mujoco_ros_msgs:/home/herring/rzddzy/ros2_ws/install/franka_msgs:${AMENT_PREFIX_PATH} CMAKE_PREFIX_PATH=/home/herring/rzddzy/ros2_ws/install/multi_mode_controller:/home/herring/rzddzy/ros2_ws/install/franka_semantic_components:/home/herring/rzddzy/ros2_ws/install/franka_hardware:/home/herring/rzddzy/ros2_ws/install/mujoco_ros2_control:/home/herring/rzddzy/ros2_ws/install/multi_mode_control_msgs:/home/herring/rzddzy/ros2_ws/install/mujoco_ros:/home/herring/rzddzy/ros2_ws/install/panda_motion_generator_msgs:/home/herring/rzddzy/ros2_ws/install/mujoco_ros_msgs:/home/herring/rzddzy/ros2_ws/install/franka_msgs:/opt/ros/jazzy/opt/sdformat_vendor:/opt/ros/jazzy/opt/gz_math_vendor:/opt/ros/jazzy/opt/gz_utils_vendor:/opt/ros/jazzy/opt/gz_tools_vendor:/opt/ros/jazzy/opt/gz_cmake_vendor:/opt/ros/jazzy DEBUGINFOD_URLS=https://debuginfod.ubuntu.com LD_LIBRARY_PATH=/home/herring/rzddzy/ros2_ws/install/multi_mode_controller/lib:/home/herring/rzddzy/ros2_ws/install/franka_semantic_components/lib:/home/herring/rzddzy/ros2_ws/install/franka_hardware/lib:/home/herring/rzddzy/ros2_ws/install/mujoco_ros2_control/lib:/home/herring/rzddzy/ros2_ws/install/multi_mode_control_msgs/lib:/home/herring/rzddzy/ros2_ws/install/mujoco_ros/lib:/home/herring/rzddzy/ros2_ws/install/panda_motion_generator_msgs/lib:/home/herring/rzddzy/ros2_ws/install/mujoco_ros_msgs/lib:/home/herring/rzddzy/ros2_ws/install/franka_msgs/lib:${LD_LIBRARY_PATH} PYTHONPATH=/home/herring/rzddzy/ros2_ws/install/multi_mode_control_msgs/lib/python3.12/site-packages:/home/herring/rzddzy/ros2_ws/install/panda_motion_generator_msgs/lib/python3.12/site-packages:/home/herring/rzddzy/ros2_ws/install/mujoco_ros_msgs/lib/python3.12/site-packages:/home/herring/rzddzy/ros2_ws/install/franka_msgs/lib/python3.12/site-packages:${PYTHONPATH} /usr/bin/cmake --build /home/herring/rzddzy/ros2_ws/build/panda_motion_generators -- -j28 -l28
[1.288s] [ 25%] Built target panda_poly_c2_joint_motion_generator_client
[1.292s] [ 62%] [32m[1mLinking CXX shared library libpanda_motion_generators.so[0m
[1.292s] [ 62%] Built target panda_to_init_pose_client
[2.090s] [ 75%] Built target panda_motion_generators
[2.130s] [ 87%] [32m[1mLinking CXX executable panda_poly_c2_joint_motion_generator_node[0m
[2.700s] [100%] Built target panda_poly_c2_joint_motion_generator_node
[2.713s] Invoked command in '/home/herring/rzddzy/ros2_ws/build/panda_motion_generators' returned '0': AMENT_PREFIX_PATH=/home/herring/rzddzy/ros2_ws/install/multi_mode_controller:/home/herring/rzddzy/ros2_ws/install/franka_semantic_components:/home/herring/rzddzy/ros2_ws/install/franka_hardware:/home/herring/rzddzy/ros2_ws/install/mujoco_ros2_control:/home/herring/rzddzy/ros2_ws/install/multi_mode_control_msgs:/home/herring/rzddzy/ros2_ws/install/mujoco_ros:/home/herring/rzddzy/ros2_ws/install/panda_motion_generator_msgs:/home/herring/rzddzy/ros2_ws/install/mujoco_ros_msgs:/home/herring/rzddzy/ros2_ws/install/franka_msgs:${AMENT_PREFIX_PATH} CMAKE_PREFIX_PATH=/home/herring/rzddzy/ros2_ws/install/multi_mode_controller:/home/herring/rzddzy/ros2_ws/install/franka_semantic_components:/home/herring/rzddzy/ros2_ws/install/franka_hardware:/home/herring/rzddzy/ros2_ws/install/mujoco_ros2_control:/home/herring/rzddzy/ros2_ws/install/multi_mode_control_msgs:/home/herring/rzddzy/ros2_ws/install/mujoco_ros:/home/herring/rzddzy/ros2_ws/install/panda_motion_generator_msgs:/home/herring/rzddzy/ros2_ws/install/mujoco_ros_msgs:/home/herring/rzddzy/ros2_ws/install/franka_msgs:/opt/ros/jazzy/opt/sdformat_vendor:/opt/ros/jazzy/opt/gz_math_vendor:/opt/ros/jazzy/opt/gz_utils_vendor:/opt/ros/jazzy/opt/gz_tools_vendor:/opt/ros/jazzy/opt/gz_cmake_vendor:/opt/ros/jazzy DEBUGINFOD_URLS=https://debuginfod.ubuntu.com LD_LIBRARY_PATH=/home/herring/rzddzy/ros2_ws/install/multi_mode_controller/lib:/home/herring/rzddzy/ros2_ws/install/franka_semantic_components/lib:/home/herring/rzddzy/ros2_ws/install/franka_hardware/lib:/home/herring/rzddzy/ros2_ws/install/mujoco_ros2_control/lib:/home/herring/rzddzy/ros2_ws/install/multi_mode_control_msgs/lib:/home/herring/rzddzy/ros2_ws/install/mujoco_ros/lib:/home/herring/rzddzy/ros2_ws/install/panda_motion_generator_msgs/lib:/home/herring/rzddzy/ros2_ws/install/mujoco_ros_msgs/lib:/home/herring/rzddzy/ros2_ws/install/franka_msgs/lib:${LD_LIBRARY_PATH} PYTHONPATH=/home/herring/rzddzy/ros2_ws/install/multi_mode_control_msgs/lib/python3.12/site-packages:/home/herring/rzddzy/ros2_ws/install/panda_motion_generator_msgs/lib/python3.12/site-packages:/home/herring/rzddzy/ros2_ws/install/mujoco_ros_msgs/lib/python3.12/site-packages:/home/herring/rzddzy/ros2_ws/install/franka_msgs/lib/python3.12/site-packages:${PYTHONPATH} /usr/bin/cmake --build /home/herring/rzddzy/ros2_ws/build/panda_motion_generators -- -j28 -l28
[2.715s] Invoking command in '/home/herring/rzddzy/ros2_ws/build/panda_motion_generators': AMENT_PREFIX_PATH=/home/herring/rzddzy/ros2_ws/install/multi_mode_controller:/home/herring/rzddzy/ros2_ws/install/franka_semantic_components:/home/herring/rzddzy/ros2_ws/install/franka_hardware:/home/herring/rzddzy/ros2_ws/install/mujoco_ros2_control:/home/herring/rzddzy/ros2_ws/install/multi_mode_control_msgs:/home/herring/rzddzy/ros2_ws/install/mujoco_ros:/home/herring/rzddzy/ros2_ws/install/panda_motion_generator_msgs:/home/herring/rzddzy/ros2_ws/install/mujoco_ros_msgs:/home/herring/rzddzy/ros2_ws/install/franka_msgs:${AMENT_PREFIX_PATH} CMAKE_PREFIX_PATH=/home/herring/rzddzy/ros2_ws/install/multi_mode_controller:/home/herring/rzddzy/ros2_ws/install/franka_semantic_components:/home/herring/rzddzy/ros2_ws/install/franka_hardware:/home/herring/rzddzy/ros2_ws/install/mujoco_ros2_control:/home/herring/rzddzy/ros2_ws/install/multi_mode_control_msgs:/home/herring/rzddzy/ros2_ws/install/mujoco_ros:/home/herring/rzddzy/ros2_ws/install/panda_motion_generator_msgs:/home/herring/rzddzy/ros2_ws/install/mujoco_ros_msgs:/home/herring/rzddzy/ros2_ws/install/franka_msgs:/opt/ros/jazzy/opt/sdformat_vendor:/opt/ros/jazzy/opt/gz_math_vendor:/opt/ros/jazzy/opt/gz_utils_vendor:/opt/ros/jazzy/opt/gz_tools_vendor:/opt/ros/jazzy/opt/gz_cmake_vendor:/opt/ros/jazzy DEBUGINFOD_URLS=https://debuginfod.ubuntu.com LD_LIBRARY_PATH=/home/herring/rzddzy/ros2_ws/install/multi_mode_controller/lib:/home/herring/rzddzy/ros2_ws/install/franka_semantic_components/lib:/home/herring/rzddzy/ros2_ws/install/franka_hardware/lib:/home/herring/rzddzy/ros2_ws/install/mujoco_ros2_control/lib:/home/herring/rzddzy/ros2_ws/install/multi_mode_control_msgs/lib:/home/herring/rzddzy/ros2_ws/install/mujoco_ros/lib:/home/herring/rzddzy/ros2_ws/install/panda_motion_generator_msgs/lib:/home/herring/rzddzy/ros2_ws/install/mujoco_ros_msgs/lib:/home/herring/rzddzy/ros2_ws/install/franka_msgs/lib:${LD_LIBRARY_PATH} PYTHONPATH=/home/herring/rzddzy/ros2_ws/install/multi_mode_control_msgs/lib/python3.12/site-packages:/home/herring/rzddzy/ros2_ws/install/panda_motion_generator_msgs/lib/python3.12/site-packages:/home/herring/rzddzy/ros2_ws/install/mujoco_ros_msgs/lib/python3.12/site-packages:/home/herring/rzddzy/ros2_ws/install/franka_msgs/lib/python3.12/site-packages:${PYTHONPATH} /usr/bin/cmake --install /home/herring/rzddzy/ros2_ws/build/panda_motion_generators
[2.726s] -- Install configuration: ""
[2.726s] -- Execute custom install script
[2.726s] -- Up-to-date symlink: /home/herring/rzddzy/ros2_ws/install/panda_motion_generators/lib/libpanda_motion_generators.so
[2.726s] -- Up-to-date symlink: /home/herring/rzddzy/ros2_ws/install/panda_motion_generators/lib/panda_motion_generators/panda_poly_c2_joint_motion_generator_node
[2.727s] -- Up-to-date symlink: /home/herring/rzddzy/ros2_ws/install/panda_motion_generators/lib/panda_motion_generators/panda_poly_c2_joint_motion_generator_client
[2.727s] -- Up-to-date symlink: /home/herring/rzddzy/ros2_ws/install/panda_motion_generators/lib/panda_motion_generators/panda_to_init_pose_client
[2.728s] -- Up-to-date symlink: /home/herring/rzddzy/ros2_ws/install/panda_motion_generators/include/panda_motion_generators/base/dq_c1_cartesian_motion_generator.h
[2.728s] -- Up-to-date symlink: /home/herring/rzddzy/ros2_ws/install/panda_motion_generators/include/panda_motion_generators/base/dq_c1_cartesian_motion_generator_base.h
[2.728s] -- Up-to-date symlink: /home/herring/rzddzy/ros2_ws/install/panda_motion_generators/include/panda_motion_generators/base/motion_generator_base.h
[2.728s] -- Up-to-date symlink: /home/herring/rzddzy/ros2_ws/install/panda_motion_generators/include/panda_motion_generators/base/motion_generator_ros_interface.h
[2.728s] -- Up-to-date symlink: /home/herring/rzddzy/ros2_ws/install/panda_motion_generators/include/panda_motion_generators/base/poly_c2_joint_motion_generator.h
[2.728s] -- Up-to-date symlink: /home/herring/rzddzy/ros2_ws/install/panda_motion_generators/include/panda_motion_generators/base/poly_c2_joint_motion_generator_base.h
[2.728s] -- Up-to-date symlink: /home/herring/rzddzy/ros2_ws/install/panda_motion_generators/include/panda_motion_generators/motion_generators/panda_dq_c1_cartesian_motion_generator.h
[2.728s] -- Up-to-date symlink: /home/herring/rzddzy/ros2_ws/install/panda_motion_generators/include/panda_motion_generators/motion_generators/panda_poly_c2_joint_motion_generator.h
[2.729s] -- Up-to-date symlink: /home/herring/rzddzy/ros2_ws/install/panda_motion_generators/share/ament_index/resource_index/package_run_dependencies/panda_motion_generators
[2.729s] -- Up-to-date symlink: /home/herring/rzddzy/ros2_ws/install/panda_motion_generators/share/ament_index/resource_index/parent_prefix_path/panda_motion_generators
[2.729s] -- Up-to-date symlink: /home/herring/rzddzy/ros2_ws/install/panda_motion_generators/share/panda_motion_generators/environment/ament_prefix_path.sh
[2.729s] -- Up-to-date symlink: /home/herring/rzddzy/ros2_ws/install/panda_motion_generators/share/panda_motion_generators/environment/ament_prefix_path.dsv
[2.729s] -- Up-to-date symlink: /home/herring/rzddzy/ros2_ws/install/panda_motion_generators/share/panda_motion_generators/environment/path.sh
[2.730s] -- Up-to-date symlink: /home/herring/rzddzy/ros2_ws/install/panda_motion_generators/share/panda_motion_generators/environment/path.dsv
[2.730s] -- Up-to-date symlink: /home/herring/rzddzy/ros2_ws/install/panda_motion_generators/share/panda_motion_generators/local_setup.bash
[2.730s] -- Up-to-date symlink: /home/herring/rzddzy/ros2_ws/install/panda_motion_generators/share/panda_motion_generators/local_setup.sh
[2.730s] -- Up-to-date symlink: /home/herring/rzddzy/ros2_ws/install/panda_motion_generators/share/panda_motion_generators/local_setup.zsh
[2.731s] -- Up-to-date symlink: /home/herring/rzddzy/ros2_ws/install/panda_motion_generators/share/panda_motion_generators/local_setup.dsv
[2.731s] -- Symlinking: /home/herring/rzddzy/ros2_ws/install/panda_motion_generators/share/panda_motion_generators/package.dsv
[2.742s] -- Up-to-date symlink: /home/herring/rzddzy/ros2_ws/install/panda_motion_generators/share/ament_index/resource_index/packages/panda_motion_generators
[2.742s] -- Up-to-date symlink: /home/herring/rzddzy/ros2_ws/install/panda_motion_generators/share/panda_motion_generators/cmake/panda_motion_generatorsConfig.cmake
[2.742s] -- Up-to-date symlink: /home/herring/rzddzy/ros2_ws/install/panda_motion_generators/share/panda_motion_generators/cmake/panda_motion_generatorsConfig-version.cmake
[2.743s] -- Up-to-date symlink: /home/herring/rzddzy/ros2_ws/install/panda_motion_generators/share/panda_motion_generators/package.xml
[2.745s] Invoked command in '/home/herring/rzddzy/ros2_ws/build/panda_motion_generators' returned '0': AMENT_PREFIX_PATH=/home/herring/rzddzy/ros2_ws/install/multi_mode_controller:/home/herring/rzddzy/ros2_ws/install/franka_semantic_components:/home/herring/rzddzy/ros2_ws/install/franka_hardware:/home/herring/rzddzy/ros2_ws/install/mujoco_ros2_control:/home/herring/rzddzy/ros2_ws/install/multi_mode_control_msgs:/home/herring/rzddzy/ros2_ws/install/mujoco_ros:/home/herring/rzddzy/ros2_ws/install/panda_motion_generator_msgs:/home/herring/rzddzy/ros2_ws/install/mujoco_ros_msgs:/home/herring/rzddzy/ros2_ws/install/franka_msgs:${AMENT_PREFIX_PATH} CMAKE_PREFIX_PATH=/home/herring/rzddzy/ros2_ws/install/multi_mode_controller:/home/herring/rzddzy/ros2_ws/install/franka_semantic_components:/home/herring/rzddzy/ros2_ws/install/franka_hardware:/home/herring/rzddzy/ros2_ws/install/mujoco_ros2_control:/home/herring/rzddzy/ros2_ws/install/multi_mode_control_msgs:/home/herring/rzddzy/ros2_ws/install/mujoco_ros:/home/herring/rzddzy/ros2_ws/install/panda_motion_generator_msgs:/home/herring/rzddzy/ros2_ws/install/mujoco_ros_msgs:/home/herring/rzddzy/ros2_ws/install/franka_msgs:/opt/ros/jazzy/opt/sdformat_vendor:/opt/ros/jazzy/opt/gz_math_vendor:/opt/ros/jazzy/opt/gz_utils_vendor:/opt/ros/jazzy/opt/gz_tools_vendor:/opt/ros/jazzy/opt/gz_cmake_vendor:/opt/ros/jazzy DEBUGINFOD_URLS=https://debuginfod.ubuntu.com LD_LIBRARY_PATH=/home/herring/rzddzy/ros2_ws/install/multi_mode_controller/lib:/home/herring/rzddzy/ros2_ws/install/franka_semantic_components/lib:/home/herring/rzddzy/ros2_ws/install/franka_hardware/lib:/home/herring/rzddzy/ros2_ws/install/mujoco_ros2_control/lib:/home/herring/rzddzy/ros2_ws/install/multi_mode_control_msgs/lib:/home/herring/rzddzy/ros2_ws/install/mujoco_ros/lib:/home/herring/rzddzy/ros2_ws/install/panda_motion_generator_msgs/lib:/home/herring/rzddzy/ros2_ws/install/mujoco_ros_msgs/lib:/home/herring/rzddzy/ros2_ws/install/franka_msgs/lib:${LD_LIBRARY_PATH} PYTHONPATH=/home/herring/rzddzy/ros2_ws/install/multi_mode_control_msgs/lib/python3.12/site-packages:/home/herring/rzddzy/ros2_ws/install/panda_motion_generator_msgs/lib/python3.12/site-packages:/home/herring/rzddzy/ros2_ws/install/mujoco_ros_msgs/lib/python3.12/site-packages:/home/herring/rzddzy/ros2_ws/install/franka_msgs/lib/python3.12/site-packages:${PYTHONPATH} /usr/bin/cmake --install /home/herring/rzddzy/ros2_ws/build/panda_motion_generators
