[0.018s] Invoking command in '/home/herring/rzddzy/ros2_ws/build/multi_mode_controller': AMENT_PREFIX_PATH=/home/herring/rzddzy/ros2_ws/install/franka_semantic_components:/home/herring/rzddzy/ros2_ws/install/franka_hardware:/home/herring/rzddzy/ros2_ws/install/mujoco_ros2_control:/home/herring/rzddzy/ros2_ws/install/multi_mode_control_msgs:/home/herring/rzddzy/ros2_ws/install/mujoco_ros:/home/herring/rzddzy/ros2_ws/install/mujoco_ros_msgs:/home/herring/rzddzy/ros2_ws/install/franka_msgs:${AMENT_PREFIX_PATH} CMAKE_PREFIX_PATH=/home/herring/rzddzy/ros2_ws/install/franka_semantic_components:/home/herring/rzddzy/ros2_ws/install/franka_hardware:/home/herring/rzddzy/ros2_ws/install/mujoco_ros2_control:/home/herring/rzddzy/ros2_ws/install/multi_mode_control_msgs:/home/herring/rzddzy/ros2_ws/install/mujoco_ros:/home/herring/rzddzy/ros2_ws/install/mujoco_ros_msgs:/home/herring/rzddzy/ros2_ws/install/franka_msgs:/opt/ros/jazzy/opt/sdformat_vendor:/opt/ros/jazzy/opt/gz_math_vendor:/opt/ros/jazzy/opt/gz_utils_vendor:/opt/ros/jazzy/opt/gz_tools_vendor:/opt/ros/jazzy/opt/gz_cmake_vendor:/opt/ros/jazzy DEBUGINFOD_URLS=https://debuginfod.ubuntu.com LD_LIBRARY_PATH=/home/herring/rzddzy/ros2_ws/install/franka_semantic_components/lib:/home/herring/rzddzy/ros2_ws/install/franka_hardware/lib:/home/herring/rzddzy/ros2_ws/install/mujoco_ros2_control/lib:/home/herring/rzddzy/ros2_ws/install/multi_mode_control_msgs/lib:/home/herring/rzddzy/ros2_ws/install/mujoco_ros/lib:/home/herring/rzddzy/ros2_ws/install/mujoco_ros_msgs/lib:/home/herring/rzddzy/ros2_ws/install/franka_msgs/lib:${LD_LIBRARY_PATH} PYTHONPATH=/home/herring/rzddzy/ros2_ws/install/multi_mode_control_msgs/lib/python3.12/site-packages:/home/herring/rzddzy/ros2_ws/install/mujoco_ros_msgs/lib/python3.12/site-packages:/home/herring/rzddzy/ros2_ws/install/franka_msgs/lib/python3.12/site-packages:${PYTHONPATH} /usr/bin/cmake /home/herring/rzddzy/ros2_ws/src/multi_mode_controller -DAMENT_CMAKE_SYMLINK_INSTALL=1 -DCMAKE_INSTALL_PREFIX=/home/herring/rzddzy/ros2_ws/install/multi_mode_controller
[0.027s] -- Found ament_cmake: 2.5.5 (/opt/ros/jazzy/share/ament_cmake/cmake)
[0.165s] -- Override CMake install command with custom implementation using symlinks instead of copying resources
[0.170s] -- Found builtin_interfaces: 2.0.3 (/opt/ros/jazzy/share/builtin_interfaces/cmake)
[0.186s] -- Found rosidl_generator_c: 4.6.7 (/opt/ros/jazzy/share/rosidl_generator_c/cmake)
[0.191s] -- Found rosidl_generator_cpp: 4.6.7 (/opt/ros/jazzy/share/rosidl_generator_cpp/cmake)
[0.197s] -- Using all available rosidl_typesupport_c: rosidl_typesupport_fastrtps_c;rosidl_typesupport_introspection_c
[0.204s] -- Using all available rosidl_typesupport_cpp: rosidl_typesupport_fastrtps_cpp;rosidl_typesupport_introspection_cpp
[0.210s] -- Found control_msgs: 5.7.0 (/opt/ros/jazzy/share/control_msgs/cmake)
[0.294s] -- Found multi_mode_control_msgs: 0.0.0 (/home/herring/rzddzy/ros2_ws/install/multi_mode_control_msgs/share/multi_mode_control_msgs/cmake)
[0.334s] -- Found controller_interface: 4.42.2 (/opt/ros/jazzy/share/controller_interface/cmake)
[0.349s] -- Found TinyXML2 via Config file: /usr/lib/x86_64-linux-gnu/cmake/tinyxml2
[0.368s] -- Found rmw_implementation_cmake: 7.3.3 (/opt/ros/jazzy/share/rmw_implementation_cmake/cmake)
[0.369s] -- Found rmw_fastrtps_cpp: 8.4.3 (/opt/ros/jazzy/share/rmw_fastrtps_cpp/cmake)
[0.379s] -- Found TinyXML2 via Config file: /usr/lib/x86_64-linux-gnu/cmake/tinyxml2
[0.387s] -- Found TinyXML2 via Config file: /usr/lib/x86_64-linux-gnu/cmake/tinyxml2
[0.403s] -- Found TinyXML2 via Config file: /usr/lib/x86_64-linux-gnu/cmake/tinyxml2
[0.409s] -- Found TinyXML2 via Config file: /usr/lib/x86_64-linux-gnu/cmake/tinyxml2
[0.419s] -- Using RMW implementation 'rmw_fastrtps_cpp' as default
[0.508s] -- Found controller_manager: 4.42.2 (/opt/ros/jazzy/share/controller_manager/cmake)
[0.553s] -- Found franka_semantic_components: 0.0.0 (/home/herring/rzddzy/ros2_ws/install/franka_semantic_components/share/franka_semantic_components/cmake)
[0.606s] -- Setting yaml-cpp_DIR to: '/opt/ros/jazzy/share/yaml_cpp_vendor/cmake/../../../opt/yaml_cpp_vendor/share/cmake/yaml-cpp'
[0.612s] -- Found eigen3_cmake_module: 0.3.0 (/opt/ros/jazzy/share/eigen3_cmake_module/cmake)
[0.613s] -- Ensuring Eigen3 include directory is part of orocos-kdl CMake target
[0.615s] [0mCMake Deprecation Warning at /opt/ros/jazzy/share/actionlib_msgs/cmake/actionlib_msgsConfig.cmake:31 (message):
[0.615s]   Package 'actionlib_msgs' is deprecated (This package will be removed in a
[0.615s]   future ROS distro, once the ROS 1 bridge supports actions.)
[0.615s] Call Stack (most recent call first):
[0.615s]   /home/herring/rzddzy/ros2_ws/install/mujoco_ros_msgs/share/mujoco_ros_msgs/cmake/ament_cmake_export_dependencies-extras.cmake:21 (find_package)
[0.616s]   /home/herring/rzddzy/ros2_ws/install/mujoco_ros_msgs/share/mujoco_ros_msgs/cmake/mujoco_ros_msgsConfig.cmake:41 (include)
[0.616s]   /home/herring/rzddzy/ros2_ws/install/mujoco_ros/share/mujoco_ros/cmake/ament_cmake_export_dependencies-extras.cmake:21 (find_package)
[0.616s]   /home/herring/rzddzy/ros2_ws/install/mujoco_ros/share/mujoco_ros/cmake/mujoco_rosConfig.cmake:41 (include)
[0.616s]   /home/herring/rzddzy/ros2_ws/install/mujoco_ros2_control/share/mujoco_ros2_control/cmake/ament_cmake_export_dependencies-extras.cmake:21 (find_package)
[0.616s]   /home/herring/rzddzy/ros2_ws/install/mujoco_ros2_control/share/mujoco_ros2_control/cmake/mujoco_ros2_controlConfig.cmake:41 (include)
[0.616s]   /home/herring/rzddzy/ros2_ws/install/franka_hardware/share/franka_hardware/cmake/ament_cmake_export_dependencies-extras.cmake:21 (find_package)
[0.616s]   /home/herring/rzddzy/ros2_ws/install/franka_hardware/share/franka_hardware/cmake/franka_hardwareConfig.cmake:41 (include)
[0.616s]   /home/herring/rzddzy/ros2_ws/install/franka_semantic_components/share/franka_semantic_components/cmake/ament_cmake_export_dependencies-extras.cmake:21 (find_package)
[0.616s]   /home/herring/rzddzy/ros2_ws/install/franka_semantic_components/share/franka_semantic_components/cmake/franka_semantic_componentsConfig.cmake:41 (include)
[0.616s]   CMakeLists.txt:45 (find_package)
[0.616s] 
[0.616s] [0m
[0.781s] -- Configuring done (0.8s)
[0.829s] -- Generating done (0.0s)
[0.834s] -- Build files have been written to: /home/herring/rzddzy/ros2_ws/build/multi_mode_controller
[0.841s] Invoked command in '/home/herring/rzddzy/ros2_ws/build/multi_mode_controller' returned '0': AMENT_PREFIX_PATH=/home/herring/rzddzy/ros2_ws/install/franka_semantic_components:/home/herring/rzddzy/ros2_ws/install/franka_hardware:/home/herring/rzddzy/ros2_ws/install/mujoco_ros2_control:/home/herring/rzddzy/ros2_ws/install/multi_mode_control_msgs:/home/herring/rzddzy/ros2_ws/install/mujoco_ros:/home/herring/rzddzy/ros2_ws/install/mujoco_ros_msgs:/home/herring/rzddzy/ros2_ws/install/franka_msgs:${AMENT_PREFIX_PATH} CMAKE_PREFIX_PATH=/home/herring/rzddzy/ros2_ws/install/franka_semantic_components:/home/herring/rzddzy/ros2_ws/install/franka_hardware:/home/herring/rzddzy/ros2_ws/install/mujoco_ros2_control:/home/herring/rzddzy/ros2_ws/install/multi_mode_control_msgs:/home/herring/rzddzy/ros2_ws/install/mujoco_ros:/home/herring/rzddzy/ros2_ws/install/mujoco_ros_msgs:/home/herring/rzddzy/ros2_ws/install/franka_msgs:/opt/ros/jazzy/opt/sdformat_vendor:/opt/ros/jazzy/opt/gz_math_vendor:/opt/ros/jazzy/opt/gz_utils_vendor:/opt/ros/jazzy/opt/gz_tools_vendor:/opt/ros/jazzy/opt/gz_cmake_vendor:/opt/ros/jazzy DEBUGINFOD_URLS=https://debuginfod.ubuntu.com LD_LIBRARY_PATH=/home/herring/rzddzy/ros2_ws/install/franka_semantic_components/lib:/home/herring/rzddzy/ros2_ws/install/franka_hardware/lib:/home/herring/rzddzy/ros2_ws/install/mujoco_ros2_control/lib:/home/herring/rzddzy/ros2_ws/install/multi_mode_control_msgs/lib:/home/herring/rzddzy/ros2_ws/install/mujoco_ros/lib:/home/herring/rzddzy/ros2_ws/install/mujoco_ros_msgs/lib:/home/herring/rzddzy/ros2_ws/install/franka_msgs/lib:${LD_LIBRARY_PATH} PYTHONPATH=/home/herring/rzddzy/ros2_ws/install/multi_mode_control_msgs/lib/python3.12/site-packages:/home/herring/rzddzy/ros2_ws/install/mujoco_ros_msgs/lib/python3.12/site-packages:/home/herring/rzddzy/ros2_ws/install/franka_msgs/lib/python3.12/site-packages:${PYTHONPATH} /usr/bin/cmake /home/herring/rzddzy/ros2_ws/src/multi_mode_controller -DAMENT_CMAKE_SYMLINK_INSTALL=1 -DCMAKE_INSTALL_PREFIX=/home/herring/rzddzy/ros2_ws/install/multi_mode_controller
[0.842s] Invoking command in '/home/herring/rzddzy/ros2_ws/build/multi_mode_controller': AMENT_PREFIX_PATH=/home/herring/rzddzy/ros2_ws/install/franka_semantic_components:/home/herring/rzddzy/ros2_ws/install/franka_hardware:/home/herring/rzddzy/ros2_ws/install/mujoco_ros2_control:/home/herring/rzddzy/ros2_ws/install/multi_mode_control_msgs:/home/herring/rzddzy/ros2_ws/install/mujoco_ros:/home/herring/rzddzy/ros2_ws/install/mujoco_ros_msgs:/home/herring/rzddzy/ros2_ws/install/franka_msgs:${AMENT_PREFIX_PATH} CMAKE_PREFIX_PATH=/home/herring/rzddzy/ros2_ws/install/franka_semantic_components:/home/herring/rzddzy/ros2_ws/install/franka_hardware:/home/herring/rzddzy/ros2_ws/install/mujoco_ros2_control:/home/herring/rzddzy/ros2_ws/install/multi_mode_control_msgs:/home/herring/rzddzy/ros2_ws/install/mujoco_ros:/home/herring/rzddzy/ros2_ws/install/mujoco_ros_msgs:/home/herring/rzddzy/ros2_ws/install/franka_msgs:/opt/ros/jazzy/opt/sdformat_vendor:/opt/ros/jazzy/opt/gz_math_vendor:/opt/ros/jazzy/opt/gz_utils_vendor:/opt/ros/jazzy/opt/gz_tools_vendor:/opt/ros/jazzy/opt/gz_cmake_vendor:/opt/ros/jazzy DEBUGINFOD_URLS=https://debuginfod.ubuntu.com LD_LIBRARY_PATH=/home/herring/rzddzy/ros2_ws/install/franka_semantic_components/lib:/home/herring/rzddzy/ros2_ws/install/franka_hardware/lib:/home/herring/rzddzy/ros2_ws/install/mujoco_ros2_control/lib:/home/herring/rzddzy/ros2_ws/install/multi_mode_control_msgs/lib:/home/herring/rzddzy/ros2_ws/install/mujoco_ros/lib:/home/herring/rzddzy/ros2_ws/install/mujoco_ros_msgs/lib:/home/herring/rzddzy/ros2_ws/install/franka_msgs/lib:${LD_LIBRARY_PATH} PYTHONPATH=/home/herring/rzddzy/ros2_ws/install/multi_mode_control_msgs/lib/python3.12/site-packages:/home/herring/rzddzy/ros2_ws/install/mujoco_ros_msgs/lib/python3.12/site-packages:/home/herring/rzddzy/ros2_ws/install/franka_msgs/lib/python3.12/site-packages:${PYTHONPATH} /usr/bin/cmake --build /home/herring/rzddzy/ros2_ws/build/multi_mode_controller -- -j28 -l28
[0.894s] [ 10%] Built target openGJK
[0.898s] [ 15%] [32m[1mLinking CXX shared library libsynchronous_client.so[0m
[0.989s] [ 20%] [32m[1mLinking CXX shared library libmulti_mode_controller.so[0m
[1.133s] [ 25%] Built target synchronous_client
[1.304s] [100%] Built target multi_mode_controller
[1.311s] Invoked command in '/home/herring/rzddzy/ros2_ws/build/multi_mode_controller' returned '0': AMENT_PREFIX_PATH=/home/herring/rzddzy/ros2_ws/install/franka_semantic_components:/home/herring/rzddzy/ros2_ws/install/franka_hardware:/home/herring/rzddzy/ros2_ws/install/mujoco_ros2_control:/home/herring/rzddzy/ros2_ws/install/multi_mode_control_msgs:/home/herring/rzddzy/ros2_ws/install/mujoco_ros:/home/herring/rzddzy/ros2_ws/install/mujoco_ros_msgs:/home/herring/rzddzy/ros2_ws/install/franka_msgs:${AMENT_PREFIX_PATH} CMAKE_PREFIX_PATH=/home/herring/rzddzy/ros2_ws/install/franka_semantic_components:/home/herring/rzddzy/ros2_ws/install/franka_hardware:/home/herring/rzddzy/ros2_ws/install/mujoco_ros2_control:/home/herring/rzddzy/ros2_ws/install/multi_mode_control_msgs:/home/herring/rzddzy/ros2_ws/install/mujoco_ros:/home/herring/rzddzy/ros2_ws/install/mujoco_ros_msgs:/home/herring/rzddzy/ros2_ws/install/franka_msgs:/opt/ros/jazzy/opt/sdformat_vendor:/opt/ros/jazzy/opt/gz_math_vendor:/opt/ros/jazzy/opt/gz_utils_vendor:/opt/ros/jazzy/opt/gz_tools_vendor:/opt/ros/jazzy/opt/gz_cmake_vendor:/opt/ros/jazzy DEBUGINFOD_URLS=https://debuginfod.ubuntu.com LD_LIBRARY_PATH=/home/herring/rzddzy/ros2_ws/install/franka_semantic_components/lib:/home/herring/rzddzy/ros2_ws/install/franka_hardware/lib:/home/herring/rzddzy/ros2_ws/install/mujoco_ros2_control/lib:/home/herring/rzddzy/ros2_ws/install/multi_mode_control_msgs/lib:/home/herring/rzddzy/ros2_ws/install/mujoco_ros/lib:/home/herring/rzddzy/ros2_ws/install/mujoco_ros_msgs/lib:/home/herring/rzddzy/ros2_ws/install/franka_msgs/lib:${LD_LIBRARY_PATH} PYTHONPATH=/home/herring/rzddzy/ros2_ws/install/multi_mode_control_msgs/lib/python3.12/site-packages:/home/herring/rzddzy/ros2_ws/install/mujoco_ros_msgs/lib/python3.12/site-packages:/home/herring/rzddzy/ros2_ws/install/franka_msgs/lib/python3.12/site-packages:${PYTHONPATH} /usr/bin/cmake --build /home/herring/rzddzy/ros2_ws/build/multi_mode_controller -- -j28 -l28
[1.312s] Invoking command in '/home/herring/rzddzy/ros2_ws/build/multi_mode_controller': AMENT_PREFIX_PATH=/home/herring/rzddzy/ros2_ws/install/franka_semantic_components:/home/herring/rzddzy/ros2_ws/install/franka_hardware:/home/herring/rzddzy/ros2_ws/install/mujoco_ros2_control:/home/herring/rzddzy/ros2_ws/install/multi_mode_control_msgs:/home/herring/rzddzy/ros2_ws/install/mujoco_ros:/home/herring/rzddzy/ros2_ws/install/mujoco_ros_msgs:/home/herring/rzddzy/ros2_ws/install/franka_msgs:${AMENT_PREFIX_PATH} CMAKE_PREFIX_PATH=/home/herring/rzddzy/ros2_ws/install/franka_semantic_components:/home/herring/rzddzy/ros2_ws/install/franka_hardware:/home/herring/rzddzy/ros2_ws/install/mujoco_ros2_control:/home/herring/rzddzy/ros2_ws/install/multi_mode_control_msgs:/home/herring/rzddzy/ros2_ws/install/mujoco_ros:/home/herring/rzddzy/ros2_ws/install/mujoco_ros_msgs:/home/herring/rzddzy/ros2_ws/install/franka_msgs:/opt/ros/jazzy/opt/sdformat_vendor:/opt/ros/jazzy/opt/gz_math_vendor:/opt/ros/jazzy/opt/gz_utils_vendor:/opt/ros/jazzy/opt/gz_tools_vendor:/opt/ros/jazzy/opt/gz_cmake_vendor:/opt/ros/jazzy DEBUGINFOD_URLS=https://debuginfod.ubuntu.com LD_LIBRARY_PATH=/home/herring/rzddzy/ros2_ws/install/franka_semantic_components/lib:/home/herring/rzddzy/ros2_ws/install/franka_hardware/lib:/home/herring/rzddzy/ros2_ws/install/mujoco_ros2_control/lib:/home/herring/rzddzy/ros2_ws/install/multi_mode_control_msgs/lib:/home/herring/rzddzy/ros2_ws/install/mujoco_ros/lib:/home/herring/rzddzy/ros2_ws/install/mujoco_ros_msgs/lib:/home/herring/rzddzy/ros2_ws/install/franka_msgs/lib:${LD_LIBRARY_PATH} PYTHONPATH=/home/herring/rzddzy/ros2_ws/install/multi_mode_control_msgs/lib/python3.12/site-packages:/home/herring/rzddzy/ros2_ws/install/mujoco_ros_msgs/lib/python3.12/site-packages:/home/herring/rzddzy/ros2_ws/install/franka_msgs/lib/python3.12/site-packages:${PYTHONPATH} /usr/bin/cmake --install /home/herring/rzddzy/ros2_ws/build/multi_mode_controller
[1.319s] -- Install configuration: "Release"
[1.319s] -- Execute custom install script
[1.319s] -- Up-to-date symlink: /home/herring/rzddzy/ros2_ws/install/multi_mode_controller/lib/libopenGJK.a
[1.319s] -- Up-to-date symlink: /home/herring/rzddzy/ros2_ws/install/multi_mode_controller/lib/libmulti_mode_controller.so
[1.320s] -- Up-to-date symlink: /home/herring/rzddzy/ros2_ws/install/multi_mode_controller/include/multi_mode_controller/base/panda_controller_base.h
[1.320s] -- Up-to-date symlink: /home/herring/rzddzy/ros2_ws/install/multi_mode_controller/include/multi_mode_controller/base/panda_controller_interface.h
[1.320s] -- Up-to-date symlink: /home/herring/rzddzy/ros2_ws/install/multi_mode_controller/include/multi_mode_controller/base/panda_controller_ros_interface.h
[1.320s] -- Up-to-date symlink: /home/herring/rzddzy/ros2_ws/install/multi_mode_controller/include/multi_mode_controller/base/switch_engine.h
[1.320s] -- Up-to-date symlink: /home/herring/rzddzy/ros2_ws/install/multi_mode_controller/include/multi_mode_controller/base/switch_engine_interface.h
[1.320s] -- Up-to-date symlink: /home/herring/rzddzy/ros2_ws/install/multi_mode_controller/include/multi_mode_controller/controllers/comless_coupled_dual_cartesian_impedance_controller.h
[1.321s] -- Up-to-date symlink: /home/herring/rzddzy/ros2_ws/install/multi_mode_controller/include/multi_mode_controller/controllers/comless_dual_cartesian_impedance_controller.h
[1.321s] -- Up-to-date symlink: /home/herring/rzddzy/ros2_ws/install/multi_mode_controller/include/multi_mode_controller/controllers/comless_dual_joint_impedance_controller.h
[1.321s] -- Up-to-date symlink: /home/herring/rzddzy/ros2_ws/install/multi_mode_controller/include/multi_mode_controller/controllers/comless_panda_cartesian_impedance_controller.h
[1.321s] -- Up-to-date symlink: /home/herring/rzddzy/ros2_ws/install/multi_mode_controller/include/multi_mode_controller/controllers/comless_panda_joint_impedance_controller.h
[1.321s] -- Up-to-date symlink: /home/herring/rzddzy/ros2_ws/install/multi_mode_controller/include/multi_mode_controller/controllers/des_coupled_dual_cartesian_impedance_controller.h
[1.321s] -- Up-to-date symlink: /home/herring/rzddzy/ros2_ws/install/multi_mode_controller/include/multi_mode_controller/controllers/dual_cartesian_impedance_controller.h
[1.321s] -- Up-to-date symlink: /home/herring/rzddzy/ros2_ws/install/multi_mode_controller/include/multi_mode_controller/controllers/panda_cartesian_impedance_controller.h
[1.321s] -- Up-to-date symlink: /home/herring/rzddzy/ros2_ws/install/multi_mode_controller/include/multi_mode_controller/controllers/panda_joint_impedance_controller.h
[1.321s] -- Up-to-date symlink: /home/herring/rzddzy/ros2_ws/install/multi_mode_controller/include/multi_mode_controller/controllers/panda_joint_velocity_controller.h
[1.321s] -- Up-to-date symlink: /home/herring/rzddzy/ros2_ws/install/multi_mode_controller/include/multi_mode_controller/controllers/twin_cartesian_impedance_controller.h
[1.321s] -- Up-to-date symlink: /home/herring/rzddzy/ros2_ws/install/multi_mode_controller/include/multi_mode_controller/controllers/twin_joint_impedance_controller.h
[1.321s] -- Up-to-date symlink: /home/herring/rzddzy/ros2_ws/install/multi_mode_controller/include/multi_mode_controller/utils/buffered.h
[1.321s] -- Up-to-date symlink: /home/herring/rzddzy/ros2_ws/install/multi_mode_controller/include/multi_mode_controller/utils/controller_factory.h
[1.322s] -- Up-to-date symlink: /home/herring/rzddzy/ros2_ws/install/multi_mode_controller/include/multi_mode_controller/utils/conversions.h
[1.322s] -- Up-to-date symlink: /home/herring/rzddzy/ros2_ws/install/multi_mode_controller/include/multi_mode_controller/utils/damping_design.h
[1.322s] -- Up-to-date symlink: /home/herring/rzddzy/ros2_ws/install/multi_mode_controller/include/multi_mode_controller/utils/factory.h
[1.322s] -- Up-to-date symlink: /home/herring/rzddzy/ros2_ws/install/multi_mode_controller/include/multi_mode_controller/utils/get_robot_state_msg.h
[1.322s] -- Up-to-date symlink: /home/herring/rzddzy/ros2_ws/install/multi_mode_controller/include/multi_mode_controller/utils/nullspace_projection.h
[1.322s] -- Up-to-date symlink: /home/herring/rzddzy/ros2_ws/install/multi_mode_controller/include/multi_mode_controller/utils/openGJK.h
[1.322s] -- Up-to-date symlink: /home/herring/rzddzy/ros2_ws/install/multi_mode_controller/include/multi_mode_controller/utils/panda_limits.h
[1.322s] -- Up-to-date symlink: /home/herring/rzddzy/ros2_ws/install/multi_mode_controller/include/multi_mode_controller/utils/redundancy_resolution.h
[1.322s] -- Up-to-date symlink: /home/herring/rzddzy/ros2_ws/install/multi_mode_controller/include/multi_mode_controller/utils/robot_data.h
[1.322s] -- Up-to-date symlink: /home/herring/rzddzy/ros2_ws/install/multi_mode_controller/include/multi_mode_controller/utils/sync_service_client.hpp
[1.322s] -- Up-to-date symlink: /home/herring/rzddzy/ros2_ws/install/multi_mode_controller/include/multi_mode_controller/utils/synchronous_client.h
[1.322s] -- Up-to-date symlink: /home/herring/rzddzy/ros2_ws/install/multi_mode_controller/include/multi_mode_controller/utils/type_name.h
[1.322s] -- Up-to-date symlink: /home/herring/rzddzy/ros2_ws/install/multi_mode_controller/lib/libsynchronous_client.so
[1.322s] -- Up-to-date symlink: /home/herring/rzddzy/ros2_ws/install/multi_mode_controller/share/multi_mode_controller/environment/library_path.sh
[1.323s] -- Up-to-date symlink: /home/herring/rzddzy/ros2_ws/install/multi_mode_controller/share/multi_mode_controller/environment/library_path.dsv
[1.323s] -- Up-to-date symlink: /home/herring/rzddzy/ros2_ws/install/multi_mode_controller/share/ament_index/resource_index/package_run_dependencies/multi_mode_controller
[1.323s] -- Up-to-date symlink: /home/herring/rzddzy/ros2_ws/install/multi_mode_controller/share/ament_index/resource_index/parent_prefix_path/multi_mode_controller
[1.323s] -- Up-to-date symlink: /home/herring/rzddzy/ros2_ws/install/multi_mode_controller/share/multi_mode_controller/environment/ament_prefix_path.sh
[1.323s] -- Up-to-date symlink: /home/herring/rzddzy/ros2_ws/install/multi_mode_controller/share/multi_mode_controller/environment/ament_prefix_path.dsv
[1.323s] -- Up-to-date symlink: /home/herring/rzddzy/ros2_ws/install/multi_mode_controller/share/multi_mode_controller/environment/path.sh
[1.323s] -- Up-to-date symlink: /home/herring/rzddzy/ros2_ws/install/multi_mode_controller/share/multi_mode_controller/environment/path.dsv
[1.323s] -- Up-to-date symlink: /home/herring/rzddzy/ros2_ws/install/multi_mode_controller/share/multi_mode_controller/local_setup.bash
[1.323s] -- Up-to-date symlink: /home/herring/rzddzy/ros2_ws/install/multi_mode_controller/share/multi_mode_controller/local_setup.sh
[1.323s] -- Up-to-date symlink: /home/herring/rzddzy/ros2_ws/install/multi_mode_controller/share/multi_mode_controller/local_setup.zsh
[1.323s] -- Up-to-date symlink: /home/herring/rzddzy/ros2_ws/install/multi_mode_controller/share/multi_mode_controller/local_setup.dsv
[1.323s] -- Symlinking: /home/herring/rzddzy/ros2_ws/install/multi_mode_controller/share/multi_mode_controller/package.dsv
[1.328s] -- Up-to-date symlink: /home/herring/rzddzy/ros2_ws/install/multi_mode_controller/share/ament_index/resource_index/packages/multi_mode_controller
[1.328s] -- Up-to-date symlink: /home/herring/rzddzy/ros2_ws/install/multi_mode_controller/share/multi_mode_controller/cmake/ament_cmake_export_include_directories-extras.cmake
[1.328s] -- Up-to-date symlink: /home/herring/rzddzy/ros2_ws/install/multi_mode_controller/share/multi_mode_controller/cmake/ament_cmake_export_libraries-extras.cmake
[1.328s] -- Up-to-date symlink: /home/herring/rzddzy/ros2_ws/install/multi_mode_controller/share/multi_mode_controller/cmake/ament_cmake_export_dependencies-extras.cmake
[1.328s] -- Up-to-date symlink: /home/herring/rzddzy/ros2_ws/install/multi_mode_controller/share/multi_mode_controller/cmake/multi_mode_controllerConfig.cmake
[1.328s] -- Up-to-date symlink: /home/herring/rzddzy/ros2_ws/install/multi_mode_controller/share/multi_mode_controller/cmake/multi_mode_controllerConfig-version.cmake
[1.328s] -- Up-to-date symlink: /home/herring/rzddzy/ros2_ws/install/multi_mode_controller/share/multi_mode_controller/package.xml
[1.330s] Invoked command in '/home/herring/rzddzy/ros2_ws/build/multi_mode_controller' returned '0': AMENT_PREFIX_PATH=/home/herring/rzddzy/ros2_ws/install/franka_semantic_components:/home/herring/rzddzy/ros2_ws/install/franka_hardware:/home/herring/rzddzy/ros2_ws/install/mujoco_ros2_control:/home/herring/rzddzy/ros2_ws/install/multi_mode_control_msgs:/home/herring/rzddzy/ros2_ws/install/mujoco_ros:/home/herring/rzddzy/ros2_ws/install/mujoco_ros_msgs:/home/herring/rzddzy/ros2_ws/install/franka_msgs:${AMENT_PREFIX_PATH} CMAKE_PREFIX_PATH=/home/herring/rzddzy/ros2_ws/install/franka_semantic_components:/home/herring/rzddzy/ros2_ws/install/franka_hardware:/home/herring/rzddzy/ros2_ws/install/mujoco_ros2_control:/home/herring/rzddzy/ros2_ws/install/multi_mode_control_msgs:/home/herring/rzddzy/ros2_ws/install/mujoco_ros:/home/herring/rzddzy/ros2_ws/install/mujoco_ros_msgs:/home/herring/rzddzy/ros2_ws/install/franka_msgs:/opt/ros/jazzy/opt/sdformat_vendor:/opt/ros/jazzy/opt/gz_math_vendor:/opt/ros/jazzy/opt/gz_utils_vendor:/opt/ros/jazzy/opt/gz_tools_vendor:/opt/ros/jazzy/opt/gz_cmake_vendor:/opt/ros/jazzy DEBUGINFOD_URLS=https://debuginfod.ubuntu.com LD_LIBRARY_PATH=/home/herring/rzddzy/ros2_ws/install/franka_semantic_components/lib:/home/herring/rzddzy/ros2_ws/install/franka_hardware/lib:/home/herring/rzddzy/ros2_ws/install/mujoco_ros2_control/lib:/home/herring/rzddzy/ros2_ws/install/multi_mode_control_msgs/lib:/home/herring/rzddzy/ros2_ws/install/mujoco_ros/lib:/home/herring/rzddzy/ros2_ws/install/mujoco_ros_msgs/lib:/home/herring/rzddzy/ros2_ws/install/franka_msgs/lib:${LD_LIBRARY_PATH} PYTHONPATH=/home/herring/rzddzy/ros2_ws/install/multi_mode_control_msgs/lib/python3.12/site-packages:/home/herring/rzddzy/ros2_ws/install/mujoco_ros_msgs/lib/python3.12/site-packages:/home/herring/rzddzy/ros2_ws/install/franka_msgs/lib/python3.12/site-packages:${PYTHONPATH} /usr/bin/cmake --install /home/herring/rzddzy/ros2_ws/build/multi_mode_controller
