[0mCMake Deprecation Warning at /opt/ros/jazzy/share/actionlib_msgs/cmake/actionlib_msgsConfig.cmake:31 (message):
  Package 'actionlib_msgs' is deprecated (This package will be removed in a
  future ROS distro, once the ROS 1 bridge supports actions.)
Call Stack (most recent call first):
  /home/herring/rzddzy/ros2_ws/install/mujoco_ros_msgs/share/mujoco_ros_msgs/cmake/ament_cmake_export_dependencies-extras.cmake:21 (find_package)
  /home/herring/rzddzy/ros2_ws/install/mujoco_ros_msgs/share/mujoco_ros_msgs/cmake/mujoco_ros_msgsConfig.cmake:41 (include)
  CMakeLists.txt:62 (find_package)

[0m
[33mCMake Warning at cmake/CompilerCache.cmake:33 (message):
  ccache is enabled but was not found.  Not using it
Call Stack (most recent call first):
  cmake/CompilerCache.cmake:44 (_configure_ccache)
  cmake/CompilerCache.cmake:44 (cmake_language)
  cmake/ProjectOption.cmake:61 (configure_compiler_cache)
  CMakeLists.txt:70 (configure_project_option)

[0m
[0mMuJoCo tar install found, but version can not be detected. If experiencing errors check that version 3.2.0 or a newer, compatible version is installed[0m
[33mCMake Warning at cmake/ConfigureRenderBackend.cmake:37 (message):
  GLFW3 not found.  GUI will not be available.
Call Stack (most recent call first):
  CMakeLists.txt:161 (include)

[0m
[33mCMake Warning at /opt/ros/jazzy/share/ament_cmake_export_include_directories/cmake/ament_export_include_directories.cmake:44 (message):
  ament_export_include_directories() package 'mujoco_ros' exports the include
  directory '/home/herring/rzddzy/ros2_ws/build/mujoco_ros/include' which
  doesn't exist
Call Stack (most recent call first):
  CMakeLists.txt:260 (ament_export_include_directories)

[0m
