[0.009s] Invoking command in '/home/herring/rzddzy/ros2_ws/build/mujoco_ros': AMENT_PREFIX_PATH=/home/herring/rzddzy/ros2_ws/install/mujoco_ros_msgs:${AMENT_PREFIX_PATH} CMAKE_PREFIX_PATH=/home/herring/rzddzy/ros2_ws/install/mujoco_ros_msgs:/opt/ros/jazzy/opt/sdformat_vendor:/opt/ros/jazzy/opt/gz_math_vendor:/opt/ros/jazzy/opt/gz_utils_vendor:/opt/ros/jazzy/opt/gz_tools_vendor:/opt/ros/jazzy/opt/gz_cmake_vendor:/opt/ros/jazzy DEBUGINFOD_URLS=https://debuginfod.ubuntu.com LD_LIBRARY_PATH=/home/herring/rzddzy/ros2_ws/install/mujoco_ros_msgs/lib:${LD_LIBRARY_PATH} PYTHONPATH=/home/herring/rzddzy/ros2_ws/install/mujoco_ros_msgs/lib/python3.12/site-packages:${PYTHONPATH} /usr/bin/cmake /home/herring/rzddzy/ros2_ws/src/mujoco_ros_pkgs/mujoco_ros -DMUJOCO_DIR=/home/herring/.mujoco/mujoco-3.2.0 -DAMENT_CMAKE_SYMLINK_INSTALL=1 -DCMAKE_INSTALL_PREFIX=/home/herring/rzddzy/ros2_ws/install/mujoco_ros
[0.024s] -- CMAKE_BUILD_TYPE not set. Defaulting to 'Release'.
[0.025s] -- Found ament_cmake: 2.5.5 (/opt/ros/jazzy/share/ament_cmake/cmake)
[0.235s] -- Override CMake install command with custom implementation using symlinks instead of copying resources
[0.242s] -- Found rclcpp: 28.1.16 (/opt/ros/jazzy/share/rclcpp/cmake)
[0.260s] -- Found rosidl_generator_c: 4.6.7 (/opt/ros/jazzy/share/rosidl_generator_c/cmake)
[0.266s] -- Found rosidl_generator_cpp: 4.6.7 (/opt/ros/jazzy/share/rosidl_generator_cpp/cmake)
[0.273s] -- Using all available rosidl_typesupport_c: rosidl_typesupport_fastrtps_c;rosidl_typesupport_introspection_c
[0.282s] -- Using all available rosidl_typesupport_cpp: rosidl_typesupport_fastrtps_cpp;rosidl_typesupport_introspection_cpp
[0.326s] -- Found rmw_implementation_cmake: 7.3.3 (/opt/ros/jazzy/share/rmw_implementation_cmake/cmake)
[0.327s] -- Found rmw_fastrtps_cpp: 8.4.3 (/opt/ros/jazzy/share/rmw_fastrtps_cpp/cmake)
[0.386s] -- Using RMW implementation 'rmw_fastrtps_cpp' as default
[0.437s] -- Found rclcpp_lifecycle: 28.1.16 (/opt/ros/jazzy/share/rclcpp_lifecycle/cmake)
[0.457s] -- Found pluginlib: 5.4.4 (/opt/ros/jazzy/share/pluginlib/cmake)
[0.464s] -- Found tf2: 0.36.19 (/opt/ros/jazzy/share/tf2/cmake)
[0.490s] -- Found tf2_ros: 0.36.19 (/opt/ros/jazzy/share/tf2_ros/cmake)
[0.567s] -- Found image_transport: 5.1.7 (/opt/ros/jazzy/share/image_transport/cmake)
[0.587s] -- Found camera_info_manager: 5.1.7 (/opt/ros/jazzy/share/camera_info_manager/cmake)
[0.589s] -- Setting yaml-cpp_DIR to: '/opt/ros/jazzy/share/yaml_cpp_vendor/cmake/../../../opt/yaml_cpp_vendor/share/cmake/yaml-cpp'
[0.593s] -- Found tf2_geometry_msgs: 0.36.19 (/opt/ros/jazzy/share/tf2_geometry_msgs/cmake)
[0.596s] -- Found eigen3_cmake_module: 0.3.0 (/opt/ros/jazzy/share/eigen3_cmake_module/cmake)
[0.597s] -- Ensuring Eigen3 include directory is part of orocos-kdl CMake target
[0.598s] -- Found mujoco_ros_msgs: 0.9.0 (/home/herring/rzddzy/ros2_ws/install/mujoco_ros_msgs/share/mujoco_ros_msgs/cmake)
[0.600s] [0mCMake Deprecation Warning at /opt/ros/jazzy/share/actionlib_msgs/cmake/actionlib_msgsConfig.cmake:31 (message):
[0.600s]   Package 'actionlib_msgs' is deprecated (This package will be removed in a
[0.600s]   future ROS distro, once the ROS 1 bridge supports actions.)
[0.600s] Call Stack (most recent call first):
[0.600s]   /home/herring/rzddzy/ros2_ws/install/mujoco_ros_msgs/share/mujoco_ros_msgs/cmake/ament_cmake_export_dependencies-extras.cmake:21 (find_package)
[0.600s]   /home/herring/rzddzy/ros2_ws/install/mujoco_ros_msgs/share/mujoco_ros_msgs/cmake/mujoco_ros_msgsConfig.cmake:41 (include)
[0.600s]   CMakeLists.txt:62 (find_package)
[0.600s] 
[0.600s] [0m
[0.648s] -- Found std_srvs: 5.3.6 (/opt/ros/jazzy/share/std_srvs/cmake)
[0.667s] -- Can't identify catkin workspace root directory, neither did user provide one, using default config
[0.668s] [33mCMake Warning at cmake/CompilerCache.cmake:33 (message):
[0.668s]   ccache is enabled but was not found.  Not using it
[0.668s] Call Stack (most recent call first):
[0.668s]   cmake/CompilerCache.cmake:44 (_configure_ccache)
[0.668s]   cmake/CompilerCache.cmake:44 (cmake_language)
[0.668s]   cmake/ProjectOption.cmake:61 (configure_compiler_cache)
[0.668s]   CMakeLists.txt:70 (configure_project_option)
[0.668s] 
[0.668s] [0m
[0.668s] -- Looking for MuJoCo tar install ...
[0.674s] [0mMuJoCo tar install found, but version can not be detected. If experiencing errors check that version 3.2.0 or a newer, compatible version is installed[0m
[0.677s] [33mCMake Warning at cmake/ConfigureRenderBackend.cmake:37 (message):
[0.677s]   GLFW3 not found.  GUI will not be available.
[0.678s] Call Stack (most recent call first):
[0.678s]   CMakeLists.txt:161 (include)
[0.678s] 
[0.678s] [0m
[0.679s] -- Found OpenGL: /usr/lib/x86_64-linux-gnu/libOpenGL.so  found components: OpenGL EGL 
[0.680s] -- EGL found. Offscreen rendering available.
[0.680s] -- configured RENDERING_BACKEND: EGL
[0.689s] [33mCMake Warning at /opt/ros/jazzy/share/ament_cmake_export_include_directories/cmake/ament_export_include_directories.cmake:44 (message):
[0.689s]   ament_export_include_directories() package 'mujoco_ros' exports the include
[0.689s]   directory '/home/herring/rzddzy/ros2_ws/build/mujoco_ros/include' which
[0.689s]   doesn't exist
[0.689s] Call Stack (most recent call first):
[0.689s]   CMakeLists.txt:260 (ament_export_include_directories)
[0.689s] 
[0.689s] [0m
[0.780s] -- Configuring done (0.8s)
[0.816s] -- Generating done (0.0s)
[0.824s] -- Build files have been written to: /home/herring/rzddzy/ros2_ws/build/mujoco_ros
[0.837s] Invoked command in '/home/herring/rzddzy/ros2_ws/build/mujoco_ros' returned '0': AMENT_PREFIX_PATH=/home/herring/rzddzy/ros2_ws/install/mujoco_ros_msgs:${AMENT_PREFIX_PATH} CMAKE_PREFIX_PATH=/home/herring/rzddzy/ros2_ws/install/mujoco_ros_msgs:/opt/ros/jazzy/opt/sdformat_vendor:/opt/ros/jazzy/opt/gz_math_vendor:/opt/ros/jazzy/opt/gz_utils_vendor:/opt/ros/jazzy/opt/gz_tools_vendor:/opt/ros/jazzy/opt/gz_cmake_vendor:/opt/ros/jazzy DEBUGINFOD_URLS=https://debuginfod.ubuntu.com LD_LIBRARY_PATH=/home/herring/rzddzy/ros2_ws/install/mujoco_ros_msgs/lib:${LD_LIBRARY_PATH} PYTHONPATH=/home/herring/rzddzy/ros2_ws/install/mujoco_ros_msgs/lib/python3.12/site-packages:${PYTHONPATH} /usr/bin/cmake /home/herring/rzddzy/ros2_ws/src/mujoco_ros_pkgs/mujoco_ros -DMUJOCO_DIR=/home/herring/.mujoco/mujoco-3.2.0 -DAMENT_CMAKE_SYMLINK_INSTALL=1 -DCMAKE_INSTALL_PREFIX=/home/herring/rzddzy/ros2_ws/install/mujoco_ros
[0.838s] Invoking command in '/home/herring/rzddzy/ros2_ws/build/mujoco_ros': AMENT_PREFIX_PATH=/home/herring/rzddzy/ros2_ws/install/mujoco_ros_msgs:${AMENT_PREFIX_PATH} CMAKE_PREFIX_PATH=/home/herring/rzddzy/ros2_ws/install/mujoco_ros_msgs:/opt/ros/jazzy/opt/sdformat_vendor:/opt/ros/jazzy/opt/gz_math_vendor:/opt/ros/jazzy/opt/gz_utils_vendor:/opt/ros/jazzy/opt/gz_tools_vendor:/opt/ros/jazzy/opt/gz_cmake_vendor:/opt/ros/jazzy DEBUGINFOD_URLS=https://debuginfod.ubuntu.com LD_LIBRARY_PATH=/home/herring/rzddzy/ros2_ws/install/mujoco_ros_msgs/lib:${LD_LIBRARY_PATH} PYTHONPATH=/home/herring/rzddzy/ros2_ws/install/mujoco_ros_msgs/lib/python3.12/site-packages:${PYTHONPATH} /usr/bin/cmake --build /home/herring/rzddzy/ros2_ws/build/mujoco_ros -- -j28 -l28
[0.887s] [  5%] [32mBuilding CXX object src/CMakeFiles/lodepng.dir/lodepng.cpp.o[0m
[0.890s] [ 15%] [34m[1mGenerating include/mujoco_ros/render_backend.hpp, always_rebuild_backend[0m
[0.890s] [ 15%] [34m[1mGenerating include/mujoco_ros/ros_version.hpp, always_rebuild_ros[0m
[0.918s] [ 20%] [34m[1mGenerating render backend header[0m
[0.921s] [ 25%] [34m[1mGenerating ROS version header[0m
[0.929s] [ 25%] Built target ros_version_h
[0.929s] [ 25%] Built target render_backend_h
[3.516s] [ 25%] Built target lodepng
[3.538s] [ 35%] [32mBuilding CXX object src/CMakeFiles/mujoco_ros.dir/ros_two/plugin_utils.cpp.o[0m
[3.538s] [ 35%] [32mBuilding CXX object src/CMakeFiles/mujoco_ros.dir/loading.cpp.o[0m
[3.538s] [ 40%] [32mBuilding CXX object src/CMakeFiles/mujoco_ros.dir/threading.cpp.o[0m
[3.539s] [ 50%] [32mBuilding CXX object src/CMakeFiles/mujoco_ros.dir/main.cpp.o[0m
[3.539s] [ 50%] [32mBuilding CXX object src/CMakeFiles/mujoco_ros.dir/mujoco_env.cpp.o[0m
[3.539s] [ 60%] [32mBuilding CXX object src/CMakeFiles/mujoco_ros.dir/ros_two/ros_api.cpp.o[0m
[3.539s] [ 60%] [32mBuilding CXX object src/CMakeFiles/mujoco_ros.dir/ros_two/parameter_interface.cpp.o[0m
[3.540s] [ 70%] [32mBuilding CXX object src/CMakeFiles/mujoco_ros.dir/interface.cpp.o[0m
[3.540s] [ 70%] [32mBuilding CXX object src/CMakeFiles/mujoco_ros.dir/physics.cpp.o[0m
[3.541s] [ 75%] [32mBuilding CXX object src/CMakeFiles/mujoco_ros.dir/viewer.cpp.o[0m
[3.542s] [ 80%] [32mBuilding CXX object src/CMakeFiles/mujoco_ros.dir/offscreen_camera.cpp.o[0m
[3.544s] [ 85%] [32mBuilding CXX object src/CMakeFiles/mujoco_ros.dir/offscreen_rendering.cpp.o[0m
[21.336s] [ 90%] [32m[1mLinking CXX shared library libmujoco_ros.so[0m
[21.432s] [ 90%] Built target mujoco_ros
[21.451s] [ 95%] [32mBuilding CXX object src/CMakeFiles/mujoco_node.dir/main.cpp.o[0m
[24.460s] [100%] [32m[1mLinking CXX executable mujoco_node[0m
[24.534s] [100%] Built target mujoco_node
[24.544s] Invoked command in '/home/herring/rzddzy/ros2_ws/build/mujoco_ros' returned '0': AMENT_PREFIX_PATH=/home/herring/rzddzy/ros2_ws/install/mujoco_ros_msgs:${AMENT_PREFIX_PATH} CMAKE_PREFIX_PATH=/home/herring/rzddzy/ros2_ws/install/mujoco_ros_msgs:/opt/ros/jazzy/opt/sdformat_vendor:/opt/ros/jazzy/opt/gz_math_vendor:/opt/ros/jazzy/opt/gz_utils_vendor:/opt/ros/jazzy/opt/gz_tools_vendor:/opt/ros/jazzy/opt/gz_cmake_vendor:/opt/ros/jazzy DEBUGINFOD_URLS=https://debuginfod.ubuntu.com LD_LIBRARY_PATH=/home/herring/rzddzy/ros2_ws/install/mujoco_ros_msgs/lib:${LD_LIBRARY_PATH} PYTHONPATH=/home/herring/rzddzy/ros2_ws/install/mujoco_ros_msgs/lib/python3.12/site-packages:${PYTHONPATH} /usr/bin/cmake --build /home/herring/rzddzy/ros2_ws/build/mujoco_ros -- -j28 -l28
[24.545s] Invoking command in '/home/herring/rzddzy/ros2_ws/build/mujoco_ros': AMENT_PREFIX_PATH=/home/herring/rzddzy/ros2_ws/install/mujoco_ros_msgs:${AMENT_PREFIX_PATH} CMAKE_PREFIX_PATH=/home/herring/rzddzy/ros2_ws/install/mujoco_ros_msgs:/opt/ros/jazzy/opt/sdformat_vendor:/opt/ros/jazzy/opt/gz_math_vendor:/opt/ros/jazzy/opt/gz_utils_vendor:/opt/ros/jazzy/opt/gz_tools_vendor:/opt/ros/jazzy/opt/gz_cmake_vendor:/opt/ros/jazzy DEBUGINFOD_URLS=https://debuginfod.ubuntu.com LD_LIBRARY_PATH=/home/herring/rzddzy/ros2_ws/install/mujoco_ros_msgs/lib:${LD_LIBRARY_PATH} PYTHONPATH=/home/herring/rzddzy/ros2_ws/install/mujoco_ros_msgs/lib/python3.12/site-packages:${PYTHONPATH} /usr/bin/cmake --install /home/herring/rzddzy/ros2_ws/build/mujoco_ros
[24.551s] -- Install configuration: "Release"
[24.552s] -- Execute custom install script
[24.552s] -- Symlinking: /home/herring/rzddzy/ros2_ws/install/mujoco_ros/include/mujoco_ros/render_backend.hpp
[24.560s] -- Symlinking: /home/herring/rzddzy/ros2_ws/install/mujoco_ros/include/mujoco_ros/ros_version.hpp
[24.569s] -- Symlinking: /home/herring/rzddzy/ros2_ws/install/mujoco_ros/include//mujoco_ros/array_safety.h
[24.577s] -- Symlinking: /home/herring/rzddzy/ros2_ws/install/mujoco_ros/include//mujoco_ros/common_types.hpp
[24.583s] -- Symlinking: /home/herring/rzddzy/ros2_ws/install/mujoco_ros/include//mujoco_ros/glfw_adapter.h
[24.591s] -- Symlinking: /home/herring/rzddzy/ros2_ws/install/mujoco_ros/include//mujoco_ros/glfw_dispatch.h
[24.598s] -- Symlinking: /home/herring/rzddzy/ros2_ws/install/mujoco_ros/include//mujoco_ros/lodepng.h
[24.606s] -- Symlinking: /home/herring/rzddzy/ros2_ws/install/mujoco_ros/include//mujoco_ros/logging.hpp
[24.613s] -- Symlinking: /home/herring/rzddzy/ros2_ws/install/mujoco_ros/include//mujoco_ros/mujoco_env.hpp
[24.622s] -- Symlinking: /home/herring/rzddzy/ros2_ws/install/mujoco_ros/include//mujoco_ros/offscreen_camera.hpp
[24.630s] -- Symlinking: /home/herring/rzddzy/ros2_ws/install/mujoco_ros/include//mujoco_ros/platform_ui_adapter.h
[24.635s] -- Symlinking: /home/herring/rzddzy/ros2_ws/install/mujoco_ros/include//mujoco_ros/ros_one/plugin_utils.hpp
[24.643s] -- Symlinking: /home/herring/rzddzy/ros2_ws/install/mujoco_ros/include//mujoco_ros/ros_one/ros_api.hpp
[24.651s] -- Symlinking: /home/herring/rzddzy/ros2_ws/install/mujoco_ros/include//mujoco_ros/ros_two/plugin_utils.hpp
[24.659s] -- Symlinking: /home/herring/rzddzy/ros2_ws/install/mujoco_ros/include//mujoco_ros/ros_two/ros_api.hpp
[24.664s] -- Symlinking: /home/herring/rzddzy/ros2_ws/install/mujoco_ros/include//mujoco_ros/util.hpp
[24.671s] -- Symlinking: /home/herring/rzddzy/ros2_ws/install/mujoco_ros/include//mujoco_ros/viewer.hpp
[24.678s] -- Symlinking: /home/herring/rzddzy/ros2_ws/install/mujoco_ros/share/mujoco_ros/launch/launch_server.launch
[24.686s] -- Symlinking: /home/herring/rzddzy/ros2_ws/install/mujoco_ros/share/mujoco_ros/config/initial_joint_states.yaml
[24.693s] -- Symlinking: /home/herring/rzddzy/ros2_ws/install/mujoco_ros/share/mujoco_ros/config/rosconsole.config
[24.698s] -- Symlinking: /home/herring/rzddzy/ros2_ws/install/mujoco_ros/share/mujoco_ros/assets/pendulum_world.xml
[24.706s] -- Symlinking: /home/herring/rzddzy/ros2_ws/install/mujoco_ros/lib/mujoco_ros/mujoco_node
[24.714s] -- Symlinking: /home/herring/rzddzy/ros2_ws/install/mujoco_ros/share/ament_index/resource_index/package_run_dependencies/mujoco_ros
[24.722s] -- Symlinking: /home/herring/rzddzy/ros2_ws/install/mujoco_ros/share/ament_index/resource_index/parent_prefix_path/mujoco_ros
[24.729s] -- Symlinking: /home/herring/rzddzy/ros2_ws/install/mujoco_ros/share/mujoco_ros/environment/ament_prefix_path.sh
[24.736s] -- Symlinking: /home/herring/rzddzy/ros2_ws/install/mujoco_ros/share/mujoco_ros/environment/ament_prefix_path.dsv
[24.743s] -- Symlinking: /home/herring/rzddzy/ros2_ws/install/mujoco_ros/share/mujoco_ros/environment/path.sh
[24.749s] -- Symlinking: /home/herring/rzddzy/ros2_ws/install/mujoco_ros/share/mujoco_ros/environment/path.dsv
[24.754s] -- Symlinking: /home/herring/rzddzy/ros2_ws/install/mujoco_ros/share/mujoco_ros/local_setup.bash
[24.762s] -- Symlinking: /home/herring/rzddzy/ros2_ws/install/mujoco_ros/share/mujoco_ros/local_setup.sh
[24.768s] -- Symlinking: /home/herring/rzddzy/ros2_ws/install/mujoco_ros/share/mujoco_ros/local_setup.zsh
[24.775s] -- Symlinking: /home/herring/rzddzy/ros2_ws/install/mujoco_ros/share/mujoco_ros/local_setup.dsv
[24.783s] -- Symlinking: /home/herring/rzddzy/ros2_ws/install/mujoco_ros/share/mujoco_ros/package.dsv
[24.792s] -- Symlinking: /home/herring/rzddzy/ros2_ws/install/mujoco_ros/share/ament_index/resource_index/packages/mujoco_ros
[24.798s] -- Symlinking: /home/herring/rzddzy/ros2_ws/install/mujoco_ros/share/mujoco_ros/cmake/ament_cmake_export_include_directories-extras.cmake
[24.805s] -- Symlinking: /home/herring/rzddzy/ros2_ws/install/mujoco_ros/share/mujoco_ros/cmake/ament_cmake_export_dependencies-extras.cmake
[24.813s] -- Symlinking: /home/herring/rzddzy/ros2_ws/install/mujoco_ros/share/mujoco_ros/cmake/mujoco_rosConfig.cmake
[24.821s] -- Symlinking: /home/herring/rzddzy/ros2_ws/install/mujoco_ros/share/mujoco_ros/cmake/mujoco_rosConfig-version.cmake
[24.828s] -- Symlinking: /home/herring/rzddzy/ros2_ws/install/mujoco_ros/share/mujoco_ros/package.xml
[24.836s] -- Installing: /home/herring/rzddzy/ros2_ws/install/mujoco_ros/lib/libmujoco_ros.so
[24.838s] -- Set non-toolchain portion of runtime path of "/home/herring/rzddzy/ros2_ws/install/mujoco_ros/lib/libmujoco_ros.so" to ""
[24.839s] Invoked command in '/home/herring/rzddzy/ros2_ws/build/mujoco_ros' returned '0': AMENT_PREFIX_PATH=/home/herring/rzddzy/ros2_ws/install/mujoco_ros_msgs:${AMENT_PREFIX_PATH} CMAKE_PREFIX_PATH=/home/herring/rzddzy/ros2_ws/install/mujoco_ros_msgs:/opt/ros/jazzy/opt/sdformat_vendor:/opt/ros/jazzy/opt/gz_math_vendor:/opt/ros/jazzy/opt/gz_utils_vendor:/opt/ros/jazzy/opt/gz_tools_vendor:/opt/ros/jazzy/opt/gz_cmake_vendor:/opt/ros/jazzy DEBUGINFOD_URLS=https://debuginfod.ubuntu.com LD_LIBRARY_PATH=/home/herring/rzddzy/ros2_ws/install/mujoco_ros_msgs/lib:${LD_LIBRARY_PATH} PYTHONPATH=/home/herring/rzddzy/ros2_ws/install/mujoco_ros_msgs/lib/python3.12/site-packages:${PYTHONPATH} /usr/bin/cmake --install /home/herring/rzddzy/ros2_ws/build/mujoco_ros
