[0.006s] Invoking command in '/home/herring/rzddzy/build/multi_mode_control_msgs': AMENT_PREFIX_PATH=/home/herring/rzddzy/install/franka_msgs:${AMENT_PREFIX_PATH} CMAKE_PREFIX_PATH=/home/herring/rzddzy/install/franka_msgs:/opt/ros/jazzy/opt/sdformat_vendor:/opt/ros/jazzy/opt/gz_math_vendor:/opt/ros/jazzy/opt/gz_utils_vendor:/opt/ros/jazzy/opt/gz_tools_vendor:/opt/ros/jazzy/opt/gz_cmake_vendor:/opt/ros/jazzy DEBUGINFOD_URLS=https://debuginfod.ubuntu.com LD_LIBRARY_PATH=/home/herring/rzddzy/install/franka_msgs/lib:${LD_LIBRARY_PATH} PYTHONPATH=/home/herring/rzddzy/install/franka_msgs/lib/python3.12/site-packages:${PYTHONPATH} /usr/bin/cmake /home/herring/rzddzy/ros2_ws/src/multi_mode_control_msgs -DAMENT_CMAKE_SYMLINK_INSTALL=1 -DCMAKE_INSTALL_PREFIX=/home/herring/rzddzy/install/multi_mode_control_msgs
[0.046s] -- The C compiler identification is GNU 13.3.0
[0.088s] -- The CXX compiler identification is GNU 13.3.0
[0.103s] -- Detecting C compiler ABI info
[0.169s] -- Detecting C compiler ABI info - done
[0.178s] -- Check for working C compiler: /usr/bin/cc - skipped
[0.178s] -- Detecting C compile features
[0.178s] -- Detecting C compile features - done
[0.186s] -- Detecting CXX compiler ABI info
[0.264s] -- Detecting CXX compiler ABI info - done
[0.270s] -- Check for working CXX compiler: /usr/bin/c++ - skipped
[0.270s] -- Detecting CXX compile features
[0.270s] -- Detecting CXX compile features - done
[0.272s] -- Found ament_cmake: 2.5.5 (/opt/ros/jazzy/share/ament_cmake/cmake)
[0.378s] -- Found Python3: /usr/bin/python3 (found version "3.12.3") found components: Interpreter 
[0.430s] -- Override CMake install command with custom implementation using symlinks instead of copying resources
[0.448s] -- Found geometry_msgs: 5.3.6 (/opt/ros/jazzy/share/geometry_msgs/cmake)
[0.473s] -- Found rosidl_generator_c: 4.6.7 (/opt/ros/jazzy/share/rosidl_generator_c/cmake)
[0.481s] -- Found rosidl_generator_cpp: 4.6.7 (/opt/ros/jazzy/share/rosidl_generator_cpp/cmake)
[0.491s] -- Using all available rosidl_typesupport_c: rosidl_typesupport_fastrtps_c;rosidl_typesupport_introspection_c
[0.506s] -- Using all available rosidl_typesupport_cpp: rosidl_typesupport_fastrtps_cpp;rosidl_typesupport_introspection_cpp
[0.535s] -- Found franka_msgs: 0.0.0 (/home/herring/rzddzy/install/franka_msgs/share/franka_msgs/cmake)
[0.581s] -- Found rosidl_default_generators: 1.6.0 (/opt/ros/jazzy/share/rosidl_default_generators/cmake)
[0.590s] -- Found rosidl_adapter: 4.6.7 (/opt/ros/jazzy/share/rosidl_adapter/cmake)
[1.112s] -- Found ament_cmake_ros: 0.12.0 (/opt/ros/jazzy/share/ament_cmake_ros/cmake)
[1.775s] -- Using all available rosidl_typesupport_c: rosidl_typesupport_fastrtps_c;rosidl_typesupport_introspection_c
[2.033s] -- Using all available rosidl_typesupport_cpp: rosidl_typesupport_fastrtps_cpp;rosidl_typesupport_introspection_cpp
[2.035s] -- Found python_cmake_module: 0.11.1 (/opt/ros/jazzy/share/python_cmake_module/cmake)
[2.136s] -- Found PythonExtra: /usr/bin/python3  
[2.438s] -- Found Python3: /usr/bin/python3 (found version "3.12.3") found components: Interpreter Development NumPy Development.Module Development.Embed 
[2.492s] -- Found ament_lint_auto: 0.17.4 (/opt/ros/jazzy/share/ament_lint_auto/cmake)
[2.513s] -- Added test 'lint_cmake' to check CMake code style
[2.514s] -- Added test 'xmllint' to check XML markup files
[2.517s] -- Configuring done (2.5s)
[2.564s] -- Generating done (0.0s)
[2.573s] -- Build files have been written to: /home/herring/rzddzy/build/multi_mode_control_msgs
[2.580s] Invoked command in '/home/herring/rzddzy/build/multi_mode_control_msgs' returned '0': AMENT_PREFIX_PATH=/home/herring/rzddzy/install/franka_msgs:${AMENT_PREFIX_PATH} CMAKE_PREFIX_PATH=/home/herring/rzddzy/install/franka_msgs:/opt/ros/jazzy/opt/sdformat_vendor:/opt/ros/jazzy/opt/gz_math_vendor:/opt/ros/jazzy/opt/gz_utils_vendor:/opt/ros/jazzy/opt/gz_tools_vendor:/opt/ros/jazzy/opt/gz_cmake_vendor:/opt/ros/jazzy DEBUGINFOD_URLS=https://debuginfod.ubuntu.com LD_LIBRARY_PATH=/home/herring/rzddzy/install/franka_msgs/lib:${LD_LIBRARY_PATH} PYTHONPATH=/home/herring/rzddzy/install/franka_msgs/lib/python3.12/site-packages:${PYTHONPATH} /usr/bin/cmake /home/herring/rzddzy/ros2_ws/src/multi_mode_control_msgs -DAMENT_CMAKE_SYMLINK_INSTALL=1 -DCMAKE_INSTALL_PREFIX=/home/herring/rzddzy/install/multi_mode_control_msgs
[2.581s] Invoking command in '/home/herring/rzddzy/build/multi_mode_control_msgs': AMENT_PREFIX_PATH=/home/herring/rzddzy/install/franka_msgs:${AMENT_PREFIX_PATH} CMAKE_PREFIX_PATH=/home/herring/rzddzy/install/franka_msgs:/opt/ros/jazzy/opt/sdformat_vendor:/opt/ros/jazzy/opt/gz_math_vendor:/opt/ros/jazzy/opt/gz_utils_vendor:/opt/ros/jazzy/opt/gz_tools_vendor:/opt/ros/jazzy/opt/gz_cmake_vendor:/opt/ros/jazzy DEBUGINFOD_URLS=https://debuginfod.ubuntu.com LD_LIBRARY_PATH=/home/herring/rzddzy/install/franka_msgs/lib:${LD_LIBRARY_PATH} PYTHONPATH=/home/herring/rzddzy/install/franka_msgs/lib/python3.12/site-packages:${PYTHONPATH} /usr/bin/cmake --build /home/herring/rzddzy/build/multi_mode_control_msgs -- -j28 -l28
[2.633s] [  1%] [34m[1mGenerating type hashes for ROS interfaces[0m
[2.640s] [  1%] Built target ament_cmake_python_symlink_multi_mode_control_msgs
[2.765s] running egg_info
[2.766s] creating multi_mode_control_msgs.egg-info
[2.775s] writing multi_mode_control_msgs.egg-info/PKG-INFO
[2.776s] writing dependency_links to multi_mode_control_msgs.egg-info/dependency_links.txt
[2.776s] writing top-level names to multi_mode_control_msgs.egg-info/top_level.txt
[2.776s] writing manifest file 'multi_mode_control_msgs.egg-info/SOURCES.txt'
[2.805s] reading manifest file 'multi_mode_control_msgs.egg-info/SOURCES.txt'
[2.805s] writing manifest file 'multi_mode_control_msgs.egg-info/SOURCES.txt'
[2.825s] [  1%] Built target ament_cmake_python_build_multi_mode_control_msgs_egg
[2.881s] [  1%] Built target multi_mode_control_msgs__rosidl_generator_type_description
[2.892s] [  1%] [34m[1mGenerating C code for ROS interfaces[0m
[2.900s] [  1%] [34m[1mGenerating C++ code for ROS interfaces[0m
[3.614s] [  1%] Built target multi_mode_control_msgs__cpp
[3.782s] [  2%] [32mBuilding C object CMakeFiles/multi_mode_control_msgs__rosidl_generator_c.dir/rosidl_generator_c/multi_mode_control_msgs/msg/detail/cartesian_impedance_goal__type_support.c.o[0m
[3.783s] [  2%] [32mBuilding C object CMakeFiles/multi_mode_control_msgs__rosidl_generator_c.dir/rosidl_generator_c/multi_mode_control_msgs/msg/detail/cartesian_impedance_goal__functions.c.o[0m
[3.783s] [  3%] [32mBuilding C object CMakeFiles/multi_mode_control_msgs__rosidl_generator_c.dir/rosidl_generator_c/multi_mode_control_msgs/msg/detail/controller__functions.c.o[0m
[3.785s] [  3%] [32mBuilding C object CMakeFiles/multi_mode_control_msgs__rosidl_generator_c.dir/rosidl_generator_c/multi_mode_control_msgs/msg/detail/dual_cartesian_impedance_goal__description.c.o[0m
[3.785s] [  3%] [32mBuilding C object CMakeFiles/multi_mode_control_msgs__rosidl_generator_c.dir/rosidl_generator_c/multi_mode_control_msgs/msg/detail/contact_thresholds__functions.c.o[0m
[3.786s] [  5%] [32mBuilding C object CMakeFiles/multi_mode_control_msgs__rosidl_generator_c.dir/rosidl_generator_c/multi_mode_control_msgs/msg/detail/cartesian_impedance_goal__description.c.o[0m
[3.786s] [  5%] [32mBuilding C object CMakeFiles/multi_mode_control_msgs__rosidl_generator_c.dir/rosidl_generator_c/multi_mode_control_msgs/msg/detail/contact_thresholds__type_support.c.o[0m
[3.786s] [  6%] [32mBuilding C object CMakeFiles/multi_mode_control_msgs__rosidl_generator_c.dir/rosidl_generator_c/multi_mode_control_msgs/msg/detail/dual_cartesian_impedance_goal__functions.c.o[0m
[3.787s] [  7%] [32mBuilding C object CMakeFiles/multi_mode_control_msgs__rosidl_generator_c.dir/rosidl_generator_c/multi_mode_control_msgs/msg/detail/contact_thresholds__description.c.o[0m
[3.787s] [  7%] [32mBuilding C object CMakeFiles/multi_mode_control_msgs__rosidl_generator_c.dir/rosidl_generator_c/multi_mode_control_msgs/msg/detail/dual_cartesian_impedance_goal__type_support.c.o[0m
[3.787s] [  8%] [32mBuilding C object CMakeFiles/multi_mode_control_msgs__rosidl_generator_c.dir/rosidl_generator_c/multi_mode_control_msgs/msg/detail/velocity_goal__description.c.o[0m
[3.792s] [  9%] [32mBuilding C object CMakeFiles/multi_mode_control_msgs__rosidl_generator_c.dir/rosidl_generator_c/multi_mode_control_msgs/msg/detail/joint_array__description.c.o[0m
[3.792s] [  9%] [32mBuilding C object CMakeFiles/multi_mode_control_msgs__rosidl_generator_c.dir/rosidl_generator_c/multi_mode_control_msgs/msg/detail/controller__type_support.c.o[0m
[3.792s] [  9%] [32mBuilding C object CMakeFiles/multi_mode_control_msgs__rosidl_generator_c.dir/rosidl_generator_c/multi_mode_control_msgs/msg/detail/controller__description.c.o[0m
[3.792s] [ 10%] [32mBuilding C object CMakeFiles/multi_mode_control_msgs__rosidl_generator_c.dir/rosidl_generator_c/multi_mode_control_msgs/msg/detail/joint_goal__functions.c.o[0m
[3.792s] [ 10%] [32mBuilding C object CMakeFiles/multi_mode_control_msgs__rosidl_generator_c.dir/rosidl_generator_c/multi_mode_control_msgs/msg/detail/joint_array__functions.c.o[0m
[3.792s] [ 10%] [32mBuilding C object CMakeFiles/multi_mode_control_msgs__rosidl_generator_c.dir/rosidl_generator_c/multi_mode_control_msgs/msg/detail/velocity_goal__functions.c.o[0m
[3.792s] [ 10%] [32mBuilding C object CMakeFiles/multi_mode_control_msgs__rosidl_generator_c.dir/rosidl_generator_c/multi_mode_control_msgs/msg/detail/wrench__type_support.c.o[0m
[3.792s] [ 10%] [32mBuilding C object CMakeFiles/multi_mode_control_msgs__rosidl_generator_c.dir/rosidl_generator_c/multi_mode_control_msgs/msg/detail/joint_goal__type_support.c.o[0m
[3.792s] [ 11%] [32mBuilding C object CMakeFiles/multi_mode_control_msgs__rosidl_generator_c.dir/rosidl_generator_c/multi_mode_control_msgs/msg/detail/joint_array__type_support.c.o[0m
[3.792s] [ 12%] [32mBuilding C object CMakeFiles/multi_mode_control_msgs__rosidl_generator_c.dir/rosidl_generator_c/multi_mode_control_msgs/msg/detail/velocity_goal__type_support.c.o[0m
[3.792s] [ 12%] [32mBuilding C object CMakeFiles/multi_mode_control_msgs__rosidl_generator_c.dir/rosidl_generator_c/multi_mode_control_msgs/msg/detail/wrench__description.c.o[0m
[3.792s] [ 12%] [32mBuilding C object CMakeFiles/multi_mode_control_msgs__rosidl_generator_c.dir/rosidl_generator_c/multi_mode_control_msgs/msg/detail/joint_goal__description.c.o[0m
[3.794s] [ 12%] [32mBuilding C object CMakeFiles/multi_mode_control_msgs__rosidl_generator_c.dir/rosidl_generator_c/multi_mode_control_msgs/srv/detail/get_controllers__functions.c.o[0m
[3.795s] [ 13%] [32mBuilding C object CMakeFiles/multi_mode_control_msgs__rosidl_generator_c.dir/rosidl_generator_c/multi_mode_control_msgs/srv/detail/get_controllers__description.c.o[0m
[3.796s] [ 14%] [32mBuilding C object CMakeFiles/multi_mode_control_msgs__rosidl_generator_c.dir/rosidl_generator_c/multi_mode_control_msgs/srv/detail/get_controllers__type_support.c.o[0m
[3.800s] [ 15%] [32mBuilding C object CMakeFiles/multi_mode_control_msgs__rosidl_generator_c.dir/rosidl_generator_c/multi_mode_control_msgs/msg/detail/wrench__functions.c.o[0m
[3.800s] [ 15%] [32mBuilding C object CMakeFiles/multi_mode_control_msgs__rosidl_generator_c.dir/rosidl_generator_c/multi_mode_control_msgs/srv/detail/get_robot_states__description.c.o[0m
[3.840s] [ 16%] [32mBuilding C object CMakeFiles/multi_mode_control_msgs__rosidl_generator_c.dir/rosidl_generator_c/multi_mode_control_msgs/srv/detail/get_robot_states__functions.c.o[0m
[3.847s] [ 16%] [32mBuilding C object CMakeFiles/multi_mode_control_msgs__rosidl_generator_c.dir/rosidl_generator_c/multi_mode_control_msgs/srv/detail/set_cartesian_impedance__description.c.o[0m
[3.850s] [ 17%] [32mBuilding C object CMakeFiles/multi_mode_control_msgs__rosidl_generator_c.dir/rosidl_generator_c/multi_mode_control_msgs/srv/detail/set_cartesian_impedance__functions.c.o[0m
[3.858s] [ 18%] [32mBuilding C object CMakeFiles/multi_mode_control_msgs__rosidl_generator_c.dir/rosidl_generator_c/multi_mode_control_msgs/srv/detail/get_robot_states__type_support.c.o[0m
[3.859s] [ 18%] [32mBuilding C object CMakeFiles/multi_mode_control_msgs__rosidl_generator_c.dir/rosidl_generator_c/multi_mode_control_msgs/srv/detail/set_controllers__functions.c.o[0m
[3.861s] [ 19%] [32mBuilding C object CMakeFiles/multi_mode_control_msgs__rosidl_generator_c.dir/rosidl_generator_c/multi_mode_control_msgs/srv/detail/set_joint_impedance__functions.c.o[0m
[3.862s] [ 20%] [32mBuilding C object CMakeFiles/multi_mode_control_msgs__rosidl_generator_c.dir/rosidl_generator_c/multi_mode_control_msgs/srv/detail/set_controllers__type_support.c.o[0m
[3.862s] [ 22%] [32mBuilding C object CMakeFiles/multi_mode_control_msgs__rosidl_generator_c.dir/rosidl_generator_c/multi_mode_control_msgs/srv/detail/set_controllers__description.c.o[0m
[3.862s] [ 22%] [32mBuilding C object CMakeFiles/multi_mode_control_msgs__rosidl_generator_c.dir/rosidl_generator_c/multi_mode_control_msgs/srv/detail/set_recovery_mode__description.c.o[0m
[3.862s] [ 22%] [32mBuilding C object CMakeFiles/multi_mode_control_msgs__rosidl_generator_c.dir/rosidl_generator_c/multi_mode_control_msgs/srv/detail/set_joint_impedance__description.c.o[0m
[3.862s] [ 22%] [32mBuilding C object CMakeFiles/multi_mode_control_msgs__rosidl_generator_c.dir/rosidl_generator_c/multi_mode_control_msgs/srv/detail/set_reflex__description.c.o[0m
[3.862s] [ 23%] [32mBuilding C object CMakeFiles/multi_mode_control_msgs__rosidl_generator_c.dir/rosidl_generator_c/multi_mode_control_msgs/srv/detail/set_recovery_mode__type_support.c.o[0m
[3.863s] [ 23%] [32mBuilding C object CMakeFiles/multi_mode_control_msgs__rosidl_generator_c.dir/rosidl_generator_c/multi_mode_control_msgs/srv/detail/set_joint_impedance__type_support.c.o[0m
[3.865s] [ 24%] [32mBuilding C object CMakeFiles/multi_mode_control_msgs__rosidl_generator_c.dir/rosidl_generator_c/multi_mode_control_msgs/srv/detail/set_reflex__functions.c.o[0m
[3.866s] [ 24%] [32mBuilding C object CMakeFiles/multi_mode_control_msgs__rosidl_generator_c.dir/rosidl_generator_c/multi_mode_control_msgs/srv/detail/set_recovery_mode__functions.c.o[0m
[3.869s] [ 24%] [32mBuilding C object CMakeFiles/multi_mode_control_msgs__rosidl_generator_c.dir/rosidl_generator_c/multi_mode_control_msgs/srv/detail/set_reflex__type_support.c.o[0m
[3.872s] [ 25%] [32mBuilding C object CMakeFiles/multi_mode_control_msgs__rosidl_generator_c.dir/rosidl_generator_c/multi_mode_control_msgs/srv/detail/set_thresholds__description.c.o[0m
[3.873s] [ 25%] [32mBuilding C object CMakeFiles/multi_mode_control_msgs__rosidl_generator_c.dir/rosidl_generator_c/multi_mode_control_msgs/srv/detail/set_thresholds__functions.c.o[0m
[3.876s] [ 26%] [32mBuilding C object CMakeFiles/multi_mode_control_msgs__rosidl_generator_c.dir/rosidl_generator_c/multi_mode_control_msgs/srv/detail/set_thresholds__type_support.c.o[0m
[3.878s] [ 26%] [32mBuilding C object CMakeFiles/multi_mode_control_msgs__rosidl_generator_c.dir/rosidl_generator_c/multi_mode_control_msgs/srv/detail/set_world_state__description.c.o[0m
[3.879s] [ 26%] [32mBuilding C object CMakeFiles/multi_mode_control_msgs__rosidl_generator_c.dir/rosidl_generator_c/multi_mode_control_msgs/srv/detail/set_cartesian_impedance__type_support.c.o[0m
[3.880s] [ 27%] [32mBuilding C object CMakeFiles/multi_mode_control_msgs__rosidl_generator_c.dir/rosidl_generator_c/multi_mode_control_msgs/srv/detail/set_world_state__functions.c.o[0m
[3.884s] [ 27%] [32mBuilding C object CMakeFiles/multi_mode_control_msgs__rosidl_generator_c.dir/rosidl_generator_c/multi_mode_control_msgs/srv/detail/set_world_state__type_support.c.o[0m
[3.962s] [ 28%] [32m[1mLinking C shared library libmulti_mode_control_msgs__rosidl_generator_c.so[0m
[4.000s] [ 28%] Built target multi_mode_control_msgs__rosidl_generator_c
[4.008s] [ 28%] [34m[1mGenerating C introspection for ROS interfaces[0m
[4.010s] [ 30%] [34m[1mGenerating C type support dispatch for ROS interfaces[0m
[4.010s] [ 30%] [34m[1mGenerating C++ type support dispatch for ROS interfaces[0m
[4.010s] [ 30%] [34m[1mGenerating C type support for eProsima Fast-RTPS[0m
[4.010s] [ 31%] [34m[1mGenerating C++ type support for eProsima Fast-RTPS[0m
[4.011s] [ 31%] [34m[1mGenerating C++ introspection for ROS interfaces[0m
[4.566s] [ 31%] [32mBuilding C object CMakeFiles/multi_mode_control_msgs__rosidl_typesupport_introspection_c.dir/rosidl_typesupport_introspection_c/multi_mode_control_msgs/msg/detail/dual_cartesian_impedance_goal__type_support.c.o[0m
[4.566s] [ 31%] [32mBuilding C object CMakeFiles/multi_mode_control_msgs__rosidl_typesupport_introspection_c.dir/rosidl_typesupport_introspection_c/multi_mode_control_msgs/msg/detail/controller__type_support.c.o[0m
[4.566s] [ 32%] [32mBuilding C object CMakeFiles/multi_mode_control_msgs__rosidl_typesupport_introspection_c.dir/rosidl_typesupport_introspection_c/multi_mode_control_msgs/msg/detail/cartesian_impedance_goal__type_support.c.o[0m
[4.568s] [ 33%] [32mBuilding C object CMakeFiles/multi_mode_control_msgs__rosidl_typesupport_introspection_c.dir/rosidl_typesupport_introspection_c/multi_mode_control_msgs/msg/detail/contact_thresholds__type_support.c.o[0m
[4.569s] [ 33%] [32mBuilding C object CMakeFiles/multi_mode_control_msgs__rosidl_typesupport_introspection_c.dir/rosidl_typesupport_introspection_c/multi_mode_control_msgs/msg/detail/joint_goal__type_support.c.o[0m
[4.569s] [ 33%] [32mBuilding C object CMakeFiles/multi_mode_control_msgs__rosidl_typesupport_introspection_c.dir/rosidl_typesupport_introspection_c/multi_mode_control_msgs/msg/detail/wrench__type_support.c.o[0m
[4.569s] [ 33%] [32mBuilding C object CMakeFiles/multi_mode_control_msgs__rosidl_typesupport_introspection_c.dir/rosidl_typesupport_introspection_c/multi_mode_control_msgs/srv/detail/get_robot_states__type_support.c.o[0m
[4.570s] [ 34%] [32mBuilding C object CMakeFiles/multi_mode_control_msgs__rosidl_typesupport_introspection_c.dir/rosidl_typesupport_introspection_c/multi_mode_control_msgs/msg/detail/joint_array__type_support.c.o[0m
[4.570s] [ 35%] [32mBuilding C object CMakeFiles/multi_mode_control_msgs__rosidl_typesupport_introspection_c.dir/rosidl_typesupport_introspection_c/multi_mode_control_msgs/msg/detail/velocity_goal__type_support.c.o[0m
[4.570s] [ 36%] [32mBuilding C object CMakeFiles/multi_mode_control_msgs__rosidl_typesupport_introspection_c.dir/rosidl_typesupport_introspection_c/multi_mode_control_msgs/srv/detail/get_controllers__type_support.c.o[0m
[4.572s] [ 37%] [32mBuilding C object CMakeFiles/multi_mode_control_msgs__rosidl_typesupport_introspection_c.dir/rosidl_typesupport_introspection_c/multi_mode_control_msgs/srv/detail/set_cartesian_impedance__type_support.c.o[0m
[4.572s] [ 38%] [32mBuilding C object CMakeFiles/multi_mode_control_msgs__rosidl_typesupport_introspection_c.dir/rosidl_typesupport_introspection_c/multi_mode_control_msgs/srv/detail/set_controllers__type_support.c.o[0m
[4.572s] [ 38%] [32mBuilding C object CMakeFiles/multi_mode_control_msgs__rosidl_typesupport_introspection_c.dir/rosidl_typesupport_introspection_c/multi_mode_control_msgs/srv/detail/set_joint_impedance__type_support.c.o[0m
[4.574s] [ 40%] [32mBuilding C object CMakeFiles/multi_mode_control_msgs__rosidl_typesupport_introspection_c.dir/rosidl_typesupport_introspection_c/multi_mode_control_msgs/srv/detail/set_thresholds__type_support.c.o[0m
[4.574s] [ 40%] [32mBuilding C object CMakeFiles/multi_mode_control_msgs__rosidl_typesupport_introspection_c.dir/rosidl_typesupport_introspection_c/multi_mode_control_msgs/srv/detail/set_recovery_mode__type_support.c.o[0m
[4.574s] [ 40%] [32mBuilding C object CMakeFiles/multi_mode_control_msgs__rosidl_typesupport_introspection_c.dir/rosidl_typesupport_introspection_c/multi_mode_control_msgs/srv/detail/set_world_state__type_support.c.o[0m
[4.575s] [ 40%] [32mBuilding C object CMakeFiles/multi_mode_control_msgs__rosidl_typesupport_introspection_c.dir/rosidl_typesupport_introspection_c/multi_mode_control_msgs/srv/detail/set_reflex__type_support.c.o[0m
[4.585s] [ 41%] [32mBuilding CXX object CMakeFiles/multi_mode_control_msgs__rosidl_typesupport_introspection_cpp.dir/rosidl_typesupport_introspection_cpp/multi_mode_control_msgs/msg/detail/contact_thresholds__type_support.cpp.o[0m
[4.585s] [ 42%] [32mBuilding CXX object CMakeFiles/multi_mode_control_msgs__rosidl_typesupport_introspection_cpp.dir/rosidl_typesupport_introspection_cpp/multi_mode_control_msgs/msg/detail/cartesian_impedance_goal__type_support.cpp.o[0m
[4.586s] [ 42%] [32mBuilding CXX object CMakeFiles/multi_mode_control_msgs__rosidl_typesupport_introspection_cpp.dir/rosidl_typesupport_introspection_cpp/multi_mode_control_msgs/msg/detail/dual_cartesian_impedance_goal__type_support.cpp.o[0m
[4.587s] [ 42%] [32mBuilding CXX object CMakeFiles/multi_mode_control_msgs__rosidl_typesupport_introspection_cpp.dir/rosidl_typesupport_introspection_cpp/multi_mode_control_msgs/msg/detail/controller__type_support.cpp.o[0m
[4.588s] [ 43%] [32mBuilding CXX object CMakeFiles/multi_mode_control_msgs__rosidl_typesupport_introspection_cpp.dir/rosidl_typesupport_introspection_cpp/multi_mode_control_msgs/msg/detail/joint_array__type_support.cpp.o[0m
[4.589s] [ 44%] [32mBuilding CXX object CMakeFiles/multi_mode_control_msgs__rosidl_typesupport_introspection_cpp.dir/rosidl_typesupport_introspection_cpp/multi_mode_control_msgs/msg/detail/velocity_goal__type_support.cpp.o[0m
[4.589s] [ 45%] [32mBuilding CXX object CMakeFiles/multi_mode_control_msgs__rosidl_typesupport_c.dir/rosidl_typesupport_c/multi_mode_control_msgs/msg/cartesian_impedance_goal__type_support.cpp.o[0m
[4.589s] [ 45%] [32mBuilding CXX object CMakeFiles/multi_mode_control_msgs__rosidl_typesupport_introspection_cpp.dir/rosidl_typesupport_introspection_cpp/multi_mode_control_msgs/msg/detail/joint_goal__type_support.cpp.o[0m
[4.628s] [ 45%] [32mBuilding CXX object CMakeFiles/multi_mode_control_msgs__rosidl_typesupport_introspection_cpp.dir/rosidl_typesupport_introspection_cpp/multi_mode_control_msgs/msg/detail/wrench__type_support.cpp.o[0m
[4.639s] [ 45%] [32mBuilding CXX object CMakeFiles/multi_mode_control_msgs__rosidl_typesupport_c.dir/rosidl_typesupport_c/multi_mode_control_msgs/msg/dual_cartesian_impedance_goal__type_support.cpp.o[0m
[4.640s] [ 46%] [32mBuilding CXX object CMakeFiles/multi_mode_control_msgs__rosidl_typesupport_introspection_cpp.dir/rosidl_typesupport_introspection_cpp/multi_mode_control_msgs/srv/detail/get_controllers__type_support.cpp.o[0m
[4.644s] [ 46%] [32mBuilding CXX object CMakeFiles/multi_mode_control_msgs__rosidl_typesupport_introspection_cpp.dir/rosidl_typesupport_introspection_cpp/multi_mode_control_msgs/srv/detail/get_robot_states__type_support.cpp.o[0m
[4.644s] [ 47%] [32mBuilding CXX object CMakeFiles/multi_mode_control_msgs__rosidl_typesupport_c.dir/rosidl_typesupport_c/multi_mode_control_msgs/msg/contact_thresholds__type_support.cpp.o[0m
[4.647s] [ 47%] [32mBuilding CXX object CMakeFiles/multi_mode_control_msgs__rosidl_typesupport_c.dir/rosidl_typesupport_c/multi_mode_control_msgs/msg/controller__type_support.cpp.o[0m
[4.650s] [ 48%] [32mBuilding CXX object CMakeFiles/multi_mode_control_msgs__rosidl_typesupport_c.dir/rosidl_typesupport_c/multi_mode_control_msgs/msg/joint_array__type_support.cpp.o[0m
[4.653s] [ 49%] [32mBuilding CXX object CMakeFiles/multi_mode_control_msgs__rosidl_typesupport_introspection_cpp.dir/rosidl_typesupport_introspection_cpp/multi_mode_control_msgs/srv/detail/set_cartesian_impedance__type_support.cpp.o[0m
[4.660s] [ 49%] [32mBuilding CXX object CMakeFiles/multi_mode_control_msgs__rosidl_typesupport_c.dir/rosidl_typesupport_c/multi_mode_control_msgs/msg/joint_goal__type_support.cpp.o[0m
[4.661s] [ 50%] [32mBuilding CXX object CMakeFiles/multi_mode_control_msgs__rosidl_typesupport_c.dir/rosidl_typesupport_c/multi_mode_control_msgs/msg/velocity_goal__type_support.cpp.o[0m
[4.662s] [ 50%] [32mBuilding CXX object CMakeFiles/multi_mode_control_msgs__rosidl_typesupport_introspection_cpp.dir/rosidl_typesupport_introspection_cpp/multi_mode_control_msgs/srv/detail/set_controllers__type_support.cpp.o[0m
[4.666s] [ 50%] [32mBuilding CXX object CMakeFiles/multi_mode_control_msgs__rosidl_typesupport_c.dir/rosidl_typesupport_c/multi_mode_control_msgs/msg/wrench__type_support.cpp.o[0m
[4.667s] [ 51%] [32mBuilding CXX object CMakeFiles/multi_mode_control_msgs__rosidl_typesupport_c.dir/rosidl_typesupport_c/multi_mode_control_msgs/srv/get_controllers__type_support.cpp.o[0m
[4.674s] [ 52%] [32m[1mLinking C shared library libmulti_mode_control_msgs__rosidl_typesupport_introspection_c.so[0m
[4.674s] [ 53%] [32mBuilding CXX object CMakeFiles/multi_mode_control_msgs__rosidl_typesupport_c.dir/rosidl_typesupport_c/multi_mode_control_msgs/srv/get_robot_states__type_support.cpp.o[0m
[4.674s] [ 54%] [32mBuilding CXX object CMakeFiles/multi_mode_control_msgs__rosidl_typesupport_c.dir/rosidl_typesupport_c/multi_mode_control_msgs/srv/set_cartesian_impedance__type_support.cpp.o[0m
[4.675s] [ 54%] [32mBuilding CXX object CMakeFiles/multi_mode_control_msgs__rosidl_typesupport_introspection_cpp.dir/rosidl_typesupport_introspection_cpp/multi_mode_control_msgs/srv/detail/set_joint_impedance__type_support.cpp.o[0m
[4.679s] [ 54%] [32mBuilding CXX object CMakeFiles/multi_mode_control_msgs__rosidl_typesupport_c.dir/rosidl_typesupport_c/multi_mode_control_msgs/srv/set_controllers__type_support.cpp.o[0m
[4.692s] [ 54%] [32mBuilding CXX object CMakeFiles/multi_mode_control_msgs__rosidl_typesupport_cpp.dir/rosidl_typesupport_cpp/multi_mode_control_msgs/msg/cartesian_impedance_goal__type_support.cpp.o[0m
[4.709s] [ 54%] [32mBuilding CXX object CMakeFiles/multi_mode_control_msgs__rosidl_typesupport_introspection_cpp.dir/rosidl_typesupport_introspection_cpp/multi_mode_control_msgs/srv/detail/set_recovery_mode__type_support.cpp.o[0m
[4.714s] [ 54%] Built target multi_mode_control_msgs__rosidl_typesupport_introspection_c
[4.714s] [ 55%] [32mBuilding CXX object CMakeFiles/multi_mode_control_msgs__rosidl_typesupport_introspection_cpp.dir/rosidl_typesupport_introspection_cpp/multi_mode_control_msgs/srv/detail/set_reflex__type_support.cpp.o[0m
[4.717s] [ 56%] [32mBuilding CXX object CMakeFiles/multi_mode_control_msgs__rosidl_typesupport_cpp.dir/rosidl_typesupport_cpp/multi_mode_control_msgs/msg/dual_cartesian_impedance_goal__type_support.cpp.o[0m
[4.723s] [ 56%] [32mBuilding CXX object CMakeFiles/multi_mode_control_msgs__rosidl_typesupport_introspection_cpp.dir/rosidl_typesupport_introspection_cpp/multi_mode_control_msgs/srv/detail/set_thresholds__type_support.cpp.o[0m
[4.731s] [ 57%] [32mBuilding CXX object CMakeFiles/multi_mode_control_msgs__rosidl_typesupport_cpp.dir/rosidl_typesupport_cpp/multi_mode_control_msgs/msg/contact_thresholds__type_support.cpp.o[0m
[4.741s] [ 58%] [32mBuilding CXX object CMakeFiles/multi_mode_control_msgs__rosidl_typesupport_cpp.dir/rosidl_typesupport_cpp/multi_mode_control_msgs/msg/joint_array__type_support.cpp.o[0m
[4.741s] [ 58%] [32mBuilding CXX object CMakeFiles/multi_mode_control_msgs__rosidl_typesupport_cpp.dir/rosidl_typesupport_cpp/multi_mode_control_msgs/msg/controller__type_support.cpp.o[0m
[4.741s] [ 58%] [32mBuilding CXX object CMakeFiles/multi_mode_control_msgs__rosidl_typesupport_cpp.dir/rosidl_typesupport_cpp/multi_mode_control_msgs/msg/joint_goal__type_support.cpp.o[0m
[4.757s] [ 59%] [32mBuilding CXX object CMakeFiles/multi_mode_control_msgs__rosidl_typesupport_cpp.dir/rosidl_typesupport_cpp/multi_mode_control_msgs/srv/get_controllers__type_support.cpp.o[0m
[4.757s] [ 60%] [32mBuilding CXX object CMakeFiles/multi_mode_control_msgs__rosidl_typesupport_cpp.dir/rosidl_typesupport_cpp/multi_mode_control_msgs/msg/velocity_goal__type_support.cpp.o[0m
[4.757s] [ 61%] [32mBuilding CXX object CMakeFiles/multi_mode_control_msgs__rosidl_typesupport_c.dir/rosidl_typesupport_c/multi_mode_control_msgs/srv/set_joint_impedance__type_support.cpp.o[0m
[4.757s] [ 61%] [32mBuilding CXX object CMakeFiles/multi_mode_control_msgs__rosidl_typesupport_cpp.dir/rosidl_typesupport_cpp/multi_mode_control_msgs/msg/wrench__type_support.cpp.o[0m
[4.843s] [ 61%] [32mBuilding CXX object CMakeFiles/multi_mode_control_msgs__rosidl_typesupport_c.dir/rosidl_typesupport_c/multi_mode_control_msgs/srv/set_recovery_mode__type_support.cpp.o[0m
[4.939s] [ 62%] [32mBuilding CXX object CMakeFiles/multi_mode_control_msgs__rosidl_typesupport_c.dir/rosidl_typesupport_c/multi_mode_control_msgs/srv/set_reflex__type_support.cpp.o[0m
[4.985s] [ 63%] [32mBuilding CXX object CMakeFiles/multi_mode_control_msgs__rosidl_typesupport_introspection_cpp.dir/rosidl_typesupport_introspection_cpp/multi_mode_control_msgs/srv/detail/set_world_state__type_support.cpp.o[0m
[4.989s] [ 63%] [32mBuilding CXX object CMakeFiles/multi_mode_control_msgs__rosidl_typesupport_c.dir/rosidl_typesupport_c/multi_mode_control_msgs/srv/set_thresholds__type_support.cpp.o[0m
[4.999s] [ 63%] [32mBuilding CXX object CMakeFiles/multi_mode_control_msgs__rosidl_typesupport_cpp.dir/rosidl_typesupport_cpp/multi_mode_control_msgs/srv/get_robot_states__type_support.cpp.o[0m
[5.059s] [ 64%] [32mBuilding CXX object CMakeFiles/multi_mode_control_msgs__rosidl_typesupport_c.dir/rosidl_typesupport_c/multi_mode_control_msgs/srv/set_world_state__type_support.cpp.o[0m
[5.085s] [ 65%] [32mBuilding CXX object CMakeFiles/multi_mode_control_msgs__rosidl_typesupport_cpp.dir/rosidl_typesupport_cpp/multi_mode_control_msgs/srv/set_cartesian_impedance__type_support.cpp.o[0m
[5.095s] [ 65%] [32mBuilding CXX object CMakeFiles/multi_mode_control_msgs__rosidl_typesupport_cpp.dir/rosidl_typesupport_cpp/multi_mode_control_msgs/srv/set_controllers__type_support.cpp.o[0m
[5.103s] [ 66%] [32mBuilding CXX object CMakeFiles/multi_mode_control_msgs__rosidl_typesupport_cpp.dir/rosidl_typesupport_cpp/multi_mode_control_msgs/srv/set_joint_impedance__type_support.cpp.o[0m
[5.123s] [ 66%] [32mBuilding CXX object CMakeFiles/multi_mode_control_msgs__rosidl_typesupport_cpp.dir/rosidl_typesupport_cpp/multi_mode_control_msgs/srv/set_recovery_mode__type_support.cpp.o[0m
[5.130s] [ 67%] [32mBuilding CXX object CMakeFiles/multi_mode_control_msgs__rosidl_typesupport_cpp.dir/rosidl_typesupport_cpp/multi_mode_control_msgs/srv/set_reflex__type_support.cpp.o[0m
[5.146s] [ 67%] [32mBuilding CXX object CMakeFiles/multi_mode_control_msgs__rosidl_typesupport_cpp.dir/rosidl_typesupport_cpp/multi_mode_control_msgs/srv/set_thresholds__type_support.cpp.o[0m
[5.158s] [ 67%] [32m[1mLinking CXX shared library libmulti_mode_control_msgs__rosidl_typesupport_c.so[0m
[5.203s] [ 68%] [32mBuilding CXX object CMakeFiles/multi_mode_control_msgs__rosidl_typesupport_cpp.dir/rosidl_typesupport_cpp/multi_mode_control_msgs/srv/set_world_state__type_support.cpp.o[0m
[5.241s] [ 68%] Built target multi_mode_control_msgs__rosidl_typesupport_c
[5.241s] [ 68%] [32mBuilding CXX object CMakeFiles/multi_mode_control_msgs__rosidl_typesupport_fastrtps_c.dir/rosidl_typesupport_fastrtps_c/multi_mode_control_msgs/msg/detail/cartesian_impedance_goal__type_support_c.cpp.o[0m
[5.251s] [ 69%] [32mBuilding CXX object CMakeFiles/multi_mode_control_msgs__rosidl_typesupport_fastrtps_c.dir/rosidl_typesupport_fastrtps_c/multi_mode_control_msgs/msg/detail/dual_cartesian_impedance_goal__type_support_c.cpp.o[0m
[5.258s] [ 70%] [32mBuilding CXX object CMakeFiles/multi_mode_control_msgs__rosidl_typesupport_fastrtps_c.dir/rosidl_typesupport_fastrtps_c/multi_mode_control_msgs/msg/detail/contact_thresholds__type_support_c.cpp.o[0m
[5.258s] [ 70%] [32mBuilding CXX object CMakeFiles/multi_mode_control_msgs__rosidl_typesupport_fastrtps_c.dir/rosidl_typesupport_fastrtps_c/multi_mode_control_msgs/msg/detail/controller__type_support_c.cpp.o[0m
[5.293s] [ 70%] [32mBuilding CXX object CMakeFiles/multi_mode_control_msgs__rosidl_typesupport_fastrtps_c.dir/rosidl_typesupport_fastrtps_c/multi_mode_control_msgs/msg/detail/joint_array__type_support_c.cpp.o[0m
[5.297s] [ 70%] [32mBuilding CXX object CMakeFiles/multi_mode_control_msgs__rosidl_typesupport_fastrtps_c.dir/rosidl_typesupport_fastrtps_c/multi_mode_control_msgs/msg/detail/velocity_goal__type_support_c.cpp.o[0m
[5.299s] [ 71%] [32mBuilding CXX object CMakeFiles/multi_mode_control_msgs__rosidl_typesupport_fastrtps_c.dir/rosidl_typesupport_fastrtps_c/multi_mode_control_msgs/msg/detail/joint_goal__type_support_c.cpp.o[0m
[5.316s] [ 72%] [32mBuilding CXX object CMakeFiles/multi_mode_control_msgs__rosidl_typesupport_fastrtps_c.dir/rosidl_typesupport_fastrtps_c/multi_mode_control_msgs/msg/detail/wrench__type_support_c.cpp.o[0m
[5.329s] [ 72%] [32mBuilding CXX object CMakeFiles/multi_mode_control_msgs__rosidl_typesupport_fastrtps_c.dir/rosidl_typesupport_fastrtps_c/multi_mode_control_msgs/srv/detail/get_controllers__type_support_c.cpp.o[0m
[5.341s] [ 73%] [32mBuilding CXX object CMakeFiles/multi_mode_control_msgs__rosidl_typesupport_fastrtps_c.dir/rosidl_typesupport_fastrtps_c/multi_mode_control_msgs/srv/detail/get_robot_states__type_support_c.cpp.o[0m
[5.363s] [ 73%] [32mBuilding CXX object CMakeFiles/multi_mode_control_msgs__rosidl_typesupport_fastrtps_c.dir/rosidl_typesupport_fastrtps_c/multi_mode_control_msgs/srv/detail/set_cartesian_impedance__type_support_c.cpp.o[0m
[5.366s] [ 74%] [32mBuilding CXX object CMakeFiles/multi_mode_control_msgs__rosidl_typesupport_fastrtps_c.dir/rosidl_typesupport_fastrtps_c/multi_mode_control_msgs/srv/detail/set_controllers__type_support_c.cpp.o[0m
[5.489s] [ 74%] [32mBuilding CXX object CMakeFiles/multi_mode_control_msgs__rosidl_typesupport_fastrtps_c.dir/rosidl_typesupport_fastrtps_c/multi_mode_control_msgs/srv/detail/set_joint_impedance__type_support_c.cpp.o[0m
[5.494s] [ 75%] [32mBuilding CXX object CMakeFiles/multi_mode_control_msgs__rosidl_typesupport_fastrtps_c.dir/rosidl_typesupport_fastrtps_c/multi_mode_control_msgs/srv/detail/set_recovery_mode__type_support_c.cpp.o[0m
[5.503s] [ 75%] [32mBuilding CXX object CMakeFiles/multi_mode_control_msgs__rosidl_typesupport_fastrtps_c.dir/rosidl_typesupport_fastrtps_c/multi_mode_control_msgs/srv/detail/set_reflex__type_support_c.cpp.o[0m
[5.515s] [ 76%] [32mBuilding CXX object CMakeFiles/multi_mode_control_msgs__rosidl_typesupport_fastrtps_c.dir/rosidl_typesupport_fastrtps_c/multi_mode_control_msgs/srv/detail/set_thresholds__type_support_c.cpp.o[0m
[5.539s] [ 77%] [32mBuilding CXX object CMakeFiles/multi_mode_control_msgs__rosidl_typesupport_fastrtps_c.dir/rosidl_typesupport_fastrtps_c/multi_mode_control_msgs/srv/detail/set_world_state__type_support_c.cpp.o[0m
[5.589s] [ 78%] [32mBuilding CXX object CMakeFiles/multi_mode_control_msgs__rosidl_typesupport_fastrtps_cpp.dir/rosidl_typesupport_fastrtps_cpp/multi_mode_control_msgs/msg/detail/dds_fastrtps/dual_cartesian_impedance_goal__type_support.cpp.o[0m
[5.589s] [ 78%] [32mBuilding CXX object CMakeFiles/multi_mode_control_msgs__rosidl_typesupport_fastrtps_cpp.dir/rosidl_typesupport_fastrtps_cpp/multi_mode_control_msgs/msg/detail/dds_fastrtps/contact_thresholds__type_support.cpp.o[0m
[5.589s] [ 78%] [32mBuilding CXX object CMakeFiles/multi_mode_control_msgs__rosidl_typesupport_fastrtps_cpp.dir/rosidl_typesupport_fastrtps_cpp/multi_mode_control_msgs/msg/detail/dds_fastrtps/cartesian_impedance_goal__type_support.cpp.o[0m
[5.621s] [ 79%] [32mBuilding CXX object CMakeFiles/multi_mode_control_msgs__rosidl_typesupport_fastrtps_cpp.dir/rosidl_typesupport_fastrtps_cpp/multi_mode_control_msgs/msg/detail/dds_fastrtps/controller__type_support.cpp.o[0m
[5.632s] [ 79%] [32mBuilding CXX object CMakeFiles/multi_mode_control_msgs__rosidl_typesupport_fastrtps_cpp.dir/rosidl_typesupport_fastrtps_cpp/multi_mode_control_msgs/msg/detail/dds_fastrtps/joint_array__type_support.cpp.o[0m
[5.642s] [ 80%] [32mBuilding CXX object CMakeFiles/multi_mode_control_msgs__rosidl_typesupport_fastrtps_cpp.dir/rosidl_typesupport_fastrtps_cpp/multi_mode_control_msgs/msg/detail/dds_fastrtps/joint_goal__type_support.cpp.o[0m
[5.691s] [ 80%] [32mBuilding CXX object CMakeFiles/multi_mode_control_msgs__rosidl_typesupport_fastrtps_cpp.dir/rosidl_typesupport_fastrtps_cpp/multi_mode_control_msgs/msg/detail/dds_fastrtps/velocity_goal__type_support.cpp.o[0m
[5.728s] [ 81%] [32mBuilding CXX object CMakeFiles/multi_mode_control_msgs__rosidl_typesupport_fastrtps_cpp.dir/rosidl_typesupport_fastrtps_cpp/multi_mode_control_msgs/msg/detail/dds_fastrtps/wrench__type_support.cpp.o[0m
[5.802s] [ 81%] [32mBuilding CXX object CMakeFiles/multi_mode_control_msgs__rosidl_typesupport_fastrtps_cpp.dir/rosidl_typesupport_fastrtps_cpp/multi_mode_control_msgs/srv/detail/dds_fastrtps/get_controllers__type_support.cpp.o[0m
[5.870s] [ 81%] [32m[1mLinking CXX shared library libmulti_mode_control_msgs__rosidl_typesupport_introspection_cpp.so[0m
[5.906s] [ 82%] [32mBuilding CXX object CMakeFiles/multi_mode_control_msgs__rosidl_typesupport_fastrtps_cpp.dir/rosidl_typesupport_fastrtps_cpp/multi_mode_control_msgs/srv/detail/dds_fastrtps/get_robot_states__type_support.cpp.o[0m
[5.908s] [ 82%] [32mBuilding CXX object CMakeFiles/multi_mode_control_msgs__rosidl_typesupport_fastrtps_cpp.dir/rosidl_typesupport_fastrtps_cpp/multi_mode_control_msgs/srv/detail/dds_fastrtps/set_cartesian_impedance__type_support.cpp.o[0m
[5.924s] [ 83%] [32mBuilding CXX object CMakeFiles/multi_mode_control_msgs__rosidl_typesupport_fastrtps_cpp.dir/rosidl_typesupport_fastrtps_cpp/multi_mode_control_msgs/srv/detail/dds_fastrtps/set_controllers__type_support.cpp.o[0m
[5.924s] [ 83%] [32m[1mLinking CXX shared library libmulti_mode_control_msgs__rosidl_typesupport_cpp.so[0m
[6.006s] [ 83%] [32mBuilding CXX object CMakeFiles/multi_mode_control_msgs__rosidl_typesupport_fastrtps_cpp.dir/rosidl_typesupport_fastrtps_cpp/multi_mode_control_msgs/srv/detail/dds_fastrtps/set_joint_impedance__type_support.cpp.o[0m
[6.070s] [ 83%] Built target multi_mode_control_msgs__rosidl_typesupport_cpp
[6.086s] [ 84%] [32mBuilding CXX object CMakeFiles/multi_mode_control_msgs__rosidl_typesupport_fastrtps_cpp.dir/rosidl_typesupport_fastrtps_cpp/multi_mode_control_msgs/srv/detail/dds_fastrtps/set_recovery_mode__type_support.cpp.o[0m
[6.162s] [ 84%] [32mBuilding CXX object CMakeFiles/multi_mode_control_msgs__rosidl_typesupport_fastrtps_cpp.dir/rosidl_typesupport_fastrtps_cpp/multi_mode_control_msgs/srv/detail/dds_fastrtps/set_reflex__type_support.cpp.o[0m
[6.172s] [ 84%] Built target multi_mode_control_msgs__rosidl_typesupport_introspection_cpp
[6.191s] [ 84%] [32mBuilding CXX object CMakeFiles/multi_mode_control_msgs__rosidl_typesupport_fastrtps_cpp.dir/rosidl_typesupport_fastrtps_cpp/multi_mode_control_msgs/srv/detail/dds_fastrtps/set_world_state__type_support.cpp.o[0m
[6.191s] [ 85%] [32mBuilding CXX object CMakeFiles/multi_mode_control_msgs__rosidl_typesupport_fastrtps_cpp.dir/rosidl_typesupport_fastrtps_cpp/multi_mode_control_msgs/srv/detail/dds_fastrtps/set_thresholds__type_support.cpp.o[0m
[6.595s] [ 85%] [32m[1mLinking CXX shared library libmulti_mode_control_msgs__rosidl_typesupport_fastrtps_c.so[0m
[6.702s] [ 85%] Built target multi_mode_control_msgs__rosidl_typesupport_fastrtps_c
[6.992s] [ 86%] [32m[1mLinking CXX shared library libmulti_mode_control_msgs__rosidl_typesupport_fastrtps_cpp.so[0m
[7.062s] [ 86%] Built target multi_mode_control_msgs__rosidl_typesupport_fastrtps_cpp
[7.077s] [ 86%] Built target multi_mode_control_msgs
[7.093s] [ 87%] [34m[1mGenerating Python code for ROS interfaces[0m
[8.150s] [ 87%] Built target multi_mode_control_msgs__py
[8.170s] [ 88%] [32mBuilding C object CMakeFiles/multi_mode_control_msgs__rosidl_generator_py.dir/rosidl_generator_py/multi_mode_control_msgs/msg/_controller_s.c.o[0m
[8.170s] [ 88%] [32mBuilding C object CMakeFiles/multi_mode_control_msgs__rosidl_generator_py.dir/rosidl_generator_py/multi_mode_control_msgs/msg/_velocity_goal_s.c.o[0m
[8.171s] [ 90%] [32mBuilding C object CMakeFiles/multi_mode_control_msgs__rosidl_generator_py.dir/rosidl_generator_py/multi_mode_control_msgs/msg/_dual_cartesian_impedance_goal_s.c.o[0m
[8.171s] [ 89%] [32mBuilding C object CMakeFiles/multi_mode_control_msgs__rosidl_generator_py.dir/rosidl_generator_py/multi_mode_control_msgs/msg/_joint_goal_s.c.o[0m
[8.171s] [ 89%] [32mBuilding C object CMakeFiles/multi_mode_control_msgs__rosidl_generator_py.dir/rosidl_generator_py/multi_mode_control_msgs/msg/_cartesian_impedance_goal_s.c.o[0m
[8.171s] [ 91%] [32mBuilding C object CMakeFiles/multi_mode_control_msgs__rosidl_generator_py.dir/rosidl_generator_py/multi_mode_control_msgs/srv/_get_robot_states_s.c.o[0m
[8.172s] [ 91%] [32mBuilding C object CMakeFiles/multi_mode_control_msgs__rosidl_generator_py.dir/rosidl_generator_py/multi_mode_control_msgs/msg/_contact_thresholds_s.c.o[0m
[8.172s] [ 91%] [32mBuilding C object CMakeFiles/multi_mode_control_msgs__rosidl_generator_py.dir/rosidl_generator_py/multi_mode_control_msgs/msg/_joint_array_s.c.o[0m
[8.172s] [ 91%] [32mBuilding C object CMakeFiles/multi_mode_control_msgs__rosidl_generator_py.dir/rosidl_generator_py/multi_mode_control_msgs/srv/_get_controllers_s.c.o[0m
[8.172s] [ 91%] [32mBuilding C object CMakeFiles/multi_mode_control_msgs__rosidl_generator_py.dir/rosidl_generator_py/multi_mode_control_msgs/srv/_set_controllers_s.c.o[0m
[8.173s] [ 92%] [32mBuilding C object CMakeFiles/multi_mode_control_msgs__rosidl_generator_py.dir/rosidl_generator_py/multi_mode_control_msgs/msg/_wrench_s.c.o[0m
[8.175s] [ 93%] [32mBuilding C object CMakeFiles/multi_mode_control_msgs__rosidl_generator_py.dir/rosidl_generator_py/multi_mode_control_msgs/srv/_set_world_state_s.c.o[0m
[8.175s] [ 93%] [32mBuilding C object CMakeFiles/multi_mode_control_msgs__rosidl_generator_py.dir/rosidl_generator_py/multi_mode_control_msgs/srv/_set_recovery_mode_s.c.o[0m
[8.175s] [ 95%] [32mBuilding C object CMakeFiles/multi_mode_control_msgs__rosidl_generator_py.dir/rosidl_generator_py/multi_mode_control_msgs/srv/_set_cartesian_impedance_s.c.o[0m
[8.175s] [ 95%] [32mBuilding C object CMakeFiles/multi_mode_control_msgs__rosidl_generator_py.dir/rosidl_generator_py/multi_mode_control_msgs/srv/_set_reflex_s.c.o[0m
[8.175s] [ 96%] [32mBuilding C object CMakeFiles/multi_mode_control_msgs__rosidl_generator_py.dir/rosidl_generator_py/multi_mode_control_msgs/srv/_set_joint_impedance_s.c.o[0m
[8.177s] [ 96%] [32mBuilding C object CMakeFiles/multi_mode_control_msgs__rosidl_generator_py.dir/rosidl_generator_py/multi_mode_control_msgs/srv/_set_thresholds_s.c.o[0m
[8.447s] [ 96%] [32m[1mLinking C shared library libmulti_mode_control_msgs__rosidl_generator_py.so[0m
[8.500s] [ 96%] Built target multi_mode_control_msgs__rosidl_generator_py
[8.520s] [ 99%] [32mBuilding C object CMakeFiles/multi_mode_control_msgs_s__rosidl_typesupport_fastrtps_c.dir/rosidl_generator_py/multi_mode_control_msgs/_multi_mode_control_msgs_s.ep.rosidl_typesupport_fastrtps_c.c.o[0m
[8.521s] [ 99%] [32mBuilding C object CMakeFiles/multi_mode_control_msgs_s__rosidl_typesupport_introspection_c.dir/rosidl_generator_py/multi_mode_control_msgs/_multi_mode_control_msgs_s.ep.rosidl_typesupport_introspection_c.c.o[0m
[8.521s] [ 99%] [32mBuilding C object CMakeFiles/multi_mode_control_msgs_s__rosidl_typesupport_c.dir/rosidl_generator_py/multi_mode_control_msgs/_multi_mode_control_msgs_s.ep.rosidl_typesupport_c.c.o[0m
[8.660s] [ 99%] [32m[1mLinking C shared module rosidl_generator_py/multi_mode_control_msgs/multi_mode_control_msgs_s__rosidl_typesupport_fastrtps_c.so[0m
[8.662s] [100%] [32m[1mLinking C shared module rosidl_generator_py/multi_mode_control_msgs/multi_mode_control_msgs_s__rosidl_typesupport_introspection_c.so[0m
[8.668s] [100%] [32m[1mLinking C shared module rosidl_generator_py/multi_mode_control_msgs/multi_mode_control_msgs_s__rosidl_typesupport_c.so[0m
[8.697s] [100%] Built target multi_mode_control_msgs_s__rosidl_typesupport_fastrtps_c
[8.697s] [100%] Built target multi_mode_control_msgs_s__rosidl_typesupport_introspection_c
[8.700s] [100%] Built target multi_mode_control_msgs_s__rosidl_typesupport_c
