[0.717s] Invoking command in '/home/herring/rzddzy/ros2_ws/build/franka_ik_py': DEBUGINFOD_URLS=https://debuginfod.ubuntu.com PYTHONPATH=/home/herring/rzddzy/ros2_ws/build/franka_ik_py/prefix_override:/usr/lib/python3/dist-packages/colcon_core/task/python/colcon_distutils_commands:/home/herring/rzddzy/ros2_ws/install/franka_ik_py/lib/python3.12/site-packages:${PYTHONPATH} /usr/bin/python3 -W ignore:setup.py install is deprecated -W ignore:easy_install command is deprecated setup.py develop --editable --build-directory /home/herring/rzddzy/ros2_ws/build/franka_ik_py/build --no-deps
[1.019s] running develop
[1.168s] running egg_info
[1.190s] writing franka_ik_py.egg-info/PKG-INFO
[1.190s] writing dependency_links to franka_ik_py.egg-info/dependency_links.txt
[1.191s] writing top-level names to franka_ik_py.egg-info/top_level.txt
[1.220s] reading manifest file 'franka_ik_py.egg-info/SOURCES.txt'
[1.220s] writing manifest file 'franka_ik_py.egg-info/SOURCES.txt'
[1.220s] running build_ext
[1.222s] building 'franka_ik_py' extension
[1.222s] creating build/temp.linux-x86_64-cpython-312/home
[1.222s] creating build/temp.linux-x86_64-cpython-312/home/herring
[1.222s] creating build/temp.linux-x86_64-cpython-312/home/herring/rzddzy
[1.222s] creating build/temp.linux-x86_64-cpython-312/home/herring/rzddzy/ros2_ws
[1.222s] creating build/temp.linux-x86_64-cpython-312/home/herring/rzddzy/ros2_ws/src
[1.222s] creating build/temp.linux-x86_64-cpython-312/home/herring/rzddzy/ros2_ws/src/franka_analytical_ik
[1.222s] x86_64-linux-gnu-gcc -fno-strict-overflow -Wsign-compare -DNDEBUG -g -O2 -Wall -fPIC -I/home/herring/.local/lib/python3.12/site-packages/pybind11/include -I/home/herring/rzddzy/ros2_ws/src/franka_analytical_ik/Eigen -I/home/herring/rzddzy/ros2_ws/src/franka_analytical_ik -I/home/herring/rzddzy/ros2_ws/install/franka_ik_py/include -I/usr/include/python3.12 -c /home/herring/rzddzy/ros2_ws/src/franka_analytical_ik/pybind_wrapper.cpp -o build/temp.linux-x86_64-cpython-312/home/herring/rzddzy/ros2_ws/src/franka_analytical_ik/pybind_wrapper.o -std=c++11 -O3
[14.392s] creating build/lib.linux-x86_64-cpython-312
[14.393s] x86_64-linux-gnu-g++ -shared -Wl,-O1 -Wl,-Bsymbolic-functions -Wl,-Bsymbolic-functions -Wl,-z,relro -g -fwrapv -O2 build/temp.linux-x86_64-cpython-312/home/herring/rzddzy/ros2_ws/src/franka_analytical_ik/pybind_wrapper.o -L/usr/lib/x86_64-linux-gnu -o build/lib.linux-x86_64-cpython-312/franka_ik_py.cpython-312-x86_64-linux-gnu.so
[14.608s] copying build/lib.linux-x86_64-cpython-312/franka_ik_py.cpython-312-x86_64-linux-gnu.so -> 
[14.618s] Creating /home/herring/rzddzy/ros2_ws/install/franka_ik_py/lib/python3.12/site-packages/franka-ik-py.egg-link (link to .)
[14.619s] 
[14.619s] Installed /home/herring/rzddzy/ros2_ws/build/franka_ik_py
[14.675s] Invoked command in '/home/herring/rzddzy/ros2_ws/build/franka_ik_py' returned '0': DEBUGINFOD_URLS=https://debuginfod.ubuntu.com PYTHONPATH=/home/herring/rzddzy/ros2_ws/build/franka_ik_py/prefix_override:/usr/lib/python3/dist-packages/colcon_core/task/python/colcon_distutils_commands:/home/herring/rzddzy/ros2_ws/install/franka_ik_py/lib/python3.12/site-packages:${PYTHONPATH} /usr/bin/python3 -W ignore:setup.py install is deprecated -W ignore:easy_install command is deprecated setup.py develop --editable --build-directory /home/herring/rzddzy/ros2_ws/build/franka_ik_py/build --no-deps
