[0.010s] Invoking command in '/home/herring/rzddzy/ros2_ws/build/franka_msgs': CMAKE_PREFIX_PATH=${CMAKE_PREFIX_PATH}:/opt/ros/jazzy DEBUGINFOD_URLS=https://debuginfod.ubuntu.com /usr/bin/cmake /home/herring/rzddzy/ros2_ws/src/franka_msgs -DMUJOCO_DIR=/home/herring/.mujoco/mujoco-3.2.0 -DAMENT_CMAKE_SYMLINK_INSTALL=1 -DCMAKE_INSTALL_PREFIX=/home/herring/rzddzy/ros2_ws/install/franka_msgs
[0.021s] -- Found ament_cmake: 2.5.5 (/opt/ros/jazzy/share/ament_cmake/cmake)
[0.044s] -- Found Python3: /usr/bin/python3 (found version "3.12.3") found components: Interpreter 
[0.088s] -- Override CMake install command with custom implementation using symlinks instead of copying resources
[0.094s] -- Found rosidl_default_generators: 1.6.0 (/opt/ros/jazzy/share/rosidl_default_generators/cmake)
[0.096s] -- Using all available rosidl_typesupport_c: rosidl_typesupport_fastrtps_c;rosidl_typesupport_introspection_c
[0.129s] -- Using all available rosidl_typesupport_cpp: rosidl_typesupport_fastrtps_cpp;rosidl_typesupport_introspection_cpp
[0.143s] -- Found rosidl_adapter: 4.6.7 (/opt/ros/jazzy/share/rosidl_adapter/cmake)
[0.144s] -- Found std_msgs: 5.3.6 (/opt/ros/jazzy/share/std_msgs/cmake)
[0.159s] -- Found geometry_msgs: 5.3.6 (/opt/ros/jazzy/share/geometry_msgs/cmake)
[0.167s] -- Found action_msgs: 2.0.3 (/opt/ros/jazzy/share/action_msgs/cmake)
[0.460s] -- Found ament_cmake_ros: 0.12.0 (/opt/ros/jazzy/share/ament_cmake_ros/cmake)
[0.626s] -- Using all available rosidl_typesupport_c: rosidl_typesupport_fastrtps_c;rosidl_typesupport_introspection_c
[0.831s] -- Using all available rosidl_typesupport_cpp: rosidl_typesupport_fastrtps_cpp;rosidl_typesupport_introspection_cpp
[0.832s] -- Found python_cmake_module: 0.11.1 (/opt/ros/jazzy/share/python_cmake_module/cmake)
[1.016s] -- Found Python3: /usr/bin/python3 (found version "3.12.3") found components: Interpreter Development NumPy Development.Module Development.Embed 
[1.043s] -- Found ament_lint_auto: 0.17.4 (/opt/ros/jazzy/share/ament_lint_auto/cmake)
[1.048s] -- Added test 'copyright' to check source files copyright and LICENSE
[1.050s] -- Added test 'lint_cmake' to check CMake code style
[1.050s] -- Added test 'xmllint' to check XML markup files
[1.052s] -- Configuring done (1.0s)
[1.103s] -- Generating done (0.0s)
[1.107s] [33mCMake Warning:
[1.107s]   Manually-specified variables were not used by the project:
[1.107s] 
[1.107s]     MUJOCO_DIR
[1.107s] 
[1.107s] [0m
[1.118s] -- Build files have been written to: /home/herring/rzddzy/ros2_ws/build/franka_msgs
[1.127s] Invoked command in '/home/herring/rzddzy/ros2_ws/build/franka_msgs' returned '0': CMAKE_PREFIX_PATH=${CMAKE_PREFIX_PATH}:/opt/ros/jazzy DEBUGINFOD_URLS=https://debuginfod.ubuntu.com /usr/bin/cmake /home/herring/rzddzy/ros2_ws/src/franka_msgs -DMUJOCO_DIR=/home/herring/.mujoco/mujoco-3.2.0 -DAMENT_CMAKE_SYMLINK_INSTALL=1 -DCMAKE_INSTALL_PREFIX=/home/herring/rzddzy/ros2_ws/install/franka_msgs
[1.128s] Invoking command in '/home/herring/rzddzy/ros2_ws/build/franka_msgs': CMAKE_PREFIX_PATH=${CMAKE_PREFIX_PATH}:/opt/ros/jazzy DEBUGINFOD_URLS=https://debuginfod.ubuntu.com /usr/bin/cmake --build /home/herring/rzddzy/ros2_ws/build/franka_msgs -- -j28 -l28
[1.177s] [  1%] Built target franka_msgs__rosidl_generator_type_description
[1.186s] [  1%] Built target ament_cmake_python_symlink_franka_msgs
[1.196s] [  1%] Built target franka_msgs__cpp
[1.223s] [ 28%] Built target franka_msgs__rosidl_generator_c
[1.249s] [ 38%] Built target franka_msgs__rosidl_typesupport_introspection_c
[1.268s] [ 47%] Built target franka_msgs__rosidl_typesupport_c
[1.275s] [ 57%] Built target franka_msgs__rosidl_typesupport_cpp
[1.277s] [ 66%] Built target franka_msgs__rosidl_typesupport_introspection_cpp
[1.279s] [ 76%] Built target franka_msgs__rosidl_typesupport_fastrtps_cpp
[1.282s] [ 86%] Built target franka_msgs__rosidl_typesupport_fastrtps_c
[1.302s] [ 86%] Built target franka_msgs
[1.321s] [ 87%] Built target franka_msgs__py
[1.321s] running egg_info
[1.331s] writing franka_msgs.egg-info/PKG-INFO
[1.331s] writing dependency_links to franka_msgs.egg-info/dependency_links.txt
[1.331s] writing top-level names to franka_msgs.egg-info/top_level.txt
[1.357s] [ 96%] Built target franka_msgs__rosidl_generator_py
[1.360s] reading manifest file 'franka_msgs.egg-info/SOURCES.txt'
[1.361s] writing manifest file 'franka_msgs.egg-info/SOURCES.txt'
[1.379s] [ 98%] Built target franka_msgs_s__rosidl_typesupport_introspection_c
[1.379s] [ 99%] Built target franka_msgs_s__rosidl_typesupport_c
[1.380s] [ 99%] Built target ament_cmake_python_build_franka_msgs_egg
[1.381s] [100%] Built target franka_msgs_s__rosidl_typesupport_fastrtps_c
[1.392s] Invoked command in '/home/herring/rzddzy/ros2_ws/build/franka_msgs' returned '0': CMAKE_PREFIX_PATH=${CMAKE_PREFIX_PATH}:/opt/ros/jazzy DEBUGINFOD_URLS=https://debuginfod.ubuntu.com /usr/bin/cmake --build /home/herring/rzddzy/ros2_ws/build/franka_msgs -- -j28 -l28
[1.395s] Invoking command in '/home/herring/rzddzy/ros2_ws/build/franka_msgs': CMAKE_PREFIX_PATH=${CMAKE_PREFIX_PATH}:/opt/ros/jazzy DEBUGINFOD_URLS=https://debuginfod.ubuntu.com /usr/bin/cmake --install /home/herring/rzddzy/ros2_ws/build/franka_msgs
[1.402s] -- Install configuration: ""
[1.403s] -- Execute custom install script
[1.403s] -- Up-to-date symlink: /home/herring/rzddzy/ros2_ws/install/franka_msgs/share/ament_index/resource_index/rosidl_interfaces/franka_msgs
[1.404s] -- Up-to-date symlink: /home/herring/rzddzy/ros2_ws/install/franka_msgs/share/franka_msgs/msg/GraspEpsilon.json
[1.404s] -- Up-to-date symlink: /home/herring/rzddzy/ros2_ws/install/franka_msgs/share/franka_msgs/msg/FrankaState.json
[1.405s] -- Up-to-date symlink: /home/herring/rzddzy/ros2_ws/install/franka_msgs/share/franka_msgs/msg/FrankaModel.json
[1.405s] -- Up-to-date symlink: /home/herring/rzddzy/ros2_ws/install/franka_msgs/share/franka_msgs/msg/Errors.json
[1.405s] -- Up-to-date symlink: /home/herring/rzddzy/ros2_ws/install/franka_msgs/share/franka_msgs/msg/PoseStampedArray.json
[1.405s] -- Up-to-date symlink: /home/herring/rzddzy/ros2_ws/install/franka_msgs/share/franka_msgs/action/Grasp.json
[1.405s] -- Up-to-date symlink: /home/herring/rzddzy/ros2_ws/install/franka_msgs/share/franka_msgs/action/Homing.json
[1.405s] -- Up-to-date symlink: /home/herring/rzddzy/ros2_ws/install/franka_msgs/share/franka_msgs/action/Move.json
[1.406s] -- Up-to-date symlink: /home/herring/rzddzy/ros2_ws/install/franka_msgs/share/franka_msgs/srv/ErrorRecovery.json
[1.406s] -- Up-to-date symlink: /home/herring/rzddzy/ros2_ws/install/franka_msgs/share/franka_msgs/srv/SetCartesianStiffness.json
[1.406s] -- Up-to-date symlink: /home/herring/rzddzy/ros2_ws/install/franka_msgs/share/franka_msgs/srv/SetTCPFrame.json
[1.406s] -- Up-to-date symlink: /home/herring/rzddzy/ros2_ws/install/franka_msgs/share/franka_msgs/srv/SetForceTorqueCollisionBehavior.json
[1.406s] -- Up-to-date symlink: /home/herring/rzddzy/ros2_ws/install/franka_msgs/share/franka_msgs/srv/SetFullCollisionBehavior.json
[1.406s] -- Up-to-date symlink: /home/herring/rzddzy/ros2_ws/install/franka_msgs/share/franka_msgs/srv/SetJointStiffness.json
[1.406s] -- Up-to-date symlink: /home/herring/rzddzy/ros2_ws/install/franka_msgs/share/franka_msgs/srv/SetStiffnessFrame.json
[1.406s] -- Up-to-date symlink: /home/herring/rzddzy/ros2_ws/install/franka_msgs/share/franka_msgs/srv/SetLoad.json
[1.406s] -- Up-to-date symlink: /home/herring/rzddzy/ros2_ws/install/franka_msgs/share/franka_msgs/srv/SetMujocoPoses.json
[1.407s] -- Up-to-date symlink: /home/herring/rzddzy/ros2_ws/install/franka_msgs/include/franka_msgs/franka_msgs/action/detail/grasp__functions.h
[1.407s] -- Up-to-date symlink: /home/herring/rzddzy/ros2_ws/install/franka_msgs/include/franka_msgs/franka_msgs/action/detail/grasp__struct.h
[1.407s] -- Up-to-date symlink: /home/herring/rzddzy/ros2_ws/install/franka_msgs/include/franka_msgs/franka_msgs/action/detail/grasp__type_support.h
[1.407s] -- Up-to-date symlink: /home/herring/rzddzy/ros2_ws/install/franka_msgs/include/franka_msgs/franka_msgs/action/detail/homing__functions.h
[1.408s] -- Up-to-date symlink: /home/herring/rzddzy/ros2_ws/install/franka_msgs/include/franka_msgs/franka_msgs/action/detail/homing__struct.h
[1.408s] -- Up-to-date symlink: /home/herring/rzddzy/ros2_ws/install/franka_msgs/include/franka_msgs/franka_msgs/action/detail/homing__type_support.h
[1.408s] -- Up-to-date symlink: /home/herring/rzddzy/ros2_ws/install/franka_msgs/include/franka_msgs/franka_msgs/action/detail/move__functions.h
[1.408s] -- Up-to-date symlink: /home/herring/rzddzy/ros2_ws/install/franka_msgs/include/franka_msgs/franka_msgs/action/detail/move__struct.h
[1.408s] -- Up-to-date symlink: /home/herring/rzddzy/ros2_ws/install/franka_msgs/include/franka_msgs/franka_msgs/action/detail/move__type_support.h
[1.408s] -- Up-to-date symlink: /home/herring/rzddzy/ros2_ws/install/franka_msgs/include/franka_msgs/franka_msgs/action/grasp.h
[1.408s] -- Up-to-date symlink: /home/herring/rzddzy/ros2_ws/install/franka_msgs/include/franka_msgs/franka_msgs/action/homing.h
[1.408s] -- Up-to-date symlink: /home/herring/rzddzy/ros2_ws/install/franka_msgs/include/franka_msgs/franka_msgs/action/move.h
[1.408s] -- Up-to-date symlink: /home/herring/rzddzy/ros2_ws/install/franka_msgs/include/franka_msgs/franka_msgs/msg/detail/errors__functions.h
[1.409s] -- Up-to-date symlink: /home/herring/rzddzy/ros2_ws/install/franka_msgs/include/franka_msgs/franka_msgs/msg/detail/errors__struct.h
[1.409s] -- Up-to-date symlink: /home/herring/rzddzy/ros2_ws/install/franka_msgs/include/franka_msgs/franka_msgs/msg/detail/errors__type_support.h
[1.409s] -- Up-to-date symlink: /home/herring/rzddzy/ros2_ws/install/franka_msgs/include/franka_msgs/franka_msgs/msg/detail/franka_model__functions.h
[1.409s] -- Up-to-date symlink: /home/herring/rzddzy/ros2_ws/install/franka_msgs/include/franka_msgs/franka_msgs/msg/detail/franka_model__struct.h
[1.409s] -- Up-to-date symlink: /home/herring/rzddzy/ros2_ws/install/franka_msgs/include/franka_msgs/franka_msgs/msg/detail/franka_model__type_support.h
[1.409s] -- Up-to-date symlink: /home/herring/rzddzy/ros2_ws/install/franka_msgs/include/franka_msgs/franka_msgs/msg/detail/franka_state__functions.h
[1.409s] -- Up-to-date symlink: /home/herring/rzddzy/ros2_ws/install/franka_msgs/include/franka_msgs/franka_msgs/msg/detail/franka_state__struct.h
[1.410s] -- Up-to-date symlink: /home/herring/rzddzy/ros2_ws/install/franka_msgs/include/franka_msgs/franka_msgs/msg/detail/franka_state__type_support.h
[1.410s] -- Up-to-date symlink: /home/herring/rzddzy/ros2_ws/install/franka_msgs/include/franka_msgs/franka_msgs/msg/detail/grasp_epsilon__functions.h
[1.410s] -- Up-to-date symlink: /home/herring/rzddzy/ros2_ws/install/franka_msgs/include/franka_msgs/franka_msgs/msg/detail/grasp_epsilon__struct.h
[1.410s] -- Up-to-date symlink: /home/herring/rzddzy/ros2_ws/install/franka_msgs/include/franka_msgs/franka_msgs/msg/detail/grasp_epsilon__type_support.h
[1.410s] -- Up-to-date symlink: /home/herring/rzddzy/ros2_ws/install/franka_msgs/include/franka_msgs/franka_msgs/msg/detail/pose_stamped_array__functions.h
[1.410s] -- Up-to-date symlink: /home/herring/rzddzy/ros2_ws/install/franka_msgs/include/franka_msgs/franka_msgs/msg/detail/pose_stamped_array__struct.h
[1.410s] -- Up-to-date symlink: /home/herring/rzddzy/ros2_ws/install/franka_msgs/include/franka_msgs/franka_msgs/msg/detail/pose_stamped_array__type_support.h
[1.410s] -- Up-to-date symlink: /home/herring/rzddzy/ros2_ws/install/franka_msgs/include/franka_msgs/franka_msgs/msg/errors.h
[1.410s] -- Up-to-date symlink: /home/herring/rzddzy/ros2_ws/install/franka_msgs/include/franka_msgs/franka_msgs/msg/franka_model.h
[1.411s] -- Up-to-date symlink: /home/herring/rzddzy/ros2_ws/install/franka_msgs/include/franka_msgs/franka_msgs/msg/franka_state.h
[1.411s] -- Up-to-date symlink: /home/herring/rzddzy/ros2_ws/install/franka_msgs/include/franka_msgs/franka_msgs/msg/grasp_epsilon.h
[1.411s] -- Up-to-date symlink: /home/herring/rzddzy/ros2_ws/install/franka_msgs/include/franka_msgs/franka_msgs/msg/pose_stamped_array.h
[1.411s] -- Up-to-date symlink: /home/herring/rzddzy/ros2_ws/install/franka_msgs/include/franka_msgs/franka_msgs/msg/rosidl_generator_c__visibility_control.h
[1.411s] -- Up-to-date symlink: /home/herring/rzddzy/ros2_ws/install/franka_msgs/include/franka_msgs/franka_msgs/srv/detail/error_recovery__functions.h
[1.411s] -- Up-to-date symlink: /home/herring/rzddzy/ros2_ws/install/franka_msgs/include/franka_msgs/franka_msgs/srv/detail/error_recovery__struct.h
[1.411s] -- Up-to-date symlink: /home/herring/rzddzy/ros2_ws/install/franka_msgs/include/franka_msgs/franka_msgs/srv/detail/error_recovery__type_support.h
[1.411s] -- Up-to-date symlink: /home/herring/rzddzy/ros2_ws/install/franka_msgs/include/franka_msgs/franka_msgs/srv/detail/set_cartesian_stiffness__functions.h
[1.411s] -- Up-to-date symlink: /home/herring/rzddzy/ros2_ws/install/franka_msgs/include/franka_msgs/franka_msgs/srv/detail/set_cartesian_stiffness__struct.h
[1.412s] -- Up-to-date symlink: /home/herring/rzddzy/ros2_ws/install/franka_msgs/include/franka_msgs/franka_msgs/srv/detail/set_cartesian_stiffness__type_support.h
[1.412s] -- Up-to-date symlink: /home/herring/rzddzy/ros2_ws/install/franka_msgs/include/franka_msgs/franka_msgs/srv/detail/set_force_torque_collision_behavior__functions.h
[1.412s] -- Up-to-date symlink: /home/herring/rzddzy/ros2_ws/install/franka_msgs/include/franka_msgs/franka_msgs/srv/detail/set_force_torque_collision_behavior__struct.h
[1.412s] -- Up-to-date symlink: /home/herring/rzddzy/ros2_ws/install/franka_msgs/include/franka_msgs/franka_msgs/srv/detail/set_force_torque_collision_behavior__type_support.h
[1.412s] -- Up-to-date symlink: /home/herring/rzddzy/ros2_ws/install/franka_msgs/include/franka_msgs/franka_msgs/srv/detail/set_full_collision_behavior__functions.h
[1.412s] -- Up-to-date symlink: /home/herring/rzddzy/ros2_ws/install/franka_msgs/include/franka_msgs/franka_msgs/srv/detail/set_full_collision_behavior__struct.h
[1.412s] -- Up-to-date symlink: /home/herring/rzddzy/ros2_ws/install/franka_msgs/include/franka_msgs/franka_msgs/srv/detail/set_full_collision_behavior__type_support.h
[1.412s] -- Up-to-date symlink: /home/herring/rzddzy/ros2_ws/install/franka_msgs/include/franka_msgs/franka_msgs/srv/detail/set_joint_stiffness__functions.h
[1.412s] -- Up-to-date symlink: /home/herring/rzddzy/ros2_ws/install/franka_msgs/include/franka_msgs/franka_msgs/srv/detail/set_joint_stiffness__struct.h
[1.413s] -- Up-to-date symlink: /home/herring/rzddzy/ros2_ws/install/franka_msgs/include/franka_msgs/franka_msgs/srv/detail/set_joint_stiffness__type_support.h
[1.413s] -- Up-to-date symlink: /home/herring/rzddzy/ros2_ws/install/franka_msgs/include/franka_msgs/franka_msgs/srv/detail/set_load__functions.h
[1.413s] -- Up-to-date symlink: /home/herring/rzddzy/ros2_ws/install/franka_msgs/include/franka_msgs/franka_msgs/srv/detail/set_load__struct.h
[1.413s] -- Up-to-date symlink: /home/herring/rzddzy/ros2_ws/install/franka_msgs/include/franka_msgs/franka_msgs/srv/detail/set_load__type_support.h
[1.413s] -- Up-to-date symlink: /home/herring/rzddzy/ros2_ws/install/franka_msgs/include/franka_msgs/franka_msgs/srv/detail/set_mujoco_poses__functions.h
[1.413s] -- Up-to-date symlink: /home/herring/rzddzy/ros2_ws/install/franka_msgs/include/franka_msgs/franka_msgs/srv/detail/set_mujoco_poses__struct.h
[1.413s] -- Up-to-date symlink: /home/herring/rzddzy/ros2_ws/install/franka_msgs/include/franka_msgs/franka_msgs/srv/detail/set_mujoco_poses__type_support.h
[1.413s] -- Up-to-date symlink: /home/herring/rzddzy/ros2_ws/install/franka_msgs/include/franka_msgs/franka_msgs/srv/detail/set_stiffness_frame__functions.h
[1.413s] -- Up-to-date symlink: /home/herring/rzddzy/ros2_ws/install/franka_msgs/include/franka_msgs/franka_msgs/srv/detail/set_stiffness_frame__struct.h
[1.414s] -- Up-to-date symlink: /home/herring/rzddzy/ros2_ws/install/franka_msgs/include/franka_msgs/franka_msgs/srv/detail/set_stiffness_frame__type_support.h
[1.414s] -- Up-to-date symlink: /home/herring/rzddzy/ros2_ws/install/franka_msgs/include/franka_msgs/franka_msgs/srv/detail/set_tcp_frame__functions.h
[1.414s] -- Up-to-date symlink: /home/herring/rzddzy/ros2_ws/install/franka_msgs/include/franka_msgs/franka_msgs/srv/detail/set_tcp_frame__struct.h
[1.414s] -- Up-to-date symlink: /home/herring/rzddzy/ros2_ws/install/franka_msgs/include/franka_msgs/franka_msgs/srv/detail/set_tcp_frame__type_support.h
[1.414s] -- Up-to-date symlink: /home/herring/rzddzy/ros2_ws/install/franka_msgs/include/franka_msgs/franka_msgs/srv/error_recovery.h
[1.414s] -- Up-to-date symlink: /home/herring/rzddzy/ros2_ws/install/franka_msgs/include/franka_msgs/franka_msgs/srv/set_cartesian_stiffness.h
[1.414s] -- Up-to-date symlink: /home/herring/rzddzy/ros2_ws/install/franka_msgs/include/franka_msgs/franka_msgs/srv/set_force_torque_collision_behavior.h
[1.414s] -- Up-to-date symlink: /home/herring/rzddzy/ros2_ws/install/franka_msgs/include/franka_msgs/franka_msgs/srv/set_full_collision_behavior.h
[1.414s] -- Up-to-date symlink: /home/herring/rzddzy/ros2_ws/install/franka_msgs/include/franka_msgs/franka_msgs/srv/set_joint_stiffness.h
[1.415s] -- Up-to-date symlink: /home/herring/rzddzy/ros2_ws/install/franka_msgs/include/franka_msgs/franka_msgs/srv/set_load.h
[1.415s] -- Up-to-date symlink: /home/herring/rzddzy/ros2_ws/install/franka_msgs/include/franka_msgs/franka_msgs/srv/set_mujoco_poses.h
[1.415s] -- Up-to-date symlink: /home/herring/rzddzy/ros2_ws/install/franka_msgs/include/franka_msgs/franka_msgs/srv/set_stiffness_frame.h
[1.415s] -- Up-to-date symlink: /home/herring/rzddzy/ros2_ws/install/franka_msgs/include/franka_msgs/franka_msgs/srv/set_tcp_frame.h
[1.415s] -- Up-to-date symlink: /home/herring/rzddzy/ros2_ws/install/franka_msgs/share/franka_msgs/environment/library_path.sh
[1.415s] -- Up-to-date symlink: /home/herring/rzddzy/ros2_ws/install/franka_msgs/share/franka_msgs/environment/library_path.dsv
[1.416s] -- Up-to-date symlink: /home/herring/rzddzy/ros2_ws/install/franka_msgs/include/franka_msgs/franka_msgs/action/detail/grasp__rosidl_typesupport_fastrtps_c.h
[1.416s] -- Up-to-date symlink: /home/herring/rzddzy/ros2_ws/install/franka_msgs/include/franka_msgs/franka_msgs/action/detail/homing__rosidl_typesupport_fastrtps_c.h
[1.416s] -- Up-to-date symlink: /home/herring/rzddzy/ros2_ws/install/franka_msgs/include/franka_msgs/franka_msgs/action/detail/move__rosidl_typesupport_fastrtps_c.h
[1.416s] -- Up-to-date symlink: /home/herring/rzddzy/ros2_ws/install/franka_msgs/include/franka_msgs/franka_msgs/msg/detail/errors__rosidl_typesupport_fastrtps_c.h
[1.416s] -- Up-to-date symlink: /home/herring/rzddzy/ros2_ws/install/franka_msgs/include/franka_msgs/franka_msgs/msg/detail/franka_model__rosidl_typesupport_fastrtps_c.h
[1.417s] -- Up-to-date symlink: /home/herring/rzddzy/ros2_ws/install/franka_msgs/include/franka_msgs/franka_msgs/msg/detail/franka_state__rosidl_typesupport_fastrtps_c.h
[1.417s] -- Up-to-date symlink: /home/herring/rzddzy/ros2_ws/install/franka_msgs/include/franka_msgs/franka_msgs/msg/detail/grasp_epsilon__rosidl_typesupport_fastrtps_c.h
[1.417s] -- Up-to-date symlink: /home/herring/rzddzy/ros2_ws/install/franka_msgs/include/franka_msgs/franka_msgs/msg/detail/pose_stamped_array__rosidl_typesupport_fastrtps_c.h
[1.417s] -- Up-to-date symlink: /home/herring/rzddzy/ros2_ws/install/franka_msgs/include/franka_msgs/franka_msgs/msg/rosidl_typesupport_fastrtps_c__visibility_control.h
[1.417s] -- Up-to-date symlink: /home/herring/rzddzy/ros2_ws/install/franka_msgs/include/franka_msgs/franka_msgs/srv/detail/error_recovery__rosidl_typesupport_fastrtps_c.h
[1.417s] -- Up-to-date symlink: /home/herring/rzddzy/ros2_ws/install/franka_msgs/include/franka_msgs/franka_msgs/srv/detail/set_cartesian_stiffness__rosidl_typesupport_fastrtps_c.h
[1.417s] -- Up-to-date symlink: /home/herring/rzddzy/ros2_ws/install/franka_msgs/include/franka_msgs/franka_msgs/srv/detail/set_force_torque_collision_behavior__rosidl_typesupport_fastrtps_c.h
[1.417s] -- Up-to-date symlink: /home/herring/rzddzy/ros2_ws/install/franka_msgs/include/franka_msgs/franka_msgs/srv/detail/set_full_collision_behavior__rosidl_typesupport_fastrtps_c.h
[1.417s] -- Up-to-date symlink: /home/herring/rzddzy/ros2_ws/install/franka_msgs/include/franka_msgs/franka_msgs/srv/detail/set_joint_stiffness__rosidl_typesupport_fastrtps_c.h
[1.418s] -- Up-to-date symlink: /home/herring/rzddzy/ros2_ws/install/franka_msgs/include/franka_msgs/franka_msgs/srv/detail/set_load__rosidl_typesupport_fastrtps_c.h
[1.418s] -- Up-to-date symlink: /home/herring/rzddzy/ros2_ws/install/franka_msgs/include/franka_msgs/franka_msgs/srv/detail/set_mujoco_poses__rosidl_typesupport_fastrtps_c.h
[1.418s] -- Up-to-date symlink: /home/herring/rzddzy/ros2_ws/install/franka_msgs/include/franka_msgs/franka_msgs/srv/detail/set_stiffness_frame__rosidl_typesupport_fastrtps_c.h
[1.418s] -- Up-to-date symlink: /home/herring/rzddzy/ros2_ws/install/franka_msgs/include/franka_msgs/franka_msgs/srv/detail/set_tcp_frame__rosidl_typesupport_fastrtps_c.h
[1.419s] -- Up-to-date symlink: /home/herring/rzddzy/ros2_ws/install/franka_msgs/include/franka_msgs/franka_msgs/action/detail/grasp__rosidl_typesupport_introspection_c.h
[1.419s] -- Up-to-date symlink: /home/herring/rzddzy/ros2_ws/install/franka_msgs/include/franka_msgs/franka_msgs/action/detail/homing__rosidl_typesupport_introspection_c.h
[1.419s] -- Up-to-date symlink: /home/herring/rzddzy/ros2_ws/install/franka_msgs/include/franka_msgs/franka_msgs/action/detail/move__rosidl_typesupport_introspection_c.h
[1.419s] -- Up-to-date symlink: /home/herring/rzddzy/ros2_ws/install/franka_msgs/include/franka_msgs/franka_msgs/msg/detail/errors__rosidl_typesupport_introspection_c.h
[1.419s] -- Up-to-date symlink: /home/herring/rzddzy/ros2_ws/install/franka_msgs/include/franka_msgs/franka_msgs/msg/detail/franka_model__rosidl_typesupport_introspection_c.h
[1.419s] -- Up-to-date symlink: /home/herring/rzddzy/ros2_ws/install/franka_msgs/include/franka_msgs/franka_msgs/msg/detail/franka_state__rosidl_typesupport_introspection_c.h
[1.419s] -- Up-to-date symlink: /home/herring/rzddzy/ros2_ws/install/franka_msgs/include/franka_msgs/franka_msgs/msg/detail/grasp_epsilon__rosidl_typesupport_introspection_c.h
[1.419s] -- Up-to-date symlink: /home/herring/rzddzy/ros2_ws/install/franka_msgs/include/franka_msgs/franka_msgs/msg/detail/pose_stamped_array__rosidl_typesupport_introspection_c.h
[1.419s] -- Up-to-date symlink: /home/herring/rzddzy/ros2_ws/install/franka_msgs/include/franka_msgs/franka_msgs/msg/rosidl_typesupport_introspection_c__visibility_control.h
[1.419s] -- Up-to-date symlink: /home/herring/rzddzy/ros2_ws/install/franka_msgs/include/franka_msgs/franka_msgs/srv/detail/error_recovery__rosidl_typesupport_introspection_c.h
[1.420s] -- Up-to-date symlink: /home/herring/rzddzy/ros2_ws/install/franka_msgs/include/franka_msgs/franka_msgs/srv/detail/set_cartesian_stiffness__rosidl_typesupport_introspection_c.h
[1.420s] -- Up-to-date symlink: /home/herring/rzddzy/ros2_ws/install/franka_msgs/include/franka_msgs/franka_msgs/srv/detail/set_force_torque_collision_behavior__rosidl_typesupport_introspection_c.h
[1.420s] -- Up-to-date symlink: /home/herring/rzddzy/ros2_ws/install/franka_msgs/include/franka_msgs/franka_msgs/srv/detail/set_full_collision_behavior__rosidl_typesupport_introspection_c.h
[1.420s] -- Up-to-date symlink: /home/herring/rzddzy/ros2_ws/install/franka_msgs/include/franka_msgs/franka_msgs/srv/detail/set_joint_stiffness__rosidl_typesupport_introspection_c.h
[1.420s] -- Up-to-date symlink: /home/herring/rzddzy/ros2_ws/install/franka_msgs/include/franka_msgs/franka_msgs/srv/detail/set_load__rosidl_typesupport_introspection_c.h
[1.420s] -- Up-to-date symlink: /home/herring/rzddzy/ros2_ws/install/franka_msgs/include/franka_msgs/franka_msgs/srv/detail/set_mujoco_poses__rosidl_typesupport_introspection_c.h
[1.420s] -- Up-to-date symlink: /home/herring/rzddzy/ros2_ws/install/franka_msgs/include/franka_msgs/franka_msgs/srv/detail/set_stiffness_frame__rosidl_typesupport_introspection_c.h
[1.420s] -- Up-to-date symlink: /home/herring/rzddzy/ros2_ws/install/franka_msgs/include/franka_msgs/franka_msgs/srv/detail/set_tcp_frame__rosidl_typesupport_introspection_c.h
[1.421s] -- Up-to-date symlink: /home/herring/rzddzy/ros2_ws/install/franka_msgs/include/franka_msgs/franka_msgs/action/detail/grasp__builder.hpp
[1.421s] -- Up-to-date symlink: /home/herring/rzddzy/ros2_ws/install/franka_msgs/include/franka_msgs/franka_msgs/action/detail/grasp__struct.hpp
[1.422s] -- Up-to-date symlink: /home/herring/rzddzy/ros2_ws/install/franka_msgs/include/franka_msgs/franka_msgs/action/detail/grasp__traits.hpp
[1.422s] -- Up-to-date symlink: /home/herring/rzddzy/ros2_ws/install/franka_msgs/include/franka_msgs/franka_msgs/action/detail/grasp__type_support.hpp
[1.422s] -- Up-to-date symlink: /home/herring/rzddzy/ros2_ws/install/franka_msgs/include/franka_msgs/franka_msgs/action/detail/homing__builder.hpp
[1.422s] -- Up-to-date symlink: /home/herring/rzddzy/ros2_ws/install/franka_msgs/include/franka_msgs/franka_msgs/action/detail/homing__struct.hpp
[1.422s] -- Up-to-date symlink: /home/herring/rzddzy/ros2_ws/install/franka_msgs/include/franka_msgs/franka_msgs/action/detail/homing__traits.hpp
[1.422s] -- Up-to-date symlink: /home/herring/rzddzy/ros2_ws/install/franka_msgs/include/franka_msgs/franka_msgs/action/detail/homing__type_support.hpp
[1.422s] -- Up-to-date symlink: /home/herring/rzddzy/ros2_ws/install/franka_msgs/include/franka_msgs/franka_msgs/action/detail/move__builder.hpp
[1.422s] -- Up-to-date symlink: /home/herring/rzddzy/ros2_ws/install/franka_msgs/include/franka_msgs/franka_msgs/action/detail/move__struct.hpp
[1.422s] -- Up-to-date symlink: /home/herring/rzddzy/ros2_ws/install/franka_msgs/include/franka_msgs/franka_msgs/action/detail/move__traits.hpp
[1.423s] -- Up-to-date symlink: /home/herring/rzddzy/ros2_ws/install/franka_msgs/include/franka_msgs/franka_msgs/action/detail/move__type_support.hpp
[1.423s] -- Up-to-date symlink: /home/herring/rzddzy/ros2_ws/install/franka_msgs/include/franka_msgs/franka_msgs/action/grasp.hpp
[1.423s] -- Up-to-date symlink: /home/herring/rzddzy/ros2_ws/install/franka_msgs/include/franka_msgs/franka_msgs/action/homing.hpp
[1.423s] -- Up-to-date symlink: /home/herring/rzddzy/ros2_ws/install/franka_msgs/include/franka_msgs/franka_msgs/action/move.hpp
[1.423s] -- Up-to-date symlink: /home/herring/rzddzy/ros2_ws/install/franka_msgs/include/franka_msgs/franka_msgs/msg/detail/errors__builder.hpp
[1.423s] -- Up-to-date symlink: /home/herring/rzddzy/ros2_ws/install/franka_msgs/include/franka_msgs/franka_msgs/msg/detail/errors__struct.hpp
[1.423s] -- Up-to-date symlink: /home/herring/rzddzy/ros2_ws/install/franka_msgs/include/franka_msgs/franka_msgs/msg/detail/errors__traits.hpp
[1.423s] -- Up-to-date symlink: /home/herring/rzddzy/ros2_ws/install/franka_msgs/include/franka_msgs/franka_msgs/msg/detail/errors__type_support.hpp
[1.423s] -- Up-to-date symlink: /home/herring/rzddzy/ros2_ws/install/franka_msgs/include/franka_msgs/franka_msgs/msg/detail/franka_model__builder.hpp
[1.423s] -- Up-to-date symlink: /home/herring/rzddzy/ros2_ws/install/franka_msgs/include/franka_msgs/franka_msgs/msg/detail/franka_model__struct.hpp
[1.424s] -- Up-to-date symlink: /home/herring/rzddzy/ros2_ws/install/franka_msgs/include/franka_msgs/franka_msgs/msg/detail/franka_model__traits.hpp
[1.424s] -- Up-to-date symlink: /home/herring/rzddzy/ros2_ws/install/franka_msgs/include/franka_msgs/franka_msgs/msg/detail/franka_model__type_support.hpp
[1.424s] -- Up-to-date symlink: /home/herring/rzddzy/ros2_ws/install/franka_msgs/include/franka_msgs/franka_msgs/msg/detail/franka_state__builder.hpp
[1.424s] -- Up-to-date symlink: /home/herring/rzddzy/ros2_ws/install/franka_msgs/include/franka_msgs/franka_msgs/msg/detail/franka_state__struct.hpp
[1.424s] -- Up-to-date symlink: /home/herring/rzddzy/ros2_ws/install/franka_msgs/include/franka_msgs/franka_msgs/msg/detail/franka_state__traits.hpp
[1.424s] -- Up-to-date symlink: /home/herring/rzddzy/ros2_ws/install/franka_msgs/include/franka_msgs/franka_msgs/msg/detail/franka_state__type_support.hpp
[1.424s] -- Up-to-date symlink: /home/herring/rzddzy/ros2_ws/install/franka_msgs/include/franka_msgs/franka_msgs/msg/detail/grasp_epsilon__builder.hpp
[1.424s] -- Up-to-date symlink: /home/herring/rzddzy/ros2_ws/install/franka_msgs/include/franka_msgs/franka_msgs/msg/detail/grasp_epsilon__struct.hpp
[1.424s] -- Up-to-date symlink: /home/herring/rzddzy/ros2_ws/install/franka_msgs/include/franka_msgs/franka_msgs/msg/detail/grasp_epsilon__traits.hpp
[1.425s] -- Up-to-date symlink: /home/herring/rzddzy/ros2_ws/install/franka_msgs/include/franka_msgs/franka_msgs/msg/detail/grasp_epsilon__type_support.hpp
[1.425s] -- Up-to-date symlink: /home/herring/rzddzy/ros2_ws/install/franka_msgs/include/franka_msgs/franka_msgs/msg/detail/pose_stamped_array__builder.hpp
[1.425s] -- Up-to-date symlink: /home/herring/rzddzy/ros2_ws/install/franka_msgs/include/franka_msgs/franka_msgs/msg/detail/pose_stamped_array__struct.hpp
[1.425s] -- Up-to-date symlink: /home/herring/rzddzy/ros2_ws/install/franka_msgs/include/franka_msgs/franka_msgs/msg/detail/pose_stamped_array__traits.hpp
[1.425s] -- Up-to-date symlink: /home/herring/rzddzy/ros2_ws/install/franka_msgs/include/franka_msgs/franka_msgs/msg/detail/pose_stamped_array__type_support.hpp
[1.425s] -- Up-to-date symlink: /home/herring/rzddzy/ros2_ws/install/franka_msgs/include/franka_msgs/franka_msgs/msg/errors.hpp
[1.425s] -- Up-to-date symlink: /home/herring/rzddzy/ros2_ws/install/franka_msgs/include/franka_msgs/franka_msgs/msg/franka_model.hpp
[1.425s] -- Up-to-date symlink: /home/herring/rzddzy/ros2_ws/install/franka_msgs/include/franka_msgs/franka_msgs/msg/franka_state.hpp
[1.425s] -- Up-to-date symlink: /home/herring/rzddzy/ros2_ws/install/franka_msgs/include/franka_msgs/franka_msgs/msg/grasp_epsilon.hpp
[1.425s] -- Up-to-date symlink: /home/herring/rzddzy/ros2_ws/install/franka_msgs/include/franka_msgs/franka_msgs/msg/pose_stamped_array.hpp
[1.426s] -- Up-to-date symlink: /home/herring/rzddzy/ros2_ws/install/franka_msgs/include/franka_msgs/franka_msgs/msg/rosidl_generator_cpp__visibility_control.hpp
[1.426s] -- Up-to-date symlink: /home/herring/rzddzy/ros2_ws/install/franka_msgs/include/franka_msgs/franka_msgs/srv/detail/error_recovery__builder.hpp
[1.426s] -- Up-to-date symlink: /home/herring/rzddzy/ros2_ws/install/franka_msgs/include/franka_msgs/franka_msgs/srv/detail/error_recovery__struct.hpp
[1.426s] -- Up-to-date symlink: /home/herring/rzddzy/ros2_ws/install/franka_msgs/include/franka_msgs/franka_msgs/srv/detail/error_recovery__traits.hpp
[1.426s] -- Up-to-date symlink: /home/herring/rzddzy/ros2_ws/install/franka_msgs/include/franka_msgs/franka_msgs/srv/detail/error_recovery__type_support.hpp
[1.426s] -- Up-to-date symlink: /home/herring/rzddzy/ros2_ws/install/franka_msgs/include/franka_msgs/franka_msgs/srv/detail/set_cartesian_stiffness__builder.hpp
[1.426s] -- Up-to-date symlink: /home/herring/rzddzy/ros2_ws/install/franka_msgs/include/franka_msgs/franka_msgs/srv/detail/set_cartesian_stiffness__struct.hpp
[1.426s] -- Up-to-date symlink: /home/herring/rzddzy/ros2_ws/install/franka_msgs/include/franka_msgs/franka_msgs/srv/detail/set_cartesian_stiffness__traits.hpp
[1.426s] -- Up-to-date symlink: /home/herring/rzddzy/ros2_ws/install/franka_msgs/include/franka_msgs/franka_msgs/srv/detail/set_cartesian_stiffness__type_support.hpp
[1.427s] -- Up-to-date symlink: /home/herring/rzddzy/ros2_ws/install/franka_msgs/include/franka_msgs/franka_msgs/srv/detail/set_force_torque_collision_behavior__builder.hpp
[1.427s] -- Up-to-date symlink: /home/herring/rzddzy/ros2_ws/install/franka_msgs/include/franka_msgs/franka_msgs/srv/detail/set_force_torque_collision_behavior__struct.hpp
[1.427s] -- Up-to-date symlink: /home/herring/rzddzy/ros2_ws/install/franka_msgs/include/franka_msgs/franka_msgs/srv/detail/set_force_torque_collision_behavior__traits.hpp
[1.427s] -- Up-to-date symlink: /home/herring/rzddzy/ros2_ws/install/franka_msgs/include/franka_msgs/franka_msgs/srv/detail/set_force_torque_collision_behavior__type_support.hpp
[1.427s] -- Up-to-date symlink: /home/herring/rzddzy/ros2_ws/install/franka_msgs/include/franka_msgs/franka_msgs/srv/detail/set_full_collision_behavior__builder.hpp
[1.427s] -- Up-to-date symlink: /home/herring/rzddzy/ros2_ws/install/franka_msgs/include/franka_msgs/franka_msgs/srv/detail/set_full_collision_behavior__struct.hpp
[1.427s] -- Up-to-date symlink: /home/herring/rzddzy/ros2_ws/install/franka_msgs/include/franka_msgs/franka_msgs/srv/detail/set_full_collision_behavior__traits.hpp
[1.427s] -- Up-to-date symlink: /home/herring/rzddzy/ros2_ws/install/franka_msgs/include/franka_msgs/franka_msgs/srv/detail/set_full_collision_behavior__type_support.hpp
[1.427s] -- Up-to-date symlink: /home/herring/rzddzy/ros2_ws/install/franka_msgs/include/franka_msgs/franka_msgs/srv/detail/set_joint_stiffness__builder.hpp
[1.428s] -- Up-to-date symlink: /home/herring/rzddzy/ros2_ws/install/franka_msgs/include/franka_msgs/franka_msgs/srv/detail/set_joint_stiffness__struct.hpp
[1.428s] -- Up-to-date symlink: /home/herring/rzddzy/ros2_ws/install/franka_msgs/include/franka_msgs/franka_msgs/srv/detail/set_joint_stiffness__traits.hpp
[1.428s] -- Up-to-date symlink: /home/herring/rzddzy/ros2_ws/install/franka_msgs/include/franka_msgs/franka_msgs/srv/detail/set_joint_stiffness__type_support.hpp
[1.428s] -- Up-to-date symlink: /home/herring/rzddzy/ros2_ws/install/franka_msgs/include/franka_msgs/franka_msgs/srv/detail/set_load__builder.hpp
[1.428s] -- Up-to-date symlink: /home/herring/rzddzy/ros2_ws/install/franka_msgs/include/franka_msgs/franka_msgs/srv/detail/set_load__struct.hpp
[1.428s] -- Up-to-date symlink: /home/herring/rzddzy/ros2_ws/install/franka_msgs/include/franka_msgs/franka_msgs/srv/detail/set_load__traits.hpp
[1.428s] -- Up-to-date symlink: /home/herring/rzddzy/ros2_ws/install/franka_msgs/include/franka_msgs/franka_msgs/srv/detail/set_load__type_support.hpp
[1.428s] -- Up-to-date symlink: /home/herring/rzddzy/ros2_ws/install/franka_msgs/include/franka_msgs/franka_msgs/srv/detail/set_mujoco_poses__builder.hpp
[1.428s] -- Up-to-date symlink: /home/herring/rzddzy/ros2_ws/install/franka_msgs/include/franka_msgs/franka_msgs/srv/detail/set_mujoco_poses__struct.hpp
[1.429s] -- Up-to-date symlink: /home/herring/rzddzy/ros2_ws/install/franka_msgs/include/franka_msgs/franka_msgs/srv/detail/set_mujoco_poses__traits.hpp
[1.429s] -- Up-to-date symlink: /home/herring/rzddzy/ros2_ws/install/franka_msgs/include/franka_msgs/franka_msgs/srv/detail/set_mujoco_poses__type_support.hpp
[1.429s] -- Up-to-date symlink: /home/herring/rzddzy/ros2_ws/install/franka_msgs/include/franka_msgs/franka_msgs/srv/detail/set_stiffness_frame__builder.hpp
[1.429s] -- Up-to-date symlink: /home/herring/rzddzy/ros2_ws/install/franka_msgs/include/franka_msgs/franka_msgs/srv/detail/set_stiffness_frame__struct.hpp
[1.429s] -- Up-to-date symlink: /home/herring/rzddzy/ros2_ws/install/franka_msgs/include/franka_msgs/franka_msgs/srv/detail/set_stiffness_frame__traits.hpp
[1.429s] -- Up-to-date symlink: /home/herring/rzddzy/ros2_ws/install/franka_msgs/include/franka_msgs/franka_msgs/srv/detail/set_stiffness_frame__type_support.hpp
[1.429s] -- Up-to-date symlink: /home/herring/rzddzy/ros2_ws/install/franka_msgs/include/franka_msgs/franka_msgs/srv/detail/set_tcp_frame__builder.hpp
[1.429s] -- Up-to-date symlink: /home/herring/rzddzy/ros2_ws/install/franka_msgs/include/franka_msgs/franka_msgs/srv/detail/set_tcp_frame__struct.hpp
[1.429s] -- Up-to-date symlink: /home/herring/rzddzy/ros2_ws/install/franka_msgs/include/franka_msgs/franka_msgs/srv/detail/set_tcp_frame__traits.hpp
[1.429s] -- Up-to-date symlink: /home/herring/rzddzy/ros2_ws/install/franka_msgs/include/franka_msgs/franka_msgs/srv/detail/set_tcp_frame__type_support.hpp
[1.430s] -- Up-to-date symlink: /home/herring/rzddzy/ros2_ws/install/franka_msgs/include/franka_msgs/franka_msgs/srv/error_recovery.hpp
[1.430s] -- Up-to-date symlink: /home/herring/rzddzy/ros2_ws/install/franka_msgs/include/franka_msgs/franka_msgs/srv/set_cartesian_stiffness.hpp
[1.430s] -- Up-to-date symlink: /home/herring/rzddzy/ros2_ws/install/franka_msgs/include/franka_msgs/franka_msgs/srv/set_force_torque_collision_behavior.hpp
[1.430s] -- Up-to-date symlink: /home/herring/rzddzy/ros2_ws/install/franka_msgs/include/franka_msgs/franka_msgs/srv/set_full_collision_behavior.hpp
[1.430s] -- Up-to-date symlink: /home/herring/rzddzy/ros2_ws/install/franka_msgs/include/franka_msgs/franka_msgs/srv/set_joint_stiffness.hpp
[1.430s] -- Up-to-date symlink: /home/herring/rzddzy/ros2_ws/install/franka_msgs/include/franka_msgs/franka_msgs/srv/set_load.hpp
[1.430s] -- Up-to-date symlink: /home/herring/rzddzy/ros2_ws/install/franka_msgs/include/franka_msgs/franka_msgs/srv/set_mujoco_poses.hpp
[1.430s] -- Up-to-date symlink: /home/herring/rzddzy/ros2_ws/install/franka_msgs/include/franka_msgs/franka_msgs/srv/set_stiffness_frame.hpp
[1.430s] -- Up-to-date symlink: /home/herring/rzddzy/ros2_ws/install/franka_msgs/include/franka_msgs/franka_msgs/srv/set_tcp_frame.hpp
[1.431s] -- Up-to-date symlink: /home/herring/rzddzy/ros2_ws/install/franka_msgs/include/franka_msgs/franka_msgs/action/detail/grasp__rosidl_typesupport_fastrtps_cpp.hpp
[1.432s] -- Up-to-date symlink: /home/herring/rzddzy/ros2_ws/install/franka_msgs/include/franka_msgs/franka_msgs/action/detail/homing__rosidl_typesupport_fastrtps_cpp.hpp
[1.432s] -- Up-to-date symlink: /home/herring/rzddzy/ros2_ws/install/franka_msgs/include/franka_msgs/franka_msgs/action/detail/move__rosidl_typesupport_fastrtps_cpp.hpp
[1.432s] -- Up-to-date symlink: /home/herring/rzddzy/ros2_ws/install/franka_msgs/include/franka_msgs/franka_msgs/msg/detail/errors__rosidl_typesupport_fastrtps_cpp.hpp
[1.432s] -- Up-to-date symlink: /home/herring/rzddzy/ros2_ws/install/franka_msgs/include/franka_msgs/franka_msgs/msg/detail/franka_model__rosidl_typesupport_fastrtps_cpp.hpp
[1.432s] -- Up-to-date symlink: /home/herring/rzddzy/ros2_ws/install/franka_msgs/include/franka_msgs/franka_msgs/msg/detail/franka_state__rosidl_typesupport_fastrtps_cpp.hpp
[1.432s] -- Up-to-date symlink: /home/herring/rzddzy/ros2_ws/install/franka_msgs/include/franka_msgs/franka_msgs/msg/detail/grasp_epsilon__rosidl_typesupport_fastrtps_cpp.hpp
[1.432s] -- Up-to-date symlink: /home/herring/rzddzy/ros2_ws/install/franka_msgs/include/franka_msgs/franka_msgs/msg/detail/pose_stamped_array__rosidl_typesupport_fastrtps_cpp.hpp
[1.432s] -- Up-to-date symlink: /home/herring/rzddzy/ros2_ws/install/franka_msgs/include/franka_msgs/franka_msgs/msg/rosidl_typesupport_fastrtps_cpp__visibility_control.h
[1.432s] -- Up-to-date symlink: /home/herring/rzddzy/ros2_ws/install/franka_msgs/include/franka_msgs/franka_msgs/srv/detail/error_recovery__rosidl_typesupport_fastrtps_cpp.hpp
[1.432s] -- Up-to-date symlink: /home/herring/rzddzy/ros2_ws/install/franka_msgs/include/franka_msgs/franka_msgs/srv/detail/set_cartesian_stiffness__rosidl_typesupport_fastrtps_cpp.hpp
[1.433s] -- Up-to-date symlink: /home/herring/rzddzy/ros2_ws/install/franka_msgs/include/franka_msgs/franka_msgs/srv/detail/set_force_torque_collision_behavior__rosidl_typesupport_fastrtps_cpp.hpp
[1.433s] -- Up-to-date symlink: /home/herring/rzddzy/ros2_ws/install/franka_msgs/include/franka_msgs/franka_msgs/srv/detail/set_full_collision_behavior__rosidl_typesupport_fastrtps_cpp.hpp
[1.433s] -- Up-to-date symlink: /home/herring/rzddzy/ros2_ws/install/franka_msgs/include/franka_msgs/franka_msgs/srv/detail/set_joint_stiffness__rosidl_typesupport_fastrtps_cpp.hpp
[1.433s] -- Up-to-date symlink: /home/herring/rzddzy/ros2_ws/install/franka_msgs/include/franka_msgs/franka_msgs/srv/detail/set_load__rosidl_typesupport_fastrtps_cpp.hpp
[1.433s] -- Up-to-date symlink: /home/herring/rzddzy/ros2_ws/install/franka_msgs/include/franka_msgs/franka_msgs/srv/detail/set_mujoco_poses__rosidl_typesupport_fastrtps_cpp.hpp
[1.433s] -- Up-to-date symlink: /home/herring/rzddzy/ros2_ws/install/franka_msgs/include/franka_msgs/franka_msgs/srv/detail/set_stiffness_frame__rosidl_typesupport_fastrtps_cpp.hpp
[1.433s] -- Up-to-date symlink: /home/herring/rzddzy/ros2_ws/install/franka_msgs/include/franka_msgs/franka_msgs/srv/detail/set_tcp_frame__rosidl_typesupport_fastrtps_cpp.hpp
[1.434s] -- Up-to-date symlink: /home/herring/rzddzy/ros2_ws/install/franka_msgs/include/franka_msgs/franka_msgs/action/detail/grasp__rosidl_typesupport_introspection_cpp.hpp
[1.434s] -- Up-to-date symlink: /home/herring/rzddzy/ros2_ws/install/franka_msgs/include/franka_msgs/franka_msgs/action/detail/homing__rosidl_typesupport_introspection_cpp.hpp
[1.434s] -- Up-to-date symlink: /home/herring/rzddzy/ros2_ws/install/franka_msgs/include/franka_msgs/franka_msgs/action/detail/move__rosidl_typesupport_introspection_cpp.hpp
[1.434s] -- Up-to-date symlink: /home/herring/rzddzy/ros2_ws/install/franka_msgs/include/franka_msgs/franka_msgs/msg/detail/errors__rosidl_typesupport_introspection_cpp.hpp
[1.434s] -- Up-to-date symlink: /home/herring/rzddzy/ros2_ws/install/franka_msgs/include/franka_msgs/franka_msgs/msg/detail/franka_model__rosidl_typesupport_introspection_cpp.hpp
[1.434s] -- Up-to-date symlink: /home/herring/rzddzy/ros2_ws/install/franka_msgs/include/franka_msgs/franka_msgs/msg/detail/franka_state__rosidl_typesupport_introspection_cpp.hpp
[1.434s] -- Up-to-date symlink: /home/herring/rzddzy/ros2_ws/install/franka_msgs/include/franka_msgs/franka_msgs/msg/detail/grasp_epsilon__rosidl_typesupport_introspection_cpp.hpp
[1.434s] -- Up-to-date symlink: /home/herring/rzddzy/ros2_ws/install/franka_msgs/include/franka_msgs/franka_msgs/msg/detail/pose_stamped_array__rosidl_typesupport_introspection_cpp.hpp
[1.435s] -- Up-to-date symlink: /home/herring/rzddzy/ros2_ws/install/franka_msgs/include/franka_msgs/franka_msgs/srv/detail/error_recovery__rosidl_typesupport_introspection_cpp.hpp
[1.435s] -- Up-to-date symlink: /home/herring/rzddzy/ros2_ws/install/franka_msgs/include/franka_msgs/franka_msgs/srv/detail/set_cartesian_stiffness__rosidl_typesupport_introspection_cpp.hpp
[1.435s] -- Up-to-date symlink: /home/herring/rzddzy/ros2_ws/install/franka_msgs/include/franka_msgs/franka_msgs/srv/detail/set_force_torque_collision_behavior__rosidl_typesupport_introspection_cpp.hpp
[1.435s] -- Up-to-date symlink: /home/herring/rzddzy/ros2_ws/install/franka_msgs/include/franka_msgs/franka_msgs/srv/detail/set_full_collision_behavior__rosidl_typesupport_introspection_cpp.hpp
[1.435s] -- Up-to-date symlink: /home/herring/rzddzy/ros2_ws/install/franka_msgs/include/franka_msgs/franka_msgs/srv/detail/set_joint_stiffness__rosidl_typesupport_introspection_cpp.hpp
[1.435s] -- Up-to-date symlink: /home/herring/rzddzy/ros2_ws/install/franka_msgs/include/franka_msgs/franka_msgs/srv/detail/set_load__rosidl_typesupport_introspection_cpp.hpp
[1.435s] -- Up-to-date symlink: /home/herring/rzddzy/ros2_ws/install/franka_msgs/include/franka_msgs/franka_msgs/srv/detail/set_mujoco_poses__rosidl_typesupport_introspection_cpp.hpp
[1.435s] -- Up-to-date symlink: /home/herring/rzddzy/ros2_ws/install/franka_msgs/include/franka_msgs/franka_msgs/srv/detail/set_stiffness_frame__rosidl_typesupport_introspection_cpp.hpp
[1.435s] -- Up-to-date symlink: /home/herring/rzddzy/ros2_ws/install/franka_msgs/include/franka_msgs/franka_msgs/srv/detail/set_tcp_frame__rosidl_typesupport_introspection_cpp.hpp
[1.435s] -- Up-to-date symlink: /home/herring/rzddzy/ros2_ws/install/franka_msgs/share/franka_msgs/environment/pythonpath.sh
[1.436s] -- Up-to-date symlink: /home/herring/rzddzy/ros2_ws/install/franka_msgs/share/franka_msgs/environment/pythonpath.dsv
[1.436s] -- Up-to-date symlink: /home/herring/rzddzy/ros2_ws/install/franka_msgs/lib/python3.12/site-packages/franka_msgs-0.0.0-py3.12.egg-info/PKG-INFO
[1.436s] -- Up-to-date symlink: /home/herring/rzddzy/ros2_ws/install/franka_msgs/lib/python3.12/site-packages/franka_msgs-0.0.0-py3.12.egg-info/SOURCES.txt
[1.436s] -- Up-to-date symlink: /home/herring/rzddzy/ros2_ws/install/franka_msgs/lib/python3.12/site-packages/franka_msgs-0.0.0-py3.12.egg-info/dependency_links.txt
[1.436s] -- Up-to-date symlink: /home/herring/rzddzy/ros2_ws/install/franka_msgs/lib/python3.12/site-packages/franka_msgs-0.0.0-py3.12.egg-info/top_level.txt
[1.437s] -- Up-to-date symlink: /home/herring/rzddzy/ros2_ws/install/franka_msgs/lib/python3.12/site-packages/franka_msgs/__init__.py
[1.437s] -- Up-to-date symlink: /home/herring/rzddzy/ros2_ws/install/franka_msgs/lib/python3.12/site-packages/franka_msgs/_franka_msgs_s.ep.rosidl_typesupport_c.c
[1.437s] -- Up-to-date symlink: /home/herring/rzddzy/ros2_ws/install/franka_msgs/lib/python3.12/site-packages/franka_msgs/_franka_msgs_s.ep.rosidl_typesupport_fastrtps_c.c
[1.438s] -- Up-to-date symlink: /home/herring/rzddzy/ros2_ws/install/franka_msgs/lib/python3.12/site-packages/franka_msgs/_franka_msgs_s.ep.rosidl_typesupport_introspection_c.c
[1.438s] -- Up-to-date symlink: /home/herring/rzddzy/ros2_ws/install/franka_msgs/lib/python3.12/site-packages/franka_msgs/action/__init__.py
[1.438s] -- Up-to-date symlink: /home/herring/rzddzy/ros2_ws/install/franka_msgs/lib/python3.12/site-packages/franka_msgs/action/_grasp.py
[1.438s] -- Up-to-date symlink: /home/herring/rzddzy/ros2_ws/install/franka_msgs/lib/python3.12/site-packages/franka_msgs/action/_grasp_s.c
[1.438s] -- Up-to-date symlink: /home/herring/rzddzy/ros2_ws/install/franka_msgs/lib/python3.12/site-packages/franka_msgs/action/_homing.py
[1.438s] -- Up-to-date symlink: /home/herring/rzddzy/ros2_ws/install/franka_msgs/lib/python3.12/site-packages/franka_msgs/action/_homing_s.c
[1.438s] -- Up-to-date symlink: /home/herring/rzddzy/ros2_ws/install/franka_msgs/lib/python3.12/site-packages/franka_msgs/action/_move.py
[1.438s] -- Up-to-date symlink: /home/herring/rzddzy/ros2_ws/install/franka_msgs/lib/python3.12/site-packages/franka_msgs/action/_move_s.c
[1.438s] -- Up-to-date symlink: /home/herring/rzddzy/ros2_ws/install/franka_msgs/lib/python3.12/site-packages/franka_msgs/franka_msgs_s__rosidl_typesupport_c.so
[1.438s] -- Up-to-date symlink: /home/herring/rzddzy/ros2_ws/install/franka_msgs/lib/python3.12/site-packages/franka_msgs/franka_msgs_s__rosidl_typesupport_fastrtps_c.so
[1.439s] -- Up-to-date symlink: /home/herring/rzddzy/ros2_ws/install/franka_msgs/lib/python3.12/site-packages/franka_msgs/franka_msgs_s__rosidl_typesupport_introspection_c.so
[1.439s] -- Up-to-date symlink: /home/herring/rzddzy/ros2_ws/install/franka_msgs/lib/python3.12/site-packages/franka_msgs/msg/__init__.py
[1.439s] -- Up-to-date symlink: /home/herring/rzddzy/ros2_ws/install/franka_msgs/lib/python3.12/site-packages/franka_msgs/msg/_errors.py
[1.439s] -- Up-to-date symlink: /home/herring/rzddzy/ros2_ws/install/franka_msgs/lib/python3.12/site-packages/franka_msgs/msg/_errors_s.c
[1.439s] -- Up-to-date symlink: /home/herring/rzddzy/ros2_ws/install/franka_msgs/lib/python3.12/site-packages/franka_msgs/msg/_franka_model.py
[1.439s] -- Up-to-date symlink: /home/herring/rzddzy/ros2_ws/install/franka_msgs/lib/python3.12/site-packages/franka_msgs/msg/_franka_model_s.c
[1.439s] -- Up-to-date symlink: /home/herring/rzddzy/ros2_ws/install/franka_msgs/lib/python3.12/site-packages/franka_msgs/msg/_franka_state.py
[1.439s] -- Up-to-date symlink: /home/herring/rzddzy/ros2_ws/install/franka_msgs/lib/python3.12/site-packages/franka_msgs/msg/_franka_state_s.c
[1.439s] -- Up-to-date symlink: /home/herring/rzddzy/ros2_ws/install/franka_msgs/lib/python3.12/site-packages/franka_msgs/msg/_grasp_epsilon.py
[1.439s] -- Up-to-date symlink: /home/herring/rzddzy/ros2_ws/install/franka_msgs/lib/python3.12/site-packages/franka_msgs/msg/_grasp_epsilon_s.c
[1.440s] -- Up-to-date symlink: /home/herring/rzddzy/ros2_ws/install/franka_msgs/lib/python3.12/site-packages/franka_msgs/msg/_pose_stamped_array.py
[1.440s] -- Up-to-date symlink: /home/herring/rzddzy/ros2_ws/install/franka_msgs/lib/python3.12/site-packages/franka_msgs/msg/_pose_stamped_array_s.c
[1.440s] -- Up-to-date symlink: /home/herring/rzddzy/ros2_ws/install/franka_msgs/lib/python3.12/site-packages/franka_msgs/srv/__init__.py
[1.440s] -- Up-to-date symlink: /home/herring/rzddzy/ros2_ws/install/franka_msgs/lib/python3.12/site-packages/franka_msgs/srv/_error_recovery.py
[1.440s] -- Up-to-date symlink: /home/herring/rzddzy/ros2_ws/install/franka_msgs/lib/python3.12/site-packages/franka_msgs/srv/_error_recovery_s.c
[1.440s] -- Up-to-date symlink: /home/herring/rzddzy/ros2_ws/install/franka_msgs/lib/python3.12/site-packages/franka_msgs/srv/_set_cartesian_stiffness.py
[1.440s] -- Up-to-date symlink: /home/herring/rzddzy/ros2_ws/install/franka_msgs/lib/python3.12/site-packages/franka_msgs/srv/_set_cartesian_stiffness_s.c
[1.440s] -- Up-to-date symlink: /home/herring/rzddzy/ros2_ws/install/franka_msgs/lib/python3.12/site-packages/franka_msgs/srv/_set_force_torque_collision_behavior.py
[1.440s] -- Up-to-date symlink: /home/herring/rzddzy/ros2_ws/install/franka_msgs/lib/python3.12/site-packages/franka_msgs/srv/_set_force_torque_collision_behavior_s.c
[1.440s] -- Up-to-date symlink: /home/herring/rzddzy/ros2_ws/install/franka_msgs/lib/python3.12/site-packages/franka_msgs/srv/_set_full_collision_behavior.py
[1.441s] -- Up-to-date symlink: /home/herring/rzddzy/ros2_ws/install/franka_msgs/lib/python3.12/site-packages/franka_msgs/srv/_set_full_collision_behavior_s.c
[1.441s] -- Up-to-date symlink: /home/herring/rzddzy/ros2_ws/install/franka_msgs/lib/python3.12/site-packages/franka_msgs/srv/_set_joint_stiffness.py
[1.441s] -- Up-to-date symlink: /home/herring/rzddzy/ros2_ws/install/franka_msgs/lib/python3.12/site-packages/franka_msgs/srv/_set_joint_stiffness_s.c
[1.441s] -- Up-to-date symlink: /home/herring/rzddzy/ros2_ws/install/franka_msgs/lib/python3.12/site-packages/franka_msgs/srv/_set_load.py
[1.441s] -- Up-to-date symlink: /home/herring/rzddzy/ros2_ws/install/franka_msgs/lib/python3.12/site-packages/franka_msgs/srv/_set_load_s.c
[1.441s] -- Up-to-date symlink: /home/herring/rzddzy/ros2_ws/install/franka_msgs/lib/python3.12/site-packages/franka_msgs/srv/_set_mujoco_poses.py
[1.441s] -- Up-to-date symlink: /home/herring/rzddzy/ros2_ws/install/franka_msgs/lib/python3.12/site-packages/franka_msgs/srv/_set_mujoco_poses_s.c
[1.441s] -- Up-to-date symlink: /home/herring/rzddzy/ros2_ws/install/franka_msgs/lib/python3.12/site-packages/franka_msgs/srv/_set_stiffness_frame.py
[1.441s] -- Up-to-date symlink: /home/herring/rzddzy/ros2_ws/install/franka_msgs/lib/python3.12/site-packages/franka_msgs/srv/_set_stiffness_frame_s.c
[1.442s] -- Up-to-date symlink: /home/herring/rzddzy/ros2_ws/install/franka_msgs/lib/python3.12/site-packages/franka_msgs/srv/_set_tcp_frame.py
[1.442s] -- Up-to-date symlink: /home/herring/rzddzy/ros2_ws/install/franka_msgs/lib/python3.12/site-packages/franka_msgs/srv/_set_tcp_frame_s.c
[1.442s] -- Up-to-date symlink: /home/herring/rzddzy/ros2_ws/install/franka_msgs/lib/python3.12/site-packages/franka_msgs/franka_msgs_s__rosidl_typesupport_fastrtps_c.so
[1.442s] -- Up-to-date symlink: /home/herring/rzddzy/ros2_ws/install/franka_msgs/lib/python3.12/site-packages/franka_msgs/franka_msgs_s__rosidl_typesupport_introspection_c.so
[1.442s] -- Up-to-date symlink: /home/herring/rzddzy/ros2_ws/install/franka_msgs/lib/python3.12/site-packages/franka_msgs/franka_msgs_s__rosidl_typesupport_c.so
[1.443s] -- Up-to-date symlink: /home/herring/rzddzy/ros2_ws/install/franka_msgs/share/franka_msgs/msg/GraspEpsilon.idl
[1.443s] -- Up-to-date symlink: /home/herring/rzddzy/ros2_ws/install/franka_msgs/share/franka_msgs/msg/FrankaState.idl
[1.443s] -- Up-to-date symlink: /home/herring/rzddzy/ros2_ws/install/franka_msgs/share/franka_msgs/msg/FrankaModel.idl
[1.443s] -- Up-to-date symlink: /home/herring/rzddzy/ros2_ws/install/franka_msgs/share/franka_msgs/msg/Errors.idl
[1.443s] -- Up-to-date symlink: /home/herring/rzddzy/ros2_ws/install/franka_msgs/share/franka_msgs/msg/PoseStampedArray.idl
[1.443s] -- Up-to-date symlink: /home/herring/rzddzy/ros2_ws/install/franka_msgs/share/franka_msgs/action/Grasp.idl
[1.443s] -- Up-to-date symlink: /home/herring/rzddzy/ros2_ws/install/franka_msgs/share/franka_msgs/action/Homing.idl
[1.443s] -- Up-to-date symlink: /home/herring/rzddzy/ros2_ws/install/franka_msgs/share/franka_msgs/action/Move.idl
[1.444s] -- Up-to-date symlink: /home/herring/rzddzy/ros2_ws/install/franka_msgs/share/franka_msgs/srv/ErrorRecovery.idl
[1.444s] -- Up-to-date symlink: /home/herring/rzddzy/ros2_ws/install/franka_msgs/share/franka_msgs/srv/SetCartesianStiffness.idl
[1.444s] -- Up-to-date symlink: /home/herring/rzddzy/ros2_ws/install/franka_msgs/share/franka_msgs/srv/SetTCPFrame.idl
[1.444s] -- Up-to-date symlink: /home/herring/rzddzy/ros2_ws/install/franka_msgs/share/franka_msgs/srv/SetForceTorqueCollisionBehavior.idl
[1.444s] -- Up-to-date symlink: /home/herring/rzddzy/ros2_ws/install/franka_msgs/share/franka_msgs/srv/SetFullCollisionBehavior.idl
[1.444s] -- Up-to-date symlink: /home/herring/rzddzy/ros2_ws/install/franka_msgs/share/franka_msgs/srv/SetJointStiffness.idl
[1.444s] -- Up-to-date symlink: /home/herring/rzddzy/ros2_ws/install/franka_msgs/share/franka_msgs/srv/SetStiffnessFrame.idl
[1.445s] -- Up-to-date symlink: /home/herring/rzddzy/ros2_ws/install/franka_msgs/share/franka_msgs/srv/SetLoad.idl
[1.445s] -- Up-to-date symlink: /home/herring/rzddzy/ros2_ws/install/franka_msgs/share/franka_msgs/srv/SetMujocoPoses.idl
[1.445s] -- Up-to-date symlink: /home/herring/rzddzy/ros2_ws/install/franka_msgs/share/franka_msgs/msg/GraspEpsilon.msg
[1.445s] -- Up-to-date symlink: /home/herring/rzddzy/ros2_ws/install/franka_msgs/share/franka_msgs/msg/FrankaState.msg
[1.445s] -- Up-to-date symlink: /home/herring/rzddzy/ros2_ws/install/franka_msgs/share/franka_msgs/msg/FrankaModel.msg
[1.446s] -- Up-to-date symlink: /home/herring/rzddzy/ros2_ws/install/franka_msgs/share/franka_msgs/msg/Errors.msg
[1.446s] -- Up-to-date symlink: /home/herring/rzddzy/ros2_ws/install/franka_msgs/share/franka_msgs/msg/PoseStampedArray.msg
[1.446s] -- Up-to-date symlink: /home/herring/rzddzy/ros2_ws/install/franka_msgs/share/franka_msgs/action/Grasp.action
[1.446s] -- Up-to-date symlink: /home/herring/rzddzy/ros2_ws/install/franka_msgs/share/franka_msgs/action/Homing.action
[1.446s] -- Up-to-date symlink: /home/herring/rzddzy/ros2_ws/install/franka_msgs/share/franka_msgs/action/Move.action
[1.446s] -- Up-to-date symlink: /home/herring/rzddzy/ros2_ws/install/franka_msgs/share/franka_msgs/srv/ErrorRecovery.srv
[1.446s] -- Up-to-date symlink: /home/herring/rzddzy/ros2_ws/install/franka_msgs/share/franka_msgs/srv/SetCartesianStiffness.srv
[1.446s] -- Up-to-date symlink: /home/herring/rzddzy/ros2_ws/install/franka_msgs/share/franka_msgs/srv/SetTCPFrame.srv
[1.447s] -- Up-to-date symlink: /home/herring/rzddzy/ros2_ws/install/franka_msgs/share/franka_msgs/srv/SetForceTorqueCollisionBehavior.srv
[1.447s] -- Up-to-date symlink: /home/herring/rzddzy/ros2_ws/install/franka_msgs/share/franka_msgs/srv/SetFullCollisionBehavior.srv
[1.447s] -- Up-to-date symlink: /home/herring/rzddzy/ros2_ws/install/franka_msgs/share/franka_msgs/srv/SetJointStiffness.srv
[1.447s] -- Up-to-date symlink: /home/herring/rzddzy/ros2_ws/install/franka_msgs/share/franka_msgs/srv/SetStiffnessFrame.srv
[1.447s] -- Up-to-date symlink: /home/herring/rzddzy/ros2_ws/install/franka_msgs/share/franka_msgs/srv/SetLoad.srv
[1.447s] -- Up-to-date symlink: /home/herring/rzddzy/ros2_ws/install/franka_msgs/share/franka_msgs/srv/SetMujocoPoses.srv
[1.447s] -- Up-to-date symlink: /home/herring/rzddzy/ros2_ws/install/franka_msgs/share/ament_index/resource_index/package_run_dependencies/franka_msgs
[1.447s] -- Up-to-date symlink: /home/herring/rzddzy/ros2_ws/install/franka_msgs/share/ament_index/resource_index/parent_prefix_path/franka_msgs
[1.448s] -- Up-to-date symlink: /home/herring/rzddzy/ros2_ws/install/franka_msgs/share/franka_msgs/environment/ament_prefix_path.sh
[1.448s] -- Up-to-date symlink: /home/herring/rzddzy/ros2_ws/install/franka_msgs/share/franka_msgs/environment/ament_prefix_path.dsv
[1.448s] -- Up-to-date symlink: /home/herring/rzddzy/ros2_ws/install/franka_msgs/share/franka_msgs/environment/path.sh
[1.448s] -- Up-to-date symlink: /home/herring/rzddzy/ros2_ws/install/franka_msgs/share/franka_msgs/environment/path.dsv
[1.449s] -- Up-to-date symlink: /home/herring/rzddzy/ros2_ws/install/franka_msgs/share/franka_msgs/local_setup.bash
[1.449s] -- Up-to-date symlink: /home/herring/rzddzy/ros2_ws/install/franka_msgs/share/franka_msgs/local_setup.sh
[1.449s] -- Up-to-date symlink: /home/herring/rzddzy/ros2_ws/install/franka_msgs/share/franka_msgs/local_setup.zsh
[1.449s] -- Up-to-date symlink: /home/herring/rzddzy/ros2_ws/install/franka_msgs/share/franka_msgs/local_setup.dsv
[1.449s] -- Symlinking: /home/herring/rzddzy/ros2_ws/install/franka_msgs/share/franka_msgs/package.dsv
[1.457s] -- Up-to-date symlink: /home/herring/rzddzy/ros2_ws/install/franka_msgs/share/ament_index/resource_index/packages/franka_msgs
[1.458s] -- Up-to-date symlink: /home/herring/rzddzy/ros2_ws/install/franka_msgs/share/franka_msgs/cmake/rosidl_cmake-extras.cmake
[1.458s] -- Up-to-date symlink: /home/herring/rzddzy/ros2_ws/install/franka_msgs/share/franka_msgs/cmake/ament_cmake_export_dependencies-extras.cmake
[1.458s] -- Up-to-date symlink: /home/herring/rzddzy/ros2_ws/install/franka_msgs/share/franka_msgs/cmake/ament_cmake_export_include_directories-extras.cmake
[1.458s] -- Up-to-date symlink: /home/herring/rzddzy/ros2_ws/install/franka_msgs/share/franka_msgs/cmake/ament_cmake_export_libraries-extras.cmake
[1.458s] -- Up-to-date symlink: /home/herring/rzddzy/ros2_ws/install/franka_msgs/share/franka_msgs/cmake/ament_cmake_export_targets-extras.cmake
[1.459s] -- Up-to-date symlink: /home/herring/rzddzy/ros2_ws/install/franka_msgs/share/franka_msgs/cmake/rosidl_cmake_export_typesupport_targets-extras.cmake
[1.459s] -- Up-to-date symlink: /home/herring/rzddzy/ros2_ws/install/franka_msgs/share/franka_msgs/cmake/rosidl_cmake_export_typesupport_libraries-extras.cmake
[1.459s] -- Up-to-date symlink: /home/herring/rzddzy/ros2_ws/install/franka_msgs/share/franka_msgs/cmake/franka_msgsConfig.cmake
[1.459s] -- Up-to-date symlink: /home/herring/rzddzy/ros2_ws/install/franka_msgs/share/franka_msgs/cmake/franka_msgsConfig-version.cmake
[1.459s] -- Up-to-date symlink: /home/herring/rzddzy/ros2_ws/install/franka_msgs/share/franka_msgs/package.xml
[1.459s] -- Up-to-date: /home/herring/rzddzy/ros2_ws/install/franka_msgs/lib/libfranka_msgs__rosidl_generator_c.so
[1.459s] -- Up-to-date: /home/herring/rzddzy/ros2_ws/install/franka_msgs/lib/libfranka_msgs__rosidl_typesupport_fastrtps_c.so
[1.460s] -- Up-to-date: /home/herring/rzddzy/ros2_ws/install/franka_msgs/lib/libfranka_msgs__rosidl_typesupport_introspection_c.so
[1.460s] -- Up-to-date: /home/herring/rzddzy/ros2_ws/install/franka_msgs/lib/libfranka_msgs__rosidl_typesupport_c.so
[1.460s] -- Up-to-date: /home/herring/rzddzy/ros2_ws/install/franka_msgs/lib/libfranka_msgs__rosidl_typesupport_fastrtps_cpp.so
[1.460s] -- Up-to-date: /home/herring/rzddzy/ros2_ws/install/franka_msgs/lib/libfranka_msgs__rosidl_typesupport_introspection_cpp.so
[1.461s] -- Up-to-date: /home/herring/rzddzy/ros2_ws/install/franka_msgs/lib/libfranka_msgs__rosidl_typesupport_cpp.so
[1.487s] Listing '/home/herring/rzddzy/ros2_ws/install/franka_msgs/lib/python3.12/site-packages/franka_msgs'...
[1.487s] Compiling '/home/herring/rzddzy/ros2_ws/install/franka_msgs/lib/python3.12/site-packages/franka_msgs/__init__.py'...
[1.488s] Listing '/home/herring/rzddzy/ros2_ws/install/franka_msgs/lib/python3.12/site-packages/franka_msgs/action'...
[1.488s] Listing '/home/herring/rzddzy/ros2_ws/install/franka_msgs/lib/python3.12/site-packages/franka_msgs/msg'...
[1.488s] Listing '/home/herring/rzddzy/ros2_ws/install/franka_msgs/lib/python3.12/site-packages/franka_msgs/srv'...
[1.491s] -- Up-to-date: /home/herring/rzddzy/ros2_ws/install/franka_msgs/lib/libfranka_msgs__rosidl_generator_py.so
[1.491s] -- Up-to-date: /home/herring/rzddzy/ros2_ws/install/franka_msgs/share/franka_msgs/cmake/export_franka_msgs__rosidl_generator_cExport.cmake
[1.491s] -- Up-to-date: /home/herring/rzddzy/ros2_ws/install/franka_msgs/share/franka_msgs/cmake/export_franka_msgs__rosidl_generator_cExport-noconfig.cmake
[1.492s] -- Up-to-date: /home/herring/rzddzy/ros2_ws/install/franka_msgs/share/franka_msgs/cmake/export_franka_msgs__rosidl_typesupport_fastrtps_cExport.cmake
[1.492s] -- Up-to-date: /home/herring/rzddzy/ros2_ws/install/franka_msgs/share/franka_msgs/cmake/export_franka_msgs__rosidl_typesupport_fastrtps_cExport-noconfig.cmake
[1.492s] -- Up-to-date: /home/herring/rzddzy/ros2_ws/install/franka_msgs/share/franka_msgs/cmake/franka_msgs__rosidl_typesupport_introspection_cExport.cmake
[1.492s] -- Up-to-date: /home/herring/rzddzy/ros2_ws/install/franka_msgs/share/franka_msgs/cmake/franka_msgs__rosidl_typesupport_introspection_cExport-noconfig.cmake
[1.492s] -- Up-to-date: /home/herring/rzddzy/ros2_ws/install/franka_msgs/share/franka_msgs/cmake/franka_msgs__rosidl_typesupport_cExport.cmake
[1.492s] -- Up-to-date: /home/herring/rzddzy/ros2_ws/install/franka_msgs/share/franka_msgs/cmake/franka_msgs__rosidl_typesupport_cExport-noconfig.cmake
[1.492s] -- Up-to-date: /home/herring/rzddzy/ros2_ws/install/franka_msgs/share/franka_msgs/cmake/export_franka_msgs__rosidl_generator_cppExport.cmake
[1.492s] -- Up-to-date: /home/herring/rzddzy/ros2_ws/install/franka_msgs/share/franka_msgs/cmake/export_franka_msgs__rosidl_typesupport_fastrtps_cppExport.cmake
[1.492s] -- Up-to-date: /home/herring/rzddzy/ros2_ws/install/franka_msgs/share/franka_msgs/cmake/export_franka_msgs__rosidl_typesupport_fastrtps_cppExport-noconfig.cmake
[1.492s] -- Up-to-date: /home/herring/rzddzy/ros2_ws/install/franka_msgs/share/franka_msgs/cmake/franka_msgs__rosidl_typesupport_introspection_cppExport.cmake
[1.492s] -- Up-to-date: /home/herring/rzddzy/ros2_ws/install/franka_msgs/share/franka_msgs/cmake/franka_msgs__rosidl_typesupport_introspection_cppExport-noconfig.cmake
[1.492s] -- Up-to-date: /home/herring/rzddzy/ros2_ws/install/franka_msgs/share/franka_msgs/cmake/franka_msgs__rosidl_typesupport_cppExport.cmake
[1.492s] -- Up-to-date: /home/herring/rzddzy/ros2_ws/install/franka_msgs/share/franka_msgs/cmake/franka_msgs__rosidl_typesupport_cppExport-noconfig.cmake
[1.492s] -- Up-to-date: /home/herring/rzddzy/ros2_ws/install/franka_msgs/share/franka_msgs/cmake/export_franka_msgs__rosidl_generator_pyExport.cmake
[1.492s] -- Up-to-date: /home/herring/rzddzy/ros2_ws/install/franka_msgs/share/franka_msgs/cmake/export_franka_msgs__rosidl_generator_pyExport-noconfig.cmake
[1.494s] Invoked command in '/home/herring/rzddzy/ros2_ws/build/franka_msgs' returned '0': CMAKE_PREFIX_PATH=${CMAKE_PREFIX_PATH}:/opt/ros/jazzy DEBUGINFOD_URLS=https://debuginfod.ubuntu.com /usr/bin/cmake --install /home/herring/rzddzy/ros2_ws/build/franka_msgs
