[0.013s] Invoking command in '/home/herring/rzddzy/ros2_ws/build/multi_mode_control_msgs': AMENT_PREFIX_PATH=/home/herring/rzddzy/ros2_ws/install/franka_msgs:${AMENT_PREFIX_PATH} CMAKE_PREFIX_PATH=/home/herring/rzddzy/ros2_ws/install/franka_msgs:/opt/ros/jazzy/opt/sdformat_vendor:/opt/ros/jazzy/opt/gz_math_vendor:/opt/ros/jazzy/opt/gz_utils_vendor:/opt/ros/jazzy/opt/gz_tools_vendor:/opt/ros/jazzy/opt/gz_cmake_vendor:/opt/ros/jazzy DEBUGINFOD_URLS=https://debuginfod.ubuntu.com LD_LIBRARY_PATH=/home/herring/rzddzy/ros2_ws/install/franka_msgs/lib:${LD_LIBRARY_PATH} PYTHONPATH=/home/herring/rzddzy/ros2_ws/install/franka_msgs/lib/python3.12/site-packages:${PYTHONPATH} /usr/bin/cmake /home/herring/rzddzy/ros2_ws/src/multi_mode_control_msgs -DAMENT_CMAKE_SYMLINK_INSTALL=1 -DCMAKE_INSTALL_PREFIX=/home/herring/rzddzy/ros2_ws/install/multi_mode_control_msgs
[0.027s] -- Found ament_cmake: 2.5.5 (/opt/ros/jazzy/share/ament_cmake/cmake)
[0.049s] -- Found Python3: /usr/bin/python3 (found version "3.12.3") found components: Interpreter 
[0.114s] -- Override CMake install command with custom implementation using symlinks instead of copying resources
[0.119s] -- Found geometry_msgs: 5.3.6 (/opt/ros/jazzy/share/geometry_msgs/cmake)
[0.141s] -- Found rosidl_generator_c: 4.6.7 (/opt/ros/jazzy/share/rosidl_generator_c/cmake)
[0.148s] -- Found rosidl_generator_cpp: 4.6.7 (/opt/ros/jazzy/share/rosidl_generator_cpp/cmake)
[0.156s] -- Using all available rosidl_typesupport_c: rosidl_typesupport_fastrtps_c;rosidl_typesupport_introspection_c
[0.165s] -- Using all available rosidl_typesupport_cpp: rosidl_typesupport_fastrtps_cpp;rosidl_typesupport_introspection_cpp
[0.197s] -- Found franka_msgs: 0.0.0 (/home/herring/rzddzy/ros2_ws/install/franka_msgs/share/franka_msgs/cmake)
[0.254s] -- Found rosidl_default_generators: 1.6.0 (/opt/ros/jazzy/share/rosidl_default_generators/cmake)
[0.261s] -- Found rosidl_adapter: 4.6.7 (/opt/ros/jazzy/share/rosidl_adapter/cmake)
[0.633s] -- Found ament_cmake_ros: 0.12.0 (/opt/ros/jazzy/share/ament_cmake_ros/cmake)
[0.989s] -- Using all available rosidl_typesupport_c: rosidl_typesupport_fastrtps_c;rosidl_typesupport_introspection_c
[1.127s] -- Using all available rosidl_typesupport_cpp: rosidl_typesupport_fastrtps_cpp;rosidl_typesupport_introspection_cpp
[1.129s] -- Found python_cmake_module: 0.11.1 (/opt/ros/jazzy/share/python_cmake_module/cmake)
[1.402s] -- Found Python3: /usr/bin/python3 (found version "3.12.3") found components: Interpreter Development NumPy Development.Module Development.Embed 
[1.451s] -- Configuring done (1.4s)
[1.543s] -- Generating done (0.1s)
[1.562s] -- Build files have been written to: /home/herring/rzddzy/ros2_ws/build/multi_mode_control_msgs
[1.574s] Invoked command in '/home/herring/rzddzy/ros2_ws/build/multi_mode_control_msgs' returned '0': AMENT_PREFIX_PATH=/home/herring/rzddzy/ros2_ws/install/franka_msgs:${AMENT_PREFIX_PATH} CMAKE_PREFIX_PATH=/home/herring/rzddzy/ros2_ws/install/franka_msgs:/opt/ros/jazzy/opt/sdformat_vendor:/opt/ros/jazzy/opt/gz_math_vendor:/opt/ros/jazzy/opt/gz_utils_vendor:/opt/ros/jazzy/opt/gz_tools_vendor:/opt/ros/jazzy/opt/gz_cmake_vendor:/opt/ros/jazzy DEBUGINFOD_URLS=https://debuginfod.ubuntu.com LD_LIBRARY_PATH=/home/herring/rzddzy/ros2_ws/install/franka_msgs/lib:${LD_LIBRARY_PATH} PYTHONPATH=/home/herring/rzddzy/ros2_ws/install/franka_msgs/lib/python3.12/site-packages:${PYTHONPATH} /usr/bin/cmake /home/herring/rzddzy/ros2_ws/src/multi_mode_control_msgs -DAMENT_CMAKE_SYMLINK_INSTALL=1 -DCMAKE_INSTALL_PREFIX=/home/herring/rzddzy/ros2_ws/install/multi_mode_control_msgs
[1.574s] Invoking command in '/home/herring/rzddzy/ros2_ws/build/multi_mode_control_msgs': AMENT_PREFIX_PATH=/home/herring/rzddzy/ros2_ws/install/franka_msgs:${AMENT_PREFIX_PATH} CMAKE_PREFIX_PATH=/home/herring/rzddzy/ros2_ws/install/franka_msgs:/opt/ros/jazzy/opt/sdformat_vendor:/opt/ros/jazzy/opt/gz_math_vendor:/opt/ros/jazzy/opt/gz_utils_vendor:/opt/ros/jazzy/opt/gz_tools_vendor:/opt/ros/jazzy/opt/gz_cmake_vendor:/opt/ros/jazzy DEBUGINFOD_URLS=https://debuginfod.ubuntu.com LD_LIBRARY_PATH=/home/herring/rzddzy/ros2_ws/install/franka_msgs/lib:${LD_LIBRARY_PATH} PYTHONPATH=/home/herring/rzddzy/ros2_ws/install/franka_msgs/lib/python3.12/site-packages:${PYTHONPATH} /usr/bin/cmake --build /home/herring/rzddzy/ros2_ws/build/multi_mode_control_msgs -- -j28 -l28
[1.646s] [  1%] Built target multi_mode_control_msgs__rosidl_generator_type_description
[1.657s] [  1%] Built target ament_cmake_python_symlink_multi_mode_control_msgs
[1.672s] [  1%] Built target multi_mode_control_msgs__cpp
[1.703s] [ 28%] Built target multi_mode_control_msgs__rosidl_generator_c
[1.740s] [ 38%] Built target multi_mode_control_msgs__rosidl_typesupport_introspection_c
[1.751s] [ 47%] Built target multi_mode_control_msgs__rosidl_typesupport_c
[1.771s] [ 57%] Built target multi_mode_control_msgs__rosidl_typesupport_cpp
[1.777s] [ 67%] Built target multi_mode_control_msgs__rosidl_typesupport_fastrtps_c
[1.780s] [ 76%] Built target multi_mode_control_msgs__rosidl_typesupport_introspection_cpp
[1.785s] [ 86%] Built target multi_mode_control_msgs__rosidl_typesupport_fastrtps_cpp
[1.819s] [ 86%] Built target multi_mode_control_msgs
[1.846s] [ 87%] Built target multi_mode_control_msgs__py
[1.892s] [ 96%] Built target multi_mode_control_msgs__rosidl_generator_py
[1.919s] [ 97%] Built target multi_mode_control_msgs_s__rosidl_typesupport_c
[1.920s] [100%] Built target multi_mode_control_msgs_s__rosidl_typesupport_fastrtps_c
[1.920s] [100%] Built target multi_mode_control_msgs_s__rosidl_typesupport_introspection_c
[1.948s] running egg_info
[1.975s] writing multi_mode_control_msgs.egg-info/PKG-INFO
[1.975s] writing dependency_links to multi_mode_control_msgs.egg-info/dependency_links.txt
[1.975s] writing top-level names to multi_mode_control_msgs.egg-info/top_level.txt
[2.021s] reading manifest file 'multi_mode_control_msgs.egg-info/SOURCES.txt'
[2.022s] writing manifest file 'multi_mode_control_msgs.egg-info/SOURCES.txt'
[2.050s] [100%] Built target ament_cmake_python_build_multi_mode_control_msgs_egg
[2.070s] Invoked command in '/home/herring/rzddzy/ros2_ws/build/multi_mode_control_msgs' returned '0': AMENT_PREFIX_PATH=/home/herring/rzddzy/ros2_ws/install/franka_msgs:${AMENT_PREFIX_PATH} CMAKE_PREFIX_PATH=/home/herring/rzddzy/ros2_ws/install/franka_msgs:/opt/ros/jazzy/opt/sdformat_vendor:/opt/ros/jazzy/opt/gz_math_vendor:/opt/ros/jazzy/opt/gz_utils_vendor:/opt/ros/jazzy/opt/gz_tools_vendor:/opt/ros/jazzy/opt/gz_cmake_vendor:/opt/ros/jazzy DEBUGINFOD_URLS=https://debuginfod.ubuntu.com LD_LIBRARY_PATH=/home/herring/rzddzy/ros2_ws/install/franka_msgs/lib:${LD_LIBRARY_PATH} PYTHONPATH=/home/herring/rzddzy/ros2_ws/install/franka_msgs/lib/python3.12/site-packages:${PYTHONPATH} /usr/bin/cmake --build /home/herring/rzddzy/ros2_ws/build/multi_mode_control_msgs -- -j28 -l28
[2.072s] Invoking command in '/home/herring/rzddzy/ros2_ws/build/multi_mode_control_msgs': AMENT_PREFIX_PATH=/home/herring/rzddzy/ros2_ws/install/franka_msgs:${AMENT_PREFIX_PATH} CMAKE_PREFIX_PATH=/home/herring/rzddzy/ros2_ws/install/franka_msgs:/opt/ros/jazzy/opt/sdformat_vendor:/opt/ros/jazzy/opt/gz_math_vendor:/opt/ros/jazzy/opt/gz_utils_vendor:/opt/ros/jazzy/opt/gz_tools_vendor:/opt/ros/jazzy/opt/gz_cmake_vendor:/opt/ros/jazzy DEBUGINFOD_URLS=https://debuginfod.ubuntu.com LD_LIBRARY_PATH=/home/herring/rzddzy/ros2_ws/install/franka_msgs/lib:${LD_LIBRARY_PATH} PYTHONPATH=/home/herring/rzddzy/ros2_ws/install/franka_msgs/lib/python3.12/site-packages:${PYTHONPATH} /usr/bin/cmake --install /home/herring/rzddzy/ros2_ws/build/multi_mode_control_msgs
[2.084s] -- Install configuration: ""
[2.085s] -- Execute custom install script
[2.085s] -- Up-to-date symlink: /home/herring/rzddzy/ros2_ws/install/multi_mode_control_msgs/share/ament_index/resource_index/rosidl_interfaces/multi_mode_control_msgs
[2.086s] -- Up-to-date symlink: /home/herring/rzddzy/ros2_ws/install/multi_mode_control_msgs/share/multi_mode_control_msgs/msg/CartesianImpedanceGoal.json
[2.086s] -- Up-to-date symlink: /home/herring/rzddzy/ros2_ws/install/multi_mode_control_msgs/share/multi_mode_control_msgs/msg/DualCartesianImpedanceGoal.json
[2.086s] -- Up-to-date symlink: /home/herring/rzddzy/ros2_ws/install/multi_mode_control_msgs/share/multi_mode_control_msgs/msg/ContactThresholds.json
[2.086s] -- Up-to-date symlink: /home/herring/rzddzy/ros2_ws/install/multi_mode_control_msgs/share/multi_mode_control_msgs/msg/Controller.json
[2.086s] -- Up-to-date symlink: /home/herring/rzddzy/ros2_ws/install/multi_mode_control_msgs/share/multi_mode_control_msgs/msg/JointArray.json
[2.086s] -- Up-to-date symlink: /home/herring/rzddzy/ros2_ws/install/multi_mode_control_msgs/share/multi_mode_control_msgs/msg/JointGoal.json
[2.086s] -- Up-to-date symlink: /home/herring/rzddzy/ros2_ws/install/multi_mode_control_msgs/share/multi_mode_control_msgs/msg/VelocityGoal.json
[2.086s] -- Up-to-date symlink: /home/herring/rzddzy/ros2_ws/install/multi_mode_control_msgs/share/multi_mode_control_msgs/msg/Wrench.json
[2.086s] -- Up-to-date symlink: /home/herring/rzddzy/ros2_ws/install/multi_mode_control_msgs/share/multi_mode_control_msgs/srv/GetControllers.json
[2.087s] -- Up-to-date symlink: /home/herring/rzddzy/ros2_ws/install/multi_mode_control_msgs/share/multi_mode_control_msgs/srv/GetRobotStates.json
[2.087s] -- Up-to-date symlink: /home/herring/rzddzy/ros2_ws/install/multi_mode_control_msgs/share/multi_mode_control_msgs/srv/SetCartesianImpedance.json
[2.087s] -- Up-to-date symlink: /home/herring/rzddzy/ros2_ws/install/multi_mode_control_msgs/share/multi_mode_control_msgs/srv/SetControllers.json
[2.087s] -- Up-to-date symlink: /home/herring/rzddzy/ros2_ws/install/multi_mode_control_msgs/share/multi_mode_control_msgs/srv/SetJointImpedance.json
[2.087s] -- Up-to-date symlink: /home/herring/rzddzy/ros2_ws/install/multi_mode_control_msgs/share/multi_mode_control_msgs/srv/SetRecoveryMode.json
[2.087s] -- Up-to-date symlink: /home/herring/rzddzy/ros2_ws/install/multi_mode_control_msgs/share/multi_mode_control_msgs/srv/SetReflex.json
[2.087s] -- Up-to-date symlink: /home/herring/rzddzy/ros2_ws/install/multi_mode_control_msgs/share/multi_mode_control_msgs/srv/SetThresholds.json
[2.087s] -- Up-to-date symlink: /home/herring/rzddzy/ros2_ws/install/multi_mode_control_msgs/share/multi_mode_control_msgs/srv/SetWorldState.json
[2.089s] -- Up-to-date symlink: /home/herring/rzddzy/ros2_ws/install/multi_mode_control_msgs/include/multi_mode_control_msgs/multi_mode_control_msgs/msg/cartesian_impedance_goal.h
[2.089s] -- Up-to-date symlink: /home/herring/rzddzy/ros2_ws/install/multi_mode_control_msgs/include/multi_mode_control_msgs/multi_mode_control_msgs/msg/contact_thresholds.h
[2.089s] -- Up-to-date symlink: /home/herring/rzddzy/ros2_ws/install/multi_mode_control_msgs/include/multi_mode_control_msgs/multi_mode_control_msgs/msg/controller.h
[2.089s] -- Up-to-date symlink: /home/herring/rzddzy/ros2_ws/install/multi_mode_control_msgs/include/multi_mode_control_msgs/multi_mode_control_msgs/msg/detail/cartesian_impedance_goal__functions.h
[2.089s] -- Up-to-date symlink: /home/herring/rzddzy/ros2_ws/install/multi_mode_control_msgs/include/multi_mode_control_msgs/multi_mode_control_msgs/msg/detail/cartesian_impedance_goal__struct.h
[2.089s] -- Up-to-date symlink: /home/herring/rzddzy/ros2_ws/install/multi_mode_control_msgs/include/multi_mode_control_msgs/multi_mode_control_msgs/msg/detail/cartesian_impedance_goal__type_support.h
[2.089s] -- Up-to-date symlink: /home/herring/rzddzy/ros2_ws/install/multi_mode_control_msgs/include/multi_mode_control_msgs/multi_mode_control_msgs/msg/detail/contact_thresholds__functions.h
[2.089s] -- Up-to-date symlink: /home/herring/rzddzy/ros2_ws/install/multi_mode_control_msgs/include/multi_mode_control_msgs/multi_mode_control_msgs/msg/detail/contact_thresholds__struct.h
[2.089s] -- Up-to-date symlink: /home/herring/rzddzy/ros2_ws/install/multi_mode_control_msgs/include/multi_mode_control_msgs/multi_mode_control_msgs/msg/detail/contact_thresholds__type_support.h
[2.089s] -- Up-to-date symlink: /home/herring/rzddzy/ros2_ws/install/multi_mode_control_msgs/include/multi_mode_control_msgs/multi_mode_control_msgs/msg/detail/controller__functions.h
[2.089s] -- Up-to-date symlink: /home/herring/rzddzy/ros2_ws/install/multi_mode_control_msgs/include/multi_mode_control_msgs/multi_mode_control_msgs/msg/detail/controller__struct.h
[2.089s] -- Up-to-date symlink: /home/herring/rzddzy/ros2_ws/install/multi_mode_control_msgs/include/multi_mode_control_msgs/multi_mode_control_msgs/msg/detail/controller__type_support.h
[2.090s] -- Up-to-date symlink: /home/herring/rzddzy/ros2_ws/install/multi_mode_control_msgs/include/multi_mode_control_msgs/multi_mode_control_msgs/msg/detail/dual_cartesian_impedance_goal__functions.h
[2.090s] -- Up-to-date symlink: /home/herring/rzddzy/ros2_ws/install/multi_mode_control_msgs/include/multi_mode_control_msgs/multi_mode_control_msgs/msg/detail/dual_cartesian_impedance_goal__struct.h
[2.090s] -- Up-to-date symlink: /home/herring/rzddzy/ros2_ws/install/multi_mode_control_msgs/include/multi_mode_control_msgs/multi_mode_control_msgs/msg/detail/dual_cartesian_impedance_goal__type_support.h
[2.090s] -- Up-to-date symlink: /home/herring/rzddzy/ros2_ws/install/multi_mode_control_msgs/include/multi_mode_control_msgs/multi_mode_control_msgs/msg/detail/joint_array__functions.h
[2.090s] -- Up-to-date symlink: /home/herring/rzddzy/ros2_ws/install/multi_mode_control_msgs/include/multi_mode_control_msgs/multi_mode_control_msgs/msg/detail/joint_array__struct.h
[2.090s] -- Up-to-date symlink: /home/herring/rzddzy/ros2_ws/install/multi_mode_control_msgs/include/multi_mode_control_msgs/multi_mode_control_msgs/msg/detail/joint_array__type_support.h
[2.090s] -- Up-to-date symlink: /home/herring/rzddzy/ros2_ws/install/multi_mode_control_msgs/include/multi_mode_control_msgs/multi_mode_control_msgs/msg/detail/joint_goal__functions.h
[2.090s] -- Up-to-date symlink: /home/herring/rzddzy/ros2_ws/install/multi_mode_control_msgs/include/multi_mode_control_msgs/multi_mode_control_msgs/msg/detail/joint_goal__struct.h
[2.090s] -- Up-to-date symlink: /home/herring/rzddzy/ros2_ws/install/multi_mode_control_msgs/include/multi_mode_control_msgs/multi_mode_control_msgs/msg/detail/joint_goal__type_support.h
[2.090s] -- Up-to-date symlink: /home/herring/rzddzy/ros2_ws/install/multi_mode_control_msgs/include/multi_mode_control_msgs/multi_mode_control_msgs/msg/detail/velocity_goal__functions.h
[2.090s] -- Up-to-date symlink: /home/herring/rzddzy/ros2_ws/install/multi_mode_control_msgs/include/multi_mode_control_msgs/multi_mode_control_msgs/msg/detail/velocity_goal__struct.h
[2.091s] -- Up-to-date symlink: /home/herring/rzddzy/ros2_ws/install/multi_mode_control_msgs/include/multi_mode_control_msgs/multi_mode_control_msgs/msg/detail/velocity_goal__type_support.h
[2.091s] -- Up-to-date symlink: /home/herring/rzddzy/ros2_ws/install/multi_mode_control_msgs/include/multi_mode_control_msgs/multi_mode_control_msgs/msg/detail/wrench__functions.h
[2.091s] -- Up-to-date symlink: /home/herring/rzddzy/ros2_ws/install/multi_mode_control_msgs/include/multi_mode_control_msgs/multi_mode_control_msgs/msg/detail/wrench__struct.h
[2.091s] -- Up-to-date symlink: /home/herring/rzddzy/ros2_ws/install/multi_mode_control_msgs/include/multi_mode_control_msgs/multi_mode_control_msgs/msg/detail/wrench__type_support.h
[2.091s] -- Up-to-date symlink: /home/herring/rzddzy/ros2_ws/install/multi_mode_control_msgs/include/multi_mode_control_msgs/multi_mode_control_msgs/msg/dual_cartesian_impedance_goal.h
[2.091s] -- Up-to-date symlink: /home/herring/rzddzy/ros2_ws/install/multi_mode_control_msgs/include/multi_mode_control_msgs/multi_mode_control_msgs/msg/joint_array.h
[2.091s] -- Up-to-date symlink: /home/herring/rzddzy/ros2_ws/install/multi_mode_control_msgs/include/multi_mode_control_msgs/multi_mode_control_msgs/msg/joint_goal.h
[2.091s] -- Up-to-date symlink: /home/herring/rzddzy/ros2_ws/install/multi_mode_control_msgs/include/multi_mode_control_msgs/multi_mode_control_msgs/msg/rosidl_generator_c__visibility_control.h
[2.092s] -- Up-to-date symlink: /home/herring/rzddzy/ros2_ws/install/multi_mode_control_msgs/include/multi_mode_control_msgs/multi_mode_control_msgs/msg/velocity_goal.h
[2.092s] -- Up-to-date symlink: /home/herring/rzddzy/ros2_ws/install/multi_mode_control_msgs/include/multi_mode_control_msgs/multi_mode_control_msgs/msg/wrench.h
[2.092s] -- Up-to-date symlink: /home/herring/rzddzy/ros2_ws/install/multi_mode_control_msgs/include/multi_mode_control_msgs/multi_mode_control_msgs/srv/detail/get_controllers__functions.h
[2.092s] -- Up-to-date symlink: /home/herring/rzddzy/ros2_ws/install/multi_mode_control_msgs/include/multi_mode_control_msgs/multi_mode_control_msgs/srv/detail/get_controllers__struct.h
[2.092s] -- Up-to-date symlink: /home/herring/rzddzy/ros2_ws/install/multi_mode_control_msgs/include/multi_mode_control_msgs/multi_mode_control_msgs/srv/detail/get_controllers__type_support.h
[2.092s] -- Up-to-date symlink: /home/herring/rzddzy/ros2_ws/install/multi_mode_control_msgs/include/multi_mode_control_msgs/multi_mode_control_msgs/srv/detail/get_robot_states__functions.h
[2.092s] -- Up-to-date symlink: /home/herring/rzddzy/ros2_ws/install/multi_mode_control_msgs/include/multi_mode_control_msgs/multi_mode_control_msgs/srv/detail/get_robot_states__struct.h
[2.092s] -- Up-to-date symlink: /home/herring/rzddzy/ros2_ws/install/multi_mode_control_msgs/include/multi_mode_control_msgs/multi_mode_control_msgs/srv/detail/get_robot_states__type_support.h
[2.093s] -- Up-to-date symlink: /home/herring/rzddzy/ros2_ws/install/multi_mode_control_msgs/include/multi_mode_control_msgs/multi_mode_control_msgs/srv/detail/set_cartesian_impedance__functions.h
[2.093s] -- Up-to-date symlink: /home/herring/rzddzy/ros2_ws/install/multi_mode_control_msgs/include/multi_mode_control_msgs/multi_mode_control_msgs/srv/detail/set_cartesian_impedance__struct.h
[2.093s] -- Up-to-date symlink: /home/herring/rzddzy/ros2_ws/install/multi_mode_control_msgs/include/multi_mode_control_msgs/multi_mode_control_msgs/srv/detail/set_cartesian_impedance__type_support.h
[2.093s] -- Up-to-date symlink: /home/herring/rzddzy/ros2_ws/install/multi_mode_control_msgs/include/multi_mode_control_msgs/multi_mode_control_msgs/srv/detail/set_controllers__functions.h
[2.093s] -- Up-to-date symlink: /home/herring/rzddzy/ros2_ws/install/multi_mode_control_msgs/include/multi_mode_control_msgs/multi_mode_control_msgs/srv/detail/set_controllers__struct.h
[2.093s] -- Up-to-date symlink: /home/herring/rzddzy/ros2_ws/install/multi_mode_control_msgs/include/multi_mode_control_msgs/multi_mode_control_msgs/srv/detail/set_controllers__type_support.h
[2.093s] -- Up-to-date symlink: /home/herring/rzddzy/ros2_ws/install/multi_mode_control_msgs/include/multi_mode_control_msgs/multi_mode_control_msgs/srv/detail/set_joint_impedance__functions.h
[2.093s] -- Up-to-date symlink: /home/herring/rzddzy/ros2_ws/install/multi_mode_control_msgs/include/multi_mode_control_msgs/multi_mode_control_msgs/srv/detail/set_joint_impedance__struct.h
[2.094s] -- Up-to-date symlink: /home/herring/rzddzy/ros2_ws/install/multi_mode_control_msgs/include/multi_mode_control_msgs/multi_mode_control_msgs/srv/detail/set_joint_impedance__type_support.h
[2.094s] -- Up-to-date symlink: /home/herring/rzddzy/ros2_ws/install/multi_mode_control_msgs/include/multi_mode_control_msgs/multi_mode_control_msgs/srv/detail/set_recovery_mode__functions.h
[2.094s] -- Up-to-date symlink: /home/herring/rzddzy/ros2_ws/install/multi_mode_control_msgs/include/multi_mode_control_msgs/multi_mode_control_msgs/srv/detail/set_recovery_mode__struct.h
[2.094s] -- Up-to-date symlink: /home/herring/rzddzy/ros2_ws/install/multi_mode_control_msgs/include/multi_mode_control_msgs/multi_mode_control_msgs/srv/detail/set_recovery_mode__type_support.h
[2.094s] -- Up-to-date symlink: /home/herring/rzddzy/ros2_ws/install/multi_mode_control_msgs/include/multi_mode_control_msgs/multi_mode_control_msgs/srv/detail/set_reflex__functions.h
[2.094s] -- Up-to-date symlink: /home/herring/rzddzy/ros2_ws/install/multi_mode_control_msgs/include/multi_mode_control_msgs/multi_mode_control_msgs/srv/detail/set_reflex__struct.h
[2.094s] -- Up-to-date symlink: /home/herring/rzddzy/ros2_ws/install/multi_mode_control_msgs/include/multi_mode_control_msgs/multi_mode_control_msgs/srv/detail/set_reflex__type_support.h
[2.094s] -- Up-to-date symlink: /home/herring/rzddzy/ros2_ws/install/multi_mode_control_msgs/include/multi_mode_control_msgs/multi_mode_control_msgs/srv/detail/set_thresholds__functions.h
[2.094s] -- Up-to-date symlink: /home/herring/rzddzy/ros2_ws/install/multi_mode_control_msgs/include/multi_mode_control_msgs/multi_mode_control_msgs/srv/detail/set_thresholds__struct.h
[2.094s] -- Up-to-date symlink: /home/herring/rzddzy/ros2_ws/install/multi_mode_control_msgs/include/multi_mode_control_msgs/multi_mode_control_msgs/srv/detail/set_thresholds__type_support.h
[2.095s] -- Up-to-date symlink: /home/herring/rzddzy/ros2_ws/install/multi_mode_control_msgs/include/multi_mode_control_msgs/multi_mode_control_msgs/srv/detail/set_world_state__functions.h
[2.095s] -- Up-to-date symlink: /home/herring/rzddzy/ros2_ws/install/multi_mode_control_msgs/include/multi_mode_control_msgs/multi_mode_control_msgs/srv/detail/set_world_state__struct.h
[2.095s] -- Up-to-date symlink: /home/herring/rzddzy/ros2_ws/install/multi_mode_control_msgs/include/multi_mode_control_msgs/multi_mode_control_msgs/srv/detail/set_world_state__type_support.h
[2.095s] -- Up-to-date symlink: /home/herring/rzddzy/ros2_ws/install/multi_mode_control_msgs/include/multi_mode_control_msgs/multi_mode_control_msgs/srv/get_controllers.h
[2.095s] -- Up-to-date symlink: /home/herring/rzddzy/ros2_ws/install/multi_mode_control_msgs/include/multi_mode_control_msgs/multi_mode_control_msgs/srv/get_robot_states.h
[2.095s] -- Up-to-date symlink: /home/herring/rzddzy/ros2_ws/install/multi_mode_control_msgs/include/multi_mode_control_msgs/multi_mode_control_msgs/srv/set_cartesian_impedance.h
[2.095s] -- Up-to-date symlink: /home/herring/rzddzy/ros2_ws/install/multi_mode_control_msgs/include/multi_mode_control_msgs/multi_mode_control_msgs/srv/set_controllers.h
[2.096s] -- Up-to-date symlink: /home/herring/rzddzy/ros2_ws/install/multi_mode_control_msgs/include/multi_mode_control_msgs/multi_mode_control_msgs/srv/set_joint_impedance.h
[2.096s] -- Up-to-date symlink: /home/herring/rzddzy/ros2_ws/install/multi_mode_control_msgs/include/multi_mode_control_msgs/multi_mode_control_msgs/srv/set_recovery_mode.h
[2.096s] -- Up-to-date symlink: /home/herring/rzddzy/ros2_ws/install/multi_mode_control_msgs/include/multi_mode_control_msgs/multi_mode_control_msgs/srv/set_reflex.h
[2.096s] -- Up-to-date symlink: /home/herring/rzddzy/ros2_ws/install/multi_mode_control_msgs/include/multi_mode_control_msgs/multi_mode_control_msgs/srv/set_thresholds.h
[2.096s] -- Up-to-date symlink: /home/herring/rzddzy/ros2_ws/install/multi_mode_control_msgs/include/multi_mode_control_msgs/multi_mode_control_msgs/srv/set_world_state.h
[2.096s] -- Up-to-date symlink: /home/herring/rzddzy/ros2_ws/install/multi_mode_control_msgs/share/multi_mode_control_msgs/environment/library_path.sh
[2.096s] -- Up-to-date symlink: /home/herring/rzddzy/ros2_ws/install/multi_mode_control_msgs/share/multi_mode_control_msgs/environment/library_path.dsv
[2.097s] -- Up-to-date symlink: /home/herring/rzddzy/ros2_ws/install/multi_mode_control_msgs/include/multi_mode_control_msgs/multi_mode_control_msgs/msg/detail/cartesian_impedance_goal__rosidl_typesupport_fastrtps_c.h
[2.098s] -- Up-to-date symlink: /home/herring/rzddzy/ros2_ws/install/multi_mode_control_msgs/include/multi_mode_control_msgs/multi_mode_control_msgs/msg/detail/contact_thresholds__rosidl_typesupport_fastrtps_c.h
[2.098s] -- Up-to-date symlink: /home/herring/rzddzy/ros2_ws/install/multi_mode_control_msgs/include/multi_mode_control_msgs/multi_mode_control_msgs/msg/detail/controller__rosidl_typesupport_fastrtps_c.h
[2.098s] -- Up-to-date symlink: /home/herring/rzddzy/ros2_ws/install/multi_mode_control_msgs/include/multi_mode_control_msgs/multi_mode_control_msgs/msg/detail/dual_cartesian_impedance_goal__rosidl_typesupport_fastrtps_c.h
[2.098s] -- Up-to-date symlink: /home/herring/rzddzy/ros2_ws/install/multi_mode_control_msgs/include/multi_mode_control_msgs/multi_mode_control_msgs/msg/detail/joint_array__rosidl_typesupport_fastrtps_c.h
[2.098s] -- Up-to-date symlink: /home/herring/rzddzy/ros2_ws/install/multi_mode_control_msgs/include/multi_mode_control_msgs/multi_mode_control_msgs/msg/detail/joint_goal__rosidl_typesupport_fastrtps_c.h
[2.098s] -- Up-to-date symlink: /home/herring/rzddzy/ros2_ws/install/multi_mode_control_msgs/include/multi_mode_control_msgs/multi_mode_control_msgs/msg/detail/velocity_goal__rosidl_typesupport_fastrtps_c.h
[2.099s] -- Up-to-date symlink: /home/herring/rzddzy/ros2_ws/install/multi_mode_control_msgs/include/multi_mode_control_msgs/multi_mode_control_msgs/msg/detail/wrench__rosidl_typesupport_fastrtps_c.h
[2.099s] -- Up-to-date symlink: /home/herring/rzddzy/ros2_ws/install/multi_mode_control_msgs/include/multi_mode_control_msgs/multi_mode_control_msgs/msg/rosidl_typesupport_fastrtps_c__visibility_control.h
[2.099s] -- Up-to-date symlink: /home/herring/rzddzy/ros2_ws/install/multi_mode_control_msgs/include/multi_mode_control_msgs/multi_mode_control_msgs/srv/detail/get_controllers__rosidl_typesupport_fastrtps_c.h
[2.099s] -- Up-to-date symlink: /home/herring/rzddzy/ros2_ws/install/multi_mode_control_msgs/include/multi_mode_control_msgs/multi_mode_control_msgs/srv/detail/get_robot_states__rosidl_typesupport_fastrtps_c.h
[2.099s] -- Up-to-date symlink: /home/herring/rzddzy/ros2_ws/install/multi_mode_control_msgs/include/multi_mode_control_msgs/multi_mode_control_msgs/srv/detail/set_cartesian_impedance__rosidl_typesupport_fastrtps_c.h
[2.099s] -- Up-to-date symlink: /home/herring/rzddzy/ros2_ws/install/multi_mode_control_msgs/include/multi_mode_control_msgs/multi_mode_control_msgs/srv/detail/set_controllers__rosidl_typesupport_fastrtps_c.h
[2.100s] -- Up-to-date symlink: /home/herring/rzddzy/ros2_ws/install/multi_mode_control_msgs/include/multi_mode_control_msgs/multi_mode_control_msgs/srv/detail/set_joint_impedance__rosidl_typesupport_fastrtps_c.h
[2.100s] -- Up-to-date symlink: /home/herring/rzddzy/ros2_ws/install/multi_mode_control_msgs/include/multi_mode_control_msgs/multi_mode_control_msgs/srv/detail/set_recovery_mode__rosidl_typesupport_fastrtps_c.h
[2.100s] -- Up-to-date symlink: /home/herring/rzddzy/ros2_ws/install/multi_mode_control_msgs/include/multi_mode_control_msgs/multi_mode_control_msgs/srv/detail/set_reflex__rosidl_typesupport_fastrtps_c.h
[2.100s] -- Up-to-date symlink: /home/herring/rzddzy/ros2_ws/install/multi_mode_control_msgs/include/multi_mode_control_msgs/multi_mode_control_msgs/srv/detail/set_thresholds__rosidl_typesupport_fastrtps_c.h
[2.100s] -- Up-to-date symlink: /home/herring/rzddzy/ros2_ws/install/multi_mode_control_msgs/include/multi_mode_control_msgs/multi_mode_control_msgs/srv/detail/set_world_state__rosidl_typesupport_fastrtps_c.h
[2.101s] -- Up-to-date symlink: /home/herring/rzddzy/ros2_ws/install/multi_mode_control_msgs/include/multi_mode_control_msgs/multi_mode_control_msgs/msg/cartesian_impedance_goal.hpp
[2.101s] -- Up-to-date symlink: /home/herring/rzddzy/ros2_ws/install/multi_mode_control_msgs/include/multi_mode_control_msgs/multi_mode_control_msgs/msg/contact_thresholds.hpp
[2.102s] -- Up-to-date symlink: /home/herring/rzddzy/ros2_ws/install/multi_mode_control_msgs/include/multi_mode_control_msgs/multi_mode_control_msgs/msg/controller.hpp
[2.102s] -- Up-to-date symlink: /home/herring/rzddzy/ros2_ws/install/multi_mode_control_msgs/include/multi_mode_control_msgs/multi_mode_control_msgs/msg/detail/cartesian_impedance_goal__builder.hpp
[2.102s] -- Up-to-date symlink: /home/herring/rzddzy/ros2_ws/install/multi_mode_control_msgs/include/multi_mode_control_msgs/multi_mode_control_msgs/msg/detail/cartesian_impedance_goal__struct.hpp
[2.102s] -- Up-to-date symlink: /home/herring/rzddzy/ros2_ws/install/multi_mode_control_msgs/include/multi_mode_control_msgs/multi_mode_control_msgs/msg/detail/cartesian_impedance_goal__traits.hpp
[2.102s] -- Up-to-date symlink: /home/herring/rzddzy/ros2_ws/install/multi_mode_control_msgs/include/multi_mode_control_msgs/multi_mode_control_msgs/msg/detail/cartesian_impedance_goal__type_support.hpp
[2.102s] -- Up-to-date symlink: /home/herring/rzddzy/ros2_ws/install/multi_mode_control_msgs/include/multi_mode_control_msgs/multi_mode_control_msgs/msg/detail/contact_thresholds__builder.hpp
[2.102s] -- Up-to-date symlink: /home/herring/rzddzy/ros2_ws/install/multi_mode_control_msgs/include/multi_mode_control_msgs/multi_mode_control_msgs/msg/detail/contact_thresholds__struct.hpp
[2.103s] -- Up-to-date symlink: /home/herring/rzddzy/ros2_ws/install/multi_mode_control_msgs/include/multi_mode_control_msgs/multi_mode_control_msgs/msg/detail/contact_thresholds__traits.hpp
[2.103s] -- Up-to-date symlink: /home/herring/rzddzy/ros2_ws/install/multi_mode_control_msgs/include/multi_mode_control_msgs/multi_mode_control_msgs/msg/detail/contact_thresholds__type_support.hpp
[2.103s] -- Up-to-date symlink: /home/herring/rzddzy/ros2_ws/install/multi_mode_control_msgs/include/multi_mode_control_msgs/multi_mode_control_msgs/msg/detail/controller__builder.hpp
[2.103s] -- Up-to-date symlink: /home/herring/rzddzy/ros2_ws/install/multi_mode_control_msgs/include/multi_mode_control_msgs/multi_mode_control_msgs/msg/detail/controller__struct.hpp
[2.103s] -- Up-to-date symlink: /home/herring/rzddzy/ros2_ws/install/multi_mode_control_msgs/include/multi_mode_control_msgs/multi_mode_control_msgs/msg/detail/controller__traits.hpp
[2.103s] -- Up-to-date symlink: /home/herring/rzddzy/ros2_ws/install/multi_mode_control_msgs/include/multi_mode_control_msgs/multi_mode_control_msgs/msg/detail/controller__type_support.hpp
[2.104s] -- Up-to-date symlink: /home/herring/rzddzy/ros2_ws/install/multi_mode_control_msgs/include/multi_mode_control_msgs/multi_mode_control_msgs/msg/detail/dual_cartesian_impedance_goal__builder.hpp
[2.104s] -- Up-to-date symlink: /home/herring/rzddzy/ros2_ws/install/multi_mode_control_msgs/include/multi_mode_control_msgs/multi_mode_control_msgs/msg/detail/dual_cartesian_impedance_goal__struct.hpp
[2.104s] -- Up-to-date symlink: /home/herring/rzddzy/ros2_ws/install/multi_mode_control_msgs/include/multi_mode_control_msgs/multi_mode_control_msgs/msg/detail/dual_cartesian_impedance_goal__traits.hpp
[2.104s] -- Up-to-date symlink: /home/herring/rzddzy/ros2_ws/install/multi_mode_control_msgs/include/multi_mode_control_msgs/multi_mode_control_msgs/msg/detail/dual_cartesian_impedance_goal__type_support.hpp
[2.104s] -- Up-to-date symlink: /home/herring/rzddzy/ros2_ws/install/multi_mode_control_msgs/include/multi_mode_control_msgs/multi_mode_control_msgs/msg/detail/joint_array__builder.hpp
[2.104s] -- Up-to-date symlink: /home/herring/rzddzy/ros2_ws/install/multi_mode_control_msgs/include/multi_mode_control_msgs/multi_mode_control_msgs/msg/detail/joint_array__struct.hpp
[2.105s] -- Up-to-date symlink: /home/herring/rzddzy/ros2_ws/install/multi_mode_control_msgs/include/multi_mode_control_msgs/multi_mode_control_msgs/msg/detail/joint_array__traits.hpp
[2.105s] -- Up-to-date symlink: /home/herring/rzddzy/ros2_ws/install/multi_mode_control_msgs/include/multi_mode_control_msgs/multi_mode_control_msgs/msg/detail/joint_array__type_support.hpp
[2.105s] -- Up-to-date symlink: /home/herring/rzddzy/ros2_ws/install/multi_mode_control_msgs/include/multi_mode_control_msgs/multi_mode_control_msgs/msg/detail/joint_goal__builder.hpp
[2.105s] -- Up-to-date symlink: /home/herring/rzddzy/ros2_ws/install/multi_mode_control_msgs/include/multi_mode_control_msgs/multi_mode_control_msgs/msg/detail/joint_goal__struct.hpp
[2.105s] -- Up-to-date symlink: /home/herring/rzddzy/ros2_ws/install/multi_mode_control_msgs/include/multi_mode_control_msgs/multi_mode_control_msgs/msg/detail/joint_goal__traits.hpp
[2.105s] -- Up-to-date symlink: /home/herring/rzddzy/ros2_ws/install/multi_mode_control_msgs/include/multi_mode_control_msgs/multi_mode_control_msgs/msg/detail/joint_goal__type_support.hpp
[2.105s] -- Up-to-date symlink: /home/herring/rzddzy/ros2_ws/install/multi_mode_control_msgs/include/multi_mode_control_msgs/multi_mode_control_msgs/msg/detail/velocity_goal__builder.hpp
[2.106s] -- Up-to-date symlink: /home/herring/rzddzy/ros2_ws/install/multi_mode_control_msgs/include/multi_mode_control_msgs/multi_mode_control_msgs/msg/detail/velocity_goal__struct.hpp
[2.106s] -- Up-to-date symlink: /home/herring/rzddzy/ros2_ws/install/multi_mode_control_msgs/include/multi_mode_control_msgs/multi_mode_control_msgs/msg/detail/velocity_goal__traits.hpp
[2.106s] -- Up-to-date symlink: /home/herring/rzddzy/ros2_ws/install/multi_mode_control_msgs/include/multi_mode_control_msgs/multi_mode_control_msgs/msg/detail/velocity_goal__type_support.hpp
[2.106s] -- Up-to-date symlink: /home/herring/rzddzy/ros2_ws/install/multi_mode_control_msgs/include/multi_mode_control_msgs/multi_mode_control_msgs/msg/detail/wrench__builder.hpp
[2.106s] -- Up-to-date symlink: /home/herring/rzddzy/ros2_ws/install/multi_mode_control_msgs/include/multi_mode_control_msgs/multi_mode_control_msgs/msg/detail/wrench__struct.hpp
[2.106s] -- Up-to-date symlink: /home/herring/rzddzy/ros2_ws/install/multi_mode_control_msgs/include/multi_mode_control_msgs/multi_mode_control_msgs/msg/detail/wrench__traits.hpp
[2.106s] -- Up-to-date symlink: /home/herring/rzddzy/ros2_ws/install/multi_mode_control_msgs/include/multi_mode_control_msgs/multi_mode_control_msgs/msg/detail/wrench__type_support.hpp
[2.107s] -- Up-to-date symlink: /home/herring/rzddzy/ros2_ws/install/multi_mode_control_msgs/include/multi_mode_control_msgs/multi_mode_control_msgs/msg/dual_cartesian_impedance_goal.hpp
[2.107s] -- Up-to-date symlink: /home/herring/rzddzy/ros2_ws/install/multi_mode_control_msgs/include/multi_mode_control_msgs/multi_mode_control_msgs/msg/joint_array.hpp
[2.107s] -- Up-to-date symlink: /home/herring/rzddzy/ros2_ws/install/multi_mode_control_msgs/include/multi_mode_control_msgs/multi_mode_control_msgs/msg/joint_goal.hpp
[2.107s] -- Up-to-date symlink: /home/herring/rzddzy/ros2_ws/install/multi_mode_control_msgs/include/multi_mode_control_msgs/multi_mode_control_msgs/msg/rosidl_generator_cpp__visibility_control.hpp
[2.107s] -- Up-to-date symlink: /home/herring/rzddzy/ros2_ws/install/multi_mode_control_msgs/include/multi_mode_control_msgs/multi_mode_control_msgs/msg/velocity_goal.hpp
[2.107s] -- Up-to-date symlink: /home/herring/rzddzy/ros2_ws/install/multi_mode_control_msgs/include/multi_mode_control_msgs/multi_mode_control_msgs/msg/wrench.hpp
[2.108s] -- Up-to-date symlink: /home/herring/rzddzy/ros2_ws/install/multi_mode_control_msgs/include/multi_mode_control_msgs/multi_mode_control_msgs/srv/detail/get_controllers__builder.hpp
[2.108s] -- Up-to-date symlink: /home/herring/rzddzy/ros2_ws/install/multi_mode_control_msgs/include/multi_mode_control_msgs/multi_mode_control_msgs/srv/detail/get_controllers__struct.hpp
[2.108s] -- Up-to-date symlink: /home/herring/rzddzy/ros2_ws/install/multi_mode_control_msgs/include/multi_mode_control_msgs/multi_mode_control_msgs/srv/detail/get_controllers__traits.hpp
[2.108s] -- Up-to-date symlink: /home/herring/rzddzy/ros2_ws/install/multi_mode_control_msgs/include/multi_mode_control_msgs/multi_mode_control_msgs/srv/detail/get_controllers__type_support.hpp
[2.108s] -- Up-to-date symlink: /home/herring/rzddzy/ros2_ws/install/multi_mode_control_msgs/include/multi_mode_control_msgs/multi_mode_control_msgs/srv/detail/get_robot_states__builder.hpp
[2.108s] -- Up-to-date symlink: /home/herring/rzddzy/ros2_ws/install/multi_mode_control_msgs/include/multi_mode_control_msgs/multi_mode_control_msgs/srv/detail/get_robot_states__struct.hpp
[2.108s] -- Up-to-date symlink: /home/herring/rzddzy/ros2_ws/install/multi_mode_control_msgs/include/multi_mode_control_msgs/multi_mode_control_msgs/srv/detail/get_robot_states__traits.hpp
[2.109s] -- Up-to-date symlink: /home/herring/rzddzy/ros2_ws/install/multi_mode_control_msgs/include/multi_mode_control_msgs/multi_mode_control_msgs/srv/detail/get_robot_states__type_support.hpp
[2.109s] -- Up-to-date symlink: /home/herring/rzddzy/ros2_ws/install/multi_mode_control_msgs/include/multi_mode_control_msgs/multi_mode_control_msgs/srv/detail/set_cartesian_impedance__builder.hpp
[2.109s] -- Up-to-date symlink: /home/herring/rzddzy/ros2_ws/install/multi_mode_control_msgs/include/multi_mode_control_msgs/multi_mode_control_msgs/srv/detail/set_cartesian_impedance__struct.hpp
[2.109s] -- Up-to-date symlink: /home/herring/rzddzy/ros2_ws/install/multi_mode_control_msgs/include/multi_mode_control_msgs/multi_mode_control_msgs/srv/detail/set_cartesian_impedance__traits.hpp
[2.109s] -- Up-to-date symlink: /home/herring/rzddzy/ros2_ws/install/multi_mode_control_msgs/include/multi_mode_control_msgs/multi_mode_control_msgs/srv/detail/set_cartesian_impedance__type_support.hpp
[2.109s] -- Up-to-date symlink: /home/herring/rzddzy/ros2_ws/install/multi_mode_control_msgs/include/multi_mode_control_msgs/multi_mode_control_msgs/srv/detail/set_controllers__builder.hpp
[2.109s] -- Up-to-date symlink: /home/herring/rzddzy/ros2_ws/install/multi_mode_control_msgs/include/multi_mode_control_msgs/multi_mode_control_msgs/srv/detail/set_controllers__struct.hpp
[2.109s] -- Up-to-date symlink: /home/herring/rzddzy/ros2_ws/install/multi_mode_control_msgs/include/multi_mode_control_msgs/multi_mode_control_msgs/srv/detail/set_controllers__traits.hpp
[2.110s] -- Up-to-date symlink: /home/herring/rzddzy/ros2_ws/install/multi_mode_control_msgs/include/multi_mode_control_msgs/multi_mode_control_msgs/srv/detail/set_controllers__type_support.hpp
[2.110s] -- Up-to-date symlink: /home/herring/rzddzy/ros2_ws/install/multi_mode_control_msgs/include/multi_mode_control_msgs/multi_mode_control_msgs/srv/detail/set_joint_impedance__builder.hpp
[2.110s] -- Up-to-date symlink: /home/herring/rzddzy/ros2_ws/install/multi_mode_control_msgs/include/multi_mode_control_msgs/multi_mode_control_msgs/srv/detail/set_joint_impedance__struct.hpp
[2.110s] -- Up-to-date symlink: /home/herring/rzddzy/ros2_ws/install/multi_mode_control_msgs/include/multi_mode_control_msgs/multi_mode_control_msgs/srv/detail/set_joint_impedance__traits.hpp
[2.110s] -- Up-to-date symlink: /home/herring/rzddzy/ros2_ws/install/multi_mode_control_msgs/include/multi_mode_control_msgs/multi_mode_control_msgs/srv/detail/set_joint_impedance__type_support.hpp
[2.110s] -- Up-to-date symlink: /home/herring/rzddzy/ros2_ws/install/multi_mode_control_msgs/include/multi_mode_control_msgs/multi_mode_control_msgs/srv/detail/set_recovery_mode__builder.hpp
[2.110s] -- Up-to-date symlink: /home/herring/rzddzy/ros2_ws/install/multi_mode_control_msgs/include/multi_mode_control_msgs/multi_mode_control_msgs/srv/detail/set_recovery_mode__struct.hpp
[2.111s] -- Up-to-date symlink: /home/herring/rzddzy/ros2_ws/install/multi_mode_control_msgs/include/multi_mode_control_msgs/multi_mode_control_msgs/srv/detail/set_recovery_mode__traits.hpp
[2.111s] -- Up-to-date symlink: /home/herring/rzddzy/ros2_ws/install/multi_mode_control_msgs/include/multi_mode_control_msgs/multi_mode_control_msgs/srv/detail/set_recovery_mode__type_support.hpp
[2.111s] -- Up-to-date symlink: /home/herring/rzddzy/ros2_ws/install/multi_mode_control_msgs/include/multi_mode_control_msgs/multi_mode_control_msgs/srv/detail/set_reflex__builder.hpp
[2.111s] -- Up-to-date symlink: /home/herring/rzddzy/ros2_ws/install/multi_mode_control_msgs/include/multi_mode_control_msgs/multi_mode_control_msgs/srv/detail/set_reflex__struct.hpp
[2.111s] -- Up-to-date symlink: /home/herring/rzddzy/ros2_ws/install/multi_mode_control_msgs/include/multi_mode_control_msgs/multi_mode_control_msgs/srv/detail/set_reflex__traits.hpp
[2.111s] -- Up-to-date symlink: /home/herring/rzddzy/ros2_ws/install/multi_mode_control_msgs/include/multi_mode_control_msgs/multi_mode_control_msgs/srv/detail/set_reflex__type_support.hpp
[2.111s] -- Up-to-date symlink: /home/herring/rzddzy/ros2_ws/install/multi_mode_control_msgs/include/multi_mode_control_msgs/multi_mode_control_msgs/srv/detail/set_thresholds__builder.hpp
[2.112s] -- Up-to-date symlink: /home/herring/rzddzy/ros2_ws/install/multi_mode_control_msgs/include/multi_mode_control_msgs/multi_mode_control_msgs/srv/detail/set_thresholds__struct.hpp
[2.112s] -- Up-to-date symlink: /home/herring/rzddzy/ros2_ws/install/multi_mode_control_msgs/include/multi_mode_control_msgs/multi_mode_control_msgs/srv/detail/set_thresholds__traits.hpp
[2.112s] -- Up-to-date symlink: /home/herring/rzddzy/ros2_ws/install/multi_mode_control_msgs/include/multi_mode_control_msgs/multi_mode_control_msgs/srv/detail/set_thresholds__type_support.hpp
[2.112s] -- Up-to-date symlink: /home/herring/rzddzy/ros2_ws/install/multi_mode_control_msgs/include/multi_mode_control_msgs/multi_mode_control_msgs/srv/detail/set_world_state__builder.hpp
[2.112s] -- Up-to-date symlink: /home/herring/rzddzy/ros2_ws/install/multi_mode_control_msgs/include/multi_mode_control_msgs/multi_mode_control_msgs/srv/detail/set_world_state__struct.hpp
[2.112s] -- Up-to-date symlink: /home/herring/rzddzy/ros2_ws/install/multi_mode_control_msgs/include/multi_mode_control_msgs/multi_mode_control_msgs/srv/detail/set_world_state__traits.hpp
[2.112s] -- Up-to-date symlink: /home/herring/rzddzy/ros2_ws/install/multi_mode_control_msgs/include/multi_mode_control_msgs/multi_mode_control_msgs/srv/detail/set_world_state__type_support.hpp
[2.113s] -- Up-to-date symlink: /home/herring/rzddzy/ros2_ws/install/multi_mode_control_msgs/include/multi_mode_control_msgs/multi_mode_control_msgs/srv/get_controllers.hpp
[2.113s] -- Up-to-date symlink: /home/herring/rzddzy/ros2_ws/install/multi_mode_control_msgs/include/multi_mode_control_msgs/multi_mode_control_msgs/srv/get_robot_states.hpp
[2.113s] -- Up-to-date symlink: /home/herring/rzddzy/ros2_ws/install/multi_mode_control_msgs/include/multi_mode_control_msgs/multi_mode_control_msgs/srv/set_cartesian_impedance.hpp
[2.113s] -- Up-to-date symlink: /home/herring/rzddzy/ros2_ws/install/multi_mode_control_msgs/include/multi_mode_control_msgs/multi_mode_control_msgs/srv/set_controllers.hpp
[2.113s] -- Up-to-date symlink: /home/herring/rzddzy/ros2_ws/install/multi_mode_control_msgs/include/multi_mode_control_msgs/multi_mode_control_msgs/srv/set_joint_impedance.hpp
[2.113s] -- Up-to-date symlink: /home/herring/rzddzy/ros2_ws/install/multi_mode_control_msgs/include/multi_mode_control_msgs/multi_mode_control_msgs/srv/set_recovery_mode.hpp
[2.114s] -- Up-to-date symlink: /home/herring/rzddzy/ros2_ws/install/multi_mode_control_msgs/include/multi_mode_control_msgs/multi_mode_control_msgs/srv/set_reflex.hpp
[2.114s] -- Up-to-date symlink: /home/herring/rzddzy/ros2_ws/install/multi_mode_control_msgs/include/multi_mode_control_msgs/multi_mode_control_msgs/srv/set_thresholds.hpp
[2.114s] -- Up-to-date symlink: /home/herring/rzddzy/ros2_ws/install/multi_mode_control_msgs/include/multi_mode_control_msgs/multi_mode_control_msgs/srv/set_world_state.hpp
[2.115s] -- Up-to-date symlink: /home/herring/rzddzy/ros2_ws/install/multi_mode_control_msgs/include/multi_mode_control_msgs/multi_mode_control_msgs/msg/detail/cartesian_impedance_goal__rosidl_typesupport_fastrtps_cpp.hpp
[2.115s] -- Up-to-date symlink: /home/herring/rzddzy/ros2_ws/install/multi_mode_control_msgs/include/multi_mode_control_msgs/multi_mode_control_msgs/msg/detail/contact_thresholds__rosidl_typesupport_fastrtps_cpp.hpp
[2.115s] -- Up-to-date symlink: /home/herring/rzddzy/ros2_ws/install/multi_mode_control_msgs/include/multi_mode_control_msgs/multi_mode_control_msgs/msg/detail/controller__rosidl_typesupport_fastrtps_cpp.hpp
[2.115s] -- Up-to-date symlink: /home/herring/rzddzy/ros2_ws/install/multi_mode_control_msgs/include/multi_mode_control_msgs/multi_mode_control_msgs/msg/detail/dual_cartesian_impedance_goal__rosidl_typesupport_fastrtps_cpp.hpp
[2.115s] -- Up-to-date symlink: /home/herring/rzddzy/ros2_ws/install/multi_mode_control_msgs/include/multi_mode_control_msgs/multi_mode_control_msgs/msg/detail/joint_array__rosidl_typesupport_fastrtps_cpp.hpp
[2.115s] -- Up-to-date symlink: /home/herring/rzddzy/ros2_ws/install/multi_mode_control_msgs/include/multi_mode_control_msgs/multi_mode_control_msgs/msg/detail/joint_goal__rosidl_typesupport_fastrtps_cpp.hpp
[2.116s] -- Up-to-date symlink: /home/herring/rzddzy/ros2_ws/install/multi_mode_control_msgs/include/multi_mode_control_msgs/multi_mode_control_msgs/msg/detail/velocity_goal__rosidl_typesupport_fastrtps_cpp.hpp
[2.116s] -- Up-to-date symlink: /home/herring/rzddzy/ros2_ws/install/multi_mode_control_msgs/include/multi_mode_control_msgs/multi_mode_control_msgs/msg/detail/wrench__rosidl_typesupport_fastrtps_cpp.hpp
[2.116s] -- Up-to-date symlink: /home/herring/rzddzy/ros2_ws/install/multi_mode_control_msgs/include/multi_mode_control_msgs/multi_mode_control_msgs/msg/rosidl_typesupport_fastrtps_cpp__visibility_control.h
[2.116s] -- Up-to-date symlink: /home/herring/rzddzy/ros2_ws/install/multi_mode_control_msgs/include/multi_mode_control_msgs/multi_mode_control_msgs/srv/detail/get_controllers__rosidl_typesupport_fastrtps_cpp.hpp
[2.116s] -- Up-to-date symlink: /home/herring/rzddzy/ros2_ws/install/multi_mode_control_msgs/include/multi_mode_control_msgs/multi_mode_control_msgs/srv/detail/get_robot_states__rosidl_typesupport_fastrtps_cpp.hpp
[2.116s] -- Up-to-date symlink: /home/herring/rzddzy/ros2_ws/install/multi_mode_control_msgs/include/multi_mode_control_msgs/multi_mode_control_msgs/srv/detail/set_cartesian_impedance__rosidl_typesupport_fastrtps_cpp.hpp
[2.116s] -- Up-to-date symlink: /home/herring/rzddzy/ros2_ws/install/multi_mode_control_msgs/include/multi_mode_control_msgs/multi_mode_control_msgs/srv/detail/set_controllers__rosidl_typesupport_fastrtps_cpp.hpp
[2.117s] -- Up-to-date symlink: /home/herring/rzddzy/ros2_ws/install/multi_mode_control_msgs/include/multi_mode_control_msgs/multi_mode_control_msgs/srv/detail/set_joint_impedance__rosidl_typesupport_fastrtps_cpp.hpp
[2.117s] -- Up-to-date symlink: /home/herring/rzddzy/ros2_ws/install/multi_mode_control_msgs/include/multi_mode_control_msgs/multi_mode_control_msgs/srv/detail/set_recovery_mode__rosidl_typesupport_fastrtps_cpp.hpp
[2.117s] -- Up-to-date symlink: /home/herring/rzddzy/ros2_ws/install/multi_mode_control_msgs/include/multi_mode_control_msgs/multi_mode_control_msgs/srv/detail/set_reflex__rosidl_typesupport_fastrtps_cpp.hpp
[2.117s] -- Up-to-date symlink: /home/herring/rzddzy/ros2_ws/install/multi_mode_control_msgs/include/multi_mode_control_msgs/multi_mode_control_msgs/srv/detail/set_thresholds__rosidl_typesupport_fastrtps_cpp.hpp
[2.117s] -- Up-to-date symlink: /home/herring/rzddzy/ros2_ws/install/multi_mode_control_msgs/include/multi_mode_control_msgs/multi_mode_control_msgs/srv/detail/set_world_state__rosidl_typesupport_fastrtps_cpp.hpp
[2.118s] -- Up-to-date symlink: /home/herring/rzddzy/ros2_ws/install/multi_mode_control_msgs/include/multi_mode_control_msgs/multi_mode_control_msgs/msg/detail/cartesian_impedance_goal__rosidl_typesupport_introspection_c.h
[2.118s] -- Up-to-date symlink: /home/herring/rzddzy/ros2_ws/install/multi_mode_control_msgs/include/multi_mode_control_msgs/multi_mode_control_msgs/msg/detail/contact_thresholds__rosidl_typesupport_introspection_c.h
[2.118s] -- Up-to-date symlink: /home/herring/rzddzy/ros2_ws/install/multi_mode_control_msgs/include/multi_mode_control_msgs/multi_mode_control_msgs/msg/detail/controller__rosidl_typesupport_introspection_c.h
[2.118s] -- Up-to-date symlink: /home/herring/rzddzy/ros2_ws/install/multi_mode_control_msgs/include/multi_mode_control_msgs/multi_mode_control_msgs/msg/detail/dual_cartesian_impedance_goal__rosidl_typesupport_introspection_c.h
[2.118s] -- Up-to-date symlink: /home/herring/rzddzy/ros2_ws/install/multi_mode_control_msgs/include/multi_mode_control_msgs/multi_mode_control_msgs/msg/detail/joint_array__rosidl_typesupport_introspection_c.h
[2.119s] -- Up-to-date symlink: /home/herring/rzddzy/ros2_ws/install/multi_mode_control_msgs/include/multi_mode_control_msgs/multi_mode_control_msgs/msg/detail/joint_goal__rosidl_typesupport_introspection_c.h
[2.119s] -- Up-to-date symlink: /home/herring/rzddzy/ros2_ws/install/multi_mode_control_msgs/include/multi_mode_control_msgs/multi_mode_control_msgs/msg/detail/velocity_goal__rosidl_typesupport_introspection_c.h
[2.119s] -- Up-to-date symlink: /home/herring/rzddzy/ros2_ws/install/multi_mode_control_msgs/include/multi_mode_control_msgs/multi_mode_control_msgs/msg/detail/wrench__rosidl_typesupport_introspection_c.h
[2.119s] -- Up-to-date symlink: /home/herring/rzddzy/ros2_ws/install/multi_mode_control_msgs/include/multi_mode_control_msgs/multi_mode_control_msgs/msg/rosidl_typesupport_introspection_c__visibility_control.h
[2.119s] -- Up-to-date symlink: /home/herring/rzddzy/ros2_ws/install/multi_mode_control_msgs/include/multi_mode_control_msgs/multi_mode_control_msgs/srv/detail/get_controllers__rosidl_typesupport_introspection_c.h
[2.119s] -- Up-to-date symlink: /home/herring/rzddzy/ros2_ws/install/multi_mode_control_msgs/include/multi_mode_control_msgs/multi_mode_control_msgs/srv/detail/get_robot_states__rosidl_typesupport_introspection_c.h
[2.120s] -- Up-to-date symlink: /home/herring/rzddzy/ros2_ws/install/multi_mode_control_msgs/include/multi_mode_control_msgs/multi_mode_control_msgs/srv/detail/set_cartesian_impedance__rosidl_typesupport_introspection_c.h
[2.120s] -- Up-to-date symlink: /home/herring/rzddzy/ros2_ws/install/multi_mode_control_msgs/include/multi_mode_control_msgs/multi_mode_control_msgs/srv/detail/set_controllers__rosidl_typesupport_introspection_c.h
[2.120s] -- Up-to-date symlink: /home/herring/rzddzy/ros2_ws/install/multi_mode_control_msgs/include/multi_mode_control_msgs/multi_mode_control_msgs/srv/detail/set_joint_impedance__rosidl_typesupport_introspection_c.h
[2.120s] -- Up-to-date symlink: /home/herring/rzddzy/ros2_ws/install/multi_mode_control_msgs/include/multi_mode_control_msgs/multi_mode_control_msgs/srv/detail/set_recovery_mode__rosidl_typesupport_introspection_c.h
[2.120s] -- Up-to-date symlink: /home/herring/rzddzy/ros2_ws/install/multi_mode_control_msgs/include/multi_mode_control_msgs/multi_mode_control_msgs/srv/detail/set_reflex__rosidl_typesupport_introspection_c.h
[2.120s] -- Up-to-date symlink: /home/herring/rzddzy/ros2_ws/install/multi_mode_control_msgs/include/multi_mode_control_msgs/multi_mode_control_msgs/srv/detail/set_thresholds__rosidl_typesupport_introspection_c.h
[2.120s] -- Up-to-date symlink: /home/herring/rzddzy/ros2_ws/install/multi_mode_control_msgs/include/multi_mode_control_msgs/multi_mode_control_msgs/srv/detail/set_world_state__rosidl_typesupport_introspection_c.h
[2.121s] -- Up-to-date symlink: /home/herring/rzddzy/ros2_ws/install/multi_mode_control_msgs/include/multi_mode_control_msgs/multi_mode_control_msgs/msg/detail/cartesian_impedance_goal__rosidl_typesupport_introspection_cpp.hpp
[2.121s] -- Up-to-date symlink: /home/herring/rzddzy/ros2_ws/install/multi_mode_control_msgs/include/multi_mode_control_msgs/multi_mode_control_msgs/msg/detail/contact_thresholds__rosidl_typesupport_introspection_cpp.hpp
[2.121s] -- Up-to-date symlink: /home/herring/rzddzy/ros2_ws/install/multi_mode_control_msgs/include/multi_mode_control_msgs/multi_mode_control_msgs/msg/detail/controller__rosidl_typesupport_introspection_cpp.hpp
[2.121s] -- Up-to-date symlink: /home/herring/rzddzy/ros2_ws/install/multi_mode_control_msgs/include/multi_mode_control_msgs/multi_mode_control_msgs/msg/detail/dual_cartesian_impedance_goal__rosidl_typesupport_introspection_cpp.hpp
[2.121s] -- Up-to-date symlink: /home/herring/rzddzy/ros2_ws/install/multi_mode_control_msgs/include/multi_mode_control_msgs/multi_mode_control_msgs/msg/detail/joint_array__rosidl_typesupport_introspection_cpp.hpp
[2.122s] -- Up-to-date symlink: /home/herring/rzddzy/ros2_ws/install/multi_mode_control_msgs/include/multi_mode_control_msgs/multi_mode_control_msgs/msg/detail/joint_goal__rosidl_typesupport_introspection_cpp.hpp
[2.122s] -- Up-to-date symlink: /home/herring/rzddzy/ros2_ws/install/multi_mode_control_msgs/include/multi_mode_control_msgs/multi_mode_control_msgs/msg/detail/velocity_goal__rosidl_typesupport_introspection_cpp.hpp
[2.122s] -- Up-to-date symlink: /home/herring/rzddzy/ros2_ws/install/multi_mode_control_msgs/include/multi_mode_control_msgs/multi_mode_control_msgs/msg/detail/wrench__rosidl_typesupport_introspection_cpp.hpp
[2.122s] -- Up-to-date symlink: /home/herring/rzddzy/ros2_ws/install/multi_mode_control_msgs/include/multi_mode_control_msgs/multi_mode_control_msgs/srv/detail/get_controllers__rosidl_typesupport_introspection_cpp.hpp
[2.122s] -- Up-to-date symlink: /home/herring/rzddzy/ros2_ws/install/multi_mode_control_msgs/include/multi_mode_control_msgs/multi_mode_control_msgs/srv/detail/get_robot_states__rosidl_typesupport_introspection_cpp.hpp
[2.122s] -- Up-to-date symlink: /home/herring/rzddzy/ros2_ws/install/multi_mode_control_msgs/include/multi_mode_control_msgs/multi_mode_control_msgs/srv/detail/set_cartesian_impedance__rosidl_typesupport_introspection_cpp.hpp
[2.122s] -- Up-to-date symlink: /home/herring/rzddzy/ros2_ws/install/multi_mode_control_msgs/include/multi_mode_control_msgs/multi_mode_control_msgs/srv/detail/set_controllers__rosidl_typesupport_introspection_cpp.hpp
[2.123s] -- Up-to-date symlink: /home/herring/rzddzy/ros2_ws/install/multi_mode_control_msgs/include/multi_mode_control_msgs/multi_mode_control_msgs/srv/detail/set_joint_impedance__rosidl_typesupport_introspection_cpp.hpp
[2.123s] -- Up-to-date symlink: /home/herring/rzddzy/ros2_ws/install/multi_mode_control_msgs/include/multi_mode_control_msgs/multi_mode_control_msgs/srv/detail/set_recovery_mode__rosidl_typesupport_introspection_cpp.hpp
[2.123s] -- Up-to-date symlink: /home/herring/rzddzy/ros2_ws/install/multi_mode_control_msgs/include/multi_mode_control_msgs/multi_mode_control_msgs/srv/detail/set_reflex__rosidl_typesupport_introspection_cpp.hpp
[2.123s] -- Up-to-date symlink: /home/herring/rzddzy/ros2_ws/install/multi_mode_control_msgs/include/multi_mode_control_msgs/multi_mode_control_msgs/srv/detail/set_thresholds__rosidl_typesupport_introspection_cpp.hpp
[2.123s] -- Up-to-date symlink: /home/herring/rzddzy/ros2_ws/install/multi_mode_control_msgs/include/multi_mode_control_msgs/multi_mode_control_msgs/srv/detail/set_world_state__rosidl_typesupport_introspection_cpp.hpp
[2.123s] -- Up-to-date symlink: /home/herring/rzddzy/ros2_ws/install/multi_mode_control_msgs/share/multi_mode_control_msgs/environment/pythonpath.sh
[2.123s] -- Up-to-date symlink: /home/herring/rzddzy/ros2_ws/install/multi_mode_control_msgs/share/multi_mode_control_msgs/environment/pythonpath.dsv
[2.124s] -- Up-to-date symlink: /home/herring/rzddzy/ros2_ws/install/multi_mode_control_msgs/lib/python3.12/site-packages/multi_mode_control_msgs-0.0.0-py3.12.egg-info/PKG-INFO
[2.124s] -- Up-to-date symlink: /home/herring/rzddzy/ros2_ws/install/multi_mode_control_msgs/lib/python3.12/site-packages/multi_mode_control_msgs-0.0.0-py3.12.egg-info/SOURCES.txt
[2.124s] -- Up-to-date symlink: /home/herring/rzddzy/ros2_ws/install/multi_mode_control_msgs/lib/python3.12/site-packages/multi_mode_control_msgs-0.0.0-py3.12.egg-info/dependency_links.txt
[2.124s] -- Up-to-date symlink: /home/herring/rzddzy/ros2_ws/install/multi_mode_control_msgs/lib/python3.12/site-packages/multi_mode_control_msgs-0.0.0-py3.12.egg-info/top_level.txt
[2.125s] -- Up-to-date symlink: /home/herring/rzddzy/ros2_ws/install/multi_mode_control_msgs/lib/python3.12/site-packages/multi_mode_control_msgs/__init__.py
[2.125s] -- Up-to-date symlink: /home/herring/rzddzy/ros2_ws/install/multi_mode_control_msgs/lib/python3.12/site-packages/multi_mode_control_msgs/_multi_mode_control_msgs_s.ep.rosidl_typesupport_c.c
[2.126s] -- Up-to-date symlink: /home/herring/rzddzy/ros2_ws/install/multi_mode_control_msgs/lib/python3.12/site-packages/multi_mode_control_msgs/_multi_mode_control_msgs_s.ep.rosidl_typesupport_fastrtps_c.c
[2.126s] -- Up-to-date symlink: /home/herring/rzddzy/ros2_ws/install/multi_mode_control_msgs/lib/python3.12/site-packages/multi_mode_control_msgs/_multi_mode_control_msgs_s.ep.rosidl_typesupport_introspection_c.c
[2.126s] -- Up-to-date symlink: /home/herring/rzddzy/ros2_ws/install/multi_mode_control_msgs/lib/python3.12/site-packages/multi_mode_control_msgs/msg/__init__.py
[2.126s] -- Up-to-date symlink: /home/herring/rzddzy/ros2_ws/install/multi_mode_control_msgs/lib/python3.12/site-packages/multi_mode_control_msgs/msg/_cartesian_impedance_goal.py
[2.126s] -- Up-to-date symlink: /home/herring/rzddzy/ros2_ws/install/multi_mode_control_msgs/lib/python3.12/site-packages/multi_mode_control_msgs/msg/_cartesian_impedance_goal_s.c
[2.126s] -- Up-to-date symlink: /home/herring/rzddzy/ros2_ws/install/multi_mode_control_msgs/lib/python3.12/site-packages/multi_mode_control_msgs/msg/_contact_thresholds.py
[2.126s] -- Up-to-date symlink: /home/herring/rzddzy/ros2_ws/install/multi_mode_control_msgs/lib/python3.12/site-packages/multi_mode_control_msgs/msg/_contact_thresholds_s.c
[2.127s] -- Up-to-date symlink: /home/herring/rzddzy/ros2_ws/install/multi_mode_control_msgs/lib/python3.12/site-packages/multi_mode_control_msgs/msg/_controller.py
[2.127s] -- Up-to-date symlink: /home/herring/rzddzy/ros2_ws/install/multi_mode_control_msgs/lib/python3.12/site-packages/multi_mode_control_msgs/msg/_controller_s.c
[2.127s] -- Up-to-date symlink: /home/herring/rzddzy/ros2_ws/install/multi_mode_control_msgs/lib/python3.12/site-packages/multi_mode_control_msgs/msg/_dual_cartesian_impedance_goal.py
[2.127s] -- Up-to-date symlink: /home/herring/rzddzy/ros2_ws/install/multi_mode_control_msgs/lib/python3.12/site-packages/multi_mode_control_msgs/msg/_dual_cartesian_impedance_goal_s.c
[2.127s] -- Up-to-date symlink: /home/herring/rzddzy/ros2_ws/install/multi_mode_control_msgs/lib/python3.12/site-packages/multi_mode_control_msgs/msg/_joint_array.py
[2.127s] -- Up-to-date symlink: /home/herring/rzddzy/ros2_ws/install/multi_mode_control_msgs/lib/python3.12/site-packages/multi_mode_control_msgs/msg/_joint_array_s.c
[2.128s] -- Up-to-date symlink: /home/herring/rzddzy/ros2_ws/install/multi_mode_control_msgs/lib/python3.12/site-packages/multi_mode_control_msgs/msg/_joint_goal.py
[2.128s] -- Up-to-date symlink: /home/herring/rzddzy/ros2_ws/install/multi_mode_control_msgs/lib/python3.12/site-packages/multi_mode_control_msgs/msg/_joint_goal_s.c
[2.128s] -- Up-to-date symlink: /home/herring/rzddzy/ros2_ws/install/multi_mode_control_msgs/lib/python3.12/site-packages/multi_mode_control_msgs/msg/_velocity_goal.py
[2.128s] -- Up-to-date symlink: /home/herring/rzddzy/ros2_ws/install/multi_mode_control_msgs/lib/python3.12/site-packages/multi_mode_control_msgs/msg/_velocity_goal_s.c
[2.128s] -- Up-to-date symlink: /home/herring/rzddzy/ros2_ws/install/multi_mode_control_msgs/lib/python3.12/site-packages/multi_mode_control_msgs/msg/_wrench.py
[2.128s] -- Up-to-date symlink: /home/herring/rzddzy/ros2_ws/install/multi_mode_control_msgs/lib/python3.12/site-packages/multi_mode_control_msgs/msg/_wrench_s.c
[2.128s] -- Up-to-date symlink: /home/herring/rzddzy/ros2_ws/install/multi_mode_control_msgs/lib/python3.12/site-packages/multi_mode_control_msgs/multi_mode_control_msgs_s__rosidl_typesupport_c.so
[2.129s] -- Up-to-date symlink: /home/herring/rzddzy/ros2_ws/install/multi_mode_control_msgs/lib/python3.12/site-packages/multi_mode_control_msgs/multi_mode_control_msgs_s__rosidl_typesupport_fastrtps_c.so
[2.129s] -- Up-to-date symlink: /home/herring/rzddzy/ros2_ws/install/multi_mode_control_msgs/lib/python3.12/site-packages/multi_mode_control_msgs/multi_mode_control_msgs_s__rosidl_typesupport_introspection_c.so
[2.129s] -- Up-to-date symlink: /home/herring/rzddzy/ros2_ws/install/multi_mode_control_msgs/lib/python3.12/site-packages/multi_mode_control_msgs/srv/__init__.py
[2.129s] -- Up-to-date symlink: /home/herring/rzddzy/ros2_ws/install/multi_mode_control_msgs/lib/python3.12/site-packages/multi_mode_control_msgs/srv/_get_controllers.py
[2.129s] -- Up-to-date symlink: /home/herring/rzddzy/ros2_ws/install/multi_mode_control_msgs/lib/python3.12/site-packages/multi_mode_control_msgs/srv/_get_controllers_s.c
[2.129s] -- Up-to-date symlink: /home/herring/rzddzy/ros2_ws/install/multi_mode_control_msgs/lib/python3.12/site-packages/multi_mode_control_msgs/srv/_get_robot_states.py
[2.129s] -- Up-to-date symlink: /home/herring/rzddzy/ros2_ws/install/multi_mode_control_msgs/lib/python3.12/site-packages/multi_mode_control_msgs/srv/_get_robot_states_s.c
[2.130s] -- Up-to-date symlink: /home/herring/rzddzy/ros2_ws/install/multi_mode_control_msgs/lib/python3.12/site-packages/multi_mode_control_msgs/srv/_set_cartesian_impedance.py
[2.130s] -- Up-to-date symlink: /home/herring/rzddzy/ros2_ws/install/multi_mode_control_msgs/lib/python3.12/site-packages/multi_mode_control_msgs/srv/_set_cartesian_impedance_s.c
[2.130s] -- Up-to-date symlink: /home/herring/rzddzy/ros2_ws/install/multi_mode_control_msgs/lib/python3.12/site-packages/multi_mode_control_msgs/srv/_set_controllers.py
[2.130s] -- Up-to-date symlink: /home/herring/rzddzy/ros2_ws/install/multi_mode_control_msgs/lib/python3.12/site-packages/multi_mode_control_msgs/srv/_set_controllers_s.c
[2.130s] -- Up-to-date symlink: /home/herring/rzddzy/ros2_ws/install/multi_mode_control_msgs/lib/python3.12/site-packages/multi_mode_control_msgs/srv/_set_joint_impedance.py
[2.130s] -- Up-to-date symlink: /home/herring/rzddzy/ros2_ws/install/multi_mode_control_msgs/lib/python3.12/site-packages/multi_mode_control_msgs/srv/_set_joint_impedance_s.c
[2.131s] -- Up-to-date symlink: /home/herring/rzddzy/ros2_ws/install/multi_mode_control_msgs/lib/python3.12/site-packages/multi_mode_control_msgs/srv/_set_recovery_mode.py
[2.131s] -- Up-to-date symlink: /home/herring/rzddzy/ros2_ws/install/multi_mode_control_msgs/lib/python3.12/site-packages/multi_mode_control_msgs/srv/_set_recovery_mode_s.c
[2.131s] -- Up-to-date symlink: /home/herring/rzddzy/ros2_ws/install/multi_mode_control_msgs/lib/python3.12/site-packages/multi_mode_control_msgs/srv/_set_reflex.py
[2.131s] -- Up-to-date symlink: /home/herring/rzddzy/ros2_ws/install/multi_mode_control_msgs/lib/python3.12/site-packages/multi_mode_control_msgs/srv/_set_reflex_s.c
[2.131s] -- Up-to-date symlink: /home/herring/rzddzy/ros2_ws/install/multi_mode_control_msgs/lib/python3.12/site-packages/multi_mode_control_msgs/srv/_set_thresholds.py
[2.131s] -- Up-to-date symlink: /home/herring/rzddzy/ros2_ws/install/multi_mode_control_msgs/lib/python3.12/site-packages/multi_mode_control_msgs/srv/_set_thresholds_s.c
[2.131s] -- Up-to-date symlink: /home/herring/rzddzy/ros2_ws/install/multi_mode_control_msgs/lib/python3.12/site-packages/multi_mode_control_msgs/srv/_set_world_state.py
[2.132s] -- Up-to-date symlink: /home/herring/rzddzy/ros2_ws/install/multi_mode_control_msgs/lib/python3.12/site-packages/multi_mode_control_msgs/srv/_set_world_state_s.c
[2.132s] -- Up-to-date symlink: /home/herring/rzddzy/ros2_ws/install/multi_mode_control_msgs/lib/python3.12/site-packages/multi_mode_control_msgs/multi_mode_control_msgs_s__rosidl_typesupport_fastrtps_c.so
[2.132s] -- Up-to-date symlink: /home/herring/rzddzy/ros2_ws/install/multi_mode_control_msgs/lib/python3.12/site-packages/multi_mode_control_msgs/multi_mode_control_msgs_s__rosidl_typesupport_introspection_c.so
[2.132s] -- Up-to-date symlink: /home/herring/rzddzy/ros2_ws/install/multi_mode_control_msgs/lib/python3.12/site-packages/multi_mode_control_msgs/multi_mode_control_msgs_s__rosidl_typesupport_c.so
[2.133s] -- Up-to-date symlink: /home/herring/rzddzy/ros2_ws/install/multi_mode_control_msgs/share/multi_mode_control_msgs/msg/CartesianImpedanceGoal.idl
[2.133s] -- Up-to-date symlink: /home/herring/rzddzy/ros2_ws/install/multi_mode_control_msgs/share/multi_mode_control_msgs/msg/DualCartesianImpedanceGoal.idl
[2.133s] -- Up-to-date symlink: /home/herring/rzddzy/ros2_ws/install/multi_mode_control_msgs/share/multi_mode_control_msgs/msg/ContactThresholds.idl
[2.133s] -- Up-to-date symlink: /home/herring/rzddzy/ros2_ws/install/multi_mode_control_msgs/share/multi_mode_control_msgs/msg/Controller.idl
[2.134s] -- Up-to-date symlink: /home/herring/rzddzy/ros2_ws/install/multi_mode_control_msgs/share/multi_mode_control_msgs/msg/JointArray.idl
[2.134s] -- Up-to-date symlink: /home/herring/rzddzy/ros2_ws/install/multi_mode_control_msgs/share/multi_mode_control_msgs/msg/JointGoal.idl
[2.134s] -- Up-to-date symlink: /home/herring/rzddzy/ros2_ws/install/multi_mode_control_msgs/share/multi_mode_control_msgs/msg/VelocityGoal.idl
[2.134s] -- Up-to-date symlink: /home/herring/rzddzy/ros2_ws/install/multi_mode_control_msgs/share/multi_mode_control_msgs/msg/Wrench.idl
[2.134s] -- Up-to-date symlink: /home/herring/rzddzy/ros2_ws/install/multi_mode_control_msgs/share/multi_mode_control_msgs/srv/GetControllers.idl
[2.134s] -- Up-to-date symlink: /home/herring/rzddzy/ros2_ws/install/multi_mode_control_msgs/share/multi_mode_control_msgs/srv/GetRobotStates.idl
[2.135s] -- Up-to-date symlink: /home/herring/rzddzy/ros2_ws/install/multi_mode_control_msgs/share/multi_mode_control_msgs/srv/SetCartesianImpedance.idl
[2.135s] -- Up-to-date symlink: /home/herring/rzddzy/ros2_ws/install/multi_mode_control_msgs/share/multi_mode_control_msgs/srv/SetControllers.idl
[2.135s] -- Up-to-date symlink: /home/herring/rzddzy/ros2_ws/install/multi_mode_control_msgs/share/multi_mode_control_msgs/srv/SetJointImpedance.idl
[2.135s] -- Up-to-date symlink: /home/herring/rzddzy/ros2_ws/install/multi_mode_control_msgs/share/multi_mode_control_msgs/srv/SetRecoveryMode.idl
[2.135s] -- Up-to-date symlink: /home/herring/rzddzy/ros2_ws/install/multi_mode_control_msgs/share/multi_mode_control_msgs/srv/SetReflex.idl
[2.136s] -- Up-to-date symlink: /home/herring/rzddzy/ros2_ws/install/multi_mode_control_msgs/share/multi_mode_control_msgs/srv/SetThresholds.idl
[2.136s] -- Up-to-date symlink: /home/herring/rzddzy/ros2_ws/install/multi_mode_control_msgs/share/multi_mode_control_msgs/srv/SetWorldState.idl
[2.136s] -- Up-to-date symlink: /home/herring/rzddzy/ros2_ws/install/multi_mode_control_msgs/share/multi_mode_control_msgs/msg/CartesianImpedanceGoal.msg
[2.136s] -- Up-to-date symlink: /home/herring/rzddzy/ros2_ws/install/multi_mode_control_msgs/share/multi_mode_control_msgs/msg/DualCartesianImpedanceGoal.msg
[2.136s] -- Up-to-date symlink: /home/herring/rzddzy/ros2_ws/install/multi_mode_control_msgs/share/multi_mode_control_msgs/msg/ContactThresholds.msg
[2.137s] -- Up-to-date symlink: /home/herring/rzddzy/ros2_ws/install/multi_mode_control_msgs/share/multi_mode_control_msgs/msg/Controller.msg
[2.137s] -- Up-to-date symlink: /home/herring/rzddzy/ros2_ws/install/multi_mode_control_msgs/share/multi_mode_control_msgs/msg/JointArray.msg
[2.137s] -- Up-to-date symlink: /home/herring/rzddzy/ros2_ws/install/multi_mode_control_msgs/share/multi_mode_control_msgs/msg/JointGoal.msg
[2.137s] -- Up-to-date symlink: /home/herring/rzddzy/ros2_ws/install/multi_mode_control_msgs/share/multi_mode_control_msgs/msg/VelocityGoal.msg
[2.137s] -- Up-to-date symlink: /home/herring/rzddzy/ros2_ws/install/multi_mode_control_msgs/share/multi_mode_control_msgs/msg/Wrench.msg
[2.137s] -- Up-to-date symlink: /home/herring/rzddzy/ros2_ws/install/multi_mode_control_msgs/share/multi_mode_control_msgs/srv/GetControllers.srv
[2.138s] -- Up-to-date symlink: /home/herring/rzddzy/ros2_ws/install/multi_mode_control_msgs/share/multi_mode_control_msgs/srv/GetRobotStates.srv
[2.138s] -- Up-to-date symlink: /home/herring/rzddzy/ros2_ws/install/multi_mode_control_msgs/share/multi_mode_control_msgs/srv/SetCartesianImpedance.srv
[2.138s] -- Up-to-date symlink: /home/herring/rzddzy/ros2_ws/install/multi_mode_control_msgs/share/multi_mode_control_msgs/srv/SetControllers.srv
[2.138s] -- Up-to-date symlink: /home/herring/rzddzy/ros2_ws/install/multi_mode_control_msgs/share/multi_mode_control_msgs/srv/SetJointImpedance.srv
[2.138s] -- Up-to-date symlink: /home/herring/rzddzy/ros2_ws/install/multi_mode_control_msgs/share/multi_mode_control_msgs/srv/SetRecoveryMode.srv
[2.139s] -- Up-to-date symlink: /home/herring/rzddzy/ros2_ws/install/multi_mode_control_msgs/share/multi_mode_control_msgs/srv/SetReflex.srv
[2.139s] -- Up-to-date symlink: /home/herring/rzddzy/ros2_ws/install/multi_mode_control_msgs/share/multi_mode_control_msgs/srv/SetThresholds.srv
[2.139s] -- Up-to-date symlink: /home/herring/rzddzy/ros2_ws/install/multi_mode_control_msgs/share/multi_mode_control_msgs/srv/SetWorldState.srv
[2.139s] -- Up-to-date symlink: /home/herring/rzddzy/ros2_ws/install/multi_mode_control_msgs/share/ament_index/resource_index/package_run_dependencies/multi_mode_control_msgs
[2.139s] -- Up-to-date symlink: /home/herring/rzddzy/ros2_ws/install/multi_mode_control_msgs/share/ament_index/resource_index/parent_prefix_path/multi_mode_control_msgs
[2.140s] -- Up-to-date symlink: /home/herring/rzddzy/ros2_ws/install/multi_mode_control_msgs/share/multi_mode_control_msgs/environment/ament_prefix_path.sh
[2.140s] -- Up-to-date symlink: /home/herring/rzddzy/ros2_ws/install/multi_mode_control_msgs/share/multi_mode_control_msgs/environment/ament_prefix_path.dsv
[2.140s] -- Up-to-date symlink: /home/herring/rzddzy/ros2_ws/install/multi_mode_control_msgs/share/multi_mode_control_msgs/environment/path.sh
[2.140s] -- Up-to-date symlink: /home/herring/rzddzy/ros2_ws/install/multi_mode_control_msgs/share/multi_mode_control_msgs/environment/path.dsv
[2.140s] -- Up-to-date symlink: /home/herring/rzddzy/ros2_ws/install/multi_mode_control_msgs/share/multi_mode_control_msgs/local_setup.bash
[2.140s] -- Up-to-date symlink: /home/herring/rzddzy/ros2_ws/install/multi_mode_control_msgs/share/multi_mode_control_msgs/local_setup.sh
[2.141s] -- Up-to-date symlink: /home/herring/rzddzy/ros2_ws/install/multi_mode_control_msgs/share/multi_mode_control_msgs/local_setup.zsh
[2.141s] -- Up-to-date symlink: /home/herring/rzddzy/ros2_ws/install/multi_mode_control_msgs/share/multi_mode_control_msgs/local_setup.dsv
[2.141s] -- Symlinking: /home/herring/rzddzy/ros2_ws/install/multi_mode_control_msgs/share/multi_mode_control_msgs/package.dsv
[2.150s] -- Up-to-date symlink: /home/herring/rzddzy/ros2_ws/install/multi_mode_control_msgs/share/ament_index/resource_index/packages/multi_mode_control_msgs
[2.151s] -- Up-to-date symlink: /home/herring/rzddzy/ros2_ws/install/multi_mode_control_msgs/share/multi_mode_control_msgs/cmake/rosidl_cmake-extras.cmake
[2.151s] -- Up-to-date symlink: /home/herring/rzddzy/ros2_ws/install/multi_mode_control_msgs/share/multi_mode_control_msgs/cmake/ament_cmake_export_dependencies-extras.cmake
[2.151s] -- Up-to-date symlink: /home/herring/rzddzy/ros2_ws/install/multi_mode_control_msgs/share/multi_mode_control_msgs/cmake/ament_cmake_export_include_directories-extras.cmake
[2.151s] -- Up-to-date symlink: /home/herring/rzddzy/ros2_ws/install/multi_mode_control_msgs/share/multi_mode_control_msgs/cmake/ament_cmake_export_libraries-extras.cmake
[2.151s] -- Up-to-date symlink: /home/herring/rzddzy/ros2_ws/install/multi_mode_control_msgs/share/multi_mode_control_msgs/cmake/ament_cmake_export_targets-extras.cmake
[2.151s] -- Up-to-date symlink: /home/herring/rzddzy/ros2_ws/install/multi_mode_control_msgs/share/multi_mode_control_msgs/cmake/rosidl_cmake_export_typesupport_targets-extras.cmake
[2.152s] -- Up-to-date symlink: /home/herring/rzddzy/ros2_ws/install/multi_mode_control_msgs/share/multi_mode_control_msgs/cmake/rosidl_cmake_export_typesupport_libraries-extras.cmake
[2.152s] -- Up-to-date symlink: /home/herring/rzddzy/ros2_ws/install/multi_mode_control_msgs/share/multi_mode_control_msgs/cmake/multi_mode_control_msgsConfig.cmake
[2.152s] -- Up-to-date symlink: /home/herring/rzddzy/ros2_ws/install/multi_mode_control_msgs/share/multi_mode_control_msgs/cmake/multi_mode_control_msgsConfig-version.cmake
[2.152s] -- Up-to-date symlink: /home/herring/rzddzy/ros2_ws/install/multi_mode_control_msgs/share/multi_mode_control_msgs/package.xml
[2.153s] -- Up-to-date: /home/herring/rzddzy/ros2_ws/install/multi_mode_control_msgs/lib/libmulti_mode_control_msgs__rosidl_generator_c.so
[2.154s] -- Up-to-date: /home/herring/rzddzy/ros2_ws/install/multi_mode_control_msgs/lib/libmulti_mode_control_msgs__rosidl_typesupport_fastrtps_c.so
[2.154s] -- Up-to-date: /home/herring/rzddzy/ros2_ws/install/multi_mode_control_msgs/lib/libmulti_mode_control_msgs__rosidl_typesupport_fastrtps_cpp.so
[2.155s] -- Up-to-date: /home/herring/rzddzy/ros2_ws/install/multi_mode_control_msgs/lib/libmulti_mode_control_msgs__rosidl_typesupport_introspection_c.so
[2.156s] -- Up-to-date: /home/herring/rzddzy/ros2_ws/install/multi_mode_control_msgs/lib/libmulti_mode_control_msgs__rosidl_typesupport_c.so
[2.157s] -- Up-to-date: /home/herring/rzddzy/ros2_ws/install/multi_mode_control_msgs/lib/libmulti_mode_control_msgs__rosidl_typesupport_introspection_cpp.so
[2.158s] -- Up-to-date: /home/herring/rzddzy/ros2_ws/install/multi_mode_control_msgs/lib/libmulti_mode_control_msgs__rosidl_typesupport_cpp.so
[2.201s] Listing '/home/herring/rzddzy/ros2_ws/install/multi_mode_control_msgs/lib/python3.12/site-packages/multi_mode_control_msgs'...
[2.201s] Compiling '/home/herring/rzddzy/ros2_ws/install/multi_mode_control_msgs/lib/python3.12/site-packages/multi_mode_control_msgs/__init__.py'...
[2.201s] Listing '/home/herring/rzddzy/ros2_ws/install/multi_mode_control_msgs/lib/python3.12/site-packages/multi_mode_control_msgs/msg'...
[2.201s] Listing '/home/herring/rzddzy/ros2_ws/install/multi_mode_control_msgs/lib/python3.12/site-packages/multi_mode_control_msgs/srv'...
[2.210s] -- Up-to-date: /home/herring/rzddzy/ros2_ws/install/multi_mode_control_msgs/lib/libmulti_mode_control_msgs__rosidl_generator_py.so
[2.210s] -- Up-to-date: /home/herring/rzddzy/ros2_ws/install/multi_mode_control_msgs/share/multi_mode_control_msgs/cmake/export_multi_mode_control_msgs__rosidl_generator_cExport.cmake
[2.210s] -- Up-to-date: /home/herring/rzddzy/ros2_ws/install/multi_mode_control_msgs/share/multi_mode_control_msgs/cmake/export_multi_mode_control_msgs__rosidl_generator_cExport-noconfig.cmake
[2.210s] -- Up-to-date: /home/herring/rzddzy/ros2_ws/install/multi_mode_control_msgs/share/multi_mode_control_msgs/cmake/export_multi_mode_control_msgs__rosidl_typesupport_fastrtps_cExport.cmake
[2.210s] -- Up-to-date: /home/herring/rzddzy/ros2_ws/install/multi_mode_control_msgs/share/multi_mode_control_msgs/cmake/export_multi_mode_control_msgs__rosidl_typesupport_fastrtps_cExport-noconfig.cmake
[2.211s] -- Up-to-date: /home/herring/rzddzy/ros2_ws/install/multi_mode_control_msgs/share/multi_mode_control_msgs/cmake/export_multi_mode_control_msgs__rosidl_generator_cppExport.cmake
[2.211s] -- Up-to-date: /home/herring/rzddzy/ros2_ws/install/multi_mode_control_msgs/share/multi_mode_control_msgs/cmake/export_multi_mode_control_msgs__rosidl_typesupport_fastrtps_cppExport.cmake
[2.211s] -- Up-to-date: /home/herring/rzddzy/ros2_ws/install/multi_mode_control_msgs/share/multi_mode_control_msgs/cmake/export_multi_mode_control_msgs__rosidl_typesupport_fastrtps_cppExport-noconfig.cmake
[2.211s] -- Up-to-date: /home/herring/rzddzy/ros2_ws/install/multi_mode_control_msgs/share/multi_mode_control_msgs/cmake/multi_mode_control_msgs__rosidl_typesupport_introspection_cExport.cmake
[2.211s] -- Up-to-date: /home/herring/rzddzy/ros2_ws/install/multi_mode_control_msgs/share/multi_mode_control_msgs/cmake/multi_mode_control_msgs__rosidl_typesupport_introspection_cExport-noconfig.cmake
[2.211s] -- Up-to-date: /home/herring/rzddzy/ros2_ws/install/multi_mode_control_msgs/share/multi_mode_control_msgs/cmake/multi_mode_control_msgs__rosidl_typesupport_cExport.cmake
[2.212s] -- Up-to-date: /home/herring/rzddzy/ros2_ws/install/multi_mode_control_msgs/share/multi_mode_control_msgs/cmake/multi_mode_control_msgs__rosidl_typesupport_cExport-noconfig.cmake
[2.212s] -- Up-to-date: /home/herring/rzddzy/ros2_ws/install/multi_mode_control_msgs/share/multi_mode_control_msgs/cmake/multi_mode_control_msgs__rosidl_typesupport_introspection_cppExport.cmake
[2.212s] -- Up-to-date: /home/herring/rzddzy/ros2_ws/install/multi_mode_control_msgs/share/multi_mode_control_msgs/cmake/multi_mode_control_msgs__rosidl_typesupport_introspection_cppExport-noconfig.cmake
[2.212s] -- Up-to-date: /home/herring/rzddzy/ros2_ws/install/multi_mode_control_msgs/share/multi_mode_control_msgs/cmake/multi_mode_control_msgs__rosidl_typesupport_cppExport.cmake
[2.212s] -- Up-to-date: /home/herring/rzddzy/ros2_ws/install/multi_mode_control_msgs/share/multi_mode_control_msgs/cmake/multi_mode_control_msgs__rosidl_typesupport_cppExport-noconfig.cmake
[2.212s] -- Up-to-date: /home/herring/rzddzy/ros2_ws/install/multi_mode_control_msgs/share/multi_mode_control_msgs/cmake/export_multi_mode_control_msgs__rosidl_generator_pyExport.cmake
[2.212s] -- Up-to-date: /home/herring/rzddzy/ros2_ws/install/multi_mode_control_msgs/share/multi_mode_control_msgs/cmake/export_multi_mode_control_msgs__rosidl_generator_pyExport-noconfig.cmake
[2.215s] Invoked command in '/home/herring/rzddzy/ros2_ws/build/multi_mode_control_msgs' returned '0': AMENT_PREFIX_PATH=/home/herring/rzddzy/ros2_ws/install/franka_msgs:${AMENT_PREFIX_PATH} CMAKE_PREFIX_PATH=/home/herring/rzddzy/ros2_ws/install/franka_msgs:/opt/ros/jazzy/opt/sdformat_vendor:/opt/ros/jazzy/opt/gz_math_vendor:/opt/ros/jazzy/opt/gz_utils_vendor:/opt/ros/jazzy/opt/gz_tools_vendor:/opt/ros/jazzy/opt/gz_cmake_vendor:/opt/ros/jazzy DEBUGINFOD_URLS=https://debuginfod.ubuntu.com LD_LIBRARY_PATH=/home/herring/rzddzy/ros2_ws/install/franka_msgs/lib:${LD_LIBRARY_PATH} PYTHONPATH=/home/herring/rzddzy/ros2_ws/install/franka_msgs/lib/python3.12/site-packages:${PYTHONPATH} /usr/bin/cmake --install /home/herring/rzddzy/ros2_ws/build/multi_mode_control_msgs
