-- Found ament_cmake: 2.5.5 (/opt/ros/jazzy/share/ament_cmake/cmake)
-- Override CMake install command with custom implementation using symlinks instead of copying resources
-- Found rclcpp: 28.1.16 (/opt/ros/jazzy/share/rclcpp/cmake)
-- Found rosidl_generator_c: 4.6.7 (/opt/ros/jazzy/share/rosidl_generator_c/cmake)
-- Found rosidl_generator_cpp: 4.6.7 (/opt/ros/jazzy/share/rosidl_generator_cpp/cmake)
-- Using all available rosidl_typesupport_c: rosidl_typesupport_fastrtps_c;rosidl_typesupport_introspection_c
-- Using all available rosidl_typesupport_cpp: rosidl_typesupport_fastrtps_cpp;rosidl_typesupport_introspection_cpp
-- Found rmw_implementation_cmake: 7.3.3 (/opt/ros/jazzy/share/rmw_implementation_cmake/cmake)
-- Found rmw_fastrtps_cpp: 8.4.3 (/opt/ros/jazzy/share/rmw_fastrtps_cpp/cmake)
-- Using RMW implementation 'rmw_fastrtps_cpp' as default
-- Found std_msgs: 5.3.6 (/opt/ros/jazzy/share/std_msgs/cmake)
-- Found geometry_msgs: 5.3.6 (/opt/ros/jazzy/share/geometry_msgs/cmake)
-- Found sensor_msgs: 5.3.6 (/opt/ros/jazzy/share/sensor_msgs/cmake)
-- Found trajectory_msgs: 5.3.6 (/opt/ros/jazzy/share/trajectory_msgs/cmake)
-- Found visualization_msgs: 5.3.6 (/opt/ros/jazzy/share/visualization_msgs/cmake)
-- Found cplus_dev: 0.0.0 (/home/herring/rzddzy/ros2_ws/install/cplus_dev/share/cplus_dev/cmake)
-- Configuring done (0.8s)
-- Generating done (0.0s)
-- Build files have been written to: /home/herring/rzddzy/ros2_ws/build/controller
[ 12%] [32mBuilding CXX object CMakeFiles/ssa_controller.dir/src/ssa_controller.cpp.o[0m
[ 25%] [32mBuilding CXX object CMakeFiles/gbp_mpc_controller.dir/src/gbp_mpc_controller.cpp.o[0m
[ 50%] [32mBuilding CXX object CMakeFiles/ssa_controller.dir/src/buffer_controller.cpp.o[0m
[ 50%] [32mBuilding CXX object CMakeFiles/buffer_controller.dir/src/controller_node.cpp.o[0m
[ 62%] [32mBuilding CXX object CMakeFiles/buffer_controller.dir/src/buffer_controller.cpp.o[0m
[ 75%] [32m[1mLinking CXX executable buffer_controller[0m
[ 75%] Built target buffer_controller
[ 87%] [32m[1mLinking CXX executable gbp_mpc_controller[0m
[ 87%] Built target gbp_mpc_controller
[100%] [32m[1mLinking CXX executable ssa_controller[0m
[100%] Built target ssa_controller
-- Install configuration: "Release"
-- Execute custom install script
-- Symlinking: /home/herring/rzddzy/ros2_ws/install/controller/lib/controller/buffer_controller
-- Symlinking: /home/herring/rzddzy/ros2_ws/install/controller/lib/controller/ssa_controller
-- Symlinking: /home/herring/rzddzy/ros2_ws/install/controller/lib/controller/gbp_mpc_controller
-- Symlinking: /home/herring/rzddzy/ros2_ws/install/controller/share/controller/config/MRGBP.yaml
-- Symlinking: /home/herring/rzddzy/ros2_ws/install/controller/share/controller/config/franka_sphere.yaml
-- Symlinking: /home/herring/rzddzy/ros2_ws/install/controller/share/controller/config/gbp_mpc_params.yaml
-- Symlinking: /home/herring/rzddzy/ros2_ws/install/controller/share/ament_index/resource_index/package_run_dependencies/controller
-- Symlinking: /home/herring/rzddzy/ros2_ws/install/controller/share/ament_index/resource_index/parent_prefix_path/controller
-- Symlinking: /home/herring/rzddzy/ros2_ws/install/controller/share/controller/environment/ament_prefix_path.sh
-- Symlinking: /home/herring/rzddzy/ros2_ws/install/controller/share/controller/environment/ament_prefix_path.dsv
-- Symlinking: /home/herring/rzddzy/ros2_ws/install/controller/share/controller/environment/path.sh
-- Symlinking: /home/herring/rzddzy/ros2_ws/install/controller/share/controller/environment/path.dsv
-- Symlinking: /home/herring/rzddzy/ros2_ws/install/controller/share/controller/local_setup.bash
-- Symlinking: /home/herring/rzddzy/ros2_ws/install/controller/share/controller/local_setup.sh
-- Symlinking: /home/herring/rzddzy/ros2_ws/install/controller/share/controller/local_setup.zsh
-- Symlinking: /home/herring/rzddzy/ros2_ws/install/controller/share/controller/local_setup.dsv
-- Symlinking: /home/herring/rzddzy/ros2_ws/install/controller/share/controller/package.dsv
-- Symlinking: /home/herring/rzddzy/ros2_ws/install/controller/share/ament_index/resource_index/packages/controller
-- Symlinking: /home/herring/rzddzy/ros2_ws/install/controller/share/controller/cmake/controllerConfig.cmake
-- Symlinking: /home/herring/rzddzy/ros2_ws/install/controller/share/controller/cmake/controllerConfig-version.cmake
-- Symlinking: /home/herring/rzddzy/ros2_ws/install/controller/share/controller/package.xml
-- Installing: /home/herring/rzddzy/ros2_ws/install/controller/include/controller
-- Installing: /home/herring/rzddzy/ros2_ws/install/controller/include/controller/controller
-- Installing: /home/herring/rzddzy/ros2_ws/install/controller/include/controller/controller/buffer_controller.h
